[2023-10-27 14:18:37,048] {taskinstance.py:1159} INFO - Dependencies all met for <TaskInstance: get_stocks_dag.TSLA scheduled__2023-10-19T00:00:00+00:00 [queued]>
[2023-10-27 14:18:37,053] {taskinstance.py:1159} INFO - Dependencies all met for <TaskInstance: get_stocks_dag.TSLA scheduled__2023-10-19T00:00:00+00:00 [queued]>
[2023-10-27 14:18:37,053] {taskinstance.py:1356} INFO - 
--------------------------------------------------------------------------------
[2023-10-27 14:18:37,053] {taskinstance.py:1357} INFO - Starting attempt 1 of 1
[2023-10-27 14:18:37,054] {taskinstance.py:1358} INFO - 
--------------------------------------------------------------------------------
[2023-10-27 14:18:37,064] {taskinstance.py:1377} INFO - Executing <Task(_PythonDecoratedOperator): TSLA> on 2023-10-19 00:00:00+00:00
[2023-10-27 14:18:37,067] {standard_task_runner.py:52} INFO - Started process 17987 to run task
[2023-10-27 14:18:37,070] {standard_task_runner.py:79} INFO - Running: ['airflow', 'tasks', 'run', 'get_stocks_dag', 'TSLA', 'scheduled__2023-10-19T00:00:00+00:00', '--job-id', '56', '--raw', '--subdir', 'DAGS_FOLDER/get_finance.py', '--cfg-path', '/tmp/tmpzi5r3ans', '--error-file', '/tmp/tmpw2agzqz8']
[2023-10-27 14:18:37,071] {standard_task_runner.py:80} INFO - Job 56: Subtask TSLA
[2023-10-27 14:18:37,216] {task_command.py:370} INFO - Running <TaskInstance: get_stocks_dag.TSLA scheduled__2023-10-19T00:00:00+00:00 [running]> on host airflow-virtual-machine
[2023-10-27 14:18:37,314] {taskinstance.py:1569} INFO - Exporting the following env vars:
AIRFLOW_CTX_DAG_OWNER=airflow
AIRFLOW_CTX_DAG_ID=get_stocks_dag
AIRFLOW_CTX_TASK_ID=TSLA
AIRFLOW_CTX_EXECUTION_DATE=2023-10-19T00:00:00+00:00
AIRFLOW_CTX_TRY_NUMBER=1
AIRFLOW_CTX_DAG_RUN_ID=scheduled__2023-10-19T00:00:00+00:00
[2023-10-27 14:18:37,839] {taskinstance.py:1889} ERROR - Task failed with exception
Traceback (most recent call last):
  File "/home/gabriel/Documents/project_finance/venv/lib/python3.9/site-packages/airflow/decorators/base.py", line 179, in execute
    return_value = super().execute(context)
  File "/home/gabriel/Documents/project_finance/venv/lib/python3.9/site-packages/airflow/operators/python.py", line 171, in execute
    return_value = self.execute_callable()
  File "/home/gabriel/Documents/project_finance/venv/lib/python3.9/site-packages/airflow/operators/python.py", line 189, in execute_callable
    return self.python_callable(*self.op_args, **self.op_kwargs)
  File "/home/gabriel/Documents/project_finance/airflow/dags/get_finance.py", line 18, in get_history
    yfinance.Ticker(ticker).history(
  File "/home/gabriel/Documents/project_finance/venv/lib/python3.9/site-packages/pandas/core/generic.py", line 3902, in to_csv
    return DataFrameRenderer(formatter).to_csv(
  File "/home/gabriel/Documents/project_finance/venv/lib/python3.9/site-packages/pandas/io/formats/format.py", line 1152, in to_csv
    csv_formatter.save()
  File "/home/gabriel/Documents/project_finance/venv/lib/python3.9/site-packages/pandas/io/formats/csvs.py", line 247, in save
    with get_handle(
  File "/home/gabriel/Documents/project_finance/venv/lib/python3.9/site-packages/pandas/io/common.py", line 739, in get_handle
    check_parent_directory(str(handle))
  File "/home/gabriel/Documents/project_finance/venv/lib/python3.9/site-packages/pandas/io/common.py", line 604, in check_parent_directory
    raise OSError(rf"Cannot save file into a non-existent directory: '{parent}'")
OSError: Cannot save file into a non-existent directory: '/home/gabriel/Documents/project_finance/datalake/stocks/TSLA'
[2023-10-27 14:18:37,845] {taskinstance.py:1395} INFO - Marking task as FAILED. dag_id=get_stocks_dag, task_id=TSLA, execution_date=20231019T000000, start_date=20231027T171837, end_date=20231027T171837
[2023-10-27 14:18:37,854] {standard_task_runner.py:92} ERROR - Failed to execute job 56 for task TSLA (Cannot save file into a non-existent directory: '/home/gabriel/Documents/project_finance/datalake/stocks/TSLA'; 17987)
[2023-10-27 14:18:37,885] {local_task_job.py:156} INFO - Task exited with return code 1
[2023-10-27 14:18:37,904] {local_task_job.py:273} INFO - 0 downstream tasks scheduled from follow-on schedule check
[2023-10-27 14:32:30,915] {taskinstance.py:1159} INFO - Dependencies all met for <TaskInstance: get_stocks_dag.TSLA scheduled__2023-10-19T00:00:00+00:00 [queued]>
[2023-10-27 14:32:30,925] {taskinstance.py:1159} INFO - Dependencies all met for <TaskInstance: get_stocks_dag.TSLA scheduled__2023-10-19T00:00:00+00:00 [queued]>
[2023-10-27 14:32:30,925] {taskinstance.py:1356} INFO - 
--------------------------------------------------------------------------------
[2023-10-27 14:32:30,925] {taskinstance.py:1357} INFO - Starting attempt 1 of 1
[2023-10-27 14:32:30,926] {taskinstance.py:1358} INFO - 
--------------------------------------------------------------------------------
[2023-10-27 14:32:30,941] {taskinstance.py:1377} INFO - Executing <Task(_PythonDecoratedOperator): TSLA> on 2023-10-19 00:00:00+00:00
[2023-10-27 14:32:30,948] {standard_task_runner.py:52} INFO - Started process 20271 to run task
[2023-10-27 14:32:30,961] {standard_task_runner.py:79} INFO - Running: ['airflow', 'tasks', 'run', 'get_stocks_dag', 'TSLA', 'scheduled__2023-10-19T00:00:00+00:00', '--job-id', '56', '--raw', '--subdir', 'DAGS_FOLDER/get_finance.py', '--cfg-path', '/tmp/tmpjrzhd3yn', '--error-file', '/tmp/tmpkcyxqpmr']
[2023-10-27 14:32:30,963] {standard_task_runner.py:80} INFO - Job 56: Subtask TSLA
[2023-10-27 14:32:31,033] {task_command.py:370} INFO - Running <TaskInstance: get_stocks_dag.TSLA scheduled__2023-10-19T00:00:00+00:00 [running]> on host airflow-virtual-machine
[2023-10-27 14:32:31,118] {taskinstance.py:1569} INFO - Exporting the following env vars:
AIRFLOW_CTX_DAG_OWNER=airflow
AIRFLOW_CTX_DAG_ID=get_stocks_dag
AIRFLOW_CTX_TASK_ID=TSLA
AIRFLOW_CTX_EXECUTION_DATE=2023-10-19T00:00:00+00:00
AIRFLOW_CTX_TRY_NUMBER=1
AIRFLOW_CTX_DAG_RUN_ID=scheduled__2023-10-19T00:00:00+00:00
[2023-10-27 14:32:31,567] {python.py:173} INFO - Done. Returned value was: None
[2023-10-27 14:32:31,573] {taskinstance.py:1395} INFO - Marking task as SUCCESS. dag_id=get_stocks_dag, task_id=TSLA, execution_date=20231019T000000, start_date=20231027T173230, end_date=20231027T173231
[2023-10-27 14:32:31,628] {local_task_job.py:156} INFO - Task exited with return code 0
[2023-10-27 14:32:31,650] {local_task_job.py:273} INFO - 0 downstream tasks scheduled from follow-on schedule check
[2023-10-27 14:36:36,239] {taskinstance.py:1159} INFO - Dependencies all met for <TaskInstance: get_stocks_dag.TSLA scheduled__2023-10-19T00:00:00+00:00 [queued]>
[2023-10-27 14:36:36,263] {taskinstance.py:1159} INFO - Dependencies all met for <TaskInstance: get_stocks_dag.TSLA scheduled__2023-10-19T00:00:00+00:00 [queued]>
[2023-10-27 14:36:36,263] {taskinstance.py:1356} INFO - 
--------------------------------------------------------------------------------
[2023-10-27 14:36:36,263] {taskinstance.py:1357} INFO - Starting attempt 1 of 1
[2023-10-27 14:36:36,263] {taskinstance.py:1358} INFO - 
--------------------------------------------------------------------------------
[2023-10-27 14:36:36,294] {taskinstance.py:1377} INFO - Executing <Task(_PythonDecoratedOperator): TSLA> on 2023-10-19 00:00:00+00:00
[2023-10-27 14:36:36,307] {standard_task_runner.py:79} INFO - Running: ['airflow', 'tasks', 'run', 'get_stocks_dag', 'TSLA', 'scheduled__2023-10-19T00:00:00+00:00', '--job-id', '56', '--raw', '--subdir', 'DAGS_FOLDER/get_finance.py', '--cfg-path', '/tmp/tmp1e14j0mk', '--error-file', '/tmp/tmpdz9ifasf']
[2023-10-27 14:36:36,308] {standard_task_runner.py:80} INFO - Job 56: Subtask TSLA
[2023-10-27 14:36:36,301] {standard_task_runner.py:52} INFO - Started process 21210 to run task
[2023-10-27 14:36:36,396] {task_command.py:370} INFO - Running <TaskInstance: get_stocks_dag.TSLA scheduled__2023-10-19T00:00:00+00:00 [running]> on host airflow-virtual-machine
[2023-10-27 14:36:36,488] {taskinstance.py:1569} INFO - Exporting the following env vars:
AIRFLOW_CTX_DAG_OWNER=airflow
AIRFLOW_CTX_DAG_ID=get_stocks_dag
AIRFLOW_CTX_TASK_ID=TSLA
AIRFLOW_CTX_EXECUTION_DATE=2023-10-19T00:00:00+00:00
AIRFLOW_CTX_TRY_NUMBER=1
AIRFLOW_CTX_DAG_RUN_ID=scheduled__2023-10-19T00:00:00+00:00
[2023-10-27 14:36:37,037] {python.py:173} INFO - Done. Returned value was: None
[2023-10-27 14:36:37,057] {taskinstance.py:1395} INFO - Marking task as SUCCESS. dag_id=get_stocks_dag, task_id=TSLA, execution_date=20231019T000000, start_date=20231027T173636, end_date=20231027T173637
[2023-10-27 14:36:37,122] {local_task_job.py:156} INFO - Task exited with return code 0
[2023-10-27 14:36:37,144] {local_task_job.py:273} INFO - 0 downstream tasks scheduled from follow-on schedule check
[2023-10-27 14:55:53,382] {taskinstance.py:1159} INFO - Dependencies all met for <TaskInstance: get_stocks_dag.TSLA scheduled__2023-10-19T00:00:00+00:00 [queued]>
[2023-10-27 14:55:53,441] {taskinstance.py:1159} INFO - Dependencies all met for <TaskInstance: get_stocks_dag.TSLA scheduled__2023-10-19T00:00:00+00:00 [queued]>
[2023-10-27 14:55:53,455] {taskinstance.py:1356} INFO - 
--------------------------------------------------------------------------------
[2023-10-27 14:55:53,456] {taskinstance.py:1357} INFO - Starting attempt 1 of 1
[2023-10-27 14:55:53,456] {taskinstance.py:1358} INFO - 
--------------------------------------------------------------------------------
[2023-10-27 14:55:53,532] {taskinstance.py:1377} INFO - Executing <Task(_PythonDecoratedOperator): TSLA> on 2023-10-19 00:00:00+00:00
[2023-10-27 14:55:53,560] {standard_task_runner.py:52} INFO - Started process 23858 to run task
[2023-10-27 14:55:53,564] {standard_task_runner.py:79} INFO - Running: ['airflow', 'tasks', 'run', 'get_stocks_dag', 'TSLA', 'scheduled__2023-10-19T00:00:00+00:00', '--job-id', '56', '--raw', '--subdir', 'DAGS_FOLDER/get_finance.py', '--cfg-path', '/tmp/tmpl2ugmcl5', '--error-file', '/tmp/tmp5cjritrm']
[2023-10-27 14:55:53,565] {standard_task_runner.py:80} INFO - Job 56: Subtask TSLA
[2023-10-27 14:55:53,603] {task_command.py:370} INFO - Running <TaskInstance: get_stocks_dag.TSLA scheduled__2023-10-19T00:00:00+00:00 [running]> on host airflow-virtual-machine
[2023-10-27 14:55:53,653] {taskinstance.py:1569} INFO - Exporting the following env vars:
AIRFLOW_CTX_DAG_OWNER=airflow
AIRFLOW_CTX_DAG_ID=get_stocks_dag
AIRFLOW_CTX_TASK_ID=TSLA
AIRFLOW_CTX_EXECUTION_DATE=2023-10-19T00:00:00+00:00
AIRFLOW_CTX_TRY_NUMBER=1
AIRFLOW_CTX_DAG_RUN_ID=scheduled__2023-10-19T00:00:00+00:00
[2023-10-27 14:55:54,069] {python.py:173} INFO - Done. Returned value was: None
[2023-10-27 14:55:54,076] {taskinstance.py:1395} INFO - Marking task as SUCCESS. dag_id=get_stocks_dag, task_id=TSLA, execution_date=20231019T000000, start_date=20231027T175553, end_date=20231027T175554
[2023-10-27 14:55:54,108] {local_task_job.py:156} INFO - Task exited with return code 0
[2023-10-27 14:55:54,127] {local_task_job.py:273} INFO - 0 downstream tasks scheduled from follow-on schedule check
[2023-10-27 15:25:05,024] {taskinstance.py:1159} INFO - Dependencies all met for <TaskInstance: get_stocks_dag.TSLA scheduled__2023-10-19T00:00:00+00:00 [queued]>
[2023-10-27 15:25:05,029] {taskinstance.py:1159} INFO - Dependencies all met for <TaskInstance: get_stocks_dag.TSLA scheduled__2023-10-19T00:00:00+00:00 [queued]>
[2023-10-27 15:25:05,030] {taskinstance.py:1356} INFO - 
--------------------------------------------------------------------------------
[2023-10-27 15:25:05,030] {taskinstance.py:1357} INFO - Starting attempt 1 of 1
[2023-10-27 15:25:05,030] {taskinstance.py:1358} INFO - 
--------------------------------------------------------------------------------
[2023-10-27 15:25:05,041] {taskinstance.py:1377} INFO - Executing <Task(_PythonDecoratedOperator): TSLA> on 2023-10-19 00:00:00+00:00
[2023-10-27 15:25:05,043] {standard_task_runner.py:52} INFO - Started process 27709 to run task
[2023-10-27 15:25:05,047] {standard_task_runner.py:79} INFO - Running: ['airflow', 'tasks', 'run', 'get_stocks_dag', 'TSLA', 'scheduled__2023-10-19T00:00:00+00:00', '--job-id', '56', '--raw', '--subdir', 'DAGS_FOLDER/get_finance.py', '--cfg-path', '/tmp/tmp7gu4uil8', '--error-file', '/tmp/tmp7w995ch7']
[2023-10-27 15:25:05,048] {standard_task_runner.py:80} INFO - Job 56: Subtask TSLA
[2023-10-27 15:25:05,088] {task_command.py:370} INFO - Running <TaskInstance: get_stocks_dag.TSLA scheduled__2023-10-19T00:00:00+00:00 [running]> on host airflow-virtual-machine
[2023-10-27 15:25:05,136] {taskinstance.py:1569} INFO - Exporting the following env vars:
AIRFLOW_CTX_DAG_OWNER=airflow
AIRFLOW_CTX_DAG_ID=get_stocks_dag
AIRFLOW_CTX_TASK_ID=TSLA
AIRFLOW_CTX_EXECUTION_DATE=2023-10-19T00:00:00+00:00
AIRFLOW_CTX_TRY_NUMBER=1
AIRFLOW_CTX_DAG_RUN_ID=scheduled__2023-10-19T00:00:00+00:00
[2023-10-27 15:25:06,320] {python.py:173} INFO - Done. Returned value was: None
[2023-10-27 15:25:06,327] {taskinstance.py:1395} INFO - Marking task as SUCCESS. dag_id=get_stocks_dag, task_id=TSLA, execution_date=20231019T000000, start_date=20231027T182505, end_date=20231027T182506
[2023-10-27 15:25:06,368] {local_task_job.py:156} INFO - Task exited with return code 0
[2023-10-27 15:25:06,382] {local_task_job.py:273} INFO - 0 downstream tasks scheduled from follow-on schedule check
[2023-10-27 17:03:54,614] {taskinstance.py:1159} INFO - Dependencies all met for <TaskInstance: get_stocks_dag.TSLA scheduled__2023-10-19T00:00:00+00:00 [queued]>
[2023-10-27 17:03:54,623] {taskinstance.py:1159} INFO - Dependencies all met for <TaskInstance: get_stocks_dag.TSLA scheduled__2023-10-19T00:00:00+00:00 [queued]>
[2023-10-27 17:03:54,624] {taskinstance.py:1356} INFO - 
--------------------------------------------------------------------------------
[2023-10-27 17:03:54,624] {taskinstance.py:1357} INFO - Starting attempt 1 of 1
[2023-10-27 17:03:54,624] {taskinstance.py:1358} INFO - 
--------------------------------------------------------------------------------
[2023-10-27 17:03:54,638] {taskinstance.py:1377} INFO - Executing <Task(_PythonDecoratedOperator): TSLA> on 2023-10-19 00:00:00+00:00
[2023-10-27 17:03:54,643] {standard_task_runner.py:52} INFO - Started process 40041 to run task
[2023-10-27 17:03:54,648] {standard_task_runner.py:79} INFO - Running: ['airflow', 'tasks', 'run', 'get_stocks_dag', 'TSLA', 'scheduled__2023-10-19T00:00:00+00:00', '--job-id', '68', '--raw', '--subdir', 'DAGS_FOLDER/get_finance.py', '--cfg-path', '/tmp/tmp526tk8nj', '--error-file', '/tmp/tmp9qc_j2vd']
[2023-10-27 17:03:54,649] {standard_task_runner.py:80} INFO - Job 68: Subtask TSLA
[2023-10-27 17:03:54,732] {task_command.py:370} INFO - Running <TaskInstance: get_stocks_dag.TSLA scheduled__2023-10-19T00:00:00+00:00 [running]> on host airflow-virtual-machine
[2023-10-27 17:03:54,804] {taskinstance.py:1569} INFO - Exporting the following env vars:
AIRFLOW_CTX_DAG_OWNER=airflow
AIRFLOW_CTX_DAG_ID=get_stocks_dag
AIRFLOW_CTX_TASK_ID=TSLA
AIRFLOW_CTX_EXECUTION_DATE=2023-10-19T00:00:00+00:00
AIRFLOW_CTX_TRY_NUMBER=1
AIRFLOW_CTX_DAG_RUN_ID=scheduled__2023-10-19T00:00:00+00:00
[2023-10-27 17:03:55,276] {python.py:173} INFO - Done. Returned value was: None
[2023-10-27 17:03:55,281] {taskinstance.py:1395} INFO - Marking task as SUCCESS. dag_id=get_stocks_dag, task_id=TSLA, execution_date=20231019T000000, start_date=20231027T200354, end_date=20231027T200355
[2023-10-27 17:03:55,319] {local_task_job.py:156} INFO - Task exited with return code 0
[2023-10-27 17:03:55,334] {local_task_job.py:273} INFO - 0 downstream tasks scheduled from follow-on schedule check
[2023-10-27 17:11:04,574] {taskinstance.py:1159} INFO - Dependencies all met for <TaskInstance: get_stocks_dag.TSLA scheduled__2023-10-19T00:00:00+00:00 [queued]>
[2023-10-27 17:11:04,584] {taskinstance.py:1159} INFO - Dependencies all met for <TaskInstance: get_stocks_dag.TSLA scheduled__2023-10-19T00:00:00+00:00 [queued]>
[2023-10-27 17:11:04,585] {taskinstance.py:1356} INFO - 
--------------------------------------------------------------------------------
[2023-10-27 17:11:04,585] {taskinstance.py:1357} INFO - Starting attempt 1 of 1
[2023-10-27 17:11:04,585] {taskinstance.py:1358} INFO - 
--------------------------------------------------------------------------------
[2023-10-27 17:11:04,597] {taskinstance.py:1377} INFO - Executing <Task(_PythonDecoratedOperator): TSLA> on 2023-10-19 00:00:00+00:00
[2023-10-27 17:11:04,601] {standard_task_runner.py:52} INFO - Started process 41745 to run task
[2023-10-27 17:11:04,605] {standard_task_runner.py:79} INFO - Running: ['airflow', 'tasks', 'run', 'get_stocks_dag', 'TSLA', 'scheduled__2023-10-19T00:00:00+00:00', '--job-id', '68', '--raw', '--subdir', 'DAGS_FOLDER/get_finance.py', '--cfg-path', '/tmp/tmpk01e14qo', '--error-file', '/tmp/tmprcfn7w5l']
[2023-10-27 17:11:04,612] {standard_task_runner.py:80} INFO - Job 68: Subtask TSLA
[2023-10-27 17:11:04,657] {task_command.py:370} INFO - Running <TaskInstance: get_stocks_dag.TSLA scheduled__2023-10-19T00:00:00+00:00 [running]> on host airflow-virtual-machine
[2023-10-27 17:11:04,720] {taskinstance.py:1569} INFO - Exporting the following env vars:
AIRFLOW_CTX_DAG_OWNER=airflow
AIRFLOW_CTX_DAG_ID=get_stocks_dag
AIRFLOW_CTX_TASK_ID=TSLA
AIRFLOW_CTX_EXECUTION_DATE=2023-10-19T00:00:00+00:00
AIRFLOW_CTX_TRY_NUMBER=1
AIRFLOW_CTX_DAG_RUN_ID=scheduled__2023-10-19T00:00:00+00:00
[2023-10-27 17:11:05,492] {python.py:173} INFO - Done. Returned value was: None
[2023-10-27 17:11:05,500] {taskinstance.py:1395} INFO - Marking task as SUCCESS. dag_id=get_stocks_dag, task_id=TSLA, execution_date=20231019T000000, start_date=20231027T201104, end_date=20231027T201105
[2023-10-27 17:11:05,545] {local_task_job.py:156} INFO - Task exited with return code 0
[2023-10-27 17:11:05,562] {local_task_job.py:273} INFO - 0 downstream tasks scheduled from follow-on schedule check
[2023-10-27 18:11:50,912] {taskinstance.py:1159} INFO - Dependencies all met for <TaskInstance: get_stocks_dag.TSLA scheduled__2023-10-19T00:00:00+00:00 [queued]>
[2023-10-27 18:11:50,974] {taskinstance.py:1159} INFO - Dependencies all met for <TaskInstance: get_stocks_dag.TSLA scheduled__2023-10-19T00:00:00+00:00 [queued]>
[2023-10-27 18:11:50,975] {taskinstance.py:1356} INFO - 
--------------------------------------------------------------------------------
[2023-10-27 18:11:50,975] {taskinstance.py:1357} INFO - Starting attempt 1 of 1
[2023-10-27 18:11:50,975] {taskinstance.py:1358} INFO - 
--------------------------------------------------------------------------------
[2023-10-27 18:11:51,061] {taskinstance.py:1377} INFO - Executing <Task(_PythonDecoratedOperator): TSLA> on 2023-10-19 00:00:00+00:00
[2023-10-27 18:11:51,088] {standard_task_runner.py:52} INFO - Started process 49888 to run task
[2023-10-27 18:11:51,096] {standard_task_runner.py:79} INFO - Running: ['airflow', 'tasks', 'run', 'get_stocks_dag', 'TSLA', 'scheduled__2023-10-19T00:00:00+00:00', '--job-id', '67', '--raw', '--subdir', 'DAGS_FOLDER/get_finance.py', '--cfg-path', '/tmp/tmpp_t863yg', '--error-file', '/tmp/tmpix4wtc10']
[2023-10-27 18:11:51,097] {standard_task_runner.py:80} INFO - Job 67: Subtask TSLA
[2023-10-27 18:11:51,143] {task_command.py:370} INFO - Running <TaskInstance: get_stocks_dag.TSLA scheduled__2023-10-19T00:00:00+00:00 [running]> on host airflow-virtual-machine
[2023-10-27 18:11:51,350] {taskinstance.py:1569} INFO - Exporting the following env vars:
AIRFLOW_CTX_DAG_OWNER=airflow
AIRFLOW_CTX_DAG_ID=get_stocks_dag
AIRFLOW_CTX_TASK_ID=TSLA
AIRFLOW_CTX_EXECUTION_DATE=2023-10-19T00:00:00+00:00
AIRFLOW_CTX_TRY_NUMBER=1
AIRFLOW_CTX_DAG_RUN_ID=scheduled__2023-10-19T00:00:00+00:00
[2023-10-27 18:11:51,779] {python.py:173} INFO - Done. Returned value was: None
[2023-10-27 18:11:51,784] {taskinstance.py:1395} INFO - Marking task as SUCCESS. dag_id=get_stocks_dag, task_id=TSLA, execution_date=20231019T000000, start_date=20231027T211150, end_date=20231027T211151
[2023-10-27 18:11:51,808] {local_task_job.py:156} INFO - Task exited with return code 0
[2023-10-27 18:11:51,841] {local_task_job.py:273} INFO - 1 downstream tasks scheduled from follow-on schedule check
