[2023-10-27 17:02:14,636] {taskinstance.py:1159} INFO - Dependencies all met for <TaskInstance: get_stocks_dag.trasform_silver scheduled__2023-10-10T00:00:00+00:00 [queued]>
[2023-10-27 17:02:14,642] {taskinstance.py:1159} INFO - Dependencies all met for <TaskInstance: get_stocks_dag.trasform_silver scheduled__2023-10-10T00:00:00+00:00 [queued]>
[2023-10-27 17:02:14,642] {taskinstance.py:1356} INFO - 
--------------------------------------------------------------------------------
[2023-10-27 17:02:14,643] {taskinstance.py:1357} INFO - Starting attempt 1 of 1
[2023-10-27 17:02:14,643] {taskinstance.py:1358} INFO - 
--------------------------------------------------------------------------------
[2023-10-27 17:02:14,655] {taskinstance.py:1377} INFO - Executing <Task(_PythonDecoratedOperator): trasform_silver> on 2023-10-10 00:00:00+00:00
[2023-10-27 17:02:14,659] {standard_task_runner.py:52} INFO - Started process 39525 to run task
[2023-10-27 17:02:14,663] {standard_task_runner.py:79} INFO - Running: ['airflow', 'tasks', 'run', 'get_stocks_dag', 'trasform_silver', 'scheduled__2023-10-10T00:00:00+00:00', '--job-id', '34', '--raw', '--subdir', 'DAGS_FOLDER/get_finance.py', '--cfg-path', '/tmp/tmpcgiy9p0a', '--error-file', '/tmp/tmpnft2njcn']
[2023-10-27 17:02:14,664] {standard_task_runner.py:80} INFO - Job 34: Subtask trasform_silver
[2023-10-27 17:02:14,701] {task_command.py:370} INFO - Running <TaskInstance: get_stocks_dag.trasform_silver scheduled__2023-10-10T00:00:00+00:00 [running]> on host airflow-virtual-machine
[2023-10-27 17:02:14,780] {taskinstance.py:1569} INFO - Exporting the following env vars:
AIRFLOW_CTX_DAG_OWNER=airflow
AIRFLOW_CTX_DAG_ID=get_stocks_dag
AIRFLOW_CTX_TASK_ID=trasform_silver
AIRFLOW_CTX_EXECUTION_DATE=2023-10-10T00:00:00+00:00
AIRFLOW_CTX_TRY_NUMBER=1
AIRFLOW_CTX_DAG_RUN_ID=scheduled__2023-10-10T00:00:00+00:00
[2023-10-27 17:02:14,781] {taskinstance.py:1889} ERROR - Task failed with exception
Traceback (most recent call last):
  File "/home/gabriel/Documents/project_finance/venv/lib/python3.9/site-packages/airflow/decorators/base.py", line 179, in execute
    return_value = super().execute(context)
  File "/home/gabriel/Documents/project_finance/venv/lib/python3.9/site-packages/airflow/operators/python.py", line 171, in execute
    return_value = self.execute_callable()
  File "/home/gabriel/Documents/project_finance/venv/lib/python3.9/site-packages/airflow/operators/python.py", line 189, in execute_callable
    return self.python_callable(*self.op_args, **self.op_kwargs)
  File "/home/gabriel/Documents/project_finance/airflow/dags/get_finance.py", line 42, in transform_silver
    df.to_csv(os.path.join(dest_path, f'Stocks_{ds_add(ds, -1)}.csv'), index=False)
AttributeError: 'list' object has no attribute 'to_csv'
[2023-10-27 17:02:14,785] {taskinstance.py:1395} INFO - Marking task as FAILED. dag_id=get_stocks_dag, task_id=trasform_silver, execution_date=20231010T000000, start_date=20231027T200214, end_date=20231027T200214
[2023-10-27 17:02:14,804] {standard_task_runner.py:92} ERROR - Failed to execute job 34 for task trasform_silver ('list' object has no attribute 'to_csv'; 39525)
[2023-10-27 17:02:14,846] {local_task_job.py:156} INFO - Task exited with return code 1
[2023-10-27 17:02:14,861] {local_task_job.py:273} INFO - 0 downstream tasks scheduled from follow-on schedule check
[2023-10-27 17:09:32,052] {taskinstance.py:1159} INFO - Dependencies all met for <TaskInstance: get_stocks_dag.trasform_silver scheduled__2023-10-10T00:00:00+00:00 [queued]>
[2023-10-27 17:09:32,059] {taskinstance.py:1159} INFO - Dependencies all met for <TaskInstance: get_stocks_dag.trasform_silver scheduled__2023-10-10T00:00:00+00:00 [queued]>
[2023-10-27 17:09:32,059] {taskinstance.py:1356} INFO - 
--------------------------------------------------------------------------------
[2023-10-27 17:09:32,059] {taskinstance.py:1357} INFO - Starting attempt 1 of 1
[2023-10-27 17:09:32,060] {taskinstance.py:1358} INFO - 
--------------------------------------------------------------------------------
[2023-10-27 17:09:32,073] {taskinstance.py:1377} INFO - Executing <Task(_PythonDecoratedOperator): trasform_silver> on 2023-10-10 00:00:00+00:00
[2023-10-27 17:09:32,082] {standard_task_runner.py:52} INFO - Started process 41241 to run task
[2023-10-27 17:09:32,093] {standard_task_runner.py:79} INFO - Running: ['airflow', 'tasks', 'run', 'get_stocks_dag', 'trasform_silver', 'scheduled__2023-10-10T00:00:00+00:00', '--job-id', '34', '--raw', '--subdir', 'DAGS_FOLDER/get_finance.py', '--cfg-path', '/tmp/tmpuke10wih', '--error-file', '/tmp/tmp_aevg3sw']
[2023-10-27 17:09:32,095] {standard_task_runner.py:80} INFO - Job 34: Subtask trasform_silver
[2023-10-27 17:09:32,149] {task_command.py:370} INFO - Running <TaskInstance: get_stocks_dag.trasform_silver scheduled__2023-10-10T00:00:00+00:00 [running]> on host airflow-virtual-machine
[2023-10-27 17:09:32,441] {taskinstance.py:1569} INFO - Exporting the following env vars:
AIRFLOW_CTX_DAG_OWNER=airflow
AIRFLOW_CTX_DAG_ID=get_stocks_dag
AIRFLOW_CTX_TASK_ID=trasform_silver
AIRFLOW_CTX_EXECUTION_DATE=2023-10-10T00:00:00+00:00
AIRFLOW_CTX_TRY_NUMBER=1
AIRFLOW_CTX_DAG_RUN_ID=scheduled__2023-10-10T00:00:00+00:00
[2023-10-27 17:09:32,545] {python.py:173} INFO - Done. Returned value was: None
[2023-10-27 17:09:32,555] {taskinstance.py:1395} INFO - Marking task as SUCCESS. dag_id=get_stocks_dag, task_id=trasform_silver, execution_date=20231010T000000, start_date=20231027T200932, end_date=20231027T200932
[2023-10-27 17:09:32,595] {local_task_job.py:156} INFO - Task exited with return code 0
[2023-10-27 17:09:32,612] {local_task_job.py:273} INFO - 0 downstream tasks scheduled from follow-on schedule check
