[2023-10-27 18:10:26,347] {taskinstance.py:1159} INFO - Dependencies all met for <TaskInstance: get_stocks_dag.transform_stocks scheduled__2023-10-07T00:00:00+00:00 [queued]>
[2023-10-27 18:10:26,365] {taskinstance.py:1159} INFO - Dependencies all met for <TaskInstance: get_stocks_dag.transform_stocks scheduled__2023-10-07T00:00:00+00:00 [queued]>
[2023-10-27 18:10:26,365] {taskinstance.py:1356} INFO - 
--------------------------------------------------------------------------------
[2023-10-27 18:10:26,365] {taskinstance.py:1357} INFO - Starting attempt 1 of 1
[2023-10-27 18:10:26,366] {taskinstance.py:1358} INFO - 
--------------------------------------------------------------------------------
[2023-10-27 18:10:26,409] {taskinstance.py:1377} INFO - Executing <Task(_PythonDecoratedOperator): transform_stocks> on 2023-10-07 00:00:00+00:00
[2023-10-27 18:10:26,431] {standard_task_runner.py:52} INFO - Started process 49398 to run task
[2023-10-27 18:10:26,444] {standard_task_runner.py:79} INFO - Running: ['airflow', 'tasks', 'run', 'get_stocks_dag', 'transform_stocks', 'scheduled__2023-10-07T00:00:00+00:00', '--job-id', '33', '--raw', '--subdir', 'DAGS_FOLDER/get_finance.py', '--cfg-path', '/tmp/tmpngfq7hep', '--error-file', '/tmp/tmpvef4agf8']
[2023-10-27 18:10:26,445] {standard_task_runner.py:80} INFO - Job 33: Subtask transform_stocks
[2023-10-27 18:10:26,537] {task_command.py:370} INFO - Running <TaskInstance: get_stocks_dag.transform_stocks scheduled__2023-10-07T00:00:00+00:00 [running]> on host airflow-virtual-machine
[2023-10-27 18:10:26,581] {taskinstance.py:1569} INFO - Exporting the following env vars:
AIRFLOW_CTX_DAG_OWNER=airflow
AIRFLOW_CTX_DAG_ID=get_stocks_dag
AIRFLOW_CTX_TASK_ID=transform_stocks
AIRFLOW_CTX_EXECUTION_DATE=2023-10-07T00:00:00+00:00
AIRFLOW_CTX_TRY_NUMBER=1
AIRFLOW_CTX_DAG_RUN_ID=scheduled__2023-10-07T00:00:00+00:00
[2023-10-27 18:10:26,605] {python.py:173} INFO - Done. Returned value was: None
[2023-10-27 18:10:26,611] {taskinstance.py:1395} INFO - Marking task as SUCCESS. dag_id=get_stocks_dag, task_id=transform_stocks, execution_date=20231007T000000, start_date=20231027T211026, end_date=20231027T211026
[2023-10-27 18:10:26,657] {local_task_job.py:156} INFO - Task exited with return code 0
[2023-10-27 18:10:26,672] {local_task_job.py:273} INFO - 0 downstream tasks scheduled from follow-on schedule check
[2023-10-29 11:29:54,877] {taskinstance.py:1159} INFO - Dependencies all met for <TaskInstance: get_stocks_dag.transform_stocks scheduled__2023-10-07T00:00:00+00:00 [queued]>
[2023-10-29 11:29:54,958] {taskinstance.py:1159} INFO - Dependencies all met for <TaskInstance: get_stocks_dag.transform_stocks scheduled__2023-10-07T00:00:00+00:00 [queued]>
[2023-10-29 11:29:54,964] {taskinstance.py:1356} INFO - 
--------------------------------------------------------------------------------
[2023-10-29 11:29:54,966] {taskinstance.py:1357} INFO - Starting attempt 1 of 1
[2023-10-29 11:29:54,971] {taskinstance.py:1358} INFO - 
--------------------------------------------------------------------------------
[2023-10-29 11:29:55,090] {taskinstance.py:1377} INFO - Executing <Task(_PythonDecoratedOperator): transform_stocks> on 2023-10-07 00:00:00+00:00
[2023-10-29 11:29:55,128] {standard_task_runner.py:79} INFO - Running: ['airflow', 'tasks', 'run', 'get_stocks_dag', 'transform_stocks', 'scheduled__2023-10-07T00:00:00+00:00', '--job-id', '74', '--raw', '--subdir', 'DAGS_FOLDER/get_finance.py', '--cfg-path', '/tmp/tmpu58w_a4f', '--error-file', '/tmp/tmp_xb8i0sy']
[2023-10-29 11:29:55,130] {standard_task_runner.py:80} INFO - Job 74: Subtask transform_stocks
[2023-10-29 11:29:55,131] {standard_task_runner.py:52} INFO - Started process 15047 to run task
[2023-10-29 11:29:55,621] {task_command.py:370} INFO - Running <TaskInstance: get_stocks_dag.transform_stocks scheduled__2023-10-07T00:00:00+00:00 [running]> on host airflow-virtual-machine
[2023-10-29 11:29:55,915] {taskinstance.py:1569} INFO - Exporting the following env vars:
AIRFLOW_CTX_DAG_OWNER=airflow
AIRFLOW_CTX_DAG_ID=get_stocks_dag
AIRFLOW_CTX_TASK_ID=transform_stocks
AIRFLOW_CTX_EXECUTION_DATE=2023-10-07T00:00:00+00:00
AIRFLOW_CTX_TRY_NUMBER=1
AIRFLOW_CTX_DAG_RUN_ID=scheduled__2023-10-07T00:00:00+00:00
[2023-10-29 11:29:56,117] {python.py:173} INFO - Done. Returned value was: None
[2023-10-29 11:29:56,206] {taskinstance.py:1395} INFO - Marking task as SUCCESS. dag_id=get_stocks_dag, task_id=transform_stocks, execution_date=20231007T000000, start_date=20231029T142954, end_date=20231029T142956
[2023-10-29 11:29:56,328] {local_task_job.py:156} INFO - Task exited with return code 0
[2023-10-29 11:29:56,550] {local_task_job.py:273} INFO - 0 downstream tasks scheduled from follow-on schedule check
[2023-10-29 11:34:07,178] {taskinstance.py:1159} INFO - Dependencies all met for <TaskInstance: get_stocks_dag.transform_stocks scheduled__2023-10-07T00:00:00+00:00 [queued]>
[2023-10-29 11:34:07,367] {taskinstance.py:1159} INFO - Dependencies all met for <TaskInstance: get_stocks_dag.transform_stocks scheduled__2023-10-07T00:00:00+00:00 [queued]>
[2023-10-29 11:34:07,367] {taskinstance.py:1356} INFO - 
--------------------------------------------------------------------------------
[2023-10-29 11:34:07,367] {taskinstance.py:1357} INFO - Starting attempt 1 of 1
[2023-10-29 11:34:07,367] {taskinstance.py:1358} INFO - 
--------------------------------------------------------------------------------
[2023-10-29 11:34:07,693] {taskinstance.py:1377} INFO - Executing <Task(_PythonDecoratedOperator): transform_stocks> on 2023-10-07 00:00:00+00:00
[2023-10-29 11:34:07,728] {standard_task_runner.py:52} INFO - Started process 17312 to run task
[2023-10-29 11:34:07,860] {standard_task_runner.py:79} INFO - Running: ['airflow', 'tasks', 'run', 'get_stocks_dag', 'transform_stocks', 'scheduled__2023-10-07T00:00:00+00:00', '--job-id', '168', '--raw', '--subdir', 'DAGS_FOLDER/get_finance.py', '--cfg-path', '/tmp/tmpuryk6w_n', '--error-file', '/tmp/tmpxb4eeda4']
[2023-10-29 11:34:07,861] {standard_task_runner.py:80} INFO - Job 168: Subtask transform_stocks
[2023-10-29 11:34:08,796] {task_command.py:370} INFO - Running <TaskInstance: get_stocks_dag.transform_stocks scheduled__2023-10-07T00:00:00+00:00 [running]> on host airflow-virtual-machine
[2023-10-29 11:34:09,734] {taskinstance.py:1569} INFO - Exporting the following env vars:
AIRFLOW_CTX_DAG_OWNER=airflow
AIRFLOW_CTX_DAG_ID=get_stocks_dag
AIRFLOW_CTX_TASK_ID=transform_stocks
AIRFLOW_CTX_EXECUTION_DATE=2023-10-07T00:00:00+00:00
AIRFLOW_CTX_TRY_NUMBER=1
AIRFLOW_CTX_DAG_RUN_ID=scheduled__2023-10-07T00:00:00+00:00
[2023-10-29 11:34:10,441] {python.py:173} INFO - Done. Returned value was: None
[2023-10-29 11:34:10,723] {taskinstance.py:1395} INFO - Marking task as SUCCESS. dag_id=get_stocks_dag, task_id=transform_stocks, execution_date=20231007T000000, start_date=20231029T143407, end_date=20231029T143410
[2023-10-29 11:34:11,077] {local_task_job.py:156} INFO - Task exited with return code 0
[2023-10-29 11:34:11,383] {local_task_job.py:273} INFO - 0 downstream tasks scheduled from follow-on schedule check
[2023-10-29 13:33:23,702] {taskinstance.py:1159} INFO - Dependencies all met for <TaskInstance: get_stocks_dag.transform_stocks scheduled__2023-10-07T00:00:00+00:00 [queued]>
[2023-10-29 13:33:23,815] {taskinstance.py:1159} INFO - Dependencies all met for <TaskInstance: get_stocks_dag.transform_stocks scheduled__2023-10-07T00:00:00+00:00 [queued]>
[2023-10-29 13:33:23,815] {taskinstance.py:1356} INFO - 
--------------------------------------------------------------------------------
[2023-10-29 13:33:23,816] {taskinstance.py:1357} INFO - Starting attempt 1 of 1
[2023-10-29 13:33:23,816] {taskinstance.py:1358} INFO - 
--------------------------------------------------------------------------------
[2023-10-29 13:33:23,932] {taskinstance.py:1377} INFO - Executing <Task(_PythonDecoratedOperator): transform_stocks> on 2023-10-07 00:00:00+00:00
[2023-10-29 13:33:23,965] {standard_task_runner.py:52} INFO - Started process 7336 to run task
[2023-10-29 13:33:24,002] {standard_task_runner.py:79} INFO - Running: ['airflow', 'tasks', 'run', 'get_stocks_dag', 'transform_stocks', 'scheduled__2023-10-07T00:00:00+00:00', '--job-id', '278', '--raw', '--subdir', 'DAGS_FOLDER/get_finance.py', '--cfg-path', '/tmp/tmp48_f790i', '--error-file', '/tmp/tmp6ymzyzd0']
[2023-10-29 13:33:24,003] {standard_task_runner.py:80} INFO - Job 278: Subtask transform_stocks
[2023-10-29 13:33:24,554] {task_command.py:370} INFO - Running <TaskInstance: get_stocks_dag.transform_stocks scheduled__2023-10-07T00:00:00+00:00 [running]> on host airflow-virtual-machine
[2023-10-29 13:33:24,835] {taskinstance.py:1569} INFO - Exporting the following env vars:
AIRFLOW_CTX_DAG_OWNER=airflow
AIRFLOW_CTX_DAG_ID=get_stocks_dag
AIRFLOW_CTX_TASK_ID=transform_stocks
AIRFLOW_CTX_EXECUTION_DATE=2023-10-07T00:00:00+00:00
AIRFLOW_CTX_TRY_NUMBER=1
AIRFLOW_CTX_DAG_RUN_ID=scheduled__2023-10-07T00:00:00+00:00
[2023-10-29 13:33:24,895] {python.py:173} INFO - Done. Returned value was: None
[2023-10-29 13:33:24,913] {taskinstance.py:1395} INFO - Marking task as SUCCESS. dag_id=get_stocks_dag, task_id=transform_stocks, execution_date=20231007T000000, start_date=20231029T163323, end_date=20231029T163324
[2023-10-29 13:33:24,989] {local_task_job.py:156} INFO - Task exited with return code 0
[2023-10-29 13:33:25,050] {local_task_job.py:273} INFO - 0 downstream tasks scheduled from follow-on schedule check
[2023-10-29 14:35:59,294] {taskinstance.py:1159} INFO - Dependencies all met for <TaskInstance: get_stocks_dag.transform_stocks scheduled__2023-10-07T00:00:00+00:00 [queued]>
[2023-10-29 14:35:59,478] {taskinstance.py:1159} INFO - Dependencies all met for <TaskInstance: get_stocks_dag.transform_stocks scheduled__2023-10-07T00:00:00+00:00 [queued]>
[2023-10-29 14:35:59,480] {taskinstance.py:1356} INFO - 
--------------------------------------------------------------------------------
[2023-10-29 14:35:59,481] {taskinstance.py:1357} INFO - Starting attempt 1 of 1
[2023-10-29 14:35:59,483] {taskinstance.py:1358} INFO - 
--------------------------------------------------------------------------------
[2023-10-29 14:35:59,592] {taskinstance.py:1377} INFO - Executing <Task(_PythonDecoratedOperator): transform_stocks> on 2023-10-07 00:00:00+00:00
[2023-10-29 14:35:59,669] {standard_task_runner.py:79} INFO - Running: ['airflow', 'tasks', 'run', 'get_stocks_dag', 'transform_stocks', 'scheduled__2023-10-07T00:00:00+00:00', '--job-id', '367', '--raw', '--subdir', 'DAGS_FOLDER/get_finance.py', '--cfg-path', '/tmp/tmph8gw6uvr', '--error-file', '/tmp/tmpwzg0fq2i']
[2023-10-29 14:35:59,694] {standard_task_runner.py:80} INFO - Job 367: Subtask transform_stocks
[2023-10-29 14:35:59,752] {standard_task_runner.py:52} INFO - Started process 10230 to run task
[2023-10-29 14:36:00,212] {task_command.py:370} INFO - Running <TaskInstance: get_stocks_dag.transform_stocks scheduled__2023-10-07T00:00:00+00:00 [running]> on host airflow-virtual-machine
[2023-10-29 14:36:00,652] {taskinstance.py:1569} INFO - Exporting the following env vars:
AIRFLOW_CTX_DAG_OWNER=airflow
AIRFLOW_CTX_DAG_ID=get_stocks_dag
AIRFLOW_CTX_TASK_ID=transform_stocks
AIRFLOW_CTX_EXECUTION_DATE=2023-10-07T00:00:00+00:00
AIRFLOW_CTX_TRY_NUMBER=1
AIRFLOW_CTX_DAG_RUN_ID=scheduled__2023-10-07T00:00:00+00:00
[2023-10-29 14:36:00,824] {python.py:173} INFO - Done. Returned value was: None
[2023-10-29 14:36:00,996] {taskinstance.py:1395} INFO - Marking task as SUCCESS. dag_id=get_stocks_dag, task_id=transform_stocks, execution_date=20231007T000000, start_date=20231029T173559, end_date=20231029T173600
[2023-10-29 14:36:01,177] {local_task_job.py:156} INFO - Task exited with return code 0
[2023-10-29 14:36:01,499] {local_task_job.py:273} INFO - 0 downstream tasks scheduled from follow-on schedule check
