[2023-10-27 17:02:28,963] {taskinstance.py:1159} INFO - Dependencies all met for <TaskInstance: get_stocks_dag.trasform_silver scheduled__2023-10-11T00:00:00+00:00 [queued]>
[2023-10-27 17:02:28,970] {taskinstance.py:1159} INFO - Dependencies all met for <TaskInstance: get_stocks_dag.trasform_silver scheduled__2023-10-11T00:00:00+00:00 [queued]>
[2023-10-27 17:02:28,970] {taskinstance.py:1356} INFO - 
--------------------------------------------------------------------------------
[2023-10-27 17:02:28,970] {taskinstance.py:1357} INFO - Starting attempt 1 of 1
[2023-10-27 17:02:28,970] {taskinstance.py:1358} INFO - 
--------------------------------------------------------------------------------
[2023-10-27 17:02:28,982] {taskinstance.py:1377} INFO - Executing <Task(_PythonDecoratedOperator): trasform_silver> on 2023-10-11 00:00:00+00:00
[2023-10-27 17:02:28,986] {standard_task_runner.py:52} INFO - Started process 39595 to run task
[2023-10-27 17:02:28,990] {standard_task_runner.py:79} INFO - Running: ['airflow', 'tasks', 'run', 'get_stocks_dag', 'trasform_silver', 'scheduled__2023-10-11T00:00:00+00:00', '--job-id', '39', '--raw', '--subdir', 'DAGS_FOLDER/get_finance.py', '--cfg-path', '/tmp/tmpmn4nqo80', '--error-file', '/tmp/tmp3532h4g3']
[2023-10-27 17:02:28,990] {standard_task_runner.py:80} INFO - Job 39: Subtask trasform_silver
[2023-10-27 17:02:29,027] {task_command.py:370} INFO - Running <TaskInstance: get_stocks_dag.trasform_silver scheduled__2023-10-11T00:00:00+00:00 [running]> on host airflow-virtual-machine
[2023-10-27 17:02:29,070] {taskinstance.py:1569} INFO - Exporting the following env vars:
AIRFLOW_CTX_DAG_OWNER=airflow
AIRFLOW_CTX_DAG_ID=get_stocks_dag
AIRFLOW_CTX_TASK_ID=trasform_silver
AIRFLOW_CTX_EXECUTION_DATE=2023-10-11T00:00:00+00:00
AIRFLOW_CTX_TRY_NUMBER=1
AIRFLOW_CTX_DAG_RUN_ID=scheduled__2023-10-11T00:00:00+00:00
[2023-10-27 17:02:29,071] {taskinstance.py:1889} ERROR - Task failed with exception
Traceback (most recent call last):
  File "/home/gabriel/Documents/project_finance/venv/lib/python3.9/site-packages/airflow/decorators/base.py", line 179, in execute
    return_value = super().execute(context)
  File "/home/gabriel/Documents/project_finance/venv/lib/python3.9/site-packages/airflow/operators/python.py", line 171, in execute
    return_value = self.execute_callable()
  File "/home/gabriel/Documents/project_finance/venv/lib/python3.9/site-packages/airflow/operators/python.py", line 189, in execute_callable
    return self.python_callable(*self.op_args, **self.op_kwargs)
  File "/home/gabriel/Documents/project_finance/airflow/dags/get_finance.py", line 42, in transform_silver
    df.to_csv(os.path.join(dest_path, f'Stocks_{ds_add(ds, -1)}.csv'), index=False)
AttributeError: 'list' object has no attribute 'to_csv'
[2023-10-27 17:02:29,074] {taskinstance.py:1395} INFO - Marking task as FAILED. dag_id=get_stocks_dag, task_id=trasform_silver, execution_date=20231011T000000, start_date=20231027T200228, end_date=20231027T200229
[2023-10-27 17:02:29,083] {standard_task_runner.py:92} ERROR - Failed to execute job 39 for task trasform_silver ('list' object has no attribute 'to_csv'; 39595)
[2023-10-27 17:02:29,124] {local_task_job.py:156} INFO - Task exited with return code 1
[2023-10-27 17:02:29,141] {local_task_job.py:273} INFO - 0 downstream tasks scheduled from follow-on schedule check
[2023-10-27 17:09:45,960] {taskinstance.py:1159} INFO - Dependencies all met for <TaskInstance: get_stocks_dag.trasform_silver scheduled__2023-10-11T00:00:00+00:00 [queued]>
[2023-10-27 17:09:45,969] {taskinstance.py:1159} INFO - Dependencies all met for <TaskInstance: get_stocks_dag.trasform_silver scheduled__2023-10-11T00:00:00+00:00 [queued]>
[2023-10-27 17:09:45,969] {taskinstance.py:1356} INFO - 
--------------------------------------------------------------------------------
[2023-10-27 17:09:45,969] {taskinstance.py:1357} INFO - Starting attempt 1 of 1
[2023-10-27 17:09:45,969] {taskinstance.py:1358} INFO - 
--------------------------------------------------------------------------------
[2023-10-27 17:09:45,977] {taskinstance.py:1377} INFO - Executing <Task(_PythonDecoratedOperator): trasform_silver> on 2023-10-11 00:00:00+00:00
[2023-10-27 17:09:45,981] {standard_task_runner.py:52} INFO - Started process 41314 to run task
[2023-10-27 17:09:45,985] {standard_task_runner.py:79} INFO - Running: ['airflow', 'tasks', 'run', 'get_stocks_dag', 'trasform_silver', 'scheduled__2023-10-11T00:00:00+00:00', '--job-id', '39', '--raw', '--subdir', 'DAGS_FOLDER/get_finance.py', '--cfg-path', '/tmp/tmp5bigojsw', '--error-file', '/tmp/tmpmyr26hw8']
[2023-10-27 17:09:45,986] {standard_task_runner.py:80} INFO - Job 39: Subtask trasform_silver
[2023-10-27 17:09:46,021] {task_command.py:370} INFO - Running <TaskInstance: get_stocks_dag.trasform_silver scheduled__2023-10-11T00:00:00+00:00 [running]> on host airflow-virtual-machine
[2023-10-27 17:09:46,069] {taskinstance.py:1569} INFO - Exporting the following env vars:
AIRFLOW_CTX_DAG_OWNER=airflow
AIRFLOW_CTX_DAG_ID=get_stocks_dag
AIRFLOW_CTX_TASK_ID=trasform_silver
AIRFLOW_CTX_EXECUTION_DATE=2023-10-11T00:00:00+00:00
AIRFLOW_CTX_TRY_NUMBER=1
AIRFLOW_CTX_DAG_RUN_ID=scheduled__2023-10-11T00:00:00+00:00
[2023-10-27 17:09:46,092] {python.py:173} INFO - Done. Returned value was: None
[2023-10-27 17:09:46,097] {taskinstance.py:1395} INFO - Marking task as SUCCESS. dag_id=get_stocks_dag, task_id=trasform_silver, execution_date=20231011T000000, start_date=20231027T200945, end_date=20231027T200946
[2023-10-27 17:09:46,119] {local_task_job.py:156} INFO - Task exited with return code 0
[2023-10-27 17:09:46,133] {local_task_job.py:273} INFO - 0 downstream tasks scheduled from follow-on schedule check
