[2023-10-27 14:17:38,399] {taskinstance.py:1159} INFO - Dependencies all met for <TaskInstance: get_stocks_dag.MSFT scheduled__2023-10-13T00:00:00+00:00 [queued]>
[2023-10-27 14:17:38,408] {taskinstance.py:1159} INFO - Dependencies all met for <TaskInstance: get_stocks_dag.MSFT scheduled__2023-10-13T00:00:00+00:00 [queued]>
[2023-10-27 14:17:38,409] {taskinstance.py:1356} INFO - 
--------------------------------------------------------------------------------
[2023-10-27 14:17:38,410] {taskinstance.py:1357} INFO - Starting attempt 1 of 1
[2023-10-27 14:17:38,410] {taskinstance.py:1358} INFO - 
--------------------------------------------------------------------------------
[2023-10-27 14:17:38,448] {taskinstance.py:1377} INFO - Executing <Task(_PythonDecoratedOperator): MSFT> on 2023-10-13 00:00:00+00:00
[2023-10-27 14:17:38,469] {standard_task_runner.py:52} INFO - Started process 17647 to run task
[2023-10-27 14:17:38,474] {standard_task_runner.py:79} INFO - Running: ['airflow', 'tasks', 'run', 'get_stocks_dag', 'MSFT', 'scheduled__2023-10-13T00:00:00+00:00', '--job-id', '38', '--raw', '--subdir', 'DAGS_FOLDER/get_finance.py', '--cfg-path', '/tmp/tmp_xf9ckd7', '--error-file', '/tmp/tmpqemz30xe']
[2023-10-27 14:17:38,475] {standard_task_runner.py:80} INFO - Job 38: Subtask MSFT
[2023-10-27 14:17:38,545] {task_command.py:370} INFO - Running <TaskInstance: get_stocks_dag.MSFT scheduled__2023-10-13T00:00:00+00:00 [running]> on host airflow-virtual-machine
[2023-10-27 14:17:38,637] {taskinstance.py:1569} INFO - Exporting the following env vars:
AIRFLOW_CTX_DAG_OWNER=airflow
AIRFLOW_CTX_DAG_ID=get_stocks_dag
AIRFLOW_CTX_TASK_ID=MSFT
AIRFLOW_CTX_EXECUTION_DATE=2023-10-13T00:00:00+00:00
AIRFLOW_CTX_TRY_NUMBER=1
AIRFLOW_CTX_DAG_RUN_ID=scheduled__2023-10-13T00:00:00+00:00
[2023-10-27 14:17:39,114] {taskinstance.py:1889} ERROR - Task failed with exception
Traceback (most recent call last):
  File "/home/gabriel/Documents/project_finance/venv/lib/python3.9/site-packages/airflow/decorators/base.py", line 179, in execute
    return_value = super().execute(context)
  File "/home/gabriel/Documents/project_finance/venv/lib/python3.9/site-packages/airflow/operators/python.py", line 171, in execute
    return_value = self.execute_callable()
  File "/home/gabriel/Documents/project_finance/venv/lib/python3.9/site-packages/airflow/operators/python.py", line 189, in execute_callable
    return self.python_callable(*self.op_args, **self.op_kwargs)
  File "/home/gabriel/Documents/project_finance/airflow/dags/get_finance.py", line 18, in get_history
    yfinance.Ticker(ticker).history(
  File "/home/gabriel/Documents/project_finance/venv/lib/python3.9/site-packages/pandas/core/generic.py", line 3902, in to_csv
    return DataFrameRenderer(formatter).to_csv(
  File "/home/gabriel/Documents/project_finance/venv/lib/python3.9/site-packages/pandas/io/formats/format.py", line 1152, in to_csv
    csv_formatter.save()
  File "/home/gabriel/Documents/project_finance/venv/lib/python3.9/site-packages/pandas/io/formats/csvs.py", line 247, in save
    with get_handle(
  File "/home/gabriel/Documents/project_finance/venv/lib/python3.9/site-packages/pandas/io/common.py", line 739, in get_handle
    check_parent_directory(str(handle))
  File "/home/gabriel/Documents/project_finance/venv/lib/python3.9/site-packages/pandas/io/common.py", line 604, in check_parent_directory
    raise OSError(rf"Cannot save file into a non-existent directory: '{parent}'")
OSError: Cannot save file into a non-existent directory: '/home/gabriel/Documents/project_finance/datalake/stocks/MSFT'
[2023-10-27 14:17:39,127] {taskinstance.py:1395} INFO - Marking task as FAILED. dag_id=get_stocks_dag, task_id=MSFT, execution_date=20231013T000000, start_date=20231027T171738, end_date=20231027T171739
[2023-10-27 14:17:39,145] {standard_task_runner.py:92} ERROR - Failed to execute job 38 for task MSFT (Cannot save file into a non-existent directory: '/home/gabriel/Documents/project_finance/datalake/stocks/MSFT'; 17647)
[2023-10-27 14:17:39,164] {local_task_job.py:156} INFO - Task exited with return code 1
[2023-10-27 14:17:39,184] {local_task_job.py:273} INFO - 0 downstream tasks scheduled from follow-on schedule check
[2023-10-27 14:31:20,750] {taskinstance.py:1159} INFO - Dependencies all met for <TaskInstance: get_stocks_dag.MSFT scheduled__2023-10-13T00:00:00+00:00 [queued]>
[2023-10-27 14:31:20,762] {taskinstance.py:1159} INFO - Dependencies all met for <TaskInstance: get_stocks_dag.MSFT scheduled__2023-10-13T00:00:00+00:00 [queued]>
[2023-10-27 14:31:20,763] {taskinstance.py:1356} INFO - 
--------------------------------------------------------------------------------
[2023-10-27 14:31:20,763] {taskinstance.py:1357} INFO - Starting attempt 1 of 1
[2023-10-27 14:31:20,766] {taskinstance.py:1358} INFO - 
--------------------------------------------------------------------------------
[2023-10-27 14:31:20,797] {taskinstance.py:1377} INFO - Executing <Task(_PythonDecoratedOperator): MSFT> on 2023-10-13 00:00:00+00:00
[2023-10-27 14:31:20,803] {standard_task_runner.py:52} INFO - Started process 19943 to run task
[2023-10-27 14:31:20,813] {standard_task_runner.py:79} INFO - Running: ['airflow', 'tasks', 'run', 'get_stocks_dag', 'MSFT', 'scheduled__2023-10-13T00:00:00+00:00', '--job-id', '38', '--raw', '--subdir', 'DAGS_FOLDER/get_finance.py', '--cfg-path', '/tmp/tmplipcdc_f', '--error-file', '/tmp/tmpcxwqgukr']
[2023-10-27 14:31:20,814] {standard_task_runner.py:80} INFO - Job 38: Subtask MSFT
[2023-10-27 14:31:20,926] {task_command.py:370} INFO - Running <TaskInstance: get_stocks_dag.MSFT scheduled__2023-10-13T00:00:00+00:00 [running]> on host airflow-virtual-machine
[2023-10-27 14:31:20,993] {taskinstance.py:1569} INFO - Exporting the following env vars:
AIRFLOW_CTX_DAG_OWNER=airflow
AIRFLOW_CTX_DAG_ID=get_stocks_dag
AIRFLOW_CTX_TASK_ID=MSFT
AIRFLOW_CTX_EXECUTION_DATE=2023-10-13T00:00:00+00:00
AIRFLOW_CTX_TRY_NUMBER=1
AIRFLOW_CTX_DAG_RUN_ID=scheduled__2023-10-13T00:00:00+00:00
[2023-10-27 14:31:21,469] {taskinstance.py:1889} ERROR - Task failed with exception
Traceback (most recent call last):
  File "/home/gabriel/Documents/project_finance/venv/lib/python3.9/site-packages/airflow/decorators/base.py", line 179, in execute
    return_value = super().execute(context)
  File "/home/gabriel/Documents/project_finance/venv/lib/python3.9/site-packages/airflow/operators/python.py", line 171, in execute
    return_value = self.execute_callable()
  File "/home/gabriel/Documents/project_finance/venv/lib/python3.9/site-packages/airflow/operators/python.py", line 189, in execute_callable
    return self.python_callable(*self.op_args, **self.op_kwargs)
  File "/home/gabriel/Documents/project_finance/airflow/dags/get_finance.py", line 20, in get_history
    yfinance.Ticker(ticker).history(
  File "/home/gabriel/Documents/project_finance/venv/lib/python3.9/site-packages/pandas/core/generic.py", line 3902, in to_csv
    return DataFrameRenderer(formatter).to_csv(
  File "/home/gabriel/Documents/project_finance/venv/lib/python3.9/site-packages/pandas/io/formats/format.py", line 1152, in to_csv
    csv_formatter.save()
  File "/home/gabriel/Documents/project_finance/venv/lib/python3.9/site-packages/pandas/io/formats/csvs.py", line 247, in save
    with get_handle(
  File "/home/gabriel/Documents/project_finance/venv/lib/python3.9/site-packages/pandas/io/common.py", line 863, in get_handle
    handle = open(
PermissionError: [Errno 13] Permission denied: '/MSFT_20231013.csv'
[2023-10-27 14:31:21,492] {taskinstance.py:1395} INFO - Marking task as FAILED. dag_id=get_stocks_dag, task_id=MSFT, execution_date=20231013T000000, start_date=20231027T173120, end_date=20231027T173121
[2023-10-27 14:31:21,509] {standard_task_runner.py:92} ERROR - Failed to execute job 38 for task MSFT ([Errno 13] Permission denied: '/MSFT_20231013.csv'; 19943)
[2023-10-27 14:31:21,556] {local_task_job.py:156} INFO - Task exited with return code 1
[2023-10-27 14:31:21,582] {local_task_job.py:273} INFO - 0 downstream tasks scheduled from follow-on schedule check
[2023-10-27 14:35:15,789] {taskinstance.py:1159} INFO - Dependencies all met for <TaskInstance: get_stocks_dag.MSFT scheduled__2023-10-13T00:00:00+00:00 [queued]>
[2023-10-27 14:35:15,817] {taskinstance.py:1159} INFO - Dependencies all met for <TaskInstance: get_stocks_dag.MSFT scheduled__2023-10-13T00:00:00+00:00 [queued]>
[2023-10-27 14:35:15,818] {taskinstance.py:1356} INFO - 
--------------------------------------------------------------------------------
[2023-10-27 14:35:15,824] {taskinstance.py:1357} INFO - Starting attempt 1 of 1
[2023-10-27 14:35:15,825] {taskinstance.py:1358} INFO - 
--------------------------------------------------------------------------------
[2023-10-27 14:35:15,845] {taskinstance.py:1377} INFO - Executing <Task(_PythonDecoratedOperator): MSFT> on 2023-10-13 00:00:00+00:00
[2023-10-27 14:35:15,853] {standard_task_runner.py:52} INFO - Started process 20918 to run task
[2023-10-27 14:35:15,863] {standard_task_runner.py:79} INFO - Running: ['airflow', 'tasks', 'run', 'get_stocks_dag', 'MSFT', 'scheduled__2023-10-13T00:00:00+00:00', '--job-id', '38', '--raw', '--subdir', 'DAGS_FOLDER/get_finance.py', '--cfg-path', '/tmp/tmp9bvkun9y', '--error-file', '/tmp/tmp375tkdzl']
[2023-10-27 14:35:15,864] {standard_task_runner.py:80} INFO - Job 38: Subtask MSFT
[2023-10-27 14:35:15,924] {task_command.py:370} INFO - Running <TaskInstance: get_stocks_dag.MSFT scheduled__2023-10-13T00:00:00+00:00 [running]> on host airflow-virtual-machine
[2023-10-27 14:35:16,047] {taskinstance.py:1569} INFO - Exporting the following env vars:
AIRFLOW_CTX_DAG_OWNER=airflow
AIRFLOW_CTX_DAG_ID=get_stocks_dag
AIRFLOW_CTX_TASK_ID=MSFT
AIRFLOW_CTX_EXECUTION_DATE=2023-10-13T00:00:00+00:00
AIRFLOW_CTX_TRY_NUMBER=1
AIRFLOW_CTX_DAG_RUN_ID=scheduled__2023-10-13T00:00:00+00:00
[2023-10-27 14:35:16,611] {python.py:173} INFO - Done. Returned value was: None
[2023-10-27 14:35:16,624] {taskinstance.py:1395} INFO - Marking task as SUCCESS. dag_id=get_stocks_dag, task_id=MSFT, execution_date=20231013T000000, start_date=20231027T173515, end_date=20231027T173516
[2023-10-27 14:35:16,670] {local_task_job.py:156} INFO - Task exited with return code 0
[2023-10-27 14:35:16,700] {local_task_job.py:273} INFO - 0 downstream tasks scheduled from follow-on schedule check
[2023-10-27 14:55:00,939] {taskinstance.py:1159} INFO - Dependencies all met for <TaskInstance: get_stocks_dag.MSFT scheduled__2023-10-13T00:00:00+00:00 [queued]>
[2023-10-27 14:55:00,945] {taskinstance.py:1159} INFO - Dependencies all met for <TaskInstance: get_stocks_dag.MSFT scheduled__2023-10-13T00:00:00+00:00 [queued]>
[2023-10-27 14:55:00,946] {taskinstance.py:1356} INFO - 
--------------------------------------------------------------------------------
[2023-10-27 14:55:00,946] {taskinstance.py:1357} INFO - Starting attempt 1 of 1
[2023-10-27 14:55:00,947] {taskinstance.py:1358} INFO - 
--------------------------------------------------------------------------------
[2023-10-27 14:55:00,960] {taskinstance.py:1377} INFO - Executing <Task(_PythonDecoratedOperator): MSFT> on 2023-10-13 00:00:00+00:00
[2023-10-27 14:55:00,977] {standard_task_runner.py:52} INFO - Started process 23594 to run task
[2023-10-27 14:55:00,981] {standard_task_runner.py:79} INFO - Running: ['airflow', 'tasks', 'run', 'get_stocks_dag', 'MSFT', 'scheduled__2023-10-13T00:00:00+00:00', '--job-id', '38', '--raw', '--subdir', 'DAGS_FOLDER/get_finance.py', '--cfg-path', '/tmp/tmpcicj7uev', '--error-file', '/tmp/tmpbembu50s']
[2023-10-27 14:55:01,005] {standard_task_runner.py:80} INFO - Job 38: Subtask MSFT
[2023-10-27 14:55:01,131] {task_command.py:370} INFO - Running <TaskInstance: get_stocks_dag.MSFT scheduled__2023-10-13T00:00:00+00:00 [running]> on host airflow-virtual-machine
[2023-10-27 14:55:01,190] {taskinstance.py:1569} INFO - Exporting the following env vars:
AIRFLOW_CTX_DAG_OWNER=airflow
AIRFLOW_CTX_DAG_ID=get_stocks_dag
AIRFLOW_CTX_TASK_ID=MSFT
AIRFLOW_CTX_EXECUTION_DATE=2023-10-13T00:00:00+00:00
AIRFLOW_CTX_TRY_NUMBER=1
AIRFLOW_CTX_DAG_RUN_ID=scheduled__2023-10-13T00:00:00+00:00
[2023-10-27 14:55:01,591] {python.py:173} INFO - Done. Returned value was: None
[2023-10-27 14:55:01,597] {taskinstance.py:1395} INFO - Marking task as SUCCESS. dag_id=get_stocks_dag, task_id=MSFT, execution_date=20231013T000000, start_date=20231027T175500, end_date=20231027T175501
[2023-10-27 14:55:01,640] {local_task_job.py:156} INFO - Task exited with return code 0
[2023-10-27 14:55:01,654] {local_task_job.py:273} INFO - 0 downstream tasks scheduled from follow-on schedule check
[2023-10-27 15:24:13,388] {taskinstance.py:1159} INFO - Dependencies all met for <TaskInstance: get_stocks_dag.MSFT scheduled__2023-10-13T00:00:00+00:00 [queued]>
[2023-10-27 15:24:13,395] {taskinstance.py:1159} INFO - Dependencies all met for <TaskInstance: get_stocks_dag.MSFT scheduled__2023-10-13T00:00:00+00:00 [queued]>
[2023-10-27 15:24:13,396] {taskinstance.py:1356} INFO - 
--------------------------------------------------------------------------------
[2023-10-27 15:24:13,396] {taskinstance.py:1357} INFO - Starting attempt 1 of 1
[2023-10-27 15:24:13,396] {taskinstance.py:1358} INFO - 
--------------------------------------------------------------------------------
[2023-10-27 15:24:13,409] {taskinstance.py:1377} INFO - Executing <Task(_PythonDecoratedOperator): MSFT> on 2023-10-13 00:00:00+00:00
[2023-10-27 15:24:13,415] {standard_task_runner.py:52} INFO - Started process 27442 to run task
[2023-10-27 15:24:13,418] {standard_task_runner.py:79} INFO - Running: ['airflow', 'tasks', 'run', 'get_stocks_dag', 'MSFT', 'scheduled__2023-10-13T00:00:00+00:00', '--job-id', '38', '--raw', '--subdir', 'DAGS_FOLDER/get_finance.py', '--cfg-path', '/tmp/tmpknmrnglt', '--error-file', '/tmp/tmpqf2obr8e']
[2023-10-27 15:24:13,419] {standard_task_runner.py:80} INFO - Job 38: Subtask MSFT
[2023-10-27 15:24:13,466] {task_command.py:370} INFO - Running <TaskInstance: get_stocks_dag.MSFT scheduled__2023-10-13T00:00:00+00:00 [running]> on host airflow-virtual-machine
[2023-10-27 15:24:13,633] {taskinstance.py:1569} INFO - Exporting the following env vars:
AIRFLOW_CTX_DAG_OWNER=airflow
AIRFLOW_CTX_DAG_ID=get_stocks_dag
AIRFLOW_CTX_TASK_ID=MSFT
AIRFLOW_CTX_EXECUTION_DATE=2023-10-13T00:00:00+00:00
AIRFLOW_CTX_TRY_NUMBER=1
AIRFLOW_CTX_DAG_RUN_ID=scheduled__2023-10-13T00:00:00+00:00
[2023-10-27 15:24:14,155] {python.py:173} INFO - Done. Returned value was: None
[2023-10-27 15:24:14,160] {taskinstance.py:1395} INFO - Marking task as SUCCESS. dag_id=get_stocks_dag, task_id=MSFT, execution_date=20231013T000000, start_date=20231027T182413, end_date=20231027T182414
[2023-10-27 15:24:14,192] {local_task_job.py:156} INFO - Task exited with return code 0
[2023-10-27 15:24:14,205] {local_task_job.py:273} INFO - 0 downstream tasks scheduled from follow-on schedule check
[2023-10-27 17:02:46,439] {taskinstance.py:1159} INFO - Dependencies all met for <TaskInstance: get_stocks_dag.MSFT scheduled__2023-10-13T00:00:00+00:00 [queued]>
[2023-10-27 17:02:46,461] {taskinstance.py:1159} INFO - Dependencies all met for <TaskInstance: get_stocks_dag.MSFT scheduled__2023-10-13T00:00:00+00:00 [queued]>
[2023-10-27 17:02:46,461] {taskinstance.py:1356} INFO - 
--------------------------------------------------------------------------------
[2023-10-27 17:02:46,461] {taskinstance.py:1357} INFO - Starting attempt 1 of 1
[2023-10-27 17:02:46,461] {taskinstance.py:1358} INFO - 
--------------------------------------------------------------------------------
[2023-10-27 17:02:46,479] {taskinstance.py:1377} INFO - Executing <Task(_PythonDecoratedOperator): MSFT> on 2023-10-13 00:00:00+00:00
[2023-10-27 17:02:46,484] {standard_task_runner.py:52} INFO - Started process 39697 to run task
[2023-10-27 17:02:46,490] {standard_task_runner.py:79} INFO - Running: ['airflow', 'tasks', 'run', 'get_stocks_dag', 'MSFT', 'scheduled__2023-10-13T00:00:00+00:00', '--job-id', '46', '--raw', '--subdir', 'DAGS_FOLDER/get_finance.py', '--cfg-path', '/tmp/tmptso26nxb', '--error-file', '/tmp/tmp13mt_lm1']
[2023-10-27 17:02:46,491] {standard_task_runner.py:80} INFO - Job 46: Subtask MSFT
[2023-10-27 17:02:46,536] {task_command.py:370} INFO - Running <TaskInstance: get_stocks_dag.MSFT scheduled__2023-10-13T00:00:00+00:00 [running]> on host airflow-virtual-machine
[2023-10-27 17:02:46,585] {taskinstance.py:1569} INFO - Exporting the following env vars:
AIRFLOW_CTX_DAG_OWNER=airflow
AIRFLOW_CTX_DAG_ID=get_stocks_dag
AIRFLOW_CTX_TASK_ID=MSFT
AIRFLOW_CTX_EXECUTION_DATE=2023-10-13T00:00:00+00:00
AIRFLOW_CTX_TRY_NUMBER=1
AIRFLOW_CTX_DAG_RUN_ID=scheduled__2023-10-13T00:00:00+00:00
[2023-10-27 17:02:47,259] {taskinstance.py:1889} ERROR - Task failed with exception
Traceback (most recent call last):
  File "/home/gabriel/Documents/project_finance/venv/lib/python3.9/site-packages/airflow/decorators/base.py", line 179, in execute
    return_value = super().execute(context)
  File "/home/gabriel/Documents/project_finance/venv/lib/python3.9/site-packages/airflow/operators/python.py", line 171, in execute
    return_value = self.execute_callable()
  File "/home/gabriel/Documents/project_finance/venv/lib/python3.9/site-packages/airflow/operators/python.py", line 189, in execute_callable
    return self.python_callable(*self.op_args, **self.op_kwargs)
  File "/home/gabriel/Documents/project_finance/airflow/dags/get_finance.py", line 20, in get_history
    yfinance.Ticker(ticker).history(
  File "/home/gabriel/Documents/project_finance/venv/lib/python3.9/site-packages/pandas/core/generic.py", line 3902, in to_csv
    return DataFrameRenderer(formatter).to_csv(
  File "/home/gabriel/Documents/project_finance/venv/lib/python3.9/site-packages/pandas/io/formats/format.py", line 1152, in to_csv
    csv_formatter.save()
  File "/home/gabriel/Documents/project_finance/venv/lib/python3.9/site-packages/pandas/io/formats/csvs.py", line 247, in save
    with get_handle(
  File "/home/gabriel/Documents/project_finance/venv/lib/python3.9/site-packages/pandas/io/common.py", line 863, in get_handle
    handle = open(
IsADirectoryError: [Errno 21] Is a directory: '/home/gabriel/Documents/project_finance/datalake/Bronze/stocks/MSFT'
[2023-10-27 17:02:47,264] {taskinstance.py:1395} INFO - Marking task as FAILED. dag_id=get_stocks_dag, task_id=MSFT, execution_date=20231013T000000, start_date=20231027T200246, end_date=20231027T200247
[2023-10-27 17:02:47,273] {standard_task_runner.py:92} ERROR - Failed to execute job 46 for task MSFT ([Errno 21] Is a directory: '/home/gabriel/Documents/project_finance/datalake/Bronze/stocks/MSFT'; 39697)
[2023-10-27 17:02:47,291] {local_task_job.py:156} INFO - Task exited with return code 1
[2023-10-27 17:02:47,307] {local_task_job.py:273} INFO - 0 downstream tasks scheduled from follow-on schedule check
[2023-10-27 17:10:04,823] {taskinstance.py:1159} INFO - Dependencies all met for <TaskInstance: get_stocks_dag.MSFT scheduled__2023-10-13T00:00:00+00:00 [queued]>
[2023-10-27 17:10:04,830] {taskinstance.py:1159} INFO - Dependencies all met for <TaskInstance: get_stocks_dag.MSFT scheduled__2023-10-13T00:00:00+00:00 [queued]>
[2023-10-27 17:10:04,830] {taskinstance.py:1356} INFO - 
--------------------------------------------------------------------------------
[2023-10-27 17:10:04,830] {taskinstance.py:1357} INFO - Starting attempt 1 of 1
[2023-10-27 17:10:04,831] {taskinstance.py:1358} INFO - 
--------------------------------------------------------------------------------
[2023-10-27 17:10:04,842] {taskinstance.py:1377} INFO - Executing <Task(_PythonDecoratedOperator): MSFT> on 2023-10-13 00:00:00+00:00
[2023-10-27 17:10:04,847] {standard_task_runner.py:52} INFO - Started process 41422 to run task
[2023-10-27 17:10:04,850] {standard_task_runner.py:79} INFO - Running: ['airflow', 'tasks', 'run', 'get_stocks_dag', 'MSFT', 'scheduled__2023-10-13T00:00:00+00:00', '--job-id', '46', '--raw', '--subdir', 'DAGS_FOLDER/get_finance.py', '--cfg-path', '/tmp/tmph3x7d42f', '--error-file', '/tmp/tmpqzclhs8p']
[2023-10-27 17:10:04,850] {standard_task_runner.py:80} INFO - Job 46: Subtask MSFT
[2023-10-27 17:10:04,885] {task_command.py:370} INFO - Running <TaskInstance: get_stocks_dag.MSFT scheduled__2023-10-13T00:00:00+00:00 [running]> on host airflow-virtual-machine
[2023-10-27 17:10:04,936] {taskinstance.py:1569} INFO - Exporting the following env vars:
AIRFLOW_CTX_DAG_OWNER=airflow
AIRFLOW_CTX_DAG_ID=get_stocks_dag
AIRFLOW_CTX_TASK_ID=MSFT
AIRFLOW_CTX_EXECUTION_DATE=2023-10-13T00:00:00+00:00
AIRFLOW_CTX_TRY_NUMBER=1
AIRFLOW_CTX_DAG_RUN_ID=scheduled__2023-10-13T00:00:00+00:00
[2023-10-27 17:10:05,397] {python.py:173} INFO - Done. Returned value was: None
[2023-10-27 17:10:05,417] {taskinstance.py:1395} INFO - Marking task as SUCCESS. dag_id=get_stocks_dag, task_id=MSFT, execution_date=20231013T000000, start_date=20231027T201004, end_date=20231027T201005
[2023-10-27 17:10:05,473] {local_task_job.py:156} INFO - Task exited with return code 0
[2023-10-27 17:10:05,519] {local_task_job.py:273} INFO - 0 downstream tasks scheduled from follow-on schedule check
[2023-10-27 18:10:58,277] {taskinstance.py:1159} INFO - Dependencies all met for <TaskInstance: get_stocks_dag.MSFT scheduled__2023-10-13T00:00:00+00:00 [queued]>
[2023-10-27 18:10:58,287] {taskinstance.py:1159} INFO - Dependencies all met for <TaskInstance: get_stocks_dag.MSFT scheduled__2023-10-13T00:00:00+00:00 [queued]>
[2023-10-27 18:10:58,289] {taskinstance.py:1356} INFO - 
--------------------------------------------------------------------------------
[2023-10-27 18:10:58,289] {taskinstance.py:1357} INFO - Starting attempt 1 of 1
[2023-10-27 18:10:58,289] {taskinstance.py:1358} INFO - 
--------------------------------------------------------------------------------
[2023-10-27 18:10:58,334] {taskinstance.py:1377} INFO - Executing <Task(_PythonDecoratedOperator): MSFT> on 2023-10-13 00:00:00+00:00
[2023-10-27 18:10:58,350] {standard_task_runner.py:52} INFO - Started process 49575 to run task
[2023-10-27 18:10:58,361] {standard_task_runner.py:79} INFO - Running: ['airflow', 'tasks', 'run', 'get_stocks_dag', 'MSFT', 'scheduled__2023-10-13T00:00:00+00:00', '--job-id', '45', '--raw', '--subdir', 'DAGS_FOLDER/get_finance.py', '--cfg-path', '/tmp/tmpn76kuj0y', '--error-file', '/tmp/tmpsgfn_qo6']
[2023-10-27 18:10:58,364] {standard_task_runner.py:80} INFO - Job 45: Subtask MSFT
[2023-10-27 18:10:58,435] {task_command.py:370} INFO - Running <TaskInstance: get_stocks_dag.MSFT scheduled__2023-10-13T00:00:00+00:00 [running]> on host airflow-virtual-machine
[2023-10-27 18:10:58,487] {taskinstance.py:1569} INFO - Exporting the following env vars:
AIRFLOW_CTX_DAG_OWNER=airflow
AIRFLOW_CTX_DAG_ID=get_stocks_dag
AIRFLOW_CTX_TASK_ID=MSFT
AIRFLOW_CTX_EXECUTION_DATE=2023-10-13T00:00:00+00:00
AIRFLOW_CTX_TRY_NUMBER=1
AIRFLOW_CTX_DAG_RUN_ID=scheduled__2023-10-13T00:00:00+00:00
[2023-10-27 18:10:58,954] {python.py:173} INFO - Done. Returned value was: None
[2023-10-27 18:10:58,959] {taskinstance.py:1395} INFO - Marking task as SUCCESS. dag_id=get_stocks_dag, task_id=MSFT, execution_date=20231013T000000, start_date=20231027T211058, end_date=20231027T211058
[2023-10-27 18:10:59,005] {local_task_job.py:156} INFO - Task exited with return code 0
[2023-10-27 18:10:59,049] {local_task_job.py:273} INFO - 0 downstream tasks scheduled from follow-on schedule check
[2023-10-29 11:29:41,648] {taskinstance.py:1159} INFO - Dependencies all met for <TaskInstance: get_stocks_dag.MSFT scheduled__2023-10-13T00:00:00+00:00 [queued]>
[2023-10-29 11:29:41,668] {taskinstance.py:1159} INFO - Dependencies all met for <TaskInstance: get_stocks_dag.MSFT scheduled__2023-10-13T00:00:00+00:00 [queued]>
[2023-10-29 11:29:41,668] {taskinstance.py:1356} INFO - 
--------------------------------------------------------------------------------
[2023-10-29 11:29:41,668] {taskinstance.py:1357} INFO - Starting attempt 1 of 1
[2023-10-29 11:29:41,668] {taskinstance.py:1358} INFO - 
--------------------------------------------------------------------------------
[2023-10-29 11:29:41,692] {taskinstance.py:1377} INFO - Executing <Task(_PythonDecoratedOperator): MSFT> on 2023-10-13 00:00:00+00:00
[2023-10-29 11:29:41,713] {standard_task_runner.py:52} INFO - Started process 14425 to run task
[2023-10-29 11:29:41,784] {standard_task_runner.py:79} INFO - Running: ['airflow', 'tasks', 'run', 'get_stocks_dag', 'MSFT', 'scheduled__2023-10-13T00:00:00+00:00', '--job-id', '41', '--raw', '--subdir', 'DAGS_FOLDER/get_finance.py', '--cfg-path', '/tmp/tmps4j4o9gg', '--error-file', '/tmp/tmp0qg71vc9']
[2023-10-29 11:29:41,856] {standard_task_runner.py:80} INFO - Job 41: Subtask MSFT
[2023-10-29 11:29:42,406] {task_command.py:370} INFO - Running <TaskInstance: get_stocks_dag.MSFT scheduled__2023-10-13T00:00:00+00:00 [running]> on host airflow-virtual-machine
[2023-10-29 11:29:42,795] {taskinstance.py:1569} INFO - Exporting the following env vars:
AIRFLOW_CTX_DAG_OWNER=airflow
AIRFLOW_CTX_DAG_ID=get_stocks_dag
AIRFLOW_CTX_TASK_ID=MSFT
AIRFLOW_CTX_EXECUTION_DATE=2023-10-13T00:00:00+00:00
AIRFLOW_CTX_TRY_NUMBER=1
AIRFLOW_CTX_DAG_RUN_ID=scheduled__2023-10-13T00:00:00+00:00
[2023-10-29 11:29:43,593] {python.py:173} INFO - Done. Returned value was: None
[2023-10-29 11:29:43,610] {taskinstance.py:1395} INFO - Marking task as SUCCESS. dag_id=get_stocks_dag, task_id=MSFT, execution_date=20231013T000000, start_date=20231029T142941, end_date=20231029T142943
[2023-10-29 11:29:43,645] {local_task_job.py:156} INFO - Task exited with return code 0
[2023-10-29 11:29:43,978] {local_task_job.py:273} INFO - 1 downstream tasks scheduled from follow-on schedule check
[2023-10-29 11:33:35,763] {taskinstance.py:1159} INFO - Dependencies all met for <TaskInstance: get_stocks_dag.MSFT scheduled__2023-10-13T00:00:00+00:00 [queued]>
[2023-10-29 11:33:36,088] {taskinstance.py:1159} INFO - Dependencies all met for <TaskInstance: get_stocks_dag.MSFT scheduled__2023-10-13T00:00:00+00:00 [queued]>
[2023-10-29 11:33:36,089] {taskinstance.py:1356} INFO - 
--------------------------------------------------------------------------------
[2023-10-29 11:33:36,089] {taskinstance.py:1357} INFO - Starting attempt 1 of 1
[2023-10-29 11:33:36,089] {taskinstance.py:1358} INFO - 
--------------------------------------------------------------------------------
[2023-10-29 11:33:36,586] {taskinstance.py:1377} INFO - Executing <Task(_PythonDecoratedOperator): MSFT> on 2023-10-13 00:00:00+00:00
[2023-10-29 11:33:36,678] {standard_task_runner.py:79} INFO - Running: ['airflow', 'tasks', 'run', 'get_stocks_dag', 'MSFT', 'scheduled__2023-10-13T00:00:00+00:00', '--job-id', '130', '--raw', '--subdir', 'DAGS_FOLDER/get_finance.py', '--cfg-path', '/tmp/tmp4gyvlce4', '--error-file', '/tmp/tmpbxwow_cl']
[2023-10-29 11:33:36,597] {standard_task_runner.py:52} INFO - Started process 16468 to run task
[2023-10-29 11:33:36,679] {standard_task_runner.py:80} INFO - Job 130: Subtask MSFT
[2023-10-29 11:33:37,226] {task_command.py:370} INFO - Running <TaskInstance: get_stocks_dag.MSFT scheduled__2023-10-13T00:00:00+00:00 [running]> on host airflow-virtual-machine
[2023-10-29 11:33:37,640] {taskinstance.py:1569} INFO - Exporting the following env vars:
AIRFLOW_CTX_DAG_OWNER=airflow
AIRFLOW_CTX_DAG_ID=get_stocks_dag
AIRFLOW_CTX_TASK_ID=MSFT
AIRFLOW_CTX_EXECUTION_DATE=2023-10-13T00:00:00+00:00
AIRFLOW_CTX_TRY_NUMBER=1
AIRFLOW_CTX_DAG_RUN_ID=scheduled__2023-10-13T00:00:00+00:00
[2023-10-29 11:33:38,377] {python.py:173} INFO - Done. Returned value was: None
[2023-10-29 11:33:38,629] {taskinstance.py:1395} INFO - Marking task as SUCCESS. dag_id=get_stocks_dag, task_id=MSFT, execution_date=20231013T000000, start_date=20231029T143335, end_date=20231029T143338
[2023-10-29 11:33:39,149] {local_task_job.py:156} INFO - Task exited with return code 0
[2023-10-29 11:33:42,429] {local_task_job.py:273} INFO - 0 downstream tasks scheduled from follow-on schedule check
[2023-10-29 13:33:08,363] {taskinstance.py:1159} INFO - Dependencies all met for <TaskInstance: get_stocks_dag.MSFT scheduled__2023-10-13T00:00:00+00:00 [queued]>
[2023-10-29 13:33:08,507] {taskinstance.py:1159} INFO - Dependencies all met for <TaskInstance: get_stocks_dag.MSFT scheduled__2023-10-13T00:00:00+00:00 [queued]>
[2023-10-29 13:33:08,539] {taskinstance.py:1356} INFO - 
--------------------------------------------------------------------------------
[2023-10-29 13:33:08,540] {taskinstance.py:1357} INFO - Starting attempt 1 of 1
[2023-10-29 13:33:08,545] {taskinstance.py:1358} INFO - 
--------------------------------------------------------------------------------
[2023-10-29 13:33:08,753] {taskinstance.py:1377} INFO - Executing <Task(_PythonDecoratedOperator): MSFT> on 2023-10-13 00:00:00+00:00
[2023-10-29 13:33:08,773] {standard_task_runner.py:52} INFO - Started process 6591 to run task
[2023-10-29 13:33:08,853] {standard_task_runner.py:79} INFO - Running: ['airflow', 'tasks', 'run', 'get_stocks_dag', 'MSFT', 'scheduled__2023-10-13T00:00:00+00:00', '--job-id', '239', '--raw', '--subdir', 'DAGS_FOLDER/get_finance.py', '--cfg-path', '/tmp/tmpmnfacaa6', '--error-file', '/tmp/tmpkregnnt9']
[2023-10-29 13:33:08,854] {standard_task_runner.py:80} INFO - Job 239: Subtask MSFT
[2023-10-29 13:33:09,575] {task_command.py:370} INFO - Running <TaskInstance: get_stocks_dag.MSFT scheduled__2023-10-13T00:00:00+00:00 [running]> on host airflow-virtual-machine
[2023-10-29 13:33:09,807] {taskinstance.py:1569} INFO - Exporting the following env vars:
AIRFLOW_CTX_DAG_OWNER=airflow
AIRFLOW_CTX_DAG_ID=get_stocks_dag
AIRFLOW_CTX_TASK_ID=MSFT
AIRFLOW_CTX_EXECUTION_DATE=2023-10-13T00:00:00+00:00
AIRFLOW_CTX_TRY_NUMBER=1
AIRFLOW_CTX_DAG_RUN_ID=scheduled__2023-10-13T00:00:00+00:00
[2023-10-29 13:33:10,813] {python.py:173} INFO - Done. Returned value was: None
[2023-10-29 13:33:10,913] {taskinstance.py:1395} INFO - Marking task as SUCCESS. dag_id=get_stocks_dag, task_id=MSFT, execution_date=20231013T000000, start_date=20231029T163308, end_date=20231029T163310
[2023-10-29 13:33:11,407] {local_task_job.py:156} INFO - Task exited with return code 0
[2023-10-29 13:33:11,907] {local_task_job.py:273} INFO - 1 downstream tasks scheduled from follow-on schedule check
[2023-10-29 14:35:45,948] {taskinstance.py:1159} INFO - Dependencies all met for <TaskInstance: get_stocks_dag.MSFT scheduled__2023-10-13T00:00:00+00:00 [queued]>
[2023-10-29 14:35:46,224] {taskinstance.py:1159} INFO - Dependencies all met for <TaskInstance: get_stocks_dag.MSFT scheduled__2023-10-13T00:00:00+00:00 [queued]>
[2023-10-29 14:35:46,233] {taskinstance.py:1356} INFO - 
--------------------------------------------------------------------------------
[2023-10-29 14:35:46,237] {taskinstance.py:1357} INFO - Starting attempt 1 of 1
[2023-10-29 14:35:46,244] {taskinstance.py:1358} INFO - 
--------------------------------------------------------------------------------
[2023-10-29 14:35:46,367] {taskinstance.py:1377} INFO - Executing <Task(_PythonDecoratedOperator): MSFT> on 2023-10-13 00:00:00+00:00
[2023-10-29 14:35:46,506] {standard_task_runner.py:52} INFO - Started process 9625 to run task
[2023-10-29 14:35:46,549] {standard_task_runner.py:79} INFO - Running: ['airflow', 'tasks', 'run', 'get_stocks_dag', 'MSFT', 'scheduled__2023-10-13T00:00:00+00:00', '--job-id', '336', '--raw', '--subdir', 'DAGS_FOLDER/get_finance.py', '--cfg-path', '/tmp/tmp4fibjux7', '--error-file', '/tmp/tmpi6qgs0g3']
[2023-10-29 14:35:46,551] {standard_task_runner.py:80} INFO - Job 336: Subtask MSFT
[2023-10-29 14:35:47,334] {task_command.py:370} INFO - Running <TaskInstance: get_stocks_dag.MSFT scheduled__2023-10-13T00:00:00+00:00 [running]> on host airflow-virtual-machine
[2023-10-29 14:35:47,636] {taskinstance.py:1569} INFO - Exporting the following env vars:
AIRFLOW_CTX_DAG_OWNER=airflow
AIRFLOW_CTX_DAG_ID=get_stocks_dag
AIRFLOW_CTX_TASK_ID=MSFT
AIRFLOW_CTX_EXECUTION_DATE=2023-10-13T00:00:00+00:00
AIRFLOW_CTX_TRY_NUMBER=1
AIRFLOW_CTX_DAG_RUN_ID=scheduled__2023-10-13T00:00:00+00:00
[2023-10-29 14:35:48,445] {python.py:173} INFO - Done. Returned value was: None
[2023-10-29 14:35:48,470] {taskinstance.py:1395} INFO - Marking task as SUCCESS. dag_id=get_stocks_dag, task_id=MSFT, execution_date=20231013T000000, start_date=20231029T173546, end_date=20231029T173548
[2023-10-29 14:35:48,572] {local_task_job.py:156} INFO - Task exited with return code 0
[2023-10-29 14:35:48,764] {local_task_job.py:273} INFO - 0 downstream tasks scheduled from follow-on schedule check
