[2023-10-27 18:12:56,865] {taskinstance.py:1159} INFO - Dependencies all met for <TaskInstance: get_stocks_dag.transform_stocks scheduled__2023-10-26T00:00:00+00:00 [queued]>
[2023-10-27 18:12:56,871] {taskinstance.py:1159} INFO - Dependencies all met for <TaskInstance: get_stocks_dag.transform_stocks scheduled__2023-10-26T00:00:00+00:00 [queued]>
[2023-10-27 18:12:56,871] {taskinstance.py:1356} INFO - 
--------------------------------------------------------------------------------
[2023-10-27 18:12:56,871] {taskinstance.py:1357} INFO - Starting attempt 1 of 1
[2023-10-27 18:12:56,871] {taskinstance.py:1358} INFO - 
--------------------------------------------------------------------------------
[2023-10-27 18:12:56,883] {taskinstance.py:1377} INFO - Executing <Task(_PythonDecoratedOperator): transform_stocks> on 2023-10-26 00:00:00+00:00
[2023-10-27 18:12:56,887] {standard_task_runner.py:52} INFO - Started process 50286 to run task
[2023-10-27 18:12:56,891] {standard_task_runner.py:79} INFO - Running: ['airflow', 'tasks', 'run', 'get_stocks_dag', 'transform_stocks', 'scheduled__2023-10-26T00:00:00+00:00', '--job-id', '94', '--raw', '--subdir', 'DAGS_FOLDER/get_finance.py', '--cfg-path', '/tmp/tmpx83icbzi', '--error-file', '/tmp/tmp7hpkzlf8']
[2023-10-27 18:12:56,892] {standard_task_runner.py:80} INFO - Job 94: Subtask transform_stocks
[2023-10-27 18:12:56,932] {task_command.py:370} INFO - Running <TaskInstance: get_stocks_dag.transform_stocks scheduled__2023-10-26T00:00:00+00:00 [running]> on host airflow-virtual-machine
[2023-10-27 18:12:56,972] {taskinstance.py:1569} INFO - Exporting the following env vars:
AIRFLOW_CTX_DAG_OWNER=airflow
AIRFLOW_CTX_DAG_ID=get_stocks_dag
AIRFLOW_CTX_TASK_ID=transform_stocks
AIRFLOW_CTX_EXECUTION_DATE=2023-10-26T00:00:00+00:00
AIRFLOW_CTX_TRY_NUMBER=1
AIRFLOW_CTX_DAG_RUN_ID=scheduled__2023-10-26T00:00:00+00:00
[2023-10-27 18:12:56,994] {python.py:173} INFO - Done. Returned value was: None
[2023-10-27 18:12:56,998] {taskinstance.py:1395} INFO - Marking task as SUCCESS. dag_id=get_stocks_dag, task_id=transform_stocks, execution_date=20231026T000000, start_date=20231027T211256, end_date=20231027T211256
[2023-10-27 18:12:57,028] {local_task_job.py:156} INFO - Task exited with return code 0
[2023-10-27 18:12:57,046] {local_task_job.py:273} INFO - 0 downstream tasks scheduled from follow-on schedule check
[2023-10-29 11:30:06,815] {taskinstance.py:1159} INFO - Dependencies all met for <TaskInstance: get_stocks_dag.transform_stocks scheduled__2023-10-26T00:00:00+00:00 [queued]>
[2023-10-29 11:30:06,831] {taskinstance.py:1159} INFO - Dependencies all met for <TaskInstance: get_stocks_dag.transform_stocks scheduled__2023-10-26T00:00:00+00:00 [queued]>
[2023-10-29 11:30:06,831] {taskinstance.py:1356} INFO - 
--------------------------------------------------------------------------------
[2023-10-29 11:30:06,831] {taskinstance.py:1357} INFO - Starting attempt 1 of 1
[2023-10-29 11:30:06,832] {taskinstance.py:1358} INFO - 
--------------------------------------------------------------------------------
[2023-10-29 11:30:06,847] {taskinstance.py:1377} INFO - Executing <Task(_PythonDecoratedOperator): transform_stocks> on 2023-10-26 00:00:00+00:00
[2023-10-29 11:30:06,852] {standard_task_runner.py:52} INFO - Started process 15526 to run task
[2023-10-29 11:30:06,861] {standard_task_runner.py:79} INFO - Running: ['airflow', 'tasks', 'run', 'get_stocks_dag', 'transform_stocks', 'scheduled__2023-10-26T00:00:00+00:00', '--job-id', '95', '--raw', '--subdir', 'DAGS_FOLDER/get_finance.py', '--cfg-path', '/tmp/tmp335z9j9h', '--error-file', '/tmp/tmpd_8hjjvp']
[2023-10-29 11:30:06,862] {standard_task_runner.py:80} INFO - Job 95: Subtask transform_stocks
[2023-10-29 11:30:06,934] {task_command.py:370} INFO - Running <TaskInstance: get_stocks_dag.transform_stocks scheduled__2023-10-26T00:00:00+00:00 [running]> on host airflow-virtual-machine
[2023-10-29 11:30:07,016] {taskinstance.py:1569} INFO - Exporting the following env vars:
AIRFLOW_CTX_DAG_OWNER=airflow
AIRFLOW_CTX_DAG_ID=get_stocks_dag
AIRFLOW_CTX_TASK_ID=transform_stocks
AIRFLOW_CTX_EXECUTION_DATE=2023-10-26T00:00:00+00:00
AIRFLOW_CTX_TRY_NUMBER=1
AIRFLOW_CTX_DAG_RUN_ID=scheduled__2023-10-26T00:00:00+00:00
[2023-10-29 11:30:07,045] {python.py:173} INFO - Done. Returned value was: None
[2023-10-29 11:30:07,058] {taskinstance.py:1395} INFO - Marking task as SUCCESS. dag_id=get_stocks_dag, task_id=transform_stocks, execution_date=20231026T000000, start_date=20231029T143006, end_date=20231029T143007
[2023-10-29 11:30:07,114] {local_task_job.py:156} INFO - Task exited with return code 0
[2023-10-29 11:30:07,151] {local_task_job.py:273} INFO - 0 downstream tasks scheduled from follow-on schedule check
[2023-10-29 11:34:24,138] {taskinstance.py:1159} INFO - Dependencies all met for <TaskInstance: get_stocks_dag.transform_stocks scheduled__2023-10-26T00:00:00+00:00 [queued]>
[2023-10-29 11:34:24,147] {taskinstance.py:1159} INFO - Dependencies all met for <TaskInstance: get_stocks_dag.transform_stocks scheduled__2023-10-26T00:00:00+00:00 [queued]>
[2023-10-29 11:34:24,147] {taskinstance.py:1356} INFO - 
--------------------------------------------------------------------------------
[2023-10-29 11:34:24,147] {taskinstance.py:1357} INFO - Starting attempt 1 of 1
[2023-10-29 11:34:24,147] {taskinstance.py:1358} INFO - 
--------------------------------------------------------------------------------
[2023-10-29 11:34:24,160] {taskinstance.py:1377} INFO - Executing <Task(_PythonDecoratedOperator): transform_stocks> on 2023-10-26 00:00:00+00:00
[2023-10-29 11:34:24,165] {standard_task_runner.py:52} INFO - Started process 17808 to run task
[2023-10-29 11:34:24,170] {standard_task_runner.py:79} INFO - Running: ['airflow', 'tasks', 'run', 'get_stocks_dag', 'transform_stocks', 'scheduled__2023-10-26T00:00:00+00:00', '--job-id', '192', '--raw', '--subdir', 'DAGS_FOLDER/get_finance.py', '--cfg-path', '/tmp/tmpqhvejfit', '--error-file', '/tmp/tmp_8ls99xq']
[2023-10-29 11:34:24,171] {standard_task_runner.py:80} INFO - Job 192: Subtask transform_stocks
[2023-10-29 11:34:24,263] {task_command.py:370} INFO - Running <TaskInstance: get_stocks_dag.transform_stocks scheduled__2023-10-26T00:00:00+00:00 [running]> on host airflow-virtual-machine
[2023-10-29 11:34:24,355] {taskinstance.py:1569} INFO - Exporting the following env vars:
AIRFLOW_CTX_DAG_OWNER=airflow
AIRFLOW_CTX_DAG_ID=get_stocks_dag
AIRFLOW_CTX_TASK_ID=transform_stocks
AIRFLOW_CTX_EXECUTION_DATE=2023-10-26T00:00:00+00:00
AIRFLOW_CTX_TRY_NUMBER=1
AIRFLOW_CTX_DAG_RUN_ID=scheduled__2023-10-26T00:00:00+00:00
[2023-10-29 11:34:24,387] {python.py:173} INFO - Done. Returned value was: None
[2023-10-29 11:34:24,410] {taskinstance.py:1395} INFO - Marking task as SUCCESS. dag_id=get_stocks_dag, task_id=transform_stocks, execution_date=20231026T000000, start_date=20231029T143424, end_date=20231029T143424
[2023-10-29 11:34:24,471] {local_task_job.py:156} INFO - Task exited with return code 0
[2023-10-29 11:34:24,568] {local_task_job.py:273} INFO - 0 downstream tasks scheduled from follow-on schedule check
[2023-10-29 13:33:39,009] {taskinstance.py:1159} INFO - Dependencies all met for <TaskInstance: get_stocks_dag.transform_stocks scheduled__2023-10-26T00:00:00+00:00 [queued]>
[2023-10-29 13:33:39,024] {taskinstance.py:1159} INFO - Dependencies all met for <TaskInstance: get_stocks_dag.transform_stocks scheduled__2023-10-26T00:00:00+00:00 [queued]>
[2023-10-29 13:33:39,026] {taskinstance.py:1356} INFO - 
--------------------------------------------------------------------------------
[2023-10-29 13:33:39,026] {taskinstance.py:1357} INFO - Starting attempt 1 of 1
[2023-10-29 13:33:39,026] {taskinstance.py:1358} INFO - 
--------------------------------------------------------------------------------
[2023-10-29 13:33:39,047] {taskinstance.py:1377} INFO - Executing <Task(_PythonDecoratedOperator): transform_stocks> on 2023-10-26 00:00:00+00:00
[2023-10-29 13:33:39,052] {standard_task_runner.py:52} INFO - Started process 7771 to run task
[2023-10-29 13:33:39,056] {standard_task_runner.py:79} INFO - Running: ['airflow', 'tasks', 'run', 'get_stocks_dag', 'transform_stocks', 'scheduled__2023-10-26T00:00:00+00:00', '--job-id', '298', '--raw', '--subdir', 'DAGS_FOLDER/get_finance.py', '--cfg-path', '/tmp/tmp21oz9jdv', '--error-file', '/tmp/tmp6lg8_8q6']
[2023-10-29 13:33:39,062] {standard_task_runner.py:80} INFO - Job 298: Subtask transform_stocks
[2023-10-29 13:33:39,159] {task_command.py:370} INFO - Running <TaskInstance: get_stocks_dag.transform_stocks scheduled__2023-10-26T00:00:00+00:00 [running]> on host airflow-virtual-machine
[2023-10-29 13:33:39,238] {taskinstance.py:1569} INFO - Exporting the following env vars:
AIRFLOW_CTX_DAG_OWNER=airflow
AIRFLOW_CTX_DAG_ID=get_stocks_dag
AIRFLOW_CTX_TASK_ID=transform_stocks
AIRFLOW_CTX_EXECUTION_DATE=2023-10-26T00:00:00+00:00
AIRFLOW_CTX_TRY_NUMBER=1
AIRFLOW_CTX_DAG_RUN_ID=scheduled__2023-10-26T00:00:00+00:00
[2023-10-29 13:33:39,263] {python.py:173} INFO - Done. Returned value was: None
[2023-10-29 13:33:39,275] {taskinstance.py:1395} INFO - Marking task as SUCCESS. dag_id=get_stocks_dag, task_id=transform_stocks, execution_date=20231026T000000, start_date=20231029T163339, end_date=20231029T163339
[2023-10-29 13:33:39,291] {local_task_job.py:156} INFO - Task exited with return code 0
[2023-10-29 13:33:39,324] {local_task_job.py:273} INFO - 0 downstream tasks scheduled from follow-on schedule check
[2023-10-29 14:36:09,836] {taskinstance.py:1159} INFO - Dependencies all met for <TaskInstance: get_stocks_dag.transform_stocks scheduled__2023-10-26T00:00:00+00:00 [queued]>
[2023-10-29 14:36:09,851] {taskinstance.py:1159} INFO - Dependencies all met for <TaskInstance: get_stocks_dag.transform_stocks scheduled__2023-10-26T00:00:00+00:00 [queued]>
[2023-10-29 14:36:09,851] {taskinstance.py:1356} INFO - 
--------------------------------------------------------------------------------
[2023-10-29 14:36:09,851] {taskinstance.py:1357} INFO - Starting attempt 1 of 1
[2023-10-29 14:36:09,851] {taskinstance.py:1358} INFO - 
--------------------------------------------------------------------------------
[2023-10-29 14:36:09,872] {taskinstance.py:1377} INFO - Executing <Task(_PythonDecoratedOperator): transform_stocks> on 2023-10-26 00:00:00+00:00
[2023-10-29 14:36:09,879] {standard_task_runner.py:52} INFO - Started process 10730 to run task
[2023-10-29 14:36:09,884] {standard_task_runner.py:79} INFO - Running: ['airflow', 'tasks', 'run', 'get_stocks_dag', 'transform_stocks', 'scheduled__2023-10-26T00:00:00+00:00', '--job-id', '393', '--raw', '--subdir', 'DAGS_FOLDER/get_finance.py', '--cfg-path', '/tmp/tmphaucs47t', '--error-file', '/tmp/tmp641l6z8v']
[2023-10-29 14:36:09,885] {standard_task_runner.py:80} INFO - Job 393: Subtask transform_stocks
[2023-10-29 14:36:09,980] {task_command.py:370} INFO - Running <TaskInstance: get_stocks_dag.transform_stocks scheduled__2023-10-26T00:00:00+00:00 [running]> on host airflow-virtual-machine
[2023-10-29 14:36:10,095] {taskinstance.py:1569} INFO - Exporting the following env vars:
AIRFLOW_CTX_DAG_OWNER=airflow
AIRFLOW_CTX_DAG_ID=get_stocks_dag
AIRFLOW_CTX_TASK_ID=transform_stocks
AIRFLOW_CTX_EXECUTION_DATE=2023-10-26T00:00:00+00:00
AIRFLOW_CTX_TRY_NUMBER=1
AIRFLOW_CTX_DAG_RUN_ID=scheduled__2023-10-26T00:00:00+00:00
[2023-10-29 14:36:10,153] {python.py:173} INFO - Done. Returned value was: None
[2023-10-29 14:36:10,171] {taskinstance.py:1395} INFO - Marking task as SUCCESS. dag_id=get_stocks_dag, task_id=transform_stocks, execution_date=20231026T000000, start_date=20231029T173609, end_date=20231029T173610
[2023-10-29 14:36:10,224] {local_task_job.py:156} INFO - Task exited with return code 0
[2023-10-29 14:36:10,270] {local_task_job.py:273} INFO - 0 downstream tasks scheduled from follow-on schedule check
