[2023-10-29 13:17:37,619] {processor.py:153} INFO - Started process (PID=3428) to work on /home/gabriel/Documents/project_finance/venv/lib/python3.9/site-packages/airflow/example_dags/subdags/subdag.py
[2023-10-29 13:17:37,620] {processor.py:641} INFO - Processing file /home/gabriel/Documents/project_finance/venv/lib/python3.9/site-packages/airflow/example_dags/subdags/subdag.py for tasks to queue
[2023-10-29 13:17:37,620] {logging_mixin.py:115} INFO - [2023-10-29 13:17:37,620] {dagbag.py:507} INFO - Filling up the DagBag from /home/gabriel/Documents/project_finance/venv/lib/python3.9/site-packages/airflow/example_dags/subdags/subdag.py
[2023-10-29 13:17:37,622] {processor.py:653} WARNING - No viable dags retrieved from /home/gabriel/Documents/project_finance/venv/lib/python3.9/site-packages/airflow/example_dags/subdags/subdag.py
[2023-10-29 13:17:37,634] {processor.py:161} INFO - Processing /home/gabriel/Documents/project_finance/venv/lib/python3.9/site-packages/airflow/example_dags/subdags/subdag.py took 0.018 seconds
[2023-10-29 13:18:27,919] {processor.py:153} INFO - Started process (PID=3524) to work on /home/gabriel/Documents/project_finance/venv/lib/python3.9/site-packages/airflow/example_dags/subdags/subdag.py
[2023-10-29 13:18:27,920] {processor.py:641} INFO - Processing file /home/gabriel/Documents/project_finance/venv/lib/python3.9/site-packages/airflow/example_dags/subdags/subdag.py for tasks to queue
[2023-10-29 13:18:27,920] {logging_mixin.py:115} INFO - [2023-10-29 13:18:27,920] {dagbag.py:507} INFO - Filling up the DagBag from /home/gabriel/Documents/project_finance/venv/lib/python3.9/site-packages/airflow/example_dags/subdags/subdag.py
[2023-10-29 13:18:27,922] {processor.py:653} WARNING - No viable dags retrieved from /home/gabriel/Documents/project_finance/venv/lib/python3.9/site-packages/airflow/example_dags/subdags/subdag.py
[2023-10-29 13:18:27,931] {processor.py:161} INFO - Processing /home/gabriel/Documents/project_finance/venv/lib/python3.9/site-packages/airflow/example_dags/subdags/subdag.py took 0.014 seconds
[2023-10-29 13:19:00,556] {processor.py:153} INFO - Started process (PID=3599) to work on /home/gabriel/Documents/project_finance/venv/lib/python3.9/site-packages/airflow/example_dags/subdags/subdag.py
[2023-10-29 13:19:00,556] {processor.py:641} INFO - Processing file /home/gabriel/Documents/project_finance/venv/lib/python3.9/site-packages/airflow/example_dags/subdags/subdag.py for tasks to queue
[2023-10-29 13:19:00,557] {logging_mixin.py:115} INFO - [2023-10-29 13:19:00,557] {dagbag.py:507} INFO - Filling up the DagBag from /home/gabriel/Documents/project_finance/venv/lib/python3.9/site-packages/airflow/example_dags/subdags/subdag.py
[2023-10-29 13:19:00,558] {processor.py:653} WARNING - No viable dags retrieved from /home/gabriel/Documents/project_finance/venv/lib/python3.9/site-packages/airflow/example_dags/subdags/subdag.py
[2023-10-29 13:19:00,567] {processor.py:161} INFO - Processing /home/gabriel/Documents/project_finance/venv/lib/python3.9/site-packages/airflow/example_dags/subdags/subdag.py took 0.014 seconds
[2023-10-29 13:19:33,648] {processor.py:153} INFO - Started process (PID=3634) to work on /home/gabriel/Documents/project_finance/venv/lib/python3.9/site-packages/airflow/example_dags/subdags/subdag.py
[2023-10-29 13:19:33,649] {processor.py:641} INFO - Processing file /home/gabriel/Documents/project_finance/venv/lib/python3.9/site-packages/airflow/example_dags/subdags/subdag.py for tasks to queue
[2023-10-29 13:19:33,649] {logging_mixin.py:115} INFO - [2023-10-29 13:19:33,649] {dagbag.py:507} INFO - Filling up the DagBag from /home/gabriel/Documents/project_finance/venv/lib/python3.9/site-packages/airflow/example_dags/subdags/subdag.py
[2023-10-29 13:19:33,650] {processor.py:653} WARNING - No viable dags retrieved from /home/gabriel/Documents/project_finance/venv/lib/python3.9/site-packages/airflow/example_dags/subdags/subdag.py
[2023-10-29 13:19:33,660] {processor.py:161} INFO - Processing /home/gabriel/Documents/project_finance/venv/lib/python3.9/site-packages/airflow/example_dags/subdags/subdag.py took 0.014 seconds
[2023-10-29 13:19:42,596] {processor.py:153} INFO - Started process (PID=3656) to work on /home/gabriel/Documents/project_finance/venv/lib/python3.9/site-packages/airflow/example_dags/subdags/subdag.py
[2023-10-29 13:19:42,597] {processor.py:641} INFO - Processing file /home/gabriel/Documents/project_finance/venv/lib/python3.9/site-packages/airflow/example_dags/subdags/subdag.py for tasks to queue
[2023-10-29 13:19:42,597] {logging_mixin.py:115} INFO - [2023-10-29 13:19:42,597] {dagbag.py:507} INFO - Filling up the DagBag from /home/gabriel/Documents/project_finance/venv/lib/python3.9/site-packages/airflow/example_dags/subdags/subdag.py
[2023-10-29 13:19:42,599] {processor.py:653} WARNING - No viable dags retrieved from /home/gabriel/Documents/project_finance/venv/lib/python3.9/site-packages/airflow/example_dags/subdags/subdag.py
[2023-10-29 13:19:42,610] {processor.py:161} INFO - Processing /home/gabriel/Documents/project_finance/venv/lib/python3.9/site-packages/airflow/example_dags/subdags/subdag.py took 0.017 seconds
[2023-10-29 13:20:14,401] {processor.py:153} INFO - Started process (PID=3699) to work on /home/gabriel/Documents/project_finance/venv/lib/python3.9/site-packages/airflow/example_dags/subdags/subdag.py
[2023-10-29 13:20:14,402] {processor.py:641} INFO - Processing file /home/gabriel/Documents/project_finance/venv/lib/python3.9/site-packages/airflow/example_dags/subdags/subdag.py for tasks to queue
[2023-10-29 13:20:14,402] {logging_mixin.py:115} INFO - [2023-10-29 13:20:14,402] {dagbag.py:507} INFO - Filling up the DagBag from /home/gabriel/Documents/project_finance/venv/lib/python3.9/site-packages/airflow/example_dags/subdags/subdag.py
[2023-10-29 13:20:14,403] {processor.py:653} WARNING - No viable dags retrieved from /home/gabriel/Documents/project_finance/venv/lib/python3.9/site-packages/airflow/example_dags/subdags/subdag.py
[2023-10-29 13:20:14,413] {processor.py:161} INFO - Processing /home/gabriel/Documents/project_finance/venv/lib/python3.9/site-packages/airflow/example_dags/subdags/subdag.py took 0.015 seconds
[2023-10-29 13:20:49,591] {processor.py:153} INFO - Started process (PID=4078) to work on /home/gabriel/Documents/project_finance/venv/lib/python3.9/site-packages/airflow/example_dags/subdags/subdag.py
[2023-10-29 13:20:49,592] {processor.py:641} INFO - Processing file /home/gabriel/Documents/project_finance/venv/lib/python3.9/site-packages/airflow/example_dags/subdags/subdag.py for tasks to queue
[2023-10-29 13:20:49,593] {logging_mixin.py:115} INFO - [2023-10-29 13:20:49,593] {dagbag.py:507} INFO - Filling up the DagBag from /home/gabriel/Documents/project_finance/venv/lib/python3.9/site-packages/airflow/example_dags/subdags/subdag.py
[2023-10-29 13:20:49,598] {processor.py:653} WARNING - No viable dags retrieved from /home/gabriel/Documents/project_finance/venv/lib/python3.9/site-packages/airflow/example_dags/subdags/subdag.py
[2023-10-29 13:20:49,621] {processor.py:161} INFO - Processing /home/gabriel/Documents/project_finance/venv/lib/python3.9/site-packages/airflow/example_dags/subdags/subdag.py took 0.036 seconds
[2023-10-29 13:21:21,741] {processor.py:153} INFO - Started process (PID=4350) to work on /home/gabriel/Documents/project_finance/venv/lib/python3.9/site-packages/airflow/example_dags/subdags/subdag.py
[2023-10-29 13:21:21,741] {processor.py:641} INFO - Processing file /home/gabriel/Documents/project_finance/venv/lib/python3.9/site-packages/airflow/example_dags/subdags/subdag.py for tasks to queue
[2023-10-29 13:21:21,742] {logging_mixin.py:115} INFO - [2023-10-29 13:21:21,742] {dagbag.py:507} INFO - Filling up the DagBag from /home/gabriel/Documents/project_finance/venv/lib/python3.9/site-packages/airflow/example_dags/subdags/subdag.py
[2023-10-29 13:21:21,743] {processor.py:653} WARNING - No viable dags retrieved from /home/gabriel/Documents/project_finance/venv/lib/python3.9/site-packages/airflow/example_dags/subdags/subdag.py
[2023-10-29 13:21:21,752] {processor.py:161} INFO - Processing /home/gabriel/Documents/project_finance/venv/lib/python3.9/site-packages/airflow/example_dags/subdags/subdag.py took 0.015 seconds
[2023-10-29 13:21:54,845] {processor.py:153} INFO - Started process (PID=4477) to work on /home/gabriel/Documents/project_finance/venv/lib/python3.9/site-packages/airflow/example_dags/subdags/subdag.py
[2023-10-29 13:21:54,846] {processor.py:641} INFO - Processing file /home/gabriel/Documents/project_finance/venv/lib/python3.9/site-packages/airflow/example_dags/subdags/subdag.py for tasks to queue
[2023-10-29 13:21:54,846] {logging_mixin.py:115} INFO - [2023-10-29 13:21:54,846] {dagbag.py:507} INFO - Filling up the DagBag from /home/gabriel/Documents/project_finance/venv/lib/python3.9/site-packages/airflow/example_dags/subdags/subdag.py
[2023-10-29 13:21:54,848] {processor.py:653} WARNING - No viable dags retrieved from /home/gabriel/Documents/project_finance/venv/lib/python3.9/site-packages/airflow/example_dags/subdags/subdag.py
[2023-10-29 13:21:54,857] {processor.py:161} INFO - Processing /home/gabriel/Documents/project_finance/venv/lib/python3.9/site-packages/airflow/example_dags/subdags/subdag.py took 0.015 seconds
[2023-10-29 13:22:00,740] {processor.py:153} INFO - Started process (PID=4493) to work on /home/gabriel/Documents/project_finance/venv/lib/python3.9/site-packages/airflow/example_dags/subdags/subdag.py
[2023-10-29 13:22:00,741] {processor.py:641} INFO - Processing file /home/gabriel/Documents/project_finance/venv/lib/python3.9/site-packages/airflow/example_dags/subdags/subdag.py for tasks to queue
[2023-10-29 13:22:00,741] {logging_mixin.py:115} INFO - [2023-10-29 13:22:00,741] {dagbag.py:507} INFO - Filling up the DagBag from /home/gabriel/Documents/project_finance/venv/lib/python3.9/site-packages/airflow/example_dags/subdags/subdag.py
[2023-10-29 13:22:00,743] {processor.py:653} WARNING - No viable dags retrieved from /home/gabriel/Documents/project_finance/venv/lib/python3.9/site-packages/airflow/example_dags/subdags/subdag.py
[2023-10-29 13:22:00,755] {processor.py:161} INFO - Processing /home/gabriel/Documents/project_finance/venv/lib/python3.9/site-packages/airflow/example_dags/subdags/subdag.py took 0.020 seconds
[2023-10-29 13:22:27,911] {processor.py:153} INFO - Started process (PID=4558) to work on /home/gabriel/Documents/project_finance/venv/lib/python3.9/site-packages/airflow/example_dags/subdags/subdag.py
[2023-10-29 13:22:27,912] {processor.py:641} INFO - Processing file /home/gabriel/Documents/project_finance/venv/lib/python3.9/site-packages/airflow/example_dags/subdags/subdag.py for tasks to queue
[2023-10-29 13:22:27,912] {logging_mixin.py:115} INFO - [2023-10-29 13:22:27,912] {dagbag.py:507} INFO - Filling up the DagBag from /home/gabriel/Documents/project_finance/venv/lib/python3.9/site-packages/airflow/example_dags/subdags/subdag.py
[2023-10-29 13:22:27,914] {processor.py:653} WARNING - No viable dags retrieved from /home/gabriel/Documents/project_finance/venv/lib/python3.9/site-packages/airflow/example_dags/subdags/subdag.py
[2023-10-29 13:22:27,923] {processor.py:161} INFO - Processing /home/gabriel/Documents/project_finance/venv/lib/python3.9/site-packages/airflow/example_dags/subdags/subdag.py took 0.014 seconds
[2023-10-29 13:22:45,266] {processor.py:153} INFO - Started process (PID=4588) to work on /home/gabriel/Documents/project_finance/venv/lib/python3.9/site-packages/airflow/example_dags/subdags/subdag.py
[2023-10-29 13:22:45,267] {processor.py:641} INFO - Processing file /home/gabriel/Documents/project_finance/venv/lib/python3.9/site-packages/airflow/example_dags/subdags/subdag.py for tasks to queue
[2023-10-29 13:22:45,267] {logging_mixin.py:115} INFO - [2023-10-29 13:22:45,267] {dagbag.py:507} INFO - Filling up the DagBag from /home/gabriel/Documents/project_finance/venv/lib/python3.9/site-packages/airflow/example_dags/subdags/subdag.py
[2023-10-29 13:22:45,268] {processor.py:653} WARNING - No viable dags retrieved from /home/gabriel/Documents/project_finance/venv/lib/python3.9/site-packages/airflow/example_dags/subdags/subdag.py
[2023-10-29 13:22:45,277] {processor.py:161} INFO - Processing /home/gabriel/Documents/project_finance/venv/lib/python3.9/site-packages/airflow/example_dags/subdags/subdag.py took 0.014 seconds
[2023-10-29 13:23:01,202] {processor.py:153} INFO - Started process (PID=4649) to work on /home/gabriel/Documents/project_finance/venv/lib/python3.9/site-packages/airflow/example_dags/subdags/subdag.py
[2023-10-29 13:23:01,202] {processor.py:641} INFO - Processing file /home/gabriel/Documents/project_finance/venv/lib/python3.9/site-packages/airflow/example_dags/subdags/subdag.py for tasks to queue
[2023-10-29 13:23:01,203] {logging_mixin.py:115} INFO - [2023-10-29 13:23:01,203] {dagbag.py:507} INFO - Filling up the DagBag from /home/gabriel/Documents/project_finance/venv/lib/python3.9/site-packages/airflow/example_dags/subdags/subdag.py
[2023-10-29 13:23:01,204] {processor.py:653} WARNING - No viable dags retrieved from /home/gabriel/Documents/project_finance/venv/lib/python3.9/site-packages/airflow/example_dags/subdags/subdag.py
[2023-10-29 13:23:01,214] {processor.py:161} INFO - Processing /home/gabriel/Documents/project_finance/venv/lib/python3.9/site-packages/airflow/example_dags/subdags/subdag.py took 0.016 seconds
