[2023-10-27 14:18:54,430] {taskinstance.py:1159} INFO - Dependencies all met for <TaskInstance: get_stocks_dag.MSFT scheduled__2023-10-21T00:00:00+00:00 [queued]>
[2023-10-27 14:18:54,439] {taskinstance.py:1159} INFO - Dependencies all met for <TaskInstance: get_stocks_dag.MSFT scheduled__2023-10-21T00:00:00+00:00 [queued]>
[2023-10-27 14:18:54,439] {taskinstance.py:1356} INFO - 
--------------------------------------------------------------------------------
[2023-10-27 14:18:54,439] {taskinstance.py:1357} INFO - Starting attempt 1 of 1
[2023-10-27 14:18:54,439] {taskinstance.py:1358} INFO - 
--------------------------------------------------------------------------------
[2023-10-27 14:18:54,448] {taskinstance.py:1377} INFO - Executing <Task(_PythonDecoratedOperator): MSFT> on 2023-10-21 00:00:00+00:00
[2023-10-27 14:18:54,452] {standard_task_runner.py:52} INFO - Started process 18080 to run task
[2023-10-27 14:18:54,455] {standard_task_runner.py:79} INFO - Running: ['airflow', 'tasks', 'run', 'get_stocks_dag', 'MSFT', 'scheduled__2023-10-21T00:00:00+00:00', '--job-id', '62', '--raw', '--subdir', 'DAGS_FOLDER/get_finance.py', '--cfg-path', '/tmp/tmpgj7aswrl', '--error-file', '/tmp/tmpr16ylgzi']
[2023-10-27 14:18:54,455] {standard_task_runner.py:80} INFO - Job 62: Subtask MSFT
[2023-10-27 14:18:54,489] {task_command.py:370} INFO - Running <TaskInstance: get_stocks_dag.MSFT scheduled__2023-10-21T00:00:00+00:00 [running]> on host airflow-virtual-machine
[2023-10-27 14:18:54,527] {taskinstance.py:1569} INFO - Exporting the following env vars:
AIRFLOW_CTX_DAG_OWNER=airflow
AIRFLOW_CTX_DAG_ID=get_stocks_dag
AIRFLOW_CTX_TASK_ID=MSFT
AIRFLOW_CTX_EXECUTION_DATE=2023-10-21T00:00:00+00:00
AIRFLOW_CTX_TRY_NUMBER=1
AIRFLOW_CTX_DAG_RUN_ID=scheduled__2023-10-21T00:00:00+00:00
[2023-10-27 14:18:55,130] {taskinstance.py:1889} ERROR - Task failed with exception
Traceback (most recent call last):
  File "/home/gabriel/Documents/project_finance/venv/lib/python3.9/site-packages/airflow/decorators/base.py", line 179, in execute
    return_value = super().execute(context)
  File "/home/gabriel/Documents/project_finance/venv/lib/python3.9/site-packages/airflow/operators/python.py", line 171, in execute
    return_value = self.execute_callable()
  File "/home/gabriel/Documents/project_finance/venv/lib/python3.9/site-packages/airflow/operators/python.py", line 189, in execute_callable
    return self.python_callable(*self.op_args, **self.op_kwargs)
  File "/home/gabriel/Documents/project_finance/airflow/dags/get_finance.py", line 18, in get_history
    yfinance.Ticker(ticker).history(
  File "/home/gabriel/Documents/project_finance/venv/lib/python3.9/site-packages/pandas/core/generic.py", line 3902, in to_csv
    return DataFrameRenderer(formatter).to_csv(
  File "/home/gabriel/Documents/project_finance/venv/lib/python3.9/site-packages/pandas/io/formats/format.py", line 1152, in to_csv
    csv_formatter.save()
  File "/home/gabriel/Documents/project_finance/venv/lib/python3.9/site-packages/pandas/io/formats/csvs.py", line 247, in save
    with get_handle(
  File "/home/gabriel/Documents/project_finance/venv/lib/python3.9/site-packages/pandas/io/common.py", line 739, in get_handle
    check_parent_directory(str(handle))
  File "/home/gabriel/Documents/project_finance/venv/lib/python3.9/site-packages/pandas/io/common.py", line 604, in check_parent_directory
    raise OSError(rf"Cannot save file into a non-existent directory: '{parent}'")
OSError: Cannot save file into a non-existent directory: '/home/gabriel/Documents/project_finance/datalake/stocks/MSFT'
[2023-10-27 14:18:55,136] {taskinstance.py:1395} INFO - Marking task as FAILED. dag_id=get_stocks_dag, task_id=MSFT, execution_date=20231021T000000, start_date=20231027T171854, end_date=20231027T171855
[2023-10-27 14:18:55,217] {standard_task_runner.py:92} ERROR - Failed to execute job 62 for task MSFT (Cannot save file into a non-existent directory: '/home/gabriel/Documents/project_finance/datalake/stocks/MSFT'; 18080)
[2023-10-27 14:18:55,275] {local_task_job.py:156} INFO - Task exited with return code 1
[2023-10-27 14:18:55,306] {local_task_job.py:273} INFO - 0 downstream tasks scheduled from follow-on schedule check
[2023-10-27 14:37:06,684] {taskinstance.py:1159} INFO - Dependencies all met for <TaskInstance: get_stocks_dag.MSFT scheduled__2023-10-21T00:00:00+00:00 [queued]>
[2023-10-27 14:37:06,703] {taskinstance.py:1159} INFO - Dependencies all met for <TaskInstance: get_stocks_dag.MSFT scheduled__2023-10-21T00:00:00+00:00 [queued]>
[2023-10-27 14:37:06,705] {taskinstance.py:1356} INFO - 
--------------------------------------------------------------------------------
[2023-10-27 14:37:06,705] {taskinstance.py:1357} INFO - Starting attempt 1 of 1
[2023-10-27 14:37:06,705] {taskinstance.py:1358} INFO - 
--------------------------------------------------------------------------------
[2023-10-27 14:37:06,728] {taskinstance.py:1377} INFO - Executing <Task(_PythonDecoratedOperator): MSFT> on 2023-10-21 00:00:00+00:00
[2023-10-27 14:37:06,734] {standard_task_runner.py:52} INFO - Started process 21318 to run task
[2023-10-27 14:37:06,748] {standard_task_runner.py:79} INFO - Running: ['airflow', 'tasks', 'run', 'get_stocks_dag', 'MSFT', 'scheduled__2023-10-21T00:00:00+00:00', '--job-id', '62', '--raw', '--subdir', 'DAGS_FOLDER/get_finance.py', '--cfg-path', '/tmp/tmp4n4uhc4u', '--error-file', '/tmp/tmptok1g3hq']
[2023-10-27 14:37:06,749] {standard_task_runner.py:80} INFO - Job 62: Subtask MSFT
[2023-10-27 14:37:06,843] {task_command.py:370} INFO - Running <TaskInstance: get_stocks_dag.MSFT scheduled__2023-10-21T00:00:00+00:00 [running]> on host airflow-virtual-machine
[2023-10-27 14:37:07,050] {taskinstance.py:1569} INFO - Exporting the following env vars:
AIRFLOW_CTX_DAG_OWNER=airflow
AIRFLOW_CTX_DAG_ID=get_stocks_dag
AIRFLOW_CTX_TASK_ID=MSFT
AIRFLOW_CTX_EXECUTION_DATE=2023-10-21T00:00:00+00:00
AIRFLOW_CTX_TRY_NUMBER=1
AIRFLOW_CTX_DAG_RUN_ID=scheduled__2023-10-21T00:00:00+00:00
[2023-10-27 14:37:07,598] {python.py:173} INFO - Done. Returned value was: None
[2023-10-27 14:37:07,614] {taskinstance.py:1395} INFO - Marking task as SUCCESS. dag_id=get_stocks_dag, task_id=MSFT, execution_date=20231021T000000, start_date=20231027T173706, end_date=20231027T173707
[2023-10-27 14:37:07,680] {local_task_job.py:156} INFO - Task exited with return code 0
[2023-10-27 14:37:07,746] {local_task_job.py:273} INFO - 0 downstream tasks scheduled from follow-on schedule check
[2023-10-27 14:56:11,130] {taskinstance.py:1159} INFO - Dependencies all met for <TaskInstance: get_stocks_dag.MSFT scheduled__2023-10-21T00:00:00+00:00 [queued]>
[2023-10-27 14:56:11,137] {taskinstance.py:1159} INFO - Dependencies all met for <TaskInstance: get_stocks_dag.MSFT scheduled__2023-10-21T00:00:00+00:00 [queued]>
[2023-10-27 14:56:11,138] {taskinstance.py:1356} INFO - 
--------------------------------------------------------------------------------
[2023-10-27 14:56:11,138] {taskinstance.py:1357} INFO - Starting attempt 1 of 1
[2023-10-27 14:56:11,138] {taskinstance.py:1358} INFO - 
--------------------------------------------------------------------------------
[2023-10-27 14:56:11,152] {taskinstance.py:1377} INFO - Executing <Task(_PythonDecoratedOperator): MSFT> on 2023-10-21 00:00:00+00:00
[2023-10-27 14:56:11,156] {standard_task_runner.py:52} INFO - Started process 23958 to run task
[2023-10-27 14:56:11,160] {standard_task_runner.py:79} INFO - Running: ['airflow', 'tasks', 'run', 'get_stocks_dag', 'MSFT', 'scheduled__2023-10-21T00:00:00+00:00', '--job-id', '62', '--raw', '--subdir', 'DAGS_FOLDER/get_finance.py', '--cfg-path', '/tmp/tmprgkbmolf', '--error-file', '/tmp/tmp5qgssb3b']
[2023-10-27 14:56:11,161] {standard_task_runner.py:80} INFO - Job 62: Subtask MSFT
[2023-10-27 14:56:11,297] {task_command.py:370} INFO - Running <TaskInstance: get_stocks_dag.MSFT scheduled__2023-10-21T00:00:00+00:00 [running]> on host airflow-virtual-machine
[2023-10-27 14:56:11,354] {taskinstance.py:1569} INFO - Exporting the following env vars:
AIRFLOW_CTX_DAG_OWNER=airflow
AIRFLOW_CTX_DAG_ID=get_stocks_dag
AIRFLOW_CTX_TASK_ID=MSFT
AIRFLOW_CTX_EXECUTION_DATE=2023-10-21T00:00:00+00:00
AIRFLOW_CTX_TRY_NUMBER=1
AIRFLOW_CTX_DAG_RUN_ID=scheduled__2023-10-21T00:00:00+00:00
[2023-10-27 14:56:11,822] {python.py:173} INFO - Done. Returned value was: None
[2023-10-27 14:56:11,829] {taskinstance.py:1395} INFO - Marking task as SUCCESS. dag_id=get_stocks_dag, task_id=MSFT, execution_date=20231021T000000, start_date=20231027T175611, end_date=20231027T175611
[2023-10-27 14:56:11,869] {local_task_job.py:156} INFO - Task exited with return code 0
[2023-10-27 14:56:11,888] {local_task_job.py:273} INFO - 0 downstream tasks scheduled from follow-on schedule check
[2023-10-27 15:25:20,503] {taskinstance.py:1159} INFO - Dependencies all met for <TaskInstance: get_stocks_dag.MSFT scheduled__2023-10-21T00:00:00+00:00 [queued]>
[2023-10-27 15:25:20,509] {taskinstance.py:1159} INFO - Dependencies all met for <TaskInstance: get_stocks_dag.MSFT scheduled__2023-10-21T00:00:00+00:00 [queued]>
[2023-10-27 15:25:20,510] {taskinstance.py:1356} INFO - 
--------------------------------------------------------------------------------
[2023-10-27 15:25:20,510] {taskinstance.py:1357} INFO - Starting attempt 1 of 1
[2023-10-27 15:25:20,510] {taskinstance.py:1358} INFO - 
--------------------------------------------------------------------------------
[2023-10-27 15:25:20,518] {taskinstance.py:1377} INFO - Executing <Task(_PythonDecoratedOperator): MSFT> on 2023-10-21 00:00:00+00:00
[2023-10-27 15:25:20,521] {standard_task_runner.py:52} INFO - Started process 27801 to run task
[2023-10-27 15:25:20,525] {standard_task_runner.py:79} INFO - Running: ['airflow', 'tasks', 'run', 'get_stocks_dag', 'MSFT', 'scheduled__2023-10-21T00:00:00+00:00', '--job-id', '62', '--raw', '--subdir', 'DAGS_FOLDER/get_finance.py', '--cfg-path', '/tmp/tmpagpdy_4t', '--error-file', '/tmp/tmpzrm9y32k']
[2023-10-27 15:25:20,526] {standard_task_runner.py:80} INFO - Job 62: Subtask MSFT
[2023-10-27 15:25:20,565] {task_command.py:370} INFO - Running <TaskInstance: get_stocks_dag.MSFT scheduled__2023-10-21T00:00:00+00:00 [running]> on host airflow-virtual-machine
[2023-10-27 15:25:20,609] {taskinstance.py:1569} INFO - Exporting the following env vars:
AIRFLOW_CTX_DAG_OWNER=airflow
AIRFLOW_CTX_DAG_ID=get_stocks_dag
AIRFLOW_CTX_TASK_ID=MSFT
AIRFLOW_CTX_EXECUTION_DATE=2023-10-21T00:00:00+00:00
AIRFLOW_CTX_TRY_NUMBER=1
AIRFLOW_CTX_DAG_RUN_ID=scheduled__2023-10-21T00:00:00+00:00
[2023-10-27 15:25:21,346] {python.py:173} INFO - Done. Returned value was: None
[2023-10-27 15:25:21,350] {taskinstance.py:1395} INFO - Marking task as SUCCESS. dag_id=get_stocks_dag, task_id=MSFT, execution_date=20231021T000000, start_date=20231027T182520, end_date=20231027T182521
[2023-10-27 15:25:21,390] {local_task_job.py:156} INFO - Task exited with return code 0
[2023-10-27 15:25:21,404] {local_task_job.py:273} INFO - 0 downstream tasks scheduled from follow-on schedule check
[2023-10-27 17:04:22,813] {taskinstance.py:1159} INFO - Dependencies all met for <TaskInstance: get_stocks_dag.MSFT scheduled__2023-10-21T00:00:00+00:00 [queued]>
[2023-10-27 17:04:22,839] {taskinstance.py:1159} INFO - Dependencies all met for <TaskInstance: get_stocks_dag.MSFT scheduled__2023-10-21T00:00:00+00:00 [queued]>
[2023-10-27 17:04:22,839] {taskinstance.py:1356} INFO - 
--------------------------------------------------------------------------------
[2023-10-27 17:04:22,839] {taskinstance.py:1357} INFO - Starting attempt 1 of 1
[2023-10-27 17:04:22,839] {taskinstance.py:1358} INFO - 
--------------------------------------------------------------------------------
[2023-10-27 17:04:22,874] {taskinstance.py:1377} INFO - Executing <Task(_PythonDecoratedOperator): MSFT> on 2023-10-21 00:00:00+00:00
[2023-10-27 17:04:22,878] {standard_task_runner.py:52} INFO - Started process 40171 to run task
[2023-10-27 17:04:22,883] {standard_task_runner.py:79} INFO - Running: ['airflow', 'tasks', 'run', 'get_stocks_dag', 'MSFT', 'scheduled__2023-10-21T00:00:00+00:00', '--job-id', '76', '--raw', '--subdir', 'DAGS_FOLDER/get_finance.py', '--cfg-path', '/tmp/tmpq43o86q1', '--error-file', '/tmp/tmpwvzv3746']
[2023-10-27 17:04:22,886] {standard_task_runner.py:80} INFO - Job 76: Subtask MSFT
[2023-10-27 17:04:23,035] {task_command.py:370} INFO - Running <TaskInstance: get_stocks_dag.MSFT scheduled__2023-10-21T00:00:00+00:00 [running]> on host airflow-virtual-machine
[2023-10-27 17:04:23,137] {taskinstance.py:1569} INFO - Exporting the following env vars:
AIRFLOW_CTX_DAG_OWNER=airflow
AIRFLOW_CTX_DAG_ID=get_stocks_dag
AIRFLOW_CTX_TASK_ID=MSFT
AIRFLOW_CTX_EXECUTION_DATE=2023-10-21T00:00:00+00:00
AIRFLOW_CTX_TRY_NUMBER=1
AIRFLOW_CTX_DAG_RUN_ID=scheduled__2023-10-21T00:00:00+00:00
[2023-10-27 17:04:23,610] {python.py:173} INFO - Done. Returned value was: None
[2023-10-27 17:04:23,618] {taskinstance.py:1395} INFO - Marking task as SUCCESS. dag_id=get_stocks_dag, task_id=MSFT, execution_date=20231021T000000, start_date=20231027T200422, end_date=20231027T200423
[2023-10-27 17:04:23,662] {local_task_job.py:156} INFO - Task exited with return code 0
[2023-10-27 17:04:23,678] {local_task_job.py:273} INFO - 0 downstream tasks scheduled from follow-on schedule check
[2023-10-27 17:11:28,636] {taskinstance.py:1159} INFO - Dependencies all met for <TaskInstance: get_stocks_dag.MSFT scheduled__2023-10-21T00:00:00+00:00 [queued]>
[2023-10-27 17:11:28,646] {taskinstance.py:1159} INFO - Dependencies all met for <TaskInstance: get_stocks_dag.MSFT scheduled__2023-10-21T00:00:00+00:00 [queued]>
[2023-10-27 17:11:28,646] {taskinstance.py:1356} INFO - 
--------------------------------------------------------------------------------
[2023-10-27 17:11:28,646] {taskinstance.py:1357} INFO - Starting attempt 1 of 1
[2023-10-27 17:11:28,646] {taskinstance.py:1358} INFO - 
--------------------------------------------------------------------------------
[2023-10-27 17:11:28,663] {taskinstance.py:1377} INFO - Executing <Task(_PythonDecoratedOperator): MSFT> on 2023-10-21 00:00:00+00:00
[2023-10-27 17:11:28,671] {standard_task_runner.py:52} INFO - Started process 41866 to run task
[2023-10-27 17:11:28,690] {standard_task_runner.py:79} INFO - Running: ['airflow', 'tasks', 'run', 'get_stocks_dag', 'MSFT', 'scheduled__2023-10-21T00:00:00+00:00', '--job-id', '76', '--raw', '--subdir', 'DAGS_FOLDER/get_finance.py', '--cfg-path', '/tmp/tmpfsqvwunh', '--error-file', '/tmp/tmpt20c1jyy']
[2023-10-27 17:11:28,691] {standard_task_runner.py:80} INFO - Job 76: Subtask MSFT
[2023-10-27 17:11:28,908] {task_command.py:370} INFO - Running <TaskInstance: get_stocks_dag.MSFT scheduled__2023-10-21T00:00:00+00:00 [running]> on host airflow-virtual-machine
[2023-10-27 17:11:28,986] {taskinstance.py:1569} INFO - Exporting the following env vars:
AIRFLOW_CTX_DAG_OWNER=airflow
AIRFLOW_CTX_DAG_ID=get_stocks_dag
AIRFLOW_CTX_TASK_ID=MSFT
AIRFLOW_CTX_EXECUTION_DATE=2023-10-21T00:00:00+00:00
AIRFLOW_CTX_TRY_NUMBER=1
AIRFLOW_CTX_DAG_RUN_ID=scheduled__2023-10-21T00:00:00+00:00
[2023-10-27 17:11:29,566] {python.py:173} INFO - Done. Returned value was: None
[2023-10-27 17:11:29,572] {taskinstance.py:1395} INFO - Marking task as SUCCESS. dag_id=get_stocks_dag, task_id=MSFT, execution_date=20231021T000000, start_date=20231027T201128, end_date=20231027T201129
[2023-10-27 17:11:29,614] {local_task_job.py:156} INFO - Task exited with return code 0
[2023-10-27 17:11:29,656] {local_task_job.py:273} INFO - 0 downstream tasks scheduled from follow-on schedule check
[2023-10-27 18:12:12,771] {taskinstance.py:1159} INFO - Dependencies all met for <TaskInstance: get_stocks_dag.MSFT scheduled__2023-10-21T00:00:00+00:00 [queued]>
[2023-10-27 18:12:12,777] {taskinstance.py:1159} INFO - Dependencies all met for <TaskInstance: get_stocks_dag.MSFT scheduled__2023-10-21T00:00:00+00:00 [queued]>
[2023-10-27 18:12:12,777] {taskinstance.py:1356} INFO - 
--------------------------------------------------------------------------------
[2023-10-27 18:12:12,777] {taskinstance.py:1357} INFO - Starting attempt 1 of 1
[2023-10-27 18:12:12,777] {taskinstance.py:1358} INFO - 
--------------------------------------------------------------------------------
[2023-10-27 18:12:12,787] {taskinstance.py:1377} INFO - Executing <Task(_PythonDecoratedOperator): MSFT> on 2023-10-21 00:00:00+00:00
[2023-10-27 18:12:12,792] {standard_task_runner.py:52} INFO - Started process 50021 to run task
[2023-10-27 18:12:12,795] {standard_task_runner.py:79} INFO - Running: ['airflow', 'tasks', 'run', 'get_stocks_dag', 'MSFT', 'scheduled__2023-10-21T00:00:00+00:00', '--job-id', '76', '--raw', '--subdir', 'DAGS_FOLDER/get_finance.py', '--cfg-path', '/tmp/tmpwdpxq2jr', '--error-file', '/tmp/tmpftrt72se']
[2023-10-27 18:12:12,796] {standard_task_runner.py:80} INFO - Job 76: Subtask MSFT
[2023-10-27 18:12:12,839] {task_command.py:370} INFO - Running <TaskInstance: get_stocks_dag.MSFT scheduled__2023-10-21T00:00:00+00:00 [running]> on host airflow-virtual-machine
[2023-10-27 18:12:12,888] {taskinstance.py:1569} INFO - Exporting the following env vars:
AIRFLOW_CTX_DAG_OWNER=airflow
AIRFLOW_CTX_DAG_ID=get_stocks_dag
AIRFLOW_CTX_TASK_ID=MSFT
AIRFLOW_CTX_EXECUTION_DATE=2023-10-21T00:00:00+00:00
AIRFLOW_CTX_TRY_NUMBER=1
AIRFLOW_CTX_DAG_RUN_ID=scheduled__2023-10-21T00:00:00+00:00
[2023-10-27 18:12:13,315] {python.py:173} INFO - Done. Returned value was: None
[2023-10-27 18:12:13,339] {taskinstance.py:1395} INFO - Marking task as SUCCESS. dag_id=get_stocks_dag, task_id=MSFT, execution_date=20231021T000000, start_date=20231027T211212, end_date=20231027T211213
[2023-10-27 18:12:13,379] {local_task_job.py:156} INFO - Task exited with return code 0
[2023-10-27 18:12:13,433] {local_task_job.py:273} INFO - 0 downstream tasks scheduled from follow-on schedule check
[2023-10-29 11:29:47,141] {taskinstance.py:1159} INFO - Dependencies all met for <TaskInstance: get_stocks_dag.MSFT scheduled__2023-10-21T00:00:00+00:00 [queued]>
[2023-10-29 11:29:47,166] {taskinstance.py:1159} INFO - Dependencies all met for <TaskInstance: get_stocks_dag.MSFT scheduled__2023-10-21T00:00:00+00:00 [queued]>
[2023-10-29 11:29:47,166] {taskinstance.py:1356} INFO - 
--------------------------------------------------------------------------------
[2023-10-29 11:29:47,166] {taskinstance.py:1357} INFO - Starting attempt 1 of 1
[2023-10-29 11:29:47,166] {taskinstance.py:1358} INFO - 
--------------------------------------------------------------------------------
[2023-10-29 11:29:47,217] {taskinstance.py:1377} INFO - Executing <Task(_PythonDecoratedOperator): MSFT> on 2023-10-21 00:00:00+00:00
[2023-10-29 11:29:47,313] {standard_task_runner.py:52} INFO - Started process 14704 to run task
[2023-10-29 11:29:47,385] {standard_task_runner.py:79} INFO - Running: ['airflow', 'tasks', 'run', 'get_stocks_dag', 'MSFT', 'scheduled__2023-10-21T00:00:00+00:00', '--job-id', '55', '--raw', '--subdir', 'DAGS_FOLDER/get_finance.py', '--cfg-path', '/tmp/tmp1n8r9pz1', '--error-file', '/tmp/tmp84yfov7n']
[2023-10-29 11:29:47,386] {standard_task_runner.py:80} INFO - Job 55: Subtask MSFT
[2023-10-29 11:29:47,600] {task_command.py:370} INFO - Running <TaskInstance: get_stocks_dag.MSFT scheduled__2023-10-21T00:00:00+00:00 [running]> on host airflow-virtual-machine
[2023-10-29 11:29:48,067] {taskinstance.py:1569} INFO - Exporting the following env vars:
AIRFLOW_CTX_DAG_OWNER=airflow
AIRFLOW_CTX_DAG_ID=get_stocks_dag
AIRFLOW_CTX_TASK_ID=MSFT
AIRFLOW_CTX_EXECUTION_DATE=2023-10-21T00:00:00+00:00
AIRFLOW_CTX_TRY_NUMBER=1
AIRFLOW_CTX_DAG_RUN_ID=scheduled__2023-10-21T00:00:00+00:00
[2023-10-29 11:29:48,892] {python.py:173} INFO - Done. Returned value was: None
[2023-10-29 11:29:48,929] {taskinstance.py:1395} INFO - Marking task as SUCCESS. dag_id=get_stocks_dag, task_id=MSFT, execution_date=20231021T000000, start_date=20231029T142947, end_date=20231029T142948
[2023-10-29 11:29:48,977] {local_task_job.py:156} INFO - Task exited with return code 0
[2023-10-29 11:29:49,103] {local_task_job.py:273} INFO - 0 downstream tasks scheduled from follow-on schedule check
[2023-10-29 11:33:59,237] {taskinstance.py:1159} INFO - Dependencies all met for <TaskInstance: get_stocks_dag.MSFT scheduled__2023-10-21T00:00:00+00:00 [queued]>
[2023-10-29 11:33:59,414] {taskinstance.py:1159} INFO - Dependencies all met for <TaskInstance: get_stocks_dag.MSFT scheduled__2023-10-21T00:00:00+00:00 [queued]>
[2023-10-29 11:33:59,415] {taskinstance.py:1356} INFO - 
--------------------------------------------------------------------------------
[2023-10-29 11:33:59,415] {taskinstance.py:1357} INFO - Starting attempt 1 of 1
[2023-10-29 11:33:59,415] {taskinstance.py:1358} INFO - 
--------------------------------------------------------------------------------
[2023-10-29 11:33:59,485] {taskinstance.py:1377} INFO - Executing <Task(_PythonDecoratedOperator): MSFT> on 2023-10-21 00:00:00+00:00
[2023-10-29 11:33:59,491] {standard_task_runner.py:52} INFO - Started process 17066 to run task
[2023-10-29 11:33:59,500] {standard_task_runner.py:79} INFO - Running: ['airflow', 'tasks', 'run', 'get_stocks_dag', 'MSFT', 'scheduled__2023-10-21T00:00:00+00:00', '--job-id', '159', '--raw', '--subdir', 'DAGS_FOLDER/get_finance.py', '--cfg-path', '/tmp/tmpf2p8knmv', '--error-file', '/tmp/tmpdbc25ibu']
[2023-10-29 11:33:59,503] {standard_task_runner.py:80} INFO - Job 159: Subtask MSFT
[2023-10-29 11:33:59,679] {task_command.py:370} INFO - Running <TaskInstance: get_stocks_dag.MSFT scheduled__2023-10-21T00:00:00+00:00 [running]> on host airflow-virtual-machine
[2023-10-29 11:34:00,181] {taskinstance.py:1569} INFO - Exporting the following env vars:
AIRFLOW_CTX_DAG_OWNER=airflow
AIRFLOW_CTX_DAG_ID=get_stocks_dag
AIRFLOW_CTX_TASK_ID=MSFT
AIRFLOW_CTX_EXECUTION_DATE=2023-10-21T00:00:00+00:00
AIRFLOW_CTX_TRY_NUMBER=1
AIRFLOW_CTX_DAG_RUN_ID=scheduled__2023-10-21T00:00:00+00:00
[2023-10-29 11:34:00,926] {python.py:173} INFO - Done. Returned value was: None
[2023-10-29 11:34:00,995] {taskinstance.py:1395} INFO - Marking task as SUCCESS. dag_id=get_stocks_dag, task_id=MSFT, execution_date=20231021T000000, start_date=20231029T143359, end_date=20231029T143400
[2023-10-29 11:34:01,782] {local_task_job.py:156} INFO - Task exited with return code 0
[2023-10-29 11:34:03,893] {local_task_job.py:273} INFO - 0 downstream tasks scheduled from follow-on schedule check
[2023-10-29 13:33:16,800] {taskinstance.py:1159} INFO - Dependencies all met for <TaskInstance: get_stocks_dag.MSFT scheduled__2023-10-21T00:00:00+00:00 [queued]>
[2023-10-29 13:33:16,864] {taskinstance.py:1159} INFO - Dependencies all met for <TaskInstance: get_stocks_dag.MSFT scheduled__2023-10-21T00:00:00+00:00 [queued]>
[2023-10-29 13:33:16,864] {taskinstance.py:1356} INFO - 
--------------------------------------------------------------------------------
[2023-10-29 13:33:16,864] {taskinstance.py:1357} INFO - Starting attempt 1 of 1
[2023-10-29 13:33:16,865] {taskinstance.py:1358} INFO - 
--------------------------------------------------------------------------------
[2023-10-29 13:33:16,935] {taskinstance.py:1377} INFO - Executing <Task(_PythonDecoratedOperator): MSFT> on 2023-10-21 00:00:00+00:00
[2023-10-29 13:33:16,973] {standard_task_runner.py:52} INFO - Started process 6968 to run task
[2023-10-29 13:33:16,998] {standard_task_runner.py:79} INFO - Running: ['airflow', 'tasks', 'run', 'get_stocks_dag', 'MSFT', 'scheduled__2023-10-21T00:00:00+00:00', '--job-id', '258', '--raw', '--subdir', 'DAGS_FOLDER/get_finance.py', '--cfg-path', '/tmp/tmpq_lc6om8', '--error-file', '/tmp/tmpyw030aq1']
[2023-10-29 13:33:16,999] {standard_task_runner.py:80} INFO - Job 258: Subtask MSFT
[2023-10-29 13:33:17,339] {task_command.py:370} INFO - Running <TaskInstance: get_stocks_dag.MSFT scheduled__2023-10-21T00:00:00+00:00 [running]> on host airflow-virtual-machine
[2023-10-29 13:33:17,749] {taskinstance.py:1569} INFO - Exporting the following env vars:
AIRFLOW_CTX_DAG_OWNER=airflow
AIRFLOW_CTX_DAG_ID=get_stocks_dag
AIRFLOW_CTX_TASK_ID=MSFT
AIRFLOW_CTX_EXECUTION_DATE=2023-10-21T00:00:00+00:00
AIRFLOW_CTX_TRY_NUMBER=1
AIRFLOW_CTX_DAG_RUN_ID=scheduled__2023-10-21T00:00:00+00:00
[2023-10-29 13:33:18,513] {python.py:173} INFO - Done. Returned value was: None
[2023-10-29 13:33:18,780] {taskinstance.py:1395} INFO - Marking task as SUCCESS. dag_id=get_stocks_dag, task_id=MSFT, execution_date=20231021T000000, start_date=20231029T163316, end_date=20231029T163318
[2023-10-29 13:33:19,004] {local_task_job.py:156} INFO - Task exited with return code 0
[2023-10-29 13:33:19,654] {local_task_job.py:273} INFO - 0 downstream tasks scheduled from follow-on schedule check
[2023-10-29 14:35:53,388] {taskinstance.py:1159} INFO - Dependencies all met for <TaskInstance: get_stocks_dag.MSFT scheduled__2023-10-21T00:00:00+00:00 [queued]>
[2023-10-29 14:35:54,160] {taskinstance.py:1159} INFO - Dependencies all met for <TaskInstance: get_stocks_dag.MSFT scheduled__2023-10-21T00:00:00+00:00 [queued]>
[2023-10-29 14:35:54,161] {taskinstance.py:1356} INFO - 
--------------------------------------------------------------------------------
[2023-10-29 14:35:54,161] {taskinstance.py:1357} INFO - Starting attempt 1 of 1
[2023-10-29 14:35:54,161] {taskinstance.py:1358} INFO - 
--------------------------------------------------------------------------------
[2023-10-29 14:35:54,279] {taskinstance.py:1377} INFO - Executing <Task(_PythonDecoratedOperator): MSFT> on 2023-10-21 00:00:00+00:00
[2023-10-29 14:35:54,347] {standard_task_runner.py:52} INFO - Started process 9977 to run task
[2023-10-29 14:35:54,378] {standard_task_runner.py:79} INFO - Running: ['airflow', 'tasks', 'run', 'get_stocks_dag', 'MSFT', 'scheduled__2023-10-21T00:00:00+00:00', '--job-id', '356', '--raw', '--subdir', 'DAGS_FOLDER/get_finance.py', '--cfg-path', '/tmp/tmpo52b18lz', '--error-file', '/tmp/tmpl0cin5_s']
[2023-10-29 14:35:54,381] {standard_task_runner.py:80} INFO - Job 356: Subtask MSFT
[2023-10-29 14:35:55,639] {task_command.py:370} INFO - Running <TaskInstance: get_stocks_dag.MSFT scheduled__2023-10-21T00:00:00+00:00 [running]> on host airflow-virtual-machine
[2023-10-29 14:35:56,597] {taskinstance.py:1569} INFO - Exporting the following env vars:
AIRFLOW_CTX_DAG_OWNER=airflow
AIRFLOW_CTX_DAG_ID=get_stocks_dag
AIRFLOW_CTX_TASK_ID=MSFT
AIRFLOW_CTX_EXECUTION_DATE=2023-10-21T00:00:00+00:00
AIRFLOW_CTX_TRY_NUMBER=1
AIRFLOW_CTX_DAG_RUN_ID=scheduled__2023-10-21T00:00:00+00:00
[2023-10-29 14:35:57,440] {python.py:173} INFO - Done. Returned value was: None
[2023-10-29 14:35:57,753] {taskinstance.py:1395} INFO - Marking task as SUCCESS. dag_id=get_stocks_dag, task_id=MSFT, execution_date=20231021T000000, start_date=20231029T173554, end_date=20231029T173557
[2023-10-29 14:35:58,017] {local_task_job.py:156} INFO - Task exited with return code 0
[2023-10-29 14:35:58,190] {local_task_job.py:273} INFO - 0 downstream tasks scheduled from follow-on schedule check
