[2023-10-27 17:04:14,979] {taskinstance.py:1159} INFO - Dependencies all met for <TaskInstance: get_stocks_dag.trasform_silver scheduled__2023-10-20T00:00:00+00:00 [queued]>
[2023-10-27 17:04:14,987] {taskinstance.py:1159} INFO - Dependencies all met for <TaskInstance: get_stocks_dag.trasform_silver scheduled__2023-10-20T00:00:00+00:00 [queued]>
[2023-10-27 17:04:14,987] {taskinstance.py:1356} INFO - 
--------------------------------------------------------------------------------
[2023-10-27 17:04:14,987] {taskinstance.py:1357} INFO - Starting attempt 1 of 1
[2023-10-27 17:04:14,988] {taskinstance.py:1358} INFO - 
--------------------------------------------------------------------------------
[2023-10-27 17:04:15,005] {taskinstance.py:1377} INFO - Executing <Task(_PythonDecoratedOperator): trasform_silver> on 2023-10-20 00:00:00+00:00
[2023-10-27 17:04:15,010] {standard_task_runner.py:52} INFO - Started process 40138 to run task
[2023-10-27 17:04:15,017] {standard_task_runner.py:79} INFO - Running: ['airflow', 'tasks', 'run', 'get_stocks_dag', 'trasform_silver', 'scheduled__2023-10-20T00:00:00+00:00', '--job-id', '74', '--raw', '--subdir', 'DAGS_FOLDER/get_finance.py', '--cfg-path', '/tmp/tmp9x791cvo', '--error-file', '/tmp/tmp6hhirn6_']
[2023-10-27 17:04:15,018] {standard_task_runner.py:80} INFO - Job 74: Subtask trasform_silver
[2023-10-27 17:04:15,068] {task_command.py:370} INFO - Running <TaskInstance: get_stocks_dag.trasform_silver scheduled__2023-10-20T00:00:00+00:00 [running]> on host airflow-virtual-machine
[2023-10-27 17:04:15,144] {taskinstance.py:1569} INFO - Exporting the following env vars:
AIRFLOW_CTX_DAG_OWNER=airflow
AIRFLOW_CTX_DAG_ID=get_stocks_dag
AIRFLOW_CTX_TASK_ID=trasform_silver
AIRFLOW_CTX_EXECUTION_DATE=2023-10-20T00:00:00+00:00
AIRFLOW_CTX_TRY_NUMBER=1
AIRFLOW_CTX_DAG_RUN_ID=scheduled__2023-10-20T00:00:00+00:00
[2023-10-27 17:04:15,172] {taskinstance.py:1889} ERROR - Task failed with exception
Traceback (most recent call last):
  File "/home/gabriel/Documents/project_finance/venv/lib/python3.9/site-packages/airflow/decorators/base.py", line 179, in execute
    return_value = super().execute(context)
  File "/home/gabriel/Documents/project_finance/venv/lib/python3.9/site-packages/airflow/operators/python.py", line 171, in execute
    return_value = self.execute_callable()
  File "/home/gabriel/Documents/project_finance/venv/lib/python3.9/site-packages/airflow/operators/python.py", line 189, in execute_callable
    return self.python_callable(*self.op_args, **self.op_kwargs)
  File "/home/gabriel/Documents/project_finance/airflow/dags/get_finance.py", line 42, in transform_silver
    df.to_csv(os.path.join(dest_path, f'Stocks_{ds_add(ds, -1)}.csv'), index=False)
AttributeError: 'list' object has no attribute 'to_csv'
[2023-10-27 17:04:15,187] {taskinstance.py:1395} INFO - Marking task as FAILED. dag_id=get_stocks_dag, task_id=trasform_silver, execution_date=20231020T000000, start_date=20231027T200414, end_date=20231027T200415
[2023-10-27 17:04:15,272] {standard_task_runner.py:92} ERROR - Failed to execute job 74 for task trasform_silver ('list' object has no attribute 'to_csv'; 40138)
[2023-10-27 17:04:15,286] {local_task_job.py:156} INFO - Task exited with return code 1
[2023-10-27 17:04:15,308] {local_task_job.py:273} INFO - 0 downstream tasks scheduled from follow-on schedule check
[2023-10-27 17:11:21,130] {taskinstance.py:1159} INFO - Dependencies all met for <TaskInstance: get_stocks_dag.trasform_silver scheduled__2023-10-20T00:00:00+00:00 [queued]>
[2023-10-27 17:11:21,137] {taskinstance.py:1159} INFO - Dependencies all met for <TaskInstance: get_stocks_dag.trasform_silver scheduled__2023-10-20T00:00:00+00:00 [queued]>
[2023-10-27 17:11:21,137] {taskinstance.py:1356} INFO - 
--------------------------------------------------------------------------------
[2023-10-27 17:11:21,137] {taskinstance.py:1357} INFO - Starting attempt 1 of 1
[2023-10-27 17:11:21,137] {taskinstance.py:1358} INFO - 
--------------------------------------------------------------------------------
[2023-10-27 17:11:21,150] {taskinstance.py:1377} INFO - Executing <Task(_PythonDecoratedOperator): trasform_silver> on 2023-10-20 00:00:00+00:00
[2023-10-27 17:11:21,154] {standard_task_runner.py:52} INFO - Started process 41828 to run task
[2023-10-27 17:11:21,157] {standard_task_runner.py:79} INFO - Running: ['airflow', 'tasks', 'run', 'get_stocks_dag', 'trasform_silver', 'scheduled__2023-10-20T00:00:00+00:00', '--job-id', '74', '--raw', '--subdir', 'DAGS_FOLDER/get_finance.py', '--cfg-path', '/tmp/tmp4n40lhqg', '--error-file', '/tmp/tmp0414181q']
[2023-10-27 17:11:21,160] {standard_task_runner.py:80} INFO - Job 74: Subtask trasform_silver
[2023-10-27 17:11:21,232] {task_command.py:370} INFO - Running <TaskInstance: get_stocks_dag.trasform_silver scheduled__2023-10-20T00:00:00+00:00 [running]> on host airflow-virtual-machine
[2023-10-27 17:11:21,287] {taskinstance.py:1569} INFO - Exporting the following env vars:
AIRFLOW_CTX_DAG_OWNER=airflow
AIRFLOW_CTX_DAG_ID=get_stocks_dag
AIRFLOW_CTX_TASK_ID=trasform_silver
AIRFLOW_CTX_EXECUTION_DATE=2023-10-20T00:00:00+00:00
AIRFLOW_CTX_TRY_NUMBER=1
AIRFLOW_CTX_DAG_RUN_ID=scheduled__2023-10-20T00:00:00+00:00
[2023-10-27 17:11:21,318] {python.py:173} INFO - Done. Returned value was: None
[2023-10-27 17:11:21,327] {taskinstance.py:1395} INFO - Marking task as SUCCESS. dag_id=get_stocks_dag, task_id=trasform_silver, execution_date=20231020T000000, start_date=20231027T201121, end_date=20231027T201121
[2023-10-27 17:11:21,380] {local_task_job.py:156} INFO - Task exited with return code 0
[2023-10-27 17:11:21,441] {local_task_job.py:273} INFO - 0 downstream tasks scheduled from follow-on schedule check
