[2023-10-27 17:05:06,809] {taskinstance.py:1159} INFO - Dependencies all met for <TaskInstance: get_stocks_dag.trasform_silver scheduled__2023-10-25T00:00:00+00:00 [queued]>
[2023-10-27 17:05:06,814] {taskinstance.py:1159} INFO - Dependencies all met for <TaskInstance: get_stocks_dag.trasform_silver scheduled__2023-10-25T00:00:00+00:00 [queued]>
[2023-10-27 17:05:06,814] {taskinstance.py:1356} INFO - 
--------------------------------------------------------------------------------
[2023-10-27 17:05:06,814] {taskinstance.py:1357} INFO - Starting attempt 1 of 1
[2023-10-27 17:05:06,814] {taskinstance.py:1358} INFO - 
--------------------------------------------------------------------------------
[2023-10-27 17:05:06,825] {taskinstance.py:1377} INFO - Executing <Task(_PythonDecoratedOperator): trasform_silver> on 2023-10-25 00:00:00+00:00
[2023-10-27 17:05:06,829] {standard_task_runner.py:52} INFO - Started process 40386 to run task
[2023-10-27 17:05:06,833] {standard_task_runner.py:79} INFO - Running: ['airflow', 'tasks', 'run', 'get_stocks_dag', 'trasform_silver', 'scheduled__2023-10-25T00:00:00+00:00', '--job-id', '89', '--raw', '--subdir', 'DAGS_FOLDER/get_finance.py', '--cfg-path', '/tmp/tmp9ybxt84v', '--error-file', '/tmp/tmp9qof7ag8']
[2023-10-27 17:05:06,833] {standard_task_runner.py:80} INFO - Job 89: Subtask trasform_silver
[2023-10-27 17:05:06,870] {task_command.py:370} INFO - Running <TaskInstance: get_stocks_dag.trasform_silver scheduled__2023-10-25T00:00:00+00:00 [running]> on host airflow-virtual-machine
[2023-10-27 17:05:06,929] {taskinstance.py:1569} INFO - Exporting the following env vars:
AIRFLOW_CTX_DAG_OWNER=airflow
AIRFLOW_CTX_DAG_ID=get_stocks_dag
AIRFLOW_CTX_TASK_ID=trasform_silver
AIRFLOW_CTX_EXECUTION_DATE=2023-10-25T00:00:00+00:00
AIRFLOW_CTX_TRY_NUMBER=1
AIRFLOW_CTX_DAG_RUN_ID=scheduled__2023-10-25T00:00:00+00:00
[2023-10-27 17:05:06,940] {taskinstance.py:1889} ERROR - Task failed with exception
Traceback (most recent call last):
  File "/home/gabriel/Documents/project_finance/venv/lib/python3.9/site-packages/airflow/decorators/base.py", line 179, in execute
    return_value = super().execute(context)
  File "/home/gabriel/Documents/project_finance/venv/lib/python3.9/site-packages/airflow/operators/python.py", line 171, in execute
    return_value = self.execute_callable()
  File "/home/gabriel/Documents/project_finance/venv/lib/python3.9/site-packages/airflow/operators/python.py", line 189, in execute_callable
    return self.python_callable(*self.op_args, **self.op_kwargs)
  File "/home/gabriel/Documents/project_finance/airflow/dags/get_finance.py", line 47, in transform_silver
    df.to_csv(os.path.join(dest_path, f'Stocks_{ds_add(ds, -1)}.csv'), index=False)
  File "/home/gabriel/Documents/project_finance/venv/lib/python3.9/site-packages/pandas/core/generic.py", line 3902, in to_csv
    return DataFrameRenderer(formatter).to_csv(
  File "/home/gabriel/Documents/project_finance/venv/lib/python3.9/site-packages/pandas/io/formats/format.py", line 1152, in to_csv
    csv_formatter.save()
  File "/home/gabriel/Documents/project_finance/venv/lib/python3.9/site-packages/pandas/io/formats/csvs.py", line 247, in save
    with get_handle(
  File "/home/gabriel/Documents/project_finance/venv/lib/python3.9/site-packages/pandas/io/common.py", line 739, in get_handle
    check_parent_directory(str(handle))
  File "/home/gabriel/Documents/project_finance/venv/lib/python3.9/site-packages/pandas/io/common.py", line 604, in check_parent_directory
    raise OSError(rf"Cannot save file into a non-existent directory: '{parent}'")
OSError: Cannot save file into a non-existent directory: '/home/gabriel/Documents/project_finance/datalake/Silver'
[2023-10-27 17:05:06,947] {taskinstance.py:1395} INFO - Marking task as FAILED. dag_id=get_stocks_dag, task_id=trasform_silver, execution_date=20231025T000000, start_date=20231027T200506, end_date=20231027T200506
[2023-10-27 17:05:06,955] {standard_task_runner.py:92} ERROR - Failed to execute job 89 for task trasform_silver (Cannot save file into a non-existent directory: '/home/gabriel/Documents/project_finance/datalake/Silver'; 40386)
[2023-10-27 17:05:06,971] {local_task_job.py:156} INFO - Task exited with return code 1
[2023-10-27 17:05:06,986] {local_task_job.py:273} INFO - 0 downstream tasks scheduled from follow-on schedule check
[2023-10-27 17:12:03,484] {taskinstance.py:1159} INFO - Dependencies all met for <TaskInstance: get_stocks_dag.trasform_silver scheduled__2023-10-25T00:00:00+00:00 [queued]>
[2023-10-27 17:12:03,491] {taskinstance.py:1159} INFO - Dependencies all met for <TaskInstance: get_stocks_dag.trasform_silver scheduled__2023-10-25T00:00:00+00:00 [queued]>
[2023-10-27 17:12:03,491] {taskinstance.py:1356} INFO - 
--------------------------------------------------------------------------------
[2023-10-27 17:12:03,491] {taskinstance.py:1357} INFO - Starting attempt 1 of 1
[2023-10-27 17:12:03,491] {taskinstance.py:1358} INFO - 
--------------------------------------------------------------------------------
[2023-10-27 17:12:03,501] {taskinstance.py:1377} INFO - Executing <Task(_PythonDecoratedOperator): trasform_silver> on 2023-10-25 00:00:00+00:00
[2023-10-27 17:12:03,504] {standard_task_runner.py:52} INFO - Started process 42048 to run task
[2023-10-27 17:12:03,508] {standard_task_runner.py:79} INFO - Running: ['airflow', 'tasks', 'run', 'get_stocks_dag', 'trasform_silver', 'scheduled__2023-10-25T00:00:00+00:00', '--job-id', '89', '--raw', '--subdir', 'DAGS_FOLDER/get_finance.py', '--cfg-path', '/tmp/tmpeaiut3h8', '--error-file', '/tmp/tmpct6sxnem']
[2023-10-27 17:12:03,509] {standard_task_runner.py:80} INFO - Job 89: Subtask trasform_silver
[2023-10-27 17:12:03,545] {task_command.py:370} INFO - Running <TaskInstance: get_stocks_dag.trasform_silver scheduled__2023-10-25T00:00:00+00:00 [running]> on host airflow-virtual-machine
[2023-10-27 17:12:03,594] {taskinstance.py:1569} INFO - Exporting the following env vars:
AIRFLOW_CTX_DAG_OWNER=airflow
AIRFLOW_CTX_DAG_ID=get_stocks_dag
AIRFLOW_CTX_TASK_ID=trasform_silver
AIRFLOW_CTX_EXECUTION_DATE=2023-10-25T00:00:00+00:00
AIRFLOW_CTX_TRY_NUMBER=1
AIRFLOW_CTX_DAG_RUN_ID=scheduled__2023-10-25T00:00:00+00:00
[2023-10-27 17:12:03,620] {python.py:173} INFO - Done. Returned value was: None
[2023-10-27 17:12:03,627] {taskinstance.py:1395} INFO - Marking task as SUCCESS. dag_id=get_stocks_dag, task_id=trasform_silver, execution_date=20231025T000000, start_date=20231027T201203, end_date=20231027T201203
[2023-10-27 17:12:03,683] {local_task_job.py:156} INFO - Task exited with return code 0
[2023-10-27 17:12:03,698] {local_task_job.py:273} INFO - 0 downstream tasks scheduled from follow-on schedule check
