[2023-10-27 14:19:09,863] {taskinstance.py:1159} INFO - Dependencies all met for <TaskInstance: get_stocks_dag.GOOG scheduled__2023-10-24T00:00:00+00:00 [queued]>
[2023-10-27 14:19:09,873] {taskinstance.py:1159} INFO - Dependencies all met for <TaskInstance: get_stocks_dag.GOOG scheduled__2023-10-24T00:00:00+00:00 [queued]>
[2023-10-27 14:19:09,873] {taskinstance.py:1356} INFO - 
--------------------------------------------------------------------------------
[2023-10-27 14:19:09,873] {taskinstance.py:1357} INFO - Starting attempt 1 of 1
[2023-10-27 14:19:09,874] {taskinstance.py:1358} INFO - 
--------------------------------------------------------------------------------
[2023-10-27 14:19:09,888] {taskinstance.py:1377} INFO - Executing <Task(_PythonDecoratedOperator): GOOG> on 2023-10-24 00:00:00+00:00
[2023-10-27 14:19:09,893] {standard_task_runner.py:52} INFO - Started process 18152 to run task
[2023-10-27 14:19:09,896] {standard_task_runner.py:79} INFO - Running: ['airflow', 'tasks', 'run', 'get_stocks_dag', 'GOOG', 'scheduled__2023-10-24T00:00:00+00:00', '--job-id', '67', '--raw', '--subdir', 'DAGS_FOLDER/get_finance.py', '--cfg-path', '/tmp/tmpqesu7nql', '--error-file', '/tmp/tmphbratbos']
[2023-10-27 14:19:09,897] {standard_task_runner.py:80} INFO - Job 67: Subtask GOOG
[2023-10-27 14:19:09,942] {task_command.py:370} INFO - Running <TaskInstance: get_stocks_dag.GOOG scheduled__2023-10-24T00:00:00+00:00 [running]> on host airflow-virtual-machine
[2023-10-27 14:19:09,992] {taskinstance.py:1569} INFO - Exporting the following env vars:
AIRFLOW_CTX_DAG_OWNER=airflow
AIRFLOW_CTX_DAG_ID=get_stocks_dag
AIRFLOW_CTX_TASK_ID=GOOG
AIRFLOW_CTX_EXECUTION_DATE=2023-10-24T00:00:00+00:00
AIRFLOW_CTX_TRY_NUMBER=1
AIRFLOW_CTX_DAG_RUN_ID=scheduled__2023-10-24T00:00:00+00:00
[2023-10-27 14:19:10,480] {taskinstance.py:1889} ERROR - Task failed with exception
Traceback (most recent call last):
  File "/home/gabriel/Documents/project_finance/venv/lib/python3.9/site-packages/airflow/decorators/base.py", line 179, in execute
    return_value = super().execute(context)
  File "/home/gabriel/Documents/project_finance/venv/lib/python3.9/site-packages/airflow/operators/python.py", line 171, in execute
    return_value = self.execute_callable()
  File "/home/gabriel/Documents/project_finance/venv/lib/python3.9/site-packages/airflow/operators/python.py", line 189, in execute_callable
    return self.python_callable(*self.op_args, **self.op_kwargs)
  File "/home/gabriel/Documents/project_finance/airflow/dags/get_finance.py", line 18, in get_history
    yfinance.Ticker(ticker).history(
  File "/home/gabriel/Documents/project_finance/venv/lib/python3.9/site-packages/pandas/core/generic.py", line 3902, in to_csv
    return DataFrameRenderer(formatter).to_csv(
  File "/home/gabriel/Documents/project_finance/venv/lib/python3.9/site-packages/pandas/io/formats/format.py", line 1152, in to_csv
    csv_formatter.save()
  File "/home/gabriel/Documents/project_finance/venv/lib/python3.9/site-packages/pandas/io/formats/csvs.py", line 247, in save
    with get_handle(
  File "/home/gabriel/Documents/project_finance/venv/lib/python3.9/site-packages/pandas/io/common.py", line 739, in get_handle
    check_parent_directory(str(handle))
  File "/home/gabriel/Documents/project_finance/venv/lib/python3.9/site-packages/pandas/io/common.py", line 604, in check_parent_directory
    raise OSError(rf"Cannot save file into a non-existent directory: '{parent}'")
OSError: Cannot save file into a non-existent directory: '/home/gabriel/Documents/project_finance/datalake/stocks/GOOG'
[2023-10-27 14:19:10,497] {taskinstance.py:1395} INFO - Marking task as FAILED. dag_id=get_stocks_dag, task_id=GOOG, execution_date=20231024T000000, start_date=20231027T171909, end_date=20231027T171910
[2023-10-27 14:19:10,517] {standard_task_runner.py:92} ERROR - Failed to execute job 67 for task GOOG (Cannot save file into a non-existent directory: '/home/gabriel/Documents/project_finance/datalake/stocks/GOOG'; 18152)
[2023-10-27 14:19:10,531] {local_task_job.py:156} INFO - Task exited with return code 1
[2023-10-27 14:19:10,547] {local_task_job.py:273} INFO - 0 downstream tasks scheduled from follow-on schedule check
[2023-10-27 14:37:30,386] {taskinstance.py:1159} INFO - Dependencies all met for <TaskInstance: get_stocks_dag.GOOG scheduled__2023-10-24T00:00:00+00:00 [queued]>
[2023-10-27 14:37:30,400] {taskinstance.py:1159} INFO - Dependencies all met for <TaskInstance: get_stocks_dag.GOOG scheduled__2023-10-24T00:00:00+00:00 [queued]>
[2023-10-27 14:37:30,400] {taskinstance.py:1356} INFO - 
--------------------------------------------------------------------------------
[2023-10-27 14:37:30,401] {taskinstance.py:1357} INFO - Starting attempt 1 of 1
[2023-10-27 14:37:30,401] {taskinstance.py:1358} INFO - 
--------------------------------------------------------------------------------
[2023-10-27 14:37:30,443] {taskinstance.py:1377} INFO - Executing <Task(_PythonDecoratedOperator): GOOG> on 2023-10-24 00:00:00+00:00
[2023-10-27 14:37:30,467] {standard_task_runner.py:52} INFO - Started process 21405 to run task
[2023-10-27 14:37:30,472] {standard_task_runner.py:79} INFO - Running: ['airflow', 'tasks', 'run', 'get_stocks_dag', 'GOOG', 'scheduled__2023-10-24T00:00:00+00:00', '--job-id', '67', '--raw', '--subdir', 'DAGS_FOLDER/get_finance.py', '--cfg-path', '/tmp/tmpnsegqmkk', '--error-file', '/tmp/tmp8snfoq14']
[2023-10-27 14:37:30,473] {standard_task_runner.py:80} INFO - Job 67: Subtask GOOG
[2023-10-27 14:37:30,581] {task_command.py:370} INFO - Running <TaskInstance: get_stocks_dag.GOOG scheduled__2023-10-24T00:00:00+00:00 [running]> on host airflow-virtual-machine
[2023-10-27 14:37:30,711] {taskinstance.py:1569} INFO - Exporting the following env vars:
AIRFLOW_CTX_DAG_OWNER=airflow
AIRFLOW_CTX_DAG_ID=get_stocks_dag
AIRFLOW_CTX_TASK_ID=GOOG
AIRFLOW_CTX_EXECUTION_DATE=2023-10-24T00:00:00+00:00
AIRFLOW_CTX_TRY_NUMBER=1
AIRFLOW_CTX_DAG_RUN_ID=scheduled__2023-10-24T00:00:00+00:00
[2023-10-27 14:37:31,272] {python.py:173} INFO - Done. Returned value was: None
[2023-10-27 14:37:31,279] {taskinstance.py:1395} INFO - Marking task as SUCCESS. dag_id=get_stocks_dag, task_id=GOOG, execution_date=20231024T000000, start_date=20231027T173730, end_date=20231027T173731
[2023-10-27 14:37:31,346] {local_task_job.py:156} INFO - Task exited with return code 0
[2023-10-27 14:37:31,375] {local_task_job.py:273} INFO - 0 downstream tasks scheduled from follow-on schedule check
[2023-10-27 14:56:26,096] {taskinstance.py:1159} INFO - Dependencies all met for <TaskInstance: get_stocks_dag.GOOG scheduled__2023-10-24T00:00:00+00:00 [queued]>
[2023-10-27 14:56:26,102] {taskinstance.py:1159} INFO - Dependencies all met for <TaskInstance: get_stocks_dag.GOOG scheduled__2023-10-24T00:00:00+00:00 [queued]>
[2023-10-27 14:56:26,102] {taskinstance.py:1356} INFO - 
--------------------------------------------------------------------------------
[2023-10-27 14:56:26,103] {taskinstance.py:1357} INFO - Starting attempt 1 of 1
[2023-10-27 14:56:26,103] {taskinstance.py:1358} INFO - 
--------------------------------------------------------------------------------
[2023-10-27 14:56:26,114] {taskinstance.py:1377} INFO - Executing <Task(_PythonDecoratedOperator): GOOG> on 2023-10-24 00:00:00+00:00
[2023-10-27 14:56:26,118] {standard_task_runner.py:52} INFO - Started process 24047 to run task
[2023-10-27 14:56:26,121] {standard_task_runner.py:79} INFO - Running: ['airflow', 'tasks', 'run', 'get_stocks_dag', 'GOOG', 'scheduled__2023-10-24T00:00:00+00:00', '--job-id', '67', '--raw', '--subdir', 'DAGS_FOLDER/get_finance.py', '--cfg-path', '/tmp/tmp3mwta2r4', '--error-file', '/tmp/tmpg3ysv0_i']
[2023-10-27 14:56:26,122] {standard_task_runner.py:80} INFO - Job 67: Subtask GOOG
[2023-10-27 14:56:26,159] {task_command.py:370} INFO - Running <TaskInstance: get_stocks_dag.GOOG scheduled__2023-10-24T00:00:00+00:00 [running]> on host airflow-virtual-machine
[2023-10-27 14:56:26,209] {taskinstance.py:1569} INFO - Exporting the following env vars:
AIRFLOW_CTX_DAG_OWNER=airflow
AIRFLOW_CTX_DAG_ID=get_stocks_dag
AIRFLOW_CTX_TASK_ID=GOOG
AIRFLOW_CTX_EXECUTION_DATE=2023-10-24T00:00:00+00:00
AIRFLOW_CTX_TRY_NUMBER=1
AIRFLOW_CTX_DAG_RUN_ID=scheduled__2023-10-24T00:00:00+00:00
[2023-10-27 14:56:26,685] {python.py:173} INFO - Done. Returned value was: None
[2023-10-27 14:56:26,694] {taskinstance.py:1395} INFO - Marking task as SUCCESS. dag_id=get_stocks_dag, task_id=GOOG, execution_date=20231024T000000, start_date=20231027T175626, end_date=20231027T175626
[2023-10-27 14:56:26,755] {local_task_job.py:156} INFO - Task exited with return code 0
[2023-10-27 14:56:26,770] {local_task_job.py:273} INFO - 0 downstream tasks scheduled from follow-on schedule check
[2023-10-27 15:25:33,861] {taskinstance.py:1159} INFO - Dependencies all met for <TaskInstance: get_stocks_dag.GOOG scheduled__2023-10-24T00:00:00+00:00 [queued]>
[2023-10-27 15:25:33,870] {taskinstance.py:1159} INFO - Dependencies all met for <TaskInstance: get_stocks_dag.GOOG scheduled__2023-10-24T00:00:00+00:00 [queued]>
[2023-10-27 15:25:33,870] {taskinstance.py:1356} INFO - 
--------------------------------------------------------------------------------
[2023-10-27 15:25:33,870] {taskinstance.py:1357} INFO - Starting attempt 1 of 1
[2023-10-27 15:25:33,870] {taskinstance.py:1358} INFO - 
--------------------------------------------------------------------------------
[2023-10-27 15:25:33,884] {taskinstance.py:1377} INFO - Executing <Task(_PythonDecoratedOperator): GOOG> on 2023-10-24 00:00:00+00:00
[2023-10-27 15:25:33,891] {standard_task_runner.py:52} INFO - Started process 27870 to run task
[2023-10-27 15:25:33,902] {standard_task_runner.py:79} INFO - Running: ['airflow', 'tasks', 'run', 'get_stocks_dag', 'GOOG', 'scheduled__2023-10-24T00:00:00+00:00', '--job-id', '67', '--raw', '--subdir', 'DAGS_FOLDER/get_finance.py', '--cfg-path', '/tmp/tmpej2ucjo1', '--error-file', '/tmp/tmp_xdbvoz8']
[2023-10-27 15:25:33,903] {standard_task_runner.py:80} INFO - Job 67: Subtask GOOG
[2023-10-27 15:25:33,961] {task_command.py:370} INFO - Running <TaskInstance: get_stocks_dag.GOOG scheduled__2023-10-24T00:00:00+00:00 [running]> on host airflow-virtual-machine
[2023-10-27 15:25:34,132] {taskinstance.py:1569} INFO - Exporting the following env vars:
AIRFLOW_CTX_DAG_OWNER=airflow
AIRFLOW_CTX_DAG_ID=get_stocks_dag
AIRFLOW_CTX_TASK_ID=GOOG
AIRFLOW_CTX_EXECUTION_DATE=2023-10-24T00:00:00+00:00
AIRFLOW_CTX_TRY_NUMBER=1
AIRFLOW_CTX_DAG_RUN_ID=scheduled__2023-10-24T00:00:00+00:00
[2023-10-27 15:25:34,793] {python.py:173} INFO - Done. Returned value was: None
[2023-10-27 15:25:34,798] {taskinstance.py:1395} INFO - Marking task as SUCCESS. dag_id=get_stocks_dag, task_id=GOOG, execution_date=20231024T000000, start_date=20231027T182533, end_date=20231027T182534
[2023-10-27 15:25:34,849] {local_task_job.py:156} INFO - Task exited with return code 0
[2023-10-27 15:25:34,862] {local_task_job.py:273} INFO - 0 downstream tasks scheduled from follow-on schedule check
[2023-10-27 17:04:43,551] {taskinstance.py:1159} INFO - Dependencies all met for <TaskInstance: get_stocks_dag.GOOG scheduled__2023-10-24T00:00:00+00:00 [queued]>
[2023-10-27 17:04:43,563] {taskinstance.py:1159} INFO - Dependencies all met for <TaskInstance: get_stocks_dag.GOOG scheduled__2023-10-24T00:00:00+00:00 [queued]>
[2023-10-27 17:04:43,564] {taskinstance.py:1356} INFO - 
--------------------------------------------------------------------------------
[2023-10-27 17:04:43,564] {taskinstance.py:1357} INFO - Starting attempt 1 of 1
[2023-10-27 17:04:43,564] {taskinstance.py:1358} INFO - 
--------------------------------------------------------------------------------
[2023-10-27 17:04:43,580] {taskinstance.py:1377} INFO - Executing <Task(_PythonDecoratedOperator): GOOG> on 2023-10-24 00:00:00+00:00
[2023-10-27 17:04:43,590] {standard_task_runner.py:52} INFO - Started process 40266 to run task
[2023-10-27 17:04:43,595] {standard_task_runner.py:79} INFO - Running: ['airflow', 'tasks', 'run', 'get_stocks_dag', 'GOOG', 'scheduled__2023-10-24T00:00:00+00:00', '--job-id', '82', '--raw', '--subdir', 'DAGS_FOLDER/get_finance.py', '--cfg-path', '/tmp/tmpw2zc4vnq', '--error-file', '/tmp/tmposftllwo']
[2023-10-27 17:04:43,596] {standard_task_runner.py:80} INFO - Job 82: Subtask GOOG
[2023-10-27 17:04:43,695] {task_command.py:370} INFO - Running <TaskInstance: get_stocks_dag.GOOG scheduled__2023-10-24T00:00:00+00:00 [running]> on host airflow-virtual-machine
[2023-10-27 17:04:43,877] {taskinstance.py:1569} INFO - Exporting the following env vars:
AIRFLOW_CTX_DAG_OWNER=airflow
AIRFLOW_CTX_DAG_ID=get_stocks_dag
AIRFLOW_CTX_TASK_ID=GOOG
AIRFLOW_CTX_EXECUTION_DATE=2023-10-24T00:00:00+00:00
AIRFLOW_CTX_TRY_NUMBER=1
AIRFLOW_CTX_DAG_RUN_ID=scheduled__2023-10-24T00:00:00+00:00
[2023-10-27 17:04:44,407] {python.py:173} INFO - Done. Returned value was: None
[2023-10-27 17:04:44,411] {taskinstance.py:1395} INFO - Marking task as SUCCESS. dag_id=get_stocks_dag, task_id=GOOG, execution_date=20231024T000000, start_date=20231027T200443, end_date=20231027T200444
[2023-10-27 17:04:44,465] {local_task_job.py:156} INFO - Task exited with return code 0
[2023-10-27 17:04:44,490] {local_task_job.py:273} INFO - 0 downstream tasks scheduled from follow-on schedule check
[2023-10-27 17:11:46,049] {taskinstance.py:1159} INFO - Dependencies all met for <TaskInstance: get_stocks_dag.GOOG scheduled__2023-10-24T00:00:00+00:00 [queued]>
[2023-10-27 17:11:46,055] {taskinstance.py:1159} INFO - Dependencies all met for <TaskInstance: get_stocks_dag.GOOG scheduled__2023-10-24T00:00:00+00:00 [queued]>
[2023-10-27 17:11:46,055] {taskinstance.py:1356} INFO - 
--------------------------------------------------------------------------------
[2023-10-27 17:11:46,055] {taskinstance.py:1357} INFO - Starting attempt 1 of 1
[2023-10-27 17:11:46,055] {taskinstance.py:1358} INFO - 
--------------------------------------------------------------------------------
[2023-10-27 17:11:46,065] {taskinstance.py:1377} INFO - Executing <Task(_PythonDecoratedOperator): GOOG> on 2023-10-24 00:00:00+00:00
[2023-10-27 17:11:46,072] {standard_task_runner.py:52} INFO - Started process 41953 to run task
[2023-10-27 17:11:46,077] {standard_task_runner.py:79} INFO - Running: ['airflow', 'tasks', 'run', 'get_stocks_dag', 'GOOG', 'scheduled__2023-10-24T00:00:00+00:00', '--job-id', '82', '--raw', '--subdir', 'DAGS_FOLDER/get_finance.py', '--cfg-path', '/tmp/tmprsxqa5z0', '--error-file', '/tmp/tmpkk715v_f']
[2023-10-27 17:11:46,078] {standard_task_runner.py:80} INFO - Job 82: Subtask GOOG
[2023-10-27 17:11:46,166] {task_command.py:370} INFO - Running <TaskInstance: get_stocks_dag.GOOG scheduled__2023-10-24T00:00:00+00:00 [running]> on host airflow-virtual-machine
[2023-10-27 17:11:46,278] {taskinstance.py:1569} INFO - Exporting the following env vars:
AIRFLOW_CTX_DAG_OWNER=airflow
AIRFLOW_CTX_DAG_ID=get_stocks_dag
AIRFLOW_CTX_TASK_ID=GOOG
AIRFLOW_CTX_EXECUTION_DATE=2023-10-24T00:00:00+00:00
AIRFLOW_CTX_TRY_NUMBER=1
AIRFLOW_CTX_DAG_RUN_ID=scheduled__2023-10-24T00:00:00+00:00
[2023-10-27 17:11:46,823] {python.py:173} INFO - Done. Returned value was: None
[2023-10-27 17:11:46,832] {taskinstance.py:1395} INFO - Marking task as SUCCESS. dag_id=get_stocks_dag, task_id=GOOG, execution_date=20231024T000000, start_date=20231027T201146, end_date=20231027T201146
[2023-10-27 17:11:46,854] {local_task_job.py:156} INFO - Task exited with return code 0
[2023-10-27 17:11:46,870] {local_task_job.py:273} INFO - 0 downstream tasks scheduled from follow-on schedule check
[2023-10-27 18:12:24,524] {taskinstance.py:1159} INFO - Dependencies all met for <TaskInstance: get_stocks_dag.GOOG scheduled__2023-10-24T00:00:00+00:00 [queued]>
[2023-10-27 18:12:24,531] {taskinstance.py:1159} INFO - Dependencies all met for <TaskInstance: get_stocks_dag.GOOG scheduled__2023-10-24T00:00:00+00:00 [queued]>
[2023-10-27 18:12:24,531] {taskinstance.py:1356} INFO - 
--------------------------------------------------------------------------------
[2023-10-27 18:12:24,531] {taskinstance.py:1357} INFO - Starting attempt 1 of 1
[2023-10-27 18:12:24,532] {taskinstance.py:1358} INFO - 
--------------------------------------------------------------------------------
[2023-10-27 18:12:24,543] {taskinstance.py:1377} INFO - Executing <Task(_PythonDecoratedOperator): GOOG> on 2023-10-24 00:00:00+00:00
[2023-10-27 18:12:24,547] {standard_task_runner.py:52} INFO - Started process 50091 to run task
[2023-10-27 18:12:24,550] {standard_task_runner.py:79} INFO - Running: ['airflow', 'tasks', 'run', 'get_stocks_dag', 'GOOG', 'scheduled__2023-10-24T00:00:00+00:00', '--job-id', '81', '--raw', '--subdir', 'DAGS_FOLDER/get_finance.py', '--cfg-path', '/tmp/tmpr1mngoan', '--error-file', '/tmp/tmpvnia7ge4']
[2023-10-27 18:12:24,551] {standard_task_runner.py:80} INFO - Job 81: Subtask GOOG
[2023-10-27 18:12:24,588] {task_command.py:370} INFO - Running <TaskInstance: get_stocks_dag.GOOG scheduled__2023-10-24T00:00:00+00:00 [running]> on host airflow-virtual-machine
[2023-10-27 18:12:24,632] {taskinstance.py:1569} INFO - Exporting the following env vars:
AIRFLOW_CTX_DAG_OWNER=airflow
AIRFLOW_CTX_DAG_ID=get_stocks_dag
AIRFLOW_CTX_TASK_ID=GOOG
AIRFLOW_CTX_EXECUTION_DATE=2023-10-24T00:00:00+00:00
AIRFLOW_CTX_TRY_NUMBER=1
AIRFLOW_CTX_DAG_RUN_ID=scheduled__2023-10-24T00:00:00+00:00
[2023-10-27 18:12:25,259] {python.py:173} INFO - Done. Returned value was: None
[2023-10-27 18:12:25,266] {taskinstance.py:1395} INFO - Marking task as SUCCESS. dag_id=get_stocks_dag, task_id=GOOG, execution_date=20231024T000000, start_date=20231027T211224, end_date=20231027T211225
[2023-10-27 18:12:25,307] {local_task_job.py:156} INFO - Task exited with return code 0
[2023-10-27 18:12:25,348] {local_task_job.py:273} INFO - 0 downstream tasks scheduled from follow-on schedule check
