[2023-10-27 14:19:21,696] {taskinstance.py:1159} INFO - Dependencies all met for <TaskInstance: get_stocks_dag.GOOG scheduled__2023-10-25T00:00:00+00:00 [queued]>
[2023-10-27 14:19:21,701] {taskinstance.py:1159} INFO - Dependencies all met for <TaskInstance: get_stocks_dag.GOOG scheduled__2023-10-25T00:00:00+00:00 [queued]>
[2023-10-27 14:19:21,702] {taskinstance.py:1356} INFO - 
--------------------------------------------------------------------------------
[2023-10-27 14:19:21,702] {taskinstance.py:1357} INFO - Starting attempt 1 of 1
[2023-10-27 14:19:21,703] {taskinstance.py:1358} INFO - 
--------------------------------------------------------------------------------
[2023-10-27 14:19:21,714] {taskinstance.py:1377} INFO - Executing <Task(_PythonDecoratedOperator): GOOG> on 2023-10-25 00:00:00+00:00
[2023-10-27 14:19:21,718] {standard_task_runner.py:52} INFO - Started process 18216 to run task
[2023-10-27 14:19:21,721] {standard_task_runner.py:79} INFO - Running: ['airflow', 'tasks', 'run', 'get_stocks_dag', 'GOOG', 'scheduled__2023-10-25T00:00:00+00:00', '--job-id', '71', '--raw', '--subdir', 'DAGS_FOLDER/get_finance.py', '--cfg-path', '/tmp/tmpnc2d_o8r', '--error-file', '/tmp/tmpeplccyvh']
[2023-10-27 14:19:21,722] {standard_task_runner.py:80} INFO - Job 71: Subtask GOOG
[2023-10-27 14:19:21,761] {task_command.py:370} INFO - Running <TaskInstance: get_stocks_dag.GOOG scheduled__2023-10-25T00:00:00+00:00 [running]> on host airflow-virtual-machine
[2023-10-27 14:19:21,808] {taskinstance.py:1569} INFO - Exporting the following env vars:
AIRFLOW_CTX_DAG_OWNER=airflow
AIRFLOW_CTX_DAG_ID=get_stocks_dag
AIRFLOW_CTX_TASK_ID=GOOG
AIRFLOW_CTX_EXECUTION_DATE=2023-10-25T00:00:00+00:00
AIRFLOW_CTX_TRY_NUMBER=1
AIRFLOW_CTX_DAG_RUN_ID=scheduled__2023-10-25T00:00:00+00:00
[2023-10-27 14:19:22,277] {taskinstance.py:1889} ERROR - Task failed with exception
Traceback (most recent call last):
  File "/home/gabriel/Documents/project_finance/venv/lib/python3.9/site-packages/airflow/decorators/base.py", line 179, in execute
    return_value = super().execute(context)
  File "/home/gabriel/Documents/project_finance/venv/lib/python3.9/site-packages/airflow/operators/python.py", line 171, in execute
    return_value = self.execute_callable()
  File "/home/gabriel/Documents/project_finance/venv/lib/python3.9/site-packages/airflow/operators/python.py", line 189, in execute_callable
    return self.python_callable(*self.op_args, **self.op_kwargs)
  File "/home/gabriel/Documents/project_finance/airflow/dags/get_finance.py", line 18, in get_history
    yfinance.Ticker(ticker).history(
  File "/home/gabriel/Documents/project_finance/venv/lib/python3.9/site-packages/pandas/core/generic.py", line 3902, in to_csv
    return DataFrameRenderer(formatter).to_csv(
  File "/home/gabriel/Documents/project_finance/venv/lib/python3.9/site-packages/pandas/io/formats/format.py", line 1152, in to_csv
    csv_formatter.save()
  File "/home/gabriel/Documents/project_finance/venv/lib/python3.9/site-packages/pandas/io/formats/csvs.py", line 247, in save
    with get_handle(
  File "/home/gabriel/Documents/project_finance/venv/lib/python3.9/site-packages/pandas/io/common.py", line 739, in get_handle
    check_parent_directory(str(handle))
  File "/home/gabriel/Documents/project_finance/venv/lib/python3.9/site-packages/pandas/io/common.py", line 604, in check_parent_directory
    raise OSError(rf"Cannot save file into a non-existent directory: '{parent}'")
OSError: Cannot save file into a non-existent directory: '/home/gabriel/Documents/project_finance/datalake/stocks/GOOG'
[2023-10-27 14:19:22,292] {taskinstance.py:1395} INFO - Marking task as FAILED. dag_id=get_stocks_dag, task_id=GOOG, execution_date=20231025T000000, start_date=20231027T171921, end_date=20231027T171922
[2023-10-27 14:19:22,302] {standard_task_runner.py:92} ERROR - Failed to execute job 71 for task GOOG (Cannot save file into a non-existent directory: '/home/gabriel/Documents/project_finance/datalake/stocks/GOOG'; 18216)
[2023-10-27 14:19:22,336] {local_task_job.py:156} INFO - Task exited with return code 1
[2023-10-27 14:19:22,351] {local_task_job.py:273} INFO - 0 downstream tasks scheduled from follow-on schedule check
[2023-10-27 14:37:50,427] {taskinstance.py:1159} INFO - Dependencies all met for <TaskInstance: get_stocks_dag.GOOG scheduled__2023-10-25T00:00:00+00:00 [queued]>
[2023-10-27 14:37:50,440] {taskinstance.py:1159} INFO - Dependencies all met for <TaskInstance: get_stocks_dag.GOOG scheduled__2023-10-25T00:00:00+00:00 [queued]>
[2023-10-27 14:37:50,440] {taskinstance.py:1356} INFO - 
--------------------------------------------------------------------------------
[2023-10-27 14:37:50,440] {taskinstance.py:1357} INFO - Starting attempt 1 of 1
[2023-10-27 14:37:50,440] {taskinstance.py:1358} INFO - 
--------------------------------------------------------------------------------
[2023-10-27 14:37:50,453] {taskinstance.py:1377} INFO - Executing <Task(_PythonDecoratedOperator): GOOG> on 2023-10-25 00:00:00+00:00
[2023-10-27 14:37:50,458] {standard_task_runner.py:52} INFO - Started process 21468 to run task
[2023-10-27 14:37:50,462] {standard_task_runner.py:79} INFO - Running: ['airflow', 'tasks', 'run', 'get_stocks_dag', 'GOOG', 'scheduled__2023-10-25T00:00:00+00:00', '--job-id', '71', '--raw', '--subdir', 'DAGS_FOLDER/get_finance.py', '--cfg-path', '/tmp/tmpxhdi0axh', '--error-file', '/tmp/tmp208p8jm8']
[2023-10-27 14:37:50,463] {standard_task_runner.py:80} INFO - Job 71: Subtask GOOG
[2023-10-27 14:37:50,571] {task_command.py:370} INFO - Running <TaskInstance: get_stocks_dag.GOOG scheduled__2023-10-25T00:00:00+00:00 [running]> on host airflow-virtual-machine
[2023-10-27 14:37:50,664] {taskinstance.py:1569} INFO - Exporting the following env vars:
AIRFLOW_CTX_DAG_OWNER=airflow
AIRFLOW_CTX_DAG_ID=get_stocks_dag
AIRFLOW_CTX_TASK_ID=GOOG
AIRFLOW_CTX_EXECUTION_DATE=2023-10-25T00:00:00+00:00
AIRFLOW_CTX_TRY_NUMBER=1
AIRFLOW_CTX_DAG_RUN_ID=scheduled__2023-10-25T00:00:00+00:00
[2023-10-27 14:37:51,172] {python.py:173} INFO - Done. Returned value was: None
[2023-10-27 14:37:51,179] {taskinstance.py:1395} INFO - Marking task as SUCCESS. dag_id=get_stocks_dag, task_id=GOOG, execution_date=20231025T000000, start_date=20231027T173750, end_date=20231027T173751
[2023-10-27 14:37:51,239] {local_task_job.py:156} INFO - Task exited with return code 0
[2023-10-27 14:37:51,259] {local_task_job.py:273} INFO - 0 downstream tasks scheduled from follow-on schedule check
[2023-10-27 14:56:37,684] {taskinstance.py:1159} INFO - Dependencies all met for <TaskInstance: get_stocks_dag.GOOG scheduled__2023-10-25T00:00:00+00:00 [queued]>
[2023-10-27 14:56:37,692] {taskinstance.py:1159} INFO - Dependencies all met for <TaskInstance: get_stocks_dag.GOOG scheduled__2023-10-25T00:00:00+00:00 [queued]>
[2023-10-27 14:56:37,693] {taskinstance.py:1356} INFO - 
--------------------------------------------------------------------------------
[2023-10-27 14:56:37,693] {taskinstance.py:1357} INFO - Starting attempt 1 of 1
[2023-10-27 14:56:37,693] {taskinstance.py:1358} INFO - 
--------------------------------------------------------------------------------
[2023-10-27 14:56:37,708] {taskinstance.py:1377} INFO - Executing <Task(_PythonDecoratedOperator): GOOG> on 2023-10-25 00:00:00+00:00
[2023-10-27 14:56:37,714] {standard_task_runner.py:52} INFO - Started process 24107 to run task
[2023-10-27 14:56:37,720] {standard_task_runner.py:79} INFO - Running: ['airflow', 'tasks', 'run', 'get_stocks_dag', 'GOOG', 'scheduled__2023-10-25T00:00:00+00:00', '--job-id', '71', '--raw', '--subdir', 'DAGS_FOLDER/get_finance.py', '--cfg-path', '/tmp/tmpim_rmdu0', '--error-file', '/tmp/tmpmrbmu571']
[2023-10-27 14:56:37,721] {standard_task_runner.py:80} INFO - Job 71: Subtask GOOG
[2023-10-27 14:56:37,760] {task_command.py:370} INFO - Running <TaskInstance: get_stocks_dag.GOOG scheduled__2023-10-25T00:00:00+00:00 [running]> on host airflow-virtual-machine
[2023-10-27 14:56:37,809] {taskinstance.py:1569} INFO - Exporting the following env vars:
AIRFLOW_CTX_DAG_OWNER=airflow
AIRFLOW_CTX_DAG_ID=get_stocks_dag
AIRFLOW_CTX_TASK_ID=GOOG
AIRFLOW_CTX_EXECUTION_DATE=2023-10-25T00:00:00+00:00
AIRFLOW_CTX_TRY_NUMBER=1
AIRFLOW_CTX_DAG_RUN_ID=scheduled__2023-10-25T00:00:00+00:00
[2023-10-27 14:56:38,309] {python.py:173} INFO - Done. Returned value was: None
[2023-10-27 14:56:38,314] {taskinstance.py:1395} INFO - Marking task as SUCCESS. dag_id=get_stocks_dag, task_id=GOOG, execution_date=20231025T000000, start_date=20231027T175637, end_date=20231027T175638
[2023-10-27 14:56:38,363] {local_task_job.py:156} INFO - Task exited with return code 0
[2023-10-27 14:56:38,396] {local_task_job.py:273} INFO - 0 downstream tasks scheduled from follow-on schedule check
[2023-10-27 15:25:45,242] {taskinstance.py:1159} INFO - Dependencies all met for <TaskInstance: get_stocks_dag.GOOG scheduled__2023-10-25T00:00:00+00:00 [queued]>
[2023-10-27 15:25:45,253] {taskinstance.py:1159} INFO - Dependencies all met for <TaskInstance: get_stocks_dag.GOOG scheduled__2023-10-25T00:00:00+00:00 [queued]>
[2023-10-27 15:25:45,253] {taskinstance.py:1356} INFO - 
--------------------------------------------------------------------------------
[2023-10-27 15:25:45,254] {taskinstance.py:1357} INFO - Starting attempt 1 of 1
[2023-10-27 15:25:45,254] {taskinstance.py:1358} INFO - 
--------------------------------------------------------------------------------
[2023-10-27 15:25:45,263] {taskinstance.py:1377} INFO - Executing <Task(_PythonDecoratedOperator): GOOG> on 2023-10-25 00:00:00+00:00
[2023-10-27 15:25:45,267] {standard_task_runner.py:52} INFO - Started process 27927 to run task
[2023-10-27 15:25:45,270] {standard_task_runner.py:79} INFO - Running: ['airflow', 'tasks', 'run', 'get_stocks_dag', 'GOOG', 'scheduled__2023-10-25T00:00:00+00:00', '--job-id', '71', '--raw', '--subdir', 'DAGS_FOLDER/get_finance.py', '--cfg-path', '/tmp/tmpj6kk5z3m', '--error-file', '/tmp/tmpz7cxit3g']
[2023-10-27 15:25:45,271] {standard_task_runner.py:80} INFO - Job 71: Subtask GOOG
[2023-10-27 15:25:45,314] {task_command.py:370} INFO - Running <TaskInstance: get_stocks_dag.GOOG scheduled__2023-10-25T00:00:00+00:00 [running]> on host airflow-virtual-machine
[2023-10-27 15:25:45,375] {taskinstance.py:1569} INFO - Exporting the following env vars:
AIRFLOW_CTX_DAG_OWNER=airflow
AIRFLOW_CTX_DAG_ID=get_stocks_dag
AIRFLOW_CTX_TASK_ID=GOOG
AIRFLOW_CTX_EXECUTION_DATE=2023-10-25T00:00:00+00:00
AIRFLOW_CTX_TRY_NUMBER=1
AIRFLOW_CTX_DAG_RUN_ID=scheduled__2023-10-25T00:00:00+00:00
[2023-10-27 15:25:45,827] {python.py:173} INFO - Done. Returned value was: None
[2023-10-27 15:25:45,832] {taskinstance.py:1395} INFO - Marking task as SUCCESS. dag_id=get_stocks_dag, task_id=GOOG, execution_date=20231025T000000, start_date=20231027T182545, end_date=20231027T182545
[2023-10-27 15:25:45,856] {local_task_job.py:156} INFO - Task exited with return code 0
[2023-10-27 15:25:45,872] {local_task_job.py:273} INFO - 0 downstream tasks scheduled from follow-on schedule check
[2023-10-27 17:05:00,688] {taskinstance.py:1159} INFO - Dependencies all met for <TaskInstance: get_stocks_dag.GOOG scheduled__2023-10-25T00:00:00+00:00 [queued]>
[2023-10-27 17:05:00,702] {taskinstance.py:1159} INFO - Dependencies all met for <TaskInstance: get_stocks_dag.GOOG scheduled__2023-10-25T00:00:00+00:00 [queued]>
[2023-10-27 17:05:00,702] {taskinstance.py:1356} INFO - 
--------------------------------------------------------------------------------
[2023-10-27 17:05:00,702] {taskinstance.py:1357} INFO - Starting attempt 1 of 1
[2023-10-27 17:05:00,702] {taskinstance.py:1358} INFO - 
--------------------------------------------------------------------------------
[2023-10-27 17:05:00,735] {taskinstance.py:1377} INFO - Executing <Task(_PythonDecoratedOperator): GOOG> on 2023-10-25 00:00:00+00:00
[2023-10-27 17:05:00,750] {standard_task_runner.py:52} INFO - Started process 40356 to run task
[2023-10-27 17:05:00,755] {standard_task_runner.py:79} INFO - Running: ['airflow', 'tasks', 'run', 'get_stocks_dag', 'GOOG', 'scheduled__2023-10-25T00:00:00+00:00', '--job-id', '87', '--raw', '--subdir', 'DAGS_FOLDER/get_finance.py', '--cfg-path', '/tmp/tmpwcz9nw8d', '--error-file', '/tmp/tmpz4gvpbgx']
[2023-10-27 17:05:00,760] {standard_task_runner.py:80} INFO - Job 87: Subtask GOOG
[2023-10-27 17:05:00,886] {task_command.py:370} INFO - Running <TaskInstance: get_stocks_dag.GOOG scheduled__2023-10-25T00:00:00+00:00 [running]> on host airflow-virtual-machine
[2023-10-27 17:05:01,000] {taskinstance.py:1569} INFO - Exporting the following env vars:
AIRFLOW_CTX_DAG_OWNER=airflow
AIRFLOW_CTX_DAG_ID=get_stocks_dag
AIRFLOW_CTX_TASK_ID=GOOG
AIRFLOW_CTX_EXECUTION_DATE=2023-10-25T00:00:00+00:00
AIRFLOW_CTX_TRY_NUMBER=1
AIRFLOW_CTX_DAG_RUN_ID=scheduled__2023-10-25T00:00:00+00:00
[2023-10-27 17:05:01,667] {python.py:173} INFO - Done. Returned value was: None
[2023-10-27 17:05:01,717] {taskinstance.py:1395} INFO - Marking task as SUCCESS. dag_id=get_stocks_dag, task_id=GOOG, execution_date=20231025T000000, start_date=20231027T200500, end_date=20231027T200501
[2023-10-27 17:05:01,807] {local_task_job.py:156} INFO - Task exited with return code 0
[2023-10-27 17:05:01,893] {local_task_job.py:273} INFO - 0 downstream tasks scheduled from follow-on schedule check
[2023-10-27 17:11:58,580] {taskinstance.py:1159} INFO - Dependencies all met for <TaskInstance: get_stocks_dag.GOOG scheduled__2023-10-25T00:00:00+00:00 [queued]>
[2023-10-27 17:11:58,587] {taskinstance.py:1159} INFO - Dependencies all met for <TaskInstance: get_stocks_dag.GOOG scheduled__2023-10-25T00:00:00+00:00 [queued]>
[2023-10-27 17:11:58,587] {taskinstance.py:1356} INFO - 
--------------------------------------------------------------------------------
[2023-10-27 17:11:58,587] {taskinstance.py:1357} INFO - Starting attempt 1 of 1
[2023-10-27 17:11:58,587] {taskinstance.py:1358} INFO - 
--------------------------------------------------------------------------------
[2023-10-27 17:11:58,600] {taskinstance.py:1377} INFO - Executing <Task(_PythonDecoratedOperator): GOOG> on 2023-10-25 00:00:00+00:00
[2023-10-27 17:11:58,608] {standard_task_runner.py:52} INFO - Started process 42021 to run task
[2023-10-27 17:11:58,611] {standard_task_runner.py:79} INFO - Running: ['airflow', 'tasks', 'run', 'get_stocks_dag', 'GOOG', 'scheduled__2023-10-25T00:00:00+00:00', '--job-id', '87', '--raw', '--subdir', 'DAGS_FOLDER/get_finance.py', '--cfg-path', '/tmp/tmpwgb30fih', '--error-file', '/tmp/tmpt_49fu5a']
[2023-10-27 17:11:58,612] {standard_task_runner.py:80} INFO - Job 87: Subtask GOOG
[2023-10-27 17:11:58,652] {task_command.py:370} INFO - Running <TaskInstance: get_stocks_dag.GOOG scheduled__2023-10-25T00:00:00+00:00 [running]> on host airflow-virtual-machine
[2023-10-27 17:11:58,701] {taskinstance.py:1569} INFO - Exporting the following env vars:
AIRFLOW_CTX_DAG_OWNER=airflow
AIRFLOW_CTX_DAG_ID=get_stocks_dag
AIRFLOW_CTX_TASK_ID=GOOG
AIRFLOW_CTX_EXECUTION_DATE=2023-10-25T00:00:00+00:00
AIRFLOW_CTX_TRY_NUMBER=1
AIRFLOW_CTX_DAG_RUN_ID=scheduled__2023-10-25T00:00:00+00:00
[2023-10-27 17:11:59,252] {python.py:173} INFO - Done. Returned value was: None
[2023-10-27 17:11:59,256] {taskinstance.py:1395} INFO - Marking task as SUCCESS. dag_id=get_stocks_dag, task_id=GOOG, execution_date=20231025T000000, start_date=20231027T201158, end_date=20231027T201159
[2023-10-27 17:11:59,284] {local_task_job.py:156} INFO - Task exited with return code 0
[2023-10-27 17:11:59,300] {local_task_job.py:273} INFO - 0 downstream tasks scheduled from follow-on schedule check
[2023-10-27 18:12:36,387] {taskinstance.py:1159} INFO - Dependencies all met for <TaskInstance: get_stocks_dag.GOOG scheduled__2023-10-25T00:00:00+00:00 [queued]>
[2023-10-27 18:12:36,394] {taskinstance.py:1159} INFO - Dependencies all met for <TaskInstance: get_stocks_dag.GOOG scheduled__2023-10-25T00:00:00+00:00 [queued]>
[2023-10-27 18:12:36,394] {taskinstance.py:1356} INFO - 
--------------------------------------------------------------------------------
[2023-10-27 18:12:36,394] {taskinstance.py:1357} INFO - Starting attempt 1 of 1
[2023-10-27 18:12:36,394] {taskinstance.py:1358} INFO - 
--------------------------------------------------------------------------------
[2023-10-27 18:12:36,403] {taskinstance.py:1377} INFO - Executing <Task(_PythonDecoratedOperator): GOOG> on 2023-10-25 00:00:00+00:00
[2023-10-27 18:12:36,407] {standard_task_runner.py:52} INFO - Started process 50172 to run task
[2023-10-27 18:12:36,410] {standard_task_runner.py:79} INFO - Running: ['airflow', 'tasks', 'run', 'get_stocks_dag', 'GOOG', 'scheduled__2023-10-25T00:00:00+00:00', '--job-id', '86', '--raw', '--subdir', 'DAGS_FOLDER/get_finance.py', '--cfg-path', '/tmp/tmpxiecoyha', '--error-file', '/tmp/tmpjdj3wi7h']
[2023-10-27 18:12:36,411] {standard_task_runner.py:80} INFO - Job 86: Subtask GOOG
[2023-10-27 18:12:36,446] {task_command.py:370} INFO - Running <TaskInstance: get_stocks_dag.GOOG scheduled__2023-10-25T00:00:00+00:00 [running]> on host airflow-virtual-machine
[2023-10-27 18:12:36,488] {taskinstance.py:1569} INFO - Exporting the following env vars:
AIRFLOW_CTX_DAG_OWNER=airflow
AIRFLOW_CTX_DAG_ID=get_stocks_dag
AIRFLOW_CTX_TASK_ID=GOOG
AIRFLOW_CTX_EXECUTION_DATE=2023-10-25T00:00:00+00:00
AIRFLOW_CTX_TRY_NUMBER=1
AIRFLOW_CTX_DAG_RUN_ID=scheduled__2023-10-25T00:00:00+00:00
[2023-10-27 18:12:37,081] {python.py:173} INFO - Done. Returned value was: None
[2023-10-27 18:12:37,094] {taskinstance.py:1395} INFO - Marking task as SUCCESS. dag_id=get_stocks_dag, task_id=GOOG, execution_date=20231025T000000, start_date=20231027T211236, end_date=20231027T211237
[2023-10-27 18:12:37,121] {local_task_job.py:156} INFO - Task exited with return code 0
[2023-10-27 18:12:37,155] {local_task_job.py:273} INFO - 0 downstream tasks scheduled from follow-on schedule check
