[2023-10-27 14:17:11,510] {taskinstance.py:1159} INFO - Dependencies all met for <TaskInstance: get_stocks_dag.MSFT scheduled__2023-10-11T00:00:00+00:00 [queued]>
[2023-10-27 14:17:11,521] {taskinstance.py:1159} INFO - Dependencies all met for <TaskInstance: get_stocks_dag.MSFT scheduled__2023-10-11T00:00:00+00:00 [queued]>
[2023-10-27 14:17:11,521] {taskinstance.py:1356} INFO - 
--------------------------------------------------------------------------------
[2023-10-27 14:17:11,522] {taskinstance.py:1357} INFO - Starting attempt 1 of 1
[2023-10-27 14:17:11,522] {taskinstance.py:1358} INFO - 
--------------------------------------------------------------------------------
[2023-10-27 14:17:11,551] {taskinstance.py:1377} INFO - Executing <Task(_PythonDecoratedOperator): MSFT> on 2023-10-11 00:00:00+00:00
[2023-10-27 14:17:11,556] {standard_task_runner.py:52} INFO - Started process 17489 to run task
[2023-10-27 14:17:11,560] {standard_task_runner.py:79} INFO - Running: ['airflow', 'tasks', 'run', 'get_stocks_dag', 'MSFT', 'scheduled__2023-10-11T00:00:00+00:00', '--job-id', '30', '--raw', '--subdir', 'DAGS_FOLDER/get_finance.py', '--cfg-path', '/tmp/tmp4yo30qgq', '--error-file', '/tmp/tmpknac0mem']
[2023-10-27 14:17:11,561] {standard_task_runner.py:80} INFO - Job 30: Subtask MSFT
[2023-10-27 14:17:11,621] {task_command.py:370} INFO - Running <TaskInstance: get_stocks_dag.MSFT scheduled__2023-10-11T00:00:00+00:00 [running]> on host airflow-virtual-machine
[2023-10-27 14:17:11,707] {taskinstance.py:1569} INFO - Exporting the following env vars:
AIRFLOW_CTX_DAG_OWNER=airflow
AIRFLOW_CTX_DAG_ID=get_stocks_dag
AIRFLOW_CTX_TASK_ID=MSFT
AIRFLOW_CTX_EXECUTION_DATE=2023-10-11T00:00:00+00:00
AIRFLOW_CTX_TRY_NUMBER=1
AIRFLOW_CTX_DAG_RUN_ID=scheduled__2023-10-11T00:00:00+00:00
[2023-10-27 14:17:12,260] {taskinstance.py:1889} ERROR - Task failed with exception
Traceback (most recent call last):
  File "/home/gabriel/Documents/project_finance/venv/lib/python3.9/site-packages/airflow/decorators/base.py", line 179, in execute
    return_value = super().execute(context)
  File "/home/gabriel/Documents/project_finance/venv/lib/python3.9/site-packages/airflow/operators/python.py", line 171, in execute
    return_value = self.execute_callable()
  File "/home/gabriel/Documents/project_finance/venv/lib/python3.9/site-packages/airflow/operators/python.py", line 189, in execute_callable
    return self.python_callable(*self.op_args, **self.op_kwargs)
  File "/home/gabriel/Documents/project_finance/airflow/dags/get_finance.py", line 18, in get_history
    yfinance.Ticker(ticker).history(
  File "/home/gabriel/Documents/project_finance/venv/lib/python3.9/site-packages/pandas/core/generic.py", line 3902, in to_csv
    return DataFrameRenderer(formatter).to_csv(
  File "/home/gabriel/Documents/project_finance/venv/lib/python3.9/site-packages/pandas/io/formats/format.py", line 1152, in to_csv
    csv_formatter.save()
  File "/home/gabriel/Documents/project_finance/venv/lib/python3.9/site-packages/pandas/io/formats/csvs.py", line 247, in save
    with get_handle(
  File "/home/gabriel/Documents/project_finance/venv/lib/python3.9/site-packages/pandas/io/common.py", line 739, in get_handle
    check_parent_directory(str(handle))
  File "/home/gabriel/Documents/project_finance/venv/lib/python3.9/site-packages/pandas/io/common.py", line 604, in check_parent_directory
    raise OSError(rf"Cannot save file into a non-existent directory: '{parent}'")
OSError: Cannot save file into a non-existent directory: '/home/gabriel/Documents/project_finance/datalake/stocks/MSFT'
[2023-10-27 14:17:12,275] {taskinstance.py:1395} INFO - Marking task as FAILED. dag_id=get_stocks_dag, task_id=MSFT, execution_date=20231011T000000, start_date=20231027T171711, end_date=20231027T171712
[2023-10-27 14:17:12,287] {standard_task_runner.py:92} ERROR - Failed to execute job 30 for task MSFT (Cannot save file into a non-existent directory: '/home/gabriel/Documents/project_finance/datalake/stocks/MSFT'; 17489)
[2023-10-27 14:17:12,327] {local_task_job.py:156} INFO - Task exited with return code 1
[2023-10-27 14:17:12,348] {local_task_job.py:273} INFO - 0 downstream tasks scheduled from follow-on schedule check
[2023-10-27 14:30:45,328] {taskinstance.py:1159} INFO - Dependencies all met for <TaskInstance: get_stocks_dag.MSFT scheduled__2023-10-11T00:00:00+00:00 [queued]>
[2023-10-27 14:30:45,354] {taskinstance.py:1159} INFO - Dependencies all met for <TaskInstance: get_stocks_dag.MSFT scheduled__2023-10-11T00:00:00+00:00 [queued]>
[2023-10-27 14:30:45,354] {taskinstance.py:1356} INFO - 
--------------------------------------------------------------------------------
[2023-10-27 14:30:45,354] {taskinstance.py:1357} INFO - Starting attempt 1 of 1
[2023-10-27 14:30:45,355] {taskinstance.py:1358} INFO - 
--------------------------------------------------------------------------------
[2023-10-27 14:30:45,421] {taskinstance.py:1377} INFO - Executing <Task(_PythonDecoratedOperator): MSFT> on 2023-10-11 00:00:00+00:00
[2023-10-27 14:30:45,428] {standard_task_runner.py:52} INFO - Started process 19816 to run task
[2023-10-27 14:30:45,435] {standard_task_runner.py:79} INFO - Running: ['airflow', 'tasks', 'run', 'get_stocks_dag', 'MSFT', 'scheduled__2023-10-11T00:00:00+00:00', '--job-id', '30', '--raw', '--subdir', 'DAGS_FOLDER/get_finance.py', '--cfg-path', '/tmp/tmper2841sl', '--error-file', '/tmp/tmpazsbpc4h']
[2023-10-27 14:30:45,441] {standard_task_runner.py:80} INFO - Job 30: Subtask MSFT
[2023-10-27 14:30:45,606] {task_command.py:370} INFO - Running <TaskInstance: get_stocks_dag.MSFT scheduled__2023-10-11T00:00:00+00:00 [running]> on host airflow-virtual-machine
[2023-10-27 14:30:45,810] {taskinstance.py:1569} INFO - Exporting the following env vars:
AIRFLOW_CTX_DAG_OWNER=airflow
AIRFLOW_CTX_DAG_ID=get_stocks_dag
AIRFLOW_CTX_TASK_ID=MSFT
AIRFLOW_CTX_EXECUTION_DATE=2023-10-11T00:00:00+00:00
AIRFLOW_CTX_TRY_NUMBER=1
AIRFLOW_CTX_DAG_RUN_ID=scheduled__2023-10-11T00:00:00+00:00
[2023-10-27 14:30:46,398] {taskinstance.py:1889} ERROR - Task failed with exception
Traceback (most recent call last):
  File "/home/gabriel/Documents/project_finance/venv/lib/python3.9/site-packages/airflow/decorators/base.py", line 179, in execute
    return_value = super().execute(context)
  File "/home/gabriel/Documents/project_finance/venv/lib/python3.9/site-packages/airflow/operators/python.py", line 171, in execute
    return_value = self.execute_callable()
  File "/home/gabriel/Documents/project_finance/venv/lib/python3.9/site-packages/airflow/operators/python.py", line 189, in execute_callable
    return self.python_callable(*self.op_args, **self.op_kwargs)
  File "/home/gabriel/Documents/project_finance/airflow/dags/get_finance.py", line 20, in get_history
    yfinance.Ticker(ticker).history(
  File "/home/gabriel/Documents/project_finance/venv/lib/python3.9/site-packages/pandas/core/generic.py", line 3902, in to_csv
    return DataFrameRenderer(formatter).to_csv(
  File "/home/gabriel/Documents/project_finance/venv/lib/python3.9/site-packages/pandas/io/formats/format.py", line 1152, in to_csv
    csv_formatter.save()
  File "/home/gabriel/Documents/project_finance/venv/lib/python3.9/site-packages/pandas/io/formats/csvs.py", line 247, in save
    with get_handle(
  File "/home/gabriel/Documents/project_finance/venv/lib/python3.9/site-packages/pandas/io/common.py", line 863, in get_handle
    handle = open(
PermissionError: [Errno 13] Permission denied: '/MSFT_20231011.csv'
[2023-10-27 14:30:46,414] {taskinstance.py:1395} INFO - Marking task as FAILED. dag_id=get_stocks_dag, task_id=MSFT, execution_date=20231011T000000, start_date=20231027T173045, end_date=20231027T173046
[2023-10-27 14:30:46,439] {standard_task_runner.py:92} ERROR - Failed to execute job 30 for task MSFT ([Errno 13] Permission denied: '/MSFT_20231011.csv'; 19816)
[2023-10-27 14:30:46,480] {local_task_job.py:156} INFO - Task exited with return code 1
[2023-10-27 14:30:46,510] {local_task_job.py:273} INFO - 0 downstream tasks scheduled from follow-on schedule check
[2023-10-27 14:34:36,562] {taskinstance.py:1159} INFO - Dependencies all met for <TaskInstance: get_stocks_dag.MSFT scheduled__2023-10-11T00:00:00+00:00 [queued]>
[2023-10-27 14:34:36,585] {taskinstance.py:1159} INFO - Dependencies all met for <TaskInstance: get_stocks_dag.MSFT scheduled__2023-10-11T00:00:00+00:00 [queued]>
[2023-10-27 14:34:36,585] {taskinstance.py:1356} INFO - 
--------------------------------------------------------------------------------
[2023-10-27 14:34:36,585] {taskinstance.py:1357} INFO - Starting attempt 1 of 1
[2023-10-27 14:34:36,586] {taskinstance.py:1358} INFO - 
--------------------------------------------------------------------------------
[2023-10-27 14:34:36,618] {taskinstance.py:1377} INFO - Executing <Task(_PythonDecoratedOperator): MSFT> on 2023-10-11 00:00:00+00:00
[2023-10-27 14:34:36,623] {standard_task_runner.py:52} INFO - Started process 20781 to run task
[2023-10-27 14:34:36,629] {standard_task_runner.py:79} INFO - Running: ['airflow', 'tasks', 'run', 'get_stocks_dag', 'MSFT', 'scheduled__2023-10-11T00:00:00+00:00', '--job-id', '30', '--raw', '--subdir', 'DAGS_FOLDER/get_finance.py', '--cfg-path', '/tmp/tmpje5o3cdj', '--error-file', '/tmp/tmpi2ar699j']
[2023-10-27 14:34:36,637] {standard_task_runner.py:80} INFO - Job 30: Subtask MSFT
[2023-10-27 14:34:36,741] {task_command.py:370} INFO - Running <TaskInstance: get_stocks_dag.MSFT scheduled__2023-10-11T00:00:00+00:00 [running]> on host airflow-virtual-machine
[2023-10-27 14:34:36,836] {taskinstance.py:1569} INFO - Exporting the following env vars:
AIRFLOW_CTX_DAG_OWNER=airflow
AIRFLOW_CTX_DAG_ID=get_stocks_dag
AIRFLOW_CTX_TASK_ID=MSFT
AIRFLOW_CTX_EXECUTION_DATE=2023-10-11T00:00:00+00:00
AIRFLOW_CTX_TRY_NUMBER=1
AIRFLOW_CTX_DAG_RUN_ID=scheduled__2023-10-11T00:00:00+00:00
[2023-10-27 14:34:37,439] {python.py:173} INFO - Done. Returned value was: None
[2023-10-27 14:34:37,461] {taskinstance.py:1395} INFO - Marking task as SUCCESS. dag_id=get_stocks_dag, task_id=MSFT, execution_date=20231011T000000, start_date=20231027T173436, end_date=20231027T173437
[2023-10-27 14:34:37,519] {local_task_job.py:156} INFO - Task exited with return code 0
[2023-10-27 14:34:37,549] {local_task_job.py:273} INFO - 0 downstream tasks scheduled from follow-on schedule check
[2023-10-27 14:54:39,306] {taskinstance.py:1159} INFO - Dependencies all met for <TaskInstance: get_stocks_dag.MSFT scheduled__2023-10-11T00:00:00+00:00 [queued]>
[2023-10-27 14:54:39,313] {taskinstance.py:1159} INFO - Dependencies all met for <TaskInstance: get_stocks_dag.MSFT scheduled__2023-10-11T00:00:00+00:00 [queued]>
[2023-10-27 14:54:39,313] {taskinstance.py:1356} INFO - 
--------------------------------------------------------------------------------
[2023-10-27 14:54:39,313] {taskinstance.py:1357} INFO - Starting attempt 1 of 1
[2023-10-27 14:54:39,314] {taskinstance.py:1358} INFO - 
--------------------------------------------------------------------------------
[2023-10-27 14:54:39,326] {taskinstance.py:1377} INFO - Executing <Task(_PythonDecoratedOperator): MSFT> on 2023-10-11 00:00:00+00:00
[2023-10-27 14:54:39,331] {standard_task_runner.py:52} INFO - Started process 23477 to run task
[2023-10-27 14:54:39,335] {standard_task_runner.py:79} INFO - Running: ['airflow', 'tasks', 'run', 'get_stocks_dag', 'MSFT', 'scheduled__2023-10-11T00:00:00+00:00', '--job-id', '30', '--raw', '--subdir', 'DAGS_FOLDER/get_finance.py', '--cfg-path', '/tmp/tmp8az6x52p', '--error-file', '/tmp/tmpn_erg1gw']
[2023-10-27 14:54:39,336] {standard_task_runner.py:80} INFO - Job 30: Subtask MSFT
[2023-10-27 14:54:39,384] {task_command.py:370} INFO - Running <TaskInstance: get_stocks_dag.MSFT scheduled__2023-10-11T00:00:00+00:00 [running]> on host airflow-virtual-machine
[2023-10-27 14:54:39,473] {taskinstance.py:1569} INFO - Exporting the following env vars:
AIRFLOW_CTX_DAG_OWNER=airflow
AIRFLOW_CTX_DAG_ID=get_stocks_dag
AIRFLOW_CTX_TASK_ID=MSFT
AIRFLOW_CTX_EXECUTION_DATE=2023-10-11T00:00:00+00:00
AIRFLOW_CTX_TRY_NUMBER=1
AIRFLOW_CTX_DAG_RUN_ID=scheduled__2023-10-11T00:00:00+00:00
[2023-10-27 14:54:40,000] {python.py:173} INFO - Done. Returned value was: None
[2023-10-27 14:54:40,015] {taskinstance.py:1395} INFO - Marking task as SUCCESS. dag_id=get_stocks_dag, task_id=MSFT, execution_date=20231011T000000, start_date=20231027T175439, end_date=20231027T175440
[2023-10-27 14:54:40,032] {local_task_job.py:156} INFO - Task exited with return code 0
[2023-10-27 14:54:40,047] {local_task_job.py:273} INFO - 0 downstream tasks scheduled from follow-on schedule check
[2023-10-27 15:23:50,008] {taskinstance.py:1159} INFO - Dependencies all met for <TaskInstance: get_stocks_dag.MSFT scheduled__2023-10-11T00:00:00+00:00 [queued]>
[2023-10-27 15:23:50,016] {taskinstance.py:1159} INFO - Dependencies all met for <TaskInstance: get_stocks_dag.MSFT scheduled__2023-10-11T00:00:00+00:00 [queued]>
[2023-10-27 15:23:50,016] {taskinstance.py:1356} INFO - 
--------------------------------------------------------------------------------
[2023-10-27 15:23:50,016] {taskinstance.py:1357} INFO - Starting attempt 1 of 1
[2023-10-27 15:23:50,016] {taskinstance.py:1358} INFO - 
--------------------------------------------------------------------------------
[2023-10-27 15:23:50,029] {taskinstance.py:1377} INFO - Executing <Task(_PythonDecoratedOperator): MSFT> on 2023-10-11 00:00:00+00:00
[2023-10-27 15:23:50,033] {standard_task_runner.py:52} INFO - Started process 27323 to run task
[2023-10-27 15:23:50,036] {standard_task_runner.py:79} INFO - Running: ['airflow', 'tasks', 'run', 'get_stocks_dag', 'MSFT', 'scheduled__2023-10-11T00:00:00+00:00', '--job-id', '30', '--raw', '--subdir', 'DAGS_FOLDER/get_finance.py', '--cfg-path', '/tmp/tmp416bl36u', '--error-file', '/tmp/tmpo1pmed7h']
[2023-10-27 15:23:50,037] {standard_task_runner.py:80} INFO - Job 30: Subtask MSFT
[2023-10-27 15:23:50,090] {task_command.py:370} INFO - Running <TaskInstance: get_stocks_dag.MSFT scheduled__2023-10-11T00:00:00+00:00 [running]> on host airflow-virtual-machine
[2023-10-27 15:23:50,160] {taskinstance.py:1569} INFO - Exporting the following env vars:
AIRFLOW_CTX_DAG_OWNER=airflow
AIRFLOW_CTX_DAG_ID=get_stocks_dag
AIRFLOW_CTX_TASK_ID=MSFT
AIRFLOW_CTX_EXECUTION_DATE=2023-10-11T00:00:00+00:00
AIRFLOW_CTX_TRY_NUMBER=1
AIRFLOW_CTX_DAG_RUN_ID=scheduled__2023-10-11T00:00:00+00:00
[2023-10-27 15:23:51,133] {python.py:173} INFO - Done. Returned value was: None
[2023-10-27 15:23:51,140] {taskinstance.py:1395} INFO - Marking task as SUCCESS. dag_id=get_stocks_dag, task_id=MSFT, execution_date=20231011T000000, start_date=20231027T182350, end_date=20231027T182351
[2023-10-27 15:23:51,181] {local_task_job.py:156} INFO - Task exited with return code 0
[2023-10-27 15:23:51,213] {local_task_job.py:273} INFO - 0 downstream tasks scheduled from follow-on schedule check
[2023-10-27 17:02:20,566] {taskinstance.py:1159} INFO - Dependencies all met for <TaskInstance: get_stocks_dag.MSFT scheduled__2023-10-11T00:00:00+00:00 [queued]>
[2023-10-27 17:02:20,572] {taskinstance.py:1159} INFO - Dependencies all met for <TaskInstance: get_stocks_dag.MSFT scheduled__2023-10-11T00:00:00+00:00 [queued]>
[2023-10-27 17:02:20,573] {taskinstance.py:1356} INFO - 
--------------------------------------------------------------------------------
[2023-10-27 17:02:20,573] {taskinstance.py:1357} INFO - Starting attempt 1 of 1
[2023-10-27 17:02:20,573] {taskinstance.py:1358} INFO - 
--------------------------------------------------------------------------------
[2023-10-27 17:02:20,584] {taskinstance.py:1377} INFO - Executing <Task(_PythonDecoratedOperator): MSFT> on 2023-10-11 00:00:00+00:00
[2023-10-27 17:02:20,588] {standard_task_runner.py:52} INFO - Started process 39555 to run task
[2023-10-27 17:02:20,592] {standard_task_runner.py:79} INFO - Running: ['airflow', 'tasks', 'run', 'get_stocks_dag', 'MSFT', 'scheduled__2023-10-11T00:00:00+00:00', '--job-id', '36', '--raw', '--subdir', 'DAGS_FOLDER/get_finance.py', '--cfg-path', '/tmp/tmph9mqjq_k', '--error-file', '/tmp/tmphjtrqdtf']
[2023-10-27 17:02:20,592] {standard_task_runner.py:80} INFO - Job 36: Subtask MSFT
[2023-10-27 17:02:20,625] {task_command.py:370} INFO - Running <TaskInstance: get_stocks_dag.MSFT scheduled__2023-10-11T00:00:00+00:00 [running]> on host airflow-virtual-machine
[2023-10-27 17:02:20,673] {taskinstance.py:1569} INFO - Exporting the following env vars:
AIRFLOW_CTX_DAG_OWNER=airflow
AIRFLOW_CTX_DAG_ID=get_stocks_dag
AIRFLOW_CTX_TASK_ID=MSFT
AIRFLOW_CTX_EXECUTION_DATE=2023-10-11T00:00:00+00:00
AIRFLOW_CTX_TRY_NUMBER=1
AIRFLOW_CTX_DAG_RUN_ID=scheduled__2023-10-11T00:00:00+00:00
[2023-10-27 17:02:21,109] {taskinstance.py:1889} ERROR - Task failed with exception
Traceback (most recent call last):
  File "/home/gabriel/Documents/project_finance/venv/lib/python3.9/site-packages/airflow/decorators/base.py", line 179, in execute
    return_value = super().execute(context)
  File "/home/gabriel/Documents/project_finance/venv/lib/python3.9/site-packages/airflow/operators/python.py", line 171, in execute
    return_value = self.execute_callable()
  File "/home/gabriel/Documents/project_finance/venv/lib/python3.9/site-packages/airflow/operators/python.py", line 189, in execute_callable
    return self.python_callable(*self.op_args, **self.op_kwargs)
  File "/home/gabriel/Documents/project_finance/airflow/dags/get_finance.py", line 20, in get_history
    yfinance.Ticker(ticker).history(
  File "/home/gabriel/Documents/project_finance/venv/lib/python3.9/site-packages/pandas/core/generic.py", line 3902, in to_csv
    return DataFrameRenderer(formatter).to_csv(
  File "/home/gabriel/Documents/project_finance/venv/lib/python3.9/site-packages/pandas/io/formats/format.py", line 1152, in to_csv
    csv_formatter.save()
  File "/home/gabriel/Documents/project_finance/venv/lib/python3.9/site-packages/pandas/io/formats/csvs.py", line 247, in save
    with get_handle(
  File "/home/gabriel/Documents/project_finance/venv/lib/python3.9/site-packages/pandas/io/common.py", line 863, in get_handle
    handle = open(
IsADirectoryError: [Errno 21] Is a directory: '/home/gabriel/Documents/project_finance/datalake/Bronze/stocks/MSFT'
[2023-10-27 17:02:21,115] {taskinstance.py:1395} INFO - Marking task as FAILED. dag_id=get_stocks_dag, task_id=MSFT, execution_date=20231011T000000, start_date=20231027T200220, end_date=20231027T200221
[2023-10-27 17:02:21,123] {standard_task_runner.py:92} ERROR - Failed to execute job 36 for task MSFT ([Errno 21] Is a directory: '/home/gabriel/Documents/project_finance/datalake/Bronze/stocks/MSFT'; 39555)
[2023-10-27 17:02:21,134] {local_task_job.py:156} INFO - Task exited with return code 1
[2023-10-27 17:02:21,150] {local_task_job.py:273} INFO - 0 downstream tasks scheduled from follow-on schedule check
[2023-10-27 17:09:38,594] {taskinstance.py:1159} INFO - Dependencies all met for <TaskInstance: get_stocks_dag.MSFT scheduled__2023-10-11T00:00:00+00:00 [queued]>
[2023-10-27 17:09:38,601] {taskinstance.py:1159} INFO - Dependencies all met for <TaskInstance: get_stocks_dag.MSFT scheduled__2023-10-11T00:00:00+00:00 [queued]>
[2023-10-27 17:09:38,601] {taskinstance.py:1356} INFO - 
--------------------------------------------------------------------------------
[2023-10-27 17:09:38,601] {taskinstance.py:1357} INFO - Starting attempt 1 of 1
[2023-10-27 17:09:38,601] {taskinstance.py:1358} INFO - 
--------------------------------------------------------------------------------
[2023-10-27 17:09:38,621] {taskinstance.py:1377} INFO - Executing <Task(_PythonDecoratedOperator): MSFT> on 2023-10-11 00:00:00+00:00
[2023-10-27 17:09:38,628] {standard_task_runner.py:52} INFO - Started process 41274 to run task
[2023-10-27 17:09:38,633] {standard_task_runner.py:79} INFO - Running: ['airflow', 'tasks', 'run', 'get_stocks_dag', 'MSFT', 'scheduled__2023-10-11T00:00:00+00:00', '--job-id', '36', '--raw', '--subdir', 'DAGS_FOLDER/get_finance.py', '--cfg-path', '/tmp/tmptl8nq6ey', '--error-file', '/tmp/tmpqxd0by4j']
[2023-10-27 17:09:38,636] {standard_task_runner.py:80} INFO - Job 36: Subtask MSFT
[2023-10-27 17:09:38,677] {task_command.py:370} INFO - Running <TaskInstance: get_stocks_dag.MSFT scheduled__2023-10-11T00:00:00+00:00 [running]> on host airflow-virtual-machine
[2023-10-27 17:09:38,734] {taskinstance.py:1569} INFO - Exporting the following env vars:
AIRFLOW_CTX_DAG_OWNER=airflow
AIRFLOW_CTX_DAG_ID=get_stocks_dag
AIRFLOW_CTX_TASK_ID=MSFT
AIRFLOW_CTX_EXECUTION_DATE=2023-10-11T00:00:00+00:00
AIRFLOW_CTX_TRY_NUMBER=1
AIRFLOW_CTX_DAG_RUN_ID=scheduled__2023-10-11T00:00:00+00:00
[2023-10-27 17:09:39,310] {python.py:173} INFO - Done. Returned value was: None
[2023-10-27 17:09:39,333] {taskinstance.py:1395} INFO - Marking task as SUCCESS. dag_id=get_stocks_dag, task_id=MSFT, execution_date=20231011T000000, start_date=20231027T200938, end_date=20231027T200939
[2023-10-27 17:09:39,381] {local_task_job.py:156} INFO - Task exited with return code 0
[2023-10-27 17:09:39,396] {local_task_job.py:273} INFO - 0 downstream tasks scheduled from follow-on schedule check
[2023-10-27 18:10:31,010] {taskinstance.py:1159} INFO - Dependencies all met for <TaskInstance: get_stocks_dag.MSFT scheduled__2023-10-11T00:00:00+00:00 [queued]>
[2023-10-27 18:10:31,017] {taskinstance.py:1159} INFO - Dependencies all met for <TaskInstance: get_stocks_dag.MSFT scheduled__2023-10-11T00:00:00+00:00 [queued]>
[2023-10-27 18:10:31,018] {taskinstance.py:1356} INFO - 
--------------------------------------------------------------------------------
[2023-10-27 18:10:31,018] {taskinstance.py:1357} INFO - Starting attempt 1 of 1
[2023-10-27 18:10:31,018] {taskinstance.py:1358} INFO - 
--------------------------------------------------------------------------------
[2023-10-27 18:10:31,031] {taskinstance.py:1377} INFO - Executing <Task(_PythonDecoratedOperator): MSFT> on 2023-10-11 00:00:00+00:00
[2023-10-27 18:10:31,037] {standard_task_runner.py:52} INFO - Started process 49428 to run task
[2023-10-27 18:10:31,040] {standard_task_runner.py:79} INFO - Running: ['airflow', 'tasks', 'run', 'get_stocks_dag', 'MSFT', 'scheduled__2023-10-11T00:00:00+00:00', '--job-id', '35', '--raw', '--subdir', 'DAGS_FOLDER/get_finance.py', '--cfg-path', '/tmp/tmp8wtszrue', '--error-file', '/tmp/tmp93i1hpo6']
[2023-10-27 18:10:31,041] {standard_task_runner.py:80} INFO - Job 35: Subtask MSFT
[2023-10-27 18:10:31,093] {task_command.py:370} INFO - Running <TaskInstance: get_stocks_dag.MSFT scheduled__2023-10-11T00:00:00+00:00 [running]> on host airflow-virtual-machine
[2023-10-27 18:10:31,162] {taskinstance.py:1569} INFO - Exporting the following env vars:
AIRFLOW_CTX_DAG_OWNER=airflow
AIRFLOW_CTX_DAG_ID=get_stocks_dag
AIRFLOW_CTX_TASK_ID=MSFT
AIRFLOW_CTX_EXECUTION_DATE=2023-10-11T00:00:00+00:00
AIRFLOW_CTX_TRY_NUMBER=1
AIRFLOW_CTX_DAG_RUN_ID=scheduled__2023-10-11T00:00:00+00:00
[2023-10-27 18:10:31,807] {python.py:173} INFO - Done. Returned value was: None
[2023-10-27 18:10:31,816] {taskinstance.py:1395} INFO - Marking task as SUCCESS. dag_id=get_stocks_dag, task_id=MSFT, execution_date=20231011T000000, start_date=20231027T211031, end_date=20231027T211031
[2023-10-27 18:10:31,863] {local_task_job.py:156} INFO - Task exited with return code 0
[2023-10-27 18:10:31,922] {local_task_job.py:273} INFO - 0 downstream tasks scheduled from follow-on schedule check
[2023-10-29 11:29:33,966] {taskinstance.py:1159} INFO - Dependencies all met for <TaskInstance: get_stocks_dag.MSFT scheduled__2023-10-11T00:00:00+00:00 [queued]>
[2023-10-29 11:29:34,014] {taskinstance.py:1159} INFO - Dependencies all met for <TaskInstance: get_stocks_dag.MSFT scheduled__2023-10-11T00:00:00+00:00 [queued]>
[2023-10-29 11:29:34,015] {taskinstance.py:1356} INFO - 
--------------------------------------------------------------------------------
[2023-10-29 11:29:34,015] {taskinstance.py:1357} INFO - Starting attempt 1 of 1
[2023-10-29 11:29:34,020] {taskinstance.py:1358} INFO - 
--------------------------------------------------------------------------------
[2023-10-29 11:29:34,062] {taskinstance.py:1377} INFO - Executing <Task(_PythonDecoratedOperator): MSFT> on 2023-10-11 00:00:00+00:00
[2023-10-29 11:29:34,086] {standard_task_runner.py:52} INFO - Started process 14066 to run task
[2023-10-29 11:29:34,110] {standard_task_runner.py:79} INFO - Running: ['airflow', 'tasks', 'run', 'get_stocks_dag', 'MSFT', 'scheduled__2023-10-11T00:00:00+00:00', '--job-id', '22', '--raw', '--subdir', 'DAGS_FOLDER/get_finance.py', '--cfg-path', '/tmp/tmp1utiibb4', '--error-file', '/tmp/tmpnuy2hrqp']
[2023-10-29 11:29:34,121] {standard_task_runner.py:80} INFO - Job 22: Subtask MSFT
[2023-10-29 11:29:34,685] {task_command.py:370} INFO - Running <TaskInstance: get_stocks_dag.MSFT scheduled__2023-10-11T00:00:00+00:00 [running]> on host airflow-virtual-machine
[2023-10-29 11:29:35,129] {taskinstance.py:1569} INFO - Exporting the following env vars:
AIRFLOW_CTX_DAG_OWNER=airflow
AIRFLOW_CTX_DAG_ID=get_stocks_dag
AIRFLOW_CTX_TASK_ID=MSFT
AIRFLOW_CTX_EXECUTION_DATE=2023-10-11T00:00:00+00:00
AIRFLOW_CTX_TRY_NUMBER=1
AIRFLOW_CTX_DAG_RUN_ID=scheduled__2023-10-11T00:00:00+00:00
[2023-10-29 11:29:35,710] {python.py:173} INFO - Done. Returned value was: None
[2023-10-29 11:29:35,893] {taskinstance.py:1395} INFO - Marking task as SUCCESS. dag_id=get_stocks_dag, task_id=MSFT, execution_date=20231011T000000, start_date=20231029T142933, end_date=20231029T142935
[2023-10-29 11:29:35,970] {local_task_job.py:156} INFO - Task exited with return code 0
[2023-10-29 11:29:36,223] {local_task_job.py:273} INFO - 0 downstream tasks scheduled from follow-on schedule check
[2023-10-29 11:33:31,653] {taskinstance.py:1159} INFO - Dependencies all met for <TaskInstance: get_stocks_dag.MSFT scheduled__2023-10-11T00:00:00+00:00 [queued]>
[2023-10-29 11:33:31,981] {taskinstance.py:1159} INFO - Dependencies all met for <TaskInstance: get_stocks_dag.MSFT scheduled__2023-10-11T00:00:00+00:00 [queued]>
[2023-10-29 11:33:31,987] {taskinstance.py:1356} INFO - 
--------------------------------------------------------------------------------
[2023-10-29 11:33:31,993] {taskinstance.py:1357} INFO - Starting attempt 1 of 1
[2023-10-29 11:33:31,993] {taskinstance.py:1358} INFO - 
--------------------------------------------------------------------------------
[2023-10-29 11:33:32,305] {taskinstance.py:1377} INFO - Executing <Task(_PythonDecoratedOperator): MSFT> on 2023-10-11 00:00:00+00:00
[2023-10-29 11:33:32,312] {standard_task_runner.py:52} INFO - Started process 16364 to run task
[2023-10-29 11:33:32,404] {standard_task_runner.py:79} INFO - Running: ['airflow', 'tasks', 'run', 'get_stocks_dag', 'MSFT', 'scheduled__2023-10-11T00:00:00+00:00', '--job-id', '125', '--raw', '--subdir', 'DAGS_FOLDER/get_finance.py', '--cfg-path', '/tmp/tmp4p9xoi_g', '--error-file', '/tmp/tmptm5k71ro']
[2023-10-29 11:33:32,509] {standard_task_runner.py:80} INFO - Job 125: Subtask MSFT
[2023-10-29 11:33:33,276] {task_command.py:370} INFO - Running <TaskInstance: get_stocks_dag.MSFT scheduled__2023-10-11T00:00:00+00:00 [running]> on host airflow-virtual-machine
[2023-10-29 11:33:34,739] {taskinstance.py:1569} INFO - Exporting the following env vars:
AIRFLOW_CTX_DAG_OWNER=airflow
AIRFLOW_CTX_DAG_ID=get_stocks_dag
AIRFLOW_CTX_TASK_ID=MSFT
AIRFLOW_CTX_EXECUTION_DATE=2023-10-11T00:00:00+00:00
AIRFLOW_CTX_TRY_NUMBER=1
AIRFLOW_CTX_DAG_RUN_ID=scheduled__2023-10-11T00:00:00+00:00
[2023-10-29 11:33:36,478] {python.py:173} INFO - Done. Returned value was: None
[2023-10-29 11:33:36,624] {taskinstance.py:1395} INFO - Marking task as SUCCESS. dag_id=get_stocks_dag, task_id=MSFT, execution_date=20231011T000000, start_date=20231029T143331, end_date=20231029T143336
[2023-10-29 11:33:37,135] {local_task_job.py:156} INFO - Task exited with return code 0
[2023-10-29 11:33:37,536] {local_task_job.py:273} INFO - 0 downstream tasks scheduled from follow-on schedule check
[2023-10-29 13:33:02,899] {taskinstance.py:1159} INFO - Dependencies all met for <TaskInstance: get_stocks_dag.MSFT scheduled__2023-10-11T00:00:00+00:00 [queued]>
[2023-10-29 13:33:02,945] {taskinstance.py:1159} INFO - Dependencies all met for <TaskInstance: get_stocks_dag.MSFT scheduled__2023-10-11T00:00:00+00:00 [queued]>
[2023-10-29 13:33:02,964] {taskinstance.py:1356} INFO - 
--------------------------------------------------------------------------------
[2023-10-29 13:33:02,964] {taskinstance.py:1357} INFO - Starting attempt 1 of 1
[2023-10-29 13:33:02,967] {taskinstance.py:1358} INFO - 
--------------------------------------------------------------------------------
[2023-10-29 13:33:03,129] {taskinstance.py:1377} INFO - Executing <Task(_PythonDecoratedOperator): MSFT> on 2023-10-11 00:00:00+00:00
[2023-10-29 13:33:03,183] {standard_task_runner.py:52} INFO - Started process 6322 to run task
[2023-10-29 13:33:03,343] {standard_task_runner.py:79} INFO - Running: ['airflow', 'tasks', 'run', 'get_stocks_dag', 'MSFT', 'scheduled__2023-10-11T00:00:00+00:00', '--job-id', '232', '--raw', '--subdir', 'DAGS_FOLDER/get_finance.py', '--cfg-path', '/tmp/tmp1nhn2hr_', '--error-file', '/tmp/tmpjsd3iqbm']
[2023-10-29 13:33:03,464] {standard_task_runner.py:80} INFO - Job 232: Subtask MSFT
[2023-10-29 13:33:03,984] {task_command.py:370} INFO - Running <TaskInstance: get_stocks_dag.MSFT scheduled__2023-10-11T00:00:00+00:00 [running]> on host airflow-virtual-machine
[2023-10-29 13:33:04,318] {taskinstance.py:1569} INFO - Exporting the following env vars:
AIRFLOW_CTX_DAG_OWNER=airflow
AIRFLOW_CTX_DAG_ID=get_stocks_dag
AIRFLOW_CTX_TASK_ID=MSFT
AIRFLOW_CTX_EXECUTION_DATE=2023-10-11T00:00:00+00:00
AIRFLOW_CTX_TRY_NUMBER=1
AIRFLOW_CTX_DAG_RUN_ID=scheduled__2023-10-11T00:00:00+00:00
[2023-10-29 13:33:05,148] {python.py:173} INFO - Done. Returned value was: None
[2023-10-29 13:33:05,432] {taskinstance.py:1395} INFO - Marking task as SUCCESS. dag_id=get_stocks_dag, task_id=MSFT, execution_date=20231011T000000, start_date=20231029T163302, end_date=20231029T163305
[2023-10-29 13:33:05,654] {local_task_job.py:156} INFO - Task exited with return code 0
[2023-10-29 13:33:06,047] {local_task_job.py:273} INFO - 1 downstream tasks scheduled from follow-on schedule check
[2023-10-29 14:35:41,552] {taskinstance.py:1159} INFO - Dependencies all met for <TaskInstance: get_stocks_dag.MSFT scheduled__2023-10-11T00:00:00+00:00 [queued]>
[2023-10-29 14:35:42,297] {taskinstance.py:1159} INFO - Dependencies all met for <TaskInstance: get_stocks_dag.MSFT scheduled__2023-10-11T00:00:00+00:00 [queued]>
[2023-10-29 14:35:42,297] {taskinstance.py:1356} INFO - 
--------------------------------------------------------------------------------
[2023-10-29 14:35:42,297] {taskinstance.py:1357} INFO - Starting attempt 1 of 1
[2023-10-29 14:35:42,297] {taskinstance.py:1358} INFO - 
--------------------------------------------------------------------------------
[2023-10-29 14:35:42,378] {taskinstance.py:1377} INFO - Executing <Task(_PythonDecoratedOperator): MSFT> on 2023-10-11 00:00:00+00:00
[2023-10-29 14:35:42,419] {standard_task_runner.py:79} INFO - Running: ['airflow', 'tasks', 'run', 'get_stocks_dag', 'MSFT', 'scheduled__2023-10-11T00:00:00+00:00', '--job-id', '327', '--raw', '--subdir', 'DAGS_FOLDER/get_finance.py', '--cfg-path', '/tmp/tmpwqr_5pxd', '--error-file', '/tmp/tmp64nfvr_3']
[2023-10-29 14:35:42,421] {standard_task_runner.py:80} INFO - Job 327: Subtask MSFT
[2023-10-29 14:35:42,387] {standard_task_runner.py:52} INFO - Started process 9441 to run task
[2023-10-29 14:35:42,769] {task_command.py:370} INFO - Running <TaskInstance: get_stocks_dag.MSFT scheduled__2023-10-11T00:00:00+00:00 [running]> on host airflow-virtual-machine
[2023-10-29 14:35:42,952] {taskinstance.py:1569} INFO - Exporting the following env vars:
AIRFLOW_CTX_DAG_OWNER=airflow
AIRFLOW_CTX_DAG_ID=get_stocks_dag
AIRFLOW_CTX_TASK_ID=MSFT
AIRFLOW_CTX_EXECUTION_DATE=2023-10-11T00:00:00+00:00
AIRFLOW_CTX_TRY_NUMBER=1
AIRFLOW_CTX_DAG_RUN_ID=scheduled__2023-10-11T00:00:00+00:00
[2023-10-29 14:35:43,840] {python.py:173} INFO - Done. Returned value was: None
[2023-10-29 14:35:43,982] {taskinstance.py:1395} INFO - Marking task as SUCCESS. dag_id=get_stocks_dag, task_id=MSFT, execution_date=20231011T000000, start_date=20231029T173542, end_date=20231029T173543
[2023-10-29 14:35:44,145] {local_task_job.py:156} INFO - Task exited with return code 0
[2023-10-29 14:35:44,326] {local_task_job.py:273} INFO - 1 downstream tasks scheduled from follow-on schedule check
