[2023-10-27 17:01:18,211] {taskinstance.py:1159} INFO - Dependencies all met for <TaskInstance: get_stocks_dag.trasform_silver scheduled__2023-10-04T00:00:00+00:00 [queued]>
[2023-10-27 17:01:18,217] {taskinstance.py:1159} INFO - Dependencies all met for <TaskInstance: get_stocks_dag.trasform_silver scheduled__2023-10-04T00:00:00+00:00 [queued]>
[2023-10-27 17:01:18,217] {taskinstance.py:1356} INFO - 
--------------------------------------------------------------------------------
[2023-10-27 17:01:18,217] {taskinstance.py:1357} INFO - Starting attempt 1 of 1
[2023-10-27 17:01:18,217] {taskinstance.py:1358} INFO - 
--------------------------------------------------------------------------------
[2023-10-27 17:01:18,232] {taskinstance.py:1377} INFO - Executing <Task(_PythonDecoratedOperator): trasform_silver> on 2023-10-04 00:00:00+00:00
[2023-10-27 17:01:18,237] {standard_task_runner.py:52} INFO - Started process 39232 to run task
[2023-10-27 17:01:18,242] {standard_task_runner.py:79} INFO - Running: ['airflow', 'tasks', 'run', 'get_stocks_dag', 'trasform_silver', 'scheduled__2023-10-04T00:00:00+00:00', '--job-id', '14', '--raw', '--subdir', 'DAGS_FOLDER/get_finance.py', '--cfg-path', '/tmp/tmprxkcq6r1', '--error-file', '/tmp/tmp0j48zce_']
[2023-10-27 17:01:18,243] {standard_task_runner.py:80} INFO - Job 14: Subtask trasform_silver
[2023-10-27 17:01:18,337] {task_command.py:370} INFO - Running <TaskInstance: get_stocks_dag.trasform_silver scheduled__2023-10-04T00:00:00+00:00 [running]> on host airflow-virtual-machine
[2023-10-27 17:01:18,468] {taskinstance.py:1569} INFO - Exporting the following env vars:
AIRFLOW_CTX_DAG_OWNER=airflow
AIRFLOW_CTX_DAG_ID=get_stocks_dag
AIRFLOW_CTX_TASK_ID=trasform_silver
AIRFLOW_CTX_EXECUTION_DATE=2023-10-04T00:00:00+00:00
AIRFLOW_CTX_TRY_NUMBER=1
AIRFLOW_CTX_DAG_RUN_ID=scheduled__2023-10-04T00:00:00+00:00
[2023-10-27 17:01:18,477] {taskinstance.py:1889} ERROR - Task failed with exception
Traceback (most recent call last):
  File "/home/gabriel/Documents/project_finance/venv/lib/python3.9/site-packages/airflow/decorators/base.py", line 179, in execute
    return_value = super().execute(context)
  File "/home/gabriel/Documents/project_finance/venv/lib/python3.9/site-packages/airflow/operators/python.py", line 171, in execute
    return_value = self.execute_callable()
  File "/home/gabriel/Documents/project_finance/venv/lib/python3.9/site-packages/airflow/operators/python.py", line 189, in execute_callable
    return self.python_callable(*self.op_args, **self.op_kwargs)
  File "/home/gabriel/Documents/project_finance/airflow/dags/get_finance.py", line 42, in transform_silver
    df.to_csv(os.path.join(dest_path, f'Stocks_{ds_add(ds, -1)}.csv'), index=False)
AttributeError: 'list' object has no attribute 'to_csv'
[2023-10-27 17:01:18,490] {taskinstance.py:1395} INFO - Marking task as FAILED. dag_id=get_stocks_dag, task_id=trasform_silver, execution_date=20231004T000000, start_date=20231027T200118, end_date=20231027T200118
[2023-10-27 17:01:18,509] {standard_task_runner.py:92} ERROR - Failed to execute job 14 for task trasform_silver ('list' object has no attribute 'to_csv'; 39232)
[2023-10-27 17:01:18,573] {local_task_job.py:156} INFO - Task exited with return code 1
[2023-10-27 17:01:18,679] {local_task_job.py:273} INFO - 0 downstream tasks scheduled from follow-on schedule check
[2023-10-27 17:08:28,243] {taskinstance.py:1159} INFO - Dependencies all met for <TaskInstance: get_stocks_dag.trasform_silver scheduled__2023-10-04T00:00:00+00:00 [queued]>
[2023-10-27 17:08:28,250] {taskinstance.py:1159} INFO - Dependencies all met for <TaskInstance: get_stocks_dag.trasform_silver scheduled__2023-10-04T00:00:00+00:00 [queued]>
[2023-10-27 17:08:28,250] {taskinstance.py:1356} INFO - 
--------------------------------------------------------------------------------
[2023-10-27 17:08:28,250] {taskinstance.py:1357} INFO - Starting attempt 1 of 1
[2023-10-27 17:08:28,250] {taskinstance.py:1358} INFO - 
--------------------------------------------------------------------------------
[2023-10-27 17:08:28,261] {taskinstance.py:1377} INFO - Executing <Task(_PythonDecoratedOperator): trasform_silver> on 2023-10-04 00:00:00+00:00
[2023-10-27 17:08:28,265] {standard_task_runner.py:52} INFO - Started process 40933 to run task
[2023-10-27 17:08:28,268] {standard_task_runner.py:79} INFO - Running: ['airflow', 'tasks', 'run', 'get_stocks_dag', 'trasform_silver', 'scheduled__2023-10-04T00:00:00+00:00', '--job-id', '14', '--raw', '--subdir', 'DAGS_FOLDER/get_finance.py', '--cfg-path', '/tmp/tmp_8ql1jav', '--error-file', '/tmp/tmp1cxd0a3n']
[2023-10-27 17:08:28,269] {standard_task_runner.py:80} INFO - Job 14: Subtask trasform_silver
[2023-10-27 17:08:28,310] {task_command.py:370} INFO - Running <TaskInstance: get_stocks_dag.trasform_silver scheduled__2023-10-04T00:00:00+00:00 [running]> on host airflow-virtual-machine
[2023-10-27 17:08:28,355] {taskinstance.py:1569} INFO - Exporting the following env vars:
AIRFLOW_CTX_DAG_OWNER=airflow
AIRFLOW_CTX_DAG_ID=get_stocks_dag
AIRFLOW_CTX_TASK_ID=trasform_silver
AIRFLOW_CTX_EXECUTION_DATE=2023-10-04T00:00:00+00:00
AIRFLOW_CTX_TRY_NUMBER=1
AIRFLOW_CTX_DAG_RUN_ID=scheduled__2023-10-04T00:00:00+00:00
[2023-10-27 17:08:28,384] {python.py:173} INFO - Done. Returned value was: None
[2023-10-27 17:08:28,398] {taskinstance.py:1395} INFO - Marking task as SUCCESS. dag_id=get_stocks_dag, task_id=trasform_silver, execution_date=20231004T000000, start_date=20231027T200828, end_date=20231027T200828
[2023-10-27 17:08:28,448] {local_task_job.py:156} INFO - Task exited with return code 0
[2023-10-27 17:08:28,552] {local_task_job.py:273} INFO - 0 downstream tasks scheduled from follow-on schedule check
