[2023-10-27 14:17:44,268] {taskinstance.py:1159} INFO - Dependencies all met for <TaskInstance: get_stocks_dag.TSLA scheduled__2023-10-13T00:00:00+00:00 [queued]>
[2023-10-27 14:17:44,291] {taskinstance.py:1159} INFO - Dependencies all met for <TaskInstance: get_stocks_dag.TSLA scheduled__2023-10-13T00:00:00+00:00 [queued]>
[2023-10-27 14:17:44,291] {taskinstance.py:1356} INFO - 
--------------------------------------------------------------------------------
[2023-10-27 14:17:44,291] {taskinstance.py:1357} INFO - Starting attempt 1 of 1
[2023-10-27 14:17:44,292] {taskinstance.py:1358} INFO - 
--------------------------------------------------------------------------------
[2023-10-27 14:17:44,309] {taskinstance.py:1377} INFO - Executing <Task(_PythonDecoratedOperator): TSLA> on 2023-10-13 00:00:00+00:00
[2023-10-27 14:17:44,316] {standard_task_runner.py:52} INFO - Started process 17677 to run task
[2023-10-27 14:17:44,325] {standard_task_runner.py:79} INFO - Running: ['airflow', 'tasks', 'run', 'get_stocks_dag', 'TSLA', 'scheduled__2023-10-13T00:00:00+00:00', '--job-id', '40', '--raw', '--subdir', 'DAGS_FOLDER/get_finance.py', '--cfg-path', '/tmp/tmpgetguakm', '--error-file', '/tmp/tmpv3dswte2']
[2023-10-27 14:17:44,326] {standard_task_runner.py:80} INFO - Job 40: Subtask TSLA
[2023-10-27 14:17:44,372] {task_command.py:370} INFO - Running <TaskInstance: get_stocks_dag.TSLA scheduled__2023-10-13T00:00:00+00:00 [running]> on host airflow-virtual-machine
[2023-10-27 14:17:44,445] {taskinstance.py:1569} INFO - Exporting the following env vars:
AIRFLOW_CTX_DAG_OWNER=airflow
AIRFLOW_CTX_DAG_ID=get_stocks_dag
AIRFLOW_CTX_TASK_ID=TSLA
AIRFLOW_CTX_EXECUTION_DATE=2023-10-13T00:00:00+00:00
AIRFLOW_CTX_TRY_NUMBER=1
AIRFLOW_CTX_DAG_RUN_ID=scheduled__2023-10-13T00:00:00+00:00
[2023-10-27 14:17:45,415] {taskinstance.py:1889} ERROR - Task failed with exception
Traceback (most recent call last):
  File "/home/gabriel/Documents/project_finance/venv/lib/python3.9/site-packages/airflow/decorators/base.py", line 179, in execute
    return_value = super().execute(context)
  File "/home/gabriel/Documents/project_finance/venv/lib/python3.9/site-packages/airflow/operators/python.py", line 171, in execute
    return_value = self.execute_callable()
  File "/home/gabriel/Documents/project_finance/venv/lib/python3.9/site-packages/airflow/operators/python.py", line 189, in execute_callable
    return self.python_callable(*self.op_args, **self.op_kwargs)
  File "/home/gabriel/Documents/project_finance/airflow/dags/get_finance.py", line 18, in get_history
    yfinance.Ticker(ticker).history(
  File "/home/gabriel/Documents/project_finance/venv/lib/python3.9/site-packages/pandas/core/generic.py", line 3902, in to_csv
    return DataFrameRenderer(formatter).to_csv(
  File "/home/gabriel/Documents/project_finance/venv/lib/python3.9/site-packages/pandas/io/formats/format.py", line 1152, in to_csv
    csv_formatter.save()
  File "/home/gabriel/Documents/project_finance/venv/lib/python3.9/site-packages/pandas/io/formats/csvs.py", line 247, in save
    with get_handle(
  File "/home/gabriel/Documents/project_finance/venv/lib/python3.9/site-packages/pandas/io/common.py", line 739, in get_handle
    check_parent_directory(str(handle))
  File "/home/gabriel/Documents/project_finance/venv/lib/python3.9/site-packages/pandas/io/common.py", line 604, in check_parent_directory
    raise OSError(rf"Cannot save file into a non-existent directory: '{parent}'")
OSError: Cannot save file into a non-existent directory: '/home/gabriel/Documents/project_finance/datalake/stocks/TSLA'
[2023-10-27 14:17:45,427] {taskinstance.py:1395} INFO - Marking task as FAILED. dag_id=get_stocks_dag, task_id=TSLA, execution_date=20231013T000000, start_date=20231027T171744, end_date=20231027T171745
[2023-10-27 14:17:45,444] {standard_task_runner.py:92} ERROR - Failed to execute job 40 for task TSLA (Cannot save file into a non-existent directory: '/home/gabriel/Documents/project_finance/datalake/stocks/TSLA'; 17677)
[2023-10-27 14:17:45,458] {local_task_job.py:156} INFO - Task exited with return code 1
[2023-10-27 14:17:45,474] {local_task_job.py:273} INFO - 0 downstream tasks scheduled from follow-on schedule check
[2023-10-27 14:31:28,049] {taskinstance.py:1159} INFO - Dependencies all met for <TaskInstance: get_stocks_dag.TSLA scheduled__2023-10-13T00:00:00+00:00 [queued]>
[2023-10-27 14:31:28,057] {taskinstance.py:1159} INFO - Dependencies all met for <TaskInstance: get_stocks_dag.TSLA scheduled__2023-10-13T00:00:00+00:00 [queued]>
[2023-10-27 14:31:28,057] {taskinstance.py:1356} INFO - 
--------------------------------------------------------------------------------
[2023-10-27 14:31:28,057] {taskinstance.py:1357} INFO - Starting attempt 1 of 1
[2023-10-27 14:31:28,057] {taskinstance.py:1358} INFO - 
--------------------------------------------------------------------------------
[2023-10-27 14:31:28,072] {taskinstance.py:1377} INFO - Executing <Task(_PythonDecoratedOperator): TSLA> on 2023-10-13 00:00:00+00:00
[2023-10-27 14:31:28,076] {standard_task_runner.py:52} INFO - Started process 19974 to run task
[2023-10-27 14:31:28,081] {standard_task_runner.py:79} INFO - Running: ['airflow', 'tasks', 'run', 'get_stocks_dag', 'TSLA', 'scheduled__2023-10-13T00:00:00+00:00', '--job-id', '40', '--raw', '--subdir', 'DAGS_FOLDER/get_finance.py', '--cfg-path', '/tmp/tmp0_r9kmdt', '--error-file', '/tmp/tmpbg0hzg7l']
[2023-10-27 14:31:28,083] {standard_task_runner.py:80} INFO - Job 40: Subtask TSLA
[2023-10-27 14:31:28,180] {task_command.py:370} INFO - Running <TaskInstance: get_stocks_dag.TSLA scheduled__2023-10-13T00:00:00+00:00 [running]> on host airflow-virtual-machine
[2023-10-27 14:31:28,303] {taskinstance.py:1569} INFO - Exporting the following env vars:
AIRFLOW_CTX_DAG_OWNER=airflow
AIRFLOW_CTX_DAG_ID=get_stocks_dag
AIRFLOW_CTX_TASK_ID=TSLA
AIRFLOW_CTX_EXECUTION_DATE=2023-10-13T00:00:00+00:00
AIRFLOW_CTX_TRY_NUMBER=1
AIRFLOW_CTX_DAG_RUN_ID=scheduled__2023-10-13T00:00:00+00:00
[2023-10-27 14:31:28,798] {taskinstance.py:1889} ERROR - Task failed with exception
Traceback (most recent call last):
  File "/home/gabriel/Documents/project_finance/venv/lib/python3.9/site-packages/airflow/decorators/base.py", line 179, in execute
    return_value = super().execute(context)
  File "/home/gabriel/Documents/project_finance/venv/lib/python3.9/site-packages/airflow/operators/python.py", line 171, in execute
    return_value = self.execute_callable()
  File "/home/gabriel/Documents/project_finance/venv/lib/python3.9/site-packages/airflow/operators/python.py", line 189, in execute_callable
    return self.python_callable(*self.op_args, **self.op_kwargs)
  File "/home/gabriel/Documents/project_finance/airflow/dags/get_finance.py", line 20, in get_history
    yfinance.Ticker(ticker).history(
  File "/home/gabriel/Documents/project_finance/venv/lib/python3.9/site-packages/pandas/core/generic.py", line 3902, in to_csv
    return DataFrameRenderer(formatter).to_csv(
  File "/home/gabriel/Documents/project_finance/venv/lib/python3.9/site-packages/pandas/io/formats/format.py", line 1152, in to_csv
    csv_formatter.save()
  File "/home/gabriel/Documents/project_finance/venv/lib/python3.9/site-packages/pandas/io/formats/csvs.py", line 247, in save
    with get_handle(
  File "/home/gabriel/Documents/project_finance/venv/lib/python3.9/site-packages/pandas/io/common.py", line 863, in get_handle
    handle = open(
PermissionError: [Errno 13] Permission denied: '/TSLA_20231013.csv'
[2023-10-27 14:31:28,809] {taskinstance.py:1395} INFO - Marking task as FAILED. dag_id=get_stocks_dag, task_id=TSLA, execution_date=20231013T000000, start_date=20231027T173128, end_date=20231027T173128
[2023-10-27 14:31:28,840] {standard_task_runner.py:92} ERROR - Failed to execute job 40 for task TSLA ([Errno 13] Permission denied: '/TSLA_20231013.csv'; 19974)
[2023-10-27 14:31:28,873] {local_task_job.py:156} INFO - Task exited with return code 1
[2023-10-27 14:31:28,924] {local_task_job.py:273} INFO - 0 downstream tasks scheduled from follow-on schedule check
[2023-10-27 14:35:23,827] {taskinstance.py:1159} INFO - Dependencies all met for <TaskInstance: get_stocks_dag.TSLA scheduled__2023-10-13T00:00:00+00:00 [queued]>
[2023-10-27 14:35:23,846] {taskinstance.py:1159} INFO - Dependencies all met for <TaskInstance: get_stocks_dag.TSLA scheduled__2023-10-13T00:00:00+00:00 [queued]>
[2023-10-27 14:35:23,849] {taskinstance.py:1356} INFO - 
--------------------------------------------------------------------------------
[2023-10-27 14:35:23,850] {taskinstance.py:1357} INFO - Starting attempt 1 of 1
[2023-10-27 14:35:23,850] {taskinstance.py:1358} INFO - 
--------------------------------------------------------------------------------
[2023-10-27 14:35:23,883] {taskinstance.py:1377} INFO - Executing <Task(_PythonDecoratedOperator): TSLA> on 2023-10-13 00:00:00+00:00
[2023-10-27 14:35:23,891] {standard_task_runner.py:52} INFO - Started process 20948 to run task
[2023-10-27 14:35:23,907] {standard_task_runner.py:79} INFO - Running: ['airflow', 'tasks', 'run', 'get_stocks_dag', 'TSLA', 'scheduled__2023-10-13T00:00:00+00:00', '--job-id', '40', '--raw', '--subdir', 'DAGS_FOLDER/get_finance.py', '--cfg-path', '/tmp/tmpcmi2grb0', '--error-file', '/tmp/tmp8u2p6mw5']
[2023-10-27 14:35:23,908] {standard_task_runner.py:80} INFO - Job 40: Subtask TSLA
[2023-10-27 14:35:23,997] {task_command.py:370} INFO - Running <TaskInstance: get_stocks_dag.TSLA scheduled__2023-10-13T00:00:00+00:00 [running]> on host airflow-virtual-machine
[2023-10-27 14:35:24,100] {taskinstance.py:1569} INFO - Exporting the following env vars:
AIRFLOW_CTX_DAG_OWNER=airflow
AIRFLOW_CTX_DAG_ID=get_stocks_dag
AIRFLOW_CTX_TASK_ID=TSLA
AIRFLOW_CTX_EXECUTION_DATE=2023-10-13T00:00:00+00:00
AIRFLOW_CTX_TRY_NUMBER=1
AIRFLOW_CTX_DAG_RUN_ID=scheduled__2023-10-13T00:00:00+00:00
[2023-10-27 14:35:24,908] {python.py:173} INFO - Done. Returned value was: None
[2023-10-27 14:35:24,917] {taskinstance.py:1395} INFO - Marking task as SUCCESS. dag_id=get_stocks_dag, task_id=TSLA, execution_date=20231013T000000, start_date=20231027T173523, end_date=20231027T173524
[2023-10-27 14:35:24,995] {local_task_job.py:156} INFO - Task exited with return code 0
[2023-10-27 14:35:25,017] {local_task_job.py:273} INFO - 0 downstream tasks scheduled from follow-on schedule check
[2023-10-27 14:55:05,596] {taskinstance.py:1159} INFO - Dependencies all met for <TaskInstance: get_stocks_dag.TSLA scheduled__2023-10-13T00:00:00+00:00 [queued]>
[2023-10-27 14:55:05,603] {taskinstance.py:1159} INFO - Dependencies all met for <TaskInstance: get_stocks_dag.TSLA scheduled__2023-10-13T00:00:00+00:00 [queued]>
[2023-10-27 14:55:05,603] {taskinstance.py:1356} INFO - 
--------------------------------------------------------------------------------
[2023-10-27 14:55:05,603] {taskinstance.py:1357} INFO - Starting attempt 1 of 1
[2023-10-27 14:55:05,603] {taskinstance.py:1358} INFO - 
--------------------------------------------------------------------------------
[2023-10-27 14:55:05,613] {taskinstance.py:1377} INFO - Executing <Task(_PythonDecoratedOperator): TSLA> on 2023-10-13 00:00:00+00:00
[2023-10-27 14:55:05,617] {standard_task_runner.py:52} INFO - Started process 23620 to run task
[2023-10-27 14:55:05,620] {standard_task_runner.py:79} INFO - Running: ['airflow', 'tasks', 'run', 'get_stocks_dag', 'TSLA', 'scheduled__2023-10-13T00:00:00+00:00', '--job-id', '40', '--raw', '--subdir', 'DAGS_FOLDER/get_finance.py', '--cfg-path', '/tmp/tmpj8m6t_09', '--error-file', '/tmp/tmpmb3sahtx']
[2023-10-27 14:55:05,621] {standard_task_runner.py:80} INFO - Job 40: Subtask TSLA
[2023-10-27 14:55:05,661] {task_command.py:370} INFO - Running <TaskInstance: get_stocks_dag.TSLA scheduled__2023-10-13T00:00:00+00:00 [running]> on host airflow-virtual-machine
[2023-10-27 14:55:05,876] {taskinstance.py:1569} INFO - Exporting the following env vars:
AIRFLOW_CTX_DAG_OWNER=airflow
AIRFLOW_CTX_DAG_ID=get_stocks_dag
AIRFLOW_CTX_TASK_ID=TSLA
AIRFLOW_CTX_EXECUTION_DATE=2023-10-13T00:00:00+00:00
AIRFLOW_CTX_TRY_NUMBER=1
AIRFLOW_CTX_DAG_RUN_ID=scheduled__2023-10-13T00:00:00+00:00
[2023-10-27 14:55:06,310] {python.py:173} INFO - Done. Returned value was: None
[2023-10-27 14:55:06,315] {taskinstance.py:1395} INFO - Marking task as SUCCESS. dag_id=get_stocks_dag, task_id=TSLA, execution_date=20231013T000000, start_date=20231027T175505, end_date=20231027T175506
[2023-10-27 14:55:06,356] {local_task_job.py:156} INFO - Task exited with return code 0
[2023-10-27 14:55:06,370] {local_task_job.py:273} INFO - 0 downstream tasks scheduled from follow-on schedule check
[2023-10-27 15:24:18,073] {taskinstance.py:1159} INFO - Dependencies all met for <TaskInstance: get_stocks_dag.TSLA scheduled__2023-10-13T00:00:00+00:00 [queued]>
[2023-10-27 15:24:18,079] {taskinstance.py:1159} INFO - Dependencies all met for <TaskInstance: get_stocks_dag.TSLA scheduled__2023-10-13T00:00:00+00:00 [queued]>
[2023-10-27 15:24:18,079] {taskinstance.py:1356} INFO - 
--------------------------------------------------------------------------------
[2023-10-27 15:24:18,079] {taskinstance.py:1357} INFO - Starting attempt 1 of 1
[2023-10-27 15:24:18,080] {taskinstance.py:1358} INFO - 
--------------------------------------------------------------------------------
[2023-10-27 15:24:18,089] {taskinstance.py:1377} INFO - Executing <Task(_PythonDecoratedOperator): TSLA> on 2023-10-13 00:00:00+00:00
[2023-10-27 15:24:18,093] {standard_task_runner.py:52} INFO - Started process 27468 to run task
[2023-10-27 15:24:18,097] {standard_task_runner.py:79} INFO - Running: ['airflow', 'tasks', 'run', 'get_stocks_dag', 'TSLA', 'scheduled__2023-10-13T00:00:00+00:00', '--job-id', '40', '--raw', '--subdir', 'DAGS_FOLDER/get_finance.py', '--cfg-path', '/tmp/tmpxocwlnz2', '--error-file', '/tmp/tmphbtx7rnm']
[2023-10-27 15:24:18,097] {standard_task_runner.py:80} INFO - Job 40: Subtask TSLA
[2023-10-27 15:24:18,136] {task_command.py:370} INFO - Running <TaskInstance: get_stocks_dag.TSLA scheduled__2023-10-13T00:00:00+00:00 [running]> on host airflow-virtual-machine
[2023-10-27 15:24:18,179] {taskinstance.py:1569} INFO - Exporting the following env vars:
AIRFLOW_CTX_DAG_OWNER=airflow
AIRFLOW_CTX_DAG_ID=get_stocks_dag
AIRFLOW_CTX_TASK_ID=TSLA
AIRFLOW_CTX_EXECUTION_DATE=2023-10-13T00:00:00+00:00
AIRFLOW_CTX_TRY_NUMBER=1
AIRFLOW_CTX_DAG_RUN_ID=scheduled__2023-10-13T00:00:00+00:00
[2023-10-27 15:24:18,625] {python.py:173} INFO - Done. Returned value was: None
[2023-10-27 15:24:18,634] {taskinstance.py:1395} INFO - Marking task as SUCCESS. dag_id=get_stocks_dag, task_id=TSLA, execution_date=20231013T000000, start_date=20231027T182418, end_date=20231027T182418
[2023-10-27 15:24:18,690] {local_task_job.py:156} INFO - Task exited with return code 0
[2023-10-27 15:24:18,792] {local_task_job.py:273} INFO - 0 downstream tasks scheduled from follow-on schedule check
[2023-10-27 17:02:51,499] {taskinstance.py:1159} INFO - Dependencies all met for <TaskInstance: get_stocks_dag.TSLA scheduled__2023-10-13T00:00:00+00:00 [queued]>
[2023-10-27 17:02:51,508] {taskinstance.py:1159} INFO - Dependencies all met for <TaskInstance: get_stocks_dag.TSLA scheduled__2023-10-13T00:00:00+00:00 [queued]>
[2023-10-27 17:02:51,508] {taskinstance.py:1356} INFO - 
--------------------------------------------------------------------------------
[2023-10-27 17:02:51,508] {taskinstance.py:1357} INFO - Starting attempt 1 of 1
[2023-10-27 17:02:51,508] {taskinstance.py:1358} INFO - 
--------------------------------------------------------------------------------
[2023-10-27 17:02:51,520] {taskinstance.py:1377} INFO - Executing <Task(_PythonDecoratedOperator): TSLA> on 2023-10-13 00:00:00+00:00
[2023-10-27 17:02:51,525] {standard_task_runner.py:52} INFO - Started process 39722 to run task
[2023-10-27 17:02:51,528] {standard_task_runner.py:79} INFO - Running: ['airflow', 'tasks', 'run', 'get_stocks_dag', 'TSLA', 'scheduled__2023-10-13T00:00:00+00:00', '--job-id', '48', '--raw', '--subdir', 'DAGS_FOLDER/get_finance.py', '--cfg-path', '/tmp/tmped8824_m', '--error-file', '/tmp/tmp6i8t5pdk']
[2023-10-27 17:02:51,529] {standard_task_runner.py:80} INFO - Job 48: Subtask TSLA
[2023-10-27 17:02:51,574] {task_command.py:370} INFO - Running <TaskInstance: get_stocks_dag.TSLA scheduled__2023-10-13T00:00:00+00:00 [running]> on host airflow-virtual-machine
[2023-10-27 17:02:51,773] {taskinstance.py:1569} INFO - Exporting the following env vars:
AIRFLOW_CTX_DAG_OWNER=airflow
AIRFLOW_CTX_DAG_ID=get_stocks_dag
AIRFLOW_CTX_TASK_ID=TSLA
AIRFLOW_CTX_EXECUTION_DATE=2023-10-13T00:00:00+00:00
AIRFLOW_CTX_TRY_NUMBER=1
AIRFLOW_CTX_DAG_RUN_ID=scheduled__2023-10-13T00:00:00+00:00
[2023-10-27 17:02:52,317] {taskinstance.py:1889} ERROR - Task failed with exception
Traceback (most recent call last):
  File "/home/gabriel/Documents/project_finance/venv/lib/python3.9/site-packages/airflow/decorators/base.py", line 179, in execute
    return_value = super().execute(context)
  File "/home/gabriel/Documents/project_finance/venv/lib/python3.9/site-packages/airflow/operators/python.py", line 171, in execute
    return_value = self.execute_callable()
  File "/home/gabriel/Documents/project_finance/venv/lib/python3.9/site-packages/airflow/operators/python.py", line 189, in execute_callable
    return self.python_callable(*self.op_args, **self.op_kwargs)
  File "/home/gabriel/Documents/project_finance/airflow/dags/get_finance.py", line 20, in get_history
    yfinance.Ticker(ticker).history(
  File "/home/gabriel/Documents/project_finance/venv/lib/python3.9/site-packages/pandas/core/generic.py", line 3902, in to_csv
    return DataFrameRenderer(formatter).to_csv(
  File "/home/gabriel/Documents/project_finance/venv/lib/python3.9/site-packages/pandas/io/formats/format.py", line 1152, in to_csv
    csv_formatter.save()
  File "/home/gabriel/Documents/project_finance/venv/lib/python3.9/site-packages/pandas/io/formats/csvs.py", line 247, in save
    with get_handle(
  File "/home/gabriel/Documents/project_finance/venv/lib/python3.9/site-packages/pandas/io/common.py", line 863, in get_handle
    handle = open(
IsADirectoryError: [Errno 21] Is a directory: '/home/gabriel/Documents/project_finance/datalake/Bronze/stocks/TSLA'
[2023-10-27 17:02:52,328] {taskinstance.py:1395} INFO - Marking task as FAILED. dag_id=get_stocks_dag, task_id=TSLA, execution_date=20231013T000000, start_date=20231027T200251, end_date=20231027T200252
[2023-10-27 17:02:52,342] {standard_task_runner.py:92} ERROR - Failed to execute job 48 for task TSLA ([Errno 21] Is a directory: '/home/gabriel/Documents/project_finance/datalake/Bronze/stocks/TSLA'; 39722)
[2023-10-27 17:02:52,391] {local_task_job.py:156} INFO - Task exited with return code 1
[2023-10-27 17:02:52,409] {local_task_job.py:273} INFO - 0 downstream tasks scheduled from follow-on schedule check
[2023-10-27 17:10:10,843] {taskinstance.py:1159} INFO - Dependencies all met for <TaskInstance: get_stocks_dag.TSLA scheduled__2023-10-13T00:00:00+00:00 [queued]>
[2023-10-27 17:10:10,872] {taskinstance.py:1159} INFO - Dependencies all met for <TaskInstance: get_stocks_dag.TSLA scheduled__2023-10-13T00:00:00+00:00 [queued]>
[2023-10-27 17:10:10,872] {taskinstance.py:1356} INFO - 
--------------------------------------------------------------------------------
[2023-10-27 17:10:10,872] {taskinstance.py:1357} INFO - Starting attempt 1 of 1
[2023-10-27 17:10:10,872] {taskinstance.py:1358} INFO - 
--------------------------------------------------------------------------------
[2023-10-27 17:10:10,899] {taskinstance.py:1377} INFO - Executing <Task(_PythonDecoratedOperator): TSLA> on 2023-10-13 00:00:00+00:00
[2023-10-27 17:10:10,912] {standard_task_runner.py:52} INFO - Started process 41448 to run task
[2023-10-27 17:10:10,930] {standard_task_runner.py:79} INFO - Running: ['airflow', 'tasks', 'run', 'get_stocks_dag', 'TSLA', 'scheduled__2023-10-13T00:00:00+00:00', '--job-id', '48', '--raw', '--subdir', 'DAGS_FOLDER/get_finance.py', '--cfg-path', '/tmp/tmp2rw8791c', '--error-file', '/tmp/tmpo5aqm5vd']
[2023-10-27 17:10:10,931] {standard_task_runner.py:80} INFO - Job 48: Subtask TSLA
[2023-10-27 17:10:11,001] {task_command.py:370} INFO - Running <TaskInstance: get_stocks_dag.TSLA scheduled__2023-10-13T00:00:00+00:00 [running]> on host airflow-virtual-machine
[2023-10-27 17:10:11,065] {taskinstance.py:1569} INFO - Exporting the following env vars:
AIRFLOW_CTX_DAG_OWNER=airflow
AIRFLOW_CTX_DAG_ID=get_stocks_dag
AIRFLOW_CTX_TASK_ID=TSLA
AIRFLOW_CTX_EXECUTION_DATE=2023-10-13T00:00:00+00:00
AIRFLOW_CTX_TRY_NUMBER=1
AIRFLOW_CTX_DAG_RUN_ID=scheduled__2023-10-13T00:00:00+00:00
[2023-10-27 17:10:11,628] {python.py:173} INFO - Done. Returned value was: None
[2023-10-27 17:10:11,634] {taskinstance.py:1395} INFO - Marking task as SUCCESS. dag_id=get_stocks_dag, task_id=TSLA, execution_date=20231013T000000, start_date=20231027T201010, end_date=20231027T201011
[2023-10-27 17:10:11,704] {local_task_job.py:156} INFO - Task exited with return code 0
[2023-10-27 17:10:11,725] {local_task_job.py:273} INFO - 0 downstream tasks scheduled from follow-on schedule check
[2023-10-27 18:11:03,323] {taskinstance.py:1159} INFO - Dependencies all met for <TaskInstance: get_stocks_dag.TSLA scheduled__2023-10-13T00:00:00+00:00 [queued]>
[2023-10-27 18:11:03,330] {taskinstance.py:1159} INFO - Dependencies all met for <TaskInstance: get_stocks_dag.TSLA scheduled__2023-10-13T00:00:00+00:00 [queued]>
[2023-10-27 18:11:03,330] {taskinstance.py:1356} INFO - 
--------------------------------------------------------------------------------
[2023-10-27 18:11:03,330] {taskinstance.py:1357} INFO - Starting attempt 1 of 1
[2023-10-27 18:11:03,330] {taskinstance.py:1358} INFO - 
--------------------------------------------------------------------------------
[2023-10-27 18:11:03,338] {taskinstance.py:1377} INFO - Executing <Task(_PythonDecoratedOperator): TSLA> on 2023-10-13 00:00:00+00:00
[2023-10-27 18:11:03,343] {standard_task_runner.py:52} INFO - Started process 49607 to run task
[2023-10-27 18:11:03,346] {standard_task_runner.py:79} INFO - Running: ['airflow', 'tasks', 'run', 'get_stocks_dag', 'TSLA', 'scheduled__2023-10-13T00:00:00+00:00', '--job-id', '47', '--raw', '--subdir', 'DAGS_FOLDER/get_finance.py', '--cfg-path', '/tmp/tmpzt3mxz7h', '--error-file', '/tmp/tmplm_7e6kv']
[2023-10-27 18:11:03,347] {standard_task_runner.py:80} INFO - Job 47: Subtask TSLA
[2023-10-27 18:11:03,383] {task_command.py:370} INFO - Running <TaskInstance: get_stocks_dag.TSLA scheduled__2023-10-13T00:00:00+00:00 [running]> on host airflow-virtual-machine
[2023-10-27 18:11:03,428] {taskinstance.py:1569} INFO - Exporting the following env vars:
AIRFLOW_CTX_DAG_OWNER=airflow
AIRFLOW_CTX_DAG_ID=get_stocks_dag
AIRFLOW_CTX_TASK_ID=TSLA
AIRFLOW_CTX_EXECUTION_DATE=2023-10-13T00:00:00+00:00
AIRFLOW_CTX_TRY_NUMBER=1
AIRFLOW_CTX_DAG_RUN_ID=scheduled__2023-10-13T00:00:00+00:00
[2023-10-27 18:11:03,911] {python.py:173} INFO - Done. Returned value was: None
[2023-10-27 18:11:03,919] {taskinstance.py:1395} INFO - Marking task as SUCCESS. dag_id=get_stocks_dag, task_id=TSLA, execution_date=20231013T000000, start_date=20231027T211103, end_date=20231027T211103
[2023-10-27 18:11:03,940] {local_task_job.py:156} INFO - Task exited with return code 0
[2023-10-27 18:11:03,962] {local_task_job.py:273} INFO - 1 downstream tasks scheduled from follow-on schedule check
