[2023-10-27 18:12:07,561] {taskinstance.py:1159} INFO - Dependencies all met for <TaskInstance: get_stocks_dag.transform_stocks scheduled__2023-10-20T00:00:00+00:00 [queued]>
[2023-10-27 18:12:07,567] {taskinstance.py:1159} INFO - Dependencies all met for <TaskInstance: get_stocks_dag.transform_stocks scheduled__2023-10-20T00:00:00+00:00 [queued]>
[2023-10-27 18:12:07,567] {taskinstance.py:1356} INFO - 
--------------------------------------------------------------------------------
[2023-10-27 18:12:07,568] {taskinstance.py:1357} INFO - Starting attempt 1 of 1
[2023-10-27 18:12:07,568] {taskinstance.py:1358} INFO - 
--------------------------------------------------------------------------------
[2023-10-27 18:12:07,581] {taskinstance.py:1377} INFO - Executing <Task(_PythonDecoratedOperator): transform_stocks> on 2023-10-20 00:00:00+00:00
[2023-10-27 18:12:07,585] {standard_task_runner.py:52} INFO - Started process 49990 to run task
[2023-10-27 18:12:07,588] {standard_task_runner.py:79} INFO - Running: ['airflow', 'tasks', 'run', 'get_stocks_dag', 'transform_stocks', 'scheduled__2023-10-20T00:00:00+00:00', '--job-id', '74', '--raw', '--subdir', 'DAGS_FOLDER/get_finance.py', '--cfg-path', '/tmp/tmpfht0ag10', '--error-file', '/tmp/tmpzwd9pe65']
[2023-10-27 18:12:07,589] {standard_task_runner.py:80} INFO - Job 74: Subtask transform_stocks
[2023-10-27 18:12:07,624] {task_command.py:370} INFO - Running <TaskInstance: get_stocks_dag.transform_stocks scheduled__2023-10-20T00:00:00+00:00 [running]> on host airflow-virtual-machine
[2023-10-27 18:12:07,665] {taskinstance.py:1569} INFO - Exporting the following env vars:
AIRFLOW_CTX_DAG_OWNER=airflow
AIRFLOW_CTX_DAG_ID=get_stocks_dag
AIRFLOW_CTX_TASK_ID=transform_stocks
AIRFLOW_CTX_EXECUTION_DATE=2023-10-20T00:00:00+00:00
AIRFLOW_CTX_TRY_NUMBER=1
AIRFLOW_CTX_DAG_RUN_ID=scheduled__2023-10-20T00:00:00+00:00
[2023-10-27 18:12:07,687] {python.py:173} INFO - Done. Returned value was: None
[2023-10-27 18:12:07,693] {taskinstance.py:1395} INFO - Marking task as SUCCESS. dag_id=get_stocks_dag, task_id=transform_stocks, execution_date=20231020T000000, start_date=20231027T211207, end_date=20231027T211207
[2023-10-27 18:12:07,723] {local_task_job.py:156} INFO - Task exited with return code 0
[2023-10-27 18:12:07,781] {local_task_job.py:273} INFO - 0 downstream tasks scheduled from follow-on schedule check
[2023-10-29 11:29:57,137] {taskinstance.py:1159} INFO - Dependencies all met for <TaskInstance: get_stocks_dag.transform_stocks scheduled__2023-10-20T00:00:00+00:00 [queued]>
[2023-10-29 11:29:57,405] {taskinstance.py:1159} INFO - Dependencies all met for <TaskInstance: get_stocks_dag.transform_stocks scheduled__2023-10-20T00:00:00+00:00 [queued]>
[2023-10-29 11:29:57,405] {taskinstance.py:1356} INFO - 
--------------------------------------------------------------------------------
[2023-10-29 11:29:57,405] {taskinstance.py:1357} INFO - Starting attempt 1 of 1
[2023-10-29 11:29:57,405] {taskinstance.py:1358} INFO - 
--------------------------------------------------------------------------------
[2023-10-29 11:29:57,534] {taskinstance.py:1377} INFO - Executing <Task(_PythonDecoratedOperator): transform_stocks> on 2023-10-20 00:00:00+00:00
[2023-10-29 11:29:57,551] {standard_task_runner.py:79} INFO - Running: ['airflow', 'tasks', 'run', 'get_stocks_dag', 'transform_stocks', 'scheduled__2023-10-20T00:00:00+00:00', '--job-id', '81', '--raw', '--subdir', 'DAGS_FOLDER/get_finance.py', '--cfg-path', '/tmp/tmpi3nouzxd', '--error-file', '/tmp/tmp40t4nij8']
[2023-10-29 11:29:57,554] {standard_task_runner.py:80} INFO - Job 81: Subtask transform_stocks
[2023-10-29 11:29:57,546] {standard_task_runner.py:52} INFO - Started process 15195 to run task
[2023-10-29 11:29:57,689] {task_command.py:370} INFO - Running <TaskInstance: get_stocks_dag.transform_stocks scheduled__2023-10-20T00:00:00+00:00 [running]> on host airflow-virtual-machine
[2023-10-29 11:29:58,274] {taskinstance.py:1569} INFO - Exporting the following env vars:
AIRFLOW_CTX_DAG_OWNER=airflow
AIRFLOW_CTX_DAG_ID=get_stocks_dag
AIRFLOW_CTX_TASK_ID=transform_stocks
AIRFLOW_CTX_EXECUTION_DATE=2023-10-20T00:00:00+00:00
AIRFLOW_CTX_TRY_NUMBER=1
AIRFLOW_CTX_DAG_RUN_ID=scheduled__2023-10-20T00:00:00+00:00
[2023-10-29 11:29:58,381] {python.py:173} INFO - Done. Returned value was: None
[2023-10-29 11:29:58,410] {taskinstance.py:1395} INFO - Marking task as SUCCESS. dag_id=get_stocks_dag, task_id=transform_stocks, execution_date=20231020T000000, start_date=20231029T142957, end_date=20231029T142958
[2023-10-29 11:29:58,457] {local_task_job.py:156} INFO - Task exited with return code 0
[2023-10-29 11:29:58,505] {local_task_job.py:273} INFO - 0 downstream tasks scheduled from follow-on schedule check
[2023-10-29 11:34:09,145] {taskinstance.py:1159} INFO - Dependencies all met for <TaskInstance: get_stocks_dag.transform_stocks scheduled__2023-10-20T00:00:00+00:00 [queued]>
[2023-10-29 11:34:09,295] {taskinstance.py:1159} INFO - Dependencies all met for <TaskInstance: get_stocks_dag.transform_stocks scheduled__2023-10-20T00:00:00+00:00 [queued]>
[2023-10-29 11:34:09,295] {taskinstance.py:1356} INFO - 
--------------------------------------------------------------------------------
[2023-10-29 11:34:09,295] {taskinstance.py:1357} INFO - Starting attempt 1 of 1
[2023-10-29 11:34:09,296] {taskinstance.py:1358} INFO - 
--------------------------------------------------------------------------------
[2023-10-29 11:34:09,661] {taskinstance.py:1377} INFO - Executing <Task(_PythonDecoratedOperator): transform_stocks> on 2023-10-20 00:00:00+00:00
[2023-10-29 11:34:09,820] {standard_task_runner.py:52} INFO - Started process 17358 to run task
[2023-10-29 11:34:09,943] {standard_task_runner.py:79} INFO - Running: ['airflow', 'tasks', 'run', 'get_stocks_dag', 'transform_stocks', 'scheduled__2023-10-20T00:00:00+00:00', '--job-id', '171', '--raw', '--subdir', 'DAGS_FOLDER/get_finance.py', '--cfg-path', '/tmp/tmpmtqrc8kf', '--error-file', '/tmp/tmpnaikt3y5']
[2023-10-29 11:34:10,132] {standard_task_runner.py:80} INFO - Job 171: Subtask transform_stocks
[2023-10-29 11:34:10,997] {task_command.py:370} INFO - Running <TaskInstance: get_stocks_dag.transform_stocks scheduled__2023-10-20T00:00:00+00:00 [running]> on host airflow-virtual-machine
[2023-10-29 11:34:11,764] {taskinstance.py:1569} INFO - Exporting the following env vars:
AIRFLOW_CTX_DAG_OWNER=airflow
AIRFLOW_CTX_DAG_ID=get_stocks_dag
AIRFLOW_CTX_TASK_ID=transform_stocks
AIRFLOW_CTX_EXECUTION_DATE=2023-10-20T00:00:00+00:00
AIRFLOW_CTX_TRY_NUMBER=1
AIRFLOW_CTX_DAG_RUN_ID=scheduled__2023-10-20T00:00:00+00:00
[2023-10-29 11:34:12,089] {python.py:173} INFO - Done. Returned value was: None
[2023-10-29 11:34:12,380] {taskinstance.py:1395} INFO - Marking task as SUCCESS. dag_id=get_stocks_dag, task_id=transform_stocks, execution_date=20231020T000000, start_date=20231029T143409, end_date=20231029T143412
[2023-10-29 11:34:12,450] {local_task_job.py:156} INFO - Task exited with return code 0
[2023-10-29 11:34:12,593] {local_task_job.py:273} INFO - 0 downstream tasks scheduled from follow-on schedule check
[2023-10-29 13:33:23,622] {taskinstance.py:1159} INFO - Dependencies all met for <TaskInstance: get_stocks_dag.transform_stocks scheduled__2023-10-20T00:00:00+00:00 [queued]>
[2023-10-29 13:33:23,675] {taskinstance.py:1159} INFO - Dependencies all met for <TaskInstance: get_stocks_dag.transform_stocks scheduled__2023-10-20T00:00:00+00:00 [queued]>
[2023-10-29 13:33:23,676] {taskinstance.py:1356} INFO - 
--------------------------------------------------------------------------------
[2023-10-29 13:33:23,676] {taskinstance.py:1357} INFO - Starting attempt 1 of 1
[2023-10-29 13:33:23,676] {taskinstance.py:1358} INFO - 
--------------------------------------------------------------------------------
[2023-10-29 13:33:23,752] {taskinstance.py:1377} INFO - Executing <Task(_PythonDecoratedOperator): transform_stocks> on 2023-10-20 00:00:00+00:00
[2023-10-29 13:33:23,800] {standard_task_runner.py:79} INFO - Running: ['airflow', 'tasks', 'run', 'get_stocks_dag', 'transform_stocks', 'scheduled__2023-10-20T00:00:00+00:00', '--job-id', '276', '--raw', '--subdir', 'DAGS_FOLDER/get_finance.py', '--cfg-path', '/tmp/tmp1fpxhgam', '--error-file', '/tmp/tmp7o3nl0l0']
[2023-10-29 13:33:23,816] {standard_task_runner.py:80} INFO - Job 276: Subtask transform_stocks
[2023-10-29 13:33:23,794] {standard_task_runner.py:52} INFO - Started process 7323 to run task
[2023-10-29 13:33:24,155] {task_command.py:370} INFO - Running <TaskInstance: get_stocks_dag.transform_stocks scheduled__2023-10-20T00:00:00+00:00 [running]> on host airflow-virtual-machine
[2023-10-29 13:33:24,648] {taskinstance.py:1569} INFO - Exporting the following env vars:
AIRFLOW_CTX_DAG_OWNER=airflow
AIRFLOW_CTX_DAG_ID=get_stocks_dag
AIRFLOW_CTX_TASK_ID=transform_stocks
AIRFLOW_CTX_EXECUTION_DATE=2023-10-20T00:00:00+00:00
AIRFLOW_CTX_TRY_NUMBER=1
AIRFLOW_CTX_DAG_RUN_ID=scheduled__2023-10-20T00:00:00+00:00
[2023-10-29 13:33:24,851] {python.py:173} INFO - Done. Returned value was: None
[2023-10-29 13:33:24,903] {taskinstance.py:1395} INFO - Marking task as SUCCESS. dag_id=get_stocks_dag, task_id=transform_stocks, execution_date=20231020T000000, start_date=20231029T163323, end_date=20231029T163324
[2023-10-29 13:33:24,962] {local_task_job.py:156} INFO - Task exited with return code 0
[2023-10-29 13:33:25,032] {local_task_job.py:273} INFO - 0 downstream tasks scheduled from follow-on schedule check
[2023-10-29 14:36:02,468] {taskinstance.py:1159} INFO - Dependencies all met for <TaskInstance: get_stocks_dag.transform_stocks scheduled__2023-10-20T00:00:00+00:00 [queued]>
[2023-10-29 14:36:02,545] {taskinstance.py:1159} INFO - Dependencies all met for <TaskInstance: get_stocks_dag.transform_stocks scheduled__2023-10-20T00:00:00+00:00 [queued]>
[2023-10-29 14:36:02,553] {taskinstance.py:1356} INFO - 
--------------------------------------------------------------------------------
[2023-10-29 14:36:02,553] {taskinstance.py:1357} INFO - Starting attempt 1 of 1
[2023-10-29 14:36:02,553] {taskinstance.py:1358} INFO - 
--------------------------------------------------------------------------------
[2023-10-29 14:36:02,639] {taskinstance.py:1377} INFO - Executing <Task(_PythonDecoratedOperator): transform_stocks> on 2023-10-20 00:00:00+00:00
[2023-10-29 14:36:02,673] {standard_task_runner.py:52} INFO - Started process 10371 to run task
[2023-10-29 14:36:02,693] {standard_task_runner.py:79} INFO - Running: ['airflow', 'tasks', 'run', 'get_stocks_dag', 'transform_stocks', 'scheduled__2023-10-20T00:00:00+00:00', '--job-id', '376', '--raw', '--subdir', 'DAGS_FOLDER/get_finance.py', '--cfg-path', '/tmp/tmpgyht0217', '--error-file', '/tmp/tmpwurv7tn_']
[2023-10-29 14:36:02,694] {standard_task_runner.py:80} INFO - Job 376: Subtask transform_stocks
[2023-10-29 14:36:02,910] {task_command.py:370} INFO - Running <TaskInstance: get_stocks_dag.transform_stocks scheduled__2023-10-20T00:00:00+00:00 [running]> on host airflow-virtual-machine
[2023-10-29 14:36:03,128] {taskinstance.py:1569} INFO - Exporting the following env vars:
AIRFLOW_CTX_DAG_OWNER=airflow
AIRFLOW_CTX_DAG_ID=get_stocks_dag
AIRFLOW_CTX_TASK_ID=transform_stocks
AIRFLOW_CTX_EXECUTION_DATE=2023-10-20T00:00:00+00:00
AIRFLOW_CTX_TRY_NUMBER=1
AIRFLOW_CTX_DAG_RUN_ID=scheduled__2023-10-20T00:00:00+00:00
[2023-10-29 14:36:03,221] {python.py:173} INFO - Done. Returned value was: None
[2023-10-29 14:36:03,269] {taskinstance.py:1395} INFO - Marking task as SUCCESS. dag_id=get_stocks_dag, task_id=transform_stocks, execution_date=20231020T000000, start_date=20231029T173602, end_date=20231029T173603
[2023-10-29 14:36:03,390] {local_task_job.py:156} INFO - Task exited with return code 0
[2023-10-29 14:36:03,499] {local_task_job.py:273} INFO - 0 downstream tasks scheduled from follow-on schedule check
