[2023-10-27 14:18:26,961] {taskinstance.py:1159} INFO - Dependencies all met for <TaskInstance: get_stocks_dag.AAPL scheduled__2023-10-19T00:00:00+00:00 [queued]>
[2023-10-27 14:18:26,967] {taskinstance.py:1159} INFO - Dependencies all met for <TaskInstance: get_stocks_dag.AAPL scheduled__2023-10-19T00:00:00+00:00 [queued]>
[2023-10-27 14:18:26,967] {taskinstance.py:1356} INFO - 
--------------------------------------------------------------------------------
[2023-10-27 14:18:26,968] {taskinstance.py:1357} INFO - Starting attempt 1 of 1
[2023-10-27 14:18:26,968] {taskinstance.py:1358} INFO - 
--------------------------------------------------------------------------------
[2023-10-27 14:18:26,984] {taskinstance.py:1377} INFO - Executing <Task(_PythonDecoratedOperator): AAPL> on 2023-10-19 00:00:00+00:00
[2023-10-27 14:18:26,990] {standard_task_runner.py:52} INFO - Started process 17938 to run task
[2023-10-27 14:18:26,997] {standard_task_runner.py:79} INFO - Running: ['airflow', 'tasks', 'run', 'get_stocks_dag', 'AAPL', 'scheduled__2023-10-19T00:00:00+00:00', '--job-id', '53', '--raw', '--subdir', 'DAGS_FOLDER/get_finance.py', '--cfg-path', '/tmp/tmpe_2e4fyk', '--error-file', '/tmp/tmpjmexmavk']
[2023-10-27 14:18:27,002] {standard_task_runner.py:80} INFO - Job 53: Subtask AAPL
[2023-10-27 14:18:27,054] {task_command.py:370} INFO - Running <TaskInstance: get_stocks_dag.AAPL scheduled__2023-10-19T00:00:00+00:00 [running]> on host airflow-virtual-machine
[2023-10-27 14:18:27,113] {taskinstance.py:1569} INFO - Exporting the following env vars:
AIRFLOW_CTX_DAG_OWNER=airflow
AIRFLOW_CTX_DAG_ID=get_stocks_dag
AIRFLOW_CTX_TASK_ID=AAPL
AIRFLOW_CTX_EXECUTION_DATE=2023-10-19T00:00:00+00:00
AIRFLOW_CTX_TRY_NUMBER=1
AIRFLOW_CTX_DAG_RUN_ID=scheduled__2023-10-19T00:00:00+00:00
[2023-10-27 14:18:27,538] {taskinstance.py:1889} ERROR - Task failed with exception
Traceback (most recent call last):
  File "/home/gabriel/Documents/project_finance/venv/lib/python3.9/site-packages/airflow/decorators/base.py", line 179, in execute
    return_value = super().execute(context)
  File "/home/gabriel/Documents/project_finance/venv/lib/python3.9/site-packages/airflow/operators/python.py", line 171, in execute
    return_value = self.execute_callable()
  File "/home/gabriel/Documents/project_finance/venv/lib/python3.9/site-packages/airflow/operators/python.py", line 189, in execute_callable
    return self.python_callable(*self.op_args, **self.op_kwargs)
  File "/home/gabriel/Documents/project_finance/airflow/dags/get_finance.py", line 18, in get_history
    yfinance.Ticker(ticker).history(
  File "/home/gabriel/Documents/project_finance/venv/lib/python3.9/site-packages/pandas/core/generic.py", line 3902, in to_csv
    return DataFrameRenderer(formatter).to_csv(
  File "/home/gabriel/Documents/project_finance/venv/lib/python3.9/site-packages/pandas/io/formats/format.py", line 1152, in to_csv
    csv_formatter.save()
  File "/home/gabriel/Documents/project_finance/venv/lib/python3.9/site-packages/pandas/io/formats/csvs.py", line 247, in save
    with get_handle(
  File "/home/gabriel/Documents/project_finance/venv/lib/python3.9/site-packages/pandas/io/common.py", line 739, in get_handle
    check_parent_directory(str(handle))
  File "/home/gabriel/Documents/project_finance/venv/lib/python3.9/site-packages/pandas/io/common.py", line 604, in check_parent_directory
    raise OSError(rf"Cannot save file into a non-existent directory: '{parent}'")
OSError: Cannot save file into a non-existent directory: '/home/gabriel/Documents/project_finance/datalake/stocks/AAPL'
[2023-10-27 14:18:27,545] {taskinstance.py:1395} INFO - Marking task as FAILED. dag_id=get_stocks_dag, task_id=AAPL, execution_date=20231019T000000, start_date=20231027T171826, end_date=20231027T171827
[2023-10-27 14:18:27,558] {standard_task_runner.py:92} ERROR - Failed to execute job 53 for task AAPL (Cannot save file into a non-existent directory: '/home/gabriel/Documents/project_finance/datalake/stocks/AAPL'; 17938)
[2023-10-27 14:18:27,579] {local_task_job.py:156} INFO - Task exited with return code 1
[2023-10-27 14:18:27,595] {local_task_job.py:273} INFO - 0 downstream tasks scheduled from follow-on schedule check
[2023-10-27 14:32:20,430] {taskinstance.py:1159} INFO - Dependencies all met for <TaskInstance: get_stocks_dag.AAPL scheduled__2023-10-19T00:00:00+00:00 [queued]>
[2023-10-27 14:32:20,441] {taskinstance.py:1159} INFO - Dependencies all met for <TaskInstance: get_stocks_dag.AAPL scheduled__2023-10-19T00:00:00+00:00 [queued]>
[2023-10-27 14:32:20,441] {taskinstance.py:1356} INFO - 
--------------------------------------------------------------------------------
[2023-10-27 14:32:20,441] {taskinstance.py:1357} INFO - Starting attempt 1 of 1
[2023-10-27 14:32:20,442] {taskinstance.py:1358} INFO - 
--------------------------------------------------------------------------------
[2023-10-27 14:32:20,459] {taskinstance.py:1377} INFO - Executing <Task(_PythonDecoratedOperator): AAPL> on 2023-10-19 00:00:00+00:00
[2023-10-27 14:32:20,465] {standard_task_runner.py:52} INFO - Started process 20223 to run task
[2023-10-27 14:32:20,470] {standard_task_runner.py:79} INFO - Running: ['airflow', 'tasks', 'run', 'get_stocks_dag', 'AAPL', 'scheduled__2023-10-19T00:00:00+00:00', '--job-id', '53', '--raw', '--subdir', 'DAGS_FOLDER/get_finance.py', '--cfg-path', '/tmp/tmpk8dss03l', '--error-file', '/tmp/tmpf5uaje_g']
[2023-10-27 14:32:20,470] {standard_task_runner.py:80} INFO - Job 53: Subtask AAPL
[2023-10-27 14:32:20,521] {task_command.py:370} INFO - Running <TaskInstance: get_stocks_dag.AAPL scheduled__2023-10-19T00:00:00+00:00 [running]> on host airflow-virtual-machine
[2023-10-27 14:32:20,605] {taskinstance.py:1569} INFO - Exporting the following env vars:
AIRFLOW_CTX_DAG_OWNER=airflow
AIRFLOW_CTX_DAG_ID=get_stocks_dag
AIRFLOW_CTX_TASK_ID=AAPL
AIRFLOW_CTX_EXECUTION_DATE=2023-10-19T00:00:00+00:00
AIRFLOW_CTX_TRY_NUMBER=1
AIRFLOW_CTX_DAG_RUN_ID=scheduled__2023-10-19T00:00:00+00:00
[2023-10-27 14:32:21,158] {python.py:173} INFO - Done. Returned value was: None
[2023-10-27 14:32:21,165] {taskinstance.py:1395} INFO - Marking task as SUCCESS. dag_id=get_stocks_dag, task_id=AAPL, execution_date=20231019T000000, start_date=20231027T173220, end_date=20231027T173221
[2023-10-27 14:32:21,208] {local_task_job.py:156} INFO - Task exited with return code 0
[2023-10-27 14:32:21,246] {local_task_job.py:273} INFO - 0 downstream tasks scheduled from follow-on schedule check
[2023-10-27 14:36:23,418] {taskinstance.py:1159} INFO - Dependencies all met for <TaskInstance: get_stocks_dag.AAPL scheduled__2023-10-19T00:00:00+00:00 [queued]>
[2023-10-27 14:36:23,432] {taskinstance.py:1159} INFO - Dependencies all met for <TaskInstance: get_stocks_dag.AAPL scheduled__2023-10-19T00:00:00+00:00 [queued]>
[2023-10-27 14:36:23,432] {taskinstance.py:1356} INFO - 
--------------------------------------------------------------------------------
[2023-10-27 14:36:23,432] {taskinstance.py:1357} INFO - Starting attempt 1 of 1
[2023-10-27 14:36:23,432] {taskinstance.py:1358} INFO - 
--------------------------------------------------------------------------------
[2023-10-27 14:36:23,460] {taskinstance.py:1377} INFO - Executing <Task(_PythonDecoratedOperator): AAPL> on 2023-10-19 00:00:00+00:00
[2023-10-27 14:36:23,472] {standard_task_runner.py:52} INFO - Started process 21169 to run task
[2023-10-27 14:36:23,481] {standard_task_runner.py:79} INFO - Running: ['airflow', 'tasks', 'run', 'get_stocks_dag', 'AAPL', 'scheduled__2023-10-19T00:00:00+00:00', '--job-id', '53', '--raw', '--subdir', 'DAGS_FOLDER/get_finance.py', '--cfg-path', '/tmp/tmpzmmfmjci', '--error-file', '/tmp/tmpgudc_bc9']
[2023-10-27 14:36:23,482] {standard_task_runner.py:80} INFO - Job 53: Subtask AAPL
[2023-10-27 14:36:23,561] {task_command.py:370} INFO - Running <TaskInstance: get_stocks_dag.AAPL scheduled__2023-10-19T00:00:00+00:00 [running]> on host airflow-virtual-machine
[2023-10-27 14:36:23,765] {taskinstance.py:1569} INFO - Exporting the following env vars:
AIRFLOW_CTX_DAG_OWNER=airflow
AIRFLOW_CTX_DAG_ID=get_stocks_dag
AIRFLOW_CTX_TASK_ID=AAPL
AIRFLOW_CTX_EXECUTION_DATE=2023-10-19T00:00:00+00:00
AIRFLOW_CTX_TRY_NUMBER=1
AIRFLOW_CTX_DAG_RUN_ID=scheduled__2023-10-19T00:00:00+00:00
[2023-10-27 14:36:24,333] {python.py:173} INFO - Done. Returned value was: None
[2023-10-27 14:36:24,337] {taskinstance.py:1395} INFO - Marking task as SUCCESS. dag_id=get_stocks_dag, task_id=AAPL, execution_date=20231019T000000, start_date=20231027T173623, end_date=20231027T173624
[2023-10-27 14:36:24,440] {local_task_job.py:156} INFO - Task exited with return code 0
[2023-10-27 14:36:24,477] {local_task_job.py:273} INFO - 0 downstream tasks scheduled from follow-on schedule check
[2023-10-27 14:55:45,517] {taskinstance.py:1159} INFO - Dependencies all met for <TaskInstance: get_stocks_dag.AAPL scheduled__2023-10-19T00:00:00+00:00 [queued]>
[2023-10-27 14:55:45,523] {taskinstance.py:1159} INFO - Dependencies all met for <TaskInstance: get_stocks_dag.AAPL scheduled__2023-10-19T00:00:00+00:00 [queued]>
[2023-10-27 14:55:45,523] {taskinstance.py:1356} INFO - 
--------------------------------------------------------------------------------
[2023-10-27 14:55:45,523] {taskinstance.py:1357} INFO - Starting attempt 1 of 1
[2023-10-27 14:55:45,524] {taskinstance.py:1358} INFO - 
--------------------------------------------------------------------------------
[2023-10-27 14:55:45,543] {taskinstance.py:1377} INFO - Executing <Task(_PythonDecoratedOperator): AAPL> on 2023-10-19 00:00:00+00:00
[2023-10-27 14:55:45,553] {standard_task_runner.py:52} INFO - Started process 23819 to run task
[2023-10-27 14:55:45,559] {standard_task_runner.py:79} INFO - Running: ['airflow', 'tasks', 'run', 'get_stocks_dag', 'AAPL', 'scheduled__2023-10-19T00:00:00+00:00', '--job-id', '53', '--raw', '--subdir', 'DAGS_FOLDER/get_finance.py', '--cfg-path', '/tmp/tmpzlla944n', '--error-file', '/tmp/tmpw1wwz_3a']
[2023-10-27 14:55:45,560] {standard_task_runner.py:80} INFO - Job 53: Subtask AAPL
[2023-10-27 14:55:45,601] {task_command.py:370} INFO - Running <TaskInstance: get_stocks_dag.AAPL scheduled__2023-10-19T00:00:00+00:00 [running]> on host airflow-virtual-machine
[2023-10-27 14:55:45,656] {taskinstance.py:1569} INFO - Exporting the following env vars:
AIRFLOW_CTX_DAG_OWNER=airflow
AIRFLOW_CTX_DAG_ID=get_stocks_dag
AIRFLOW_CTX_TASK_ID=AAPL
AIRFLOW_CTX_EXECUTION_DATE=2023-10-19T00:00:00+00:00
AIRFLOW_CTX_TRY_NUMBER=1
AIRFLOW_CTX_DAG_RUN_ID=scheduled__2023-10-19T00:00:00+00:00
[2023-10-27 14:55:46,074] {python.py:173} INFO - Done. Returned value was: None
[2023-10-27 14:55:46,090] {taskinstance.py:1395} INFO - Marking task as SUCCESS. dag_id=get_stocks_dag, task_id=AAPL, execution_date=20231019T000000, start_date=20231027T175545, end_date=20231027T175546
[2023-10-27 14:55:46,162] {local_task_job.py:156} INFO - Task exited with return code 0
[2023-10-27 14:55:46,188] {local_task_job.py:273} INFO - 0 downstream tasks scheduled from follow-on schedule check
[2023-10-27 15:24:57,686] {taskinstance.py:1159} INFO - Dependencies all met for <TaskInstance: get_stocks_dag.AAPL scheduled__2023-10-19T00:00:00+00:00 [queued]>
[2023-10-27 15:24:57,728] {taskinstance.py:1159} INFO - Dependencies all met for <TaskInstance: get_stocks_dag.AAPL scheduled__2023-10-19T00:00:00+00:00 [queued]>
[2023-10-27 15:24:57,728] {taskinstance.py:1356} INFO - 
--------------------------------------------------------------------------------
[2023-10-27 15:24:57,728] {taskinstance.py:1357} INFO - Starting attempt 1 of 1
[2023-10-27 15:24:57,728] {taskinstance.py:1358} INFO - 
--------------------------------------------------------------------------------
[2023-10-27 15:24:57,739] {taskinstance.py:1377} INFO - Executing <Task(_PythonDecoratedOperator): AAPL> on 2023-10-19 00:00:00+00:00
[2023-10-27 15:24:57,742] {standard_task_runner.py:52} INFO - Started process 27668 to run task
[2023-10-27 15:24:57,745] {standard_task_runner.py:79} INFO - Running: ['airflow', 'tasks', 'run', 'get_stocks_dag', 'AAPL', 'scheduled__2023-10-19T00:00:00+00:00', '--job-id', '53', '--raw', '--subdir', 'DAGS_FOLDER/get_finance.py', '--cfg-path', '/tmp/tmpm5u8nd6l', '--error-file', '/tmp/tmplo54e3bz']
[2023-10-27 15:24:57,746] {standard_task_runner.py:80} INFO - Job 53: Subtask AAPL
[2023-10-27 15:24:57,781] {task_command.py:370} INFO - Running <TaskInstance: get_stocks_dag.AAPL scheduled__2023-10-19T00:00:00+00:00 [running]> on host airflow-virtual-machine
[2023-10-27 15:24:57,824] {taskinstance.py:1569} INFO - Exporting the following env vars:
AIRFLOW_CTX_DAG_OWNER=airflow
AIRFLOW_CTX_DAG_ID=get_stocks_dag
AIRFLOW_CTX_TASK_ID=AAPL
AIRFLOW_CTX_EXECUTION_DATE=2023-10-19T00:00:00+00:00
AIRFLOW_CTX_TRY_NUMBER=1
AIRFLOW_CTX_DAG_RUN_ID=scheduled__2023-10-19T00:00:00+00:00
[2023-10-27 15:24:58,727] {python.py:173} INFO - Done. Returned value was: None
[2023-10-27 15:24:58,733] {taskinstance.py:1395} INFO - Marking task as SUCCESS. dag_id=get_stocks_dag, task_id=AAPL, execution_date=20231019T000000, start_date=20231027T182457, end_date=20231027T182458
[2023-10-27 15:24:58,783] {local_task_job.py:156} INFO - Task exited with return code 0
[2023-10-27 15:24:58,849] {local_task_job.py:273} INFO - 0 downstream tasks scheduled from follow-on schedule check
[2023-10-27 17:03:45,105] {taskinstance.py:1159} INFO - Dependencies all met for <TaskInstance: get_stocks_dag.AAPL scheduled__2023-10-19T00:00:00+00:00 [queued]>
[2023-10-27 17:03:45,120] {taskinstance.py:1159} INFO - Dependencies all met for <TaskInstance: get_stocks_dag.AAPL scheduled__2023-10-19T00:00:00+00:00 [queued]>
[2023-10-27 17:03:45,120] {taskinstance.py:1356} INFO - 
--------------------------------------------------------------------------------
[2023-10-27 17:03:45,121] {taskinstance.py:1357} INFO - Starting attempt 1 of 1
[2023-10-27 17:03:45,121] {taskinstance.py:1358} INFO - 
--------------------------------------------------------------------------------
[2023-10-27 17:03:45,143] {taskinstance.py:1377} INFO - Executing <Task(_PythonDecoratedOperator): AAPL> on 2023-10-19 00:00:00+00:00
[2023-10-27 17:03:45,150] {standard_task_runner.py:52} INFO - Started process 39995 to run task
[2023-10-27 17:03:45,154] {standard_task_runner.py:79} INFO - Running: ['airflow', 'tasks', 'run', 'get_stocks_dag', 'AAPL', 'scheduled__2023-10-19T00:00:00+00:00', '--job-id', '65', '--raw', '--subdir', 'DAGS_FOLDER/get_finance.py', '--cfg-path', '/tmp/tmpt2oviqdv', '--error-file', '/tmp/tmp775spb24']
[2023-10-27 17:03:45,154] {standard_task_runner.py:80} INFO - Job 65: Subtask AAPL
[2023-10-27 17:03:45,231] {task_command.py:370} INFO - Running <TaskInstance: get_stocks_dag.AAPL scheduled__2023-10-19T00:00:00+00:00 [running]> on host airflow-virtual-machine
[2023-10-27 17:03:45,324] {taskinstance.py:1569} INFO - Exporting the following env vars:
AIRFLOW_CTX_DAG_OWNER=airflow
AIRFLOW_CTX_DAG_ID=get_stocks_dag
AIRFLOW_CTX_TASK_ID=AAPL
AIRFLOW_CTX_EXECUTION_DATE=2023-10-19T00:00:00+00:00
AIRFLOW_CTX_TRY_NUMBER=1
AIRFLOW_CTX_DAG_RUN_ID=scheduled__2023-10-19T00:00:00+00:00
[2023-10-27 17:03:45,906] {python.py:173} INFO - Done. Returned value was: None
[2023-10-27 17:03:45,912] {taskinstance.py:1395} INFO - Marking task as SUCCESS. dag_id=get_stocks_dag, task_id=AAPL, execution_date=20231019T000000, start_date=20231027T200345, end_date=20231027T200345
[2023-10-27 17:03:45,967] {local_task_job.py:156} INFO - Task exited with return code 0
[2023-10-27 17:03:46,046] {local_task_job.py:273} INFO - 0 downstream tasks scheduled from follow-on schedule check
[2023-10-27 17:10:56,814] {taskinstance.py:1159} INFO - Dependencies all met for <TaskInstance: get_stocks_dag.AAPL scheduled__2023-10-19T00:00:00+00:00 [queued]>
[2023-10-27 17:10:56,820] {taskinstance.py:1159} INFO - Dependencies all met for <TaskInstance: get_stocks_dag.AAPL scheduled__2023-10-19T00:00:00+00:00 [queued]>
[2023-10-27 17:10:56,820] {taskinstance.py:1356} INFO - 
--------------------------------------------------------------------------------
[2023-10-27 17:10:56,820] {taskinstance.py:1357} INFO - Starting attempt 1 of 1
[2023-10-27 17:10:56,820] {taskinstance.py:1358} INFO - 
--------------------------------------------------------------------------------
[2023-10-27 17:10:56,831] {taskinstance.py:1377} INFO - Executing <Task(_PythonDecoratedOperator): AAPL> on 2023-10-19 00:00:00+00:00
[2023-10-27 17:10:56,835] {standard_task_runner.py:52} INFO - Started process 41697 to run task
[2023-10-27 17:10:56,840] {standard_task_runner.py:79} INFO - Running: ['airflow', 'tasks', 'run', 'get_stocks_dag', 'AAPL', 'scheduled__2023-10-19T00:00:00+00:00', '--job-id', '65', '--raw', '--subdir', 'DAGS_FOLDER/get_finance.py', '--cfg-path', '/tmp/tmp2qdr_g9t', '--error-file', '/tmp/tmpq5_tnfq1']
[2023-10-27 17:10:56,841] {standard_task_runner.py:80} INFO - Job 65: Subtask AAPL
[2023-10-27 17:10:56,890] {task_command.py:370} INFO - Running <TaskInstance: get_stocks_dag.AAPL scheduled__2023-10-19T00:00:00+00:00 [running]> on host airflow-virtual-machine
[2023-10-27 17:10:56,941] {taskinstance.py:1569} INFO - Exporting the following env vars:
AIRFLOW_CTX_DAG_OWNER=airflow
AIRFLOW_CTX_DAG_ID=get_stocks_dag
AIRFLOW_CTX_TASK_ID=AAPL
AIRFLOW_CTX_EXECUTION_DATE=2023-10-19T00:00:00+00:00
AIRFLOW_CTX_TRY_NUMBER=1
AIRFLOW_CTX_DAG_RUN_ID=scheduled__2023-10-19T00:00:00+00:00
[2023-10-27 17:10:57,415] {python.py:173} INFO - Done. Returned value was: None
[2023-10-27 17:10:57,427] {taskinstance.py:1395} INFO - Marking task as SUCCESS. dag_id=get_stocks_dag, task_id=AAPL, execution_date=20231019T000000, start_date=20231027T201056, end_date=20231027T201057
[2023-10-27 17:10:57,457] {local_task_job.py:156} INFO - Task exited with return code 0
[2023-10-27 17:10:57,511] {local_task_job.py:273} INFO - 0 downstream tasks scheduled from follow-on schedule check
[2023-10-27 18:11:43,696] {taskinstance.py:1159} INFO - Dependencies all met for <TaskInstance: get_stocks_dag.AAPL scheduled__2023-10-19T00:00:00+00:00 [queued]>
[2023-10-27 18:11:43,702] {taskinstance.py:1159} INFO - Dependencies all met for <TaskInstance: get_stocks_dag.AAPL scheduled__2023-10-19T00:00:00+00:00 [queued]>
[2023-10-27 18:11:43,702] {taskinstance.py:1356} INFO - 
--------------------------------------------------------------------------------
[2023-10-27 18:11:43,702] {taskinstance.py:1357} INFO - Starting attempt 1 of 1
[2023-10-27 18:11:43,702] {taskinstance.py:1358} INFO - 
--------------------------------------------------------------------------------
[2023-10-27 18:11:43,711] {taskinstance.py:1377} INFO - Executing <Task(_PythonDecoratedOperator): AAPL> on 2023-10-19 00:00:00+00:00
[2023-10-27 18:11:43,716] {standard_task_runner.py:52} INFO - Started process 49848 to run task
[2023-10-27 18:11:43,720] {standard_task_runner.py:79} INFO - Running: ['airflow', 'tasks', 'run', 'get_stocks_dag', 'AAPL', 'scheduled__2023-10-19T00:00:00+00:00', '--job-id', '64', '--raw', '--subdir', 'DAGS_FOLDER/get_finance.py', '--cfg-path', '/tmp/tmpqd7i_n_f', '--error-file', '/tmp/tmp0sjzrf6u']
[2023-10-27 18:11:43,721] {standard_task_runner.py:80} INFO - Job 64: Subtask AAPL
[2023-10-27 18:11:43,782] {task_command.py:370} INFO - Running <TaskInstance: get_stocks_dag.AAPL scheduled__2023-10-19T00:00:00+00:00 [running]> on host airflow-virtual-machine
[2023-10-27 18:11:43,836] {taskinstance.py:1569} INFO - Exporting the following env vars:
AIRFLOW_CTX_DAG_OWNER=airflow
AIRFLOW_CTX_DAG_ID=get_stocks_dag
AIRFLOW_CTX_TASK_ID=AAPL
AIRFLOW_CTX_EXECUTION_DATE=2023-10-19T00:00:00+00:00
AIRFLOW_CTX_TRY_NUMBER=1
AIRFLOW_CTX_DAG_RUN_ID=scheduled__2023-10-19T00:00:00+00:00
[2023-10-27 18:11:44,329] {python.py:173} INFO - Done. Returned value was: None
[2023-10-27 18:11:44,334] {taskinstance.py:1395} INFO - Marking task as SUCCESS. dag_id=get_stocks_dag, task_id=AAPL, execution_date=20231019T000000, start_date=20231027T211143, end_date=20231027T211144
[2023-10-27 18:11:44,362] {local_task_job.py:156} INFO - Task exited with return code 0
[2023-10-27 18:11:44,385] {local_task_job.py:273} INFO - 0 downstream tasks scheduled from follow-on schedule check
