[2023-10-27 14:18:30,715] {taskinstance.py:1159} INFO - Dependencies all met for <TaskInstance: get_stocks_dag.MSFT scheduled__2023-10-19T00:00:00+00:00 [queued]>
[2023-10-27 14:18:30,729] {taskinstance.py:1159} INFO - Dependencies all met for <TaskInstance: get_stocks_dag.MSFT scheduled__2023-10-19T00:00:00+00:00 [queued]>
[2023-10-27 14:18:30,729] {taskinstance.py:1356} INFO - 
--------------------------------------------------------------------------------
[2023-10-27 14:18:30,729] {taskinstance.py:1357} INFO - Starting attempt 1 of 1
[2023-10-27 14:18:30,729] {taskinstance.py:1358} INFO - 
--------------------------------------------------------------------------------
[2023-10-27 14:18:30,759] {taskinstance.py:1377} INFO - Executing <Task(_PythonDecoratedOperator): MSFT> on 2023-10-19 00:00:00+00:00
[2023-10-27 14:18:30,768] {standard_task_runner.py:52} INFO - Started process 17953 to run task
[2023-10-27 14:18:30,772] {standard_task_runner.py:79} INFO - Running: ['airflow', 'tasks', 'run', 'get_stocks_dag', 'MSFT', 'scheduled__2023-10-19T00:00:00+00:00', '--job-id', '54', '--raw', '--subdir', 'DAGS_FOLDER/get_finance.py', '--cfg-path', '/tmp/tmpcx0c77ew', '--error-file', '/tmp/tmpzy_6f0s9']
[2023-10-27 14:18:30,773] {standard_task_runner.py:80} INFO - Job 54: Subtask MSFT
[2023-10-27 14:18:30,821] {task_command.py:370} INFO - Running <TaskInstance: get_stocks_dag.MSFT scheduled__2023-10-19T00:00:00+00:00 [running]> on host airflow-virtual-machine
[2023-10-27 14:18:30,908] {taskinstance.py:1569} INFO - Exporting the following env vars:
AIRFLOW_CTX_DAG_OWNER=airflow
AIRFLOW_CTX_DAG_ID=get_stocks_dag
AIRFLOW_CTX_TASK_ID=MSFT
AIRFLOW_CTX_EXECUTION_DATE=2023-10-19T00:00:00+00:00
AIRFLOW_CTX_TRY_NUMBER=1
AIRFLOW_CTX_DAG_RUN_ID=scheduled__2023-10-19T00:00:00+00:00
[2023-10-27 14:18:31,636] {taskinstance.py:1889} ERROR - Task failed with exception
Traceback (most recent call last):
  File "/home/gabriel/Documents/project_finance/venv/lib/python3.9/site-packages/airflow/decorators/base.py", line 179, in execute
    return_value = super().execute(context)
  File "/home/gabriel/Documents/project_finance/venv/lib/python3.9/site-packages/airflow/operators/python.py", line 171, in execute
    return_value = self.execute_callable()
  File "/home/gabriel/Documents/project_finance/venv/lib/python3.9/site-packages/airflow/operators/python.py", line 189, in execute_callable
    return self.python_callable(*self.op_args, **self.op_kwargs)
  File "/home/gabriel/Documents/project_finance/airflow/dags/get_finance.py", line 18, in get_history
    yfinance.Ticker(ticker).history(
  File "/home/gabriel/Documents/project_finance/venv/lib/python3.9/site-packages/pandas/core/generic.py", line 3902, in to_csv
    return DataFrameRenderer(formatter).to_csv(
  File "/home/gabriel/Documents/project_finance/venv/lib/python3.9/site-packages/pandas/io/formats/format.py", line 1152, in to_csv
    csv_formatter.save()
  File "/home/gabriel/Documents/project_finance/venv/lib/python3.9/site-packages/pandas/io/formats/csvs.py", line 247, in save
    with get_handle(
  File "/home/gabriel/Documents/project_finance/venv/lib/python3.9/site-packages/pandas/io/common.py", line 739, in get_handle
    check_parent_directory(str(handle))
  File "/home/gabriel/Documents/project_finance/venv/lib/python3.9/site-packages/pandas/io/common.py", line 604, in check_parent_directory
    raise OSError(rf"Cannot save file into a non-existent directory: '{parent}'")
OSError: Cannot save file into a non-existent directory: '/home/gabriel/Documents/project_finance/datalake/stocks/MSFT'
[2023-10-27 14:18:31,643] {taskinstance.py:1395} INFO - Marking task as FAILED. dag_id=get_stocks_dag, task_id=MSFT, execution_date=20231019T000000, start_date=20231027T171830, end_date=20231027T171831
[2023-10-27 14:18:31,694] {standard_task_runner.py:92} ERROR - Failed to execute job 54 for task MSFT (Cannot save file into a non-existent directory: '/home/gabriel/Documents/project_finance/datalake/stocks/MSFT'; 17953)
[2023-10-27 14:18:31,722] {local_task_job.py:156} INFO - Task exited with return code 1
[2023-10-27 14:18:31,753] {local_task_job.py:273} INFO - 0 downstream tasks scheduled from follow-on schedule check
[2023-10-27 14:32:23,947] {taskinstance.py:1159} INFO - Dependencies all met for <TaskInstance: get_stocks_dag.MSFT scheduled__2023-10-19T00:00:00+00:00 [queued]>
[2023-10-27 14:32:23,958] {taskinstance.py:1159} INFO - Dependencies all met for <TaskInstance: get_stocks_dag.MSFT scheduled__2023-10-19T00:00:00+00:00 [queued]>
[2023-10-27 14:32:23,959] {taskinstance.py:1356} INFO - 
--------------------------------------------------------------------------------
[2023-10-27 14:32:23,959] {taskinstance.py:1357} INFO - Starting attempt 1 of 1
[2023-10-27 14:32:23,959] {taskinstance.py:1358} INFO - 
--------------------------------------------------------------------------------
[2023-10-27 14:32:23,977] {taskinstance.py:1377} INFO - Executing <Task(_PythonDecoratedOperator): MSFT> on 2023-10-19 00:00:00+00:00
[2023-10-27 14:32:23,981] {standard_task_runner.py:52} INFO - Started process 20240 to run task
[2023-10-27 14:32:23,985] {standard_task_runner.py:79} INFO - Running: ['airflow', 'tasks', 'run', 'get_stocks_dag', 'MSFT', 'scheduled__2023-10-19T00:00:00+00:00', '--job-id', '54', '--raw', '--subdir', 'DAGS_FOLDER/get_finance.py', '--cfg-path', '/tmp/tmp3drwuzp9', '--error-file', '/tmp/tmpvt710nl4']
[2023-10-27 14:32:23,985] {standard_task_runner.py:80} INFO - Job 54: Subtask MSFT
[2023-10-27 14:32:24,044] {task_command.py:370} INFO - Running <TaskInstance: get_stocks_dag.MSFT scheduled__2023-10-19T00:00:00+00:00 [running]> on host airflow-virtual-machine
[2023-10-27 14:32:24,113] {taskinstance.py:1569} INFO - Exporting the following env vars:
AIRFLOW_CTX_DAG_OWNER=airflow
AIRFLOW_CTX_DAG_ID=get_stocks_dag
AIRFLOW_CTX_TASK_ID=MSFT
AIRFLOW_CTX_EXECUTION_DATE=2023-10-19T00:00:00+00:00
AIRFLOW_CTX_TRY_NUMBER=1
AIRFLOW_CTX_DAG_RUN_ID=scheduled__2023-10-19T00:00:00+00:00
[2023-10-27 14:32:24,552] {python.py:173} INFO - Done. Returned value was: None
[2023-10-27 14:32:24,567] {taskinstance.py:1395} INFO - Marking task as SUCCESS. dag_id=get_stocks_dag, task_id=MSFT, execution_date=20231019T000000, start_date=20231027T173223, end_date=20231027T173224
[2023-10-27 14:32:24,615] {local_task_job.py:156} INFO - Task exited with return code 0
[2023-10-27 14:32:24,650] {local_task_job.py:273} INFO - 0 downstream tasks scheduled from follow-on schedule check
[2023-10-27 14:36:27,814] {taskinstance.py:1159} INFO - Dependencies all met for <TaskInstance: get_stocks_dag.MSFT scheduled__2023-10-19T00:00:00+00:00 [queued]>
[2023-10-27 14:36:27,867] {taskinstance.py:1159} INFO - Dependencies all met for <TaskInstance: get_stocks_dag.MSFT scheduled__2023-10-19T00:00:00+00:00 [queued]>
[2023-10-27 14:36:27,894] {taskinstance.py:1356} INFO - 
--------------------------------------------------------------------------------
[2023-10-27 14:36:27,898] {taskinstance.py:1357} INFO - Starting attempt 1 of 1
[2023-10-27 14:36:27,899] {taskinstance.py:1358} INFO - 
--------------------------------------------------------------------------------
[2023-10-27 14:36:27,952] {taskinstance.py:1377} INFO - Executing <Task(_PythonDecoratedOperator): MSFT> on 2023-10-19 00:00:00+00:00
[2023-10-27 14:36:27,964] {standard_task_runner.py:52} INFO - Started process 21183 to run task
[2023-10-27 14:36:27,984] {standard_task_runner.py:79} INFO - Running: ['airflow', 'tasks', 'run', 'get_stocks_dag', 'MSFT', 'scheduled__2023-10-19T00:00:00+00:00', '--job-id', '54', '--raw', '--subdir', 'DAGS_FOLDER/get_finance.py', '--cfg-path', '/tmp/tmpkb5rpls1', '--error-file', '/tmp/tmp5wjy17ms']
[2023-10-27 14:36:27,985] {standard_task_runner.py:80} INFO - Job 54: Subtask MSFT
[2023-10-27 14:36:28,133] {task_command.py:370} INFO - Running <TaskInstance: get_stocks_dag.MSFT scheduled__2023-10-19T00:00:00+00:00 [running]> on host airflow-virtual-machine
[2023-10-27 14:36:28,211] {taskinstance.py:1569} INFO - Exporting the following env vars:
AIRFLOW_CTX_DAG_OWNER=airflow
AIRFLOW_CTX_DAG_ID=get_stocks_dag
AIRFLOW_CTX_TASK_ID=MSFT
AIRFLOW_CTX_EXECUTION_DATE=2023-10-19T00:00:00+00:00
AIRFLOW_CTX_TRY_NUMBER=1
AIRFLOW_CTX_DAG_RUN_ID=scheduled__2023-10-19T00:00:00+00:00
[2023-10-27 14:36:28,729] {python.py:173} INFO - Done. Returned value was: None
[2023-10-27 14:36:28,756] {taskinstance.py:1395} INFO - Marking task as SUCCESS. dag_id=get_stocks_dag, task_id=MSFT, execution_date=20231019T000000, start_date=20231027T173627, end_date=20231027T173628
[2023-10-27 14:36:28,814] {local_task_job.py:156} INFO - Task exited with return code 0
[2023-10-27 14:36:28,852] {local_task_job.py:273} INFO - 0 downstream tasks scheduled from follow-on schedule check
[2023-10-27 14:55:48,007] {taskinstance.py:1159} INFO - Dependencies all met for <TaskInstance: get_stocks_dag.MSFT scheduled__2023-10-19T00:00:00+00:00 [queued]>
[2023-10-27 14:55:48,015] {taskinstance.py:1159} INFO - Dependencies all met for <TaskInstance: get_stocks_dag.MSFT scheduled__2023-10-19T00:00:00+00:00 [queued]>
[2023-10-27 14:55:48,015] {taskinstance.py:1356} INFO - 
--------------------------------------------------------------------------------
[2023-10-27 14:55:48,015] {taskinstance.py:1357} INFO - Starting attempt 1 of 1
[2023-10-27 14:55:48,015] {taskinstance.py:1358} INFO - 
--------------------------------------------------------------------------------
[2023-10-27 14:55:48,029] {taskinstance.py:1377} INFO - Executing <Task(_PythonDecoratedOperator): MSFT> on 2023-10-19 00:00:00+00:00
[2023-10-27 14:55:48,033] {standard_task_runner.py:52} INFO - Started process 23832 to run task
[2023-10-27 14:55:48,036] {standard_task_runner.py:79} INFO - Running: ['airflow', 'tasks', 'run', 'get_stocks_dag', 'MSFT', 'scheduled__2023-10-19T00:00:00+00:00', '--job-id', '54', '--raw', '--subdir', 'DAGS_FOLDER/get_finance.py', '--cfg-path', '/tmp/tmpn0v7xb3_', '--error-file', '/tmp/tmp4l4d0ipd']
[2023-10-27 14:55:48,037] {standard_task_runner.py:80} INFO - Job 54: Subtask MSFT
[2023-10-27 14:55:48,161] {task_command.py:370} INFO - Running <TaskInstance: get_stocks_dag.MSFT scheduled__2023-10-19T00:00:00+00:00 [running]> on host airflow-virtual-machine
[2023-10-27 14:55:48,212] {taskinstance.py:1569} INFO - Exporting the following env vars:
AIRFLOW_CTX_DAG_OWNER=airflow
AIRFLOW_CTX_DAG_ID=get_stocks_dag
AIRFLOW_CTX_TASK_ID=MSFT
AIRFLOW_CTX_EXECUTION_DATE=2023-10-19T00:00:00+00:00
AIRFLOW_CTX_TRY_NUMBER=1
AIRFLOW_CTX_DAG_RUN_ID=scheduled__2023-10-19T00:00:00+00:00
[2023-10-27 14:55:48,638] {python.py:173} INFO - Done. Returned value was: None
[2023-10-27 14:55:48,643] {taskinstance.py:1395} INFO - Marking task as SUCCESS. dag_id=get_stocks_dag, task_id=MSFT, execution_date=20231019T000000, start_date=20231027T175548, end_date=20231027T175548
[2023-10-27 14:55:48,680] {local_task_job.py:156} INFO - Task exited with return code 0
[2023-10-27 14:55:48,760] {local_task_job.py:273} INFO - 0 downstream tasks scheduled from follow-on schedule check
[2023-10-27 15:25:00,551] {taskinstance.py:1159} INFO - Dependencies all met for <TaskInstance: get_stocks_dag.MSFT scheduled__2023-10-19T00:00:00+00:00 [queued]>
[2023-10-27 15:25:00,558] {taskinstance.py:1159} INFO - Dependencies all met for <TaskInstance: get_stocks_dag.MSFT scheduled__2023-10-19T00:00:00+00:00 [queued]>
[2023-10-27 15:25:00,558] {taskinstance.py:1356} INFO - 
--------------------------------------------------------------------------------
[2023-10-27 15:25:00,558] {taskinstance.py:1357} INFO - Starting attempt 1 of 1
[2023-10-27 15:25:00,559] {taskinstance.py:1358} INFO - 
--------------------------------------------------------------------------------
[2023-10-27 15:25:00,572] {taskinstance.py:1377} INFO - Executing <Task(_PythonDecoratedOperator): MSFT> on 2023-10-19 00:00:00+00:00
[2023-10-27 15:25:00,575] {standard_task_runner.py:52} INFO - Started process 27683 to run task
[2023-10-27 15:25:00,580] {standard_task_runner.py:79} INFO - Running: ['airflow', 'tasks', 'run', 'get_stocks_dag', 'MSFT', 'scheduled__2023-10-19T00:00:00+00:00', '--job-id', '54', '--raw', '--subdir', 'DAGS_FOLDER/get_finance.py', '--cfg-path', '/tmp/tmp68d2w37x', '--error-file', '/tmp/tmpkkrfi78y']
[2023-10-27 15:25:00,580] {standard_task_runner.py:80} INFO - Job 54: Subtask MSFT
[2023-10-27 15:25:00,621] {task_command.py:370} INFO - Running <TaskInstance: get_stocks_dag.MSFT scheduled__2023-10-19T00:00:00+00:00 [running]> on host airflow-virtual-machine
[2023-10-27 15:25:00,664] {taskinstance.py:1569} INFO - Exporting the following env vars:
AIRFLOW_CTX_DAG_OWNER=airflow
AIRFLOW_CTX_DAG_ID=get_stocks_dag
AIRFLOW_CTX_TASK_ID=MSFT
AIRFLOW_CTX_EXECUTION_DATE=2023-10-19T00:00:00+00:00
AIRFLOW_CTX_TRY_NUMBER=1
AIRFLOW_CTX_DAG_RUN_ID=scheduled__2023-10-19T00:00:00+00:00
[2023-10-27 15:25:01,081] {python.py:173} INFO - Done. Returned value was: None
[2023-10-27 15:25:01,088] {taskinstance.py:1395} INFO - Marking task as SUCCESS. dag_id=get_stocks_dag, task_id=MSFT, execution_date=20231019T000000, start_date=20231027T182500, end_date=20231027T182501
[2023-10-27 15:25:01,125] {local_task_job.py:156} INFO - Task exited with return code 0
[2023-10-27 15:25:01,177] {local_task_job.py:273} INFO - 0 downstream tasks scheduled from follow-on schedule check
[2023-10-27 17:03:48,704] {taskinstance.py:1159} INFO - Dependencies all met for <TaskInstance: get_stocks_dag.MSFT scheduled__2023-10-19T00:00:00+00:00 [queued]>
[2023-10-27 17:03:48,711] {taskinstance.py:1159} INFO - Dependencies all met for <TaskInstance: get_stocks_dag.MSFT scheduled__2023-10-19T00:00:00+00:00 [queued]>
[2023-10-27 17:03:48,712] {taskinstance.py:1356} INFO - 
--------------------------------------------------------------------------------
[2023-10-27 17:03:48,712] {taskinstance.py:1357} INFO - Starting attempt 1 of 1
[2023-10-27 17:03:48,712] {taskinstance.py:1358} INFO - 
--------------------------------------------------------------------------------
[2023-10-27 17:03:48,722] {taskinstance.py:1377} INFO - Executing <Task(_PythonDecoratedOperator): MSFT> on 2023-10-19 00:00:00+00:00
[2023-10-27 17:03:48,726] {standard_task_runner.py:52} INFO - Started process 40013 to run task
[2023-10-27 17:03:48,730] {standard_task_runner.py:79} INFO - Running: ['airflow', 'tasks', 'run', 'get_stocks_dag', 'MSFT', 'scheduled__2023-10-19T00:00:00+00:00', '--job-id', '66', '--raw', '--subdir', 'DAGS_FOLDER/get_finance.py', '--cfg-path', '/tmp/tmp6ds7qn8h', '--error-file', '/tmp/tmpexd0o7q0']
[2023-10-27 17:03:48,731] {standard_task_runner.py:80} INFO - Job 66: Subtask MSFT
[2023-10-27 17:03:48,797] {task_command.py:370} INFO - Running <TaskInstance: get_stocks_dag.MSFT scheduled__2023-10-19T00:00:00+00:00 [running]> on host airflow-virtual-machine
[2023-10-27 17:03:48,851] {taskinstance.py:1569} INFO - Exporting the following env vars:
AIRFLOW_CTX_DAG_OWNER=airflow
AIRFLOW_CTX_DAG_ID=get_stocks_dag
AIRFLOW_CTX_TASK_ID=MSFT
AIRFLOW_CTX_EXECUTION_DATE=2023-10-19T00:00:00+00:00
AIRFLOW_CTX_TRY_NUMBER=1
AIRFLOW_CTX_DAG_RUN_ID=scheduled__2023-10-19T00:00:00+00:00
[2023-10-27 17:03:49,375] {python.py:173} INFO - Done. Returned value was: None
[2023-10-27 17:03:49,383] {taskinstance.py:1395} INFO - Marking task as SUCCESS. dag_id=get_stocks_dag, task_id=MSFT, execution_date=20231019T000000, start_date=20231027T200348, end_date=20231027T200349
[2023-10-27 17:03:49,455] {local_task_job.py:156} INFO - Task exited with return code 0
[2023-10-27 17:03:49,474] {local_task_job.py:273} INFO - 0 downstream tasks scheduled from follow-on schedule check
[2023-10-27 17:10:59,440] {taskinstance.py:1159} INFO - Dependencies all met for <TaskInstance: get_stocks_dag.MSFT scheduled__2023-10-19T00:00:00+00:00 [queued]>
[2023-10-27 17:10:59,446] {taskinstance.py:1159} INFO - Dependencies all met for <TaskInstance: get_stocks_dag.MSFT scheduled__2023-10-19T00:00:00+00:00 [queued]>
[2023-10-27 17:10:59,446] {taskinstance.py:1356} INFO - 
--------------------------------------------------------------------------------
[2023-10-27 17:10:59,446] {taskinstance.py:1357} INFO - Starting attempt 1 of 1
[2023-10-27 17:10:59,446] {taskinstance.py:1358} INFO - 
--------------------------------------------------------------------------------
[2023-10-27 17:10:59,459] {taskinstance.py:1377} INFO - Executing <Task(_PythonDecoratedOperator): MSFT> on 2023-10-19 00:00:00+00:00
[2023-10-27 17:10:59,463] {standard_task_runner.py:52} INFO - Started process 41710 to run task
[2023-10-27 17:10:59,469] {standard_task_runner.py:79} INFO - Running: ['airflow', 'tasks', 'run', 'get_stocks_dag', 'MSFT', 'scheduled__2023-10-19T00:00:00+00:00', '--job-id', '66', '--raw', '--subdir', 'DAGS_FOLDER/get_finance.py', '--cfg-path', '/tmp/tmpavyiorgi', '--error-file', '/tmp/tmpllfkjlib']
[2023-10-27 17:10:59,470] {standard_task_runner.py:80} INFO - Job 66: Subtask MSFT
[2023-10-27 17:10:59,519] {task_command.py:370} INFO - Running <TaskInstance: get_stocks_dag.MSFT scheduled__2023-10-19T00:00:00+00:00 [running]> on host airflow-virtual-machine
[2023-10-27 17:10:59,567] {taskinstance.py:1569} INFO - Exporting the following env vars:
AIRFLOW_CTX_DAG_OWNER=airflow
AIRFLOW_CTX_DAG_ID=get_stocks_dag
AIRFLOW_CTX_TASK_ID=MSFT
AIRFLOW_CTX_EXECUTION_DATE=2023-10-19T00:00:00+00:00
AIRFLOW_CTX_TRY_NUMBER=1
AIRFLOW_CTX_DAG_RUN_ID=scheduled__2023-10-19T00:00:00+00:00
[2023-10-27 17:10:59,978] {python.py:173} INFO - Done. Returned value was: None
[2023-10-27 17:10:59,984] {taskinstance.py:1395} INFO - Marking task as SUCCESS. dag_id=get_stocks_dag, task_id=MSFT, execution_date=20231019T000000, start_date=20231027T201059, end_date=20231027T201059
[2023-10-27 17:11:00,123] {local_task_job.py:156} INFO - Task exited with return code 0
[2023-10-27 17:11:00,247] {local_task_job.py:273} INFO - 0 downstream tasks scheduled from follow-on schedule check
[2023-10-27 18:11:45,938] {taskinstance.py:1159} INFO - Dependencies all met for <TaskInstance: get_stocks_dag.MSFT scheduled__2023-10-19T00:00:00+00:00 [queued]>
[2023-10-27 18:11:45,947] {taskinstance.py:1159} INFO - Dependencies all met for <TaskInstance: get_stocks_dag.MSFT scheduled__2023-10-19T00:00:00+00:00 [queued]>
[2023-10-27 18:11:45,947] {taskinstance.py:1356} INFO - 
--------------------------------------------------------------------------------
[2023-10-27 18:11:45,947] {taskinstance.py:1357} INFO - Starting attempt 1 of 1
[2023-10-27 18:11:45,948] {taskinstance.py:1358} INFO - 
--------------------------------------------------------------------------------
[2023-10-27 18:11:45,963] {taskinstance.py:1377} INFO - Executing <Task(_PythonDecoratedOperator): MSFT> on 2023-10-19 00:00:00+00:00
[2023-10-27 18:11:45,968] {standard_task_runner.py:52} INFO - Started process 49861 to run task
[2023-10-27 18:11:45,985] {standard_task_runner.py:79} INFO - Running: ['airflow', 'tasks', 'run', 'get_stocks_dag', 'MSFT', 'scheduled__2023-10-19T00:00:00+00:00', '--job-id', '65', '--raw', '--subdir', 'DAGS_FOLDER/get_finance.py', '--cfg-path', '/tmp/tmpq7q970rz', '--error-file', '/tmp/tmpgp0w4fv_']
[2023-10-27 18:11:45,986] {standard_task_runner.py:80} INFO - Job 65: Subtask MSFT
[2023-10-27 18:11:46,037] {task_command.py:370} INFO - Running <TaskInstance: get_stocks_dag.MSFT scheduled__2023-10-19T00:00:00+00:00 [running]> on host airflow-virtual-machine
[2023-10-27 18:11:46,096] {taskinstance.py:1569} INFO - Exporting the following env vars:
AIRFLOW_CTX_DAG_OWNER=airflow
AIRFLOW_CTX_DAG_ID=get_stocks_dag
AIRFLOW_CTX_TASK_ID=MSFT
AIRFLOW_CTX_EXECUTION_DATE=2023-10-19T00:00:00+00:00
AIRFLOW_CTX_TRY_NUMBER=1
AIRFLOW_CTX_DAG_RUN_ID=scheduled__2023-10-19T00:00:00+00:00
[2023-10-27 18:11:46,592] {python.py:173} INFO - Done. Returned value was: None
[2023-10-27 18:11:46,618] {taskinstance.py:1395} INFO - Marking task as SUCCESS. dag_id=get_stocks_dag, task_id=MSFT, execution_date=20231019T000000, start_date=20231027T211145, end_date=20231027T211146
[2023-10-27 18:11:46,701] {local_task_job.py:156} INFO - Task exited with return code 0
[2023-10-27 18:11:46,720] {local_task_job.py:273} INFO - 0 downstream tasks scheduled from follow-on schedule check
