[2023-10-27 14:18:02,745] {taskinstance.py:1159} INFO - Dependencies all met for <TaskInstance: get_stocks_dag.MSFT scheduled__2023-10-17T00:00:00+00:00 [queued]>
[2023-10-27 14:18:02,756] {taskinstance.py:1159} INFO - Dependencies all met for <TaskInstance: get_stocks_dag.MSFT scheduled__2023-10-17T00:00:00+00:00 [queued]>
[2023-10-27 14:18:02,757] {taskinstance.py:1356} INFO - 
--------------------------------------------------------------------------------
[2023-10-27 14:18:02,758] {taskinstance.py:1357} INFO - Starting attempt 1 of 1
[2023-10-27 14:18:02,758] {taskinstance.py:1358} INFO - 
--------------------------------------------------------------------------------
[2023-10-27 14:18:02,778] {taskinstance.py:1377} INFO - Executing <Task(_PythonDecoratedOperator): MSFT> on 2023-10-17 00:00:00+00:00
[2023-10-27 14:18:02,785] {standard_task_runner.py:52} INFO - Started process 17792 to run task
[2023-10-27 14:18:02,789] {standard_task_runner.py:79} INFO - Running: ['airflow', 'tasks', 'run', 'get_stocks_dag', 'MSFT', 'scheduled__2023-10-17T00:00:00+00:00', '--job-id', '46', '--raw', '--subdir', 'DAGS_FOLDER/get_finance.py', '--cfg-path', '/tmp/tmpx7bom4y3', '--error-file', '/tmp/tmpub3i901n']
[2023-10-27 14:18:02,790] {standard_task_runner.py:80} INFO - Job 46: Subtask MSFT
[2023-10-27 14:18:02,830] {task_command.py:370} INFO - Running <TaskInstance: get_stocks_dag.MSFT scheduled__2023-10-17T00:00:00+00:00 [running]> on host airflow-virtual-machine
[2023-10-27 14:18:02,894] {taskinstance.py:1569} INFO - Exporting the following env vars:
AIRFLOW_CTX_DAG_OWNER=airflow
AIRFLOW_CTX_DAG_ID=get_stocks_dag
AIRFLOW_CTX_TASK_ID=MSFT
AIRFLOW_CTX_EXECUTION_DATE=2023-10-17T00:00:00+00:00
AIRFLOW_CTX_TRY_NUMBER=1
AIRFLOW_CTX_DAG_RUN_ID=scheduled__2023-10-17T00:00:00+00:00
[2023-10-27 14:18:03,586] {taskinstance.py:1889} ERROR - Task failed with exception
Traceback (most recent call last):
  File "/home/gabriel/Documents/project_finance/venv/lib/python3.9/site-packages/airflow/decorators/base.py", line 179, in execute
    return_value = super().execute(context)
  File "/home/gabriel/Documents/project_finance/venv/lib/python3.9/site-packages/airflow/operators/python.py", line 171, in execute
    return_value = self.execute_callable()
  File "/home/gabriel/Documents/project_finance/venv/lib/python3.9/site-packages/airflow/operators/python.py", line 189, in execute_callable
    return self.python_callable(*self.op_args, **self.op_kwargs)
  File "/home/gabriel/Documents/project_finance/airflow/dags/get_finance.py", line 18, in get_history
    yfinance.Ticker(ticker).history(
  File "/home/gabriel/Documents/project_finance/venv/lib/python3.9/site-packages/pandas/core/generic.py", line 3902, in to_csv
    return DataFrameRenderer(formatter).to_csv(
  File "/home/gabriel/Documents/project_finance/venv/lib/python3.9/site-packages/pandas/io/formats/format.py", line 1152, in to_csv
    csv_formatter.save()
  File "/home/gabriel/Documents/project_finance/venv/lib/python3.9/site-packages/pandas/io/formats/csvs.py", line 247, in save
    with get_handle(
  File "/home/gabriel/Documents/project_finance/venv/lib/python3.9/site-packages/pandas/io/common.py", line 739, in get_handle
    check_parent_directory(str(handle))
  File "/home/gabriel/Documents/project_finance/venv/lib/python3.9/site-packages/pandas/io/common.py", line 604, in check_parent_directory
    raise OSError(rf"Cannot save file into a non-existent directory: '{parent}'")
OSError: Cannot save file into a non-existent directory: '/home/gabriel/Documents/project_finance/datalake/stocks/MSFT'
[2023-10-27 14:18:03,599] {taskinstance.py:1395} INFO - Marking task as FAILED. dag_id=get_stocks_dag, task_id=MSFT, execution_date=20231017T000000, start_date=20231027T171802, end_date=20231027T171803
[2023-10-27 14:18:03,624] {standard_task_runner.py:92} ERROR - Failed to execute job 46 for task MSFT (Cannot save file into a non-existent directory: '/home/gabriel/Documents/project_finance/datalake/stocks/MSFT'; 17792)
[2023-10-27 14:18:03,674] {local_task_job.py:156} INFO - Task exited with return code 1
[2023-10-27 14:18:03,689] {local_task_job.py:273} INFO - 0 downstream tasks scheduled from follow-on schedule check
[2023-10-27 14:31:56,466] {taskinstance.py:1159} INFO - Dependencies all met for <TaskInstance: get_stocks_dag.MSFT scheduled__2023-10-17T00:00:00+00:00 [queued]>
[2023-10-27 14:31:56,492] {taskinstance.py:1159} INFO - Dependencies all met for <TaskInstance: get_stocks_dag.MSFT scheduled__2023-10-17T00:00:00+00:00 [queued]>
[2023-10-27 14:31:56,501] {taskinstance.py:1356} INFO - 
--------------------------------------------------------------------------------
[2023-10-27 14:31:56,502] {taskinstance.py:1357} INFO - Starting attempt 1 of 1
[2023-10-27 14:31:56,504] {taskinstance.py:1358} INFO - 
--------------------------------------------------------------------------------
[2023-10-27 14:31:56,525] {taskinstance.py:1377} INFO - Executing <Task(_PythonDecoratedOperator): MSFT> on 2023-10-17 00:00:00+00:00
[2023-10-27 14:31:56,540] {standard_task_runner.py:52} INFO - Started process 20093 to run task
[2023-10-27 14:31:56,545] {standard_task_runner.py:79} INFO - Running: ['airflow', 'tasks', 'run', 'get_stocks_dag', 'MSFT', 'scheduled__2023-10-17T00:00:00+00:00', '--job-id', '46', '--raw', '--subdir', 'DAGS_FOLDER/get_finance.py', '--cfg-path', '/tmp/tmprtfqz1yv', '--error-file', '/tmp/tmpj6z35teh']
[2023-10-27 14:31:56,547] {standard_task_runner.py:80} INFO - Job 46: Subtask MSFT
[2023-10-27 14:31:56,711] {task_command.py:370} INFO - Running <TaskInstance: get_stocks_dag.MSFT scheduled__2023-10-17T00:00:00+00:00 [running]> on host airflow-virtual-machine
[2023-10-27 14:31:56,777] {taskinstance.py:1569} INFO - Exporting the following env vars:
AIRFLOW_CTX_DAG_OWNER=airflow
AIRFLOW_CTX_DAG_ID=get_stocks_dag
AIRFLOW_CTX_TASK_ID=MSFT
AIRFLOW_CTX_EXECUTION_DATE=2023-10-17T00:00:00+00:00
AIRFLOW_CTX_TRY_NUMBER=1
AIRFLOW_CTX_DAG_RUN_ID=scheduled__2023-10-17T00:00:00+00:00
[2023-10-27 14:31:57,319] {python.py:173} INFO - Done. Returned value was: None
[2023-10-27 14:31:57,324] {taskinstance.py:1395} INFO - Marking task as SUCCESS. dag_id=get_stocks_dag, task_id=MSFT, execution_date=20231017T000000, start_date=20231027T173156, end_date=20231027T173157
[2023-10-27 14:31:57,400] {local_task_job.py:156} INFO - Task exited with return code 0
[2023-10-27 14:31:57,432] {local_task_job.py:273} INFO - 0 downstream tasks scheduled from follow-on schedule check
[2023-10-27 14:35:52,707] {taskinstance.py:1159} INFO - Dependencies all met for <TaskInstance: get_stocks_dag.MSFT scheduled__2023-10-17T00:00:00+00:00 [queued]>
[2023-10-27 14:35:52,722] {taskinstance.py:1159} INFO - Dependencies all met for <TaskInstance: get_stocks_dag.MSFT scheduled__2023-10-17T00:00:00+00:00 [queued]>
[2023-10-27 14:35:52,723] {taskinstance.py:1356} INFO - 
--------------------------------------------------------------------------------
[2023-10-27 14:35:52,723] {taskinstance.py:1357} INFO - Starting attempt 1 of 1
[2023-10-27 14:35:52,723] {taskinstance.py:1358} INFO - 
--------------------------------------------------------------------------------
[2023-10-27 14:35:52,736] {taskinstance.py:1377} INFO - Executing <Task(_PythonDecoratedOperator): MSFT> on 2023-10-17 00:00:00+00:00
[2023-10-27 14:35:52,748] {standard_task_runner.py:52} INFO - Started process 21047 to run task
[2023-10-27 14:35:52,756] {standard_task_runner.py:79} INFO - Running: ['airflow', 'tasks', 'run', 'get_stocks_dag', 'MSFT', 'scheduled__2023-10-17T00:00:00+00:00', '--job-id', '46', '--raw', '--subdir', 'DAGS_FOLDER/get_finance.py', '--cfg-path', '/tmp/tmpfmxg_0__', '--error-file', '/tmp/tmpd_aee154']
[2023-10-27 14:35:52,757] {standard_task_runner.py:80} INFO - Job 46: Subtask MSFT
[2023-10-27 14:35:52,889] {task_command.py:370} INFO - Running <TaskInstance: get_stocks_dag.MSFT scheduled__2023-10-17T00:00:00+00:00 [running]> on host airflow-virtual-machine
[2023-10-27 14:35:52,989] {taskinstance.py:1569} INFO - Exporting the following env vars:
AIRFLOW_CTX_DAG_OWNER=airflow
AIRFLOW_CTX_DAG_ID=get_stocks_dag
AIRFLOW_CTX_TASK_ID=MSFT
AIRFLOW_CTX_EXECUTION_DATE=2023-10-17T00:00:00+00:00
AIRFLOW_CTX_TRY_NUMBER=1
AIRFLOW_CTX_DAG_RUN_ID=scheduled__2023-10-17T00:00:00+00:00
[2023-10-27 14:35:53,457] {python.py:173} INFO - Done. Returned value was: None
[2023-10-27 14:35:53,469] {taskinstance.py:1395} INFO - Marking task as SUCCESS. dag_id=get_stocks_dag, task_id=MSFT, execution_date=20231017T000000, start_date=20231027T173552, end_date=20231027T173553
[2023-10-27 14:35:53,555] {local_task_job.py:156} INFO - Task exited with return code 0
[2023-10-27 14:35:53,596] {local_task_job.py:273} INFO - 0 downstream tasks scheduled from follow-on schedule check
[2023-10-27 14:55:23,217] {taskinstance.py:1159} INFO - Dependencies all met for <TaskInstance: get_stocks_dag.MSFT scheduled__2023-10-17T00:00:00+00:00 [queued]>
[2023-10-27 14:55:23,223] {taskinstance.py:1159} INFO - Dependencies all met for <TaskInstance: get_stocks_dag.MSFT scheduled__2023-10-17T00:00:00+00:00 [queued]>
[2023-10-27 14:55:23,223] {taskinstance.py:1356} INFO - 
--------------------------------------------------------------------------------
[2023-10-27 14:55:23,223] {taskinstance.py:1357} INFO - Starting attempt 1 of 1
[2023-10-27 14:55:23,224] {taskinstance.py:1358} INFO - 
--------------------------------------------------------------------------------
[2023-10-27 14:55:23,236] {taskinstance.py:1377} INFO - Executing <Task(_PythonDecoratedOperator): MSFT> on 2023-10-17 00:00:00+00:00
[2023-10-27 14:55:23,239] {standard_task_runner.py:52} INFO - Started process 23704 to run task
[2023-10-27 14:55:23,243] {standard_task_runner.py:79} INFO - Running: ['airflow', 'tasks', 'run', 'get_stocks_dag', 'MSFT', 'scheduled__2023-10-17T00:00:00+00:00', '--job-id', '46', '--raw', '--subdir', 'DAGS_FOLDER/get_finance.py', '--cfg-path', '/tmp/tmp4axcno1b', '--error-file', '/tmp/tmp93tei0pn']
[2023-10-27 14:55:23,243] {standard_task_runner.py:80} INFO - Job 46: Subtask MSFT
[2023-10-27 14:55:23,283] {task_command.py:370} INFO - Running <TaskInstance: get_stocks_dag.MSFT scheduled__2023-10-17T00:00:00+00:00 [running]> on host airflow-virtual-machine
[2023-10-27 14:55:23,329] {taskinstance.py:1569} INFO - Exporting the following env vars:
AIRFLOW_CTX_DAG_OWNER=airflow
AIRFLOW_CTX_DAG_ID=get_stocks_dag
AIRFLOW_CTX_TASK_ID=MSFT
AIRFLOW_CTX_EXECUTION_DATE=2023-10-17T00:00:00+00:00
AIRFLOW_CTX_TRY_NUMBER=1
AIRFLOW_CTX_DAG_RUN_ID=scheduled__2023-10-17T00:00:00+00:00
[2023-10-27 14:55:23,777] {python.py:173} INFO - Done. Returned value was: None
[2023-10-27 14:55:23,796] {taskinstance.py:1395} INFO - Marking task as SUCCESS. dag_id=get_stocks_dag, task_id=MSFT, execution_date=20231017T000000, start_date=20231027T175523, end_date=20231027T175523
[2023-10-27 14:55:23,877] {local_task_job.py:156} INFO - Task exited with return code 0
[2023-10-27 14:55:23,894] {local_task_job.py:273} INFO - 0 downstream tasks scheduled from follow-on schedule check
[2023-10-27 15:24:35,601] {taskinstance.py:1159} INFO - Dependencies all met for <TaskInstance: get_stocks_dag.MSFT scheduled__2023-10-17T00:00:00+00:00 [queued]>
[2023-10-27 15:24:35,607] {taskinstance.py:1159} INFO - Dependencies all met for <TaskInstance: get_stocks_dag.MSFT scheduled__2023-10-17T00:00:00+00:00 [queued]>
[2023-10-27 15:24:35,608] {taskinstance.py:1356} INFO - 
--------------------------------------------------------------------------------
[2023-10-27 15:24:35,608] {taskinstance.py:1357} INFO - Starting attempt 1 of 1
[2023-10-27 15:24:35,608] {taskinstance.py:1358} INFO - 
--------------------------------------------------------------------------------
[2023-10-27 15:24:35,621] {taskinstance.py:1377} INFO - Executing <Task(_PythonDecoratedOperator): MSFT> on 2023-10-17 00:00:00+00:00
[2023-10-27 15:24:35,624] {standard_task_runner.py:52} INFO - Started process 27555 to run task
[2023-10-27 15:24:35,627] {standard_task_runner.py:79} INFO - Running: ['airflow', 'tasks', 'run', 'get_stocks_dag', 'MSFT', 'scheduled__2023-10-17T00:00:00+00:00', '--job-id', '46', '--raw', '--subdir', 'DAGS_FOLDER/get_finance.py', '--cfg-path', '/tmp/tmp_nyipaj6', '--error-file', '/tmp/tmpn09nqwsk']
[2023-10-27 15:24:35,628] {standard_task_runner.py:80} INFO - Job 46: Subtask MSFT
[2023-10-27 15:24:35,667] {task_command.py:370} INFO - Running <TaskInstance: get_stocks_dag.MSFT scheduled__2023-10-17T00:00:00+00:00 [running]> on host airflow-virtual-machine
[2023-10-27 15:24:35,709] {taskinstance.py:1569} INFO - Exporting the following env vars:
AIRFLOW_CTX_DAG_OWNER=airflow
AIRFLOW_CTX_DAG_ID=get_stocks_dag
AIRFLOW_CTX_TASK_ID=MSFT
AIRFLOW_CTX_EXECUTION_DATE=2023-10-17T00:00:00+00:00
AIRFLOW_CTX_TRY_NUMBER=1
AIRFLOW_CTX_DAG_RUN_ID=scheduled__2023-10-17T00:00:00+00:00
[2023-10-27 15:24:36,122] {python.py:173} INFO - Done. Returned value was: None
[2023-10-27 15:24:36,127] {taskinstance.py:1395} INFO - Marking task as SUCCESS. dag_id=get_stocks_dag, task_id=MSFT, execution_date=20231017T000000, start_date=20231027T182435, end_date=20231027T182436
[2023-10-27 15:24:36,176] {local_task_job.py:156} INFO - Task exited with return code 0
[2023-10-27 15:24:36,190] {local_task_job.py:273} INFO - 0 downstream tasks scheduled from follow-on schedule check
[2023-10-27 17:03:15,748] {taskinstance.py:1159} INFO - Dependencies all met for <TaskInstance: get_stocks_dag.MSFT scheduled__2023-10-17T00:00:00+00:00 [queued]>
[2023-10-27 17:03:15,756] {taskinstance.py:1159} INFO - Dependencies all met for <TaskInstance: get_stocks_dag.MSFT scheduled__2023-10-17T00:00:00+00:00 [queued]>
[2023-10-27 17:03:15,757] {taskinstance.py:1356} INFO - 
--------------------------------------------------------------------------------
[2023-10-27 17:03:15,757] {taskinstance.py:1357} INFO - Starting attempt 1 of 1
[2023-10-27 17:03:15,757] {taskinstance.py:1358} INFO - 
--------------------------------------------------------------------------------
[2023-10-27 17:03:15,795] {taskinstance.py:1377} INFO - Executing <Task(_PythonDecoratedOperator): MSFT> on 2023-10-17 00:00:00+00:00
[2023-10-27 17:03:15,803] {standard_task_runner.py:52} INFO - Started process 39845 to run task
[2023-10-27 17:03:15,807] {standard_task_runner.py:79} INFO - Running: ['airflow', 'tasks', 'run', 'get_stocks_dag', 'MSFT', 'scheduled__2023-10-17T00:00:00+00:00', '--job-id', '56', '--raw', '--subdir', 'DAGS_FOLDER/get_finance.py', '--cfg-path', '/tmp/tmpnvvzofdd', '--error-file', '/tmp/tmpfn3d4emz']
[2023-10-27 17:03:15,808] {standard_task_runner.py:80} INFO - Job 56: Subtask MSFT
[2023-10-27 17:03:15,929] {task_command.py:370} INFO - Running <TaskInstance: get_stocks_dag.MSFT scheduled__2023-10-17T00:00:00+00:00 [running]> on host airflow-virtual-machine
[2023-10-27 17:03:16,014] {taskinstance.py:1569} INFO - Exporting the following env vars:
AIRFLOW_CTX_DAG_OWNER=airflow
AIRFLOW_CTX_DAG_ID=get_stocks_dag
AIRFLOW_CTX_TASK_ID=MSFT
AIRFLOW_CTX_EXECUTION_DATE=2023-10-17T00:00:00+00:00
AIRFLOW_CTX_TRY_NUMBER=1
AIRFLOW_CTX_DAG_RUN_ID=scheduled__2023-10-17T00:00:00+00:00
[2023-10-27 17:03:16,472] {python.py:173} INFO - Done. Returned value was: None
[2023-10-27 17:03:16,481] {taskinstance.py:1395} INFO - Marking task as SUCCESS. dag_id=get_stocks_dag, task_id=MSFT, execution_date=20231017T000000, start_date=20231027T200315, end_date=20231027T200316
[2023-10-27 17:03:16,582] {local_task_job.py:156} INFO - Task exited with return code 0
[2023-10-27 17:03:16,675] {local_task_job.py:273} INFO - 0 downstream tasks scheduled from follow-on schedule check
[2023-10-27 17:10:32,126] {taskinstance.py:1159} INFO - Dependencies all met for <TaskInstance: get_stocks_dag.MSFT scheduled__2023-10-17T00:00:00+00:00 [queued]>
[2023-10-27 17:10:32,132] {taskinstance.py:1159} INFO - Dependencies all met for <TaskInstance: get_stocks_dag.MSFT scheduled__2023-10-17T00:00:00+00:00 [queued]>
[2023-10-27 17:10:32,132] {taskinstance.py:1356} INFO - 
--------------------------------------------------------------------------------
[2023-10-27 17:10:32,132] {taskinstance.py:1357} INFO - Starting attempt 1 of 1
[2023-10-27 17:10:32,132] {taskinstance.py:1358} INFO - 
--------------------------------------------------------------------------------
[2023-10-27 17:10:32,145] {taskinstance.py:1377} INFO - Executing <Task(_PythonDecoratedOperator): MSFT> on 2023-10-17 00:00:00+00:00
[2023-10-27 17:10:32,149] {standard_task_runner.py:52} INFO - Started process 41560 to run task
[2023-10-27 17:10:32,152] {standard_task_runner.py:79} INFO - Running: ['airflow', 'tasks', 'run', 'get_stocks_dag', 'MSFT', 'scheduled__2023-10-17T00:00:00+00:00', '--job-id', '56', '--raw', '--subdir', 'DAGS_FOLDER/get_finance.py', '--cfg-path', '/tmp/tmpqayb_hx9', '--error-file', '/tmp/tmplpl_89zz']
[2023-10-27 17:10:32,153] {standard_task_runner.py:80} INFO - Job 56: Subtask MSFT
[2023-10-27 17:10:32,192] {task_command.py:370} INFO - Running <TaskInstance: get_stocks_dag.MSFT scheduled__2023-10-17T00:00:00+00:00 [running]> on host airflow-virtual-machine
[2023-10-27 17:10:32,245] {taskinstance.py:1569} INFO - Exporting the following env vars:
AIRFLOW_CTX_DAG_OWNER=airflow
AIRFLOW_CTX_DAG_ID=get_stocks_dag
AIRFLOW_CTX_TASK_ID=MSFT
AIRFLOW_CTX_EXECUTION_DATE=2023-10-17T00:00:00+00:00
AIRFLOW_CTX_TRY_NUMBER=1
AIRFLOW_CTX_DAG_RUN_ID=scheduled__2023-10-17T00:00:00+00:00
[2023-10-27 17:10:32,704] {python.py:173} INFO - Done. Returned value was: None
[2023-10-27 17:10:32,711] {taskinstance.py:1395} INFO - Marking task as SUCCESS. dag_id=get_stocks_dag, task_id=MSFT, execution_date=20231017T000000, start_date=20231027T201032, end_date=20231027T201032
[2023-10-27 17:10:32,733] {local_task_job.py:156} INFO - Task exited with return code 0
[2023-10-27 17:10:32,782] {local_task_job.py:273} INFO - 0 downstream tasks scheduled from follow-on schedule check
[2023-10-27 18:11:22,218] {taskinstance.py:1159} INFO - Dependencies all met for <TaskInstance: get_stocks_dag.MSFT scheduled__2023-10-17T00:00:00+00:00 [queued]>
[2023-10-27 18:11:22,224] {taskinstance.py:1159} INFO - Dependencies all met for <TaskInstance: get_stocks_dag.MSFT scheduled__2023-10-17T00:00:00+00:00 [queued]>
[2023-10-27 18:11:22,224] {taskinstance.py:1356} INFO - 
--------------------------------------------------------------------------------
[2023-10-27 18:11:22,224] {taskinstance.py:1357} INFO - Starting attempt 1 of 1
[2023-10-27 18:11:22,224] {taskinstance.py:1358} INFO - 
--------------------------------------------------------------------------------
[2023-10-27 18:11:22,234] {taskinstance.py:1377} INFO - Executing <Task(_PythonDecoratedOperator): MSFT> on 2023-10-17 00:00:00+00:00
[2023-10-27 18:11:22,239] {standard_task_runner.py:52} INFO - Started process 49723 to run task
[2023-10-27 18:11:22,243] {standard_task_runner.py:79} INFO - Running: ['airflow', 'tasks', 'run', 'get_stocks_dag', 'MSFT', 'scheduled__2023-10-17T00:00:00+00:00', '--job-id', '55', '--raw', '--subdir', 'DAGS_FOLDER/get_finance.py', '--cfg-path', '/tmp/tmpw580nod0', '--error-file', '/tmp/tmpbmz41y9c']
[2023-10-27 18:11:22,243] {standard_task_runner.py:80} INFO - Job 55: Subtask MSFT
[2023-10-27 18:11:22,280] {task_command.py:370} INFO - Running <TaskInstance: get_stocks_dag.MSFT scheduled__2023-10-17T00:00:00+00:00 [running]> on host airflow-virtual-machine
[2023-10-27 18:11:22,330] {taskinstance.py:1569} INFO - Exporting the following env vars:
AIRFLOW_CTX_DAG_OWNER=airflow
AIRFLOW_CTX_DAG_ID=get_stocks_dag
AIRFLOW_CTX_TASK_ID=MSFT
AIRFLOW_CTX_EXECUTION_DATE=2023-10-17T00:00:00+00:00
AIRFLOW_CTX_TRY_NUMBER=1
AIRFLOW_CTX_DAG_RUN_ID=scheduled__2023-10-17T00:00:00+00:00
[2023-10-27 18:11:22,789] {python.py:173} INFO - Done. Returned value was: None
[2023-10-27 18:11:22,795] {taskinstance.py:1395} INFO - Marking task as SUCCESS. dag_id=get_stocks_dag, task_id=MSFT, execution_date=20231017T000000, start_date=20231027T211122, end_date=20231027T211122
[2023-10-27 18:11:22,840] {local_task_job.py:156} INFO - Task exited with return code 0
[2023-10-27 18:11:22,859] {local_task_job.py:273} INFO - 0 downstream tasks scheduled from follow-on schedule check
[2023-10-29 11:29:41,221] {taskinstance.py:1159} INFO - Dependencies all met for <TaskInstance: get_stocks_dag.MSFT scheduled__2023-10-17T00:00:00+00:00 [queued]>
[2023-10-29 11:29:41,243] {taskinstance.py:1159} INFO - Dependencies all met for <TaskInstance: get_stocks_dag.MSFT scheduled__2023-10-17T00:00:00+00:00 [queued]>
[2023-10-29 11:29:41,243] {taskinstance.py:1356} INFO - 
--------------------------------------------------------------------------------
[2023-10-29 11:29:41,243] {taskinstance.py:1357} INFO - Starting attempt 1 of 1
[2023-10-29 11:29:41,243] {taskinstance.py:1358} INFO - 
--------------------------------------------------------------------------------
[2023-10-29 11:29:41,412] {taskinstance.py:1377} INFO - Executing <Task(_PythonDecoratedOperator): MSFT> on 2023-10-17 00:00:00+00:00
[2023-10-29 11:29:41,520] {standard_task_runner.py:52} INFO - Started process 14410 to run task
[2023-10-29 11:29:41,570] {standard_task_runner.py:79} INFO - Running: ['airflow', 'tasks', 'run', 'get_stocks_dag', 'MSFT', 'scheduled__2023-10-17T00:00:00+00:00', '--job-id', '38', '--raw', '--subdir', 'DAGS_FOLDER/get_finance.py', '--cfg-path', '/tmp/tmp83xz43vd', '--error-file', '/tmp/tmphy552xsx']
[2023-10-29 11:29:41,571] {standard_task_runner.py:80} INFO - Job 38: Subtask MSFT
[2023-10-29 11:29:42,143] {task_command.py:370} INFO - Running <TaskInstance: get_stocks_dag.MSFT scheduled__2023-10-17T00:00:00+00:00 [running]> on host airflow-virtual-machine
[2023-10-29 11:29:42,986] {taskinstance.py:1569} INFO - Exporting the following env vars:
AIRFLOW_CTX_DAG_OWNER=airflow
AIRFLOW_CTX_DAG_ID=get_stocks_dag
AIRFLOW_CTX_TASK_ID=MSFT
AIRFLOW_CTX_EXECUTION_DATE=2023-10-17T00:00:00+00:00
AIRFLOW_CTX_TRY_NUMBER=1
AIRFLOW_CTX_DAG_RUN_ID=scheduled__2023-10-17T00:00:00+00:00
[2023-10-29 11:29:43,510] {python.py:173} INFO - Done. Returned value was: None
[2023-10-29 11:29:43,544] {taskinstance.py:1395} INFO - Marking task as SUCCESS. dag_id=get_stocks_dag, task_id=MSFT, execution_date=20231017T000000, start_date=20231029T142941, end_date=20231029T142943
[2023-10-29 11:29:43,816] {local_task_job.py:156} INFO - Task exited with return code 0
[2023-10-29 11:29:44,129] {local_task_job.py:273} INFO - 1 downstream tasks scheduled from follow-on schedule check
[2023-10-29 11:33:47,767] {taskinstance.py:1159} INFO - Dependencies all met for <TaskInstance: get_stocks_dag.MSFT scheduled__2023-10-17T00:00:00+00:00 [queued]>
[2023-10-29 11:33:47,841] {taskinstance.py:1159} INFO - Dependencies all met for <TaskInstance: get_stocks_dag.MSFT scheduled__2023-10-17T00:00:00+00:00 [queued]>
[2023-10-29 11:33:47,842] {taskinstance.py:1356} INFO - 
--------------------------------------------------------------------------------
[2023-10-29 11:33:47,842] {taskinstance.py:1357} INFO - Starting attempt 1 of 1
[2023-10-29 11:33:47,842] {taskinstance.py:1358} INFO - 
--------------------------------------------------------------------------------
[2023-10-29 11:33:48,015] {taskinstance.py:1377} INFO - Executing <Task(_PythonDecoratedOperator): MSFT> on 2023-10-17 00:00:00+00:00
[2023-10-29 11:33:48,140] {standard_task_runner.py:52} INFO - Started process 16711 to run task
[2023-10-29 11:33:48,262] {standard_task_runner.py:79} INFO - Running: ['airflow', 'tasks', 'run', 'get_stocks_dag', 'MSFT', 'scheduled__2023-10-17T00:00:00+00:00', '--job-id', '143', '--raw', '--subdir', 'DAGS_FOLDER/get_finance.py', '--cfg-path', '/tmp/tmpjree61_w', '--error-file', '/tmp/tmp5cb4l9xb']
[2023-10-29 11:33:48,357] {standard_task_runner.py:80} INFO - Job 143: Subtask MSFT
[2023-10-29 11:33:49,510] {task_command.py:370} INFO - Running <TaskInstance: get_stocks_dag.MSFT scheduled__2023-10-17T00:00:00+00:00 [running]> on host airflow-virtual-machine
[2023-10-29 11:33:50,638] {taskinstance.py:1569} INFO - Exporting the following env vars:
AIRFLOW_CTX_DAG_OWNER=airflow
AIRFLOW_CTX_DAG_ID=get_stocks_dag
AIRFLOW_CTX_TASK_ID=MSFT
AIRFLOW_CTX_EXECUTION_DATE=2023-10-17T00:00:00+00:00
AIRFLOW_CTX_TRY_NUMBER=1
AIRFLOW_CTX_DAG_RUN_ID=scheduled__2023-10-17T00:00:00+00:00
[2023-10-29 11:33:51,716] {python.py:173} INFO - Done. Returned value was: None
[2023-10-29 11:33:52,039] {taskinstance.py:1395} INFO - Marking task as SUCCESS. dag_id=get_stocks_dag, task_id=MSFT, execution_date=20231017T000000, start_date=20231029T143347, end_date=20231029T143352
[2023-10-29 11:33:52,327] {local_task_job.py:156} INFO - Task exited with return code 0
[2023-10-29 11:33:52,930] {local_task_job.py:273} INFO - 0 downstream tasks scheduled from follow-on schedule check
[2023-10-29 13:33:10,549] {taskinstance.py:1159} INFO - Dependencies all met for <TaskInstance: get_stocks_dag.MSFT scheduled__2023-10-17T00:00:00+00:00 [queued]>
[2023-10-29 13:33:10,656] {taskinstance.py:1159} INFO - Dependencies all met for <TaskInstance: get_stocks_dag.MSFT scheduled__2023-10-17T00:00:00+00:00 [queued]>
[2023-10-29 13:33:10,656] {taskinstance.py:1356} INFO - 
--------------------------------------------------------------------------------
[2023-10-29 13:33:10,656] {taskinstance.py:1357} INFO - Starting attempt 1 of 1
[2023-10-29 13:33:10,656] {taskinstance.py:1358} INFO - 
--------------------------------------------------------------------------------
[2023-10-29 13:33:10,830] {taskinstance.py:1377} INFO - Executing <Task(_PythonDecoratedOperator): MSFT> on 2023-10-17 00:00:00+00:00
[2023-10-29 13:33:10,950] {standard_task_runner.py:79} INFO - Running: ['airflow', 'tasks', 'run', 'get_stocks_dag', 'MSFT', 'scheduled__2023-10-17T00:00:00+00:00', '--job-id', '246', '--raw', '--subdir', 'DAGS_FOLDER/get_finance.py', '--cfg-path', '/tmp/tmpq_uuy040', '--error-file', '/tmp/tmp37binctf']
[2023-10-29 13:33:10,953] {standard_task_runner.py:80} INFO - Job 246: Subtask MSFT
[2023-10-29 13:33:10,906] {standard_task_runner.py:52} INFO - Started process 6660 to run task
[2023-10-29 13:33:12,146] {task_command.py:370} INFO - Running <TaskInstance: get_stocks_dag.MSFT scheduled__2023-10-17T00:00:00+00:00 [running]> on host airflow-virtual-machine
[2023-10-29 13:33:12,828] {taskinstance.py:1569} INFO - Exporting the following env vars:
AIRFLOW_CTX_DAG_OWNER=airflow
AIRFLOW_CTX_DAG_ID=get_stocks_dag
AIRFLOW_CTX_TASK_ID=MSFT
AIRFLOW_CTX_EXECUTION_DATE=2023-10-17T00:00:00+00:00
AIRFLOW_CTX_TRY_NUMBER=1
AIRFLOW_CTX_DAG_RUN_ID=scheduled__2023-10-17T00:00:00+00:00
[2023-10-29 13:33:13,438] {python.py:173} INFO - Done. Returned value was: None
[2023-10-29 13:33:13,567] {taskinstance.py:1395} INFO - Marking task as SUCCESS. dag_id=get_stocks_dag, task_id=MSFT, execution_date=20231017T000000, start_date=20231029T163310, end_date=20231029T163313
[2023-10-29 13:33:13,802] {local_task_job.py:156} INFO - Task exited with return code 0
[2023-10-29 13:33:14,224] {local_task_job.py:273} INFO - 0 downstream tasks scheduled from follow-on schedule check
[2023-10-29 14:35:49,690] {taskinstance.py:1159} INFO - Dependencies all met for <TaskInstance: get_stocks_dag.MSFT scheduled__2023-10-17T00:00:00+00:00 [queued]>
[2023-10-29 14:35:50,067] {taskinstance.py:1159} INFO - Dependencies all met for <TaskInstance: get_stocks_dag.MSFT scheduled__2023-10-17T00:00:00+00:00 [queued]>
[2023-10-29 14:35:50,069] {taskinstance.py:1356} INFO - 
--------------------------------------------------------------------------------
[2023-10-29 14:35:50,076] {taskinstance.py:1357} INFO - Starting attempt 1 of 1
[2023-10-29 14:35:50,076] {taskinstance.py:1358} INFO - 
--------------------------------------------------------------------------------
[2023-10-29 14:35:50,151] {taskinstance.py:1377} INFO - Executing <Task(_PythonDecoratedOperator): MSFT> on 2023-10-17 00:00:00+00:00
[2023-10-29 14:35:50,191] {standard_task_runner.py:52} INFO - Started process 9777 to run task
[2023-10-29 14:35:50,224] {standard_task_runner.py:79} INFO - Running: ['airflow', 'tasks', 'run', 'get_stocks_dag', 'MSFT', 'scheduled__2023-10-17T00:00:00+00:00', '--job-id', '345', '--raw', '--subdir', 'DAGS_FOLDER/get_finance.py', '--cfg-path', '/tmp/tmp__8wc4kc', '--error-file', '/tmp/tmp28aqtymt']
[2023-10-29 14:35:50,229] {standard_task_runner.py:80} INFO - Job 345: Subtask MSFT
[2023-10-29 14:35:50,697] {task_command.py:370} INFO - Running <TaskInstance: get_stocks_dag.MSFT scheduled__2023-10-17T00:00:00+00:00 [running]> on host airflow-virtual-machine
[2023-10-29 14:35:51,151] {taskinstance.py:1569} INFO - Exporting the following env vars:
AIRFLOW_CTX_DAG_OWNER=airflow
AIRFLOW_CTX_DAG_ID=get_stocks_dag
AIRFLOW_CTX_TASK_ID=MSFT
AIRFLOW_CTX_EXECUTION_DATE=2023-10-17T00:00:00+00:00
AIRFLOW_CTX_TRY_NUMBER=1
AIRFLOW_CTX_DAG_RUN_ID=scheduled__2023-10-17T00:00:00+00:00
[2023-10-29 14:35:52,274] {python.py:173} INFO - Done. Returned value was: None
[2023-10-29 14:35:52,322] {taskinstance.py:1395} INFO - Marking task as SUCCESS. dag_id=get_stocks_dag, task_id=MSFT, execution_date=20231017T000000, start_date=20231029T173549, end_date=20231029T173552
[2023-10-29 14:35:52,425] {local_task_job.py:156} INFO - Task exited with return code 0
[2023-10-29 14:35:52,597] {local_task_job.py:273} INFO - 0 downstream tasks scheduled from follow-on schedule check
