[2023-10-27 18:12:41,223] {taskinstance.py:1159} INFO - Dependencies all met for <TaskInstance: get_stocks_dag.transform_stocks scheduled__2023-10-24T00:00:00+00:00 [queued]>
[2023-10-27 18:12:41,231] {taskinstance.py:1159} INFO - Dependencies all met for <TaskInstance: get_stocks_dag.transform_stocks scheduled__2023-10-24T00:00:00+00:00 [queued]>
[2023-10-27 18:12:41,232] {taskinstance.py:1356} INFO - 
--------------------------------------------------------------------------------
[2023-10-27 18:12:41,232] {taskinstance.py:1357} INFO - Starting attempt 1 of 1
[2023-10-27 18:12:41,232] {taskinstance.py:1358} INFO - 
--------------------------------------------------------------------------------
[2023-10-27 18:12:41,270] {taskinstance.py:1377} INFO - Executing <Task(_PythonDecoratedOperator): transform_stocks> on 2023-10-24 00:00:00+00:00
[2023-10-27 18:12:41,275] {standard_task_runner.py:52} INFO - Started process 50198 to run task
[2023-10-27 18:12:41,278] {standard_task_runner.py:79} INFO - Running: ['airflow', 'tasks', 'run', 'get_stocks_dag', 'transform_stocks', 'scheduled__2023-10-24T00:00:00+00:00', '--job-id', '88', '--raw', '--subdir', 'DAGS_FOLDER/get_finance.py', '--cfg-path', '/tmp/tmpw6jhh90_', '--error-file', '/tmp/tmp5oayu_on']
[2023-10-27 18:12:41,279] {standard_task_runner.py:80} INFO - Job 88: Subtask transform_stocks
[2023-10-27 18:12:41,325] {task_command.py:370} INFO - Running <TaskInstance: get_stocks_dag.transform_stocks scheduled__2023-10-24T00:00:00+00:00 [running]> on host airflow-virtual-machine
[2023-10-27 18:12:41,369] {taskinstance.py:1569} INFO - Exporting the following env vars:
AIRFLOW_CTX_DAG_OWNER=airflow
AIRFLOW_CTX_DAG_ID=get_stocks_dag
AIRFLOW_CTX_TASK_ID=transform_stocks
AIRFLOW_CTX_EXECUTION_DATE=2023-10-24T00:00:00+00:00
AIRFLOW_CTX_TRY_NUMBER=1
AIRFLOW_CTX_DAG_RUN_ID=scheduled__2023-10-24T00:00:00+00:00
[2023-10-27 18:12:41,394] {python.py:173} INFO - Done. Returned value was: None
[2023-10-27 18:12:41,400] {taskinstance.py:1395} INFO - Marking task as SUCCESS. dag_id=get_stocks_dag, task_id=transform_stocks, execution_date=20231024T000000, start_date=20231027T211241, end_date=20231027T211241
[2023-10-27 18:12:41,423] {local_task_job.py:156} INFO - Task exited with return code 0
[2023-10-27 18:12:41,439] {local_task_job.py:273} INFO - 0 downstream tasks scheduled from follow-on schedule check
[2023-10-29 11:29:58,268] {taskinstance.py:1159} INFO - Dependencies all met for <TaskInstance: get_stocks_dag.transform_stocks scheduled__2023-10-24T00:00:00+00:00 [queued]>
[2023-10-29 11:29:58,281] {taskinstance.py:1159} INFO - Dependencies all met for <TaskInstance: get_stocks_dag.transform_stocks scheduled__2023-10-24T00:00:00+00:00 [queued]>
[2023-10-29 11:29:58,281] {taskinstance.py:1356} INFO - 
--------------------------------------------------------------------------------
[2023-10-29 11:29:58,281] {taskinstance.py:1357} INFO - Starting attempt 1 of 1
[2023-10-29 11:29:58,281] {taskinstance.py:1358} INFO - 
--------------------------------------------------------------------------------
[2023-10-29 11:29:58,301] {taskinstance.py:1377} INFO - Executing <Task(_PythonDecoratedOperator): transform_stocks> on 2023-10-24 00:00:00+00:00
[2023-10-29 11:29:58,307] {standard_task_runner.py:52} INFO - Started process 15232 to run task
[2023-10-29 11:29:58,329] {standard_task_runner.py:79} INFO - Running: ['airflow', 'tasks', 'run', 'get_stocks_dag', 'transform_stocks', 'scheduled__2023-10-24T00:00:00+00:00', '--job-id', '82', '--raw', '--subdir', 'DAGS_FOLDER/get_finance.py', '--cfg-path', '/tmp/tmpnktlpidg', '--error-file', '/tmp/tmpp9m9ecer']
[2023-10-29 11:29:58,340] {standard_task_runner.py:80} INFO - Job 82: Subtask transform_stocks
[2023-10-29 11:29:58,496] {task_command.py:370} INFO - Running <TaskInstance: get_stocks_dag.transform_stocks scheduled__2023-10-24T00:00:00+00:00 [running]> on host airflow-virtual-machine
[2023-10-29 11:29:58,579] {taskinstance.py:1569} INFO - Exporting the following env vars:
AIRFLOW_CTX_DAG_OWNER=airflow
AIRFLOW_CTX_DAG_ID=get_stocks_dag
AIRFLOW_CTX_TASK_ID=transform_stocks
AIRFLOW_CTX_EXECUTION_DATE=2023-10-24T00:00:00+00:00
AIRFLOW_CTX_TRY_NUMBER=1
AIRFLOW_CTX_DAG_RUN_ID=scheduled__2023-10-24T00:00:00+00:00
[2023-10-29 11:29:58,610] {python.py:173} INFO - Done. Returned value was: None
[2023-10-29 11:29:58,623] {taskinstance.py:1395} INFO - Marking task as SUCCESS. dag_id=get_stocks_dag, task_id=transform_stocks, execution_date=20231024T000000, start_date=20231029T142958, end_date=20231029T142958
[2023-10-29 11:29:58,657] {local_task_job.py:156} INFO - Task exited with return code 0
[2023-10-29 11:29:58,694] {local_task_job.py:273} INFO - 0 downstream tasks scheduled from follow-on schedule check
[2023-10-29 11:34:13,447] {taskinstance.py:1159} INFO - Dependencies all met for <TaskInstance: get_stocks_dag.transform_stocks scheduled__2023-10-24T00:00:00+00:00 [queued]>
[2023-10-29 11:34:13,491] {taskinstance.py:1159} INFO - Dependencies all met for <TaskInstance: get_stocks_dag.transform_stocks scheduled__2023-10-24T00:00:00+00:00 [queued]>
[2023-10-29 11:34:13,491] {taskinstance.py:1356} INFO - 
--------------------------------------------------------------------------------
[2023-10-29 11:34:13,491] {taskinstance.py:1357} INFO - Starting attempt 1 of 1
[2023-10-29 11:34:13,491] {taskinstance.py:1358} INFO - 
--------------------------------------------------------------------------------
[2023-10-29 11:34:13,532] {taskinstance.py:1377} INFO - Executing <Task(_PythonDecoratedOperator): transform_stocks> on 2023-10-24 00:00:00+00:00
[2023-10-29 11:34:13,546] {standard_task_runner.py:52} INFO - Started process 17506 to run task
[2023-10-29 11:34:13,553] {standard_task_runner.py:79} INFO - Running: ['airflow', 'tasks', 'run', 'get_stocks_dag', 'transform_stocks', 'scheduled__2023-10-24T00:00:00+00:00', '--job-id', '177', '--raw', '--subdir', 'DAGS_FOLDER/get_finance.py', '--cfg-path', '/tmp/tmppy84vicw', '--error-file', '/tmp/tmpo1539qb2']
[2023-10-29 11:34:13,554] {standard_task_runner.py:80} INFO - Job 177: Subtask transform_stocks
[2023-10-29 11:34:13,650] {task_command.py:370} INFO - Running <TaskInstance: get_stocks_dag.transform_stocks scheduled__2023-10-24T00:00:00+00:00 [running]> on host airflow-virtual-machine
[2023-10-29 11:34:13,780] {taskinstance.py:1569} INFO - Exporting the following env vars:
AIRFLOW_CTX_DAG_OWNER=airflow
AIRFLOW_CTX_DAG_ID=get_stocks_dag
AIRFLOW_CTX_TASK_ID=transform_stocks
AIRFLOW_CTX_EXECUTION_DATE=2023-10-24T00:00:00+00:00
AIRFLOW_CTX_TRY_NUMBER=1
AIRFLOW_CTX_DAG_RUN_ID=scheduled__2023-10-24T00:00:00+00:00
[2023-10-29 11:34:13,820] {python.py:173} INFO - Done. Returned value was: None
[2023-10-29 11:34:13,905] {taskinstance.py:1395} INFO - Marking task as SUCCESS. dag_id=get_stocks_dag, task_id=transform_stocks, execution_date=20231024T000000, start_date=20231029T143413, end_date=20231029T143413
[2023-10-29 11:34:13,972] {local_task_job.py:156} INFO - Task exited with return code 0
[2023-10-29 11:34:14,013] {local_task_job.py:273} INFO - 0 downstream tasks scheduled from follow-on schedule check
[2023-10-29 13:33:23,188] {taskinstance.py:1159} INFO - Dependencies all met for <TaskInstance: get_stocks_dag.transform_stocks scheduled__2023-10-24T00:00:00+00:00 [queued]>
[2023-10-29 13:33:23,380] {taskinstance.py:1159} INFO - Dependencies all met for <TaskInstance: get_stocks_dag.transform_stocks scheduled__2023-10-24T00:00:00+00:00 [queued]>
[2023-10-29 13:33:23,380] {taskinstance.py:1356} INFO - 
--------------------------------------------------------------------------------
[2023-10-29 13:33:23,380] {taskinstance.py:1357} INFO - Starting attempt 1 of 1
[2023-10-29 13:33:23,380] {taskinstance.py:1358} INFO - 
--------------------------------------------------------------------------------
[2023-10-29 13:33:23,486] {taskinstance.py:1377} INFO - Executing <Task(_PythonDecoratedOperator): transform_stocks> on 2023-10-24 00:00:00+00:00
[2023-10-29 13:33:23,554] {standard_task_runner.py:79} INFO - Running: ['airflow', 'tasks', 'run', 'get_stocks_dag', 'transform_stocks', 'scheduled__2023-10-24T00:00:00+00:00', '--job-id', '275', '--raw', '--subdir', 'DAGS_FOLDER/get_finance.py', '--cfg-path', '/tmp/tmpx935j7wg', '--error-file', '/tmp/tmpsomyg3i5']
[2023-10-29 13:33:23,561] {standard_task_runner.py:80} INFO - Job 275: Subtask transform_stocks
[2023-10-29 13:33:23,536] {standard_task_runner.py:52} INFO - Started process 7300 to run task
[2023-10-29 13:33:23,786] {task_command.py:370} INFO - Running <TaskInstance: get_stocks_dag.transform_stocks scheduled__2023-10-24T00:00:00+00:00 [running]> on host airflow-virtual-machine
[2023-10-29 13:33:23,993] {taskinstance.py:1569} INFO - Exporting the following env vars:
AIRFLOW_CTX_DAG_OWNER=airflow
AIRFLOW_CTX_DAG_ID=get_stocks_dag
AIRFLOW_CTX_TASK_ID=transform_stocks
AIRFLOW_CTX_EXECUTION_DATE=2023-10-24T00:00:00+00:00
AIRFLOW_CTX_TRY_NUMBER=1
AIRFLOW_CTX_DAG_RUN_ID=scheduled__2023-10-24T00:00:00+00:00
[2023-10-29 13:33:24,137] {python.py:173} INFO - Done. Returned value was: None
[2023-10-29 13:33:24,219] {taskinstance.py:1395} INFO - Marking task as SUCCESS. dag_id=get_stocks_dag, task_id=transform_stocks, execution_date=20231024T000000, start_date=20231029T163323, end_date=20231029T163324
[2023-10-29 13:33:24,352] {local_task_job.py:156} INFO - Task exited with return code 0
[2023-10-29 13:33:24,644] {local_task_job.py:273} INFO - 0 downstream tasks scheduled from follow-on schedule check
[2023-10-29 14:36:02,777] {taskinstance.py:1159} INFO - Dependencies all met for <TaskInstance: get_stocks_dag.transform_stocks scheduled__2023-10-24T00:00:00+00:00 [queued]>
[2023-10-29 14:36:02,837] {taskinstance.py:1159} INFO - Dependencies all met for <TaskInstance: get_stocks_dag.transform_stocks scheduled__2023-10-24T00:00:00+00:00 [queued]>
[2023-10-29 14:36:02,837] {taskinstance.py:1356} INFO - 
--------------------------------------------------------------------------------
[2023-10-29 14:36:02,837] {taskinstance.py:1357} INFO - Starting attempt 1 of 1
[2023-10-29 14:36:02,837] {taskinstance.py:1358} INFO - 
--------------------------------------------------------------------------------
[2023-10-29 14:36:02,858] {taskinstance.py:1377} INFO - Executing <Task(_PythonDecoratedOperator): transform_stocks> on 2023-10-24 00:00:00+00:00
[2023-10-29 14:36:02,866] {standard_task_runner.py:52} INFO - Started process 10391 to run task
[2023-10-29 14:36:02,907] {standard_task_runner.py:79} INFO - Running: ['airflow', 'tasks', 'run', 'get_stocks_dag', 'transform_stocks', 'scheduled__2023-10-24T00:00:00+00:00', '--job-id', '378', '--raw', '--subdir', 'DAGS_FOLDER/get_finance.py', '--cfg-path', '/tmp/tmpo7f5wx5m', '--error-file', '/tmp/tmpoc6603sk']
[2023-10-29 14:36:02,908] {standard_task_runner.py:80} INFO - Job 378: Subtask transform_stocks
[2023-10-29 14:36:03,100] {task_command.py:370} INFO - Running <TaskInstance: get_stocks_dag.transform_stocks scheduled__2023-10-24T00:00:00+00:00 [running]> on host airflow-virtual-machine
[2023-10-29 14:36:03,219] {taskinstance.py:1569} INFO - Exporting the following env vars:
AIRFLOW_CTX_DAG_OWNER=airflow
AIRFLOW_CTX_DAG_ID=get_stocks_dag
AIRFLOW_CTX_TASK_ID=transform_stocks
AIRFLOW_CTX_EXECUTION_DATE=2023-10-24T00:00:00+00:00
AIRFLOW_CTX_TRY_NUMBER=1
AIRFLOW_CTX_DAG_RUN_ID=scheduled__2023-10-24T00:00:00+00:00
[2023-10-29 14:36:03,333] {python.py:173} INFO - Done. Returned value was: None
[2023-10-29 14:36:03,422] {taskinstance.py:1395} INFO - Marking task as SUCCESS. dag_id=get_stocks_dag, task_id=transform_stocks, execution_date=20231024T000000, start_date=20231029T173602, end_date=20231029T173603
[2023-10-29 14:36:03,485] {local_task_job.py:156} INFO - Task exited with return code 0
[2023-10-29 14:36:03,542] {local_task_job.py:273} INFO - 0 downstream tasks scheduled from follow-on schedule check
