[2023-10-27 14:19:07,498] {taskinstance.py:1159} INFO - Dependencies all met for <TaskInstance: get_stocks_dag.MSFT scheduled__2023-10-24T00:00:00+00:00 [queued]>
[2023-10-27 14:19:07,506] {taskinstance.py:1159} INFO - Dependencies all met for <TaskInstance: get_stocks_dag.MSFT scheduled__2023-10-24T00:00:00+00:00 [queued]>
[2023-10-27 14:19:07,506] {taskinstance.py:1356} INFO - 
--------------------------------------------------------------------------------
[2023-10-27 14:19:07,506] {taskinstance.py:1357} INFO - Starting attempt 1 of 1
[2023-10-27 14:19:07,506] {taskinstance.py:1358} INFO - 
--------------------------------------------------------------------------------
[2023-10-27 14:19:07,515] {taskinstance.py:1377} INFO - Executing <Task(_PythonDecoratedOperator): MSFT> on 2023-10-24 00:00:00+00:00
[2023-10-27 14:19:07,519] {standard_task_runner.py:52} INFO - Started process 18139 to run task
[2023-10-27 14:19:07,523] {standard_task_runner.py:79} INFO - Running: ['airflow', 'tasks', 'run', 'get_stocks_dag', 'MSFT', 'scheduled__2023-10-24T00:00:00+00:00', '--job-id', '66', '--raw', '--subdir', 'DAGS_FOLDER/get_finance.py', '--cfg-path', '/tmp/tmpnw749jza', '--error-file', '/tmp/tmp9fi_1ihj']
[2023-10-27 14:19:07,524] {standard_task_runner.py:80} INFO - Job 66: Subtask MSFT
[2023-10-27 14:19:07,574] {task_command.py:370} INFO - Running <TaskInstance: get_stocks_dag.MSFT scheduled__2023-10-24T00:00:00+00:00 [running]> on host airflow-virtual-machine
[2023-10-27 14:19:07,622] {taskinstance.py:1569} INFO - Exporting the following env vars:
AIRFLOW_CTX_DAG_OWNER=airflow
AIRFLOW_CTX_DAG_ID=get_stocks_dag
AIRFLOW_CTX_TASK_ID=MSFT
AIRFLOW_CTX_EXECUTION_DATE=2023-10-24T00:00:00+00:00
AIRFLOW_CTX_TRY_NUMBER=1
AIRFLOW_CTX_DAG_RUN_ID=scheduled__2023-10-24T00:00:00+00:00
[2023-10-27 14:19:08,139] {taskinstance.py:1889} ERROR - Task failed with exception
Traceback (most recent call last):
  File "/home/gabriel/Documents/project_finance/venv/lib/python3.9/site-packages/airflow/decorators/base.py", line 179, in execute
    return_value = super().execute(context)
  File "/home/gabriel/Documents/project_finance/venv/lib/python3.9/site-packages/airflow/operators/python.py", line 171, in execute
    return_value = self.execute_callable()
  File "/home/gabriel/Documents/project_finance/venv/lib/python3.9/site-packages/airflow/operators/python.py", line 189, in execute_callable
    return self.python_callable(*self.op_args, **self.op_kwargs)
  File "/home/gabriel/Documents/project_finance/airflow/dags/get_finance.py", line 18, in get_history
    yfinance.Ticker(ticker).history(
  File "/home/gabriel/Documents/project_finance/venv/lib/python3.9/site-packages/pandas/core/generic.py", line 3902, in to_csv
    return DataFrameRenderer(formatter).to_csv(
  File "/home/gabriel/Documents/project_finance/venv/lib/python3.9/site-packages/pandas/io/formats/format.py", line 1152, in to_csv
    csv_formatter.save()
  File "/home/gabriel/Documents/project_finance/venv/lib/python3.9/site-packages/pandas/io/formats/csvs.py", line 247, in save
    with get_handle(
  File "/home/gabriel/Documents/project_finance/venv/lib/python3.9/site-packages/pandas/io/common.py", line 739, in get_handle
    check_parent_directory(str(handle))
  File "/home/gabriel/Documents/project_finance/venv/lib/python3.9/site-packages/pandas/io/common.py", line 604, in check_parent_directory
    raise OSError(rf"Cannot save file into a non-existent directory: '{parent}'")
OSError: Cannot save file into a non-existent directory: '/home/gabriel/Documents/project_finance/datalake/stocks/MSFT'
[2023-10-27 14:19:08,145] {taskinstance.py:1395} INFO - Marking task as FAILED. dag_id=get_stocks_dag, task_id=MSFT, execution_date=20231024T000000, start_date=20231027T171907, end_date=20231027T171908
[2023-10-27 14:19:08,155] {standard_task_runner.py:92} ERROR - Failed to execute job 66 for task MSFT (Cannot save file into a non-existent directory: '/home/gabriel/Documents/project_finance/datalake/stocks/MSFT'; 18139)
[2023-10-27 14:19:08,195] {local_task_job.py:156} INFO - Task exited with return code 1
[2023-10-27 14:19:08,209] {local_task_job.py:273} INFO - 0 downstream tasks scheduled from follow-on schedule check
[2023-10-27 14:37:26,394] {taskinstance.py:1159} INFO - Dependencies all met for <TaskInstance: get_stocks_dag.MSFT scheduled__2023-10-24T00:00:00+00:00 [queued]>
[2023-10-27 14:37:26,432] {taskinstance.py:1159} INFO - Dependencies all met for <TaskInstance: get_stocks_dag.MSFT scheduled__2023-10-24T00:00:00+00:00 [queued]>
[2023-10-27 14:37:26,436] {taskinstance.py:1356} INFO - 
--------------------------------------------------------------------------------
[2023-10-27 14:37:26,436] {taskinstance.py:1357} INFO - Starting attempt 1 of 1
[2023-10-27 14:37:26,436] {taskinstance.py:1358} INFO - 
--------------------------------------------------------------------------------
[2023-10-27 14:37:26,484] {taskinstance.py:1377} INFO - Executing <Task(_PythonDecoratedOperator): MSFT> on 2023-10-24 00:00:00+00:00
[2023-10-27 14:37:26,498] {standard_task_runner.py:52} INFO - Started process 21392 to run task
[2023-10-27 14:37:26,504] {standard_task_runner.py:79} INFO - Running: ['airflow', 'tasks', 'run', 'get_stocks_dag', 'MSFT', 'scheduled__2023-10-24T00:00:00+00:00', '--job-id', '66', '--raw', '--subdir', 'DAGS_FOLDER/get_finance.py', '--cfg-path', '/tmp/tmp4pl8gz1o', '--error-file', '/tmp/tmp4v8bqqri']
[2023-10-27 14:37:26,505] {standard_task_runner.py:80} INFO - Job 66: Subtask MSFT
[2023-10-27 14:37:26,580] {task_command.py:370} INFO - Running <TaskInstance: get_stocks_dag.MSFT scheduled__2023-10-24T00:00:00+00:00 [running]> on host airflow-virtual-machine
[2023-10-27 14:37:26,685] {taskinstance.py:1569} INFO - Exporting the following env vars:
AIRFLOW_CTX_DAG_OWNER=airflow
AIRFLOW_CTX_DAG_ID=get_stocks_dag
AIRFLOW_CTX_TASK_ID=MSFT
AIRFLOW_CTX_EXECUTION_DATE=2023-10-24T00:00:00+00:00
AIRFLOW_CTX_TRY_NUMBER=1
AIRFLOW_CTX_DAG_RUN_ID=scheduled__2023-10-24T00:00:00+00:00
[2023-10-27 14:37:27,155] {python.py:173} INFO - Done. Returned value was: None
[2023-10-27 14:37:27,162] {taskinstance.py:1395} INFO - Marking task as SUCCESS. dag_id=get_stocks_dag, task_id=MSFT, execution_date=20231024T000000, start_date=20231027T173726, end_date=20231027T173727
[2023-10-27 14:37:27,197] {local_task_job.py:156} INFO - Task exited with return code 0
[2023-10-27 14:37:27,222] {local_task_job.py:273} INFO - 0 downstream tasks scheduled from follow-on schedule check
[2023-10-27 14:56:23,653] {taskinstance.py:1159} INFO - Dependencies all met for <TaskInstance: get_stocks_dag.MSFT scheduled__2023-10-24T00:00:00+00:00 [queued]>
[2023-10-27 14:56:23,659] {taskinstance.py:1159} INFO - Dependencies all met for <TaskInstance: get_stocks_dag.MSFT scheduled__2023-10-24T00:00:00+00:00 [queued]>
[2023-10-27 14:56:23,659] {taskinstance.py:1356} INFO - 
--------------------------------------------------------------------------------
[2023-10-27 14:56:23,659] {taskinstance.py:1357} INFO - Starting attempt 1 of 1
[2023-10-27 14:56:23,660] {taskinstance.py:1358} INFO - 
--------------------------------------------------------------------------------
[2023-10-27 14:56:23,672] {taskinstance.py:1377} INFO - Executing <Task(_PythonDecoratedOperator): MSFT> on 2023-10-24 00:00:00+00:00
[2023-10-27 14:56:23,676] {standard_task_runner.py:52} INFO - Started process 24033 to run task
[2023-10-27 14:56:23,680] {standard_task_runner.py:79} INFO - Running: ['airflow', 'tasks', 'run', 'get_stocks_dag', 'MSFT', 'scheduled__2023-10-24T00:00:00+00:00', '--job-id', '66', '--raw', '--subdir', 'DAGS_FOLDER/get_finance.py', '--cfg-path', '/tmp/tmpgcxamkr6', '--error-file', '/tmp/tmp__u6_vin']
[2023-10-27 14:56:23,680] {standard_task_runner.py:80} INFO - Job 66: Subtask MSFT
[2023-10-27 14:56:23,721] {task_command.py:370} INFO - Running <TaskInstance: get_stocks_dag.MSFT scheduled__2023-10-24T00:00:00+00:00 [running]> on host airflow-virtual-machine
[2023-10-27 14:56:23,770] {taskinstance.py:1569} INFO - Exporting the following env vars:
AIRFLOW_CTX_DAG_OWNER=airflow
AIRFLOW_CTX_DAG_ID=get_stocks_dag
AIRFLOW_CTX_TASK_ID=MSFT
AIRFLOW_CTX_EXECUTION_DATE=2023-10-24T00:00:00+00:00
AIRFLOW_CTX_TRY_NUMBER=1
AIRFLOW_CTX_DAG_RUN_ID=scheduled__2023-10-24T00:00:00+00:00
[2023-10-27 14:56:24,324] {python.py:173} INFO - Done. Returned value was: None
[2023-10-27 14:56:24,331] {taskinstance.py:1395} INFO - Marking task as SUCCESS. dag_id=get_stocks_dag, task_id=MSFT, execution_date=20231024T000000, start_date=20231027T175623, end_date=20231027T175624
[2023-10-27 14:56:24,358] {local_task_job.py:156} INFO - Task exited with return code 0
[2023-10-27 14:56:24,386] {local_task_job.py:273} INFO - 0 downstream tasks scheduled from follow-on schedule check
[2023-10-27 15:25:31,255] {taskinstance.py:1159} INFO - Dependencies all met for <TaskInstance: get_stocks_dag.MSFT scheduled__2023-10-24T00:00:00+00:00 [queued]>
[2023-10-27 15:25:31,264] {taskinstance.py:1159} INFO - Dependencies all met for <TaskInstance: get_stocks_dag.MSFT scheduled__2023-10-24T00:00:00+00:00 [queued]>
[2023-10-27 15:25:31,264] {taskinstance.py:1356} INFO - 
--------------------------------------------------------------------------------
[2023-10-27 15:25:31,264] {taskinstance.py:1357} INFO - Starting attempt 1 of 1
[2023-10-27 15:25:31,264] {taskinstance.py:1358} INFO - 
--------------------------------------------------------------------------------
[2023-10-27 15:25:31,276] {taskinstance.py:1377} INFO - Executing <Task(_PythonDecoratedOperator): MSFT> on 2023-10-24 00:00:00+00:00
[2023-10-27 15:25:31,280] {standard_task_runner.py:52} INFO - Started process 27857 to run task
[2023-10-27 15:25:31,285] {standard_task_runner.py:79} INFO - Running: ['airflow', 'tasks', 'run', 'get_stocks_dag', 'MSFT', 'scheduled__2023-10-24T00:00:00+00:00', '--job-id', '66', '--raw', '--subdir', 'DAGS_FOLDER/get_finance.py', '--cfg-path', '/tmp/tmp_z7k4u2a', '--error-file', '/tmp/tmp31dgp2cv']
[2023-10-27 15:25:31,292] {standard_task_runner.py:80} INFO - Job 66: Subtask MSFT
[2023-10-27 15:25:31,348] {task_command.py:370} INFO - Running <TaskInstance: get_stocks_dag.MSFT scheduled__2023-10-24T00:00:00+00:00 [running]> on host airflow-virtual-machine
[2023-10-27 15:25:31,401] {taskinstance.py:1569} INFO - Exporting the following env vars:
AIRFLOW_CTX_DAG_OWNER=airflow
AIRFLOW_CTX_DAG_ID=get_stocks_dag
AIRFLOW_CTX_TASK_ID=MSFT
AIRFLOW_CTX_EXECUTION_DATE=2023-10-24T00:00:00+00:00
AIRFLOW_CTX_TRY_NUMBER=1
AIRFLOW_CTX_DAG_RUN_ID=scheduled__2023-10-24T00:00:00+00:00
[2023-10-27 15:25:32,004] {python.py:173} INFO - Done. Returned value was: None
[2023-10-27 15:25:32,009] {taskinstance.py:1395} INFO - Marking task as SUCCESS. dag_id=get_stocks_dag, task_id=MSFT, execution_date=20231024T000000, start_date=20231027T182531, end_date=20231027T182532
[2023-10-27 15:25:32,029] {local_task_job.py:156} INFO - Task exited with return code 0
[2023-10-27 15:25:32,044] {local_task_job.py:273} INFO - 0 downstream tasks scheduled from follow-on schedule check
[2023-10-27 17:04:40,645] {taskinstance.py:1159} INFO - Dependencies all met for <TaskInstance: get_stocks_dag.MSFT scheduled__2023-10-24T00:00:00+00:00 [queued]>
[2023-10-27 17:04:40,654] {taskinstance.py:1159} INFO - Dependencies all met for <TaskInstance: get_stocks_dag.MSFT scheduled__2023-10-24T00:00:00+00:00 [queued]>
[2023-10-27 17:04:40,654] {taskinstance.py:1356} INFO - 
--------------------------------------------------------------------------------
[2023-10-27 17:04:40,655] {taskinstance.py:1357} INFO - Starting attempt 1 of 1
[2023-10-27 17:04:40,655] {taskinstance.py:1358} INFO - 
--------------------------------------------------------------------------------
[2023-10-27 17:04:40,667] {taskinstance.py:1377} INFO - Executing <Task(_PythonDecoratedOperator): MSFT> on 2023-10-24 00:00:00+00:00
[2023-10-27 17:04:40,672] {standard_task_runner.py:52} INFO - Started process 40255 to run task
[2023-10-27 17:04:40,675] {standard_task_runner.py:79} INFO - Running: ['airflow', 'tasks', 'run', 'get_stocks_dag', 'MSFT', 'scheduled__2023-10-24T00:00:00+00:00', '--job-id', '81', '--raw', '--subdir', 'DAGS_FOLDER/get_finance.py', '--cfg-path', '/tmp/tmp_ph6_f7g', '--error-file', '/tmp/tmpy348fzqx']
[2023-10-27 17:04:40,676] {standard_task_runner.py:80} INFO - Job 81: Subtask MSFT
[2023-10-27 17:04:40,743] {task_command.py:370} INFO - Running <TaskInstance: get_stocks_dag.MSFT scheduled__2023-10-24T00:00:00+00:00 [running]> on host airflow-virtual-machine
[2023-10-27 17:04:40,839] {taskinstance.py:1569} INFO - Exporting the following env vars:
AIRFLOW_CTX_DAG_OWNER=airflow
AIRFLOW_CTX_DAG_ID=get_stocks_dag
AIRFLOW_CTX_TASK_ID=MSFT
AIRFLOW_CTX_EXECUTION_DATE=2023-10-24T00:00:00+00:00
AIRFLOW_CTX_TRY_NUMBER=1
AIRFLOW_CTX_DAG_RUN_ID=scheduled__2023-10-24T00:00:00+00:00
[2023-10-27 17:04:41,450] {python.py:173} INFO - Done. Returned value was: None
[2023-10-27 17:04:41,457] {taskinstance.py:1395} INFO - Marking task as SUCCESS. dag_id=get_stocks_dag, task_id=MSFT, execution_date=20231024T000000, start_date=20231027T200440, end_date=20231027T200441
[2023-10-27 17:04:41,504] {local_task_job.py:156} INFO - Task exited with return code 0
[2023-10-27 17:04:41,647] {local_task_job.py:273} INFO - 0 downstream tasks scheduled from follow-on schedule check
[2023-10-27 17:11:43,494] {taskinstance.py:1159} INFO - Dependencies all met for <TaskInstance: get_stocks_dag.MSFT scheduled__2023-10-24T00:00:00+00:00 [queued]>
[2023-10-27 17:11:43,500] {taskinstance.py:1159} INFO - Dependencies all met for <TaskInstance: get_stocks_dag.MSFT scheduled__2023-10-24T00:00:00+00:00 [queued]>
[2023-10-27 17:11:43,500] {taskinstance.py:1356} INFO - 
--------------------------------------------------------------------------------
[2023-10-27 17:11:43,500] {taskinstance.py:1357} INFO - Starting attempt 1 of 1
[2023-10-27 17:11:43,500] {taskinstance.py:1358} INFO - 
--------------------------------------------------------------------------------
[2023-10-27 17:11:43,509] {taskinstance.py:1377} INFO - Executing <Task(_PythonDecoratedOperator): MSFT> on 2023-10-24 00:00:00+00:00
[2023-10-27 17:11:43,513] {standard_task_runner.py:52} INFO - Started process 41940 to run task
[2023-10-27 17:11:43,517] {standard_task_runner.py:79} INFO - Running: ['airflow', 'tasks', 'run', 'get_stocks_dag', 'MSFT', 'scheduled__2023-10-24T00:00:00+00:00', '--job-id', '81', '--raw', '--subdir', 'DAGS_FOLDER/get_finance.py', '--cfg-path', '/tmp/tmpvkuu5e6t', '--error-file', '/tmp/tmptrsb0_gx']
[2023-10-27 17:11:43,517] {standard_task_runner.py:80} INFO - Job 81: Subtask MSFT
[2023-10-27 17:11:43,555] {task_command.py:370} INFO - Running <TaskInstance: get_stocks_dag.MSFT scheduled__2023-10-24T00:00:00+00:00 [running]> on host airflow-virtual-machine
[2023-10-27 17:11:43,619] {taskinstance.py:1569} INFO - Exporting the following env vars:
AIRFLOW_CTX_DAG_OWNER=airflow
AIRFLOW_CTX_DAG_ID=get_stocks_dag
AIRFLOW_CTX_TASK_ID=MSFT
AIRFLOW_CTX_EXECUTION_DATE=2023-10-24T00:00:00+00:00
AIRFLOW_CTX_TRY_NUMBER=1
AIRFLOW_CTX_DAG_RUN_ID=scheduled__2023-10-24T00:00:00+00:00
[2023-10-27 17:11:44,318] {python.py:173} INFO - Done. Returned value was: None
[2023-10-27 17:11:44,323] {taskinstance.py:1395} INFO - Marking task as SUCCESS. dag_id=get_stocks_dag, task_id=MSFT, execution_date=20231024T000000, start_date=20231027T201143, end_date=20231027T201144
[2023-10-27 17:11:44,348] {local_task_job.py:156} INFO - Task exited with return code 0
[2023-10-27 17:11:44,374] {local_task_job.py:273} INFO - 0 downstream tasks scheduled from follow-on schedule check
[2023-10-27 18:12:22,311] {taskinstance.py:1159} INFO - Dependencies all met for <TaskInstance: get_stocks_dag.MSFT scheduled__2023-10-24T00:00:00+00:00 [queued]>
[2023-10-27 18:12:22,317] {taskinstance.py:1159} INFO - Dependencies all met for <TaskInstance: get_stocks_dag.MSFT scheduled__2023-10-24T00:00:00+00:00 [queued]>
[2023-10-27 18:12:22,317] {taskinstance.py:1356} INFO - 
--------------------------------------------------------------------------------
[2023-10-27 18:12:22,318] {taskinstance.py:1357} INFO - Starting attempt 1 of 1
[2023-10-27 18:12:22,318] {taskinstance.py:1358} INFO - 
--------------------------------------------------------------------------------
[2023-10-27 18:12:22,326] {taskinstance.py:1377} INFO - Executing <Task(_PythonDecoratedOperator): MSFT> on 2023-10-24 00:00:00+00:00
[2023-10-27 18:12:22,330] {standard_task_runner.py:52} INFO - Started process 50077 to run task
[2023-10-27 18:12:22,334] {standard_task_runner.py:79} INFO - Running: ['airflow', 'tasks', 'run', 'get_stocks_dag', 'MSFT', 'scheduled__2023-10-24T00:00:00+00:00', '--job-id', '80', '--raw', '--subdir', 'DAGS_FOLDER/get_finance.py', '--cfg-path', '/tmp/tmp7pklwyb6', '--error-file', '/tmp/tmpp_t5mqyg']
[2023-10-27 18:12:22,335] {standard_task_runner.py:80} INFO - Job 80: Subtask MSFT
[2023-10-27 18:12:22,374] {task_command.py:370} INFO - Running <TaskInstance: get_stocks_dag.MSFT scheduled__2023-10-24T00:00:00+00:00 [running]> on host airflow-virtual-machine
[2023-10-27 18:12:22,421] {taskinstance.py:1569} INFO - Exporting the following env vars:
AIRFLOW_CTX_DAG_OWNER=airflow
AIRFLOW_CTX_DAG_ID=get_stocks_dag
AIRFLOW_CTX_TASK_ID=MSFT
AIRFLOW_CTX_EXECUTION_DATE=2023-10-24T00:00:00+00:00
AIRFLOW_CTX_TRY_NUMBER=1
AIRFLOW_CTX_DAG_RUN_ID=scheduled__2023-10-24T00:00:00+00:00
[2023-10-27 18:12:22,858] {python.py:173} INFO - Done. Returned value was: None
[2023-10-27 18:12:22,863] {taskinstance.py:1395} INFO - Marking task as SUCCESS. dag_id=get_stocks_dag, task_id=MSFT, execution_date=20231024T000000, start_date=20231027T211222, end_date=20231027T211222
[2023-10-27 18:12:22,917] {local_task_job.py:156} INFO - Task exited with return code 0
[2023-10-27 18:12:22,935] {local_task_job.py:273} INFO - 0 downstream tasks scheduled from follow-on schedule check
