[2023-10-27 17:02:41,475] {taskinstance.py:1159} INFO - Dependencies all met for <TaskInstance: get_stocks_dag.trasform_silver scheduled__2023-10-12T00:00:00+00:00 [queued]>
[2023-10-27 17:02:41,483] {taskinstance.py:1159} INFO - Dependencies all met for <TaskInstance: get_stocks_dag.trasform_silver scheduled__2023-10-12T00:00:00+00:00 [queued]>
[2023-10-27 17:02:41,483] {taskinstance.py:1356} INFO - 
--------------------------------------------------------------------------------
[2023-10-27 17:02:41,483] {taskinstance.py:1357} INFO - Starting attempt 1 of 1
[2023-10-27 17:02:41,483] {taskinstance.py:1358} INFO - 
--------------------------------------------------------------------------------
[2023-10-27 17:02:41,491] {taskinstance.py:1377} INFO - Executing <Task(_PythonDecoratedOperator): trasform_silver> on 2023-10-12 00:00:00+00:00
[2023-10-27 17:02:41,496] {standard_task_runner.py:52} INFO - Started process 39662 to run task
[2023-10-27 17:02:41,499] {standard_task_runner.py:79} INFO - Running: ['airflow', 'tasks', 'run', 'get_stocks_dag', 'trasform_silver', 'scheduled__2023-10-12T00:00:00+00:00', '--job-id', '44', '--raw', '--subdir', 'DAGS_FOLDER/get_finance.py', '--cfg-path', '/tmp/tmp0qarwdvn', '--error-file', '/tmp/tmpijs5j7i9']
[2023-10-27 17:02:41,500] {standard_task_runner.py:80} INFO - Job 44: Subtask trasform_silver
[2023-10-27 17:02:41,548] {task_command.py:370} INFO - Running <TaskInstance: get_stocks_dag.trasform_silver scheduled__2023-10-12T00:00:00+00:00 [running]> on host airflow-virtual-machine
[2023-10-27 17:02:41,592] {taskinstance.py:1569} INFO - Exporting the following env vars:
AIRFLOW_CTX_DAG_OWNER=airflow
AIRFLOW_CTX_DAG_ID=get_stocks_dag
AIRFLOW_CTX_TASK_ID=trasform_silver
AIRFLOW_CTX_EXECUTION_DATE=2023-10-12T00:00:00+00:00
AIRFLOW_CTX_TRY_NUMBER=1
AIRFLOW_CTX_DAG_RUN_ID=scheduled__2023-10-12T00:00:00+00:00
[2023-10-27 17:02:41,593] {taskinstance.py:1889} ERROR - Task failed with exception
Traceback (most recent call last):
  File "/home/gabriel/Documents/project_finance/venv/lib/python3.9/site-packages/airflow/decorators/base.py", line 179, in execute
    return_value = super().execute(context)
  File "/home/gabriel/Documents/project_finance/venv/lib/python3.9/site-packages/airflow/operators/python.py", line 171, in execute
    return_value = self.execute_callable()
  File "/home/gabriel/Documents/project_finance/venv/lib/python3.9/site-packages/airflow/operators/python.py", line 189, in execute_callable
    return self.python_callable(*self.op_args, **self.op_kwargs)
  File "/home/gabriel/Documents/project_finance/airflow/dags/get_finance.py", line 42, in transform_silver
    df.to_csv(os.path.join(dest_path, f'Stocks_{ds_add(ds, -1)}.csv'), index=False)
AttributeError: 'list' object has no attribute 'to_csv'
[2023-10-27 17:02:41,597] {taskinstance.py:1395} INFO - Marking task as FAILED. dag_id=get_stocks_dag, task_id=trasform_silver, execution_date=20231012T000000, start_date=20231027T200241, end_date=20231027T200241
[2023-10-27 17:02:41,604] {standard_task_runner.py:92} ERROR - Failed to execute job 44 for task trasform_silver ('list' object has no attribute 'to_csv'; 39662)
[2023-10-27 17:02:41,633] {local_task_job.py:156} INFO - Task exited with return code 1
[2023-10-27 17:02:41,648] {local_task_job.py:273} INFO - 0 downstream tasks scheduled from follow-on schedule check
[2023-10-27 17:09:58,855] {taskinstance.py:1159} INFO - Dependencies all met for <TaskInstance: get_stocks_dag.trasform_silver scheduled__2023-10-12T00:00:00+00:00 [queued]>
[2023-10-27 17:09:58,871] {taskinstance.py:1159} INFO - Dependencies all met for <TaskInstance: get_stocks_dag.trasform_silver scheduled__2023-10-12T00:00:00+00:00 [queued]>
[2023-10-27 17:09:58,873] {taskinstance.py:1356} INFO - 
--------------------------------------------------------------------------------
[2023-10-27 17:09:58,873] {taskinstance.py:1357} INFO - Starting attempt 1 of 1
[2023-10-27 17:09:58,873] {taskinstance.py:1358} INFO - 
--------------------------------------------------------------------------------
[2023-10-27 17:09:58,887] {taskinstance.py:1377} INFO - Executing <Task(_PythonDecoratedOperator): trasform_silver> on 2023-10-12 00:00:00+00:00
[2023-10-27 17:09:58,893] {standard_task_runner.py:52} INFO - Started process 41387 to run task
[2023-10-27 17:09:58,896] {standard_task_runner.py:79} INFO - Running: ['airflow', 'tasks', 'run', 'get_stocks_dag', 'trasform_silver', 'scheduled__2023-10-12T00:00:00+00:00', '--job-id', '44', '--raw', '--subdir', 'DAGS_FOLDER/get_finance.py', '--cfg-path', '/tmp/tmp6cmndk0a', '--error-file', '/tmp/tmpr1_6pe9a']
[2023-10-27 17:09:58,897] {standard_task_runner.py:80} INFO - Job 44: Subtask trasform_silver
[2023-10-27 17:09:58,941] {task_command.py:370} INFO - Running <TaskInstance: get_stocks_dag.trasform_silver scheduled__2023-10-12T00:00:00+00:00 [running]> on host airflow-virtual-machine
[2023-10-27 17:09:58,995] {taskinstance.py:1569} INFO - Exporting the following env vars:
AIRFLOW_CTX_DAG_OWNER=airflow
AIRFLOW_CTX_DAG_ID=get_stocks_dag
AIRFLOW_CTX_TASK_ID=trasform_silver
AIRFLOW_CTX_EXECUTION_DATE=2023-10-12T00:00:00+00:00
AIRFLOW_CTX_TRY_NUMBER=1
AIRFLOW_CTX_DAG_RUN_ID=scheduled__2023-10-12T00:00:00+00:00
[2023-10-27 17:09:59,019] {python.py:173} INFO - Done. Returned value was: None
[2023-10-27 17:09:59,025] {taskinstance.py:1395} INFO - Marking task as SUCCESS. dag_id=get_stocks_dag, task_id=trasform_silver, execution_date=20231012T000000, start_date=20231027T200958, end_date=20231027T200959
[2023-10-27 17:09:59,070] {local_task_job.py:156} INFO - Task exited with return code 0
[2023-10-27 17:09:59,084] {local_task_job.py:273} INFO - 0 downstream tasks scheduled from follow-on schedule check
