[2023-10-27 14:16:51,793] {taskinstance.py:1159} INFO - Dependencies all met for <TaskInstance: get_stocks_dag.GOOG scheduled__2023-10-07T00:00:00+00:00 [queued]>
[2023-10-27 14:16:51,801] {taskinstance.py:1159} INFO - Dependencies all met for <TaskInstance: get_stocks_dag.GOOG scheduled__2023-10-07T00:00:00+00:00 [queued]>
[2023-10-27 14:16:51,801] {taskinstance.py:1356} INFO - 
--------------------------------------------------------------------------------
[2023-10-27 14:16:51,801] {taskinstance.py:1357} INFO - Starting attempt 1 of 1
[2023-10-27 14:16:51,801] {taskinstance.py:1358} INFO - 
--------------------------------------------------------------------------------
[2023-10-27 14:16:51,815] {taskinstance.py:1377} INFO - Executing <Task(_PythonDecoratedOperator): GOOG> on 2023-10-07 00:00:00+00:00
[2023-10-27 14:16:51,818] {standard_task_runner.py:52} INFO - Started process 17351 to run task
[2023-10-27 14:16:51,822] {standard_task_runner.py:79} INFO - Running: ['airflow', 'tasks', 'run', 'get_stocks_dag', 'GOOG', 'scheduled__2023-10-07T00:00:00+00:00', '--job-id', '23', '--raw', '--subdir', 'DAGS_FOLDER/get_finance.py', '--cfg-path', '/tmp/tmp3t9386ni', '--error-file', '/tmp/tmp6mzfgsz4']
[2023-10-27 14:16:51,823] {standard_task_runner.py:80} INFO - Job 23: Subtask GOOG
[2023-10-27 14:16:51,881] {task_command.py:370} INFO - Running <TaskInstance: get_stocks_dag.GOOG scheduled__2023-10-07T00:00:00+00:00 [running]> on host airflow-virtual-machine
[2023-10-27 14:16:51,924] {taskinstance.py:1569} INFO - Exporting the following env vars:
AIRFLOW_CTX_DAG_OWNER=airflow
AIRFLOW_CTX_DAG_ID=get_stocks_dag
AIRFLOW_CTX_TASK_ID=GOOG
AIRFLOW_CTX_EXECUTION_DATE=2023-10-07T00:00:00+00:00
AIRFLOW_CTX_TRY_NUMBER=1
AIRFLOW_CTX_DAG_RUN_ID=scheduled__2023-10-07T00:00:00+00:00
[2023-10-27 14:16:52,392] {taskinstance.py:1889} ERROR - Task failed with exception
Traceback (most recent call last):
  File "/home/gabriel/Documents/project_finance/venv/lib/python3.9/site-packages/airflow/decorators/base.py", line 179, in execute
    return_value = super().execute(context)
  File "/home/gabriel/Documents/project_finance/venv/lib/python3.9/site-packages/airflow/operators/python.py", line 171, in execute
    return_value = self.execute_callable()
  File "/home/gabriel/Documents/project_finance/venv/lib/python3.9/site-packages/airflow/operators/python.py", line 189, in execute_callable
    return self.python_callable(*self.op_args, **self.op_kwargs)
  File "/home/gabriel/Documents/project_finance/airflow/dags/get_finance.py", line 18, in get_history
    yfinance.Ticker(ticker).history(
  File "/home/gabriel/Documents/project_finance/venv/lib/python3.9/site-packages/pandas/core/generic.py", line 3902, in to_csv
    return DataFrameRenderer(formatter).to_csv(
  File "/home/gabriel/Documents/project_finance/venv/lib/python3.9/site-packages/pandas/io/formats/format.py", line 1152, in to_csv
    csv_formatter.save()
  File "/home/gabriel/Documents/project_finance/venv/lib/python3.9/site-packages/pandas/io/formats/csvs.py", line 247, in save
    with get_handle(
  File "/home/gabriel/Documents/project_finance/venv/lib/python3.9/site-packages/pandas/io/common.py", line 739, in get_handle
    check_parent_directory(str(handle))
  File "/home/gabriel/Documents/project_finance/venv/lib/python3.9/site-packages/pandas/io/common.py", line 604, in check_parent_directory
    raise OSError(rf"Cannot save file into a non-existent directory: '{parent}'")
OSError: Cannot save file into a non-existent directory: '/home/gabriel/Documents/project_finance/datalake/stocks/GOOG'
[2023-10-27 14:16:52,397] {taskinstance.py:1395} INFO - Marking task as FAILED. dag_id=get_stocks_dag, task_id=GOOG, execution_date=20231007T000000, start_date=20231027T171651, end_date=20231027T171652
[2023-10-27 14:16:52,411] {standard_task_runner.py:92} ERROR - Failed to execute job 23 for task GOOG (Cannot save file into a non-existent directory: '/home/gabriel/Documents/project_finance/datalake/stocks/GOOG'; 17351)
[2023-10-27 14:16:52,455] {local_task_job.py:156} INFO - Task exited with return code 1
[2023-10-27 14:16:52,472] {local_task_job.py:273} INFO - 0 downstream tasks scheduled from follow-on schedule check
[2023-10-27 14:30:13,905] {taskinstance.py:1159} INFO - Dependencies all met for <TaskInstance: get_stocks_dag.GOOG scheduled__2023-10-07T00:00:00+00:00 [queued]>
[2023-10-27 14:30:13,919] {taskinstance.py:1159} INFO - Dependencies all met for <TaskInstance: get_stocks_dag.GOOG scheduled__2023-10-07T00:00:00+00:00 [queued]>
[2023-10-27 14:30:13,922] {taskinstance.py:1356} INFO - 
--------------------------------------------------------------------------------
[2023-10-27 14:30:13,922] {taskinstance.py:1357} INFO - Starting attempt 1 of 1
[2023-10-27 14:30:13,922] {taskinstance.py:1358} INFO - 
--------------------------------------------------------------------------------
[2023-10-27 14:30:13,946] {taskinstance.py:1377} INFO - Executing <Task(_PythonDecoratedOperator): GOOG> on 2023-10-07 00:00:00+00:00
[2023-10-27 14:30:13,962] {standard_task_runner.py:52} INFO - Started process 19710 to run task
[2023-10-27 14:30:13,970] {standard_task_runner.py:79} INFO - Running: ['airflow', 'tasks', 'run', 'get_stocks_dag', 'GOOG', 'scheduled__2023-10-07T00:00:00+00:00', '--job-id', '23', '--raw', '--subdir', 'DAGS_FOLDER/get_finance.py', '--cfg-path', '/tmp/tmpt655lmkx', '--error-file', '/tmp/tmptndr4k1c']
[2023-10-27 14:30:13,971] {standard_task_runner.py:80} INFO - Job 23: Subtask GOOG
[2023-10-27 14:30:14,057] {task_command.py:370} INFO - Running <TaskInstance: get_stocks_dag.GOOG scheduled__2023-10-07T00:00:00+00:00 [running]> on host airflow-virtual-machine
[2023-10-27 14:30:14,225] {taskinstance.py:1569} INFO - Exporting the following env vars:
AIRFLOW_CTX_DAG_OWNER=airflow
AIRFLOW_CTX_DAG_ID=get_stocks_dag
AIRFLOW_CTX_TASK_ID=GOOG
AIRFLOW_CTX_EXECUTION_DATE=2023-10-07T00:00:00+00:00
AIRFLOW_CTX_TRY_NUMBER=1
AIRFLOW_CTX_DAG_RUN_ID=scheduled__2023-10-07T00:00:00+00:00
[2023-10-27 14:30:14,786] {taskinstance.py:1889} ERROR - Task failed with exception
Traceback (most recent call last):
  File "/home/gabriel/Documents/project_finance/venv/lib/python3.9/site-packages/airflow/decorators/base.py", line 179, in execute
    return_value = super().execute(context)
  File "/home/gabriel/Documents/project_finance/venv/lib/python3.9/site-packages/airflow/operators/python.py", line 171, in execute
    return_value = self.execute_callable()
  File "/home/gabriel/Documents/project_finance/venv/lib/python3.9/site-packages/airflow/operators/python.py", line 189, in execute_callable
    return self.python_callable(*self.op_args, **self.op_kwargs)
  File "/home/gabriel/Documents/project_finance/airflow/dags/get_finance.py", line 20, in get_history
    yfinance.Ticker(ticker).history(
  File "/home/gabriel/Documents/project_finance/venv/lib/python3.9/site-packages/pandas/core/generic.py", line 3902, in to_csv
    return DataFrameRenderer(formatter).to_csv(
  File "/home/gabriel/Documents/project_finance/venv/lib/python3.9/site-packages/pandas/io/formats/format.py", line 1152, in to_csv
    csv_formatter.save()
  File "/home/gabriel/Documents/project_finance/venv/lib/python3.9/site-packages/pandas/io/formats/csvs.py", line 247, in save
    with get_handle(
  File "/home/gabriel/Documents/project_finance/venv/lib/python3.9/site-packages/pandas/io/common.py", line 863, in get_handle
    handle = open(
PermissionError: [Errno 13] Permission denied: '/GOOG_20231007.csv'
[2023-10-27 14:30:14,803] {taskinstance.py:1395} INFO - Marking task as FAILED. dag_id=get_stocks_dag, task_id=GOOG, execution_date=20231007T000000, start_date=20231027T173013, end_date=20231027T173014
[2023-10-27 14:30:14,844] {standard_task_runner.py:92} ERROR - Failed to execute job 23 for task GOOG ([Errno 13] Permission denied: '/GOOG_20231007.csv'; 19710)
[2023-10-27 14:30:14,863] {local_task_job.py:156} INFO - Task exited with return code 1
[2023-10-27 14:30:14,897] {local_task_job.py:273} INFO - 0 downstream tasks scheduled from follow-on schedule check
[2023-10-27 14:34:02,627] {taskinstance.py:1159} INFO - Dependencies all met for <TaskInstance: get_stocks_dag.GOOG scheduled__2023-10-07T00:00:00+00:00 [queued]>
[2023-10-27 14:34:02,647] {taskinstance.py:1159} INFO - Dependencies all met for <TaskInstance: get_stocks_dag.GOOG scheduled__2023-10-07T00:00:00+00:00 [queued]>
[2023-10-27 14:34:02,647] {taskinstance.py:1356} INFO - 
--------------------------------------------------------------------------------
[2023-10-27 14:34:02,648] {taskinstance.py:1357} INFO - Starting attempt 1 of 1
[2023-10-27 14:34:02,648] {taskinstance.py:1358} INFO - 
--------------------------------------------------------------------------------
[2023-10-27 14:34:02,664] {taskinstance.py:1377} INFO - Executing <Task(_PythonDecoratedOperator): GOOG> on 2023-10-07 00:00:00+00:00
[2023-10-27 14:34:02,670] {standard_task_runner.py:52} INFO - Started process 20666 to run task
[2023-10-27 14:34:02,674] {standard_task_runner.py:79} INFO - Running: ['airflow', 'tasks', 'run', 'get_stocks_dag', 'GOOG', 'scheduled__2023-10-07T00:00:00+00:00', '--job-id', '23', '--raw', '--subdir', 'DAGS_FOLDER/get_finance.py', '--cfg-path', '/tmp/tmpx1x9jfmk', '--error-file', '/tmp/tmphikhqf8v']
[2023-10-27 14:34:02,675] {standard_task_runner.py:80} INFO - Job 23: Subtask GOOG
[2023-10-27 14:34:02,821] {task_command.py:370} INFO - Running <TaskInstance: get_stocks_dag.GOOG scheduled__2023-10-07T00:00:00+00:00 [running]> on host airflow-virtual-machine
[2023-10-27 14:34:02,959] {taskinstance.py:1569} INFO - Exporting the following env vars:
AIRFLOW_CTX_DAG_OWNER=airflow
AIRFLOW_CTX_DAG_ID=get_stocks_dag
AIRFLOW_CTX_TASK_ID=GOOG
AIRFLOW_CTX_EXECUTION_DATE=2023-10-07T00:00:00+00:00
AIRFLOW_CTX_TRY_NUMBER=1
AIRFLOW_CTX_DAG_RUN_ID=scheduled__2023-10-07T00:00:00+00:00
[2023-10-27 14:34:03,463] {python.py:173} INFO - Done. Returned value was: None
[2023-10-27 14:34:03,475] {taskinstance.py:1395} INFO - Marking task as SUCCESS. dag_id=get_stocks_dag, task_id=GOOG, execution_date=20231007T000000, start_date=20231027T173402, end_date=20231027T173403
[2023-10-27 14:34:03,536] {local_task_job.py:156} INFO - Task exited with return code 0
[2023-10-27 14:34:03,559] {local_task_job.py:273} INFO - 0 downstream tasks scheduled from follow-on schedule check
[2023-10-27 14:54:15,143] {taskinstance.py:1159} INFO - Dependencies all met for <TaskInstance: get_stocks_dag.GOOG scheduled__2023-10-07T00:00:00+00:00 [queued]>
[2023-10-27 14:54:15,151] {taskinstance.py:1159} INFO - Dependencies all met for <TaskInstance: get_stocks_dag.GOOG scheduled__2023-10-07T00:00:00+00:00 [queued]>
[2023-10-27 14:54:15,151] {taskinstance.py:1356} INFO - 
--------------------------------------------------------------------------------
[2023-10-27 14:54:15,151] {taskinstance.py:1357} INFO - Starting attempt 1 of 1
[2023-10-27 14:54:15,151] {taskinstance.py:1358} INFO - 
--------------------------------------------------------------------------------
[2023-10-27 14:54:15,162] {taskinstance.py:1377} INFO - Executing <Task(_PythonDecoratedOperator): GOOG> on 2023-10-07 00:00:00+00:00
[2023-10-27 14:54:15,166] {standard_task_runner.py:52} INFO - Started process 23359 to run task
[2023-10-27 14:54:15,169] {standard_task_runner.py:79} INFO - Running: ['airflow', 'tasks', 'run', 'get_stocks_dag', 'GOOG', 'scheduled__2023-10-07T00:00:00+00:00', '--job-id', '23', '--raw', '--subdir', 'DAGS_FOLDER/get_finance.py', '--cfg-path', '/tmp/tmpochoqneq', '--error-file', '/tmp/tmpjieayq9s']
[2023-10-27 14:54:15,170] {standard_task_runner.py:80} INFO - Job 23: Subtask GOOG
[2023-10-27 14:54:15,210] {task_command.py:370} INFO - Running <TaskInstance: get_stocks_dag.GOOG scheduled__2023-10-07T00:00:00+00:00 [running]> on host airflow-virtual-machine
[2023-10-27 14:54:15,270] {taskinstance.py:1569} INFO - Exporting the following env vars:
AIRFLOW_CTX_DAG_OWNER=airflow
AIRFLOW_CTX_DAG_ID=get_stocks_dag
AIRFLOW_CTX_TASK_ID=GOOG
AIRFLOW_CTX_EXECUTION_DATE=2023-10-07T00:00:00+00:00
AIRFLOW_CTX_TRY_NUMBER=1
AIRFLOW_CTX_DAG_RUN_ID=scheduled__2023-10-07T00:00:00+00:00
[2023-10-27 14:54:15,751] {python.py:173} INFO - Done. Returned value was: None
[2023-10-27 14:54:15,760] {taskinstance.py:1395} INFO - Marking task as SUCCESS. dag_id=get_stocks_dag, task_id=GOOG, execution_date=20231007T000000, start_date=20231027T175415, end_date=20231027T175415
[2023-10-27 14:54:15,802] {local_task_job.py:156} INFO - Task exited with return code 0
[2023-10-27 14:54:15,819] {local_task_job.py:273} INFO - 0 downstream tasks scheduled from follow-on schedule check
[2023-10-27 15:23:29,016] {taskinstance.py:1159} INFO - Dependencies all met for <TaskInstance: get_stocks_dag.GOOG scheduled__2023-10-07T00:00:00+00:00 [queued]>
[2023-10-27 15:23:29,027] {taskinstance.py:1159} INFO - Dependencies all met for <TaskInstance: get_stocks_dag.GOOG scheduled__2023-10-07T00:00:00+00:00 [queued]>
[2023-10-27 15:23:29,027] {taskinstance.py:1356} INFO - 
--------------------------------------------------------------------------------
[2023-10-27 15:23:29,027] {taskinstance.py:1357} INFO - Starting attempt 1 of 1
[2023-10-27 15:23:29,027] {taskinstance.py:1358} INFO - 
--------------------------------------------------------------------------------
[2023-10-27 15:23:29,037] {taskinstance.py:1377} INFO - Executing <Task(_PythonDecoratedOperator): GOOG> on 2023-10-07 00:00:00+00:00
[2023-10-27 15:23:29,041] {standard_task_runner.py:52} INFO - Started process 27215 to run task
[2023-10-27 15:23:29,045] {standard_task_runner.py:79} INFO - Running: ['airflow', 'tasks', 'run', 'get_stocks_dag', 'GOOG', 'scheduled__2023-10-07T00:00:00+00:00', '--job-id', '23', '--raw', '--subdir', 'DAGS_FOLDER/get_finance.py', '--cfg-path', '/tmp/tmpu1wvym_c', '--error-file', '/tmp/tmpnfg06wgk']
[2023-10-27 15:23:29,045] {standard_task_runner.py:80} INFO - Job 23: Subtask GOOG
[2023-10-27 15:23:29,086] {task_command.py:370} INFO - Running <TaskInstance: get_stocks_dag.GOOG scheduled__2023-10-07T00:00:00+00:00 [running]> on host airflow-virtual-machine
[2023-10-27 15:23:29,139] {taskinstance.py:1569} INFO - Exporting the following env vars:
AIRFLOW_CTX_DAG_OWNER=airflow
AIRFLOW_CTX_DAG_ID=get_stocks_dag
AIRFLOW_CTX_TASK_ID=GOOG
AIRFLOW_CTX_EXECUTION_DATE=2023-10-07T00:00:00+00:00
AIRFLOW_CTX_TRY_NUMBER=1
AIRFLOW_CTX_DAG_RUN_ID=scheduled__2023-10-07T00:00:00+00:00
[2023-10-27 15:23:29,799] {python.py:173} INFO - Done. Returned value was: None
[2023-10-27 15:23:29,807] {taskinstance.py:1395} INFO - Marking task as SUCCESS. dag_id=get_stocks_dag, task_id=GOOG, execution_date=20231007T000000, start_date=20231027T182329, end_date=20231027T182329
[2023-10-27 15:23:29,850] {local_task_job.py:156} INFO - Task exited with return code 0
[2023-10-27 15:23:29,864] {local_task_job.py:273} INFO - 0 downstream tasks scheduled from follow-on schedule check
[2023-10-27 17:01:55,635] {taskinstance.py:1159} INFO - Dependencies all met for <TaskInstance: get_stocks_dag.GOOG scheduled__2023-10-07T00:00:00+00:00 [queued]>
[2023-10-27 17:01:55,641] {taskinstance.py:1159} INFO - Dependencies all met for <TaskInstance: get_stocks_dag.GOOG scheduled__2023-10-07T00:00:00+00:00 [queued]>
[2023-10-27 17:01:55,641] {taskinstance.py:1356} INFO - 
--------------------------------------------------------------------------------
[2023-10-27 17:01:55,642] {taskinstance.py:1357} INFO - Starting attempt 1 of 1
[2023-10-27 17:01:55,642] {taskinstance.py:1358} INFO - 
--------------------------------------------------------------------------------
[2023-10-27 17:01:55,652] {taskinstance.py:1377} INFO - Executing <Task(_PythonDecoratedOperator): GOOG> on 2023-10-07 00:00:00+00:00
[2023-10-27 17:01:55,656] {standard_task_runner.py:52} INFO - Started process 39424 to run task
[2023-10-27 17:01:55,659] {standard_task_runner.py:79} INFO - Running: ['airflow', 'tasks', 'run', 'get_stocks_dag', 'GOOG', 'scheduled__2023-10-07T00:00:00+00:00', '--job-id', '27', '--raw', '--subdir', 'DAGS_FOLDER/get_finance.py', '--cfg-path', '/tmp/tmpbz_c9vp8', '--error-file', '/tmp/tmpk9x6flw_']
[2023-10-27 17:01:55,660] {standard_task_runner.py:80} INFO - Job 27: Subtask GOOG
[2023-10-27 17:01:55,693] {task_command.py:370} INFO - Running <TaskInstance: get_stocks_dag.GOOG scheduled__2023-10-07T00:00:00+00:00 [running]> on host airflow-virtual-machine
[2023-10-27 17:01:55,741] {taskinstance.py:1569} INFO - Exporting the following env vars:
AIRFLOW_CTX_DAG_OWNER=airflow
AIRFLOW_CTX_DAG_ID=get_stocks_dag
AIRFLOW_CTX_TASK_ID=GOOG
AIRFLOW_CTX_EXECUTION_DATE=2023-10-07T00:00:00+00:00
AIRFLOW_CTX_TRY_NUMBER=1
AIRFLOW_CTX_DAG_RUN_ID=scheduled__2023-10-07T00:00:00+00:00
[2023-10-27 17:01:56,138] {taskinstance.py:1889} ERROR - Task failed with exception
Traceback (most recent call last):
  File "/home/gabriel/Documents/project_finance/venv/lib/python3.9/site-packages/airflow/decorators/base.py", line 179, in execute
    return_value = super().execute(context)
  File "/home/gabriel/Documents/project_finance/venv/lib/python3.9/site-packages/airflow/operators/python.py", line 171, in execute
    return_value = self.execute_callable()
  File "/home/gabriel/Documents/project_finance/venv/lib/python3.9/site-packages/airflow/operators/python.py", line 189, in execute_callable
    return self.python_callable(*self.op_args, **self.op_kwargs)
  File "/home/gabriel/Documents/project_finance/airflow/dags/get_finance.py", line 20, in get_history
    yfinance.Ticker(ticker).history(
  File "/home/gabriel/Documents/project_finance/venv/lib/python3.9/site-packages/pandas/core/generic.py", line 3902, in to_csv
    return DataFrameRenderer(formatter).to_csv(
  File "/home/gabriel/Documents/project_finance/venv/lib/python3.9/site-packages/pandas/io/formats/format.py", line 1152, in to_csv
    csv_formatter.save()
  File "/home/gabriel/Documents/project_finance/venv/lib/python3.9/site-packages/pandas/io/formats/csvs.py", line 247, in save
    with get_handle(
  File "/home/gabriel/Documents/project_finance/venv/lib/python3.9/site-packages/pandas/io/common.py", line 863, in get_handle
    handle = open(
IsADirectoryError: [Errno 21] Is a directory: '/home/gabriel/Documents/project_finance/datalake/Bronze/stocks/GOOG'
[2023-10-27 17:01:56,159] {taskinstance.py:1395} INFO - Marking task as FAILED. dag_id=get_stocks_dag, task_id=GOOG, execution_date=20231007T000000, start_date=20231027T200155, end_date=20231027T200156
[2023-10-27 17:01:56,173] {standard_task_runner.py:92} ERROR - Failed to execute job 27 for task GOOG ([Errno 21] Is a directory: '/home/gabriel/Documents/project_finance/datalake/Bronze/stocks/GOOG'; 39424)
[2023-10-27 17:01:56,198] {local_task_job.py:156} INFO - Task exited with return code 1
[2023-10-27 17:01:56,233] {local_task_job.py:273} INFO - 0 downstream tasks scheduled from follow-on schedule check
[2023-10-27 17:09:11,007] {taskinstance.py:1159} INFO - Dependencies all met for <TaskInstance: get_stocks_dag.GOOG scheduled__2023-10-07T00:00:00+00:00 [queued]>
[2023-10-27 17:09:11,014] {taskinstance.py:1159} INFO - Dependencies all met for <TaskInstance: get_stocks_dag.GOOG scheduled__2023-10-07T00:00:00+00:00 [queued]>
[2023-10-27 17:09:11,014] {taskinstance.py:1356} INFO - 
--------------------------------------------------------------------------------
[2023-10-27 17:09:11,014] {taskinstance.py:1357} INFO - Starting attempt 1 of 1
[2023-10-27 17:09:11,014] {taskinstance.py:1358} INFO - 
--------------------------------------------------------------------------------
[2023-10-27 17:09:11,026] {taskinstance.py:1377} INFO - Executing <Task(_PythonDecoratedOperator): GOOG> on 2023-10-07 00:00:00+00:00
[2023-10-27 17:09:11,041] {standard_task_runner.py:52} INFO - Started process 41139 to run task
[2023-10-27 17:09:11,046] {standard_task_runner.py:79} INFO - Running: ['airflow', 'tasks', 'run', 'get_stocks_dag', 'GOOG', 'scheduled__2023-10-07T00:00:00+00:00', '--job-id', '27', '--raw', '--subdir', 'DAGS_FOLDER/get_finance.py', '--cfg-path', '/tmp/tmp3w506dxx', '--error-file', '/tmp/tmp2cpjds0j']
[2023-10-27 17:09:11,047] {standard_task_runner.py:80} INFO - Job 27: Subtask GOOG
[2023-10-27 17:09:11,087] {task_command.py:370} INFO - Running <TaskInstance: get_stocks_dag.GOOG scheduled__2023-10-07T00:00:00+00:00 [running]> on host airflow-virtual-machine
[2023-10-27 17:09:11,144] {taskinstance.py:1569} INFO - Exporting the following env vars:
AIRFLOW_CTX_DAG_OWNER=airflow
AIRFLOW_CTX_DAG_ID=get_stocks_dag
AIRFLOW_CTX_TASK_ID=GOOG
AIRFLOW_CTX_EXECUTION_DATE=2023-10-07T00:00:00+00:00
AIRFLOW_CTX_TRY_NUMBER=1
AIRFLOW_CTX_DAG_RUN_ID=scheduled__2023-10-07T00:00:00+00:00
[2023-10-27 17:09:11,588] {python.py:173} INFO - Done. Returned value was: None
[2023-10-27 17:09:11,593] {taskinstance.py:1395} INFO - Marking task as SUCCESS. dag_id=get_stocks_dag, task_id=GOOG, execution_date=20231007T000000, start_date=20231027T200911, end_date=20231027T200911
[2023-10-27 17:09:11,626] {local_task_job.py:156} INFO - Task exited with return code 0
[2023-10-27 17:09:11,641] {local_task_job.py:273} INFO - 0 downstream tasks scheduled from follow-on schedule check
[2023-10-27 18:10:08,504] {taskinstance.py:1159} INFO - Dependencies all met for <TaskInstance: get_stocks_dag.GOOG scheduled__2023-10-07T00:00:00+00:00 [queued]>
[2023-10-27 18:10:08,510] {taskinstance.py:1159} INFO - Dependencies all met for <TaskInstance: get_stocks_dag.GOOG scheduled__2023-10-07T00:00:00+00:00 [queued]>
[2023-10-27 18:10:08,510] {taskinstance.py:1356} INFO - 
--------------------------------------------------------------------------------
[2023-10-27 18:10:08,511] {taskinstance.py:1357} INFO - Starting attempt 1 of 1
[2023-10-27 18:10:08,511] {taskinstance.py:1358} INFO - 
--------------------------------------------------------------------------------
[2023-10-27 18:10:08,523] {taskinstance.py:1377} INFO - Executing <Task(_PythonDecoratedOperator): GOOG> on 2023-10-07 00:00:00+00:00
[2023-10-27 18:10:08,527] {standard_task_runner.py:52} INFO - Started process 49272 to run task
[2023-10-27 18:10:08,530] {standard_task_runner.py:79} INFO - Running: ['airflow', 'tasks', 'run', 'get_stocks_dag', 'GOOG', 'scheduled__2023-10-07T00:00:00+00:00', '--job-id', '27', '--raw', '--subdir', 'DAGS_FOLDER/get_finance.py', '--cfg-path', '/tmp/tmp_7ckt8ou', '--error-file', '/tmp/tmp1nxadcrh']
[2023-10-27 18:10:08,531] {standard_task_runner.py:80} INFO - Job 27: Subtask GOOG
[2023-10-27 18:10:08,573] {task_command.py:370} INFO - Running <TaskInstance: get_stocks_dag.GOOG scheduled__2023-10-07T00:00:00+00:00 [running]> on host airflow-virtual-machine
[2023-10-27 18:10:08,638] {taskinstance.py:1569} INFO - Exporting the following env vars:
AIRFLOW_CTX_DAG_OWNER=airflow
AIRFLOW_CTX_DAG_ID=get_stocks_dag
AIRFLOW_CTX_TASK_ID=GOOG
AIRFLOW_CTX_EXECUTION_DATE=2023-10-07T00:00:00+00:00
AIRFLOW_CTX_TRY_NUMBER=1
AIRFLOW_CTX_DAG_RUN_ID=scheduled__2023-10-07T00:00:00+00:00
[2023-10-27 18:10:09,445] {python.py:173} INFO - Done. Returned value was: None
[2023-10-27 18:10:09,452] {taskinstance.py:1395} INFO - Marking task as SUCCESS. dag_id=get_stocks_dag, task_id=GOOG, execution_date=20231007T000000, start_date=20231027T211008, end_date=20231027T211009
[2023-10-27 18:10:09,476] {local_task_job.py:156} INFO - Task exited with return code 0
[2023-10-27 18:10:09,497] {local_task_job.py:273} INFO - 0 downstream tasks scheduled from follow-on schedule check
