[2023-10-27 18:10:39,851] {taskinstance.py:1159} INFO - Dependencies all met for <TaskInstance: get_stocks_dag.transform_stocks scheduled__2023-10-10T00:00:00+00:00 [queued]>
[2023-10-27 18:10:39,859] {taskinstance.py:1159} INFO - Dependencies all met for <TaskInstance: get_stocks_dag.transform_stocks scheduled__2023-10-10T00:00:00+00:00 [queued]>
[2023-10-27 18:10:39,859] {taskinstance.py:1356} INFO - 
--------------------------------------------------------------------------------
[2023-10-27 18:10:39,859] {taskinstance.py:1357} INFO - Starting attempt 1 of 1
[2023-10-27 18:10:39,860] {taskinstance.py:1358} INFO - 
--------------------------------------------------------------------------------
[2023-10-27 18:10:39,894] {taskinstance.py:1377} INFO - Executing <Task(_PythonDecoratedOperator): transform_stocks> on 2023-10-10 00:00:00+00:00
[2023-10-27 18:10:39,901] {standard_task_runner.py:52} INFO - Started process 49471 to run task
[2023-10-27 18:10:39,908] {standard_task_runner.py:79} INFO - Running: ['airflow', 'tasks', 'run', 'get_stocks_dag', 'transform_stocks', 'scheduled__2023-10-10T00:00:00+00:00', '--job-id', '38', '--raw', '--subdir', 'DAGS_FOLDER/get_finance.py', '--cfg-path', '/tmp/tmpyx4_2ctr', '--error-file', '/tmp/tmpsxkz02u0']
[2023-10-27 18:10:39,920] {standard_task_runner.py:80} INFO - Job 38: Subtask transform_stocks
[2023-10-27 18:10:39,958] {task_command.py:370} INFO - Running <TaskInstance: get_stocks_dag.transform_stocks scheduled__2023-10-10T00:00:00+00:00 [running]> on host airflow-virtual-machine
[2023-10-27 18:10:40,006] {taskinstance.py:1569} INFO - Exporting the following env vars:
AIRFLOW_CTX_DAG_OWNER=airflow
AIRFLOW_CTX_DAG_ID=get_stocks_dag
AIRFLOW_CTX_TASK_ID=transform_stocks
AIRFLOW_CTX_EXECUTION_DATE=2023-10-10T00:00:00+00:00
AIRFLOW_CTX_TRY_NUMBER=1
AIRFLOW_CTX_DAG_RUN_ID=scheduled__2023-10-10T00:00:00+00:00
[2023-10-27 18:10:40,029] {python.py:173} INFO - Done. Returned value was: None
[2023-10-27 18:10:40,035] {taskinstance.py:1395} INFO - Marking task as SUCCESS. dag_id=get_stocks_dag, task_id=transform_stocks, execution_date=20231010T000000, start_date=20231027T211039, end_date=20231027T211040
[2023-10-27 18:10:40,056] {local_task_job.py:156} INFO - Task exited with return code 0
[2023-10-27 18:10:40,072] {local_task_job.py:273} INFO - 0 downstream tasks scheduled from follow-on schedule check
[2023-10-29 11:29:54,907] {taskinstance.py:1159} INFO - Dependencies all met for <TaskInstance: get_stocks_dag.transform_stocks scheduled__2023-10-10T00:00:00+00:00 [queued]>
[2023-10-29 11:29:54,954] {taskinstance.py:1159} INFO - Dependencies all met for <TaskInstance: get_stocks_dag.transform_stocks scheduled__2023-10-10T00:00:00+00:00 [queued]>
[2023-10-29 11:29:54,954] {taskinstance.py:1356} INFO - 
--------------------------------------------------------------------------------
[2023-10-29 11:29:54,954] {taskinstance.py:1357} INFO - Starting attempt 1 of 1
[2023-10-29 11:29:54,954] {taskinstance.py:1358} INFO - 
--------------------------------------------------------------------------------
[2023-10-29 11:29:55,006] {taskinstance.py:1377} INFO - Executing <Task(_PythonDecoratedOperator): transform_stocks> on 2023-10-10 00:00:00+00:00
[2023-10-29 11:29:55,015] {standard_task_runner.py:52} INFO - Started process 15042 to run task
[2023-10-29 11:29:55,032] {standard_task_runner.py:79} INFO - Running: ['airflow', 'tasks', 'run', 'get_stocks_dag', 'transform_stocks', 'scheduled__2023-10-10T00:00:00+00:00', '--job-id', '71', '--raw', '--subdir', 'DAGS_FOLDER/get_finance.py', '--cfg-path', '/tmp/tmp_2z5mbcx', '--error-file', '/tmp/tmpuum6bq0w']
[2023-10-29 11:29:55,042] {standard_task_runner.py:80} INFO - Job 71: Subtask transform_stocks
[2023-10-29 11:29:55,442] {task_command.py:370} INFO - Running <TaskInstance: get_stocks_dag.transform_stocks scheduled__2023-10-10T00:00:00+00:00 [running]> on host airflow-virtual-machine
[2023-10-29 11:29:55,929] {taskinstance.py:1569} INFO - Exporting the following env vars:
AIRFLOW_CTX_DAG_OWNER=airflow
AIRFLOW_CTX_DAG_ID=get_stocks_dag
AIRFLOW_CTX_TASK_ID=transform_stocks
AIRFLOW_CTX_EXECUTION_DATE=2023-10-10T00:00:00+00:00
AIRFLOW_CTX_TRY_NUMBER=1
AIRFLOW_CTX_DAG_RUN_ID=scheduled__2023-10-10T00:00:00+00:00
[2023-10-29 11:29:55,962] {python.py:173} INFO - Done. Returned value was: None
[2023-10-29 11:29:56,049] {taskinstance.py:1395} INFO - Marking task as SUCCESS. dag_id=get_stocks_dag, task_id=transform_stocks, execution_date=20231010T000000, start_date=20231029T142954, end_date=20231029T142956
[2023-10-29 11:29:56,142] {local_task_job.py:156} INFO - Task exited with return code 0
[2023-10-29 11:29:56,216] {local_task_job.py:273} INFO - 0 downstream tasks scheduled from follow-on schedule check
[2023-10-29 11:34:09,153] {taskinstance.py:1159} INFO - Dependencies all met for <TaskInstance: get_stocks_dag.transform_stocks scheduled__2023-10-10T00:00:00+00:00 [queued]>
[2023-10-29 11:34:09,248] {taskinstance.py:1159} INFO - Dependencies all met for <TaskInstance: get_stocks_dag.transform_stocks scheduled__2023-10-10T00:00:00+00:00 [queued]>
[2023-10-29 11:34:09,253] {taskinstance.py:1356} INFO - 
--------------------------------------------------------------------------------
[2023-10-29 11:34:09,256] {taskinstance.py:1357} INFO - Starting attempt 1 of 1
[2023-10-29 11:34:09,257] {taskinstance.py:1358} INFO - 
--------------------------------------------------------------------------------
[2023-10-29 11:34:09,767] {taskinstance.py:1377} INFO - Executing <Task(_PythonDecoratedOperator): transform_stocks> on 2023-10-10 00:00:00+00:00
[2023-10-29 11:34:09,830] {standard_task_runner.py:52} INFO - Started process 17360 to run task
[2023-10-29 11:34:09,845] {standard_task_runner.py:79} INFO - Running: ['airflow', 'tasks', 'run', 'get_stocks_dag', 'transform_stocks', 'scheduled__2023-10-10T00:00:00+00:00', '--job-id', '170', '--raw', '--subdir', 'DAGS_FOLDER/get_finance.py', '--cfg-path', '/tmp/tmpmmopaxjy', '--error-file', '/tmp/tmpvjf55mwc']
[2023-10-29 11:34:09,846] {standard_task_runner.py:80} INFO - Job 170: Subtask transform_stocks
[2023-10-29 11:34:10,908] {task_command.py:370} INFO - Running <TaskInstance: get_stocks_dag.transform_stocks scheduled__2023-10-10T00:00:00+00:00 [running]> on host airflow-virtual-machine
[2023-10-29 11:34:11,660] {taskinstance.py:1569} INFO - Exporting the following env vars:
AIRFLOW_CTX_DAG_OWNER=airflow
AIRFLOW_CTX_DAG_ID=get_stocks_dag
AIRFLOW_CTX_TASK_ID=transform_stocks
AIRFLOW_CTX_EXECUTION_DATE=2023-10-10T00:00:00+00:00
AIRFLOW_CTX_TRY_NUMBER=1
AIRFLOW_CTX_DAG_RUN_ID=scheduled__2023-10-10T00:00:00+00:00
[2023-10-29 11:34:11,709] {python.py:173} INFO - Done. Returned value was: None
[2023-10-29 11:34:11,725] {taskinstance.py:1395} INFO - Marking task as SUCCESS. dag_id=get_stocks_dag, task_id=transform_stocks, execution_date=20231010T000000, start_date=20231029T143409, end_date=20231029T143411
[2023-10-29 11:34:11,787] {local_task_job.py:156} INFO - Task exited with return code 0
[2023-10-29 11:34:11,886] {local_task_job.py:273} INFO - 0 downstream tasks scheduled from follow-on schedule check
[2023-10-29 13:33:23,674] {taskinstance.py:1159} INFO - Dependencies all met for <TaskInstance: get_stocks_dag.transform_stocks scheduled__2023-10-10T00:00:00+00:00 [queued]>
[2023-10-29 13:33:23,725] {taskinstance.py:1159} INFO - Dependencies all met for <TaskInstance: get_stocks_dag.transform_stocks scheduled__2023-10-10T00:00:00+00:00 [queued]>
[2023-10-29 13:33:23,725] {taskinstance.py:1356} INFO - 
--------------------------------------------------------------------------------
[2023-10-29 13:33:23,725] {taskinstance.py:1357} INFO - Starting attempt 1 of 1
[2023-10-29 13:33:23,725] {taskinstance.py:1358} INFO - 
--------------------------------------------------------------------------------
[2023-10-29 13:33:23,808] {taskinstance.py:1377} INFO - Executing <Task(_PythonDecoratedOperator): transform_stocks> on 2023-10-10 00:00:00+00:00
[2023-10-29 13:33:23,832] {standard_task_runner.py:52} INFO - Started process 7326 to run task
[2023-10-29 13:33:23,887] {standard_task_runner.py:79} INFO - Running: ['airflow', 'tasks', 'run', 'get_stocks_dag', 'transform_stocks', 'scheduled__2023-10-10T00:00:00+00:00', '--job-id', '277', '--raw', '--subdir', 'DAGS_FOLDER/get_finance.py', '--cfg-path', '/tmp/tmps3uiwuzn', '--error-file', '/tmp/tmp3t4meehg']
[2023-10-29 13:33:23,898] {standard_task_runner.py:80} INFO - Job 277: Subtask transform_stocks
[2023-10-29 13:33:24,119] {task_command.py:370} INFO - Running <TaskInstance: get_stocks_dag.transform_stocks scheduled__2023-10-10T00:00:00+00:00 [running]> on host airflow-virtual-machine
[2023-10-29 13:33:24,612] {taskinstance.py:1569} INFO - Exporting the following env vars:
AIRFLOW_CTX_DAG_OWNER=airflow
AIRFLOW_CTX_DAG_ID=get_stocks_dag
AIRFLOW_CTX_TASK_ID=transform_stocks
AIRFLOW_CTX_EXECUTION_DATE=2023-10-10T00:00:00+00:00
AIRFLOW_CTX_TRY_NUMBER=1
AIRFLOW_CTX_DAG_RUN_ID=scheduled__2023-10-10T00:00:00+00:00
[2023-10-29 13:33:24,905] {python.py:173} INFO - Done. Returned value was: None
[2023-10-29 13:33:24,979] {taskinstance.py:1395} INFO - Marking task as SUCCESS. dag_id=get_stocks_dag, task_id=transform_stocks, execution_date=20231010T000000, start_date=20231029T163323, end_date=20231029T163324
[2023-10-29 13:33:25,090] {local_task_job.py:156} INFO - Task exited with return code 0
[2023-10-29 13:33:25,161] {local_task_job.py:273} INFO - 0 downstream tasks scheduled from follow-on schedule check
[2023-10-29 14:36:00,063] {taskinstance.py:1159} INFO - Dependencies all met for <TaskInstance: get_stocks_dag.transform_stocks scheduled__2023-10-10T00:00:00+00:00 [queued]>
[2023-10-29 14:36:00,125] {taskinstance.py:1159} INFO - Dependencies all met for <TaskInstance: get_stocks_dag.transform_stocks scheduled__2023-10-10T00:00:00+00:00 [queued]>
[2023-10-29 14:36:00,132] {taskinstance.py:1356} INFO - 
--------------------------------------------------------------------------------
[2023-10-29 14:36:00,132] {taskinstance.py:1357} INFO - Starting attempt 1 of 1
[2023-10-29 14:36:00,132] {taskinstance.py:1358} INFO - 
--------------------------------------------------------------------------------
[2023-10-29 14:36:00,259] {taskinstance.py:1377} INFO - Executing <Task(_PythonDecoratedOperator): transform_stocks> on 2023-10-10 00:00:00+00:00
[2023-10-29 14:36:00,297] {standard_task_runner.py:52} INFO - Started process 10245 to run task
[2023-10-29 14:36:00,322] {standard_task_runner.py:79} INFO - Running: ['airflow', 'tasks', 'run', 'get_stocks_dag', 'transform_stocks', 'scheduled__2023-10-10T00:00:00+00:00', '--job-id', '369', '--raw', '--subdir', 'DAGS_FOLDER/get_finance.py', '--cfg-path', '/tmp/tmpororo7j3', '--error-file', '/tmp/tmp0_cw34p_']
[2023-10-29 14:36:00,362] {standard_task_runner.py:80} INFO - Job 369: Subtask transform_stocks
[2023-10-29 14:36:00,526] {task_command.py:370} INFO - Running <TaskInstance: get_stocks_dag.transform_stocks scheduled__2023-10-10T00:00:00+00:00 [running]> on host airflow-virtual-machine
[2023-10-29 14:36:00,864] {taskinstance.py:1569} INFO - Exporting the following env vars:
AIRFLOW_CTX_DAG_OWNER=airflow
AIRFLOW_CTX_DAG_ID=get_stocks_dag
AIRFLOW_CTX_TASK_ID=transform_stocks
AIRFLOW_CTX_EXECUTION_DATE=2023-10-10T00:00:00+00:00
AIRFLOW_CTX_TRY_NUMBER=1
AIRFLOW_CTX_DAG_RUN_ID=scheduled__2023-10-10T00:00:00+00:00
[2023-10-29 14:36:01,302] {python.py:173} INFO - Done. Returned value was: None
[2023-10-29 14:36:01,380] {taskinstance.py:1395} INFO - Marking task as SUCCESS. dag_id=get_stocks_dag, task_id=transform_stocks, execution_date=20231010T000000, start_date=20231029T173600, end_date=20231029T173601
[2023-10-29 14:36:01,502] {local_task_job.py:156} INFO - Task exited with return code 0
[2023-10-29 14:36:01,627] {local_task_job.py:273} INFO - 0 downstream tasks scheduled from follow-on schedule check
