[2023-10-27 14:16:43,507] {taskinstance.py:1159} INFO - Dependencies all met for <TaskInstance: get_stocks_dag.TSLA scheduled__2023-10-06T00:00:00+00:00 [queued]>
[2023-10-27 14:16:43,530] {taskinstance.py:1159} INFO - Dependencies all met for <TaskInstance: get_stocks_dag.TSLA scheduled__2023-10-06T00:00:00+00:00 [queued]>
[2023-10-27 14:16:43,531] {taskinstance.py:1356} INFO - 
--------------------------------------------------------------------------------
[2023-10-27 14:16:43,531] {taskinstance.py:1357} INFO - Starting attempt 1 of 1
[2023-10-27 14:16:43,531] {taskinstance.py:1358} INFO - 
--------------------------------------------------------------------------------
[2023-10-27 14:16:43,550] {taskinstance.py:1377} INFO - Executing <Task(_PythonDecoratedOperator): TSLA> on 2023-10-06 00:00:00+00:00
[2023-10-27 14:16:43,562] {standard_task_runner.py:52} INFO - Started process 17295 to run task
[2023-10-27 14:16:43,572] {standard_task_runner.py:79} INFO - Running: ['airflow', 'tasks', 'run', 'get_stocks_dag', 'TSLA', 'scheduled__2023-10-06T00:00:00+00:00', '--job-id', '20', '--raw', '--subdir', 'DAGS_FOLDER/get_finance.py', '--cfg-path', '/tmp/tmpy3mygyy4', '--error-file', '/tmp/tmpt016wn71']
[2023-10-27 14:16:43,573] {standard_task_runner.py:80} INFO - Job 20: Subtask TSLA
[2023-10-27 14:16:43,634] {task_command.py:370} INFO - Running <TaskInstance: get_stocks_dag.TSLA scheduled__2023-10-06T00:00:00+00:00 [running]> on host airflow-virtual-machine
[2023-10-27 14:16:43,705] {taskinstance.py:1569} INFO - Exporting the following env vars:
AIRFLOW_CTX_DAG_OWNER=airflow
AIRFLOW_CTX_DAG_ID=get_stocks_dag
AIRFLOW_CTX_TASK_ID=TSLA
AIRFLOW_CTX_EXECUTION_DATE=2023-10-06T00:00:00+00:00
AIRFLOW_CTX_TRY_NUMBER=1
AIRFLOW_CTX_DAG_RUN_ID=scheduled__2023-10-06T00:00:00+00:00
[2023-10-27 14:16:44,846] {taskinstance.py:1889} ERROR - Task failed with exception
Traceback (most recent call last):
  File "/home/gabriel/Documents/project_finance/venv/lib/python3.9/site-packages/airflow/decorators/base.py", line 179, in execute
    return_value = super().execute(context)
  File "/home/gabriel/Documents/project_finance/venv/lib/python3.9/site-packages/airflow/operators/python.py", line 171, in execute
    return_value = self.execute_callable()
  File "/home/gabriel/Documents/project_finance/venv/lib/python3.9/site-packages/airflow/operators/python.py", line 189, in execute_callable
    return self.python_callable(*self.op_args, **self.op_kwargs)
  File "/home/gabriel/Documents/project_finance/airflow/dags/get_finance.py", line 18, in get_history
    yfinance.Ticker(ticker).history(
  File "/home/gabriel/Documents/project_finance/venv/lib/python3.9/site-packages/pandas/core/generic.py", line 3902, in to_csv
    return DataFrameRenderer(formatter).to_csv(
  File "/home/gabriel/Documents/project_finance/venv/lib/python3.9/site-packages/pandas/io/formats/format.py", line 1152, in to_csv
    csv_formatter.save()
  File "/home/gabriel/Documents/project_finance/venv/lib/python3.9/site-packages/pandas/io/formats/csvs.py", line 247, in save
    with get_handle(
  File "/home/gabriel/Documents/project_finance/venv/lib/python3.9/site-packages/pandas/io/common.py", line 739, in get_handle
    check_parent_directory(str(handle))
  File "/home/gabriel/Documents/project_finance/venv/lib/python3.9/site-packages/pandas/io/common.py", line 604, in check_parent_directory
    raise OSError(rf"Cannot save file into a non-existent directory: '{parent}'")
OSError: Cannot save file into a non-existent directory: '/home/gabriel/Documents/project_finance/datalake/stocks/TSLA'
[2023-10-27 14:16:44,852] {taskinstance.py:1395} INFO - Marking task as FAILED. dag_id=get_stocks_dag, task_id=TSLA, execution_date=20231006T000000, start_date=20231027T171643, end_date=20231027T171644
[2023-10-27 14:16:44,860] {standard_task_runner.py:92} ERROR - Failed to execute job 20 for task TSLA (Cannot save file into a non-existent directory: '/home/gabriel/Documents/project_finance/datalake/stocks/TSLA'; 17295)
[2023-10-27 14:16:44,895] {local_task_job.py:156} INFO - Task exited with return code 1
[2023-10-27 14:16:45,010] {local_task_job.py:273} INFO - 0 downstream tasks scheduled from follow-on schedule check
[2023-10-27 14:29:58,862] {taskinstance.py:1159} INFO - Dependencies all met for <TaskInstance: get_stocks_dag.TSLA scheduled__2023-10-06T00:00:00+00:00 [queued]>
[2023-10-27 14:29:58,872] {taskinstance.py:1159} INFO - Dependencies all met for <TaskInstance: get_stocks_dag.TSLA scheduled__2023-10-06T00:00:00+00:00 [queued]>
[2023-10-27 14:29:58,872] {taskinstance.py:1356} INFO - 
--------------------------------------------------------------------------------
[2023-10-27 14:29:58,872] {taskinstance.py:1357} INFO - Starting attempt 1 of 1
[2023-10-27 14:29:58,872] {taskinstance.py:1358} INFO - 
--------------------------------------------------------------------------------
[2023-10-27 14:29:58,887] {taskinstance.py:1377} INFO - Executing <Task(_PythonDecoratedOperator): TSLA> on 2023-10-06 00:00:00+00:00
[2023-10-27 14:29:58,892] {standard_task_runner.py:52} INFO - Started process 19660 to run task
[2023-10-27 14:29:58,896] {standard_task_runner.py:79} INFO - Running: ['airflow', 'tasks', 'run', 'get_stocks_dag', 'TSLA', 'scheduled__2023-10-06T00:00:00+00:00', '--job-id', '20', '--raw', '--subdir', 'DAGS_FOLDER/get_finance.py', '--cfg-path', '/tmp/tmpq8vvgfgk', '--error-file', '/tmp/tmp_fzqiwgf']
[2023-10-27 14:29:58,897] {standard_task_runner.py:80} INFO - Job 20: Subtask TSLA
[2023-10-27 14:29:59,057] {task_command.py:370} INFO - Running <TaskInstance: get_stocks_dag.TSLA scheduled__2023-10-06T00:00:00+00:00 [running]> on host airflow-virtual-machine
[2023-10-27 14:29:59,278] {taskinstance.py:1569} INFO - Exporting the following env vars:
AIRFLOW_CTX_DAG_OWNER=airflow
AIRFLOW_CTX_DAG_ID=get_stocks_dag
AIRFLOW_CTX_TASK_ID=TSLA
AIRFLOW_CTX_EXECUTION_DATE=2023-10-06T00:00:00+00:00
AIRFLOW_CTX_TRY_NUMBER=1
AIRFLOW_CTX_DAG_RUN_ID=scheduled__2023-10-06T00:00:00+00:00
[2023-10-27 14:29:59,882] {taskinstance.py:1889} ERROR - Task failed with exception
Traceback (most recent call last):
  File "/home/gabriel/Documents/project_finance/venv/lib/python3.9/site-packages/airflow/decorators/base.py", line 179, in execute
    return_value = super().execute(context)
  File "/home/gabriel/Documents/project_finance/venv/lib/python3.9/site-packages/airflow/operators/python.py", line 171, in execute
    return_value = self.execute_callable()
  File "/home/gabriel/Documents/project_finance/venv/lib/python3.9/site-packages/airflow/operators/python.py", line 189, in execute_callable
    return self.python_callable(*self.op_args, **self.op_kwargs)
  File "/home/gabriel/Documents/project_finance/airflow/dags/get_finance.py", line 20, in get_history
    yfinance.Ticker(ticker).history(
  File "/home/gabriel/Documents/project_finance/venv/lib/python3.9/site-packages/pandas/core/generic.py", line 3902, in to_csv
    return DataFrameRenderer(formatter).to_csv(
  File "/home/gabriel/Documents/project_finance/venv/lib/python3.9/site-packages/pandas/io/formats/format.py", line 1152, in to_csv
    csv_formatter.save()
  File "/home/gabriel/Documents/project_finance/venv/lib/python3.9/site-packages/pandas/io/formats/csvs.py", line 247, in save
    with get_handle(
  File "/home/gabriel/Documents/project_finance/venv/lib/python3.9/site-packages/pandas/io/common.py", line 863, in get_handle
    handle = open(
PermissionError: [Errno 13] Permission denied: '/TSLA_20231006.csv'
[2023-10-27 14:29:59,898] {taskinstance.py:1395} INFO - Marking task as FAILED. dag_id=get_stocks_dag, task_id=TSLA, execution_date=20231006T000000, start_date=20231027T172958, end_date=20231027T172959
[2023-10-27 14:29:59,950] {standard_task_runner.py:92} ERROR - Failed to execute job 20 for task TSLA ([Errno 13] Permission denied: '/TSLA_20231006.csv'; 19660)
[2023-10-27 14:29:59,985] {local_task_job.py:156} INFO - Task exited with return code 1
[2023-10-27 14:30:00,032] {local_task_job.py:273} INFO - 0 downstream tasks scheduled from follow-on schedule check
[2023-10-27 14:33:49,211] {taskinstance.py:1159} INFO - Dependencies all met for <TaskInstance: get_stocks_dag.TSLA scheduled__2023-10-06T00:00:00+00:00 [queued]>
[2023-10-27 14:33:49,243] {taskinstance.py:1159} INFO - Dependencies all met for <TaskInstance: get_stocks_dag.TSLA scheduled__2023-10-06T00:00:00+00:00 [queued]>
[2023-10-27 14:33:49,243] {taskinstance.py:1356} INFO - 
--------------------------------------------------------------------------------
[2023-10-27 14:33:49,243] {taskinstance.py:1357} INFO - Starting attempt 1 of 1
[2023-10-27 14:33:49,243] {taskinstance.py:1358} INFO - 
--------------------------------------------------------------------------------
[2023-10-27 14:33:49,296] {taskinstance.py:1377} INFO - Executing <Task(_PythonDecoratedOperator): TSLA> on 2023-10-06 00:00:00+00:00
[2023-10-27 14:33:49,351] {standard_task_runner.py:52} INFO - Started process 20619 to run task
[2023-10-27 14:33:49,368] {standard_task_runner.py:79} INFO - Running: ['airflow', 'tasks', 'run', 'get_stocks_dag', 'TSLA', 'scheduled__2023-10-06T00:00:00+00:00', '--job-id', '20', '--raw', '--subdir', 'DAGS_FOLDER/get_finance.py', '--cfg-path', '/tmp/tmpb5_m9xir', '--error-file', '/tmp/tmpl6bxtdba']
[2023-10-27 14:33:49,369] {standard_task_runner.py:80} INFO - Job 20: Subtask TSLA
[2023-10-27 14:33:49,579] {task_command.py:370} INFO - Running <TaskInstance: get_stocks_dag.TSLA scheduled__2023-10-06T00:00:00+00:00 [running]> on host airflow-virtual-machine
[2023-10-27 14:33:50,108] {taskinstance.py:1569} INFO - Exporting the following env vars:
AIRFLOW_CTX_DAG_OWNER=airflow
AIRFLOW_CTX_DAG_ID=get_stocks_dag
AIRFLOW_CTX_TASK_ID=TSLA
AIRFLOW_CTX_EXECUTION_DATE=2023-10-06T00:00:00+00:00
AIRFLOW_CTX_TRY_NUMBER=1
AIRFLOW_CTX_DAG_RUN_ID=scheduled__2023-10-06T00:00:00+00:00
[2023-10-27 14:33:50,820] {python.py:173} INFO - Done. Returned value was: None
[2023-10-27 14:33:50,829] {taskinstance.py:1395} INFO - Marking task as SUCCESS. dag_id=get_stocks_dag, task_id=TSLA, execution_date=20231006T000000, start_date=20231027T173349, end_date=20231027T173350
[2023-10-27 14:33:50,891] {local_task_job.py:156} INFO - Task exited with return code 0
[2023-10-27 14:33:50,913] {local_task_job.py:273} INFO - 0 downstream tasks scheduled from follow-on schedule check
[2023-10-27 14:54:06,238] {taskinstance.py:1159} INFO - Dependencies all met for <TaskInstance: get_stocks_dag.TSLA scheduled__2023-10-06T00:00:00+00:00 [queued]>
[2023-10-27 14:54:06,262] {taskinstance.py:1159} INFO - Dependencies all met for <TaskInstance: get_stocks_dag.TSLA scheduled__2023-10-06T00:00:00+00:00 [queued]>
[2023-10-27 14:54:06,262] {taskinstance.py:1356} INFO - 
--------------------------------------------------------------------------------
[2023-10-27 14:54:06,262] {taskinstance.py:1357} INFO - Starting attempt 1 of 1
[2023-10-27 14:54:06,263] {taskinstance.py:1358} INFO - 
--------------------------------------------------------------------------------
[2023-10-27 14:54:06,279] {taskinstance.py:1377} INFO - Executing <Task(_PythonDecoratedOperator): TSLA> on 2023-10-06 00:00:00+00:00
[2023-10-27 14:54:06,288] {standard_task_runner.py:79} INFO - Running: ['airflow', 'tasks', 'run', 'get_stocks_dag', 'TSLA', 'scheduled__2023-10-06T00:00:00+00:00', '--job-id', '20', '--raw', '--subdir', 'DAGS_FOLDER/get_finance.py', '--cfg-path', '/tmp/tmpv9wtmqx0', '--error-file', '/tmp/tmpe8m4ba68']
[2023-10-27 14:54:06,283] {standard_task_runner.py:52} INFO - Started process 23319 to run task
[2023-10-27 14:54:06,292] {standard_task_runner.py:80} INFO - Job 20: Subtask TSLA
[2023-10-27 14:54:06,349] {task_command.py:370} INFO - Running <TaskInstance: get_stocks_dag.TSLA scheduled__2023-10-06T00:00:00+00:00 [running]> on host airflow-virtual-machine
[2023-10-27 14:54:06,397] {taskinstance.py:1569} INFO - Exporting the following env vars:
AIRFLOW_CTX_DAG_OWNER=airflow
AIRFLOW_CTX_DAG_ID=get_stocks_dag
AIRFLOW_CTX_TASK_ID=TSLA
AIRFLOW_CTX_EXECUTION_DATE=2023-10-06T00:00:00+00:00
AIRFLOW_CTX_TRY_NUMBER=1
AIRFLOW_CTX_DAG_RUN_ID=scheduled__2023-10-06T00:00:00+00:00
[2023-10-27 14:54:06,826] {python.py:173} INFO - Done. Returned value was: None
[2023-10-27 14:54:06,835] {taskinstance.py:1395} INFO - Marking task as SUCCESS. dag_id=get_stocks_dag, task_id=TSLA, execution_date=20231006T000000, start_date=20231027T175406, end_date=20231027T175406
[2023-10-27 14:54:06,852] {local_task_job.py:156} INFO - Task exited with return code 0
[2023-10-27 14:54:06,868] {local_task_job.py:273} INFO - 0 downstream tasks scheduled from follow-on schedule check
[2023-10-27 15:23:21,167] {taskinstance.py:1159} INFO - Dependencies all met for <TaskInstance: get_stocks_dag.TSLA scheduled__2023-10-06T00:00:00+00:00 [queued]>
[2023-10-27 15:23:21,179] {taskinstance.py:1159} INFO - Dependencies all met for <TaskInstance: get_stocks_dag.TSLA scheduled__2023-10-06T00:00:00+00:00 [queued]>
[2023-10-27 15:23:21,181] {taskinstance.py:1356} INFO - 
--------------------------------------------------------------------------------
[2023-10-27 15:23:21,182] {taskinstance.py:1357} INFO - Starting attempt 1 of 1
[2023-10-27 15:23:21,182] {taskinstance.py:1358} INFO - 
--------------------------------------------------------------------------------
[2023-10-27 15:23:21,219] {taskinstance.py:1377} INFO - Executing <Task(_PythonDecoratedOperator): TSLA> on 2023-10-06 00:00:00+00:00
[2023-10-27 15:23:21,222] {standard_task_runner.py:52} INFO - Started process 27173 to run task
[2023-10-27 15:23:21,226] {standard_task_runner.py:79} INFO - Running: ['airflow', 'tasks', 'run', 'get_stocks_dag', 'TSLA', 'scheduled__2023-10-06T00:00:00+00:00', '--job-id', '20', '--raw', '--subdir', 'DAGS_FOLDER/get_finance.py', '--cfg-path', '/tmp/tmphpx8465z', '--error-file', '/tmp/tmpnuiu1_gs']
[2023-10-27 15:23:21,226] {standard_task_runner.py:80} INFO - Job 20: Subtask TSLA
[2023-10-27 15:23:21,260] {task_command.py:370} INFO - Running <TaskInstance: get_stocks_dag.TSLA scheduled__2023-10-06T00:00:00+00:00 [running]> on host airflow-virtual-machine
[2023-10-27 15:23:21,300] {taskinstance.py:1569} INFO - Exporting the following env vars:
AIRFLOW_CTX_DAG_OWNER=airflow
AIRFLOW_CTX_DAG_ID=get_stocks_dag
AIRFLOW_CTX_TASK_ID=TSLA
AIRFLOW_CTX_EXECUTION_DATE=2023-10-06T00:00:00+00:00
AIRFLOW_CTX_TRY_NUMBER=1
AIRFLOW_CTX_DAG_RUN_ID=scheduled__2023-10-06T00:00:00+00:00
[2023-10-27 15:23:21,810] {python.py:173} INFO - Done. Returned value was: None
[2023-10-27 15:23:21,816] {taskinstance.py:1395} INFO - Marking task as SUCCESS. dag_id=get_stocks_dag, task_id=TSLA, execution_date=20231006T000000, start_date=20231027T182321, end_date=20231027T182321
[2023-10-27 15:23:21,852] {local_task_job.py:156} INFO - Task exited with return code 0
[2023-10-27 15:23:21,867] {local_task_job.py:273} INFO - 0 downstream tasks scheduled from follow-on schedule check
[2023-10-27 17:01:46,396] {taskinstance.py:1159} INFO - Dependencies all met for <TaskInstance: get_stocks_dag.TSLA scheduled__2023-10-06T00:00:00+00:00 [queued]>
[2023-10-27 17:01:46,401] {taskinstance.py:1159} INFO - Dependencies all met for <TaskInstance: get_stocks_dag.TSLA scheduled__2023-10-06T00:00:00+00:00 [queued]>
[2023-10-27 17:01:46,401] {taskinstance.py:1356} INFO - 
--------------------------------------------------------------------------------
[2023-10-27 17:01:46,401] {taskinstance.py:1357} INFO - Starting attempt 1 of 1
[2023-10-27 17:01:46,401] {taskinstance.py:1358} INFO - 
--------------------------------------------------------------------------------
[2023-10-27 17:01:46,412] {taskinstance.py:1377} INFO - Executing <Task(_PythonDecoratedOperator): TSLA> on 2023-10-06 00:00:00+00:00
[2023-10-27 17:01:46,417] {standard_task_runner.py:52} INFO - Started process 39372 to run task
[2023-10-27 17:01:46,420] {standard_task_runner.py:79} INFO - Running: ['airflow', 'tasks', 'run', 'get_stocks_dag', 'TSLA', 'scheduled__2023-10-06T00:00:00+00:00', '--job-id', '23', '--raw', '--subdir', 'DAGS_FOLDER/get_finance.py', '--cfg-path', '/tmp/tmp12yw8cjw', '--error-file', '/tmp/tmpdqs0yh4e']
[2023-10-27 17:01:46,421] {standard_task_runner.py:80} INFO - Job 23: Subtask TSLA
[2023-10-27 17:01:46,454] {task_command.py:370} INFO - Running <TaskInstance: get_stocks_dag.TSLA scheduled__2023-10-06T00:00:00+00:00 [running]> on host airflow-virtual-machine
[2023-10-27 17:01:46,496] {taskinstance.py:1569} INFO - Exporting the following env vars:
AIRFLOW_CTX_DAG_OWNER=airflow
AIRFLOW_CTX_DAG_ID=get_stocks_dag
AIRFLOW_CTX_TASK_ID=TSLA
AIRFLOW_CTX_EXECUTION_DATE=2023-10-06T00:00:00+00:00
AIRFLOW_CTX_TRY_NUMBER=1
AIRFLOW_CTX_DAG_RUN_ID=scheduled__2023-10-06T00:00:00+00:00
[2023-10-27 17:01:47,072] {taskinstance.py:1889} ERROR - Task failed with exception
Traceback (most recent call last):
  File "/home/gabriel/Documents/project_finance/venv/lib/python3.9/site-packages/airflow/decorators/base.py", line 179, in execute
    return_value = super().execute(context)
  File "/home/gabriel/Documents/project_finance/venv/lib/python3.9/site-packages/airflow/operators/python.py", line 171, in execute
    return_value = self.execute_callable()
  File "/home/gabriel/Documents/project_finance/venv/lib/python3.9/site-packages/airflow/operators/python.py", line 189, in execute_callable
    return self.python_callable(*self.op_args, **self.op_kwargs)
  File "/home/gabriel/Documents/project_finance/airflow/dags/get_finance.py", line 20, in get_history
    yfinance.Ticker(ticker).history(
  File "/home/gabriel/Documents/project_finance/venv/lib/python3.9/site-packages/pandas/core/generic.py", line 3902, in to_csv
    return DataFrameRenderer(formatter).to_csv(
  File "/home/gabriel/Documents/project_finance/venv/lib/python3.9/site-packages/pandas/io/formats/format.py", line 1152, in to_csv
    csv_formatter.save()
  File "/home/gabriel/Documents/project_finance/venv/lib/python3.9/site-packages/pandas/io/formats/csvs.py", line 247, in save
    with get_handle(
  File "/home/gabriel/Documents/project_finance/venv/lib/python3.9/site-packages/pandas/io/common.py", line 863, in get_handle
    handle = open(
IsADirectoryError: [Errno 21] Is a directory: '/home/gabriel/Documents/project_finance/datalake/Bronze/stocks/TSLA'
[2023-10-27 17:01:47,077] {taskinstance.py:1395} INFO - Marking task as FAILED. dag_id=get_stocks_dag, task_id=TSLA, execution_date=20231006T000000, start_date=20231027T200146, end_date=20231027T200147
[2023-10-27 17:01:47,085] {standard_task_runner.py:92} ERROR - Failed to execute job 23 for task TSLA ([Errno 21] Is a directory: '/home/gabriel/Documents/project_finance/datalake/Bronze/stocks/TSLA'; 39372)
[2023-10-27 17:01:47,094] {local_task_job.py:156} INFO - Task exited with return code 1
[2023-10-27 17:01:47,108] {local_task_job.py:273} INFO - 0 downstream tasks scheduled from follow-on schedule check
[2023-10-27 17:09:00,068] {taskinstance.py:1159} INFO - Dependencies all met for <TaskInstance: get_stocks_dag.TSLA scheduled__2023-10-06T00:00:00+00:00 [queued]>
[2023-10-27 17:09:00,074] {taskinstance.py:1159} INFO - Dependencies all met for <TaskInstance: get_stocks_dag.TSLA scheduled__2023-10-06T00:00:00+00:00 [queued]>
[2023-10-27 17:09:00,074] {taskinstance.py:1356} INFO - 
--------------------------------------------------------------------------------
[2023-10-27 17:09:00,074] {taskinstance.py:1357} INFO - Starting attempt 1 of 1
[2023-10-27 17:09:00,074] {taskinstance.py:1358} INFO - 
--------------------------------------------------------------------------------
[2023-10-27 17:09:00,084] {taskinstance.py:1377} INFO - Executing <Task(_PythonDecoratedOperator): TSLA> on 2023-10-06 00:00:00+00:00
[2023-10-27 17:09:00,088] {standard_task_runner.py:52} INFO - Started process 41083 to run task
[2023-10-27 17:09:00,092] {standard_task_runner.py:79} INFO - Running: ['airflow', 'tasks', 'run', 'get_stocks_dag', 'TSLA', 'scheduled__2023-10-06T00:00:00+00:00', '--job-id', '23', '--raw', '--subdir', 'DAGS_FOLDER/get_finance.py', '--cfg-path', '/tmp/tmpda_imnle', '--error-file', '/tmp/tmpf2q04tu7']
[2023-10-27 17:09:00,092] {standard_task_runner.py:80} INFO - Job 23: Subtask TSLA
[2023-10-27 17:09:00,134] {task_command.py:370} INFO - Running <TaskInstance: get_stocks_dag.TSLA scheduled__2023-10-06T00:00:00+00:00 [running]> on host airflow-virtual-machine
[2023-10-27 17:09:00,227] {taskinstance.py:1569} INFO - Exporting the following env vars:
AIRFLOW_CTX_DAG_OWNER=airflow
AIRFLOW_CTX_DAG_ID=get_stocks_dag
AIRFLOW_CTX_TASK_ID=TSLA
AIRFLOW_CTX_EXECUTION_DATE=2023-10-06T00:00:00+00:00
AIRFLOW_CTX_TRY_NUMBER=1
AIRFLOW_CTX_DAG_RUN_ID=scheduled__2023-10-06T00:00:00+00:00
[2023-10-27 17:09:00,711] {python.py:173} INFO - Done. Returned value was: None
[2023-10-27 17:09:00,720] {taskinstance.py:1395} INFO - Marking task as SUCCESS. dag_id=get_stocks_dag, task_id=TSLA, execution_date=20231006T000000, start_date=20231027T200900, end_date=20231027T200900
[2023-10-27 17:09:00,800] {local_task_job.py:156} INFO - Task exited with return code 0
[2023-10-27 17:09:00,824] {local_task_job.py:273} INFO - 0 downstream tasks scheduled from follow-on schedule check
[2023-10-27 18:09:53,048] {taskinstance.py:1159} INFO - Dependencies all met for <TaskInstance: get_stocks_dag.TSLA scheduled__2023-10-06T00:00:00+00:00 [queued]>
[2023-10-27 18:09:53,057] {taskinstance.py:1159} INFO - Dependencies all met for <TaskInstance: get_stocks_dag.TSLA scheduled__2023-10-06T00:00:00+00:00 [queued]>
[2023-10-27 18:09:53,058] {taskinstance.py:1356} INFO - 
--------------------------------------------------------------------------------
[2023-10-27 18:09:53,058] {taskinstance.py:1357} INFO - Starting attempt 1 of 1
[2023-10-27 18:09:53,058] {taskinstance.py:1358} INFO - 
--------------------------------------------------------------------------------
[2023-10-27 18:09:53,070] {taskinstance.py:1377} INFO - Executing <Task(_PythonDecoratedOperator): TSLA> on 2023-10-06 00:00:00+00:00
[2023-10-27 18:09:53,075] {standard_task_runner.py:52} INFO - Started process 49139 to run task
[2023-10-27 18:09:53,079] {standard_task_runner.py:79} INFO - Running: ['airflow', 'tasks', 'run', 'get_stocks_dag', 'TSLA', 'scheduled__2023-10-06T00:00:00+00:00', '--job-id', '22', '--raw', '--subdir', 'DAGS_FOLDER/get_finance.py', '--cfg-path', '/tmp/tmpvoequfy0', '--error-file', '/tmp/tmp9menwbt3']
[2023-10-27 18:09:53,080] {standard_task_runner.py:80} INFO - Job 22: Subtask TSLA
[2023-10-27 18:09:53,150] {task_command.py:370} INFO - Running <TaskInstance: get_stocks_dag.TSLA scheduled__2023-10-06T00:00:00+00:00 [running]> on host airflow-virtual-machine
[2023-10-27 18:09:53,210] {taskinstance.py:1569} INFO - Exporting the following env vars:
AIRFLOW_CTX_DAG_OWNER=airflow
AIRFLOW_CTX_DAG_ID=get_stocks_dag
AIRFLOW_CTX_TASK_ID=TSLA
AIRFLOW_CTX_EXECUTION_DATE=2023-10-06T00:00:00+00:00
AIRFLOW_CTX_TRY_NUMBER=1
AIRFLOW_CTX_DAG_RUN_ID=scheduled__2023-10-06T00:00:00+00:00
[2023-10-27 18:09:53,751] {python.py:173} INFO - Done. Returned value was: None
[2023-10-27 18:09:53,761] {taskinstance.py:1395} INFO - Marking task as SUCCESS. dag_id=get_stocks_dag, task_id=TSLA, execution_date=20231006T000000, start_date=20231027T210953, end_date=20231027T210953
[2023-10-27 18:09:53,788] {local_task_job.py:156} INFO - Task exited with return code 0
[2023-10-27 18:09:53,831] {local_task_job.py:273} INFO - 1 downstream tasks scheduled from follow-on schedule check
