[2023-10-27 14:17:55,028] {taskinstance.py:1159} INFO - Dependencies all met for <TaskInstance: get_stocks_dag.GOOG scheduled__2023-10-14T00:00:00+00:00 [queued]>
[2023-10-27 14:17:55,036] {taskinstance.py:1159} INFO - Dependencies all met for <TaskInstance: get_stocks_dag.GOOG scheduled__2023-10-14T00:00:00+00:00 [queued]>
[2023-10-27 14:17:55,036] {taskinstance.py:1356} INFO - 
--------------------------------------------------------------------------------
[2023-10-27 14:17:55,036] {taskinstance.py:1357} INFO - Starting attempt 1 of 1
[2023-10-27 14:17:55,037] {taskinstance.py:1358} INFO - 
--------------------------------------------------------------------------------
[2023-10-27 14:17:55,051] {taskinstance.py:1377} INFO - Executing <Task(_PythonDecoratedOperator): GOOG> on 2023-10-14 00:00:00+00:00
[2023-10-27 14:17:55,054] {standard_task_runner.py:52} INFO - Started process 17743 to run task
[2023-10-27 14:17:55,057] {standard_task_runner.py:79} INFO - Running: ['airflow', 'tasks', 'run', 'get_stocks_dag', 'GOOG', 'scheduled__2023-10-14T00:00:00+00:00', '--job-id', '43', '--raw', '--subdir', 'DAGS_FOLDER/get_finance.py', '--cfg-path', '/tmp/tmp65txqn_q', '--error-file', '/tmp/tmpsky4t7b1']
[2023-10-27 14:17:55,059] {standard_task_runner.py:80} INFO - Job 43: Subtask GOOG
[2023-10-27 14:17:55,102] {task_command.py:370} INFO - Running <TaskInstance: get_stocks_dag.GOOG scheduled__2023-10-14T00:00:00+00:00 [running]> on host airflow-virtual-machine
[2023-10-27 14:17:55,145] {taskinstance.py:1569} INFO - Exporting the following env vars:
AIRFLOW_CTX_DAG_OWNER=airflow
AIRFLOW_CTX_DAG_ID=get_stocks_dag
AIRFLOW_CTX_TASK_ID=GOOG
AIRFLOW_CTX_EXECUTION_DATE=2023-10-14T00:00:00+00:00
AIRFLOW_CTX_TRY_NUMBER=1
AIRFLOW_CTX_DAG_RUN_ID=scheduled__2023-10-14T00:00:00+00:00
[2023-10-27 14:17:55,543] {taskinstance.py:1889} ERROR - Task failed with exception
Traceback (most recent call last):
  File "/home/gabriel/Documents/project_finance/venv/lib/python3.9/site-packages/airflow/decorators/base.py", line 179, in execute
    return_value = super().execute(context)
  File "/home/gabriel/Documents/project_finance/venv/lib/python3.9/site-packages/airflow/operators/python.py", line 171, in execute
    return_value = self.execute_callable()
  File "/home/gabriel/Documents/project_finance/venv/lib/python3.9/site-packages/airflow/operators/python.py", line 189, in execute_callable
    return self.python_callable(*self.op_args, **self.op_kwargs)
  File "/home/gabriel/Documents/project_finance/airflow/dags/get_finance.py", line 18, in get_history
    yfinance.Ticker(ticker).history(
  File "/home/gabriel/Documents/project_finance/venv/lib/python3.9/site-packages/pandas/core/generic.py", line 3902, in to_csv
    return DataFrameRenderer(formatter).to_csv(
  File "/home/gabriel/Documents/project_finance/venv/lib/python3.9/site-packages/pandas/io/formats/format.py", line 1152, in to_csv
    csv_formatter.save()
  File "/home/gabriel/Documents/project_finance/venv/lib/python3.9/site-packages/pandas/io/formats/csvs.py", line 247, in save
    with get_handle(
  File "/home/gabriel/Documents/project_finance/venv/lib/python3.9/site-packages/pandas/io/common.py", line 739, in get_handle
    check_parent_directory(str(handle))
  File "/home/gabriel/Documents/project_finance/venv/lib/python3.9/site-packages/pandas/io/common.py", line 604, in check_parent_directory
    raise OSError(rf"Cannot save file into a non-existent directory: '{parent}'")
OSError: Cannot save file into a non-existent directory: '/home/gabriel/Documents/project_finance/datalake/stocks/GOOG'
[2023-10-27 14:17:55,550] {taskinstance.py:1395} INFO - Marking task as FAILED. dag_id=get_stocks_dag, task_id=GOOG, execution_date=20231014T000000, start_date=20231027T171755, end_date=20231027T171755
[2023-10-27 14:17:55,562] {standard_task_runner.py:92} ERROR - Failed to execute job 43 for task GOOG (Cannot save file into a non-existent directory: '/home/gabriel/Documents/project_finance/datalake/stocks/GOOG'; 17743)
[2023-10-27 14:17:55,594] {local_task_job.py:156} INFO - Task exited with return code 1
[2023-10-27 14:17:55,622] {local_task_job.py:273} INFO - 0 downstream tasks scheduled from follow-on schedule check
[2023-10-27 14:31:42,616] {taskinstance.py:1159} INFO - Dependencies all met for <TaskInstance: get_stocks_dag.GOOG scheduled__2023-10-14T00:00:00+00:00 [queued]>
[2023-10-27 14:31:42,641] {taskinstance.py:1159} INFO - Dependencies all met for <TaskInstance: get_stocks_dag.GOOG scheduled__2023-10-14T00:00:00+00:00 [queued]>
[2023-10-27 14:31:42,641] {taskinstance.py:1356} INFO - 
--------------------------------------------------------------------------------
[2023-10-27 14:31:42,641] {taskinstance.py:1357} INFO - Starting attempt 1 of 1
[2023-10-27 14:31:42,643] {taskinstance.py:1358} INFO - 
--------------------------------------------------------------------------------
[2023-10-27 14:31:42,668] {taskinstance.py:1377} INFO - Executing <Task(_PythonDecoratedOperator): GOOG> on 2023-10-14 00:00:00+00:00
[2023-10-27 14:31:42,673] {standard_task_runner.py:52} INFO - Started process 20034 to run task
[2023-10-27 14:31:42,681] {standard_task_runner.py:79} INFO - Running: ['airflow', 'tasks', 'run', 'get_stocks_dag', 'GOOG', 'scheduled__2023-10-14T00:00:00+00:00', '--job-id', '43', '--raw', '--subdir', 'DAGS_FOLDER/get_finance.py', '--cfg-path', '/tmp/tmpzougq9z6', '--error-file', '/tmp/tmpzb776_8u']
[2023-10-27 14:31:42,681] {standard_task_runner.py:80} INFO - Job 43: Subtask GOOG
[2023-10-27 14:31:42,765] {task_command.py:370} INFO - Running <TaskInstance: get_stocks_dag.GOOG scheduled__2023-10-14T00:00:00+00:00 [running]> on host airflow-virtual-machine
[2023-10-27 14:31:42,870] {taskinstance.py:1569} INFO - Exporting the following env vars:
AIRFLOW_CTX_DAG_OWNER=airflow
AIRFLOW_CTX_DAG_ID=get_stocks_dag
AIRFLOW_CTX_TASK_ID=GOOG
AIRFLOW_CTX_EXECUTION_DATE=2023-10-14T00:00:00+00:00
AIRFLOW_CTX_TRY_NUMBER=1
AIRFLOW_CTX_DAG_RUN_ID=scheduled__2023-10-14T00:00:00+00:00
[2023-10-27 14:31:43,498] {python.py:173} INFO - Done. Returned value was: None
[2023-10-27 14:31:43,503] {taskinstance.py:1395} INFO - Marking task as SUCCESS. dag_id=get_stocks_dag, task_id=GOOG, execution_date=20231014T000000, start_date=20231027T173142, end_date=20231027T173143
[2023-10-27 14:31:43,554] {local_task_job.py:156} INFO - Task exited with return code 0
[2023-10-27 14:31:43,579] {local_task_job.py:273} INFO - 0 downstream tasks scheduled from follow-on schedule check
[2023-10-27 14:35:38,400] {taskinstance.py:1159} INFO - Dependencies all met for <TaskInstance: get_stocks_dag.GOOG scheduled__2023-10-14T00:00:00+00:00 [queued]>
[2023-10-27 14:35:38,420] {taskinstance.py:1159} INFO - Dependencies all met for <TaskInstance: get_stocks_dag.GOOG scheduled__2023-10-14T00:00:00+00:00 [queued]>
[2023-10-27 14:35:38,420] {taskinstance.py:1356} INFO - 
--------------------------------------------------------------------------------
[2023-10-27 14:35:38,420] {taskinstance.py:1357} INFO - Starting attempt 1 of 1
[2023-10-27 14:35:38,420] {taskinstance.py:1358} INFO - 
--------------------------------------------------------------------------------
[2023-10-27 14:35:38,465] {taskinstance.py:1377} INFO - Executing <Task(_PythonDecoratedOperator): GOOG> on 2023-10-14 00:00:00+00:00
[2023-10-27 14:35:38,480] {standard_task_runner.py:52} INFO - Started process 21001 to run task
[2023-10-27 14:35:38,491] {standard_task_runner.py:79} INFO - Running: ['airflow', 'tasks', 'run', 'get_stocks_dag', 'GOOG', 'scheduled__2023-10-14T00:00:00+00:00', '--job-id', '43', '--raw', '--subdir', 'DAGS_FOLDER/get_finance.py', '--cfg-path', '/tmp/tmp4ytn_9yt', '--error-file', '/tmp/tmpex4lnzwe']
[2023-10-27 14:35:38,492] {standard_task_runner.py:80} INFO - Job 43: Subtask GOOG
[2023-10-27 14:35:38,643] {task_command.py:370} INFO - Running <TaskInstance: get_stocks_dag.GOOG scheduled__2023-10-14T00:00:00+00:00 [running]> on host airflow-virtual-machine
[2023-10-27 14:35:38,761] {taskinstance.py:1569} INFO - Exporting the following env vars:
AIRFLOW_CTX_DAG_OWNER=airflow
AIRFLOW_CTX_DAG_ID=get_stocks_dag
AIRFLOW_CTX_TASK_ID=GOOG
AIRFLOW_CTX_EXECUTION_DATE=2023-10-14T00:00:00+00:00
AIRFLOW_CTX_TRY_NUMBER=1
AIRFLOW_CTX_DAG_RUN_ID=scheduled__2023-10-14T00:00:00+00:00
[2023-10-27 14:35:39,448] {python.py:173} INFO - Done. Returned value was: None
[2023-10-27 14:35:39,467] {taskinstance.py:1395} INFO - Marking task as SUCCESS. dag_id=get_stocks_dag, task_id=GOOG, execution_date=20231014T000000, start_date=20231027T173538, end_date=20231027T173539
[2023-10-27 14:35:39,542] {local_task_job.py:156} INFO - Task exited with return code 0
[2023-10-27 14:35:39,595] {local_task_job.py:273} INFO - 0 downstream tasks scheduled from follow-on schedule check
[2023-10-27 14:55:14,813] {taskinstance.py:1159} INFO - Dependencies all met for <TaskInstance: get_stocks_dag.GOOG scheduled__2023-10-14T00:00:00+00:00 [queued]>
[2023-10-27 14:55:14,824] {taskinstance.py:1159} INFO - Dependencies all met for <TaskInstance: get_stocks_dag.GOOG scheduled__2023-10-14T00:00:00+00:00 [queued]>
[2023-10-27 14:55:14,824] {taskinstance.py:1356} INFO - 
--------------------------------------------------------------------------------
[2023-10-27 14:55:14,824] {taskinstance.py:1357} INFO - Starting attempt 1 of 1
[2023-10-27 14:55:14,824] {taskinstance.py:1358} INFO - 
--------------------------------------------------------------------------------
[2023-10-27 14:55:14,838] {taskinstance.py:1377} INFO - Executing <Task(_PythonDecoratedOperator): GOOG> on 2023-10-14 00:00:00+00:00
[2023-10-27 14:55:14,843] {standard_task_runner.py:52} INFO - Started process 23662 to run task
[2023-10-27 14:55:14,846] {standard_task_runner.py:79} INFO - Running: ['airflow', 'tasks', 'run', 'get_stocks_dag', 'GOOG', 'scheduled__2023-10-14T00:00:00+00:00', '--job-id', '43', '--raw', '--subdir', 'DAGS_FOLDER/get_finance.py', '--cfg-path', '/tmp/tmp17hnllet', '--error-file', '/tmp/tmp9l89_0ak']
[2023-10-27 14:55:14,848] {standard_task_runner.py:80} INFO - Job 43: Subtask GOOG
[2023-10-27 14:55:14,899] {task_command.py:370} INFO - Running <TaskInstance: get_stocks_dag.GOOG scheduled__2023-10-14T00:00:00+00:00 [running]> on host airflow-virtual-machine
[2023-10-27 14:55:14,966] {taskinstance.py:1569} INFO - Exporting the following env vars:
AIRFLOW_CTX_DAG_OWNER=airflow
AIRFLOW_CTX_DAG_ID=get_stocks_dag
AIRFLOW_CTX_TASK_ID=GOOG
AIRFLOW_CTX_EXECUTION_DATE=2023-10-14T00:00:00+00:00
AIRFLOW_CTX_TRY_NUMBER=1
AIRFLOW_CTX_DAG_RUN_ID=scheduled__2023-10-14T00:00:00+00:00
[2023-10-27 14:55:15,435] {python.py:173} INFO - Done. Returned value was: None
[2023-10-27 14:55:15,442] {taskinstance.py:1395} INFO - Marking task as SUCCESS. dag_id=get_stocks_dag, task_id=GOOG, execution_date=20231014T000000, start_date=20231027T175514, end_date=20231027T175515
[2023-10-27 14:55:15,493] {local_task_job.py:156} INFO - Task exited with return code 0
[2023-10-27 14:55:15,533] {local_task_job.py:273} INFO - 0 downstream tasks scheduled from follow-on schedule check
[2023-10-27 15:24:27,266] {taskinstance.py:1159} INFO - Dependencies all met for <TaskInstance: get_stocks_dag.GOOG scheduled__2023-10-14T00:00:00+00:00 [queued]>
[2023-10-27 15:24:27,272] {taskinstance.py:1159} INFO - Dependencies all met for <TaskInstance: get_stocks_dag.GOOG scheduled__2023-10-14T00:00:00+00:00 [queued]>
[2023-10-27 15:24:27,273] {taskinstance.py:1356} INFO - 
--------------------------------------------------------------------------------
[2023-10-27 15:24:27,273] {taskinstance.py:1357} INFO - Starting attempt 1 of 1
[2023-10-27 15:24:27,273] {taskinstance.py:1358} INFO - 
--------------------------------------------------------------------------------
[2023-10-27 15:24:27,285] {taskinstance.py:1377} INFO - Executing <Task(_PythonDecoratedOperator): GOOG> on 2023-10-14 00:00:00+00:00
[2023-10-27 15:24:27,288] {standard_task_runner.py:52} INFO - Started process 27511 to run task
[2023-10-27 15:24:27,292] {standard_task_runner.py:79} INFO - Running: ['airflow', 'tasks', 'run', 'get_stocks_dag', 'GOOG', 'scheduled__2023-10-14T00:00:00+00:00', '--job-id', '43', '--raw', '--subdir', 'DAGS_FOLDER/get_finance.py', '--cfg-path', '/tmp/tmpxakdcna6', '--error-file', '/tmp/tmp1drdn6zv']
[2023-10-27 15:24:27,293] {standard_task_runner.py:80} INFO - Job 43: Subtask GOOG
[2023-10-27 15:24:27,331] {task_command.py:370} INFO - Running <TaskInstance: get_stocks_dag.GOOG scheduled__2023-10-14T00:00:00+00:00 [running]> on host airflow-virtual-machine
[2023-10-27 15:24:27,375] {taskinstance.py:1569} INFO - Exporting the following env vars:
AIRFLOW_CTX_DAG_OWNER=airflow
AIRFLOW_CTX_DAG_ID=get_stocks_dag
AIRFLOW_CTX_TASK_ID=GOOG
AIRFLOW_CTX_EXECUTION_DATE=2023-10-14T00:00:00+00:00
AIRFLOW_CTX_TRY_NUMBER=1
AIRFLOW_CTX_DAG_RUN_ID=scheduled__2023-10-14T00:00:00+00:00
[2023-10-27 15:24:28,060] {python.py:173} INFO - Done. Returned value was: None
[2023-10-27 15:24:28,066] {taskinstance.py:1395} INFO - Marking task as SUCCESS. dag_id=get_stocks_dag, task_id=GOOG, execution_date=20231014T000000, start_date=20231027T182427, end_date=20231027T182428
[2023-10-27 15:24:28,123] {local_task_job.py:156} INFO - Task exited with return code 0
[2023-10-27 15:24:28,176] {local_task_job.py:273} INFO - 0 downstream tasks scheduled from follow-on schedule check
[2023-10-27 17:03:03,126] {taskinstance.py:1159} INFO - Dependencies all met for <TaskInstance: get_stocks_dag.GOOG scheduled__2023-10-14T00:00:00+00:00 [queued]>
[2023-10-27 17:03:03,136] {taskinstance.py:1159} INFO - Dependencies all met for <TaskInstance: get_stocks_dag.GOOG scheduled__2023-10-14T00:00:00+00:00 [queued]>
[2023-10-27 17:03:03,136] {taskinstance.py:1356} INFO - 
--------------------------------------------------------------------------------
[2023-10-27 17:03:03,136] {taskinstance.py:1357} INFO - Starting attempt 1 of 1
[2023-10-27 17:03:03,136] {taskinstance.py:1358} INFO - 
--------------------------------------------------------------------------------
[2023-10-27 17:03:03,148] {taskinstance.py:1377} INFO - Executing <Task(_PythonDecoratedOperator): GOOG> on 2023-10-14 00:00:00+00:00
[2023-10-27 17:03:03,152] {standard_task_runner.py:52} INFO - Started process 39780 to run task
[2023-10-27 17:03:03,155] {standard_task_runner.py:79} INFO - Running: ['airflow', 'tasks', 'run', 'get_stocks_dag', 'GOOG', 'scheduled__2023-10-14T00:00:00+00:00', '--job-id', '52', '--raw', '--subdir', 'DAGS_FOLDER/get_finance.py', '--cfg-path', '/tmp/tmpjaiwk_5e', '--error-file', '/tmp/tmpkq6iilkg']
[2023-10-27 17:03:03,156] {standard_task_runner.py:80} INFO - Job 52: Subtask GOOG
[2023-10-27 17:03:03,205] {task_command.py:370} INFO - Running <TaskInstance: get_stocks_dag.GOOG scheduled__2023-10-14T00:00:00+00:00 [running]> on host airflow-virtual-machine
[2023-10-27 17:03:03,267] {taskinstance.py:1569} INFO - Exporting the following env vars:
AIRFLOW_CTX_DAG_OWNER=airflow
AIRFLOW_CTX_DAG_ID=get_stocks_dag
AIRFLOW_CTX_TASK_ID=GOOG
AIRFLOW_CTX_EXECUTION_DATE=2023-10-14T00:00:00+00:00
AIRFLOW_CTX_TRY_NUMBER=1
AIRFLOW_CTX_DAG_RUN_ID=scheduled__2023-10-14T00:00:00+00:00
[2023-10-27 17:03:03,828] {python.py:173} INFO - Done. Returned value was: None
[2023-10-27 17:03:03,842] {taskinstance.py:1395} INFO - Marking task as SUCCESS. dag_id=get_stocks_dag, task_id=GOOG, execution_date=20231014T000000, start_date=20231027T200303, end_date=20231027T200303
[2023-10-27 17:03:03,893] {local_task_job.py:156} INFO - Task exited with return code 0
[2023-10-27 17:03:03,927] {local_task_job.py:273} INFO - 0 downstream tasks scheduled from follow-on schedule check
[2023-10-27 17:10:21,539] {taskinstance.py:1159} INFO - Dependencies all met for <TaskInstance: get_stocks_dag.GOOG scheduled__2023-10-14T00:00:00+00:00 [queued]>
[2023-10-27 17:10:21,547] {taskinstance.py:1159} INFO - Dependencies all met for <TaskInstance: get_stocks_dag.GOOG scheduled__2023-10-14T00:00:00+00:00 [queued]>
[2023-10-27 17:10:21,547] {taskinstance.py:1356} INFO - 
--------------------------------------------------------------------------------
[2023-10-27 17:10:21,547] {taskinstance.py:1357} INFO - Starting attempt 1 of 1
[2023-10-27 17:10:21,547] {taskinstance.py:1358} INFO - 
--------------------------------------------------------------------------------
[2023-10-27 17:10:21,556] {taskinstance.py:1377} INFO - Executing <Task(_PythonDecoratedOperator): GOOG> on 2023-10-14 00:00:00+00:00
[2023-10-27 17:10:21,560] {standard_task_runner.py:52} INFO - Started process 41506 to run task
[2023-10-27 17:10:21,564] {standard_task_runner.py:79} INFO - Running: ['airflow', 'tasks', 'run', 'get_stocks_dag', 'GOOG', 'scheduled__2023-10-14T00:00:00+00:00', '--job-id', '52', '--raw', '--subdir', 'DAGS_FOLDER/get_finance.py', '--cfg-path', '/tmp/tmpftyn4cay', '--error-file', '/tmp/tmpbv5b6y11']
[2023-10-27 17:10:21,564] {standard_task_runner.py:80} INFO - Job 52: Subtask GOOG
[2023-10-27 17:10:21,608] {task_command.py:370} INFO - Running <TaskInstance: get_stocks_dag.GOOG scheduled__2023-10-14T00:00:00+00:00 [running]> on host airflow-virtual-machine
[2023-10-27 17:10:21,660] {taskinstance.py:1569} INFO - Exporting the following env vars:
AIRFLOW_CTX_DAG_OWNER=airflow
AIRFLOW_CTX_DAG_ID=get_stocks_dag
AIRFLOW_CTX_TASK_ID=GOOG
AIRFLOW_CTX_EXECUTION_DATE=2023-10-14T00:00:00+00:00
AIRFLOW_CTX_TRY_NUMBER=1
AIRFLOW_CTX_DAG_RUN_ID=scheduled__2023-10-14T00:00:00+00:00
[2023-10-27 17:10:22,070] {python.py:173} INFO - Done. Returned value was: None
[2023-10-27 17:10:22,079] {taskinstance.py:1395} INFO - Marking task as SUCCESS. dag_id=get_stocks_dag, task_id=GOOG, execution_date=20231014T000000, start_date=20231027T201021, end_date=20231027T201022
[2023-10-27 17:10:22,113] {local_task_job.py:156} INFO - Task exited with return code 0
[2023-10-27 17:10:22,172] {local_task_job.py:273} INFO - 0 downstream tasks scheduled from follow-on schedule check
[2023-10-27 18:11:12,686] {taskinstance.py:1159} INFO - Dependencies all met for <TaskInstance: get_stocks_dag.GOOG scheduled__2023-10-14T00:00:00+00:00 [queued]>
[2023-10-27 18:11:12,695] {taskinstance.py:1159} INFO - Dependencies all met for <TaskInstance: get_stocks_dag.GOOG scheduled__2023-10-14T00:00:00+00:00 [queued]>
[2023-10-27 18:11:12,695] {taskinstance.py:1356} INFO - 
--------------------------------------------------------------------------------
[2023-10-27 18:11:12,696] {taskinstance.py:1357} INFO - Starting attempt 1 of 1
[2023-10-27 18:11:12,696] {taskinstance.py:1358} INFO - 
--------------------------------------------------------------------------------
[2023-10-27 18:11:12,708] {taskinstance.py:1377} INFO - Executing <Task(_PythonDecoratedOperator): GOOG> on 2023-10-14 00:00:00+00:00
[2023-10-27 18:11:12,712] {standard_task_runner.py:52} INFO - Started process 49661 to run task
[2023-10-27 18:11:12,715] {standard_task_runner.py:79} INFO - Running: ['airflow', 'tasks', 'run', 'get_stocks_dag', 'GOOG', 'scheduled__2023-10-14T00:00:00+00:00', '--job-id', '51', '--raw', '--subdir', 'DAGS_FOLDER/get_finance.py', '--cfg-path', '/tmp/tmpumwhnnvf', '--error-file', '/tmp/tmplepbtggd']
[2023-10-27 18:11:12,715] {standard_task_runner.py:80} INFO - Job 51: Subtask GOOG
[2023-10-27 18:11:12,750] {task_command.py:370} INFO - Running <TaskInstance: get_stocks_dag.GOOG scheduled__2023-10-14T00:00:00+00:00 [running]> on host airflow-virtual-machine
[2023-10-27 18:11:12,792] {taskinstance.py:1569} INFO - Exporting the following env vars:
AIRFLOW_CTX_DAG_OWNER=airflow
AIRFLOW_CTX_DAG_ID=get_stocks_dag
AIRFLOW_CTX_TASK_ID=GOOG
AIRFLOW_CTX_EXECUTION_DATE=2023-10-14T00:00:00+00:00
AIRFLOW_CTX_TRY_NUMBER=1
AIRFLOW_CTX_DAG_RUN_ID=scheduled__2023-10-14T00:00:00+00:00
[2023-10-27 18:11:13,347] {python.py:173} INFO - Done. Returned value was: None
[2023-10-27 18:11:13,352] {taskinstance.py:1395} INFO - Marking task as SUCCESS. dag_id=get_stocks_dag, task_id=GOOG, execution_date=20231014T000000, start_date=20231027T211112, end_date=20231027T211113
[2023-10-27 18:11:13,387] {local_task_job.py:156} INFO - Task exited with return code 0
[2023-10-27 18:11:13,406] {local_task_job.py:273} INFO - 0 downstream tasks scheduled from follow-on schedule check
[2023-10-29 11:29:41,839] {taskinstance.py:1159} INFO - Dependencies all met for <TaskInstance: get_stocks_dag.GOOG scheduled__2023-10-14T00:00:00+00:00 [queued]>
[2023-10-29 11:29:41,861] {taskinstance.py:1159} INFO - Dependencies all met for <TaskInstance: get_stocks_dag.GOOG scheduled__2023-10-14T00:00:00+00:00 [queued]>
[2023-10-29 11:29:41,861] {taskinstance.py:1356} INFO - 
--------------------------------------------------------------------------------
[2023-10-29 11:29:41,862] {taskinstance.py:1357} INFO - Starting attempt 1 of 1
[2023-10-29 11:29:41,862] {taskinstance.py:1358} INFO - 
--------------------------------------------------------------------------------
[2023-10-29 11:29:41,950] {taskinstance.py:1377} INFO - Executing <Task(_PythonDecoratedOperator): GOOG> on 2023-10-14 00:00:00+00:00
[2023-10-29 11:29:42,045] {standard_task_runner.py:79} INFO - Running: ['airflow', 'tasks', 'run', 'get_stocks_dag', 'GOOG', 'scheduled__2023-10-14T00:00:00+00:00', '--job-id', '45', '--raw', '--subdir', 'DAGS_FOLDER/get_finance.py', '--cfg-path', '/tmp/tmp1tvupenw', '--error-file', '/tmp/tmpnwppshwl']
[2023-10-29 11:29:42,046] {standard_task_runner.py:80} INFO - Job 45: Subtask GOOG
[2023-10-29 11:29:42,021] {standard_task_runner.py:52} INFO - Started process 14459 to run task
[2023-10-29 11:29:42,297] {task_command.py:370} INFO - Running <TaskInstance: get_stocks_dag.GOOG scheduled__2023-10-14T00:00:00+00:00 [running]> on host airflow-virtual-machine
[2023-10-29 11:29:42,853] {taskinstance.py:1569} INFO - Exporting the following env vars:
AIRFLOW_CTX_DAG_OWNER=airflow
AIRFLOW_CTX_DAG_ID=get_stocks_dag
AIRFLOW_CTX_TASK_ID=GOOG
AIRFLOW_CTX_EXECUTION_DATE=2023-10-14T00:00:00+00:00
AIRFLOW_CTX_TRY_NUMBER=1
AIRFLOW_CTX_DAG_RUN_ID=scheduled__2023-10-14T00:00:00+00:00
[2023-10-29 11:29:43,515] {python.py:173} INFO - Done. Returned value was: None
[2023-10-29 11:29:44,421] {taskinstance.py:1395} INFO - Marking task as SUCCESS. dag_id=get_stocks_dag, task_id=GOOG, execution_date=20231014T000000, start_date=20231029T142941, end_date=20231029T142944
[2023-10-29 11:29:44,567] {local_task_job.py:156} INFO - Task exited with return code 0
[2023-10-29 11:29:44,808] {local_task_job.py:273} INFO - 0 downstream tasks scheduled from follow-on schedule check
[2023-10-29 11:33:42,084] {taskinstance.py:1159} INFO - Dependencies all met for <TaskInstance: get_stocks_dag.GOOG scheduled__2023-10-14T00:00:00+00:00 [queued]>
[2023-10-29 11:33:42,428] {taskinstance.py:1159} INFO - Dependencies all met for <TaskInstance: get_stocks_dag.GOOG scheduled__2023-10-14T00:00:00+00:00 [queued]>
[2023-10-29 11:33:42,430] {taskinstance.py:1356} INFO - 
--------------------------------------------------------------------------------
[2023-10-29 11:33:42,432] {taskinstance.py:1357} INFO - Starting attempt 1 of 1
[2023-10-29 11:33:42,432] {taskinstance.py:1358} INFO - 
--------------------------------------------------------------------------------
[2023-10-29 11:33:42,557] {taskinstance.py:1377} INFO - Executing <Task(_PythonDecoratedOperator): GOOG> on 2023-10-14 00:00:00+00:00
[2023-10-29 11:33:42,586] {standard_task_runner.py:52} INFO - Started process 16586 to run task
[2023-10-29 11:33:42,625] {standard_task_runner.py:79} INFO - Running: ['airflow', 'tasks', 'run', 'get_stocks_dag', 'GOOG', 'scheduled__2023-10-14T00:00:00+00:00', '--job-id', '133', '--raw', '--subdir', 'DAGS_FOLDER/get_finance.py', '--cfg-path', '/tmp/tmp1f2d3vhs', '--error-file', '/tmp/tmp72px7if5']
[2023-10-29 11:33:42,638] {standard_task_runner.py:80} INFO - Job 133: Subtask GOOG
[2023-10-29 11:33:44,439] {task_command.py:370} INFO - Running <TaskInstance: get_stocks_dag.GOOG scheduled__2023-10-14T00:00:00+00:00 [running]> on host airflow-virtual-machine
[2023-10-29 11:33:45,914] {taskinstance.py:1569} INFO - Exporting the following env vars:
AIRFLOW_CTX_DAG_OWNER=airflow
AIRFLOW_CTX_DAG_ID=get_stocks_dag
AIRFLOW_CTX_TASK_ID=GOOG
AIRFLOW_CTX_EXECUTION_DATE=2023-10-14T00:00:00+00:00
AIRFLOW_CTX_TRY_NUMBER=1
AIRFLOW_CTX_DAG_RUN_ID=scheduled__2023-10-14T00:00:00+00:00
[2023-10-29 11:33:46,980] {python.py:173} INFO - Done. Returned value was: None
[2023-10-29 11:33:47,079] {taskinstance.py:1395} INFO - Marking task as SUCCESS. dag_id=get_stocks_dag, task_id=GOOG, execution_date=20231014T000000, start_date=20231029T143342, end_date=20231029T143347
[2023-10-29 11:33:47,231] {local_task_job.py:156} INFO - Task exited with return code 0
[2023-10-29 11:33:47,597] {local_task_job.py:273} INFO - 0 downstream tasks scheduled from follow-on schedule check
[2023-10-29 13:33:10,018] {taskinstance.py:1159} INFO - Dependencies all met for <TaskInstance: get_stocks_dag.GOOG scheduled__2023-10-14T00:00:00+00:00 [queued]>
[2023-10-29 13:33:10,140] {taskinstance.py:1159} INFO - Dependencies all met for <TaskInstance: get_stocks_dag.GOOG scheduled__2023-10-14T00:00:00+00:00 [queued]>
[2023-10-29 13:33:10,140] {taskinstance.py:1356} INFO - 
--------------------------------------------------------------------------------
[2023-10-29 13:33:10,140] {taskinstance.py:1357} INFO - Starting attempt 1 of 1
[2023-10-29 13:33:10,140] {taskinstance.py:1358} INFO - 
--------------------------------------------------------------------------------
[2023-10-29 13:33:10,221] {taskinstance.py:1377} INFO - Executing <Task(_PythonDecoratedOperator): GOOG> on 2023-10-14 00:00:00+00:00
[2023-10-29 13:33:10,237] {standard_task_runner.py:52} INFO - Started process 6637 to run task
[2023-10-29 13:33:10,341] {standard_task_runner.py:79} INFO - Running: ['airflow', 'tasks', 'run', 'get_stocks_dag', 'GOOG', 'scheduled__2023-10-14T00:00:00+00:00', '--job-id', '243', '--raw', '--subdir', 'DAGS_FOLDER/get_finance.py', '--cfg-path', '/tmp/tmprj0g1hko', '--error-file', '/tmp/tmpx5pzaeux']
[2023-10-29 13:33:10,343] {standard_task_runner.py:80} INFO - Job 243: Subtask GOOG
[2023-10-29 13:33:11,036] {task_command.py:370} INFO - Running <TaskInstance: get_stocks_dag.GOOG scheduled__2023-10-14T00:00:00+00:00 [running]> on host airflow-virtual-machine
[2023-10-29 13:33:12,649] {taskinstance.py:1569} INFO - Exporting the following env vars:
AIRFLOW_CTX_DAG_OWNER=airflow
AIRFLOW_CTX_DAG_ID=get_stocks_dag
AIRFLOW_CTX_TASK_ID=GOOG
AIRFLOW_CTX_EXECUTION_DATE=2023-10-14T00:00:00+00:00
AIRFLOW_CTX_TRY_NUMBER=1
AIRFLOW_CTX_DAG_RUN_ID=scheduled__2023-10-14T00:00:00+00:00
[2023-10-29 13:33:13,765] {python.py:173} INFO - Done. Returned value was: None
[2023-10-29 13:33:13,999] {taskinstance.py:1395} INFO - Marking task as SUCCESS. dag_id=get_stocks_dag, task_id=GOOG, execution_date=20231014T000000, start_date=20231029T163310, end_date=20231029T163313
[2023-10-29 13:33:14,054] {local_task_job.py:156} INFO - Task exited with return code 0
[2023-10-29 13:33:14,151] {local_task_job.py:273} INFO - 0 downstream tasks scheduled from follow-on schedule check
[2023-10-29 14:35:43,639] {taskinstance.py:1159} INFO - Dependencies all met for <TaskInstance: get_stocks_dag.GOOG scheduled__2023-10-14T00:00:00+00:00 [queued]>
[2023-10-29 14:35:44,166] {taskinstance.py:1159} INFO - Dependencies all met for <TaskInstance: get_stocks_dag.GOOG scheduled__2023-10-14T00:00:00+00:00 [queued]>
[2023-10-29 14:35:44,166] {taskinstance.py:1356} INFO - 
--------------------------------------------------------------------------------
[2023-10-29 14:35:44,166] {taskinstance.py:1357} INFO - Starting attempt 1 of 1
[2023-10-29 14:35:44,166] {taskinstance.py:1358} INFO - 
--------------------------------------------------------------------------------
[2023-10-29 14:35:44,208] {taskinstance.py:1377} INFO - Executing <Task(_PythonDecoratedOperator): GOOG> on 2023-10-14 00:00:00+00:00
[2023-10-29 14:35:44,223] {standard_task_runner.py:52} INFO - Started process 9551 to run task
[2023-10-29 14:35:44,274] {standard_task_runner.py:79} INFO - Running: ['airflow', 'tasks', 'run', 'get_stocks_dag', 'GOOG', 'scheduled__2023-10-14T00:00:00+00:00', '--job-id', '337', '--raw', '--subdir', 'DAGS_FOLDER/get_finance.py', '--cfg-path', '/tmp/tmpcfb8o46m', '--error-file', '/tmp/tmpnfi_9l39']
[2023-10-29 14:35:44,276] {standard_task_runner.py:80} INFO - Job 337: Subtask GOOG
[2023-10-29 14:35:45,163] {task_command.py:370} INFO - Running <TaskInstance: get_stocks_dag.GOOG scheduled__2023-10-14T00:00:00+00:00 [running]> on host airflow-virtual-machine
[2023-10-29 14:35:45,872] {taskinstance.py:1569} INFO - Exporting the following env vars:
AIRFLOW_CTX_DAG_OWNER=airflow
AIRFLOW_CTX_DAG_ID=get_stocks_dag
AIRFLOW_CTX_TASK_ID=GOOG
AIRFLOW_CTX_EXECUTION_DATE=2023-10-14T00:00:00+00:00
AIRFLOW_CTX_TRY_NUMBER=1
AIRFLOW_CTX_DAG_RUN_ID=scheduled__2023-10-14T00:00:00+00:00
[2023-10-29 14:35:46,636] {python.py:173} INFO - Done. Returned value was: None
[2023-10-29 14:35:46,791] {taskinstance.py:1395} INFO - Marking task as SUCCESS. dag_id=get_stocks_dag, task_id=GOOG, execution_date=20231014T000000, start_date=20231029T173544, end_date=20231029T173546
[2023-10-29 14:35:47,145] {local_task_job.py:156} INFO - Task exited with return code 0
[2023-10-29 14:35:47,481] {local_task_job.py:273} INFO - 0 downstream tasks scheduled from follow-on schedule check
