[2023-10-27 14:18:18,623] {taskinstance.py:1159} INFO - Dependencies all met for <TaskInstance: get_stocks_dag.GOOG scheduled__2023-10-18T00:00:00+00:00 [queued]>
[2023-10-27 14:18:18,638] {taskinstance.py:1159} INFO - Dependencies all met for <TaskInstance: get_stocks_dag.GOOG scheduled__2023-10-18T00:00:00+00:00 [queued]>
[2023-10-27 14:18:18,638] {taskinstance.py:1356} INFO - 
--------------------------------------------------------------------------------
[2023-10-27 14:18:18,638] {taskinstance.py:1357} INFO - Starting attempt 1 of 1
[2023-10-27 14:18:18,638] {taskinstance.py:1358} INFO - 
--------------------------------------------------------------------------------
[2023-10-27 14:18:18,649] {taskinstance.py:1377} INFO - Executing <Task(_PythonDecoratedOperator): GOOG> on 2023-10-18 00:00:00+00:00
[2023-10-27 14:18:18,654] {standard_task_runner.py:52} INFO - Started process 17890 to run task
[2023-10-27 14:18:18,664] {standard_task_runner.py:79} INFO - Running: ['airflow', 'tasks', 'run', 'get_stocks_dag', 'GOOG', 'scheduled__2023-10-18T00:00:00+00:00', '--job-id', '51', '--raw', '--subdir', 'DAGS_FOLDER/get_finance.py', '--cfg-path', '/tmp/tmp__n1mi5y', '--error-file', '/tmp/tmpulcqtm_k']
[2023-10-27 14:18:18,665] {standard_task_runner.py:80} INFO - Job 51: Subtask GOOG
[2023-10-27 14:18:18,724] {task_command.py:370} INFO - Running <TaskInstance: get_stocks_dag.GOOG scheduled__2023-10-18T00:00:00+00:00 [running]> on host airflow-virtual-machine
[2023-10-27 14:18:18,828] {taskinstance.py:1569} INFO - Exporting the following env vars:
AIRFLOW_CTX_DAG_OWNER=airflow
AIRFLOW_CTX_DAG_ID=get_stocks_dag
AIRFLOW_CTX_TASK_ID=GOOG
AIRFLOW_CTX_EXECUTION_DATE=2023-10-18T00:00:00+00:00
AIRFLOW_CTX_TRY_NUMBER=1
AIRFLOW_CTX_DAG_RUN_ID=scheduled__2023-10-18T00:00:00+00:00
[2023-10-27 14:18:19,305] {taskinstance.py:1889} ERROR - Task failed with exception
Traceback (most recent call last):
  File "/home/gabriel/Documents/project_finance/venv/lib/python3.9/site-packages/airflow/decorators/base.py", line 179, in execute
    return_value = super().execute(context)
  File "/home/gabriel/Documents/project_finance/venv/lib/python3.9/site-packages/airflow/operators/python.py", line 171, in execute
    return_value = self.execute_callable()
  File "/home/gabriel/Documents/project_finance/venv/lib/python3.9/site-packages/airflow/operators/python.py", line 189, in execute_callable
    return self.python_callable(*self.op_args, **self.op_kwargs)
  File "/home/gabriel/Documents/project_finance/airflow/dags/get_finance.py", line 18, in get_history
    yfinance.Ticker(ticker).history(
  File "/home/gabriel/Documents/project_finance/venv/lib/python3.9/site-packages/pandas/core/generic.py", line 3902, in to_csv
    return DataFrameRenderer(formatter).to_csv(
  File "/home/gabriel/Documents/project_finance/venv/lib/python3.9/site-packages/pandas/io/formats/format.py", line 1152, in to_csv
    csv_formatter.save()
  File "/home/gabriel/Documents/project_finance/venv/lib/python3.9/site-packages/pandas/io/formats/csvs.py", line 247, in save
    with get_handle(
  File "/home/gabriel/Documents/project_finance/venv/lib/python3.9/site-packages/pandas/io/common.py", line 739, in get_handle
    check_parent_directory(str(handle))
  File "/home/gabriel/Documents/project_finance/venv/lib/python3.9/site-packages/pandas/io/common.py", line 604, in check_parent_directory
    raise OSError(rf"Cannot save file into a non-existent directory: '{parent}'")
OSError: Cannot save file into a non-existent directory: '/home/gabriel/Documents/project_finance/datalake/stocks/GOOG'
[2023-10-27 14:18:19,315] {taskinstance.py:1395} INFO - Marking task as FAILED. dag_id=get_stocks_dag, task_id=GOOG, execution_date=20231018T000000, start_date=20231027T171818, end_date=20231027T171819
[2023-10-27 14:18:19,328] {standard_task_runner.py:92} ERROR - Failed to execute job 51 for task GOOG (Cannot save file into a non-existent directory: '/home/gabriel/Documents/project_finance/datalake/stocks/GOOG'; 17890)
[2023-10-27 14:18:19,336] {local_task_job.py:156} INFO - Task exited with return code 1
[2023-10-27 14:18:19,375] {local_task_job.py:273} INFO - 0 downstream tasks scheduled from follow-on schedule check
[2023-10-27 14:32:13,693] {taskinstance.py:1159} INFO - Dependencies all met for <TaskInstance: get_stocks_dag.GOOG scheduled__2023-10-18T00:00:00+00:00 [queued]>
[2023-10-27 14:32:13,712] {taskinstance.py:1159} INFO - Dependencies all met for <TaskInstance: get_stocks_dag.GOOG scheduled__2023-10-18T00:00:00+00:00 [queued]>
[2023-10-27 14:32:13,712] {taskinstance.py:1356} INFO - 
--------------------------------------------------------------------------------
[2023-10-27 14:32:13,713] {taskinstance.py:1357} INFO - Starting attempt 1 of 1
[2023-10-27 14:32:13,713] {taskinstance.py:1358} INFO - 
--------------------------------------------------------------------------------
[2023-10-27 14:32:13,742] {taskinstance.py:1377} INFO - Executing <Task(_PythonDecoratedOperator): GOOG> on 2023-10-18 00:00:00+00:00
[2023-10-27 14:32:13,759] {standard_task_runner.py:52} INFO - Started process 20177 to run task
[2023-10-27 14:32:13,779] {standard_task_runner.py:79} INFO - Running: ['airflow', 'tasks', 'run', 'get_stocks_dag', 'GOOG', 'scheduled__2023-10-18T00:00:00+00:00', '--job-id', '51', '--raw', '--subdir', 'DAGS_FOLDER/get_finance.py', '--cfg-path', '/tmp/tmpv3oacxri', '--error-file', '/tmp/tmp0n7qcy3c']
[2023-10-27 14:32:13,780] {standard_task_runner.py:80} INFO - Job 51: Subtask GOOG
[2023-10-27 14:32:13,882] {task_command.py:370} INFO - Running <TaskInstance: get_stocks_dag.GOOG scheduled__2023-10-18T00:00:00+00:00 [running]> on host airflow-virtual-machine
[2023-10-27 14:32:13,932] {taskinstance.py:1569} INFO - Exporting the following env vars:
AIRFLOW_CTX_DAG_OWNER=airflow
AIRFLOW_CTX_DAG_ID=get_stocks_dag
AIRFLOW_CTX_TASK_ID=GOOG
AIRFLOW_CTX_EXECUTION_DATE=2023-10-18T00:00:00+00:00
AIRFLOW_CTX_TRY_NUMBER=1
AIRFLOW_CTX_DAG_RUN_ID=scheduled__2023-10-18T00:00:00+00:00
[2023-10-27 14:32:14,415] {python.py:173} INFO - Done. Returned value was: None
[2023-10-27 14:32:14,439] {taskinstance.py:1395} INFO - Marking task as SUCCESS. dag_id=get_stocks_dag, task_id=GOOG, execution_date=20231018T000000, start_date=20231027T173213, end_date=20231027T173214
[2023-10-27 14:32:14,473] {local_task_job.py:156} INFO - Task exited with return code 0
[2023-10-27 14:32:14,491] {local_task_job.py:273} INFO - 0 downstream tasks scheduled from follow-on schedule check
[2023-10-27 14:36:13,736] {taskinstance.py:1159} INFO - Dependencies all met for <TaskInstance: get_stocks_dag.GOOG scheduled__2023-10-18T00:00:00+00:00 [queued]>
[2023-10-27 14:36:13,748] {taskinstance.py:1159} INFO - Dependencies all met for <TaskInstance: get_stocks_dag.GOOG scheduled__2023-10-18T00:00:00+00:00 [queued]>
[2023-10-27 14:36:13,749] {taskinstance.py:1356} INFO - 
--------------------------------------------------------------------------------
[2023-10-27 14:36:13,749] {taskinstance.py:1357} INFO - Starting attempt 1 of 1
[2023-10-27 14:36:13,749] {taskinstance.py:1358} INFO - 
--------------------------------------------------------------------------------
[2023-10-27 14:36:13,795] {taskinstance.py:1377} INFO - Executing <Task(_PythonDecoratedOperator): GOOG> on 2023-10-18 00:00:00+00:00
[2023-10-27 14:36:13,819] {standard_task_runner.py:52} INFO - Started process 21134 to run task
[2023-10-27 14:36:13,825] {standard_task_runner.py:79} INFO - Running: ['airflow', 'tasks', 'run', 'get_stocks_dag', 'GOOG', 'scheduled__2023-10-18T00:00:00+00:00', '--job-id', '51', '--raw', '--subdir', 'DAGS_FOLDER/get_finance.py', '--cfg-path', '/tmp/tmpe8jdw701', '--error-file', '/tmp/tmpmmuzc5lm']
[2023-10-27 14:36:13,829] {standard_task_runner.py:80} INFO - Job 51: Subtask GOOG
[2023-10-27 14:36:13,918] {task_command.py:370} INFO - Running <TaskInstance: get_stocks_dag.GOOG scheduled__2023-10-18T00:00:00+00:00 [running]> on host airflow-virtual-machine
[2023-10-27 14:36:14,187] {taskinstance.py:1569} INFO - Exporting the following env vars:
AIRFLOW_CTX_DAG_OWNER=airflow
AIRFLOW_CTX_DAG_ID=get_stocks_dag
AIRFLOW_CTX_TASK_ID=GOOG
AIRFLOW_CTX_EXECUTION_DATE=2023-10-18T00:00:00+00:00
AIRFLOW_CTX_TRY_NUMBER=1
AIRFLOW_CTX_DAG_RUN_ID=scheduled__2023-10-18T00:00:00+00:00
[2023-10-27 14:36:14,930] {python.py:173} INFO - Done. Returned value was: None
[2023-10-27 14:36:14,939] {taskinstance.py:1395} INFO - Marking task as SUCCESS. dag_id=get_stocks_dag, task_id=GOOG, execution_date=20231018T000000, start_date=20231027T173613, end_date=20231027T173614
[2023-10-27 14:36:15,024] {local_task_job.py:156} INFO - Task exited with return code 0
[2023-10-27 14:36:15,051] {local_task_job.py:273} INFO - 0 downstream tasks scheduled from follow-on schedule check
[2023-10-27 14:55:38,176] {taskinstance.py:1159} INFO - Dependencies all met for <TaskInstance: get_stocks_dag.GOOG scheduled__2023-10-18T00:00:00+00:00 [queued]>
[2023-10-27 14:55:38,186] {taskinstance.py:1159} INFO - Dependencies all met for <TaskInstance: get_stocks_dag.GOOG scheduled__2023-10-18T00:00:00+00:00 [queued]>
[2023-10-27 14:55:38,186] {taskinstance.py:1356} INFO - 
--------------------------------------------------------------------------------
[2023-10-27 14:55:38,186] {taskinstance.py:1357} INFO - Starting attempt 1 of 1
[2023-10-27 14:55:38,186] {taskinstance.py:1358} INFO - 
--------------------------------------------------------------------------------
[2023-10-27 14:55:38,202] {taskinstance.py:1377} INFO - Executing <Task(_PythonDecoratedOperator): GOOG> on 2023-10-18 00:00:00+00:00
[2023-10-27 14:55:38,215] {standard_task_runner.py:52} INFO - Started process 23785 to run task
[2023-10-27 14:55:38,222] {standard_task_runner.py:79} INFO - Running: ['airflow', 'tasks', 'run', 'get_stocks_dag', 'GOOG', 'scheduled__2023-10-18T00:00:00+00:00', '--job-id', '51', '--raw', '--subdir', 'DAGS_FOLDER/get_finance.py', '--cfg-path', '/tmp/tmpnddgj0ec', '--error-file', '/tmp/tmp3ofelae6']
[2023-10-27 14:55:38,223] {standard_task_runner.py:80} INFO - Job 51: Subtask GOOG
[2023-10-27 14:55:38,278] {task_command.py:370} INFO - Running <TaskInstance: get_stocks_dag.GOOG scheduled__2023-10-18T00:00:00+00:00 [running]> on host airflow-virtual-machine
[2023-10-27 14:55:38,334] {taskinstance.py:1569} INFO - Exporting the following env vars:
AIRFLOW_CTX_DAG_OWNER=airflow
AIRFLOW_CTX_DAG_ID=get_stocks_dag
AIRFLOW_CTX_TASK_ID=GOOG
AIRFLOW_CTX_EXECUTION_DATE=2023-10-18T00:00:00+00:00
AIRFLOW_CTX_TRY_NUMBER=1
AIRFLOW_CTX_DAG_RUN_ID=scheduled__2023-10-18T00:00:00+00:00
[2023-10-27 14:55:38,732] {python.py:173} INFO - Done. Returned value was: None
[2023-10-27 14:55:38,737] {taskinstance.py:1395} INFO - Marking task as SUCCESS. dag_id=get_stocks_dag, task_id=GOOG, execution_date=20231018T000000, start_date=20231027T175538, end_date=20231027T175538
[2023-10-27 14:55:38,770] {local_task_job.py:156} INFO - Task exited with return code 0
[2023-10-27 14:55:38,785] {local_task_job.py:273} INFO - 0 downstream tasks scheduled from follow-on schedule check
[2023-10-27 15:24:51,357] {taskinstance.py:1159} INFO - Dependencies all met for <TaskInstance: get_stocks_dag.GOOG scheduled__2023-10-18T00:00:00+00:00 [queued]>
[2023-10-27 15:24:51,370] {taskinstance.py:1159} INFO - Dependencies all met for <TaskInstance: get_stocks_dag.GOOG scheduled__2023-10-18T00:00:00+00:00 [queued]>
[2023-10-27 15:24:51,370] {taskinstance.py:1356} INFO - 
--------------------------------------------------------------------------------
[2023-10-27 15:24:51,371] {taskinstance.py:1357} INFO - Starting attempt 1 of 1
[2023-10-27 15:24:51,371] {taskinstance.py:1358} INFO - 
--------------------------------------------------------------------------------
[2023-10-27 15:24:51,394] {taskinstance.py:1377} INFO - Executing <Task(_PythonDecoratedOperator): GOOG> on 2023-10-18 00:00:00+00:00
[2023-10-27 15:24:51,397] {standard_task_runner.py:52} INFO - Started process 27638 to run task
[2023-10-27 15:24:51,401] {standard_task_runner.py:79} INFO - Running: ['airflow', 'tasks', 'run', 'get_stocks_dag', 'GOOG', 'scheduled__2023-10-18T00:00:00+00:00', '--job-id', '51', '--raw', '--subdir', 'DAGS_FOLDER/get_finance.py', '--cfg-path', '/tmp/tmp61565tt8', '--error-file', '/tmp/tmpcjl36v7f']
[2023-10-27 15:24:51,402] {standard_task_runner.py:80} INFO - Job 51: Subtask GOOG
[2023-10-27 15:24:51,469] {task_command.py:370} INFO - Running <TaskInstance: get_stocks_dag.GOOG scheduled__2023-10-18T00:00:00+00:00 [running]> on host airflow-virtual-machine
[2023-10-27 15:24:51,657] {taskinstance.py:1569} INFO - Exporting the following env vars:
AIRFLOW_CTX_DAG_OWNER=airflow
AIRFLOW_CTX_DAG_ID=get_stocks_dag
AIRFLOW_CTX_TASK_ID=GOOG
AIRFLOW_CTX_EXECUTION_DATE=2023-10-18T00:00:00+00:00
AIRFLOW_CTX_TRY_NUMBER=1
AIRFLOW_CTX_DAG_RUN_ID=scheduled__2023-10-18T00:00:00+00:00
[2023-10-27 15:24:52,262] {python.py:173} INFO - Done. Returned value was: None
[2023-10-27 15:24:52,267] {taskinstance.py:1395} INFO - Marking task as SUCCESS. dag_id=get_stocks_dag, task_id=GOOG, execution_date=20231018T000000, start_date=20231027T182451, end_date=20231027T182452
[2023-10-27 15:24:52,280] {local_task_job.py:156} INFO - Task exited with return code 0
[2023-10-27 15:24:52,294] {local_task_job.py:273} INFO - 0 downstream tasks scheduled from follow-on schedule check
[2023-10-27 17:03:35,085] {taskinstance.py:1159} INFO - Dependencies all met for <TaskInstance: get_stocks_dag.GOOG scheduled__2023-10-18T00:00:00+00:00 [queued]>
[2023-10-27 17:03:35,210] {taskinstance.py:1159} INFO - Dependencies all met for <TaskInstance: get_stocks_dag.GOOG scheduled__2023-10-18T00:00:00+00:00 [queued]>
[2023-10-27 17:03:35,211] {taskinstance.py:1356} INFO - 
--------------------------------------------------------------------------------
[2023-10-27 17:03:35,227] {taskinstance.py:1357} INFO - Starting attempt 1 of 1
[2023-10-27 17:03:35,227] {taskinstance.py:1358} INFO - 
--------------------------------------------------------------------------------
[2023-10-27 17:03:35,276] {taskinstance.py:1377} INFO - Executing <Task(_PythonDecoratedOperator): GOOG> on 2023-10-18 00:00:00+00:00
[2023-10-27 17:03:35,286] {standard_task_runner.py:52} INFO - Started process 39950 to run task
[2023-10-27 17:03:35,291] {standard_task_runner.py:79} INFO - Running: ['airflow', 'tasks', 'run', 'get_stocks_dag', 'GOOG', 'scheduled__2023-10-18T00:00:00+00:00', '--job-id', '62', '--raw', '--subdir', 'DAGS_FOLDER/get_finance.py', '--cfg-path', '/tmp/tmp5dptdakx', '--error-file', '/tmp/tmprp1i_5e2']
[2023-10-27 17:03:35,291] {standard_task_runner.py:80} INFO - Job 62: Subtask GOOG
[2023-10-27 17:03:35,377] {task_command.py:370} INFO - Running <TaskInstance: get_stocks_dag.GOOG scheduled__2023-10-18T00:00:00+00:00 [running]> on host airflow-virtual-machine
[2023-10-27 17:03:35,572] {taskinstance.py:1569} INFO - Exporting the following env vars:
AIRFLOW_CTX_DAG_OWNER=airflow
AIRFLOW_CTX_DAG_ID=get_stocks_dag
AIRFLOW_CTX_TASK_ID=GOOG
AIRFLOW_CTX_EXECUTION_DATE=2023-10-18T00:00:00+00:00
AIRFLOW_CTX_TRY_NUMBER=1
AIRFLOW_CTX_DAG_RUN_ID=scheduled__2023-10-18T00:00:00+00:00
[2023-10-27 17:03:36,130] {python.py:173} INFO - Done. Returned value was: None
[2023-10-27 17:03:36,137] {taskinstance.py:1395} INFO - Marking task as SUCCESS. dag_id=get_stocks_dag, task_id=GOOG, execution_date=20231018T000000, start_date=20231027T200335, end_date=20231027T200336
[2023-10-27 17:03:36,195] {local_task_job.py:156} INFO - Task exited with return code 0
[2023-10-27 17:03:36,217] {local_task_job.py:273} INFO - 0 downstream tasks scheduled from follow-on schedule check
[2023-10-27 17:10:48,554] {taskinstance.py:1159} INFO - Dependencies all met for <TaskInstance: get_stocks_dag.GOOG scheduled__2023-10-18T00:00:00+00:00 [queued]>
[2023-10-27 17:10:48,560] {taskinstance.py:1159} INFO - Dependencies all met for <TaskInstance: get_stocks_dag.GOOG scheduled__2023-10-18T00:00:00+00:00 [queued]>
[2023-10-27 17:10:48,561] {taskinstance.py:1356} INFO - 
--------------------------------------------------------------------------------
[2023-10-27 17:10:48,561] {taskinstance.py:1357} INFO - Starting attempt 1 of 1
[2023-10-27 17:10:48,561] {taskinstance.py:1358} INFO - 
--------------------------------------------------------------------------------
[2023-10-27 17:10:48,572] {taskinstance.py:1377} INFO - Executing <Task(_PythonDecoratedOperator): GOOG> on 2023-10-18 00:00:00+00:00
[2023-10-27 17:10:48,576] {standard_task_runner.py:52} INFO - Started process 41653 to run task
[2023-10-27 17:10:48,580] {standard_task_runner.py:79} INFO - Running: ['airflow', 'tasks', 'run', 'get_stocks_dag', 'GOOG', 'scheduled__2023-10-18T00:00:00+00:00', '--job-id', '62', '--raw', '--subdir', 'DAGS_FOLDER/get_finance.py', '--cfg-path', '/tmp/tmp3h49puwx', '--error-file', '/tmp/tmpjk7lm0kj']
[2023-10-27 17:10:48,580] {standard_task_runner.py:80} INFO - Job 62: Subtask GOOG
[2023-10-27 17:10:48,616] {task_command.py:370} INFO - Running <TaskInstance: get_stocks_dag.GOOG scheduled__2023-10-18T00:00:00+00:00 [running]> on host airflow-virtual-machine
[2023-10-27 17:10:48,662] {taskinstance.py:1569} INFO - Exporting the following env vars:
AIRFLOW_CTX_DAG_OWNER=airflow
AIRFLOW_CTX_DAG_ID=get_stocks_dag
AIRFLOW_CTX_TASK_ID=GOOG
AIRFLOW_CTX_EXECUTION_DATE=2023-10-18T00:00:00+00:00
AIRFLOW_CTX_TRY_NUMBER=1
AIRFLOW_CTX_DAG_RUN_ID=scheduled__2023-10-18T00:00:00+00:00
[2023-10-27 17:10:49,066] {python.py:173} INFO - Done. Returned value was: None
[2023-10-27 17:10:49,071] {taskinstance.py:1395} INFO - Marking task as SUCCESS. dag_id=get_stocks_dag, task_id=GOOG, execution_date=20231018T000000, start_date=20231027T201048, end_date=20231027T201049
[2023-10-27 17:10:49,119] {local_task_job.py:156} INFO - Task exited with return code 0
[2023-10-27 17:10:49,155] {local_task_job.py:273} INFO - 0 downstream tasks scheduled from follow-on schedule check
[2023-10-27 18:11:38,823] {taskinstance.py:1159} INFO - Dependencies all met for <TaskInstance: get_stocks_dag.GOOG scheduled__2023-10-18T00:00:00+00:00 [queued]>
[2023-10-27 18:11:38,928] {taskinstance.py:1159} INFO - Dependencies all met for <TaskInstance: get_stocks_dag.GOOG scheduled__2023-10-18T00:00:00+00:00 [queued]>
[2023-10-27 18:11:38,929] {taskinstance.py:1356} INFO - 
--------------------------------------------------------------------------------
[2023-10-27 18:11:38,929] {taskinstance.py:1357} INFO - Starting attempt 1 of 1
[2023-10-27 18:11:38,929] {taskinstance.py:1358} INFO - 
--------------------------------------------------------------------------------
[2023-10-27 18:11:38,945] {taskinstance.py:1377} INFO - Executing <Task(_PythonDecoratedOperator): GOOG> on 2023-10-18 00:00:00+00:00
[2023-10-27 18:11:38,949] {standard_task_runner.py:52} INFO - Started process 49819 to run task
[2023-10-27 18:11:38,958] {standard_task_runner.py:79} INFO - Running: ['airflow', 'tasks', 'run', 'get_stocks_dag', 'GOOG', 'scheduled__2023-10-18T00:00:00+00:00', '--job-id', '62', '--raw', '--subdir', 'DAGS_FOLDER/get_finance.py', '--cfg-path', '/tmp/tmpvc6jx97w', '--error-file', '/tmp/tmp60lx7rh1']
[2023-10-27 18:11:38,959] {standard_task_runner.py:80} INFO - Job 62: Subtask GOOG
[2023-10-27 18:11:39,022] {task_command.py:370} INFO - Running <TaskInstance: get_stocks_dag.GOOG scheduled__2023-10-18T00:00:00+00:00 [running]> on host airflow-virtual-machine
[2023-10-27 18:11:39,080] {taskinstance.py:1569} INFO - Exporting the following env vars:
AIRFLOW_CTX_DAG_OWNER=airflow
AIRFLOW_CTX_DAG_ID=get_stocks_dag
AIRFLOW_CTX_TASK_ID=GOOG
AIRFLOW_CTX_EXECUTION_DATE=2023-10-18T00:00:00+00:00
AIRFLOW_CTX_TRY_NUMBER=1
AIRFLOW_CTX_DAG_RUN_ID=scheduled__2023-10-18T00:00:00+00:00
[2023-10-27 18:11:39,612] {python.py:173} INFO - Done. Returned value was: None
[2023-10-27 18:11:39,617] {taskinstance.py:1395} INFO - Marking task as SUCCESS. dag_id=get_stocks_dag, task_id=GOOG, execution_date=20231018T000000, start_date=20231027T211138, end_date=20231027T211139
[2023-10-27 18:11:39,631] {local_task_job.py:156} INFO - Task exited with return code 0
[2023-10-27 18:11:39,650] {local_task_job.py:273} INFO - 0 downstream tasks scheduled from follow-on schedule check
