[2023-10-27 18:10:42,160] {taskinstance.py:1159} INFO - Dependencies all met for <TaskInstance: get_stocks_dag.transform_stocks scheduled__2023-10-11T00:00:00+00:00 [queued]>
[2023-10-27 18:10:42,165] {taskinstance.py:1159} INFO - Dependencies all met for <TaskInstance: get_stocks_dag.transform_stocks scheduled__2023-10-11T00:00:00+00:00 [queued]>
[2023-10-27 18:10:42,165] {taskinstance.py:1356} INFO - 
--------------------------------------------------------------------------------
[2023-10-27 18:10:42,165] {taskinstance.py:1357} INFO - Starting attempt 1 of 1
[2023-10-27 18:10:42,165] {taskinstance.py:1358} INFO - 
--------------------------------------------------------------------------------
[2023-10-27 18:10:42,178] {taskinstance.py:1377} INFO - Executing <Task(_PythonDecoratedOperator): transform_stocks> on 2023-10-11 00:00:00+00:00
[2023-10-27 18:10:42,184] {standard_task_runner.py:52} INFO - Started process 49486 to run task
[2023-10-27 18:10:42,189] {standard_task_runner.py:79} INFO - Running: ['airflow', 'tasks', 'run', 'get_stocks_dag', 'transform_stocks', 'scheduled__2023-10-11T00:00:00+00:00', '--job-id', '39', '--raw', '--subdir', 'DAGS_FOLDER/get_finance.py', '--cfg-path', '/tmp/tmp7o3bb8ol', '--error-file', '/tmp/tmpdxpqczg5']
[2023-10-27 18:10:42,190] {standard_task_runner.py:80} INFO - Job 39: Subtask transform_stocks
[2023-10-27 18:10:42,228] {task_command.py:370} INFO - Running <TaskInstance: get_stocks_dag.transform_stocks scheduled__2023-10-11T00:00:00+00:00 [running]> on host airflow-virtual-machine
[2023-10-27 18:10:42,271] {taskinstance.py:1569} INFO - Exporting the following env vars:
AIRFLOW_CTX_DAG_OWNER=airflow
AIRFLOW_CTX_DAG_ID=get_stocks_dag
AIRFLOW_CTX_TASK_ID=transform_stocks
AIRFLOW_CTX_EXECUTION_DATE=2023-10-11T00:00:00+00:00
AIRFLOW_CTX_TRY_NUMBER=1
AIRFLOW_CTX_DAG_RUN_ID=scheduled__2023-10-11T00:00:00+00:00
[2023-10-27 18:10:42,292] {python.py:173} INFO - Done. Returned value was: None
[2023-10-27 18:10:42,298] {taskinstance.py:1395} INFO - Marking task as SUCCESS. dag_id=get_stocks_dag, task_id=transform_stocks, execution_date=20231011T000000, start_date=20231027T211042, end_date=20231027T211042
[2023-10-27 18:10:42,324] {local_task_job.py:156} INFO - Task exited with return code 0
[2023-10-27 18:10:42,338] {local_task_job.py:273} INFO - 0 downstream tasks scheduled from follow-on schedule check
