[2023-10-27 14:18:57,306] {taskinstance.py:1159} INFO - Dependencies all met for <TaskInstance: get_stocks_dag.GOOG scheduled__2023-10-21T00:00:00+00:00 [queued]>
[2023-10-27 14:18:57,314] {taskinstance.py:1159} INFO - Dependencies all met for <TaskInstance: get_stocks_dag.GOOG scheduled__2023-10-21T00:00:00+00:00 [queued]>
[2023-10-27 14:18:57,314] {taskinstance.py:1356} INFO - 
--------------------------------------------------------------------------------
[2023-10-27 14:18:57,314] {taskinstance.py:1357} INFO - Starting attempt 1 of 1
[2023-10-27 14:18:57,315] {taskinstance.py:1358} INFO - 
--------------------------------------------------------------------------------
[2023-10-27 14:18:57,327] {taskinstance.py:1377} INFO - Executing <Task(_PythonDecoratedOperator): GOOG> on 2023-10-21 00:00:00+00:00
[2023-10-27 14:18:57,332] {standard_task_runner.py:52} INFO - Started process 18093 to run task
[2023-10-27 14:18:57,336] {standard_task_runner.py:79} INFO - Running: ['airflow', 'tasks', 'run', 'get_stocks_dag', 'GOOG', 'scheduled__2023-10-21T00:00:00+00:00', '--job-id', '63', '--raw', '--subdir', 'DAGS_FOLDER/get_finance.py', '--cfg-path', '/tmp/tmpjmgdb0ip', '--error-file', '/tmp/tmppby9t732']
[2023-10-27 14:18:57,336] {standard_task_runner.py:80} INFO - Job 63: Subtask GOOG
[2023-10-27 14:18:57,499] {task_command.py:370} INFO - Running <TaskInstance: get_stocks_dag.GOOG scheduled__2023-10-21T00:00:00+00:00 [running]> on host airflow-virtual-machine
[2023-10-27 14:18:57,632] {taskinstance.py:1569} INFO - Exporting the following env vars:
AIRFLOW_CTX_DAG_OWNER=airflow
AIRFLOW_CTX_DAG_ID=get_stocks_dag
AIRFLOW_CTX_TASK_ID=GOOG
AIRFLOW_CTX_EXECUTION_DATE=2023-10-21T00:00:00+00:00
AIRFLOW_CTX_TRY_NUMBER=1
AIRFLOW_CTX_DAG_RUN_ID=scheduled__2023-10-21T00:00:00+00:00
[2023-10-27 14:18:58,056] {taskinstance.py:1889} ERROR - Task failed with exception
Traceback (most recent call last):
  File "/home/gabriel/Documents/project_finance/venv/lib/python3.9/site-packages/airflow/decorators/base.py", line 179, in execute
    return_value = super().execute(context)
  File "/home/gabriel/Documents/project_finance/venv/lib/python3.9/site-packages/airflow/operators/python.py", line 171, in execute
    return_value = self.execute_callable()
  File "/home/gabriel/Documents/project_finance/venv/lib/python3.9/site-packages/airflow/operators/python.py", line 189, in execute_callable
    return self.python_callable(*self.op_args, **self.op_kwargs)
  File "/home/gabriel/Documents/project_finance/airflow/dags/get_finance.py", line 18, in get_history
    yfinance.Ticker(ticker).history(
  File "/home/gabriel/Documents/project_finance/venv/lib/python3.9/site-packages/pandas/core/generic.py", line 3902, in to_csv
    return DataFrameRenderer(formatter).to_csv(
  File "/home/gabriel/Documents/project_finance/venv/lib/python3.9/site-packages/pandas/io/formats/format.py", line 1152, in to_csv
    csv_formatter.save()
  File "/home/gabriel/Documents/project_finance/venv/lib/python3.9/site-packages/pandas/io/formats/csvs.py", line 247, in save
    with get_handle(
  File "/home/gabriel/Documents/project_finance/venv/lib/python3.9/site-packages/pandas/io/common.py", line 739, in get_handle
    check_parent_directory(str(handle))
  File "/home/gabriel/Documents/project_finance/venv/lib/python3.9/site-packages/pandas/io/common.py", line 604, in check_parent_directory
    raise OSError(rf"Cannot save file into a non-existent directory: '{parent}'")
OSError: Cannot save file into a non-existent directory: '/home/gabriel/Documents/project_finance/datalake/stocks/GOOG'
[2023-10-27 14:18:58,063] {taskinstance.py:1395} INFO - Marking task as FAILED. dag_id=get_stocks_dag, task_id=GOOG, execution_date=20231021T000000, start_date=20231027T171857, end_date=20231027T171858
[2023-10-27 14:18:58,072] {standard_task_runner.py:92} ERROR - Failed to execute job 63 for task GOOG (Cannot save file into a non-existent directory: '/home/gabriel/Documents/project_finance/datalake/stocks/GOOG'; 18093)
[2023-10-27 14:18:58,104] {local_task_job.py:156} INFO - Task exited with return code 1
[2023-10-27 14:18:58,127] {local_task_job.py:273} INFO - 0 downstream tasks scheduled from follow-on schedule check
[2023-10-27 14:37:11,416] {taskinstance.py:1159} INFO - Dependencies all met for <TaskInstance: get_stocks_dag.GOOG scheduled__2023-10-21T00:00:00+00:00 [queued]>
[2023-10-27 14:37:11,433] {taskinstance.py:1159} INFO - Dependencies all met for <TaskInstance: get_stocks_dag.GOOG scheduled__2023-10-21T00:00:00+00:00 [queued]>
[2023-10-27 14:37:11,433] {taskinstance.py:1356} INFO - 
--------------------------------------------------------------------------------
[2023-10-27 14:37:11,433] {taskinstance.py:1357} INFO - Starting attempt 1 of 1
[2023-10-27 14:37:11,434] {taskinstance.py:1358} INFO - 
--------------------------------------------------------------------------------
[2023-10-27 14:37:11,457] {taskinstance.py:1377} INFO - Executing <Task(_PythonDecoratedOperator): GOOG> on 2023-10-21 00:00:00+00:00
[2023-10-27 14:37:11,466] {standard_task_runner.py:52} INFO - Started process 21334 to run task
[2023-10-27 14:37:11,471] {standard_task_runner.py:79} INFO - Running: ['airflow', 'tasks', 'run', 'get_stocks_dag', 'GOOG', 'scheduled__2023-10-21T00:00:00+00:00', '--job-id', '63', '--raw', '--subdir', 'DAGS_FOLDER/get_finance.py', '--cfg-path', '/tmp/tmp4egyn_kh', '--error-file', '/tmp/tmp1pny8t99']
[2023-10-27 14:37:11,487] {standard_task_runner.py:80} INFO - Job 63: Subtask GOOG
[2023-10-27 14:37:11,613] {task_command.py:370} INFO - Running <TaskInstance: get_stocks_dag.GOOG scheduled__2023-10-21T00:00:00+00:00 [running]> on host airflow-virtual-machine
[2023-10-27 14:37:12,006] {taskinstance.py:1569} INFO - Exporting the following env vars:
AIRFLOW_CTX_DAG_OWNER=airflow
AIRFLOW_CTX_DAG_ID=get_stocks_dag
AIRFLOW_CTX_TASK_ID=GOOG
AIRFLOW_CTX_EXECUTION_DATE=2023-10-21T00:00:00+00:00
AIRFLOW_CTX_TRY_NUMBER=1
AIRFLOW_CTX_DAG_RUN_ID=scheduled__2023-10-21T00:00:00+00:00
[2023-10-27 14:37:12,593] {python.py:173} INFO - Done. Returned value was: None
[2023-10-27 14:37:12,618] {taskinstance.py:1395} INFO - Marking task as SUCCESS. dag_id=get_stocks_dag, task_id=GOOG, execution_date=20231021T000000, start_date=20231027T173711, end_date=20231027T173712
[2023-10-27 14:37:12,715] {local_task_job.py:156} INFO - Task exited with return code 0
[2023-10-27 14:37:12,778] {local_task_job.py:273} INFO - 0 downstream tasks scheduled from follow-on schedule check
[2023-10-27 14:56:13,885] {taskinstance.py:1159} INFO - Dependencies all met for <TaskInstance: get_stocks_dag.GOOG scheduled__2023-10-21T00:00:00+00:00 [queued]>
[2023-10-27 14:56:13,895] {taskinstance.py:1159} INFO - Dependencies all met for <TaskInstance: get_stocks_dag.GOOG scheduled__2023-10-21T00:00:00+00:00 [queued]>
[2023-10-27 14:56:13,895] {taskinstance.py:1356} INFO - 
--------------------------------------------------------------------------------
[2023-10-27 14:56:13,895] {taskinstance.py:1357} INFO - Starting attempt 1 of 1
[2023-10-27 14:56:13,896] {taskinstance.py:1358} INFO - 
--------------------------------------------------------------------------------
[2023-10-27 14:56:13,921] {taskinstance.py:1377} INFO - Executing <Task(_PythonDecoratedOperator): GOOG> on 2023-10-21 00:00:00+00:00
[2023-10-27 14:56:13,925] {standard_task_runner.py:52} INFO - Started process 23972 to run task
[2023-10-27 14:56:13,930] {standard_task_runner.py:79} INFO - Running: ['airflow', 'tasks', 'run', 'get_stocks_dag', 'GOOG', 'scheduled__2023-10-21T00:00:00+00:00', '--job-id', '63', '--raw', '--subdir', 'DAGS_FOLDER/get_finance.py', '--cfg-path', '/tmp/tmpol46tbd0', '--error-file', '/tmp/tmpuyn0tjkw']
[2023-10-27 14:56:13,931] {standard_task_runner.py:80} INFO - Job 63: Subtask GOOG
[2023-10-27 14:56:14,019] {task_command.py:370} INFO - Running <TaskInstance: get_stocks_dag.GOOG scheduled__2023-10-21T00:00:00+00:00 [running]> on host airflow-virtual-machine
[2023-10-27 14:56:14,070] {taskinstance.py:1569} INFO - Exporting the following env vars:
AIRFLOW_CTX_DAG_OWNER=airflow
AIRFLOW_CTX_DAG_ID=get_stocks_dag
AIRFLOW_CTX_TASK_ID=GOOG
AIRFLOW_CTX_EXECUTION_DATE=2023-10-21T00:00:00+00:00
AIRFLOW_CTX_TRY_NUMBER=1
AIRFLOW_CTX_DAG_RUN_ID=scheduled__2023-10-21T00:00:00+00:00
[2023-10-27 14:56:14,522] {python.py:173} INFO - Done. Returned value was: None
[2023-10-27 14:56:14,527] {taskinstance.py:1395} INFO - Marking task as SUCCESS. dag_id=get_stocks_dag, task_id=GOOG, execution_date=20231021T000000, start_date=20231027T175613, end_date=20231027T175614
[2023-10-27 14:56:14,632] {local_task_job.py:156} INFO - Task exited with return code 0
[2023-10-27 14:56:14,672] {local_task_job.py:273} INFO - 0 downstream tasks scheduled from follow-on schedule check
[2023-10-27 15:25:22,968] {taskinstance.py:1159} INFO - Dependencies all met for <TaskInstance: get_stocks_dag.GOOG scheduled__2023-10-21T00:00:00+00:00 [queued]>
[2023-10-27 15:25:22,974] {taskinstance.py:1159} INFO - Dependencies all met for <TaskInstance: get_stocks_dag.GOOG scheduled__2023-10-21T00:00:00+00:00 [queued]>
[2023-10-27 15:25:22,975] {taskinstance.py:1356} INFO - 
--------------------------------------------------------------------------------
[2023-10-27 15:25:22,975] {taskinstance.py:1357} INFO - Starting attempt 1 of 1
[2023-10-27 15:25:22,975] {taskinstance.py:1358} INFO - 
--------------------------------------------------------------------------------
[2023-10-27 15:25:22,986] {taskinstance.py:1377} INFO - Executing <Task(_PythonDecoratedOperator): GOOG> on 2023-10-21 00:00:00+00:00
[2023-10-27 15:25:22,990] {standard_task_runner.py:52} INFO - Started process 27815 to run task
[2023-10-27 15:25:22,993] {standard_task_runner.py:79} INFO - Running: ['airflow', 'tasks', 'run', 'get_stocks_dag', 'GOOG', 'scheduled__2023-10-21T00:00:00+00:00', '--job-id', '63', '--raw', '--subdir', 'DAGS_FOLDER/get_finance.py', '--cfg-path', '/tmp/tmpx6ttr5w_', '--error-file', '/tmp/tmpvhnxe01v']
[2023-10-27 15:25:22,994] {standard_task_runner.py:80} INFO - Job 63: Subtask GOOG
[2023-10-27 15:25:23,032] {task_command.py:370} INFO - Running <TaskInstance: get_stocks_dag.GOOG scheduled__2023-10-21T00:00:00+00:00 [running]> on host airflow-virtual-machine
[2023-10-27 15:25:23,074] {taskinstance.py:1569} INFO - Exporting the following env vars:
AIRFLOW_CTX_DAG_OWNER=airflow
AIRFLOW_CTX_DAG_ID=get_stocks_dag
AIRFLOW_CTX_TASK_ID=GOOG
AIRFLOW_CTX_EXECUTION_DATE=2023-10-21T00:00:00+00:00
AIRFLOW_CTX_TRY_NUMBER=1
AIRFLOW_CTX_DAG_RUN_ID=scheduled__2023-10-21T00:00:00+00:00
[2023-10-27 15:25:23,473] {python.py:173} INFO - Done. Returned value was: None
[2023-10-27 15:25:23,478] {taskinstance.py:1395} INFO - Marking task as SUCCESS. dag_id=get_stocks_dag, task_id=GOOG, execution_date=20231021T000000, start_date=20231027T182522, end_date=20231027T182523
[2023-10-27 15:25:23,490] {local_task_job.py:156} INFO - Task exited with return code 0
[2023-10-27 15:25:23,503] {local_task_job.py:273} INFO - 0 downstream tasks scheduled from follow-on schedule check
[2023-10-27 17:04:25,773] {taskinstance.py:1159} INFO - Dependencies all met for <TaskInstance: get_stocks_dag.GOOG scheduled__2023-10-21T00:00:00+00:00 [queued]>
[2023-10-27 17:04:25,781] {taskinstance.py:1159} INFO - Dependencies all met for <TaskInstance: get_stocks_dag.GOOG scheduled__2023-10-21T00:00:00+00:00 [queued]>
[2023-10-27 17:04:25,781] {taskinstance.py:1356} INFO - 
--------------------------------------------------------------------------------
[2023-10-27 17:04:25,781] {taskinstance.py:1357} INFO - Starting attempt 1 of 1
[2023-10-27 17:04:25,781] {taskinstance.py:1358} INFO - 
--------------------------------------------------------------------------------
[2023-10-27 17:04:25,832] {taskinstance.py:1377} INFO - Executing <Task(_PythonDecoratedOperator): GOOG> on 2023-10-21 00:00:00+00:00
[2023-10-27 17:04:25,848] {standard_task_runner.py:52} INFO - Started process 40186 to run task
[2023-10-27 17:04:25,889] {standard_task_runner.py:79} INFO - Running: ['airflow', 'tasks', 'run', 'get_stocks_dag', 'GOOG', 'scheduled__2023-10-21T00:00:00+00:00', '--job-id', '77', '--raw', '--subdir', 'DAGS_FOLDER/get_finance.py', '--cfg-path', '/tmp/tmp5v_i1fxi', '--error-file', '/tmp/tmp56pzeudq']
[2023-10-27 17:04:25,892] {standard_task_runner.py:80} INFO - Job 77: Subtask GOOG
[2023-10-27 17:04:25,991] {task_command.py:370} INFO - Running <TaskInstance: get_stocks_dag.GOOG scheduled__2023-10-21T00:00:00+00:00 [running]> on host airflow-virtual-machine
[2023-10-27 17:04:26,039] {taskinstance.py:1569} INFO - Exporting the following env vars:
AIRFLOW_CTX_DAG_OWNER=airflow
AIRFLOW_CTX_DAG_ID=get_stocks_dag
AIRFLOW_CTX_TASK_ID=GOOG
AIRFLOW_CTX_EXECUTION_DATE=2023-10-21T00:00:00+00:00
AIRFLOW_CTX_TRY_NUMBER=1
AIRFLOW_CTX_DAG_RUN_ID=scheduled__2023-10-21T00:00:00+00:00
[2023-10-27 17:04:26,707] {python.py:173} INFO - Done. Returned value was: None
[2023-10-27 17:04:26,714] {taskinstance.py:1395} INFO - Marking task as SUCCESS. dag_id=get_stocks_dag, task_id=GOOG, execution_date=20231021T000000, start_date=20231027T200425, end_date=20231027T200426
[2023-10-27 17:04:26,765] {local_task_job.py:156} INFO - Task exited with return code 0
[2023-10-27 17:04:26,801] {local_task_job.py:273} INFO - 0 downstream tasks scheduled from follow-on schedule check
[2023-10-27 17:11:31,562] {taskinstance.py:1159} INFO - Dependencies all met for <TaskInstance: get_stocks_dag.GOOG scheduled__2023-10-21T00:00:00+00:00 [queued]>
[2023-10-27 17:11:31,569] {taskinstance.py:1159} INFO - Dependencies all met for <TaskInstance: get_stocks_dag.GOOG scheduled__2023-10-21T00:00:00+00:00 [queued]>
[2023-10-27 17:11:31,569] {taskinstance.py:1356} INFO - 
--------------------------------------------------------------------------------
[2023-10-27 17:11:31,569] {taskinstance.py:1357} INFO - Starting attempt 1 of 1
[2023-10-27 17:11:31,569] {taskinstance.py:1358} INFO - 
--------------------------------------------------------------------------------
[2023-10-27 17:11:31,579] {taskinstance.py:1377} INFO - Executing <Task(_PythonDecoratedOperator): GOOG> on 2023-10-21 00:00:00+00:00
[2023-10-27 17:11:31,582] {standard_task_runner.py:52} INFO - Started process 41881 to run task
[2023-10-27 17:11:31,586] {standard_task_runner.py:79} INFO - Running: ['airflow', 'tasks', 'run', 'get_stocks_dag', 'GOOG', 'scheduled__2023-10-21T00:00:00+00:00', '--job-id', '77', '--raw', '--subdir', 'DAGS_FOLDER/get_finance.py', '--cfg-path', '/tmp/tmpzm6asdsh', '--error-file', '/tmp/tmp5jptgs5g']
[2023-10-27 17:11:31,587] {standard_task_runner.py:80} INFO - Job 77: Subtask GOOG
[2023-10-27 17:11:31,643] {task_command.py:370} INFO - Running <TaskInstance: get_stocks_dag.GOOG scheduled__2023-10-21T00:00:00+00:00 [running]> on host airflow-virtual-machine
[2023-10-27 17:11:31,688] {taskinstance.py:1569} INFO - Exporting the following env vars:
AIRFLOW_CTX_DAG_OWNER=airflow
AIRFLOW_CTX_DAG_ID=get_stocks_dag
AIRFLOW_CTX_TASK_ID=GOOG
AIRFLOW_CTX_EXECUTION_DATE=2023-10-21T00:00:00+00:00
AIRFLOW_CTX_TRY_NUMBER=1
AIRFLOW_CTX_DAG_RUN_ID=scheduled__2023-10-21T00:00:00+00:00
[2023-10-27 17:11:32,320] {python.py:173} INFO - Done. Returned value was: None
[2023-10-27 17:11:32,333] {taskinstance.py:1395} INFO - Marking task as SUCCESS. dag_id=get_stocks_dag, task_id=GOOG, execution_date=20231021T000000, start_date=20231027T201131, end_date=20231027T201132
[2023-10-27 17:11:32,394] {local_task_job.py:156} INFO - Task exited with return code 0
[2023-10-27 17:11:32,423] {local_task_job.py:273} INFO - 0 downstream tasks scheduled from follow-on schedule check
[2023-10-27 18:12:15,090] {taskinstance.py:1159} INFO - Dependencies all met for <TaskInstance: get_stocks_dag.GOOG scheduled__2023-10-21T00:00:00+00:00 [queued]>
[2023-10-27 18:12:15,097] {taskinstance.py:1159} INFO - Dependencies all met for <TaskInstance: get_stocks_dag.GOOG scheduled__2023-10-21T00:00:00+00:00 [queued]>
[2023-10-27 18:12:15,097] {taskinstance.py:1356} INFO - 
--------------------------------------------------------------------------------
[2023-10-27 18:12:15,097] {taskinstance.py:1357} INFO - Starting attempt 1 of 1
[2023-10-27 18:12:15,097] {taskinstance.py:1358} INFO - 
--------------------------------------------------------------------------------
[2023-10-27 18:12:15,127] {taskinstance.py:1377} INFO - Executing <Task(_PythonDecoratedOperator): GOOG> on 2023-10-21 00:00:00+00:00
[2023-10-27 18:12:15,132] {standard_task_runner.py:52} INFO - Started process 50035 to run task
[2023-10-27 18:12:15,136] {standard_task_runner.py:79} INFO - Running: ['airflow', 'tasks', 'run', 'get_stocks_dag', 'GOOG', 'scheduled__2023-10-21T00:00:00+00:00', '--job-id', '77', '--raw', '--subdir', 'DAGS_FOLDER/get_finance.py', '--cfg-path', '/tmp/tmpb6hegmvc', '--error-file', '/tmp/tmpxry35m9f']
[2023-10-27 18:12:15,137] {standard_task_runner.py:80} INFO - Job 77: Subtask GOOG
[2023-10-27 18:12:15,175] {task_command.py:370} INFO - Running <TaskInstance: get_stocks_dag.GOOG scheduled__2023-10-21T00:00:00+00:00 [running]> on host airflow-virtual-machine
[2023-10-27 18:12:15,220] {taskinstance.py:1569} INFO - Exporting the following env vars:
AIRFLOW_CTX_DAG_OWNER=airflow
AIRFLOW_CTX_DAG_ID=get_stocks_dag
AIRFLOW_CTX_TASK_ID=GOOG
AIRFLOW_CTX_EXECUTION_DATE=2023-10-21T00:00:00+00:00
AIRFLOW_CTX_TRY_NUMBER=1
AIRFLOW_CTX_DAG_RUN_ID=scheduled__2023-10-21T00:00:00+00:00
[2023-10-27 18:12:15,692] {python.py:173} INFO - Done. Returned value was: None
[2023-10-27 18:12:15,709] {taskinstance.py:1395} INFO - Marking task as SUCCESS. dag_id=get_stocks_dag, task_id=GOOG, execution_date=20231021T000000, start_date=20231027T211215, end_date=20231027T211215
[2023-10-27 18:12:15,802] {local_task_job.py:156} INFO - Task exited with return code 0
[2023-10-27 18:12:15,821] {local_task_job.py:273} INFO - 0 downstream tasks scheduled from follow-on schedule check
[2023-10-29 11:29:46,977] {taskinstance.py:1159} INFO - Dependencies all met for <TaskInstance: get_stocks_dag.GOOG scheduled__2023-10-21T00:00:00+00:00 [queued]>
[2023-10-29 11:29:47,005] {taskinstance.py:1159} INFO - Dependencies all met for <TaskInstance: get_stocks_dag.GOOG scheduled__2023-10-21T00:00:00+00:00 [queued]>
[2023-10-29 11:29:47,009] {taskinstance.py:1356} INFO - 
--------------------------------------------------------------------------------
[2023-10-29 11:29:47,010] {taskinstance.py:1357} INFO - Starting attempt 1 of 1
[2023-10-29 11:29:47,010] {taskinstance.py:1358} INFO - 
--------------------------------------------------------------------------------
[2023-10-29 11:29:47,060] {taskinstance.py:1377} INFO - Executing <Task(_PythonDecoratedOperator): GOOG> on 2023-10-21 00:00:00+00:00
[2023-10-29 11:29:47,109] {standard_task_runner.py:79} INFO - Running: ['airflow', 'tasks', 'run', 'get_stocks_dag', 'GOOG', 'scheduled__2023-10-21T00:00:00+00:00', '--job-id', '53', '--raw', '--subdir', 'DAGS_FOLDER/get_finance.py', '--cfg-path', '/tmp/tmp9eohvz21', '--error-file', '/tmp/tmpva52v86k']
[2023-10-29 11:29:47,112] {standard_task_runner.py:80} INFO - Job 53: Subtask GOOG
[2023-10-29 11:29:47,085] {standard_task_runner.py:52} INFO - Started process 14697 to run task
[2023-10-29 11:29:47,843] {task_command.py:370} INFO - Running <TaskInstance: get_stocks_dag.GOOG scheduled__2023-10-21T00:00:00+00:00 [running]> on host airflow-virtual-machine
[2023-10-29 11:29:48,558] {taskinstance.py:1569} INFO - Exporting the following env vars:
AIRFLOW_CTX_DAG_OWNER=airflow
AIRFLOW_CTX_DAG_ID=get_stocks_dag
AIRFLOW_CTX_TASK_ID=GOOG
AIRFLOW_CTX_EXECUTION_DATE=2023-10-21T00:00:00+00:00
AIRFLOW_CTX_TRY_NUMBER=1
AIRFLOW_CTX_DAG_RUN_ID=scheduled__2023-10-21T00:00:00+00:00
[2023-10-29 11:29:49,434] {python.py:173} INFO - Done. Returned value was: None
[2023-10-29 11:29:50,369] {taskinstance.py:1395} INFO - Marking task as SUCCESS. dag_id=get_stocks_dag, task_id=GOOG, execution_date=20231021T000000, start_date=20231029T142946, end_date=20231029T142950
[2023-10-29 11:29:50,405] {local_task_job.py:156} INFO - Task exited with return code 0
[2023-10-29 11:29:50,549] {local_task_job.py:273} INFO - 0 downstream tasks scheduled from follow-on schedule check
[2023-10-29 11:33:58,041] {taskinstance.py:1159} INFO - Dependencies all met for <TaskInstance: get_stocks_dag.GOOG scheduled__2023-10-21T00:00:00+00:00 [queued]>
[2023-10-29 11:33:58,184] {taskinstance.py:1159} INFO - Dependencies all met for <TaskInstance: get_stocks_dag.GOOG scheduled__2023-10-21T00:00:00+00:00 [queued]>
[2023-10-29 11:33:58,185] {taskinstance.py:1356} INFO - 
--------------------------------------------------------------------------------
[2023-10-29 11:33:58,185] {taskinstance.py:1357} INFO - Starting attempt 1 of 1
[2023-10-29 11:33:58,185] {taskinstance.py:1358} INFO - 
--------------------------------------------------------------------------------
[2023-10-29 11:33:58,327] {taskinstance.py:1377} INFO - Executing <Task(_PythonDecoratedOperator): GOOG> on 2023-10-21 00:00:00+00:00
[2023-10-29 11:33:58,355] {standard_task_runner.py:79} INFO - Running: ['airflow', 'tasks', 'run', 'get_stocks_dag', 'GOOG', 'scheduled__2023-10-21T00:00:00+00:00', '--job-id', '155', '--raw', '--subdir', 'DAGS_FOLDER/get_finance.py', '--cfg-path', '/tmp/tmp9khbjtrf', '--error-file', '/tmp/tmpz_6nlpl6']
[2023-10-29 11:33:58,359] {standard_task_runner.py:80} INFO - Job 155: Subtask GOOG
[2023-10-29 11:33:58,331] {standard_task_runner.py:52} INFO - Started process 17032 to run task
[2023-10-29 11:33:58,626] {task_command.py:370} INFO - Running <TaskInstance: get_stocks_dag.GOOG scheduled__2023-10-21T00:00:00+00:00 [running]> on host airflow-virtual-machine
[2023-10-29 11:33:59,443] {taskinstance.py:1569} INFO - Exporting the following env vars:
AIRFLOW_CTX_DAG_OWNER=airflow
AIRFLOW_CTX_DAG_ID=get_stocks_dag
AIRFLOW_CTX_TASK_ID=GOOG
AIRFLOW_CTX_EXECUTION_DATE=2023-10-21T00:00:00+00:00
AIRFLOW_CTX_TRY_NUMBER=1
AIRFLOW_CTX_DAG_RUN_ID=scheduled__2023-10-21T00:00:00+00:00
[2023-10-29 11:33:59,973] {python.py:173} INFO - Done. Returned value was: None
[2023-10-29 11:34:00,125] {taskinstance.py:1395} INFO - Marking task as SUCCESS. dag_id=get_stocks_dag, task_id=GOOG, execution_date=20231021T000000, start_date=20231029T143358, end_date=20231029T143400
[2023-10-29 11:34:00,431] {local_task_job.py:156} INFO - Task exited with return code 0
[2023-10-29 11:34:00,797] {local_task_job.py:273} INFO - 0 downstream tasks scheduled from follow-on schedule check
[2023-10-29 13:33:19,034] {taskinstance.py:1159} INFO - Dependencies all met for <TaskInstance: get_stocks_dag.GOOG scheduled__2023-10-21T00:00:00+00:00 [queued]>
[2023-10-29 13:33:19,117] {taskinstance.py:1159} INFO - Dependencies all met for <TaskInstance: get_stocks_dag.GOOG scheduled__2023-10-21T00:00:00+00:00 [queued]>
[2023-10-29 13:33:19,125] {taskinstance.py:1356} INFO - 
--------------------------------------------------------------------------------
[2023-10-29 13:33:19,125] {taskinstance.py:1357} INFO - Starting attempt 1 of 1
[2023-10-29 13:33:19,125] {taskinstance.py:1358} INFO - 
--------------------------------------------------------------------------------
[2023-10-29 13:33:19,417] {taskinstance.py:1377} INFO - Executing <Task(_PythonDecoratedOperator): GOOG> on 2023-10-21 00:00:00+00:00
[2023-10-29 13:33:19,590] {standard_task_runner.py:79} INFO - Running: ['airflow', 'tasks', 'run', 'get_stocks_dag', 'GOOG', 'scheduled__2023-10-21T00:00:00+00:00', '--job-id', '266', '--raw', '--subdir', 'DAGS_FOLDER/get_finance.py', '--cfg-path', '/tmp/tmp_7on4qro', '--error-file', '/tmp/tmpo7fdy8ns']
[2023-10-29 13:33:19,591] {standard_task_runner.py:80} INFO - Job 266: Subtask GOOG
[2023-10-29 13:33:19,574] {standard_task_runner.py:52} INFO - Started process 7079 to run task
[2023-10-29 13:33:19,779] {task_command.py:370} INFO - Running <TaskInstance: get_stocks_dag.GOOG scheduled__2023-10-21T00:00:00+00:00 [running]> on host airflow-virtual-machine
[2023-10-29 13:33:20,157] {taskinstance.py:1569} INFO - Exporting the following env vars:
AIRFLOW_CTX_DAG_OWNER=airflow
AIRFLOW_CTX_DAG_ID=get_stocks_dag
AIRFLOW_CTX_TASK_ID=GOOG
AIRFLOW_CTX_EXECUTION_DATE=2023-10-21T00:00:00+00:00
AIRFLOW_CTX_TRY_NUMBER=1
AIRFLOW_CTX_DAG_RUN_ID=scheduled__2023-10-21T00:00:00+00:00
[2023-10-29 13:33:21,155] {python.py:173} INFO - Done. Returned value was: None
[2023-10-29 13:33:21,274] {taskinstance.py:1395} INFO - Marking task as SUCCESS. dag_id=get_stocks_dag, task_id=GOOG, execution_date=20231021T000000, start_date=20231029T163319, end_date=20231029T163321
[2023-10-29 13:33:21,356] {local_task_job.py:156} INFO - Task exited with return code 0
[2023-10-29 13:33:21,472] {local_task_job.py:273} INFO - 0 downstream tasks scheduled from follow-on schedule check
[2023-10-29 14:35:56,020] {taskinstance.py:1159} INFO - Dependencies all met for <TaskInstance: get_stocks_dag.GOOG scheduled__2023-10-21T00:00:00+00:00 [queued]>
[2023-10-29 14:35:56,094] {taskinstance.py:1159} INFO - Dependencies all met for <TaskInstance: get_stocks_dag.GOOG scheduled__2023-10-21T00:00:00+00:00 [queued]>
[2023-10-29 14:35:56,094] {taskinstance.py:1356} INFO - 
--------------------------------------------------------------------------------
[2023-10-29 14:35:56,095] {taskinstance.py:1357} INFO - Starting attempt 1 of 1
[2023-10-29 14:35:56,095] {taskinstance.py:1358} INFO - 
--------------------------------------------------------------------------------
[2023-10-29 14:35:56,444] {taskinstance.py:1377} INFO - Executing <Task(_PythonDecoratedOperator): GOOG> on 2023-10-21 00:00:00+00:00
[2023-10-29 14:35:56,504] {standard_task_runner.py:52} INFO - Started process 10068 to run task
[2023-10-29 14:35:56,578] {standard_task_runner.py:79} INFO - Running: ['airflow', 'tasks', 'run', 'get_stocks_dag', 'GOOG', 'scheduled__2023-10-21T00:00:00+00:00', '--job-id', '360', '--raw', '--subdir', 'DAGS_FOLDER/get_finance.py', '--cfg-path', '/tmp/tmpqdyq8gep', '--error-file', '/tmp/tmpeq4342kw']
[2023-10-29 14:35:56,599] {standard_task_runner.py:80} INFO - Job 360: Subtask GOOG
[2023-10-29 14:35:57,062] {task_command.py:370} INFO - Running <TaskInstance: get_stocks_dag.GOOG scheduled__2023-10-21T00:00:00+00:00 [running]> on host airflow-virtual-machine
[2023-10-29 14:35:57,865] {taskinstance.py:1569} INFO - Exporting the following env vars:
AIRFLOW_CTX_DAG_OWNER=airflow
AIRFLOW_CTX_DAG_ID=get_stocks_dag
AIRFLOW_CTX_TASK_ID=GOOG
AIRFLOW_CTX_EXECUTION_DATE=2023-10-21T00:00:00+00:00
AIRFLOW_CTX_TRY_NUMBER=1
AIRFLOW_CTX_DAG_RUN_ID=scheduled__2023-10-21T00:00:00+00:00
[2023-10-29 14:35:58,757] {python.py:173} INFO - Done. Returned value was: None
[2023-10-29 14:35:58,819] {taskinstance.py:1395} INFO - Marking task as SUCCESS. dag_id=get_stocks_dag, task_id=GOOG, execution_date=20231021T000000, start_date=20231029T173556, end_date=20231029T173558
[2023-10-29 14:35:58,898] {local_task_job.py:156} INFO - Task exited with return code 0
[2023-10-29 14:35:59,187] {local_task_job.py:273} INFO - 0 downstream tasks scheduled from follow-on schedule check
