[2023-10-27 14:16:14,419] {taskinstance.py:1159} INFO - Dependencies all met for <TaskInstance: get_stocks_dag.MSFT scheduled__2023-10-04T00:00:00+00:00 [queued]>
[2023-10-27 14:16:14,426] {taskinstance.py:1159} INFO - Dependencies all met for <TaskInstance: get_stocks_dag.MSFT scheduled__2023-10-04T00:00:00+00:00 [queued]>
[2023-10-27 14:16:14,426] {taskinstance.py:1356} INFO - 
--------------------------------------------------------------------------------
[2023-10-27 14:16:14,426] {taskinstance.py:1357} INFO - Starting attempt 1 of 1
[2023-10-27 14:16:14,426] {taskinstance.py:1358} INFO - 
--------------------------------------------------------------------------------
[2023-10-27 14:16:14,439] {taskinstance.py:1377} INFO - Executing <Task(_PythonDecoratedOperator): MSFT> on 2023-10-04 00:00:00+00:00
[2023-10-27 14:16:14,443] {standard_task_runner.py:52} INFO - Started process 17108 to run task
[2023-10-27 14:16:14,446] {standard_task_runner.py:79} INFO - Running: ['airflow', 'tasks', 'run', 'get_stocks_dag', 'MSFT', 'scheduled__2023-10-04T00:00:00+00:00', '--job-id', '10', '--raw', '--subdir', 'DAGS_FOLDER/get_finance.py', '--cfg-path', '/tmp/tmptuzli91w', '--error-file', '/tmp/tmpka62_feu']
[2023-10-27 14:16:14,447] {standard_task_runner.py:80} INFO - Job 10: Subtask MSFT
[2023-10-27 14:16:14,491] {task_command.py:370} INFO - Running <TaskInstance: get_stocks_dag.MSFT scheduled__2023-10-04T00:00:00+00:00 [running]> on host airflow-virtual-machine
[2023-10-27 14:16:14,570] {taskinstance.py:1569} INFO - Exporting the following env vars:
AIRFLOW_CTX_DAG_OWNER=airflow
AIRFLOW_CTX_DAG_ID=get_stocks_dag
AIRFLOW_CTX_TASK_ID=MSFT
AIRFLOW_CTX_EXECUTION_DATE=2023-10-04T00:00:00+00:00
AIRFLOW_CTX_TRY_NUMBER=1
AIRFLOW_CTX_DAG_RUN_ID=scheduled__2023-10-04T00:00:00+00:00
[2023-10-27 14:16:14,982] {taskinstance.py:1889} ERROR - Task failed with exception
Traceback (most recent call last):
  File "/home/gabriel/Documents/project_finance/venv/lib/python3.9/site-packages/airflow/decorators/base.py", line 179, in execute
    return_value = super().execute(context)
  File "/home/gabriel/Documents/project_finance/venv/lib/python3.9/site-packages/airflow/operators/python.py", line 171, in execute
    return_value = self.execute_callable()
  File "/home/gabriel/Documents/project_finance/venv/lib/python3.9/site-packages/airflow/operators/python.py", line 189, in execute_callable
    return self.python_callable(*self.op_args, **self.op_kwargs)
  File "/home/gabriel/Documents/project_finance/airflow/dags/get_finance.py", line 18, in get_history
    yfinance.Ticker(ticker).history(
  File "/home/gabriel/Documents/project_finance/venv/lib/python3.9/site-packages/pandas/core/generic.py", line 3902, in to_csv
    return DataFrameRenderer(formatter).to_csv(
  File "/home/gabriel/Documents/project_finance/venv/lib/python3.9/site-packages/pandas/io/formats/format.py", line 1152, in to_csv
    csv_formatter.save()
  File "/home/gabriel/Documents/project_finance/venv/lib/python3.9/site-packages/pandas/io/formats/csvs.py", line 247, in save
    with get_handle(
  File "/home/gabriel/Documents/project_finance/venv/lib/python3.9/site-packages/pandas/io/common.py", line 739, in get_handle
    check_parent_directory(str(handle))
  File "/home/gabriel/Documents/project_finance/venv/lib/python3.9/site-packages/pandas/io/common.py", line 604, in check_parent_directory
    raise OSError(rf"Cannot save file into a non-existent directory: '{parent}'")
OSError: Cannot save file into a non-existent directory: '/home/gabriel/Documents/project_finance/datalake/stocks/MSFT'
[2023-10-27 14:16:14,988] {taskinstance.py:1395} INFO - Marking task as FAILED. dag_id=get_stocks_dag, task_id=MSFT, execution_date=20231004T000000, start_date=20231027T171614, end_date=20231027T171614
[2023-10-27 14:16:14,997] {standard_task_runner.py:92} ERROR - Failed to execute job 10 for task MSFT (Cannot save file into a non-existent directory: '/home/gabriel/Documents/project_finance/datalake/stocks/MSFT'; 17108)
[2023-10-27 14:16:15,041] {local_task_job.py:156} INFO - Task exited with return code 1
[2023-10-27 14:16:15,059] {local_task_job.py:273} INFO - 0 downstream tasks scheduled from follow-on schedule check
[2023-10-27 14:29:07,939] {taskinstance.py:1159} INFO - Dependencies all met for <TaskInstance: get_stocks_dag.MSFT scheduled__2023-10-04T00:00:00+00:00 [queued]>
[2023-10-27 14:29:07,955] {taskinstance.py:1159} INFO - Dependencies all met for <TaskInstance: get_stocks_dag.MSFT scheduled__2023-10-04T00:00:00+00:00 [queued]>
[2023-10-27 14:29:07,956] {taskinstance.py:1356} INFO - 
--------------------------------------------------------------------------------
[2023-10-27 14:29:07,956] {taskinstance.py:1357} INFO - Starting attempt 1 of 1
[2023-10-27 14:29:07,956] {taskinstance.py:1358} INFO - 
--------------------------------------------------------------------------------
[2023-10-27 14:29:07,993] {taskinstance.py:1377} INFO - Executing <Task(_PythonDecoratedOperator): MSFT> on 2023-10-04 00:00:00+00:00
[2023-10-27 14:29:08,011] {standard_task_runner.py:52} INFO - Started process 19498 to run task
[2023-10-27 14:29:08,027] {standard_task_runner.py:79} INFO - Running: ['airflow', 'tasks', 'run', 'get_stocks_dag', 'MSFT', 'scheduled__2023-10-04T00:00:00+00:00', '--job-id', '10', '--raw', '--subdir', 'DAGS_FOLDER/get_finance.py', '--cfg-path', '/tmp/tmphsn75jeg', '--error-file', '/tmp/tmp62a_0hwb']
[2023-10-27 14:29:08,029] {standard_task_runner.py:80} INFO - Job 10: Subtask MSFT
[2023-10-27 14:29:08,111] {task_command.py:370} INFO - Running <TaskInstance: get_stocks_dag.MSFT scheduled__2023-10-04T00:00:00+00:00 [running]> on host airflow-virtual-machine
[2023-10-27 14:29:08,343] {taskinstance.py:1569} INFO - Exporting the following env vars:
AIRFLOW_CTX_DAG_OWNER=airflow
AIRFLOW_CTX_DAG_ID=get_stocks_dag
AIRFLOW_CTX_TASK_ID=MSFT
AIRFLOW_CTX_EXECUTION_DATE=2023-10-04T00:00:00+00:00
AIRFLOW_CTX_TRY_NUMBER=1
AIRFLOW_CTX_DAG_RUN_ID=scheduled__2023-10-04T00:00:00+00:00
[2023-10-27 14:29:09,025] {taskinstance.py:1889} ERROR - Task failed with exception
Traceback (most recent call last):
  File "/home/gabriel/Documents/project_finance/venv/lib/python3.9/site-packages/airflow/decorators/base.py", line 179, in execute
    return_value = super().execute(context)
  File "/home/gabriel/Documents/project_finance/venv/lib/python3.9/site-packages/airflow/operators/python.py", line 171, in execute
    return_value = self.execute_callable()
  File "/home/gabriel/Documents/project_finance/venv/lib/python3.9/site-packages/airflow/operators/python.py", line 189, in execute_callable
    return self.python_callable(*self.op_args, **self.op_kwargs)
  File "/home/gabriel/Documents/project_finance/airflow/dags/get_finance.py", line 20, in get_history
    yfinance.Ticker(ticker).history(
  File "/home/gabriel/Documents/project_finance/venv/lib/python3.9/site-packages/pandas/core/generic.py", line 3902, in to_csv
    return DataFrameRenderer(formatter).to_csv(
  File "/home/gabriel/Documents/project_finance/venv/lib/python3.9/site-packages/pandas/io/formats/format.py", line 1152, in to_csv
    csv_formatter.save()
  File "/home/gabriel/Documents/project_finance/venv/lib/python3.9/site-packages/pandas/io/formats/csvs.py", line 247, in save
    with get_handle(
  File "/home/gabriel/Documents/project_finance/venv/lib/python3.9/site-packages/pandas/io/common.py", line 863, in get_handle
    handle = open(
PermissionError: [Errno 13] Permission denied: '/MSFT_20231004.csv'
[2023-10-27 14:29:09,042] {taskinstance.py:1395} INFO - Marking task as FAILED. dag_id=get_stocks_dag, task_id=MSFT, execution_date=20231004T000000, start_date=20231027T172907, end_date=20231027T172909
[2023-10-27 14:29:09,084] {standard_task_runner.py:92} ERROR - Failed to execute job 10 for task MSFT ([Errno 13] Permission denied: '/MSFT_20231004.csv'; 19498)
[2023-10-27 14:29:09,121] {local_task_job.py:156} INFO - Task exited with return code 1
[2023-10-27 14:29:09,171] {local_task_job.py:273} INFO - 0 downstream tasks scheduled from follow-on schedule check
[2023-10-27 14:33:14,306] {taskinstance.py:1159} INFO - Dependencies all met for <TaskInstance: get_stocks_dag.MSFT scheduled__2023-10-04T00:00:00+00:00 [queued]>
[2023-10-27 14:33:14,312] {taskinstance.py:1159} INFO - Dependencies all met for <TaskInstance: get_stocks_dag.MSFT scheduled__2023-10-04T00:00:00+00:00 [queued]>
[2023-10-27 14:33:14,312] {taskinstance.py:1356} INFO - 
--------------------------------------------------------------------------------
[2023-10-27 14:33:14,313] {taskinstance.py:1357} INFO - Starting attempt 1 of 1
[2023-10-27 14:33:14,313] {taskinstance.py:1358} INFO - 
--------------------------------------------------------------------------------
[2023-10-27 14:33:14,325] {taskinstance.py:1377} INFO - Executing <Task(_PythonDecoratedOperator): MSFT> on 2023-10-04 00:00:00+00:00
[2023-10-27 14:33:14,329] {standard_task_runner.py:52} INFO - Started process 20467 to run task
[2023-10-27 14:33:14,333] {standard_task_runner.py:79} INFO - Running: ['airflow', 'tasks', 'run', 'get_stocks_dag', 'MSFT', 'scheduled__2023-10-04T00:00:00+00:00', '--job-id', '10', '--raw', '--subdir', 'DAGS_FOLDER/get_finance.py', '--cfg-path', '/tmp/tmpfkd_5w3n', '--error-file', '/tmp/tmpwi4ffz8d']
[2023-10-27 14:33:14,333] {standard_task_runner.py:80} INFO - Job 10: Subtask MSFT
[2023-10-27 14:33:14,387] {task_command.py:370} INFO - Running <TaskInstance: get_stocks_dag.MSFT scheduled__2023-10-04T00:00:00+00:00 [running]> on host airflow-virtual-machine
[2023-10-27 14:33:14,520] {taskinstance.py:1569} INFO - Exporting the following env vars:
AIRFLOW_CTX_DAG_OWNER=airflow
AIRFLOW_CTX_DAG_ID=get_stocks_dag
AIRFLOW_CTX_TASK_ID=MSFT
AIRFLOW_CTX_EXECUTION_DATE=2023-10-04T00:00:00+00:00
AIRFLOW_CTX_TRY_NUMBER=1
AIRFLOW_CTX_DAG_RUN_ID=scheduled__2023-10-04T00:00:00+00:00
[2023-10-27 14:33:14,942] {python.py:173} INFO - Done. Returned value was: None
[2023-10-27 14:33:14,948] {taskinstance.py:1395} INFO - Marking task as SUCCESS. dag_id=get_stocks_dag, task_id=MSFT, execution_date=20231004T000000, start_date=20231027T173314, end_date=20231027T173314
[2023-10-27 14:33:14,999] {local_task_job.py:156} INFO - Task exited with return code 0
[2023-10-27 14:33:15,019] {local_task_job.py:273} INFO - 0 downstream tasks scheduled from follow-on schedule check
[2023-10-27 14:53:32,510] {taskinstance.py:1159} INFO - Dependencies all met for <TaskInstance: get_stocks_dag.MSFT scheduled__2023-10-04T00:00:00+00:00 [queued]>
[2023-10-27 14:53:32,537] {taskinstance.py:1159} INFO - Dependencies all met for <TaskInstance: get_stocks_dag.MSFT scheduled__2023-10-04T00:00:00+00:00 [queued]>
[2023-10-27 14:53:32,548] {taskinstance.py:1356} INFO - 
--------------------------------------------------------------------------------
[2023-10-27 14:53:32,548] {taskinstance.py:1357} INFO - Starting attempt 1 of 1
[2023-10-27 14:53:32,548] {taskinstance.py:1358} INFO - 
--------------------------------------------------------------------------------
[2023-10-27 14:53:32,587] {taskinstance.py:1377} INFO - Executing <Task(_PythonDecoratedOperator): MSFT> on 2023-10-04 00:00:00+00:00
[2023-10-27 14:53:32,592] {standard_task_runner.py:52} INFO - Started process 23158 to run task
[2023-10-27 14:53:32,599] {standard_task_runner.py:79} INFO - Running: ['airflow', 'tasks', 'run', 'get_stocks_dag', 'MSFT', 'scheduled__2023-10-04T00:00:00+00:00', '--job-id', '10', '--raw', '--subdir', 'DAGS_FOLDER/get_finance.py', '--cfg-path', '/tmp/tmp28yosgfz', '--error-file', '/tmp/tmpouenpx38']
[2023-10-27 14:53:32,600] {standard_task_runner.py:80} INFO - Job 10: Subtask MSFT
[2023-10-27 14:53:32,653] {task_command.py:370} INFO - Running <TaskInstance: get_stocks_dag.MSFT scheduled__2023-10-04T00:00:00+00:00 [running]> on host airflow-virtual-machine
[2023-10-27 14:53:32,718] {taskinstance.py:1569} INFO - Exporting the following env vars:
AIRFLOW_CTX_DAG_OWNER=airflow
AIRFLOW_CTX_DAG_ID=get_stocks_dag
AIRFLOW_CTX_TASK_ID=MSFT
AIRFLOW_CTX_EXECUTION_DATE=2023-10-04T00:00:00+00:00
AIRFLOW_CTX_TRY_NUMBER=1
AIRFLOW_CTX_DAG_RUN_ID=scheduled__2023-10-04T00:00:00+00:00
[2023-10-27 14:53:33,152] {python.py:173} INFO - Done. Returned value was: None
[2023-10-27 14:53:33,159] {taskinstance.py:1395} INFO - Marking task as SUCCESS. dag_id=get_stocks_dag, task_id=MSFT, execution_date=20231004T000000, start_date=20231027T175332, end_date=20231027T175333
[2023-10-27 14:53:33,214] {local_task_job.py:156} INFO - Task exited with return code 0
[2023-10-27 14:53:33,228] {local_task_job.py:273} INFO - 0 downstream tasks scheduled from follow-on schedule check
[2023-10-27 15:22:53,170] {taskinstance.py:1159} INFO - Dependencies all met for <TaskInstance: get_stocks_dag.MSFT scheduled__2023-10-04T00:00:00+00:00 [queued]>
[2023-10-27 15:22:53,179] {taskinstance.py:1159} INFO - Dependencies all met for <TaskInstance: get_stocks_dag.MSFT scheduled__2023-10-04T00:00:00+00:00 [queued]>
[2023-10-27 15:22:53,180] {taskinstance.py:1356} INFO - 
--------------------------------------------------------------------------------
[2023-10-27 15:22:53,180] {taskinstance.py:1357} INFO - Starting attempt 1 of 1
[2023-10-27 15:22:53,180] {taskinstance.py:1358} INFO - 
--------------------------------------------------------------------------------
[2023-10-27 15:22:53,199] {taskinstance.py:1377} INFO - Executing <Task(_PythonDecoratedOperator): MSFT> on 2023-10-04 00:00:00+00:00
[2023-10-27 15:22:53,209] {standard_task_runner.py:52} INFO - Started process 27022 to run task
[2023-10-27 15:22:53,215] {standard_task_runner.py:79} INFO - Running: ['airflow', 'tasks', 'run', 'get_stocks_dag', 'MSFT', 'scheduled__2023-10-04T00:00:00+00:00', '--job-id', '10', '--raw', '--subdir', 'DAGS_FOLDER/get_finance.py', '--cfg-path', '/tmp/tmpgs3a8f_l', '--error-file', '/tmp/tmp32n0tuz8']
[2023-10-27 15:22:53,218] {standard_task_runner.py:80} INFO - Job 10: Subtask MSFT
[2023-10-27 15:22:53,270] {task_command.py:370} INFO - Running <TaskInstance: get_stocks_dag.MSFT scheduled__2023-10-04T00:00:00+00:00 [running]> on host airflow-virtual-machine
[2023-10-27 15:22:53,378] {taskinstance.py:1569} INFO - Exporting the following env vars:
AIRFLOW_CTX_DAG_OWNER=airflow
AIRFLOW_CTX_DAG_ID=get_stocks_dag
AIRFLOW_CTX_TASK_ID=MSFT
AIRFLOW_CTX_EXECUTION_DATE=2023-10-04T00:00:00+00:00
AIRFLOW_CTX_TRY_NUMBER=1
AIRFLOW_CTX_DAG_RUN_ID=scheduled__2023-10-04T00:00:00+00:00
[2023-10-27 15:22:53,790] {python.py:173} INFO - Done. Returned value was: None
[2023-10-27 15:22:53,800] {taskinstance.py:1395} INFO - Marking task as SUCCESS. dag_id=get_stocks_dag, task_id=MSFT, execution_date=20231004T000000, start_date=20231027T182253, end_date=20231027T182253
[2023-10-27 15:22:53,859] {local_task_job.py:156} INFO - Task exited with return code 0
[2023-10-27 15:22:53,940] {local_task_job.py:273} INFO - 0 downstream tasks scheduled from follow-on schedule check
[2023-10-27 17:01:07,900] {taskinstance.py:1159} INFO - Dependencies all met for <TaskInstance: get_stocks_dag.MSFT scheduled__2023-10-04T00:00:00+00:00 [queued]>
[2023-10-27 17:01:07,908] {taskinstance.py:1159} INFO - Dependencies all met for <TaskInstance: get_stocks_dag.MSFT scheduled__2023-10-04T00:00:00+00:00 [queued]>
[2023-10-27 17:01:07,908] {taskinstance.py:1356} INFO - 
--------------------------------------------------------------------------------
[2023-10-27 17:01:07,908] {taskinstance.py:1357} INFO - Starting attempt 1 of 1
[2023-10-27 17:01:07,908] {taskinstance.py:1358} INFO - 
--------------------------------------------------------------------------------
[2023-10-27 17:01:07,921] {taskinstance.py:1377} INFO - Executing <Task(_PythonDecoratedOperator): MSFT> on 2023-10-04 00:00:00+00:00
[2023-10-27 17:01:07,930] {standard_task_runner.py:52} INFO - Started process 39195 to run task
[2023-10-27 17:01:07,934] {standard_task_runner.py:79} INFO - Running: ['airflow', 'tasks', 'run', 'get_stocks_dag', 'MSFT', 'scheduled__2023-10-04T00:00:00+00:00', '--job-id', '11', '--raw', '--subdir', 'DAGS_FOLDER/get_finance.py', '--cfg-path', '/tmp/tmpdc0uiv85', '--error-file', '/tmp/tmpyu0kyhyw']
[2023-10-27 17:01:07,935] {standard_task_runner.py:80} INFO - Job 11: Subtask MSFT
[2023-10-27 17:01:08,127] {task_command.py:370} INFO - Running <TaskInstance: get_stocks_dag.MSFT scheduled__2023-10-04T00:00:00+00:00 [running]> on host airflow-virtual-machine
[2023-10-27 17:01:08,199] {taskinstance.py:1569} INFO - Exporting the following env vars:
AIRFLOW_CTX_DAG_OWNER=airflow
AIRFLOW_CTX_DAG_ID=get_stocks_dag
AIRFLOW_CTX_TASK_ID=MSFT
AIRFLOW_CTX_EXECUTION_DATE=2023-10-04T00:00:00+00:00
AIRFLOW_CTX_TRY_NUMBER=1
AIRFLOW_CTX_DAG_RUN_ID=scheduled__2023-10-04T00:00:00+00:00
[2023-10-27 17:01:08,635] {taskinstance.py:1889} ERROR - Task failed with exception
Traceback (most recent call last):
  File "/home/gabriel/Documents/project_finance/venv/lib/python3.9/site-packages/airflow/decorators/base.py", line 179, in execute
    return_value = super().execute(context)
  File "/home/gabriel/Documents/project_finance/venv/lib/python3.9/site-packages/airflow/operators/python.py", line 171, in execute
    return_value = self.execute_callable()
  File "/home/gabriel/Documents/project_finance/venv/lib/python3.9/site-packages/airflow/operators/python.py", line 189, in execute_callable
    return self.python_callable(*self.op_args, **self.op_kwargs)
  File "/home/gabriel/Documents/project_finance/airflow/dags/get_finance.py", line 20, in get_history
    yfinance.Ticker(ticker).history(
  File "/home/gabriel/Documents/project_finance/venv/lib/python3.9/site-packages/pandas/core/generic.py", line 3902, in to_csv
    return DataFrameRenderer(formatter).to_csv(
  File "/home/gabriel/Documents/project_finance/venv/lib/python3.9/site-packages/pandas/io/formats/format.py", line 1152, in to_csv
    csv_formatter.save()
  File "/home/gabriel/Documents/project_finance/venv/lib/python3.9/site-packages/pandas/io/formats/csvs.py", line 247, in save
    with get_handle(
  File "/home/gabriel/Documents/project_finance/venv/lib/python3.9/site-packages/pandas/io/common.py", line 863, in get_handle
    handle = open(
IsADirectoryError: [Errno 21] Is a directory: '/home/gabriel/Documents/project_finance/datalake/Bronze/stocks/MSFT'
[2023-10-27 17:01:08,640] {taskinstance.py:1395} INFO - Marking task as FAILED. dag_id=get_stocks_dag, task_id=MSFT, execution_date=20231004T000000, start_date=20231027T200107, end_date=20231027T200108
[2023-10-27 17:01:08,677] {standard_task_runner.py:92} ERROR - Failed to execute job 11 for task MSFT ([Errno 21] Is a directory: '/home/gabriel/Documents/project_finance/datalake/Bronze/stocks/MSFT'; 39195)
[2023-10-27 17:01:08,718] {local_task_job.py:156} INFO - Task exited with return code 1
[2023-10-27 17:01:08,743] {local_task_job.py:273} INFO - 0 downstream tasks scheduled from follow-on schedule check
[2023-10-27 17:08:19,194] {taskinstance.py:1159} INFO - Dependencies all met for <TaskInstance: get_stocks_dag.MSFT scheduled__2023-10-04T00:00:00+00:00 [queued]>
[2023-10-27 17:08:19,313] {taskinstance.py:1159} INFO - Dependencies all met for <TaskInstance: get_stocks_dag.MSFT scheduled__2023-10-04T00:00:00+00:00 [queued]>
[2023-10-27 17:08:19,313] {taskinstance.py:1356} INFO - 
--------------------------------------------------------------------------------
[2023-10-27 17:08:19,313] {taskinstance.py:1357} INFO - Starting attempt 1 of 1
[2023-10-27 17:08:19,313] {taskinstance.py:1358} INFO - 
--------------------------------------------------------------------------------
[2023-10-27 17:08:19,346] {taskinstance.py:1377} INFO - Executing <Task(_PythonDecoratedOperator): MSFT> on 2023-10-04 00:00:00+00:00
[2023-10-27 17:08:19,352] {standard_task_runner.py:52} INFO - Started process 40890 to run task
[2023-10-27 17:08:19,357] {standard_task_runner.py:79} INFO - Running: ['airflow', 'tasks', 'run', 'get_stocks_dag', 'MSFT', 'scheduled__2023-10-04T00:00:00+00:00', '--job-id', '11', '--raw', '--subdir', 'DAGS_FOLDER/get_finance.py', '--cfg-path', '/tmp/tmpre4s89z2', '--error-file', '/tmp/tmp9fdfypku']
[2023-10-27 17:08:19,357] {standard_task_runner.py:80} INFO - Job 11: Subtask MSFT
[2023-10-27 17:08:19,400] {task_command.py:370} INFO - Running <TaskInstance: get_stocks_dag.MSFT scheduled__2023-10-04T00:00:00+00:00 [running]> on host airflow-virtual-machine
[2023-10-27 17:08:19,470] {taskinstance.py:1569} INFO - Exporting the following env vars:
AIRFLOW_CTX_DAG_OWNER=airflow
AIRFLOW_CTX_DAG_ID=get_stocks_dag
AIRFLOW_CTX_TASK_ID=MSFT
AIRFLOW_CTX_EXECUTION_DATE=2023-10-04T00:00:00+00:00
AIRFLOW_CTX_TRY_NUMBER=1
AIRFLOW_CTX_DAG_RUN_ID=scheduled__2023-10-04T00:00:00+00:00
[2023-10-27 17:08:19,830] {python.py:173} INFO - Done. Returned value was: None
[2023-10-27 17:08:19,836] {taskinstance.py:1395} INFO - Marking task as SUCCESS. dag_id=get_stocks_dag, task_id=MSFT, execution_date=20231004T000000, start_date=20231027T200819, end_date=20231027T200819
[2023-10-27 17:08:19,878] {local_task_job.py:156} INFO - Task exited with return code 0
[2023-10-27 17:08:19,895] {local_task_job.py:273} INFO - 0 downstream tasks scheduled from follow-on schedule check
[2023-10-27 18:09:14,604] {taskinstance.py:1159} INFO - Dependencies all met for <TaskInstance: get_stocks_dag.MSFT scheduled__2023-10-04T00:00:00+00:00 [queued]>
[2023-10-27 18:09:14,628] {taskinstance.py:1159} INFO - Dependencies all met for <TaskInstance: get_stocks_dag.MSFT scheduled__2023-10-04T00:00:00+00:00 [queued]>
[2023-10-27 18:09:14,628] {taskinstance.py:1356} INFO - 
--------------------------------------------------------------------------------
[2023-10-27 18:09:14,628] {taskinstance.py:1357} INFO - Starting attempt 1 of 1
[2023-10-27 18:09:14,628] {taskinstance.py:1358} INFO - 
--------------------------------------------------------------------------------
[2023-10-27 18:09:14,666] {taskinstance.py:1377} INFO - Executing <Task(_PythonDecoratedOperator): MSFT> on 2023-10-04 00:00:00+00:00
[2023-10-27 18:09:14,671] {standard_task_runner.py:52} INFO - Started process 48923 to run task
[2023-10-27 18:09:14,675] {standard_task_runner.py:79} INFO - Running: ['airflow', 'tasks', 'run', 'get_stocks_dag', 'MSFT', 'scheduled__2023-10-04T00:00:00+00:00', '--job-id', '10', '--raw', '--subdir', 'DAGS_FOLDER/get_finance.py', '--cfg-path', '/tmp/tmp0wl4ev_3', '--error-file', '/tmp/tmpqvhejshu']
[2023-10-27 18:09:14,675] {standard_task_runner.py:80} INFO - Job 10: Subtask MSFT
[2023-10-27 18:09:14,724] {task_command.py:370} INFO - Running <TaskInstance: get_stocks_dag.MSFT scheduled__2023-10-04T00:00:00+00:00 [running]> on host airflow-virtual-machine
[2023-10-27 18:09:14,774] {taskinstance.py:1569} INFO - Exporting the following env vars:
AIRFLOW_CTX_DAG_OWNER=airflow
AIRFLOW_CTX_DAG_ID=get_stocks_dag
AIRFLOW_CTX_TASK_ID=MSFT
AIRFLOW_CTX_EXECUTION_DATE=2023-10-04T00:00:00+00:00
AIRFLOW_CTX_TRY_NUMBER=1
AIRFLOW_CTX_DAG_RUN_ID=scheduled__2023-10-04T00:00:00+00:00
[2023-10-27 18:09:15,379] {python.py:173} INFO - Done. Returned value was: None
[2023-10-27 18:09:15,387] {taskinstance.py:1395} INFO - Marking task as SUCCESS. dag_id=get_stocks_dag, task_id=MSFT, execution_date=20231004T000000, start_date=20231027T210914, end_date=20231027T210915
[2023-10-27 18:09:15,445] {local_task_job.py:156} INFO - Task exited with return code 0
[2023-10-27 18:09:15,479] {local_task_job.py:273} INFO - 0 downstream tasks scheduled from follow-on schedule check
