[2023-10-27 14:19:28,173] {taskinstance.py:1159} INFO - Dependencies all met for <TaskInstance: get_stocks_dag.AAPL scheduled__2023-10-26T00:00:00+00:00 [queued]>
[2023-10-27 14:19:28,180] {taskinstance.py:1159} INFO - Dependencies all met for <TaskInstance: get_stocks_dag.AAPL scheduled__2023-10-26T00:00:00+00:00 [queued]>
[2023-10-27 14:19:28,180] {taskinstance.py:1356} INFO - 
--------------------------------------------------------------------------------
[2023-10-27 14:19:28,181] {taskinstance.py:1357} INFO - Starting attempt 1 of 1
[2023-10-27 14:19:28,181] {taskinstance.py:1358} INFO - 
--------------------------------------------------------------------------------
[2023-10-27 14:19:28,206] {taskinstance.py:1377} INFO - Executing <Task(_PythonDecoratedOperator): AAPL> on 2023-10-26 00:00:00+00:00
[2023-10-27 14:19:28,211] {standard_task_runner.py:52} INFO - Started process 18251 to run task
[2023-10-27 14:19:28,214] {standard_task_runner.py:79} INFO - Running: ['airflow', 'tasks', 'run', 'get_stocks_dag', 'AAPL', 'scheduled__2023-10-26T00:00:00+00:00', '--job-id', '73', '--raw', '--subdir', 'DAGS_FOLDER/get_finance.py', '--cfg-path', '/tmp/tmpmvlf4yrk', '--error-file', '/tmp/tmpqi3rn486']
[2023-10-27 14:19:28,215] {standard_task_runner.py:80} INFO - Job 73: Subtask AAPL
[2023-10-27 14:19:28,271] {task_command.py:370} INFO - Running <TaskInstance: get_stocks_dag.AAPL scheduled__2023-10-26T00:00:00+00:00 [running]> on host airflow-virtual-machine
[2023-10-27 14:19:28,338] {taskinstance.py:1569} INFO - Exporting the following env vars:
AIRFLOW_CTX_DAG_OWNER=airflow
AIRFLOW_CTX_DAG_ID=get_stocks_dag
AIRFLOW_CTX_TASK_ID=AAPL
AIRFLOW_CTX_EXECUTION_DATE=2023-10-26T00:00:00+00:00
AIRFLOW_CTX_TRY_NUMBER=1
AIRFLOW_CTX_DAG_RUN_ID=scheduled__2023-10-26T00:00:00+00:00
[2023-10-27 14:19:28,743] {taskinstance.py:1889} ERROR - Task failed with exception
Traceback (most recent call last):
  File "/home/gabriel/Documents/project_finance/venv/lib/python3.9/site-packages/airflow/decorators/base.py", line 179, in execute
    return_value = super().execute(context)
  File "/home/gabriel/Documents/project_finance/venv/lib/python3.9/site-packages/airflow/operators/python.py", line 171, in execute
    return_value = self.execute_callable()
  File "/home/gabriel/Documents/project_finance/venv/lib/python3.9/site-packages/airflow/operators/python.py", line 189, in execute_callable
    return self.python_callable(*self.op_args, **self.op_kwargs)
  File "/home/gabriel/Documents/project_finance/airflow/dags/get_finance.py", line 18, in get_history
    yfinance.Ticker(ticker).history(
  File "/home/gabriel/Documents/project_finance/venv/lib/python3.9/site-packages/pandas/core/generic.py", line 3902, in to_csv
    return DataFrameRenderer(formatter).to_csv(
  File "/home/gabriel/Documents/project_finance/venv/lib/python3.9/site-packages/pandas/io/formats/format.py", line 1152, in to_csv
    csv_formatter.save()
  File "/home/gabriel/Documents/project_finance/venv/lib/python3.9/site-packages/pandas/io/formats/csvs.py", line 247, in save
    with get_handle(
  File "/home/gabriel/Documents/project_finance/venv/lib/python3.9/site-packages/pandas/io/common.py", line 739, in get_handle
    check_parent_directory(str(handle))
  File "/home/gabriel/Documents/project_finance/venv/lib/python3.9/site-packages/pandas/io/common.py", line 604, in check_parent_directory
    raise OSError(rf"Cannot save file into a non-existent directory: '{parent}'")
OSError: Cannot save file into a non-existent directory: '/home/gabriel/Documents/project_finance/datalake/stocks/AAPL'
[2023-10-27 14:19:28,748] {taskinstance.py:1395} INFO - Marking task as FAILED. dag_id=get_stocks_dag, task_id=AAPL, execution_date=20231026T000000, start_date=20231027T171928, end_date=20231027T171928
[2023-10-27 14:19:28,757] {standard_task_runner.py:92} ERROR - Failed to execute job 73 for task AAPL (Cannot save file into a non-existent directory: '/home/gabriel/Documents/project_finance/datalake/stocks/AAPL'; 18251)
[2023-10-27 14:19:28,776] {local_task_job.py:156} INFO - Task exited with return code 1
[2023-10-27 14:19:28,791] {local_task_job.py:273} INFO - 0 downstream tasks scheduled from follow-on schedule check
[2023-10-27 14:37:59,793] {taskinstance.py:1159} INFO - Dependencies all met for <TaskInstance: get_stocks_dag.AAPL scheduled__2023-10-26T00:00:00+00:00 [queued]>
[2023-10-27 14:37:59,853] {taskinstance.py:1159} INFO - Dependencies all met for <TaskInstance: get_stocks_dag.AAPL scheduled__2023-10-26T00:00:00+00:00 [queued]>
[2023-10-27 14:37:59,855] {taskinstance.py:1356} INFO - 
--------------------------------------------------------------------------------
[2023-10-27 14:37:59,866] {taskinstance.py:1357} INFO - Starting attempt 1 of 1
[2023-10-27 14:37:59,866] {taskinstance.py:1358} INFO - 
--------------------------------------------------------------------------------
[2023-10-27 14:37:59,892] {taskinstance.py:1377} INFO - Executing <Task(_PythonDecoratedOperator): AAPL> on 2023-10-26 00:00:00+00:00
[2023-10-27 14:37:59,908] {standard_task_runner.py:52} INFO - Started process 21508 to run task
[2023-10-27 14:37:59,949] {standard_task_runner.py:79} INFO - Running: ['airflow', 'tasks', 'run', 'get_stocks_dag', 'AAPL', 'scheduled__2023-10-26T00:00:00+00:00', '--job-id', '73', '--raw', '--subdir', 'DAGS_FOLDER/get_finance.py', '--cfg-path', '/tmp/tmpngdbguz4', '--error-file', '/tmp/tmprlvcfzti']
[2023-10-27 14:37:59,950] {standard_task_runner.py:80} INFO - Job 73: Subtask AAPL
[2023-10-27 14:38:00,053] {task_command.py:370} INFO - Running <TaskInstance: get_stocks_dag.AAPL scheduled__2023-10-26T00:00:00+00:00 [running]> on host airflow-virtual-machine
[2023-10-27 14:38:00,221] {taskinstance.py:1569} INFO - Exporting the following env vars:
AIRFLOW_CTX_DAG_OWNER=airflow
AIRFLOW_CTX_DAG_ID=get_stocks_dag
AIRFLOW_CTX_TASK_ID=AAPL
AIRFLOW_CTX_EXECUTION_DATE=2023-10-26T00:00:00+00:00
AIRFLOW_CTX_TRY_NUMBER=1
AIRFLOW_CTX_DAG_RUN_ID=scheduled__2023-10-26T00:00:00+00:00
[2023-10-27 14:38:00,771] {python.py:173} INFO - Done. Returned value was: None
[2023-10-27 14:38:00,780] {taskinstance.py:1395} INFO - Marking task as SUCCESS. dag_id=get_stocks_dag, task_id=AAPL, execution_date=20231026T000000, start_date=20231027T173759, end_date=20231027T173800
[2023-10-27 14:38:00,811] {local_task_job.py:156} INFO - Task exited with return code 0
[2023-10-27 14:38:00,832] {local_task_job.py:273} INFO - 0 downstream tasks scheduled from follow-on schedule check
[2023-10-27 14:56:43,983] {taskinstance.py:1159} INFO - Dependencies all met for <TaskInstance: get_stocks_dag.AAPL scheduled__2023-10-26T00:00:00+00:00 [queued]>
[2023-10-27 14:56:43,992] {taskinstance.py:1159} INFO - Dependencies all met for <TaskInstance: get_stocks_dag.AAPL scheduled__2023-10-26T00:00:00+00:00 [queued]>
[2023-10-27 14:56:43,992] {taskinstance.py:1356} INFO - 
--------------------------------------------------------------------------------
[2023-10-27 14:56:43,992] {taskinstance.py:1357} INFO - Starting attempt 1 of 1
[2023-10-27 14:56:43,992] {taskinstance.py:1358} INFO - 
--------------------------------------------------------------------------------
[2023-10-27 14:56:44,006] {taskinstance.py:1377} INFO - Executing <Task(_PythonDecoratedOperator): AAPL> on 2023-10-26 00:00:00+00:00
[2023-10-27 14:56:44,010] {standard_task_runner.py:52} INFO - Started process 24145 to run task
[2023-10-27 14:56:44,014] {standard_task_runner.py:79} INFO - Running: ['airflow', 'tasks', 'run', 'get_stocks_dag', 'AAPL', 'scheduled__2023-10-26T00:00:00+00:00', '--job-id', '73', '--raw', '--subdir', 'DAGS_FOLDER/get_finance.py', '--cfg-path', '/tmp/tmpgu31aj7w', '--error-file', '/tmp/tmpiq_52xt_']
[2023-10-27 14:56:44,015] {standard_task_runner.py:80} INFO - Job 73: Subtask AAPL
[2023-10-27 14:56:44,216] {task_command.py:370} INFO - Running <TaskInstance: get_stocks_dag.AAPL scheduled__2023-10-26T00:00:00+00:00 [running]> on host airflow-virtual-machine
[2023-10-27 14:56:44,380] {taskinstance.py:1569} INFO - Exporting the following env vars:
AIRFLOW_CTX_DAG_OWNER=airflow
AIRFLOW_CTX_DAG_ID=get_stocks_dag
AIRFLOW_CTX_TASK_ID=AAPL
AIRFLOW_CTX_EXECUTION_DATE=2023-10-26T00:00:00+00:00
AIRFLOW_CTX_TRY_NUMBER=1
AIRFLOW_CTX_DAG_RUN_ID=scheduled__2023-10-26T00:00:00+00:00
[2023-10-27 14:56:44,790] {python.py:173} INFO - Done. Returned value was: None
[2023-10-27 14:56:44,795] {taskinstance.py:1395} INFO - Marking task as SUCCESS. dag_id=get_stocks_dag, task_id=AAPL, execution_date=20231026T000000, start_date=20231027T175643, end_date=20231027T175644
[2023-10-27 14:56:44,834] {local_task_job.py:156} INFO - Task exited with return code 0
[2023-10-27 14:56:44,849] {local_task_job.py:273} INFO - 0 downstream tasks scheduled from follow-on schedule check
[2023-10-27 15:25:51,012] {taskinstance.py:1159} INFO - Dependencies all met for <TaskInstance: get_stocks_dag.AAPL scheduled__2023-10-26T00:00:00+00:00 [queued]>
[2023-10-27 15:25:51,032] {taskinstance.py:1159} INFO - Dependencies all met for <TaskInstance: get_stocks_dag.AAPL scheduled__2023-10-26T00:00:00+00:00 [queued]>
[2023-10-27 15:25:51,032] {taskinstance.py:1356} INFO - 
--------------------------------------------------------------------------------
[2023-10-27 15:25:51,033] {taskinstance.py:1357} INFO - Starting attempt 1 of 1
[2023-10-27 15:25:51,033] {taskinstance.py:1358} INFO - 
--------------------------------------------------------------------------------
[2023-10-27 15:25:51,050] {taskinstance.py:1377} INFO - Executing <Task(_PythonDecoratedOperator): AAPL> on 2023-10-26 00:00:00+00:00
[2023-10-27 15:25:51,054] {standard_task_runner.py:52} INFO - Started process 27961 to run task
[2023-10-27 15:25:51,057] {standard_task_runner.py:79} INFO - Running: ['airflow', 'tasks', 'run', 'get_stocks_dag', 'AAPL', 'scheduled__2023-10-26T00:00:00+00:00', '--job-id', '73', '--raw', '--subdir', 'DAGS_FOLDER/get_finance.py', '--cfg-path', '/tmp/tmpgcsop20o', '--error-file', '/tmp/tmpys12c6wf']
[2023-10-27 15:25:51,058] {standard_task_runner.py:80} INFO - Job 73: Subtask AAPL
[2023-10-27 15:25:51,093] {task_command.py:370} INFO - Running <TaskInstance: get_stocks_dag.AAPL scheduled__2023-10-26T00:00:00+00:00 [running]> on host airflow-virtual-machine
[2023-10-27 15:25:51,150] {taskinstance.py:1569} INFO - Exporting the following env vars:
AIRFLOW_CTX_DAG_OWNER=airflow
AIRFLOW_CTX_DAG_ID=get_stocks_dag
AIRFLOW_CTX_TASK_ID=AAPL
AIRFLOW_CTX_EXECUTION_DATE=2023-10-26T00:00:00+00:00
AIRFLOW_CTX_TRY_NUMBER=1
AIRFLOW_CTX_DAG_RUN_ID=scheduled__2023-10-26T00:00:00+00:00
[2023-10-27 15:25:51,599] {python.py:173} INFO - Done. Returned value was: None
[2023-10-27 15:25:51,605] {taskinstance.py:1395} INFO - Marking task as SUCCESS. dag_id=get_stocks_dag, task_id=AAPL, execution_date=20231026T000000, start_date=20231027T182551, end_date=20231027T182551
[2023-10-27 15:25:51,635] {local_task_job.py:156} INFO - Task exited with return code 0
[2023-10-27 15:25:51,649] {local_task_job.py:273} INFO - 0 downstream tasks scheduled from follow-on schedule check
[2023-10-27 17:05:10,317] {taskinstance.py:1159} INFO - Dependencies all met for <TaskInstance: get_stocks_dag.AAPL scheduled__2023-10-26T00:00:00+00:00 [queued]>
[2023-10-27 17:05:10,325] {taskinstance.py:1159} INFO - Dependencies all met for <TaskInstance: get_stocks_dag.AAPL scheduled__2023-10-26T00:00:00+00:00 [queued]>
[2023-10-27 17:05:10,325] {taskinstance.py:1356} INFO - 
--------------------------------------------------------------------------------
[2023-10-27 17:05:10,325] {taskinstance.py:1357} INFO - Starting attempt 1 of 1
[2023-10-27 17:05:10,325] {taskinstance.py:1358} INFO - 
--------------------------------------------------------------------------------
[2023-10-27 17:05:10,346] {taskinstance.py:1377} INFO - Executing <Task(_PythonDecoratedOperator): AAPL> on 2023-10-26 00:00:00+00:00
[2023-10-27 17:05:10,352] {standard_task_runner.py:52} INFO - Started process 40407 to run task
[2023-10-27 17:05:10,358] {standard_task_runner.py:79} INFO - Running: ['airflow', 'tasks', 'run', 'get_stocks_dag', 'AAPL', 'scheduled__2023-10-26T00:00:00+00:00', '--job-id', '90', '--raw', '--subdir', 'DAGS_FOLDER/get_finance.py', '--cfg-path', '/tmp/tmpxsbsid9g', '--error-file', '/tmp/tmp_kc3um3t']
[2023-10-27 17:05:10,359] {standard_task_runner.py:80} INFO - Job 90: Subtask AAPL
[2023-10-27 17:05:10,407] {task_command.py:370} INFO - Running <TaskInstance: get_stocks_dag.AAPL scheduled__2023-10-26T00:00:00+00:00 [running]> on host airflow-virtual-machine
[2023-10-27 17:05:10,472] {taskinstance.py:1569} INFO - Exporting the following env vars:
AIRFLOW_CTX_DAG_OWNER=airflow
AIRFLOW_CTX_DAG_ID=get_stocks_dag
AIRFLOW_CTX_TASK_ID=AAPL
AIRFLOW_CTX_EXECUTION_DATE=2023-10-26T00:00:00+00:00
AIRFLOW_CTX_TRY_NUMBER=1
AIRFLOW_CTX_DAG_RUN_ID=scheduled__2023-10-26T00:00:00+00:00
[2023-10-27 17:05:10,981] {python.py:173} INFO - Done. Returned value was: None
[2023-10-27 17:05:10,987] {taskinstance.py:1395} INFO - Marking task as SUCCESS. dag_id=get_stocks_dag, task_id=AAPL, execution_date=20231026T000000, start_date=20231027T200510, end_date=20231027T200510
[2023-10-27 17:05:11,053] {local_task_job.py:156} INFO - Task exited with return code 0
[2023-10-27 17:05:11,171] {local_task_job.py:273} INFO - 0 downstream tasks scheduled from follow-on schedule check
[2023-10-27 17:12:06,282] {taskinstance.py:1159} INFO - Dependencies all met for <TaskInstance: get_stocks_dag.AAPL scheduled__2023-10-26T00:00:00+00:00 [queued]>
[2023-10-27 17:12:06,288] {taskinstance.py:1159} INFO - Dependencies all met for <TaskInstance: get_stocks_dag.AAPL scheduled__2023-10-26T00:00:00+00:00 [queued]>
[2023-10-27 17:12:06,288] {taskinstance.py:1356} INFO - 
--------------------------------------------------------------------------------
[2023-10-27 17:12:06,288] {taskinstance.py:1357} INFO - Starting attempt 1 of 1
[2023-10-27 17:12:06,289] {taskinstance.py:1358} INFO - 
--------------------------------------------------------------------------------
[2023-10-27 17:12:06,303] {taskinstance.py:1377} INFO - Executing <Task(_PythonDecoratedOperator): AAPL> on 2023-10-26 00:00:00+00:00
[2023-10-27 17:12:06,307] {standard_task_runner.py:52} INFO - Started process 42068 to run task
[2023-10-27 17:12:06,311] {standard_task_runner.py:79} INFO - Running: ['airflow', 'tasks', 'run', 'get_stocks_dag', 'AAPL', 'scheduled__2023-10-26T00:00:00+00:00', '--job-id', '90', '--raw', '--subdir', 'DAGS_FOLDER/get_finance.py', '--cfg-path', '/tmp/tmpa24a2est', '--error-file', '/tmp/tmp9nyemr4d']
[2023-10-27 17:12:06,312] {standard_task_runner.py:80} INFO - Job 90: Subtask AAPL
[2023-10-27 17:12:06,352] {task_command.py:370} INFO - Running <TaskInstance: get_stocks_dag.AAPL scheduled__2023-10-26T00:00:00+00:00 [running]> on host airflow-virtual-machine
[2023-10-27 17:12:06,397] {taskinstance.py:1569} INFO - Exporting the following env vars:
AIRFLOW_CTX_DAG_OWNER=airflow
AIRFLOW_CTX_DAG_ID=get_stocks_dag
AIRFLOW_CTX_TASK_ID=AAPL
AIRFLOW_CTX_EXECUTION_DATE=2023-10-26T00:00:00+00:00
AIRFLOW_CTX_TRY_NUMBER=1
AIRFLOW_CTX_DAG_RUN_ID=scheduled__2023-10-26T00:00:00+00:00
[2023-10-27 17:12:06,877] {python.py:173} INFO - Done. Returned value was: None
[2023-10-27 17:12:06,883] {taskinstance.py:1395} INFO - Marking task as SUCCESS. dag_id=get_stocks_dag, task_id=AAPL, execution_date=20231026T000000, start_date=20231027T201206, end_date=20231027T201206
[2023-10-27 17:12:06,905] {local_task_job.py:156} INFO - Task exited with return code 0
[2023-10-27 17:12:06,919] {local_task_job.py:273} INFO - 0 downstream tasks scheduled from follow-on schedule check
[2023-10-27 18:12:46,494] {taskinstance.py:1159} INFO - Dependencies all met for <TaskInstance: get_stocks_dag.AAPL scheduled__2023-10-26T00:00:00+00:00 [queued]>
[2023-10-27 18:12:46,501] {taskinstance.py:1159} INFO - Dependencies all met for <TaskInstance: get_stocks_dag.AAPL scheduled__2023-10-26T00:00:00+00:00 [queued]>
[2023-10-27 18:12:46,501] {taskinstance.py:1356} INFO - 
--------------------------------------------------------------------------------
[2023-10-27 18:12:46,502] {taskinstance.py:1357} INFO - Starting attempt 1 of 1
[2023-10-27 18:12:46,507] {taskinstance.py:1358} INFO - 
--------------------------------------------------------------------------------
[2023-10-27 18:12:46,590] {taskinstance.py:1377} INFO - Executing <Task(_PythonDecoratedOperator): AAPL> on 2023-10-26 00:00:00+00:00
[2023-10-27 18:12:46,607] {standard_task_runner.py:52} INFO - Started process 50228 to run task
[2023-10-27 18:12:46,634] {standard_task_runner.py:79} INFO - Running: ['airflow', 'tasks', 'run', 'get_stocks_dag', 'AAPL', 'scheduled__2023-10-26T00:00:00+00:00', '--job-id', '90', '--raw', '--subdir', 'DAGS_FOLDER/get_finance.py', '--cfg-path', '/tmp/tmpduhhbmyt', '--error-file', '/tmp/tmp0m0yfn92']
[2023-10-27 18:12:46,635] {standard_task_runner.py:80} INFO - Job 90: Subtask AAPL
[2023-10-27 18:12:46,811] {task_command.py:370} INFO - Running <TaskInstance: get_stocks_dag.AAPL scheduled__2023-10-26T00:00:00+00:00 [running]> on host airflow-virtual-machine
[2023-10-27 18:12:46,869] {taskinstance.py:1569} INFO - Exporting the following env vars:
AIRFLOW_CTX_DAG_OWNER=airflow
AIRFLOW_CTX_DAG_ID=get_stocks_dag
AIRFLOW_CTX_TASK_ID=AAPL
AIRFLOW_CTX_EXECUTION_DATE=2023-10-26T00:00:00+00:00
AIRFLOW_CTX_TRY_NUMBER=1
AIRFLOW_CTX_DAG_RUN_ID=scheduled__2023-10-26T00:00:00+00:00
[2023-10-27 18:12:47,326] {python.py:173} INFO - Done. Returned value was: None
[2023-10-27 18:12:47,335] {taskinstance.py:1395} INFO - Marking task as SUCCESS. dag_id=get_stocks_dag, task_id=AAPL, execution_date=20231026T000000, start_date=20231027T211246, end_date=20231027T211247
[2023-10-27 18:12:47,378] {local_task_job.py:156} INFO - Task exited with return code 0
[2023-10-27 18:12:47,399] {local_task_job.py:273} INFO - 0 downstream tasks scheduled from follow-on schedule check
[2023-10-29 11:30:03,904] {taskinstance.py:1159} INFO - Dependencies all met for <TaskInstance: get_stocks_dag.AAPL scheduled__2023-10-26T00:00:00+00:00 [queued]>
[2023-10-29 11:30:03,983] {taskinstance.py:1159} INFO - Dependencies all met for <TaskInstance: get_stocks_dag.AAPL scheduled__2023-10-26T00:00:00+00:00 [queued]>
[2023-10-29 11:30:03,984] {taskinstance.py:1356} INFO - 
--------------------------------------------------------------------------------
[2023-10-29 11:30:03,984] {taskinstance.py:1357} INFO - Starting attempt 1 of 1
[2023-10-29 11:30:03,984] {taskinstance.py:1358} INFO - 
--------------------------------------------------------------------------------
[2023-10-29 11:30:04,015] {taskinstance.py:1377} INFO - Executing <Task(_PythonDecoratedOperator): AAPL> on 2023-10-26 00:00:00+00:00
[2023-10-29 11:30:04,059] {standard_task_runner.py:52} INFO - Started process 15401 to run task
[2023-10-29 11:30:04,134] {standard_task_runner.py:79} INFO - Running: ['airflow', 'tasks', 'run', 'get_stocks_dag', 'AAPL', 'scheduled__2023-10-26T00:00:00+00:00', '--job-id', '94', '--raw', '--subdir', 'DAGS_FOLDER/get_finance.py', '--cfg-path', '/tmp/tmpv5nbkgb6', '--error-file', '/tmp/tmpu0dxibq5']
[2023-10-29 11:30:04,152] {standard_task_runner.py:80} INFO - Job 94: Subtask AAPL
[2023-10-29 11:30:04,326] {task_command.py:370} INFO - Running <TaskInstance: get_stocks_dag.AAPL scheduled__2023-10-26T00:00:00+00:00 [running]> on host airflow-virtual-machine
[2023-10-29 11:30:04,584] {taskinstance.py:1569} INFO - Exporting the following env vars:
AIRFLOW_CTX_DAG_OWNER=airflow
AIRFLOW_CTX_DAG_ID=get_stocks_dag
AIRFLOW_CTX_TASK_ID=AAPL
AIRFLOW_CTX_EXECUTION_DATE=2023-10-26T00:00:00+00:00
AIRFLOW_CTX_TRY_NUMBER=1
AIRFLOW_CTX_DAG_RUN_ID=scheduled__2023-10-26T00:00:00+00:00
[2023-10-29 11:30:05,228] {python.py:173} INFO - Done. Returned value was: None
[2023-10-29 11:30:05,294] {taskinstance.py:1395} INFO - Marking task as SUCCESS. dag_id=get_stocks_dag, task_id=AAPL, execution_date=20231026T000000, start_date=20231029T143003, end_date=20231029T143005
[2023-10-29 11:30:05,323] {local_task_job.py:156} INFO - Task exited with return code 0
[2023-10-29 11:30:05,620] {local_task_job.py:273} INFO - 0 downstream tasks scheduled from follow-on schedule check
[2023-10-29 11:34:19,875] {taskinstance.py:1159} INFO - Dependencies all met for <TaskInstance: get_stocks_dag.AAPL scheduled__2023-10-26T00:00:00+00:00 [queued]>
[2023-10-29 11:34:19,917] {taskinstance.py:1159} INFO - Dependencies all met for <TaskInstance: get_stocks_dag.AAPL scheduled__2023-10-26T00:00:00+00:00 [queued]>
[2023-10-29 11:34:19,917] {taskinstance.py:1356} INFO - 
--------------------------------------------------------------------------------
[2023-10-29 11:34:19,917] {taskinstance.py:1357} INFO - Starting attempt 1 of 1
[2023-10-29 11:34:19,917] {taskinstance.py:1358} INFO - 
--------------------------------------------------------------------------------
[2023-10-29 11:34:19,932] {taskinstance.py:1377} INFO - Executing <Task(_PythonDecoratedOperator): AAPL> on 2023-10-26 00:00:00+00:00
[2023-10-29 11:34:19,937] {standard_task_runner.py:52} INFO - Started process 17617 to run task
[2023-10-29 11:34:19,964] {standard_task_runner.py:79} INFO - Running: ['airflow', 'tasks', 'run', 'get_stocks_dag', 'AAPL', 'scheduled__2023-10-26T00:00:00+00:00', '--job-id', '183', '--raw', '--subdir', 'DAGS_FOLDER/get_finance.py', '--cfg-path', '/tmp/tmp6lgyz9e1', '--error-file', '/tmp/tmpxvapesf_']
[2023-10-29 11:34:19,965] {standard_task_runner.py:80} INFO - Job 183: Subtask AAPL
[2023-10-29 11:34:20,369] {task_command.py:370} INFO - Running <TaskInstance: get_stocks_dag.AAPL scheduled__2023-10-26T00:00:00+00:00 [running]> on host airflow-virtual-machine
[2023-10-29 11:34:21,132] {taskinstance.py:1569} INFO - Exporting the following env vars:
AIRFLOW_CTX_DAG_OWNER=airflow
AIRFLOW_CTX_DAG_ID=get_stocks_dag
AIRFLOW_CTX_TASK_ID=AAPL
AIRFLOW_CTX_EXECUTION_DATE=2023-10-26T00:00:00+00:00
AIRFLOW_CTX_TRY_NUMBER=1
AIRFLOW_CTX_DAG_RUN_ID=scheduled__2023-10-26T00:00:00+00:00
[2023-10-29 11:34:21,793] {python.py:173} INFO - Done. Returned value was: None
[2023-10-29 11:34:21,874] {taskinstance.py:1395} INFO - Marking task as SUCCESS. dag_id=get_stocks_dag, task_id=AAPL, execution_date=20231026T000000, start_date=20231029T143419, end_date=20231029T143421
[2023-10-29 11:34:22,091] {local_task_job.py:156} INFO - Task exited with return code 0
[2023-10-29 11:34:22,203] {local_task_job.py:273} INFO - 0 downstream tasks scheduled from follow-on schedule check
[2023-10-29 13:33:36,309] {taskinstance.py:1159} INFO - Dependencies all met for <TaskInstance: get_stocks_dag.AAPL scheduled__2023-10-26T00:00:00+00:00 [queued]>
[2023-10-29 13:33:36,380] {taskinstance.py:1159} INFO - Dependencies all met for <TaskInstance: get_stocks_dag.AAPL scheduled__2023-10-26T00:00:00+00:00 [queued]>
[2023-10-29 13:33:36,380] {taskinstance.py:1356} INFO - 
--------------------------------------------------------------------------------
[2023-10-29 13:33:36,381] {taskinstance.py:1357} INFO - Starting attempt 1 of 1
[2023-10-29 13:33:36,381] {taskinstance.py:1358} INFO - 
--------------------------------------------------------------------------------
[2023-10-29 13:33:36,450] {taskinstance.py:1377} INFO - Executing <Task(_PythonDecoratedOperator): AAPL> on 2023-10-26 00:00:00+00:00
[2023-10-29 13:33:36,487] {standard_task_runner.py:52} INFO - Started process 7638 to run task
[2023-10-29 13:33:36,523] {standard_task_runner.py:79} INFO - Running: ['airflow', 'tasks', 'run', 'get_stocks_dag', 'AAPL', 'scheduled__2023-10-26T00:00:00+00:00', '--job-id', '293', '--raw', '--subdir', 'DAGS_FOLDER/get_finance.py', '--cfg-path', '/tmp/tmp7c0b0u_f', '--error-file', '/tmp/tmp55yal6vn']
[2023-10-29 13:33:36,525] {standard_task_runner.py:80} INFO - Job 293: Subtask AAPL
[2023-10-29 13:33:36,683] {task_command.py:370} INFO - Running <TaskInstance: get_stocks_dag.AAPL scheduled__2023-10-26T00:00:00+00:00 [running]> on host airflow-virtual-machine
[2023-10-29 13:33:36,958] {taskinstance.py:1569} INFO - Exporting the following env vars:
AIRFLOW_CTX_DAG_OWNER=airflow
AIRFLOW_CTX_DAG_ID=get_stocks_dag
AIRFLOW_CTX_TASK_ID=AAPL
AIRFLOW_CTX_EXECUTION_DATE=2023-10-26T00:00:00+00:00
AIRFLOW_CTX_TRY_NUMBER=1
AIRFLOW_CTX_DAG_RUN_ID=scheduled__2023-10-26T00:00:00+00:00
[2023-10-29 13:33:37,503] {python.py:173} INFO - Done. Returned value was: None
[2023-10-29 13:33:37,522] {taskinstance.py:1395} INFO - Marking task as SUCCESS. dag_id=get_stocks_dag, task_id=AAPL, execution_date=20231026T000000, start_date=20231029T163336, end_date=20231029T163337
[2023-10-29 13:33:37,582] {local_task_job.py:156} INFO - Task exited with return code 0
[2023-10-29 13:33:37,675] {local_task_job.py:273} INFO - 1 downstream tasks scheduled from follow-on schedule check
[2023-10-29 14:36:07,264] {taskinstance.py:1159} INFO - Dependencies all met for <TaskInstance: get_stocks_dag.AAPL scheduled__2023-10-26T00:00:00+00:00 [queued]>
[2023-10-29 14:36:07,302] {taskinstance.py:1159} INFO - Dependencies all met for <TaskInstance: get_stocks_dag.AAPL scheduled__2023-10-26T00:00:00+00:00 [queued]>
[2023-10-29 14:36:07,302] {taskinstance.py:1356} INFO - 
--------------------------------------------------------------------------------
[2023-10-29 14:36:07,302] {taskinstance.py:1357} INFO - Starting attempt 1 of 1
[2023-10-29 14:36:07,303] {taskinstance.py:1358} INFO - 
--------------------------------------------------------------------------------
[2023-10-29 14:36:07,318] {taskinstance.py:1377} INFO - Executing <Task(_PythonDecoratedOperator): AAPL> on 2023-10-26 00:00:00+00:00
[2023-10-29 14:36:07,323] {standard_task_runner.py:52} INFO - Started process 10603 to run task
[2023-10-29 14:36:07,328] {standard_task_runner.py:79} INFO - Running: ['airflow', 'tasks', 'run', 'get_stocks_dag', 'AAPL', 'scheduled__2023-10-26T00:00:00+00:00', '--job-id', '385', '--raw', '--subdir', 'DAGS_FOLDER/get_finance.py', '--cfg-path', '/tmp/tmp2q6b3wte', '--error-file', '/tmp/tmpubhjabdh']
[2023-10-29 14:36:07,329] {standard_task_runner.py:80} INFO - Job 385: Subtask AAPL
[2023-10-29 14:36:07,444] {task_command.py:370} INFO - Running <TaskInstance: get_stocks_dag.AAPL scheduled__2023-10-26T00:00:00+00:00 [running]> on host airflow-virtual-machine
[2023-10-29 14:36:07,646] {taskinstance.py:1569} INFO - Exporting the following env vars:
AIRFLOW_CTX_DAG_OWNER=airflow
AIRFLOW_CTX_DAG_ID=get_stocks_dag
AIRFLOW_CTX_TASK_ID=AAPL
AIRFLOW_CTX_EXECUTION_DATE=2023-10-26T00:00:00+00:00
AIRFLOW_CTX_TRY_NUMBER=1
AIRFLOW_CTX_DAG_RUN_ID=scheduled__2023-10-26T00:00:00+00:00
[2023-10-29 14:36:08,336] {python.py:173} INFO - Done. Returned value was: None
[2023-10-29 14:36:08,377] {taskinstance.py:1395} INFO - Marking task as SUCCESS. dag_id=get_stocks_dag, task_id=AAPL, execution_date=20231026T000000, start_date=20231029T173607, end_date=20231029T173608
[2023-10-29 14:36:08,540] {local_task_job.py:156} INFO - Task exited with return code 0
[2023-10-29 14:36:08,813] {local_task_job.py:273} INFO - 0 downstream tasks scheduled from follow-on schedule check
