[2023-10-29 11:26:44,985] {processor.py:153} INFO - Started process (PID=13149) to work on /home/gabriel/Documents/project_finance/venv/lib/python3.9/site-packages/airflow/example_dags/example_nested_branch_dag.py
[2023-10-29 11:26:44,987] {processor.py:641} INFO - Processing file /home/gabriel/Documents/project_finance/venv/lib/python3.9/site-packages/airflow/example_dags/example_nested_branch_dag.py for tasks to queue
[2023-10-29 11:26:44,987] {logging_mixin.py:115} INFO - [2023-10-29 11:26:44,987] {dagbag.py:507} INFO - Filling up the DagBag from /home/gabriel/Documents/project_finance/venv/lib/python3.9/site-packages/airflow/example_dags/example_nested_branch_dag.py
[2023-10-29 11:26:44,997] {processor.py:651} INFO - DAG(s) dict_keys(['example_nested_branch_dag']) retrieved from /home/gabriel/Documents/project_finance/venv/lib/python3.9/site-packages/airflow/example_dags/example_nested_branch_dag.py
[2023-10-29 11:26:45,013] {logging_mixin.py:115} INFO - [2023-10-29 11:26:45,013] {dag.py:2379} INFO - Sync 1 DAGs
[2023-10-29 11:26:45,031] {logging_mixin.py:115} INFO - [2023-10-29 11:26:45,031] {dag.py:2927} INFO - Setting next_dagrun for example_nested_branch_dag to 2023-10-28T00:00:00+00:00, run_after=2023-10-29T00:00:00+00:00
[2023-10-29 11:26:45,045] {processor.py:161} INFO - Processing /home/gabriel/Documents/project_finance/venv/lib/python3.9/site-packages/airflow/example_dags/example_nested_branch_dag.py took 0.064 seconds
[2023-10-29 13:17:54,602] {processor.py:153} INFO - Started process (PID=3487) to work on /home/gabriel/Documents/project_finance/venv/lib/python3.9/site-packages/airflow/example_dags/example_nested_branch_dag.py
[2023-10-29 13:17:54,603] {processor.py:641} INFO - Processing file /home/gabriel/Documents/project_finance/venv/lib/python3.9/site-packages/airflow/example_dags/example_nested_branch_dag.py for tasks to queue
[2023-10-29 13:17:54,604] {logging_mixin.py:115} INFO - [2023-10-29 13:17:54,603] {dagbag.py:507} INFO - Filling up the DagBag from /home/gabriel/Documents/project_finance/venv/lib/python3.9/site-packages/airflow/example_dags/example_nested_branch_dag.py
[2023-10-29 13:17:54,613] {processor.py:651} INFO - DAG(s) dict_keys(['example_nested_branch_dag']) retrieved from /home/gabriel/Documents/project_finance/venv/lib/python3.9/site-packages/airflow/example_dags/example_nested_branch_dag.py
[2023-10-29 13:17:54,645] {logging_mixin.py:115} INFO - [2023-10-29 13:17:54,645] {manager.py:508} INFO - Created Permission View: can edit on DAG:example_nested_branch_dag
[2023-10-29 13:17:54,651] {logging_mixin.py:115} INFO - [2023-10-29 13:17:54,651] {manager.py:508} INFO - Created Permission View: can read on DAG:example_nested_branch_dag
[2023-10-29 13:17:54,656] {logging_mixin.py:115} INFO - [2023-10-29 13:17:54,656] {manager.py:508} INFO - Created Permission View: can delete on DAG:example_nested_branch_dag
[2023-10-29 13:17:54,656] {logging_mixin.py:115} INFO - [2023-10-29 13:17:54,656] {dag.py:2379} INFO - Sync 1 DAGs
[2023-10-29 13:17:54,664] {logging_mixin.py:115} INFO - [2023-10-29 13:17:54,664] {dag.py:2398} INFO - Creating ORM DAG for example_nested_branch_dag
[2023-10-29 13:17:54,672] {logging_mixin.py:115} INFO - [2023-10-29 13:17:54,672] {dag.py:2927} INFO - Setting next_dagrun for example_nested_branch_dag to 2023-10-28T00:00:00+00:00, run_after=2023-10-29T00:00:00+00:00
[2023-10-29 13:17:54,686] {processor.py:161} INFO - Processing /home/gabriel/Documents/project_finance/venv/lib/python3.9/site-packages/airflow/example_dags/example_nested_branch_dag.py took 0.086 seconds
[2023-10-29 13:18:44,619] {processor.py:153} INFO - Started process (PID=3582) to work on /home/gabriel/Documents/project_finance/venv/lib/python3.9/site-packages/airflow/example_dags/example_nested_branch_dag.py
[2023-10-29 13:18:44,619] {processor.py:641} INFO - Processing file /home/gabriel/Documents/project_finance/venv/lib/python3.9/site-packages/airflow/example_dags/example_nested_branch_dag.py for tasks to queue
[2023-10-29 13:18:44,620] {logging_mixin.py:115} INFO - [2023-10-29 13:18:44,620] {dagbag.py:507} INFO - Filling up the DagBag from /home/gabriel/Documents/project_finance/venv/lib/python3.9/site-packages/airflow/example_dags/example_nested_branch_dag.py
[2023-10-29 13:18:44,629] {processor.py:651} INFO - DAG(s) dict_keys(['example_nested_branch_dag']) retrieved from /home/gabriel/Documents/project_finance/venv/lib/python3.9/site-packages/airflow/example_dags/example_nested_branch_dag.py
[2023-10-29 13:18:44,643] {logging_mixin.py:115} INFO - [2023-10-29 13:18:44,643] {dag.py:2379} INFO - Sync 1 DAGs
[2023-10-29 13:18:44,660] {logging_mixin.py:115} INFO - [2023-10-29 13:18:44,660] {dag.py:2927} INFO - Setting next_dagrun for example_nested_branch_dag to 2023-10-28T00:00:00+00:00, run_after=2023-10-29T00:00:00+00:00
[2023-10-29 13:18:44,672] {processor.py:161} INFO - Processing /home/gabriel/Documents/project_finance/venv/lib/python3.9/site-packages/airflow/example_dags/example_nested_branch_dag.py took 0.056 seconds
[2023-10-29 13:19:19,386] {processor.py:153} INFO - Started process (PID=3618) to work on /home/gabriel/Documents/project_finance/venv/lib/python3.9/site-packages/airflow/example_dags/example_nested_branch_dag.py
[2023-10-29 13:19:19,388] {processor.py:641} INFO - Processing file /home/gabriel/Documents/project_finance/venv/lib/python3.9/site-packages/airflow/example_dags/example_nested_branch_dag.py for tasks to queue
[2023-10-29 13:19:19,388] {logging_mixin.py:115} INFO - [2023-10-29 13:19:19,388] {dagbag.py:507} INFO - Filling up the DagBag from /home/gabriel/Documents/project_finance/venv/lib/python3.9/site-packages/airflow/example_dags/example_nested_branch_dag.py
[2023-10-29 13:19:19,412] {processor.py:651} INFO - DAG(s) dict_keys(['example_nested_branch_dag']) retrieved from /home/gabriel/Documents/project_finance/venv/lib/python3.9/site-packages/airflow/example_dags/example_nested_branch_dag.py
[2023-10-29 13:19:19,429] {logging_mixin.py:115} INFO - [2023-10-29 13:19:19,429] {dag.py:2379} INFO - Sync 1 DAGs
[2023-10-29 13:19:19,446] {logging_mixin.py:115} INFO - [2023-10-29 13:19:19,446] {dag.py:2927} INFO - Setting next_dagrun for example_nested_branch_dag to 2023-10-28T00:00:00+00:00, run_after=2023-10-29T00:00:00+00:00
[2023-10-29 13:19:19,459] {processor.py:161} INFO - Processing /home/gabriel/Documents/project_finance/venv/lib/python3.9/site-packages/airflow/example_dags/example_nested_branch_dag.py took 0.076 seconds
[2023-10-29 13:19:58,957] {processor.py:153} INFO - Started process (PID=3681) to work on /home/gabriel/Documents/project_finance/venv/lib/python3.9/site-packages/airflow/example_dags/example_nested_branch_dag.py
[2023-10-29 13:19:58,958] {processor.py:641} INFO - Processing file /home/gabriel/Documents/project_finance/venv/lib/python3.9/site-packages/airflow/example_dags/example_nested_branch_dag.py for tasks to queue
[2023-10-29 13:19:58,959] {logging_mixin.py:115} INFO - [2023-10-29 13:19:58,959] {dagbag.py:507} INFO - Filling up the DagBag from /home/gabriel/Documents/project_finance/venv/lib/python3.9/site-packages/airflow/example_dags/example_nested_branch_dag.py
[2023-10-29 13:19:58,967] {processor.py:651} INFO - DAG(s) dict_keys(['example_nested_branch_dag']) retrieved from /home/gabriel/Documents/project_finance/venv/lib/python3.9/site-packages/airflow/example_dags/example_nested_branch_dag.py
[2023-10-29 13:19:58,981] {logging_mixin.py:115} INFO - [2023-10-29 13:19:58,981] {dag.py:2379} INFO - Sync 1 DAGs
[2023-10-29 13:19:58,997] {logging_mixin.py:115} INFO - [2023-10-29 13:19:58,997] {dag.py:2927} INFO - Setting next_dagrun for example_nested_branch_dag to 2023-10-28T00:00:00+00:00, run_after=2023-10-29T00:00:00+00:00
[2023-10-29 13:19:59,007] {processor.py:161} INFO - Processing /home/gabriel/Documents/project_finance/venv/lib/python3.9/site-packages/airflow/example_dags/example_nested_branch_dag.py took 0.053 seconds
[2023-10-29 13:20:32,704] {processor.py:153} INFO - Started process (PID=3719) to work on /home/gabriel/Documents/project_finance/venv/lib/python3.9/site-packages/airflow/example_dags/example_nested_branch_dag.py
[2023-10-29 13:20:32,704] {processor.py:641} INFO - Processing file /home/gabriel/Documents/project_finance/venv/lib/python3.9/site-packages/airflow/example_dags/example_nested_branch_dag.py for tasks to queue
[2023-10-29 13:20:32,705] {logging_mixin.py:115} INFO - [2023-10-29 13:20:32,705] {dagbag.py:507} INFO - Filling up the DagBag from /home/gabriel/Documents/project_finance/venv/lib/python3.9/site-packages/airflow/example_dags/example_nested_branch_dag.py
[2023-10-29 13:20:32,714] {processor.py:651} INFO - DAG(s) dict_keys(['example_nested_branch_dag']) retrieved from /home/gabriel/Documents/project_finance/venv/lib/python3.9/site-packages/airflow/example_dags/example_nested_branch_dag.py
[2023-10-29 13:20:32,728] {logging_mixin.py:115} INFO - [2023-10-29 13:20:32,728] {dag.py:2379} INFO - Sync 1 DAGs
[2023-10-29 13:20:32,743] {logging_mixin.py:115} INFO - [2023-10-29 13:20:32,743] {dag.py:2927} INFO - Setting next_dagrun for example_nested_branch_dag to 2023-10-28T00:00:00+00:00, run_after=2023-10-29T00:00:00+00:00
[2023-10-29 13:20:32,754] {processor.py:161} INFO - Processing /home/gabriel/Documents/project_finance/venv/lib/python3.9/site-packages/airflow/example_dags/example_nested_branch_dag.py took 0.053 seconds
[2023-10-29 13:21:07,470] {processor.py:153} INFO - Started process (PID=4261) to work on /home/gabriel/Documents/project_finance/venv/lib/python3.9/site-packages/airflow/example_dags/example_nested_branch_dag.py
[2023-10-29 13:21:07,471] {processor.py:641} INFO - Processing file /home/gabriel/Documents/project_finance/venv/lib/python3.9/site-packages/airflow/example_dags/example_nested_branch_dag.py for tasks to queue
[2023-10-29 13:21:07,472] {logging_mixin.py:115} INFO - [2023-10-29 13:21:07,471] {dagbag.py:507} INFO - Filling up the DagBag from /home/gabriel/Documents/project_finance/venv/lib/python3.9/site-packages/airflow/example_dags/example_nested_branch_dag.py
[2023-10-29 13:21:07,481] {processor.py:651} INFO - DAG(s) dict_keys(['example_nested_branch_dag']) retrieved from /home/gabriel/Documents/project_finance/venv/lib/python3.9/site-packages/airflow/example_dags/example_nested_branch_dag.py
[2023-10-29 13:21:07,500] {logging_mixin.py:115} INFO - [2023-10-29 13:21:07,499] {dag.py:2379} INFO - Sync 1 DAGs
[2023-10-29 13:21:07,515] {logging_mixin.py:115} INFO - [2023-10-29 13:21:07,515] {dag.py:2927} INFO - Setting next_dagrun for example_nested_branch_dag to 2023-10-28T00:00:00+00:00, run_after=2023-10-29T00:00:00+00:00
[2023-10-29 13:21:07,526] {processor.py:161} INFO - Processing /home/gabriel/Documents/project_finance/venv/lib/python3.9/site-packages/airflow/example_dags/example_nested_branch_dag.py took 0.059 seconds
[2023-10-29 13:21:40,282] {processor.py:153} INFO - Started process (PID=4438) to work on /home/gabriel/Documents/project_finance/venv/lib/python3.9/site-packages/airflow/example_dags/example_nested_branch_dag.py
[2023-10-29 13:21:40,282] {processor.py:641} INFO - Processing file /home/gabriel/Documents/project_finance/venv/lib/python3.9/site-packages/airflow/example_dags/example_nested_branch_dag.py for tasks to queue
[2023-10-29 13:21:40,283] {logging_mixin.py:115} INFO - [2023-10-29 13:21:40,283] {dagbag.py:507} INFO - Filling up the DagBag from /home/gabriel/Documents/project_finance/venv/lib/python3.9/site-packages/airflow/example_dags/example_nested_branch_dag.py
[2023-10-29 13:21:40,291] {processor.py:651} INFO - DAG(s) dict_keys(['example_nested_branch_dag']) retrieved from /home/gabriel/Documents/project_finance/venv/lib/python3.9/site-packages/airflow/example_dags/example_nested_branch_dag.py
[2023-10-29 13:21:40,305] {logging_mixin.py:115} INFO - [2023-10-29 13:21:40,305] {dag.py:2379} INFO - Sync 1 DAGs
[2023-10-29 13:21:40,320] {logging_mixin.py:115} INFO - [2023-10-29 13:21:40,320] {dag.py:2927} INFO - Setting next_dagrun for example_nested_branch_dag to 2023-10-28T00:00:00+00:00, run_after=2023-10-29T00:00:00+00:00
[2023-10-29 13:21:40,331] {processor.py:161} INFO - Processing /home/gabriel/Documents/project_finance/venv/lib/python3.9/site-packages/airflow/example_dags/example_nested_branch_dag.py took 0.052 seconds
[2023-10-29 13:22:14,237] {processor.py:153} INFO - Started process (PID=4528) to work on /home/gabriel/Documents/project_finance/venv/lib/python3.9/site-packages/airflow/example_dags/example_nested_branch_dag.py
[2023-10-29 13:22:14,238] {processor.py:641} INFO - Processing file /home/gabriel/Documents/project_finance/venv/lib/python3.9/site-packages/airflow/example_dags/example_nested_branch_dag.py for tasks to queue
[2023-10-29 13:22:14,239] {logging_mixin.py:115} INFO - [2023-10-29 13:22:14,239] {dagbag.py:507} INFO - Filling up the DagBag from /home/gabriel/Documents/project_finance/venv/lib/python3.9/site-packages/airflow/example_dags/example_nested_branch_dag.py
[2023-10-29 13:22:14,247] {processor.py:651} INFO - DAG(s) dict_keys(['example_nested_branch_dag']) retrieved from /home/gabriel/Documents/project_finance/venv/lib/python3.9/site-packages/airflow/example_dags/example_nested_branch_dag.py
[2023-10-29 13:22:14,265] {logging_mixin.py:115} INFO - [2023-10-29 13:22:14,265] {dag.py:2379} INFO - Sync 1 DAGs
[2023-10-29 13:22:14,285] {logging_mixin.py:115} INFO - [2023-10-29 13:22:14,285] {dag.py:2927} INFO - Setting next_dagrun for example_nested_branch_dag to 2023-10-28T00:00:00+00:00, run_after=2023-10-29T00:00:00+00:00
[2023-10-29 13:22:14,298] {processor.py:161} INFO - Processing /home/gabriel/Documents/project_finance/venv/lib/python3.9/site-packages/airflow/example_dags/example_nested_branch_dag.py took 0.064 seconds
[2023-10-29 13:22:17,103] {processor.py:153} INFO - Started process (PID=4533) to work on /home/gabriel/Documents/project_finance/venv/lib/python3.9/site-packages/airflow/example_dags/example_nested_branch_dag.py
[2023-10-29 13:22:17,104] {processor.py:641} INFO - Processing file /home/gabriel/Documents/project_finance/venv/lib/python3.9/site-packages/airflow/example_dags/example_nested_branch_dag.py for tasks to queue
[2023-10-29 13:22:17,104] {logging_mixin.py:115} INFO - [2023-10-29 13:22:17,104] {dagbag.py:507} INFO - Filling up the DagBag from /home/gabriel/Documents/project_finance/venv/lib/python3.9/site-packages/airflow/example_dags/example_nested_branch_dag.py
[2023-10-29 13:22:17,113] {processor.py:651} INFO - DAG(s) dict_keys(['example_nested_branch_dag']) retrieved from /home/gabriel/Documents/project_finance/venv/lib/python3.9/site-packages/airflow/example_dags/example_nested_branch_dag.py
[2023-10-29 13:22:17,127] {logging_mixin.py:115} INFO - [2023-10-29 13:22:17,127] {dag.py:2379} INFO - Sync 1 DAGs
[2023-10-29 13:22:17,142] {logging_mixin.py:115} INFO - [2023-10-29 13:22:17,142] {dag.py:2927} INFO - Setting next_dagrun for example_nested_branch_dag to 2023-10-28T00:00:00+00:00, run_after=2023-10-29T00:00:00+00:00
[2023-10-29 13:22:17,153] {processor.py:161} INFO - Processing /home/gabriel/Documents/project_finance/venv/lib/python3.9/site-packages/airflow/example_dags/example_nested_branch_dag.py took 0.053 seconds
[2023-10-29 13:22:47,363] {processor.py:153} INFO - Started process (PID=4593) to work on /home/gabriel/Documents/project_finance/venv/lib/python3.9/site-packages/airflow/example_dags/example_nested_branch_dag.py
[2023-10-29 13:22:47,364] {processor.py:641} INFO - Processing file /home/gabriel/Documents/project_finance/venv/lib/python3.9/site-packages/airflow/example_dags/example_nested_branch_dag.py for tasks to queue
[2023-10-29 13:22:47,364] {logging_mixin.py:115} INFO - [2023-10-29 13:22:47,364] {dagbag.py:507} INFO - Filling up the DagBag from /home/gabriel/Documents/project_finance/venv/lib/python3.9/site-packages/airflow/example_dags/example_nested_branch_dag.py
[2023-10-29 13:22:47,374] {processor.py:651} INFO - DAG(s) dict_keys(['example_nested_branch_dag']) retrieved from /home/gabriel/Documents/project_finance/venv/lib/python3.9/site-packages/airflow/example_dags/example_nested_branch_dag.py
[2023-10-29 13:22:47,388] {logging_mixin.py:115} INFO - [2023-10-29 13:22:47,388] {dag.py:2379} INFO - Sync 1 DAGs
[2023-10-29 13:22:47,403] {logging_mixin.py:115} INFO - [2023-10-29 13:22:47,403] {dag.py:2927} INFO - Setting next_dagrun for example_nested_branch_dag to 2023-10-28T00:00:00+00:00, run_after=2023-10-29T00:00:00+00:00
[2023-10-29 13:22:47,414] {processor.py:161} INFO - Processing /home/gabriel/Documents/project_finance/venv/lib/python3.9/site-packages/airflow/example_dags/example_nested_branch_dag.py took 0.056 seconds
