[2023-10-29 11:26:53,142] {processor.py:153} INFO - Started process (PID=13208) to work on /home/gabriel/Documents/project_finance/venv/lib/python3.9/site-packages/airflow/example_dags/example_branch_datetime_operator.py
[2023-10-29 11:26:53,143] {processor.py:641} INFO - Processing file /home/gabriel/Documents/project_finance/venv/lib/python3.9/site-packages/airflow/example_dags/example_branch_datetime_operator.py for tasks to queue
[2023-10-29 11:26:53,149] {logging_mixin.py:115} INFO - [2023-10-29 11:26:53,149] {dagbag.py:507} INFO - Filling up the DagBag from /home/gabriel/Documents/project_finance/venv/lib/python3.9/site-packages/airflow/example_dags/example_branch_datetime_operator.py
[2023-10-29 11:26:53,188] {processor.py:651} INFO - DAG(s) dict_keys(['example_branch_datetime_operator_2']) retrieved from /home/gabriel/Documents/project_finance/venv/lib/python3.9/site-packages/airflow/example_dags/example_branch_datetime_operator.py
[2023-10-29 11:26:53,219] {logging_mixin.py:115} INFO - [2023-10-29 11:26:53,219] {dag.py:2379} INFO - Sync 1 DAGs
[2023-10-29 11:26:53,269] {logging_mixin.py:115} INFO - [2023-10-29 11:26:53,269] {dag.py:2927} INFO - Setting next_dagrun for example_branch_datetime_operator_2 to 2023-10-28T00:00:00+00:00, run_after=2023-10-29T00:00:00+00:00
[2023-10-29 11:26:53,291] {processor.py:161} INFO - Processing /home/gabriel/Documents/project_finance/venv/lib/python3.9/site-packages/airflow/example_dags/example_branch_datetime_operator.py took 0.160 seconds
[2023-10-29 13:18:52,558] {processor.py:153} INFO - Started process (PID=3591) to work on /home/gabriel/Documents/project_finance/venv/lib/python3.9/site-packages/airflow/example_dags/example_branch_datetime_operator.py
[2023-10-29 13:18:52,559] {processor.py:641} INFO - Processing file /home/gabriel/Documents/project_finance/venv/lib/python3.9/site-packages/airflow/example_dags/example_branch_datetime_operator.py for tasks to queue
[2023-10-29 13:18:52,559] {logging_mixin.py:115} INFO - [2023-10-29 13:18:52,559] {dagbag.py:507} INFO - Filling up the DagBag from /home/gabriel/Documents/project_finance/venv/lib/python3.9/site-packages/airflow/example_dags/example_branch_datetime_operator.py
[2023-10-29 13:18:52,568] {processor.py:651} INFO - DAG(s) dict_keys(['example_branch_datetime_operator_2']) retrieved from /home/gabriel/Documents/project_finance/venv/lib/python3.9/site-packages/airflow/example_dags/example_branch_datetime_operator.py
[2023-10-29 13:18:52,617] {logging_mixin.py:115} INFO - [2023-10-29 13:18:52,617] {manager.py:508} INFO - Created Permission View: can edit on DAG:example_branch_datetime_operator_2
[2023-10-29 13:18:52,624] {logging_mixin.py:115} INFO - [2023-10-29 13:18:52,624] {manager.py:508} INFO - Created Permission View: can read on DAG:example_branch_datetime_operator_2
[2023-10-29 13:18:52,630] {logging_mixin.py:115} INFO - [2023-10-29 13:18:52,629] {manager.py:508} INFO - Created Permission View: can delete on DAG:example_branch_datetime_operator_2
[2023-10-29 13:18:52,630] {logging_mixin.py:115} INFO - [2023-10-29 13:18:52,630] {dag.py:2379} INFO - Sync 1 DAGs
[2023-10-29 13:18:52,635] {logging_mixin.py:115} INFO - [2023-10-29 13:18:52,635] {dag.py:2398} INFO - Creating ORM DAG for example_branch_datetime_operator_2
[2023-10-29 13:18:52,643] {logging_mixin.py:115} INFO - [2023-10-29 13:18:52,643] {dag.py:2927} INFO - Setting next_dagrun for example_branch_datetime_operator_2 to 2023-10-28T00:00:00+00:00, run_after=2023-10-29T00:00:00+00:00
[2023-10-29 13:18:52,653] {processor.py:161} INFO - Processing /home/gabriel/Documents/project_finance/venv/lib/python3.9/site-packages/airflow/example_dags/example_branch_datetime_operator.py took 0.099 seconds
[2023-10-29 13:19:26,234] {processor.py:153} INFO - Started process (PID=3626) to work on /home/gabriel/Documents/project_finance/venv/lib/python3.9/site-packages/airflow/example_dags/example_branch_datetime_operator.py
[2023-10-29 13:19:26,234] {processor.py:641} INFO - Processing file /home/gabriel/Documents/project_finance/venv/lib/python3.9/site-packages/airflow/example_dags/example_branch_datetime_operator.py for tasks to queue
[2023-10-29 13:19:26,235] {logging_mixin.py:115} INFO - [2023-10-29 13:19:26,235] {dagbag.py:507} INFO - Filling up the DagBag from /home/gabriel/Documents/project_finance/venv/lib/python3.9/site-packages/airflow/example_dags/example_branch_datetime_operator.py
[2023-10-29 13:19:26,242] {processor.py:651} INFO - DAG(s) dict_keys(['example_branch_datetime_operator_2']) retrieved from /home/gabriel/Documents/project_finance/venv/lib/python3.9/site-packages/airflow/example_dags/example_branch_datetime_operator.py
[2023-10-29 13:19:26,256] {logging_mixin.py:115} INFO - [2023-10-29 13:19:26,256] {dag.py:2379} INFO - Sync 1 DAGs
[2023-10-29 13:19:26,272] {logging_mixin.py:115} INFO - [2023-10-29 13:19:26,272] {dag.py:2927} INFO - Setting next_dagrun for example_branch_datetime_operator_2 to 2023-10-28T00:00:00+00:00, run_after=2023-10-29T00:00:00+00:00
[2023-10-29 13:19:26,285] {processor.py:161} INFO - Processing /home/gabriel/Documents/project_finance/venv/lib/python3.9/site-packages/airflow/example_dags/example_branch_datetime_operator.py took 0.054 seconds
[2023-10-29 13:20:05,839] {processor.py:153} INFO - Started process (PID=3690) to work on /home/gabriel/Documents/project_finance/venv/lib/python3.9/site-packages/airflow/example_dags/example_branch_datetime_operator.py
[2023-10-29 13:20:05,840] {processor.py:641} INFO - Processing file /home/gabriel/Documents/project_finance/venv/lib/python3.9/site-packages/airflow/example_dags/example_branch_datetime_operator.py for tasks to queue
[2023-10-29 13:20:05,841] {logging_mixin.py:115} INFO - [2023-10-29 13:20:05,841] {dagbag.py:507} INFO - Filling up the DagBag from /home/gabriel/Documents/project_finance/venv/lib/python3.9/site-packages/airflow/example_dags/example_branch_datetime_operator.py
[2023-10-29 13:20:05,848] {processor.py:651} INFO - DAG(s) dict_keys(['example_branch_datetime_operator_2']) retrieved from /home/gabriel/Documents/project_finance/venv/lib/python3.9/site-packages/airflow/example_dags/example_branch_datetime_operator.py
[2023-10-29 13:20:05,865] {logging_mixin.py:115} INFO - [2023-10-29 13:20:05,864] {dag.py:2379} INFO - Sync 1 DAGs
[2023-10-29 13:20:05,882] {logging_mixin.py:115} INFO - [2023-10-29 13:20:05,882] {dag.py:2927} INFO - Setting next_dagrun for example_branch_datetime_operator_2 to 2023-10-28T00:00:00+00:00, run_after=2023-10-29T00:00:00+00:00
[2023-10-29 13:20:05,896] {processor.py:161} INFO - Processing /home/gabriel/Documents/project_finance/venv/lib/python3.9/site-packages/airflow/example_dags/example_branch_datetime_operator.py took 0.060 seconds
[2023-10-29 13:20:40,713] {processor.py:153} INFO - Started process (PID=3727) to work on /home/gabriel/Documents/project_finance/venv/lib/python3.9/site-packages/airflow/example_dags/example_branch_datetime_operator.py
[2023-10-29 13:20:40,714] {processor.py:641} INFO - Processing file /home/gabriel/Documents/project_finance/venv/lib/python3.9/site-packages/airflow/example_dags/example_branch_datetime_operator.py for tasks to queue
[2023-10-29 13:20:40,714] {logging_mixin.py:115} INFO - [2023-10-29 13:20:40,714] {dagbag.py:507} INFO - Filling up the DagBag from /home/gabriel/Documents/project_finance/venv/lib/python3.9/site-packages/airflow/example_dags/example_branch_datetime_operator.py
[2023-10-29 13:20:40,722] {processor.py:651} INFO - DAG(s) dict_keys(['example_branch_datetime_operator_2']) retrieved from /home/gabriel/Documents/project_finance/venv/lib/python3.9/site-packages/airflow/example_dags/example_branch_datetime_operator.py
[2023-10-29 13:20:40,738] {logging_mixin.py:115} INFO - [2023-10-29 13:20:40,737] {dag.py:2379} INFO - Sync 1 DAGs
[2023-10-29 13:20:40,754] {logging_mixin.py:115} INFO - [2023-10-29 13:20:40,754] {dag.py:2927} INFO - Setting next_dagrun for example_branch_datetime_operator_2 to 2023-10-28T00:00:00+00:00, run_after=2023-10-29T00:00:00+00:00
[2023-10-29 13:20:40,767] {processor.py:161} INFO - Processing /home/gabriel/Documents/project_finance/venv/lib/python3.9/site-packages/airflow/example_dags/example_branch_datetime_operator.py took 0.057 seconds
[2023-10-29 13:21:14,880] {processor.py:153} INFO - Started process (PID=4296) to work on /home/gabriel/Documents/project_finance/venv/lib/python3.9/site-packages/airflow/example_dags/example_branch_datetime_operator.py
[2023-10-29 13:21:14,881] {processor.py:641} INFO - Processing file /home/gabriel/Documents/project_finance/venv/lib/python3.9/site-packages/airflow/example_dags/example_branch_datetime_operator.py for tasks to queue
[2023-10-29 13:21:14,881] {logging_mixin.py:115} INFO - [2023-10-29 13:21:14,881] {dagbag.py:507} INFO - Filling up the DagBag from /home/gabriel/Documents/project_finance/venv/lib/python3.9/site-packages/airflow/example_dags/example_branch_datetime_operator.py
[2023-10-29 13:21:14,889] {processor.py:651} INFO - DAG(s) dict_keys(['example_branch_datetime_operator_2']) retrieved from /home/gabriel/Documents/project_finance/venv/lib/python3.9/site-packages/airflow/example_dags/example_branch_datetime_operator.py
[2023-10-29 13:21:14,906] {logging_mixin.py:115} INFO - [2023-10-29 13:21:14,905] {dag.py:2379} INFO - Sync 1 DAGs
[2023-10-29 13:21:14,923] {logging_mixin.py:115} INFO - [2023-10-29 13:21:14,922] {dag.py:2927} INFO - Setting next_dagrun for example_branch_datetime_operator_2 to 2023-10-28T00:00:00+00:00, run_after=2023-10-29T00:00:00+00:00
[2023-10-29 13:21:14,934] {processor.py:161} INFO - Processing /home/gabriel/Documents/project_finance/venv/lib/python3.9/site-packages/airflow/example_dags/example_branch_datetime_operator.py took 0.057 seconds
[2023-10-29 13:21:49,692] {processor.py:153} INFO - Started process (PID=4472) to work on /home/gabriel/Documents/project_finance/venv/lib/python3.9/site-packages/airflow/example_dags/example_branch_datetime_operator.py
[2023-10-29 13:21:49,692] {processor.py:641} INFO - Processing file /home/gabriel/Documents/project_finance/venv/lib/python3.9/site-packages/airflow/example_dags/example_branch_datetime_operator.py for tasks to queue
[2023-10-29 13:21:49,693] {logging_mixin.py:115} INFO - [2023-10-29 13:21:49,693] {dagbag.py:507} INFO - Filling up the DagBag from /home/gabriel/Documents/project_finance/venv/lib/python3.9/site-packages/airflow/example_dags/example_branch_datetime_operator.py
[2023-10-29 13:21:49,700] {processor.py:651} INFO - DAG(s) dict_keys(['example_branch_datetime_operator_2']) retrieved from /home/gabriel/Documents/project_finance/venv/lib/python3.9/site-packages/airflow/example_dags/example_branch_datetime_operator.py
[2023-10-29 13:21:49,713] {logging_mixin.py:115} INFO - [2023-10-29 13:21:49,713] {dag.py:2379} INFO - Sync 1 DAGs
[2023-10-29 13:21:49,728] {logging_mixin.py:115} INFO - [2023-10-29 13:21:49,728] {dag.py:2927} INFO - Setting next_dagrun for example_branch_datetime_operator_2 to 2023-10-28T00:00:00+00:00, run_after=2023-10-29T00:00:00+00:00
[2023-10-29 13:21:49,739] {processor.py:161} INFO - Processing /home/gabriel/Documents/project_finance/venv/lib/python3.9/site-packages/airflow/example_dags/example_branch_datetime_operator.py took 0.050 seconds
[2023-10-29 13:22:22,949] {processor.py:153} INFO - Started process (PID=4547) to work on /home/gabriel/Documents/project_finance/venv/lib/python3.9/site-packages/airflow/example_dags/example_branch_datetime_operator.py
[2023-10-29 13:22:22,950] {processor.py:641} INFO - Processing file /home/gabriel/Documents/project_finance/venv/lib/python3.9/site-packages/airflow/example_dags/example_branch_datetime_operator.py for tasks to queue
[2023-10-29 13:22:22,950] {logging_mixin.py:115} INFO - [2023-10-29 13:22:22,950] {dagbag.py:507} INFO - Filling up the DagBag from /home/gabriel/Documents/project_finance/venv/lib/python3.9/site-packages/airflow/example_dags/example_branch_datetime_operator.py
[2023-10-29 13:22:22,957] {processor.py:651} INFO - DAG(s) dict_keys(['example_branch_datetime_operator_2']) retrieved from /home/gabriel/Documents/project_finance/venv/lib/python3.9/site-packages/airflow/example_dags/example_branch_datetime_operator.py
[2023-10-29 13:22:22,971] {logging_mixin.py:115} INFO - [2023-10-29 13:22:22,971] {dag.py:2379} INFO - Sync 1 DAGs
[2023-10-29 13:22:22,989] {logging_mixin.py:115} INFO - [2023-10-29 13:22:22,989] {dag.py:2927} INFO - Setting next_dagrun for example_branch_datetime_operator_2 to 2023-10-28T00:00:00+00:00, run_after=2023-10-29T00:00:00+00:00
[2023-10-29 13:22:23,003] {processor.py:161} INFO - Processing /home/gabriel/Documents/project_finance/venv/lib/python3.9/site-packages/airflow/example_dags/example_branch_datetime_operator.py took 0.057 seconds
[2023-10-29 13:22:23,982] {processor.py:153} INFO - Started process (PID=4549) to work on /home/gabriel/Documents/project_finance/venv/lib/python3.9/site-packages/airflow/example_dags/example_branch_datetime_operator.py
[2023-10-29 13:22:23,983] {processor.py:641} INFO - Processing file /home/gabriel/Documents/project_finance/venv/lib/python3.9/site-packages/airflow/example_dags/example_branch_datetime_operator.py for tasks to queue
[2023-10-29 13:22:23,984] {logging_mixin.py:115} INFO - [2023-10-29 13:22:23,984] {dagbag.py:507} INFO - Filling up the DagBag from /home/gabriel/Documents/project_finance/venv/lib/python3.9/site-packages/airflow/example_dags/example_branch_datetime_operator.py
[2023-10-29 13:22:23,993] {processor.py:651} INFO - DAG(s) dict_keys(['example_branch_datetime_operator_2']) retrieved from /home/gabriel/Documents/project_finance/venv/lib/python3.9/site-packages/airflow/example_dags/example_branch_datetime_operator.py
[2023-10-29 13:22:24,007] {logging_mixin.py:115} INFO - [2023-10-29 13:22:24,007] {dag.py:2379} INFO - Sync 1 DAGs
[2023-10-29 13:22:24,023] {logging_mixin.py:115} INFO - [2023-10-29 13:22:24,023] {dag.py:2927} INFO - Setting next_dagrun for example_branch_datetime_operator_2 to 2023-10-28T00:00:00+00:00, run_after=2023-10-29T00:00:00+00:00
[2023-10-29 13:22:24,034] {processor.py:161} INFO - Processing /home/gabriel/Documents/project_finance/venv/lib/python3.9/site-packages/airflow/example_dags/example_branch_datetime_operator.py took 0.055 seconds
[2023-10-29 13:22:57,062] {processor.py:153} INFO - Started process (PID=4613) to work on /home/gabriel/Documents/project_finance/venv/lib/python3.9/site-packages/airflow/example_dags/example_branch_datetime_operator.py
[2023-10-29 13:22:57,062] {processor.py:641} INFO - Processing file /home/gabriel/Documents/project_finance/venv/lib/python3.9/site-packages/airflow/example_dags/example_branch_datetime_operator.py for tasks to queue
[2023-10-29 13:22:57,063] {logging_mixin.py:115} INFO - [2023-10-29 13:22:57,063] {dagbag.py:507} INFO - Filling up the DagBag from /home/gabriel/Documents/project_finance/venv/lib/python3.9/site-packages/airflow/example_dags/example_branch_datetime_operator.py
[2023-10-29 13:22:57,070] {processor.py:651} INFO - DAG(s) dict_keys(['example_branch_datetime_operator_2']) retrieved from /home/gabriel/Documents/project_finance/venv/lib/python3.9/site-packages/airflow/example_dags/example_branch_datetime_operator.py
[2023-10-29 13:22:57,086] {logging_mixin.py:115} INFO - [2023-10-29 13:22:57,086] {dag.py:2379} INFO - Sync 1 DAGs
[2023-10-29 13:22:57,105] {logging_mixin.py:115} INFO - [2023-10-29 13:22:57,105] {dag.py:2927} INFO - Setting next_dagrun for example_branch_datetime_operator_2 to 2023-10-28T00:00:00+00:00, run_after=2023-10-29T00:00:00+00:00
[2023-10-29 13:22:57,118] {processor.py:161} INFO - Processing /home/gabriel/Documents/project_finance/venv/lib/python3.9/site-packages/airflow/example_dags/example_branch_datetime_operator.py took 0.060 seconds
