[2023-10-29 11:26:38,705] {processor.py:153} INFO - Started process (PID=13136) to work on /home/gabriel/Documents/project_finance/venv/lib/python3.9/site-packages/airflow/example_dags/example_xcomargs.py
[2023-10-29 11:26:38,706] {processor.py:641} INFO - Processing file /home/gabriel/Documents/project_finance/venv/lib/python3.9/site-packages/airflow/example_dags/example_xcomargs.py for tasks to queue
[2023-10-29 11:26:38,706] {logging_mixin.py:115} INFO - [2023-10-29 11:26:38,706] {dagbag.py:507} INFO - Filling up the DagBag from /home/gabriel/Documents/project_finance/venv/lib/python3.9/site-packages/airflow/example_dags/example_xcomargs.py
[2023-10-29 11:26:38,724] {processor.py:651} INFO - DAG(s) dict_keys(['example_xcom_args', 'example_xcom_args_with_operators']) retrieved from /home/gabriel/Documents/project_finance/venv/lib/python3.9/site-packages/airflow/example_dags/example_xcomargs.py
[2023-10-29 11:26:38,765] {logging_mixin.py:115} INFO - [2023-10-29 11:26:38,765] {dag.py:2379} INFO - Sync 2 DAGs
[2023-10-29 11:26:38,780] {logging_mixin.py:115} INFO - [2023-10-29 11:26:38,779] {dag.py:2927} INFO - Setting next_dagrun for example_xcom_args to None, run_after=None
[2023-10-29 11:26:38,780] {logging_mixin.py:115} INFO - [2023-10-29 11:26:38,780] {dag.py:2927} INFO - Setting next_dagrun for example_xcom_args_with_operators to None, run_after=None
[2023-10-29 11:26:38,793] {processor.py:161} INFO - Processing /home/gabriel/Documents/project_finance/venv/lib/python3.9/site-packages/airflow/example_dags/example_xcomargs.py took 0.090 seconds
[2023-10-29 13:17:48,957] {processor.py:153} INFO - Started process (PID=3480) to work on /home/gabriel/Documents/project_finance/venv/lib/python3.9/site-packages/airflow/example_dags/example_xcomargs.py
[2023-10-29 13:17:48,958] {processor.py:641} INFO - Processing file /home/gabriel/Documents/project_finance/venv/lib/python3.9/site-packages/airflow/example_dags/example_xcomargs.py for tasks to queue
[2023-10-29 13:17:48,959] {logging_mixin.py:115} INFO - [2023-10-29 13:17:48,959] {dagbag.py:507} INFO - Filling up the DagBag from /home/gabriel/Documents/project_finance/venv/lib/python3.9/site-packages/airflow/example_dags/example_xcomargs.py
[2023-10-29 13:17:48,977] {processor.py:651} INFO - DAG(s) dict_keys(['example_xcom_args', 'example_xcom_args_with_operators']) retrieved from /home/gabriel/Documents/project_finance/venv/lib/python3.9/site-packages/airflow/example_dags/example_xcomargs.py
[2023-10-29 13:17:49,011] {logging_mixin.py:115} INFO - [2023-10-29 13:17:49,011] {manager.py:508} INFO - Created Permission View: can edit on DAG:example_xcom_args
[2023-10-29 13:17:49,018] {logging_mixin.py:115} INFO - [2023-10-29 13:17:49,017] {manager.py:508} INFO - Created Permission View: can read on DAG:example_xcom_args
[2023-10-29 13:17:49,023] {logging_mixin.py:115} INFO - [2023-10-29 13:17:49,022] {manager.py:508} INFO - Created Permission View: can delete on DAG:example_xcom_args
[2023-10-29 13:17:49,034] {logging_mixin.py:115} INFO - [2023-10-29 13:17:49,034] {manager.py:508} INFO - Created Permission View: can edit on DAG:example_xcom_args_with_operators
[2023-10-29 13:17:49,039] {logging_mixin.py:115} INFO - [2023-10-29 13:17:49,039] {manager.py:508} INFO - Created Permission View: can read on DAG:example_xcom_args_with_operators
[2023-10-29 13:17:49,044] {logging_mixin.py:115} INFO - [2023-10-29 13:17:49,044] {manager.py:508} INFO - Created Permission View: can delete on DAG:example_xcom_args_with_operators
[2023-10-29 13:17:49,044] {logging_mixin.py:115} INFO - [2023-10-29 13:17:49,044] {dag.py:2379} INFO - Sync 2 DAGs
[2023-10-29 13:17:49,053] {logging_mixin.py:115} INFO - [2023-10-29 13:17:49,053] {dag.py:2398} INFO - Creating ORM DAG for example_xcom_args_with_operators
[2023-10-29 13:17:49,054] {logging_mixin.py:115} INFO - [2023-10-29 13:17:49,054] {dag.py:2398} INFO - Creating ORM DAG for example_xcom_args
[2023-10-29 13:17:49,061] {logging_mixin.py:115} INFO - [2023-10-29 13:17:49,061] {dag.py:2927} INFO - Setting next_dagrun for example_xcom_args to None, run_after=None
[2023-10-29 13:17:49,061] {logging_mixin.py:115} INFO - [2023-10-29 13:17:49,061] {dag.py:2927} INFO - Setting next_dagrun for example_xcom_args_with_operators to None, run_after=None
[2023-10-29 13:17:49,071] {processor.py:161} INFO - Processing /home/gabriel/Documents/project_finance/venv/lib/python3.9/site-packages/airflow/example_dags/example_xcomargs.py took 0.117 seconds
[2023-10-29 13:18:39,287] {processor.py:153} INFO - Started process (PID=3567) to work on /home/gabriel/Documents/project_finance/venv/lib/python3.9/site-packages/airflow/example_dags/example_xcomargs.py
[2023-10-29 13:18:39,287] {processor.py:641} INFO - Processing file /home/gabriel/Documents/project_finance/venv/lib/python3.9/site-packages/airflow/example_dags/example_xcomargs.py for tasks to queue
[2023-10-29 13:18:39,288] {logging_mixin.py:115} INFO - [2023-10-29 13:18:39,288] {dagbag.py:507} INFO - Filling up the DagBag from /home/gabriel/Documents/project_finance/venv/lib/python3.9/site-packages/airflow/example_dags/example_xcomargs.py
[2023-10-29 13:18:39,308] {processor.py:651} INFO - DAG(s) dict_keys(['example_xcom_args', 'example_xcom_args_with_operators']) retrieved from /home/gabriel/Documents/project_finance/venv/lib/python3.9/site-packages/airflow/example_dags/example_xcomargs.py
[2023-10-29 13:18:39,361] {logging_mixin.py:115} INFO - [2023-10-29 13:18:39,360] {dag.py:2379} INFO - Sync 2 DAGs
[2023-10-29 13:18:39,375] {logging_mixin.py:115} INFO - [2023-10-29 13:18:39,375] {dag.py:2927} INFO - Setting next_dagrun for example_xcom_args to None, run_after=None
[2023-10-29 13:18:39,376] {logging_mixin.py:115} INFO - [2023-10-29 13:18:39,376] {dag.py:2927} INFO - Setting next_dagrun for example_xcom_args_with_operators to None, run_after=None
[2023-10-29 13:18:39,394] {processor.py:161} INFO - Processing /home/gabriel/Documents/project_finance/venv/lib/python3.9/site-packages/airflow/example_dags/example_xcomargs.py took 0.110 seconds
[2023-10-29 13:19:13,090] {processor.py:153} INFO - Started process (PID=3612) to work on /home/gabriel/Documents/project_finance/venv/lib/python3.9/site-packages/airflow/example_dags/example_xcomargs.py
[2023-10-29 13:19:13,091] {processor.py:641} INFO - Processing file /home/gabriel/Documents/project_finance/venv/lib/python3.9/site-packages/airflow/example_dags/example_xcomargs.py for tasks to queue
[2023-10-29 13:19:13,092] {logging_mixin.py:115} INFO - [2023-10-29 13:19:13,092] {dagbag.py:507} INFO - Filling up the DagBag from /home/gabriel/Documents/project_finance/venv/lib/python3.9/site-packages/airflow/example_dags/example_xcomargs.py
[2023-10-29 13:19:13,108] {processor.py:651} INFO - DAG(s) dict_keys(['example_xcom_args', 'example_xcom_args_with_operators']) retrieved from /home/gabriel/Documents/project_finance/venv/lib/python3.9/site-packages/airflow/example_dags/example_xcomargs.py
[2023-10-29 13:19:13,149] {logging_mixin.py:115} INFO - [2023-10-29 13:19:13,149] {dag.py:2379} INFO - Sync 2 DAGs
[2023-10-29 13:19:13,161] {logging_mixin.py:115} INFO - [2023-10-29 13:19:13,161] {dag.py:2927} INFO - Setting next_dagrun for example_xcom_args to None, run_after=None
[2023-10-29 13:19:13,162] {logging_mixin.py:115} INFO - [2023-10-29 13:19:13,162] {dag.py:2927} INFO - Setting next_dagrun for example_xcom_args_with_operators to None, run_after=None
[2023-10-29 13:19:13,171] {processor.py:161} INFO - Processing /home/gabriel/Documents/project_finance/venv/lib/python3.9/site-packages/airflow/example_dags/example_xcomargs.py took 0.084 seconds
[2023-10-29 13:19:53,807] {processor.py:153} INFO - Started process (PID=3675) to work on /home/gabriel/Documents/project_finance/venv/lib/python3.9/site-packages/airflow/example_dags/example_xcomargs.py
[2023-10-29 13:19:53,807] {processor.py:641} INFO - Processing file /home/gabriel/Documents/project_finance/venv/lib/python3.9/site-packages/airflow/example_dags/example_xcomargs.py for tasks to queue
[2023-10-29 13:19:53,808] {logging_mixin.py:115} INFO - [2023-10-29 13:19:53,808] {dagbag.py:507} INFO - Filling up the DagBag from /home/gabriel/Documents/project_finance/venv/lib/python3.9/site-packages/airflow/example_dags/example_xcomargs.py
[2023-10-29 13:19:53,824] {processor.py:651} INFO - DAG(s) dict_keys(['example_xcom_args', 'example_xcom_args_with_operators']) retrieved from /home/gabriel/Documents/project_finance/venv/lib/python3.9/site-packages/airflow/example_dags/example_xcomargs.py
[2023-10-29 13:19:53,866] {logging_mixin.py:115} INFO - [2023-10-29 13:19:53,866] {dag.py:2379} INFO - Sync 2 DAGs
[2023-10-29 13:19:53,880] {logging_mixin.py:115} INFO - [2023-10-29 13:19:53,880] {dag.py:2927} INFO - Setting next_dagrun for example_xcom_args to None, run_after=None
[2023-10-29 13:19:53,880] {logging_mixin.py:115} INFO - [2023-10-29 13:19:53,880] {dag.py:2927} INFO - Setting next_dagrun for example_xcom_args_with_operators to None, run_after=None
[2023-10-29 13:19:53,889] {processor.py:161} INFO - Processing /home/gabriel/Documents/project_finance/venv/lib/python3.9/site-packages/airflow/example_dags/example_xcomargs.py took 0.086 seconds
[2023-10-29 13:20:26,441] {processor.py:153} INFO - Started process (PID=3712) to work on /home/gabriel/Documents/project_finance/venv/lib/python3.9/site-packages/airflow/example_dags/example_xcomargs.py
[2023-10-29 13:20:26,442] {processor.py:641} INFO - Processing file /home/gabriel/Documents/project_finance/venv/lib/python3.9/site-packages/airflow/example_dags/example_xcomargs.py for tasks to queue
[2023-10-29 13:20:26,442] {logging_mixin.py:115} INFO - [2023-10-29 13:20:26,442] {dagbag.py:507} INFO - Filling up the DagBag from /home/gabriel/Documents/project_finance/venv/lib/python3.9/site-packages/airflow/example_dags/example_xcomargs.py
[2023-10-29 13:20:26,458] {processor.py:651} INFO - DAG(s) dict_keys(['example_xcom_args', 'example_xcom_args_with_operators']) retrieved from /home/gabriel/Documents/project_finance/venv/lib/python3.9/site-packages/airflow/example_dags/example_xcomargs.py
[2023-10-29 13:20:26,499] {logging_mixin.py:115} INFO - [2023-10-29 13:20:26,499] {dag.py:2379} INFO - Sync 2 DAGs
[2023-10-29 13:20:26,512] {logging_mixin.py:115} INFO - [2023-10-29 13:20:26,511] {dag.py:2927} INFO - Setting next_dagrun for example_xcom_args to None, run_after=None
[2023-10-29 13:20:26,512] {logging_mixin.py:115} INFO - [2023-10-29 13:20:26,512] {dag.py:2927} INFO - Setting next_dagrun for example_xcom_args_with_operators to None, run_after=None
[2023-10-29 13:20:26,522] {processor.py:161} INFO - Processing /home/gabriel/Documents/project_finance/venv/lib/python3.9/site-packages/airflow/example_dags/example_xcomargs.py took 0.083 seconds
[2023-10-29 13:21:01,197] {processor.py:153} INFO - Started process (PID=4232) to work on /home/gabriel/Documents/project_finance/venv/lib/python3.9/site-packages/airflow/example_dags/example_xcomargs.py
[2023-10-29 13:21:01,198] {processor.py:641} INFO - Processing file /home/gabriel/Documents/project_finance/venv/lib/python3.9/site-packages/airflow/example_dags/example_xcomargs.py for tasks to queue
[2023-10-29 13:21:01,199] {logging_mixin.py:115} INFO - [2023-10-29 13:21:01,199] {dagbag.py:507} INFO - Filling up the DagBag from /home/gabriel/Documents/project_finance/venv/lib/python3.9/site-packages/airflow/example_dags/example_xcomargs.py
[2023-10-29 13:21:01,215] {processor.py:651} INFO - DAG(s) dict_keys(['example_xcom_args', 'example_xcom_args_with_operators']) retrieved from /home/gabriel/Documents/project_finance/venv/lib/python3.9/site-packages/airflow/example_dags/example_xcomargs.py
[2023-10-29 13:21:01,253] {logging_mixin.py:115} INFO - [2023-10-29 13:21:01,253] {dag.py:2379} INFO - Sync 2 DAGs
[2023-10-29 13:21:01,265] {logging_mixin.py:115} INFO - [2023-10-29 13:21:01,265] {dag.py:2927} INFO - Setting next_dagrun for example_xcom_args to None, run_after=None
[2023-10-29 13:21:01,265] {logging_mixin.py:115} INFO - [2023-10-29 13:21:01,265] {dag.py:2927} INFO - Setting next_dagrun for example_xcom_args_with_operators to None, run_after=None
[2023-10-29 13:21:01,276] {processor.py:161} INFO - Processing /home/gabriel/Documents/project_finance/venv/lib/python3.9/site-packages/airflow/example_dags/example_xcomargs.py took 0.081 seconds
[2023-10-29 13:21:34,283] {processor.py:153} INFO - Started process (PID=4409) to work on /home/gabriel/Documents/project_finance/venv/lib/python3.9/site-packages/airflow/example_dags/example_xcomargs.py
[2023-10-29 13:21:34,284] {processor.py:641} INFO - Processing file /home/gabriel/Documents/project_finance/venv/lib/python3.9/site-packages/airflow/example_dags/example_xcomargs.py for tasks to queue
[2023-10-29 13:21:34,284] {logging_mixin.py:115} INFO - [2023-10-29 13:21:34,284] {dagbag.py:507} INFO - Filling up the DagBag from /home/gabriel/Documents/project_finance/venv/lib/python3.9/site-packages/airflow/example_dags/example_xcomargs.py
[2023-10-29 13:21:34,301] {processor.py:651} INFO - DAG(s) dict_keys(['example_xcom_args', 'example_xcom_args_with_operators']) retrieved from /home/gabriel/Documents/project_finance/venv/lib/python3.9/site-packages/airflow/example_dags/example_xcomargs.py
[2023-10-29 13:21:34,317] {logging_mixin.py:115} INFO - [2023-10-29 13:21:34,317] {dag.py:2379} INFO - Sync 2 DAGs
[2023-10-29 13:21:34,334] {logging_mixin.py:115} INFO - [2023-10-29 13:21:34,333] {dag.py:2927} INFO - Setting next_dagrun for example_xcom_args to None, run_after=None
[2023-10-29 13:21:34,334] {logging_mixin.py:115} INFO - [2023-10-29 13:21:34,334] {dag.py:2927} INFO - Setting next_dagrun for example_xcom_args_with_operators to None, run_after=None
[2023-10-29 13:21:34,342] {processor.py:161} INFO - Processing /home/gabriel/Documents/project_finance/venv/lib/python3.9/site-packages/airflow/example_dags/example_xcomargs.py took 0.062 seconds
[2023-10-29 13:22:09,097] {processor.py:153} INFO - Started process (PID=4511) to work on /home/gabriel/Documents/project_finance/venv/lib/python3.9/site-packages/airflow/example_dags/example_xcomargs.py
[2023-10-29 13:22:09,098] {processor.py:641} INFO - Processing file /home/gabriel/Documents/project_finance/venv/lib/python3.9/site-packages/airflow/example_dags/example_xcomargs.py for tasks to queue
[2023-10-29 13:22:09,098] {logging_mixin.py:115} INFO - [2023-10-29 13:22:09,098] {dagbag.py:507} INFO - Filling up the DagBag from /home/gabriel/Documents/project_finance/venv/lib/python3.9/site-packages/airflow/example_dags/example_xcomargs.py
[2023-10-29 13:22:09,114] {processor.py:651} INFO - DAG(s) dict_keys(['example_xcom_args', 'example_xcom_args_with_operators']) retrieved from /home/gabriel/Documents/project_finance/venv/lib/python3.9/site-packages/airflow/example_dags/example_xcomargs.py
[2023-10-29 13:22:09,152] {logging_mixin.py:115} INFO - [2023-10-29 13:22:09,152] {dag.py:2379} INFO - Sync 2 DAGs
[2023-10-29 13:22:09,164] {logging_mixin.py:115} INFO - [2023-10-29 13:22:09,164] {dag.py:2927} INFO - Setting next_dagrun for example_xcom_args to None, run_after=None
[2023-10-29 13:22:09,165] {logging_mixin.py:115} INFO - [2023-10-29 13:22:09,164] {dag.py:2927} INFO - Setting next_dagrun for example_xcom_args_with_operators to None, run_after=None
[2023-10-29 13:22:09,174] {processor.py:161} INFO - Processing /home/gabriel/Documents/project_finance/venv/lib/python3.9/site-packages/airflow/example_dags/example_xcomargs.py took 0.079 seconds
[2023-10-29 13:22:11,986] {processor.py:153} INFO - Started process (PID=4522) to work on /home/gabriel/Documents/project_finance/venv/lib/python3.9/site-packages/airflow/example_dags/example_xcomargs.py
[2023-10-29 13:22:11,986] {processor.py:641} INFO - Processing file /home/gabriel/Documents/project_finance/venv/lib/python3.9/site-packages/airflow/example_dags/example_xcomargs.py for tasks to queue
[2023-10-29 13:22:11,987] {logging_mixin.py:115} INFO - [2023-10-29 13:22:11,987] {dagbag.py:507} INFO - Filling up the DagBag from /home/gabriel/Documents/project_finance/venv/lib/python3.9/site-packages/airflow/example_dags/example_xcomargs.py
[2023-10-29 13:22:12,010] {processor.py:651} INFO - DAG(s) dict_keys(['example_xcom_args', 'example_xcom_args_with_operators']) retrieved from /home/gabriel/Documents/project_finance/venv/lib/python3.9/site-packages/airflow/example_dags/example_xcomargs.py
[2023-10-29 13:22:12,025] {logging_mixin.py:115} INFO - [2023-10-29 13:22:12,025] {dag.py:2379} INFO - Sync 2 DAGs
[2023-10-29 13:22:12,046] {logging_mixin.py:115} INFO - [2023-10-29 13:22:12,046] {dag.py:2927} INFO - Setting next_dagrun for example_xcom_args to None, run_after=None
[2023-10-29 13:22:12,046] {logging_mixin.py:115} INFO - [2023-10-29 13:22:12,046] {dag.py:2927} INFO - Setting next_dagrun for example_xcom_args_with_operators to None, run_after=None
[2023-10-29 13:22:12,056] {processor.py:161} INFO - Processing /home/gabriel/Documents/project_finance/venv/lib/python3.9/site-packages/airflow/example_dags/example_xcomargs.py took 0.073 seconds
[2023-10-29 13:22:40,940] {processor.py:153} INFO - Started process (PID=4575) to work on /home/gabriel/Documents/project_finance/venv/lib/python3.9/site-packages/airflow/example_dags/example_xcomargs.py
[2023-10-29 13:22:40,940] {processor.py:641} INFO - Processing file /home/gabriel/Documents/project_finance/venv/lib/python3.9/site-packages/airflow/example_dags/example_xcomargs.py for tasks to queue
[2023-10-29 13:22:40,941] {logging_mixin.py:115} INFO - [2023-10-29 13:22:40,941] {dagbag.py:507} INFO - Filling up the DagBag from /home/gabriel/Documents/project_finance/venv/lib/python3.9/site-packages/airflow/example_dags/example_xcomargs.py
[2023-10-29 13:22:40,956] {processor.py:651} INFO - DAG(s) dict_keys(['example_xcom_args', 'example_xcom_args_with_operators']) retrieved from /home/gabriel/Documents/project_finance/venv/lib/python3.9/site-packages/airflow/example_dags/example_xcomargs.py
[2023-10-29 13:22:40,996] {logging_mixin.py:115} INFO - [2023-10-29 13:22:40,996] {dag.py:2379} INFO - Sync 2 DAGs
[2023-10-29 13:22:41,013] {logging_mixin.py:115} INFO - [2023-10-29 13:22:41,013] {dag.py:2927} INFO - Setting next_dagrun for example_xcom_args to None, run_after=None
[2023-10-29 13:22:41,013] {logging_mixin.py:115} INFO - [2023-10-29 13:22:41,013] {dag.py:2927} INFO - Setting next_dagrun for example_xcom_args_with_operators to None, run_after=None
[2023-10-29 13:22:41,024] {processor.py:161} INFO - Processing /home/gabriel/Documents/project_finance/venv/lib/python3.9/site-packages/airflow/example_dags/example_xcomargs.py took 0.087 seconds
[2023-10-29 13:23:14,719] {processor.py:153} INFO - Started process (PID=4733) to work on /home/gabriel/Documents/project_finance/venv/lib/python3.9/site-packages/airflow/example_dags/example_xcomargs.py
[2023-10-29 13:23:14,720] {processor.py:641} INFO - Processing file /home/gabriel/Documents/project_finance/venv/lib/python3.9/site-packages/airflow/example_dags/example_xcomargs.py for tasks to queue
[2023-10-29 13:23:14,720] {logging_mixin.py:115} INFO - [2023-10-29 13:23:14,720] {dagbag.py:507} INFO - Filling up the DagBag from /home/gabriel/Documents/project_finance/venv/lib/python3.9/site-packages/airflow/example_dags/example_xcomargs.py
[2023-10-29 13:23:14,736] {processor.py:651} INFO - DAG(s) dict_keys(['example_xcom_args', 'example_xcom_args_with_operators']) retrieved from /home/gabriel/Documents/project_finance/venv/lib/python3.9/site-packages/airflow/example_dags/example_xcomargs.py
[2023-10-29 13:23:14,776] {logging_mixin.py:115} INFO - [2023-10-29 13:23:14,776] {dag.py:2379} INFO - Sync 2 DAGs
[2023-10-29 13:23:14,790] {logging_mixin.py:115} INFO - [2023-10-29 13:23:14,790] {dag.py:2927} INFO - Setting next_dagrun for example_xcom_args to None, run_after=None
[2023-10-29 13:23:14,790] {logging_mixin.py:115} INFO - [2023-10-29 13:23:14,790] {dag.py:2927} INFO - Setting next_dagrun for example_xcom_args_with_operators to None, run_after=None
[2023-10-29 13:23:14,801] {processor.py:161} INFO - Processing /home/gabriel/Documents/project_finance/venv/lib/python3.9/site-packages/airflow/example_dags/example_xcomargs.py took 0.085 seconds
