[2023-10-29 11:26:49,120] {processor.py:153} INFO - Started process (PID=13175) to work on /home/gabriel/Documents/project_finance/venv/lib/python3.9/site-packages/airflow/example_dags/example_branch_day_of_week_operator.py
[2023-10-29 11:26:49,128] {processor.py:641} INFO - Processing file /home/gabriel/Documents/project_finance/venv/lib/python3.9/site-packages/airflow/example_dags/example_branch_day_of_week_operator.py for tasks to queue
[2023-10-29 11:26:49,130] {logging_mixin.py:115} INFO - [2023-10-29 11:26:49,129] {dagbag.py:507} INFO - Filling up the DagBag from /home/gabriel/Documents/project_finance/venv/lib/python3.9/site-packages/airflow/example_dags/example_branch_day_of_week_operator.py
[2023-10-29 11:26:49,151] {processor.py:651} INFO - DAG(s) dict_keys(['example_weekday_branch_operator']) retrieved from /home/gabriel/Documents/project_finance/venv/lib/python3.9/site-packages/airflow/example_dags/example_branch_day_of_week_operator.py
[2023-10-29 11:26:49,185] {logging_mixin.py:115} INFO - [2023-10-29 11:26:49,185] {dag.py:2379} INFO - Sync 1 DAGs
[2023-10-29 11:26:49,203] {logging_mixin.py:115} INFO - [2023-10-29 11:26:49,203] {dag.py:2927} INFO - Setting next_dagrun for example_weekday_branch_operator to 2023-10-28T00:00:00+00:00, run_after=2023-10-29T00:00:00+00:00
[2023-10-29 11:26:49,216] {processor.py:161} INFO - Processing /home/gabriel/Documents/project_finance/venv/lib/python3.9/site-packages/airflow/example_dags/example_branch_day_of_week_operator.py took 0.108 seconds
[2023-10-29 13:18:48,448] {processor.py:153} INFO - Started process (PID=3587) to work on /home/gabriel/Documents/project_finance/venv/lib/python3.9/site-packages/airflow/example_dags/example_branch_day_of_week_operator.py
[2023-10-29 13:18:48,449] {processor.py:641} INFO - Processing file /home/gabriel/Documents/project_finance/venv/lib/python3.9/site-packages/airflow/example_dags/example_branch_day_of_week_operator.py for tasks to queue
[2023-10-29 13:18:48,450] {logging_mixin.py:115} INFO - [2023-10-29 13:18:48,450] {dagbag.py:507} INFO - Filling up the DagBag from /home/gabriel/Documents/project_finance/venv/lib/python3.9/site-packages/airflow/example_dags/example_branch_day_of_week_operator.py
[2023-10-29 13:18:48,458] {processor.py:651} INFO - DAG(s) dict_keys(['example_weekday_branch_operator']) retrieved from /home/gabriel/Documents/project_finance/venv/lib/python3.9/site-packages/airflow/example_dags/example_branch_day_of_week_operator.py
[2023-10-29 13:18:48,508] {logging_mixin.py:115} INFO - [2023-10-29 13:18:48,508] {manager.py:508} INFO - Created Permission View: can edit on DAG:example_weekday_branch_operator
[2023-10-29 13:18:48,514] {logging_mixin.py:115} INFO - [2023-10-29 13:18:48,514] {manager.py:508} INFO - Created Permission View: can read on DAG:example_weekday_branch_operator
[2023-10-29 13:18:48,519] {logging_mixin.py:115} INFO - [2023-10-29 13:18:48,519] {manager.py:508} INFO - Created Permission View: can delete on DAG:example_weekday_branch_operator
[2023-10-29 13:18:48,519] {logging_mixin.py:115} INFO - [2023-10-29 13:18:48,519] {dag.py:2379} INFO - Sync 1 DAGs
[2023-10-29 13:18:48,525] {logging_mixin.py:115} INFO - [2023-10-29 13:18:48,525] {dag.py:2398} INFO - Creating ORM DAG for example_weekday_branch_operator
[2023-10-29 13:18:48,534] {logging_mixin.py:115} INFO - [2023-10-29 13:18:48,534] {dag.py:2927} INFO - Setting next_dagrun for example_weekday_branch_operator to 2023-10-28T00:00:00+00:00, run_after=2023-10-29T00:00:00+00:00
[2023-10-29 13:18:48,543] {processor.py:161} INFO - Processing /home/gabriel/Documents/project_finance/venv/lib/python3.9/site-packages/airflow/example_dags/example_branch_day_of_week_operator.py took 0.097 seconds
[2023-10-29 13:19:23,361] {processor.py:153} INFO - Started process (PID=3622) to work on /home/gabriel/Documents/project_finance/venv/lib/python3.9/site-packages/airflow/example_dags/example_branch_day_of_week_operator.py
[2023-10-29 13:19:23,362] {processor.py:641} INFO - Processing file /home/gabriel/Documents/project_finance/venv/lib/python3.9/site-packages/airflow/example_dags/example_branch_day_of_week_operator.py for tasks to queue
[2023-10-29 13:19:23,362] {logging_mixin.py:115} INFO - [2023-10-29 13:19:23,362] {dagbag.py:507} INFO - Filling up the DagBag from /home/gabriel/Documents/project_finance/venv/lib/python3.9/site-packages/airflow/example_dags/example_branch_day_of_week_operator.py
[2023-10-29 13:19:23,369] {processor.py:651} INFO - DAG(s) dict_keys(['example_weekday_branch_operator']) retrieved from /home/gabriel/Documents/project_finance/venv/lib/python3.9/site-packages/airflow/example_dags/example_branch_day_of_week_operator.py
[2023-10-29 13:19:23,383] {logging_mixin.py:115} INFO - [2023-10-29 13:19:23,382] {dag.py:2379} INFO - Sync 1 DAGs
[2023-10-29 13:19:23,398] {logging_mixin.py:115} INFO - [2023-10-29 13:19:23,398] {dag.py:2927} INFO - Setting next_dagrun for example_weekday_branch_operator to 2023-10-28T00:00:00+00:00, run_after=2023-10-29T00:00:00+00:00
[2023-10-29 13:19:23,409] {processor.py:161} INFO - Processing /home/gabriel/Documents/project_finance/venv/lib/python3.9/site-packages/airflow/example_dags/example_branch_day_of_week_operator.py took 0.051 seconds
[2023-10-29 13:20:01,821] {processor.py:153} INFO - Started process (PID=3686) to work on /home/gabriel/Documents/project_finance/venv/lib/python3.9/site-packages/airflow/example_dags/example_branch_day_of_week_operator.py
[2023-10-29 13:20:01,822] {processor.py:641} INFO - Processing file /home/gabriel/Documents/project_finance/venv/lib/python3.9/site-packages/airflow/example_dags/example_branch_day_of_week_operator.py for tasks to queue
[2023-10-29 13:20:01,823] {logging_mixin.py:115} INFO - [2023-10-29 13:20:01,822] {dagbag.py:507} INFO - Filling up the DagBag from /home/gabriel/Documents/project_finance/venv/lib/python3.9/site-packages/airflow/example_dags/example_branch_day_of_week_operator.py
[2023-10-29 13:20:01,830] {processor.py:651} INFO - DAG(s) dict_keys(['example_weekday_branch_operator']) retrieved from /home/gabriel/Documents/project_finance/venv/lib/python3.9/site-packages/airflow/example_dags/example_branch_day_of_week_operator.py
[2023-10-29 13:20:01,843] {logging_mixin.py:115} INFO - [2023-10-29 13:20:01,843] {dag.py:2379} INFO - Sync 1 DAGs
[2023-10-29 13:20:01,858] {logging_mixin.py:115} INFO - [2023-10-29 13:20:01,858] {dag.py:2927} INFO - Setting next_dagrun for example_weekday_branch_operator to 2023-10-28T00:00:00+00:00, run_after=2023-10-29T00:00:00+00:00
[2023-10-29 13:20:01,870] {processor.py:161} INFO - Processing /home/gabriel/Documents/project_finance/venv/lib/python3.9/site-packages/airflow/example_dags/example_branch_day_of_week_operator.py took 0.051 seconds
[2023-10-29 13:20:36,712] {processor.py:153} INFO - Started process (PID=3723) to work on /home/gabriel/Documents/project_finance/venv/lib/python3.9/site-packages/airflow/example_dags/example_branch_day_of_week_operator.py
[2023-10-29 13:20:36,713] {processor.py:641} INFO - Processing file /home/gabriel/Documents/project_finance/venv/lib/python3.9/site-packages/airflow/example_dags/example_branch_day_of_week_operator.py for tasks to queue
[2023-10-29 13:20:36,713] {logging_mixin.py:115} INFO - [2023-10-29 13:20:36,713] {dagbag.py:507} INFO - Filling up the DagBag from /home/gabriel/Documents/project_finance/venv/lib/python3.9/site-packages/airflow/example_dags/example_branch_day_of_week_operator.py
[2023-10-29 13:20:36,720] {processor.py:651} INFO - DAG(s) dict_keys(['example_weekday_branch_operator']) retrieved from /home/gabriel/Documents/project_finance/venv/lib/python3.9/site-packages/airflow/example_dags/example_branch_day_of_week_operator.py
[2023-10-29 13:20:36,734] {logging_mixin.py:115} INFO - [2023-10-29 13:20:36,734] {dag.py:2379} INFO - Sync 1 DAGs
[2023-10-29 13:20:36,750] {logging_mixin.py:115} INFO - [2023-10-29 13:20:36,750] {dag.py:2927} INFO - Setting next_dagrun for example_weekday_branch_operator to 2023-10-28T00:00:00+00:00, run_after=2023-10-29T00:00:00+00:00
[2023-10-29 13:20:36,761] {processor.py:161} INFO - Processing /home/gabriel/Documents/project_finance/venv/lib/python3.9/site-packages/airflow/example_dags/example_branch_day_of_week_operator.py took 0.052 seconds
[2023-10-29 13:21:11,202] {processor.py:153} INFO - Started process (PID=4289) to work on /home/gabriel/Documents/project_finance/venv/lib/python3.9/site-packages/airflow/example_dags/example_branch_day_of_week_operator.py
[2023-10-29 13:21:11,202] {processor.py:641} INFO - Processing file /home/gabriel/Documents/project_finance/venv/lib/python3.9/site-packages/airflow/example_dags/example_branch_day_of_week_operator.py for tasks to queue
[2023-10-29 13:21:11,203] {logging_mixin.py:115} INFO - [2023-10-29 13:21:11,203] {dagbag.py:507} INFO - Filling up the DagBag from /home/gabriel/Documents/project_finance/venv/lib/python3.9/site-packages/airflow/example_dags/example_branch_day_of_week_operator.py
[2023-10-29 13:21:11,210] {processor.py:651} INFO - DAG(s) dict_keys(['example_weekday_branch_operator']) retrieved from /home/gabriel/Documents/project_finance/venv/lib/python3.9/site-packages/airflow/example_dags/example_branch_day_of_week_operator.py
[2023-10-29 13:21:11,224] {logging_mixin.py:115} INFO - [2023-10-29 13:21:11,223] {dag.py:2379} INFO - Sync 1 DAGs
[2023-10-29 13:21:11,239] {logging_mixin.py:115} INFO - [2023-10-29 13:21:11,239] {dag.py:2927} INFO - Setting next_dagrun for example_weekday_branch_operator to 2023-10-28T00:00:00+00:00, run_after=2023-10-29T00:00:00+00:00
[2023-10-29 13:21:11,251] {processor.py:161} INFO - Processing /home/gabriel/Documents/project_finance/venv/lib/python3.9/site-packages/airflow/example_dags/example_branch_day_of_week_operator.py took 0.052 seconds
[2023-10-29 13:21:44,559] {processor.py:153} INFO - Started process (PID=4466) to work on /home/gabriel/Documents/project_finance/venv/lib/python3.9/site-packages/airflow/example_dags/example_branch_day_of_week_operator.py
[2023-10-29 13:21:44,560] {processor.py:641} INFO - Processing file /home/gabriel/Documents/project_finance/venv/lib/python3.9/site-packages/airflow/example_dags/example_branch_day_of_week_operator.py for tasks to queue
[2023-10-29 13:21:44,561] {logging_mixin.py:115} INFO - [2023-10-29 13:21:44,561] {dagbag.py:507} INFO - Filling up the DagBag from /home/gabriel/Documents/project_finance/venv/lib/python3.9/site-packages/airflow/example_dags/example_branch_day_of_week_operator.py
[2023-10-29 13:21:44,569] {processor.py:651} INFO - DAG(s) dict_keys(['example_weekday_branch_operator']) retrieved from /home/gabriel/Documents/project_finance/venv/lib/python3.9/site-packages/airflow/example_dags/example_branch_day_of_week_operator.py
[2023-10-29 13:21:44,583] {logging_mixin.py:115} INFO - [2023-10-29 13:21:44,583] {dag.py:2379} INFO - Sync 1 DAGs
[2023-10-29 13:21:44,599] {logging_mixin.py:115} INFO - [2023-10-29 13:21:44,599] {dag.py:2927} INFO - Setting next_dagrun for example_weekday_branch_operator to 2023-10-28T00:00:00+00:00, run_after=2023-10-29T00:00:00+00:00
[2023-10-29 13:21:44,617] {processor.py:161} INFO - Processing /home/gabriel/Documents/project_finance/venv/lib/python3.9/site-packages/airflow/example_dags/example_branch_day_of_week_operator.py took 0.061 seconds
[2023-10-29 13:22:18,237] {processor.py:153} INFO - Started process (PID=4537) to work on /home/gabriel/Documents/project_finance/venv/lib/python3.9/site-packages/airflow/example_dags/example_branch_day_of_week_operator.py
[2023-10-29 13:22:18,238] {processor.py:641} INFO - Processing file /home/gabriel/Documents/project_finance/venv/lib/python3.9/site-packages/airflow/example_dags/example_branch_day_of_week_operator.py for tasks to queue
[2023-10-29 13:22:18,238] {logging_mixin.py:115} INFO - [2023-10-29 13:22:18,238] {dagbag.py:507} INFO - Filling up the DagBag from /home/gabriel/Documents/project_finance/venv/lib/python3.9/site-packages/airflow/example_dags/example_branch_day_of_week_operator.py
[2023-10-29 13:22:18,245] {processor.py:651} INFO - DAG(s) dict_keys(['example_weekday_branch_operator']) retrieved from /home/gabriel/Documents/project_finance/venv/lib/python3.9/site-packages/airflow/example_dags/example_branch_day_of_week_operator.py
[2023-10-29 13:22:18,260] {logging_mixin.py:115} INFO - [2023-10-29 13:22:18,260] {dag.py:2379} INFO - Sync 1 DAGs
[2023-10-29 13:22:18,278] {logging_mixin.py:115} INFO - [2023-10-29 13:22:18,278] {dag.py:2927} INFO - Setting next_dagrun for example_weekday_branch_operator to 2023-10-28T00:00:00+00:00, run_after=2023-10-29T00:00:00+00:00
[2023-10-29 13:22:18,290] {processor.py:161} INFO - Processing /home/gabriel/Documents/project_finance/venv/lib/python3.9/site-packages/airflow/example_dags/example_branch_day_of_week_operator.py took 0.056 seconds
[2023-10-29 13:22:19,996] {processor.py:153} INFO - Started process (PID=4540) to work on /home/gabriel/Documents/project_finance/venv/lib/python3.9/site-packages/airflow/example_dags/example_branch_day_of_week_operator.py
[2023-10-29 13:22:19,997] {processor.py:641} INFO - Processing file /home/gabriel/Documents/project_finance/venv/lib/python3.9/site-packages/airflow/example_dags/example_branch_day_of_week_operator.py for tasks to queue
[2023-10-29 13:22:19,998] {logging_mixin.py:115} INFO - [2023-10-29 13:22:19,998] {dagbag.py:507} INFO - Filling up the DagBag from /home/gabriel/Documents/project_finance/venv/lib/python3.9/site-packages/airflow/example_dags/example_branch_day_of_week_operator.py
[2023-10-29 13:22:20,007] {processor.py:651} INFO - DAG(s) dict_keys(['example_weekday_branch_operator']) retrieved from /home/gabriel/Documents/project_finance/venv/lib/python3.9/site-packages/airflow/example_dags/example_branch_day_of_week_operator.py
[2023-10-29 13:22:20,022] {logging_mixin.py:115} INFO - [2023-10-29 13:22:20,022] {dag.py:2379} INFO - Sync 1 DAGs
[2023-10-29 13:22:20,037] {logging_mixin.py:115} INFO - [2023-10-29 13:22:20,037] {dag.py:2927} INFO - Setting next_dagrun for example_weekday_branch_operator to 2023-10-28T00:00:00+00:00, run_after=2023-10-29T00:00:00+00:00
[2023-10-29 13:22:20,048] {processor.py:161} INFO - Processing /home/gabriel/Documents/project_finance/venv/lib/python3.9/site-packages/airflow/example_dags/example_branch_day_of_week_operator.py took 0.057 seconds
[2023-10-29 13:22:51,071] {processor.py:153} INFO - Started process (PID=4603) to work on /home/gabriel/Documents/project_finance/venv/lib/python3.9/site-packages/airflow/example_dags/example_branch_day_of_week_operator.py
[2023-10-29 13:22:51,071] {processor.py:641} INFO - Processing file /home/gabriel/Documents/project_finance/venv/lib/python3.9/site-packages/airflow/example_dags/example_branch_day_of_week_operator.py for tasks to queue
[2023-10-29 13:22:51,072] {logging_mixin.py:115} INFO - [2023-10-29 13:22:51,072] {dagbag.py:507} INFO - Filling up the DagBag from /home/gabriel/Documents/project_finance/venv/lib/python3.9/site-packages/airflow/example_dags/example_branch_day_of_week_operator.py
[2023-10-29 13:22:51,079] {processor.py:651} INFO - DAG(s) dict_keys(['example_weekday_branch_operator']) retrieved from /home/gabriel/Documents/project_finance/venv/lib/python3.9/site-packages/airflow/example_dags/example_branch_day_of_week_operator.py
[2023-10-29 13:22:51,092] {logging_mixin.py:115} INFO - [2023-10-29 13:22:51,092] {dag.py:2379} INFO - Sync 1 DAGs
[2023-10-29 13:22:51,108] {logging_mixin.py:115} INFO - [2023-10-29 13:22:51,108] {dag.py:2927} INFO - Setting next_dagrun for example_weekday_branch_operator to 2023-10-28T00:00:00+00:00, run_after=2023-10-29T00:00:00+00:00
[2023-10-29 13:22:51,119] {processor.py:161} INFO - Processing /home/gabriel/Documents/project_finance/venv/lib/python3.9/site-packages/airflow/example_dags/example_branch_day_of_week_operator.py took 0.051 seconds
