[2023-10-29 13:17:45,467] {processor.py:153} INFO - Started process (PID=3465) to work on /home/gabriel/Documents/project_finance/venv/lib/python3.9/site-packages/airflow/example_dags/example_latest_only_with_trigger.py
[2023-10-29 13:17:45,468] {processor.py:641} INFO - Processing file /home/gabriel/Documents/project_finance/venv/lib/python3.9/site-packages/airflow/example_dags/example_latest_only_with_trigger.py for tasks to queue
[2023-10-29 13:17:45,468] {logging_mixin.py:115} INFO - [2023-10-29 13:17:45,468] {dagbag.py:507} INFO - Filling up the DagBag from /home/gabriel/Documents/project_finance/venv/lib/python3.9/site-packages/airflow/example_dags/example_latest_only_with_trigger.py
[2023-10-29 13:17:45,474] {processor.py:651} INFO - DAG(s) dict_keys(['latest_only_with_trigger']) retrieved from /home/gabriel/Documents/project_finance/venv/lib/python3.9/site-packages/airflow/example_dags/example_latest_only_with_trigger.py
[2023-10-29 13:17:45,506] {logging_mixin.py:115} INFO - [2023-10-29 13:17:45,506] {manager.py:508} INFO - Created Permission View: can edit on DAG:latest_only_with_trigger
[2023-10-29 13:17:45,513] {logging_mixin.py:115} INFO - [2023-10-29 13:17:45,513] {manager.py:508} INFO - Created Permission View: can read on DAG:latest_only_with_trigger
[2023-10-29 13:17:45,518] {logging_mixin.py:115} INFO - [2023-10-29 13:17:45,518] {manager.py:508} INFO - Created Permission View: can delete on DAG:latest_only_with_trigger
[2023-10-29 13:17:45,518] {logging_mixin.py:115} INFO - [2023-10-29 13:17:45,518] {dag.py:2379} INFO - Sync 1 DAGs
[2023-10-29 13:17:45,524] {logging_mixin.py:115} INFO - [2023-10-29 13:17:45,524] {dag.py:2398} INFO - Creating ORM DAG for latest_only_with_trigger
[2023-10-29 13:17:45,531] {logging_mixin.py:115} INFO - [2023-10-29 13:17:45,531] {dag.py:2927} INFO - Setting next_dagrun for latest_only_with_trigger to 2023-10-29T12:17:45.530930+00:00, run_after=2023-10-29T16:17:45.530930+00:00
[2023-10-29 13:17:45,543] {processor.py:161} INFO - Processing /home/gabriel/Documents/project_finance/venv/lib/python3.9/site-packages/airflow/example_dags/example_latest_only_with_trigger.py took 0.078 seconds
[2023-10-29 13:18:35,771] {processor.py:153} INFO - Started process (PID=3561) to work on /home/gabriel/Documents/project_finance/venv/lib/python3.9/site-packages/airflow/example_dags/example_latest_only_with_trigger.py
[2023-10-29 13:18:35,772] {processor.py:641} INFO - Processing file /home/gabriel/Documents/project_finance/venv/lib/python3.9/site-packages/airflow/example_dags/example_latest_only_with_trigger.py for tasks to queue
[2023-10-29 13:18:35,772] {logging_mixin.py:115} INFO - [2023-10-29 13:18:35,772] {dagbag.py:507} INFO - Filling up the DagBag from /home/gabriel/Documents/project_finance/venv/lib/python3.9/site-packages/airflow/example_dags/example_latest_only_with_trigger.py
[2023-10-29 13:18:35,778] {processor.py:651} INFO - DAG(s) dict_keys(['latest_only_with_trigger']) retrieved from /home/gabriel/Documents/project_finance/venv/lib/python3.9/site-packages/airflow/example_dags/example_latest_only_with_trigger.py
[2023-10-29 13:18:35,799] {logging_mixin.py:115} INFO - [2023-10-29 13:18:35,799] {dag.py:2379} INFO - Sync 1 DAGs
[2023-10-29 13:18:35,822] {logging_mixin.py:115} INFO - [2023-10-29 13:18:35,822] {dag.py:2927} INFO - Setting next_dagrun for latest_only_with_trigger to 2023-10-29T12:18:35.821779+00:00, run_after=2023-10-29T16:18:35.821779+00:00
[2023-10-29 13:18:35,846] {processor.py:161} INFO - Processing /home/gabriel/Documents/project_finance/venv/lib/python3.9/site-packages/airflow/example_dags/example_latest_only_with_trigger.py took 0.079 seconds
[2023-10-29 13:19:09,766] {processor.py:153} INFO - Started process (PID=3609) to work on /home/gabriel/Documents/project_finance/venv/lib/python3.9/site-packages/airflow/example_dags/example_latest_only_with_trigger.py
[2023-10-29 13:19:09,767] {processor.py:641} INFO - Processing file /home/gabriel/Documents/project_finance/venv/lib/python3.9/site-packages/airflow/example_dags/example_latest_only_with_trigger.py for tasks to queue
[2023-10-29 13:19:09,767] {logging_mixin.py:115} INFO - [2023-10-29 13:19:09,767] {dagbag.py:507} INFO - Filling up the DagBag from /home/gabriel/Documents/project_finance/venv/lib/python3.9/site-packages/airflow/example_dags/example_latest_only_with_trigger.py
[2023-10-29 13:19:09,774] {processor.py:651} INFO - DAG(s) dict_keys(['latest_only_with_trigger']) retrieved from /home/gabriel/Documents/project_finance/venv/lib/python3.9/site-packages/airflow/example_dags/example_latest_only_with_trigger.py
[2023-10-29 13:19:09,790] {logging_mixin.py:115} INFO - [2023-10-29 13:19:09,790] {dag.py:2379} INFO - Sync 1 DAGs
[2023-10-29 13:19:09,810] {logging_mixin.py:115} INFO - [2023-10-29 13:19:09,810] {dag.py:2927} INFO - Setting next_dagrun for latest_only_with_trigger to 2023-10-29T12:19:09.809876+00:00, run_after=2023-10-29T16:19:09.809876+00:00
[2023-10-29 13:19:09,826] {processor.py:161} INFO - Processing /home/gabriel/Documents/project_finance/venv/lib/python3.9/site-packages/airflow/example_dags/example_latest_only_with_trigger.py took 0.063 seconds
[2023-10-29 13:19:50,421] {processor.py:153} INFO - Started process (PID=3672) to work on /home/gabriel/Documents/project_finance/venv/lib/python3.9/site-packages/airflow/example_dags/example_latest_only_with_trigger.py
[2023-10-29 13:19:50,422] {processor.py:641} INFO - Processing file /home/gabriel/Documents/project_finance/venv/lib/python3.9/site-packages/airflow/example_dags/example_latest_only_with_trigger.py for tasks to queue
[2023-10-29 13:19:50,423] {logging_mixin.py:115} INFO - [2023-10-29 13:19:50,422] {dagbag.py:507} INFO - Filling up the DagBag from /home/gabriel/Documents/project_finance/venv/lib/python3.9/site-packages/airflow/example_dags/example_latest_only_with_trigger.py
[2023-10-29 13:19:50,428] {processor.py:651} INFO - DAG(s) dict_keys(['latest_only_with_trigger']) retrieved from /home/gabriel/Documents/project_finance/venv/lib/python3.9/site-packages/airflow/example_dags/example_latest_only_with_trigger.py
[2023-10-29 13:19:50,442] {logging_mixin.py:115} INFO - [2023-10-29 13:19:50,442] {dag.py:2379} INFO - Sync 1 DAGs
[2023-10-29 13:19:50,456] {logging_mixin.py:115} INFO - [2023-10-29 13:19:50,456] {dag.py:2927} INFO - Setting next_dagrun for latest_only_with_trigger to 2023-10-29T12:19:50.456403+00:00, run_after=2023-10-29T16:19:50.456403+00:00
[2023-10-29 13:19:50,467] {processor.py:161} INFO - Processing /home/gabriel/Documents/project_finance/venv/lib/python3.9/site-packages/airflow/example_dags/example_latest_only_with_trigger.py took 0.049 seconds
[2023-10-29 13:20:23,560] {processor.py:153} INFO - Started process (PID=3709) to work on /home/gabriel/Documents/project_finance/venv/lib/python3.9/site-packages/airflow/example_dags/example_latest_only_with_trigger.py
[2023-10-29 13:20:23,561] {processor.py:641} INFO - Processing file /home/gabriel/Documents/project_finance/venv/lib/python3.9/site-packages/airflow/example_dags/example_latest_only_with_trigger.py for tasks to queue
[2023-10-29 13:20:23,561] {logging_mixin.py:115} INFO - [2023-10-29 13:20:23,561] {dagbag.py:507} INFO - Filling up the DagBag from /home/gabriel/Documents/project_finance/venv/lib/python3.9/site-packages/airflow/example_dags/example_latest_only_with_trigger.py
[2023-10-29 13:20:23,567] {processor.py:651} INFO - DAG(s) dict_keys(['latest_only_with_trigger']) retrieved from /home/gabriel/Documents/project_finance/venv/lib/python3.9/site-packages/airflow/example_dags/example_latest_only_with_trigger.py
[2023-10-29 13:20:23,581] {logging_mixin.py:115} INFO - [2023-10-29 13:20:23,581] {dag.py:2379} INFO - Sync 1 DAGs
[2023-10-29 13:20:23,595] {logging_mixin.py:115} INFO - [2023-10-29 13:20:23,595] {dag.py:2927} INFO - Setting next_dagrun for latest_only_with_trigger to 2023-10-29T12:20:23.595262+00:00, run_after=2023-10-29T16:20:23.595262+00:00
[2023-10-29 13:20:23,606] {processor.py:161} INFO - Processing /home/gabriel/Documents/project_finance/venv/lib/python3.9/site-packages/airflow/example_dags/example_latest_only_with_trigger.py took 0.049 seconds
[2023-10-29 13:20:58,335] {processor.py:153} INFO - Started process (PID=4206) to work on /home/gabriel/Documents/project_finance/venv/lib/python3.9/site-packages/airflow/example_dags/example_latest_only_with_trigger.py
[2023-10-29 13:20:58,336] {processor.py:641} INFO - Processing file /home/gabriel/Documents/project_finance/venv/lib/python3.9/site-packages/airflow/example_dags/example_latest_only_with_trigger.py for tasks to queue
[2023-10-29 13:20:58,337] {logging_mixin.py:115} INFO - [2023-10-29 13:20:58,336] {dagbag.py:507} INFO - Filling up the DagBag from /home/gabriel/Documents/project_finance/venv/lib/python3.9/site-packages/airflow/example_dags/example_latest_only_with_trigger.py
[2023-10-29 13:20:58,342] {processor.py:651} INFO - DAG(s) dict_keys(['latest_only_with_trigger']) retrieved from /home/gabriel/Documents/project_finance/venv/lib/python3.9/site-packages/airflow/example_dags/example_latest_only_with_trigger.py
[2023-10-29 13:20:58,356] {logging_mixin.py:115} INFO - [2023-10-29 13:20:58,356] {dag.py:2379} INFO - Sync 1 DAGs
[2023-10-29 13:20:58,370] {logging_mixin.py:115} INFO - [2023-10-29 13:20:58,370] {dag.py:2927} INFO - Setting next_dagrun for latest_only_with_trigger to 2023-10-29T12:20:58.370643+00:00, run_after=2023-10-29T16:20:58.370643+00:00
[2023-10-29 13:20:58,382] {processor.py:161} INFO - Processing /home/gabriel/Documents/project_finance/venv/lib/python3.9/site-packages/airflow/example_dags/example_latest_only_with_trigger.py took 0.050 seconds
[2023-10-29 13:21:31,406] {processor.py:153} INFO - Started process (PID=4406) to work on /home/gabriel/Documents/project_finance/venv/lib/python3.9/site-packages/airflow/example_dags/example_latest_only_with_trigger.py
[2023-10-29 13:21:31,406] {processor.py:641} INFO - Processing file /home/gabriel/Documents/project_finance/venv/lib/python3.9/site-packages/airflow/example_dags/example_latest_only_with_trigger.py for tasks to queue
[2023-10-29 13:21:31,407] {logging_mixin.py:115} INFO - [2023-10-29 13:21:31,407] {dagbag.py:507} INFO - Filling up the DagBag from /home/gabriel/Documents/project_finance/venv/lib/python3.9/site-packages/airflow/example_dags/example_latest_only_with_trigger.py
[2023-10-29 13:21:31,412] {processor.py:651} INFO - DAG(s) dict_keys(['latest_only_with_trigger']) retrieved from /home/gabriel/Documents/project_finance/venv/lib/python3.9/site-packages/airflow/example_dags/example_latest_only_with_trigger.py
[2023-10-29 13:21:31,426] {logging_mixin.py:115} INFO - [2023-10-29 13:21:31,426] {dag.py:2379} INFO - Sync 1 DAGs
[2023-10-29 13:21:31,440] {logging_mixin.py:115} INFO - [2023-10-29 13:21:31,440] {dag.py:2927} INFO - Setting next_dagrun for latest_only_with_trigger to 2023-10-29T12:21:31.440642+00:00, run_after=2023-10-29T16:21:31.440642+00:00
[2023-10-29 13:21:31,452] {processor.py:161} INFO - Processing /home/gabriel/Documents/project_finance/venv/lib/python3.9/site-packages/airflow/example_dags/example_latest_only_with_trigger.py took 0.049 seconds
[2023-10-29 13:22:06,211] {processor.py:153} INFO - Started process (PID=4503) to work on /home/gabriel/Documents/project_finance/venv/lib/python3.9/site-packages/airflow/example_dags/example_latest_only_with_trigger.py
[2023-10-29 13:22:06,211] {processor.py:641} INFO - Processing file /home/gabriel/Documents/project_finance/venv/lib/python3.9/site-packages/airflow/example_dags/example_latest_only_with_trigger.py for tasks to queue
[2023-10-29 13:22:06,212] {logging_mixin.py:115} INFO - [2023-10-29 13:22:06,212] {dagbag.py:507} INFO - Filling up the DagBag from /home/gabriel/Documents/project_finance/venv/lib/python3.9/site-packages/airflow/example_dags/example_latest_only_with_trigger.py
[2023-10-29 13:22:06,217] {processor.py:651} INFO - DAG(s) dict_keys(['latest_only_with_trigger']) retrieved from /home/gabriel/Documents/project_finance/venv/lib/python3.9/site-packages/airflow/example_dags/example_latest_only_with_trigger.py
[2023-10-29 13:22:06,231] {logging_mixin.py:115} INFO - [2023-10-29 13:22:06,231] {dag.py:2379} INFO - Sync 1 DAGs
[2023-10-29 13:22:06,245] {logging_mixin.py:115} INFO - [2023-10-29 13:22:06,245] {dag.py:2927} INFO - Setting next_dagrun for latest_only_with_trigger to 2023-10-29T12:22:06.245419+00:00, run_after=2023-10-29T16:22:06.245419+00:00
[2023-10-29 13:22:06,257] {processor.py:161} INFO - Processing /home/gabriel/Documents/project_finance/venv/lib/python3.9/site-packages/airflow/example_dags/example_latest_only_with_trigger.py took 0.050 seconds
[2023-10-29 13:22:08,590] {processor.py:153} INFO - Started process (PID=4510) to work on /home/gabriel/Documents/project_finance/venv/lib/python3.9/site-packages/airflow/example_dags/example_latest_only_with_trigger.py
[2023-10-29 13:22:08,591] {processor.py:641} INFO - Processing file /home/gabriel/Documents/project_finance/venv/lib/python3.9/site-packages/airflow/example_dags/example_latest_only_with_trigger.py for tasks to queue
[2023-10-29 13:22:08,591] {logging_mixin.py:115} INFO - [2023-10-29 13:22:08,591] {dagbag.py:507} INFO - Filling up the DagBag from /home/gabriel/Documents/project_finance/venv/lib/python3.9/site-packages/airflow/example_dags/example_latest_only_with_trigger.py
[2023-10-29 13:22:08,597] {processor.py:651} INFO - DAG(s) dict_keys(['latest_only_with_trigger']) retrieved from /home/gabriel/Documents/project_finance/venv/lib/python3.9/site-packages/airflow/example_dags/example_latest_only_with_trigger.py
[2023-10-29 13:22:08,611] {logging_mixin.py:115} INFO - [2023-10-29 13:22:08,611] {dag.py:2379} INFO - Sync 1 DAGs
[2023-10-29 13:22:08,625] {logging_mixin.py:115} INFO - [2023-10-29 13:22:08,625] {dag.py:2927} INFO - Setting next_dagrun for latest_only_with_trigger to 2023-10-29T12:22:08.625464+00:00, run_after=2023-10-29T16:22:08.625464+00:00
[2023-10-29 13:22:08,636] {processor.py:161} INFO - Processing /home/gabriel/Documents/project_finance/venv/lib/python3.9/site-packages/airflow/example_dags/example_latest_only_with_trigger.py took 0.051 seconds
[2023-10-29 13:22:38,805] {processor.py:153} INFO - Started process (PID=4571) to work on /home/gabriel/Documents/project_finance/venv/lib/python3.9/site-packages/airflow/example_dags/example_latest_only_with_trigger.py
[2023-10-29 13:22:38,806] {processor.py:641} INFO - Processing file /home/gabriel/Documents/project_finance/venv/lib/python3.9/site-packages/airflow/example_dags/example_latest_only_with_trigger.py for tasks to queue
[2023-10-29 13:22:38,806] {logging_mixin.py:115} INFO - [2023-10-29 13:22:38,806] {dagbag.py:507} INFO - Filling up the DagBag from /home/gabriel/Documents/project_finance/venv/lib/python3.9/site-packages/airflow/example_dags/example_latest_only_with_trigger.py
[2023-10-29 13:22:38,811] {processor.py:651} INFO - DAG(s) dict_keys(['latest_only_with_trigger']) retrieved from /home/gabriel/Documents/project_finance/venv/lib/python3.9/site-packages/airflow/example_dags/example_latest_only_with_trigger.py
[2023-10-29 13:22:38,825] {logging_mixin.py:115} INFO - [2023-10-29 13:22:38,825] {dag.py:2379} INFO - Sync 1 DAGs
[2023-10-29 13:22:38,839] {logging_mixin.py:115} INFO - [2023-10-29 13:22:38,839] {dag.py:2927} INFO - Setting next_dagrun for latest_only_with_trigger to 2023-10-29T12:22:38.839473+00:00, run_after=2023-10-29T16:22:38.839473+00:00
[2023-10-29 13:22:38,851] {processor.py:161} INFO - Processing /home/gabriel/Documents/project_finance/venv/lib/python3.9/site-packages/airflow/example_dags/example_latest_only_with_trigger.py took 0.049 seconds
[2023-10-29 13:22:53,128] {processor.py:153} INFO - Started process (PID=4608) to work on /home/gabriel/Documents/project_finance/venv/lib/python3.9/site-packages/airflow/example_dags/example_latest_only_with_trigger.py
[2023-10-29 13:22:53,129] {processor.py:641} INFO - Processing file /home/gabriel/Documents/project_finance/venv/lib/python3.9/site-packages/airflow/example_dags/example_latest_only_with_trigger.py for tasks to queue
[2023-10-29 13:22:53,130] {logging_mixin.py:115} INFO - [2023-10-29 13:22:53,129] {dagbag.py:507} INFO - Filling up the DagBag from /home/gabriel/Documents/project_finance/venv/lib/python3.9/site-packages/airflow/example_dags/example_latest_only_with_trigger.py
[2023-10-29 13:22:53,137] {processor.py:651} INFO - DAG(s) dict_keys(['latest_only_with_trigger']) retrieved from /home/gabriel/Documents/project_finance/venv/lib/python3.9/site-packages/airflow/example_dags/example_latest_only_with_trigger.py
[2023-10-29 13:22:53,161] {logging_mixin.py:115} INFO - [2023-10-29 13:22:53,161] {dag.py:2379} INFO - Sync 1 DAGs
[2023-10-29 13:22:53,177] {logging_mixin.py:115} INFO - [2023-10-29 13:22:53,176] {dag.py:2927} INFO - Setting next_dagrun for latest_only_with_trigger to 2023-10-29T12:22:53.176741+00:00, run_after=2023-10-29T16:22:53.176741+00:00
[2023-10-29 13:22:53,191] {processor.py:161} INFO - Processing /home/gabriel/Documents/project_finance/venv/lib/python3.9/site-packages/airflow/example_dags/example_latest_only_with_trigger.py took 0.066 seconds
[2023-10-29 13:23:11,330] {processor.py:153} INFO - Started process (PID=4707) to work on /home/gabriel/Documents/project_finance/venv/lib/python3.9/site-packages/airflow/example_dags/example_latest_only_with_trigger.py
[2023-10-29 13:23:11,330] {processor.py:641} INFO - Processing file /home/gabriel/Documents/project_finance/venv/lib/python3.9/site-packages/airflow/example_dags/example_latest_only_with_trigger.py for tasks to queue
[2023-10-29 13:23:11,331] {logging_mixin.py:115} INFO - [2023-10-29 13:23:11,331] {dagbag.py:507} INFO - Filling up the DagBag from /home/gabriel/Documents/project_finance/venv/lib/python3.9/site-packages/airflow/example_dags/example_latest_only_with_trigger.py
[2023-10-29 13:23:11,336] {processor.py:651} INFO - DAG(s) dict_keys(['latest_only_with_trigger']) retrieved from /home/gabriel/Documents/project_finance/venv/lib/python3.9/site-packages/airflow/example_dags/example_latest_only_with_trigger.py
[2023-10-29 13:23:11,350] {logging_mixin.py:115} INFO - [2023-10-29 13:23:11,350] {dag.py:2379} INFO - Sync 1 DAGs
[2023-10-29 13:23:11,364] {logging_mixin.py:115} INFO - [2023-10-29 13:23:11,364] {dag.py:2927} INFO - Setting next_dagrun for latest_only_with_trigger to 2023-10-29T12:23:11.364670+00:00, run_after=2023-10-29T16:23:11.364670+00:00
[2023-10-29 13:23:11,377] {processor.py:161} INFO - Processing /home/gabriel/Documents/project_finance/venv/lib/python3.9/site-packages/airflow/example_dags/example_latest_only_with_trigger.py took 0.050 seconds
