[2023-10-29 11:26:46,769] {processor.py:153} INFO - Started process (PID=13165) to work on /home/gabriel/Documents/project_finance/venv/lib/python3.9/site-packages/airflow/example_dags/example_external_task_marker_dag.py
[2023-10-29 11:26:46,770] {processor.py:641} INFO - Processing file /home/gabriel/Documents/project_finance/venv/lib/python3.9/site-packages/airflow/example_dags/example_external_task_marker_dag.py for tasks to queue
[2023-10-29 11:26:46,770] {logging_mixin.py:115} INFO - [2023-10-29 11:26:46,770] {dagbag.py:507} INFO - Filling up the DagBag from /home/gabriel/Documents/project_finance/venv/lib/python3.9/site-packages/airflow/example_dags/example_external_task_marker_dag.py
[2023-10-29 11:26:46,775] {processor.py:651} INFO - DAG(s) dict_keys(['example_external_task_marker_parent', 'example_external_task_marker_child']) retrieved from /home/gabriel/Documents/project_finance/venv/lib/python3.9/site-packages/airflow/example_dags/example_external_task_marker_dag.py
[2023-10-29 11:26:46,803] {logging_mixin.py:115} INFO - [2023-10-29 11:26:46,803] {dag.py:2379} INFO - Sync 2 DAGs
[2023-10-29 11:26:46,822] {logging_mixin.py:115} INFO - [2023-10-29 11:26:46,822] {dag.py:2927} INFO - Setting next_dagrun for example_external_task_marker_child to None, run_after=None
[2023-10-29 11:26:46,822] {logging_mixin.py:115} INFO - [2023-10-29 11:26:46,822] {dag.py:2927} INFO - Setting next_dagrun for example_external_task_marker_parent to None, run_after=None
[2023-10-29 11:26:46,835] {processor.py:161} INFO - Processing /home/gabriel/Documents/project_finance/venv/lib/python3.9/site-packages/airflow/example_dags/example_external_task_marker_dag.py took 0.068 seconds
[2023-10-29 13:17:56,986] {processor.py:153} INFO - Started process (PID=3489) to work on /home/gabriel/Documents/project_finance/venv/lib/python3.9/site-packages/airflow/example_dags/example_external_task_marker_dag.py
[2023-10-29 13:17:56,987] {processor.py:641} INFO - Processing file /home/gabriel/Documents/project_finance/venv/lib/python3.9/site-packages/airflow/example_dags/example_external_task_marker_dag.py for tasks to queue
[2023-10-29 13:17:56,987] {logging_mixin.py:115} INFO - [2023-10-29 13:17:56,987] {dagbag.py:507} INFO - Filling up the DagBag from /home/gabriel/Documents/project_finance/venv/lib/python3.9/site-packages/airflow/example_dags/example_external_task_marker_dag.py
[2023-10-29 13:17:56,992] {processor.py:651} INFO - DAG(s) dict_keys(['example_external_task_marker_parent', 'example_external_task_marker_child']) retrieved from /home/gabriel/Documents/project_finance/venv/lib/python3.9/site-packages/airflow/example_dags/example_external_task_marker_dag.py
[2023-10-29 13:17:57,028] {logging_mixin.py:115} INFO - [2023-10-29 13:17:57,028] {manager.py:508} INFO - Created Permission View: can edit on DAG:example_external_task_marker_parent
[2023-10-29 13:17:57,039] {logging_mixin.py:115} INFO - [2023-10-29 13:17:57,038] {manager.py:508} INFO - Created Permission View: can read on DAG:example_external_task_marker_parent
[2023-10-29 13:17:57,046] {logging_mixin.py:115} INFO - [2023-10-29 13:17:57,045] {manager.py:508} INFO - Created Permission View: can delete on DAG:example_external_task_marker_parent
[2023-10-29 13:17:57,060] {logging_mixin.py:115} INFO - [2023-10-29 13:17:57,060] {manager.py:508} INFO - Created Permission View: can edit on DAG:example_external_task_marker_child
[2023-10-29 13:17:57,066] {logging_mixin.py:115} INFO - [2023-10-29 13:17:57,066] {manager.py:508} INFO - Created Permission View: can read on DAG:example_external_task_marker_child
[2023-10-29 13:17:57,071] {logging_mixin.py:115} INFO - [2023-10-29 13:17:57,071] {manager.py:508} INFO - Created Permission View: can delete on DAG:example_external_task_marker_child
[2023-10-29 13:17:57,072] {logging_mixin.py:115} INFO - [2023-10-29 13:17:57,071] {dag.py:2379} INFO - Sync 2 DAGs
[2023-10-29 13:17:57,079] {logging_mixin.py:115} INFO - [2023-10-29 13:17:57,079] {dag.py:2398} INFO - Creating ORM DAG for example_external_task_marker_child
[2023-10-29 13:17:57,080] {logging_mixin.py:115} INFO - [2023-10-29 13:17:57,080] {dag.py:2398} INFO - Creating ORM DAG for example_external_task_marker_parent
[2023-10-29 13:17:57,087] {logging_mixin.py:115} INFO - [2023-10-29 13:17:57,087] {dag.py:2927} INFO - Setting next_dagrun for example_external_task_marker_child to None, run_after=None
[2023-10-29 13:17:57,088] {logging_mixin.py:115} INFO - [2023-10-29 13:17:57,088] {dag.py:2927} INFO - Setting next_dagrun for example_external_task_marker_parent to None, run_after=None
[2023-10-29 13:17:57,103] {processor.py:161} INFO - Processing /home/gabriel/Documents/project_finance/venv/lib/python3.9/site-packages/airflow/example_dags/example_external_task_marker_dag.py took 0.120 seconds
[2023-10-29 13:18:46,052] {processor.py:153} INFO - Started process (PID=3584) to work on /home/gabriel/Documents/project_finance/venv/lib/python3.9/site-packages/airflow/example_dags/example_external_task_marker_dag.py
[2023-10-29 13:18:46,053] {processor.py:641} INFO - Processing file /home/gabriel/Documents/project_finance/venv/lib/python3.9/site-packages/airflow/example_dags/example_external_task_marker_dag.py for tasks to queue
[2023-10-29 13:18:46,054] {logging_mixin.py:115} INFO - [2023-10-29 13:18:46,054] {dagbag.py:507} INFO - Filling up the DagBag from /home/gabriel/Documents/project_finance/venv/lib/python3.9/site-packages/airflow/example_dags/example_external_task_marker_dag.py
[2023-10-29 13:18:46,058] {processor.py:651} INFO - DAG(s) dict_keys(['example_external_task_marker_parent', 'example_external_task_marker_child']) retrieved from /home/gabriel/Documents/project_finance/venv/lib/python3.9/site-packages/airflow/example_dags/example_external_task_marker_dag.py
[2023-10-29 13:18:46,082] {logging_mixin.py:115} INFO - [2023-10-29 13:18:46,082] {dag.py:2379} INFO - Sync 2 DAGs
[2023-10-29 13:18:46,099] {logging_mixin.py:115} INFO - [2023-10-29 13:18:46,099] {dag.py:2927} INFO - Setting next_dagrun for example_external_task_marker_child to None, run_after=None
[2023-10-29 13:18:46,099] {logging_mixin.py:115} INFO - [2023-10-29 13:18:46,099] {dag.py:2927} INFO - Setting next_dagrun for example_external_task_marker_parent to None, run_after=None
[2023-10-29 13:18:46,112] {processor.py:161} INFO - Processing /home/gabriel/Documents/project_finance/venv/lib/python3.9/site-packages/airflow/example_dags/example_external_task_marker_dag.py took 0.063 seconds
[2023-10-29 13:19:21,100] {processor.py:153} INFO - Started process (PID=3620) to work on /home/gabriel/Documents/project_finance/venv/lib/python3.9/site-packages/airflow/example_dags/example_external_task_marker_dag.py
[2023-10-29 13:19:21,101] {processor.py:641} INFO - Processing file /home/gabriel/Documents/project_finance/venv/lib/python3.9/site-packages/airflow/example_dags/example_external_task_marker_dag.py for tasks to queue
[2023-10-29 13:19:21,101] {logging_mixin.py:115} INFO - [2023-10-29 13:19:21,101] {dagbag.py:507} INFO - Filling up the DagBag from /home/gabriel/Documents/project_finance/venv/lib/python3.9/site-packages/airflow/example_dags/example_external_task_marker_dag.py
[2023-10-29 13:19:21,105] {processor.py:651} INFO - DAG(s) dict_keys(['example_external_task_marker_parent', 'example_external_task_marker_child']) retrieved from /home/gabriel/Documents/project_finance/venv/lib/python3.9/site-packages/airflow/example_dags/example_external_task_marker_dag.py
[2023-10-29 13:19:21,128] {logging_mixin.py:115} INFO - [2023-10-29 13:19:21,128] {dag.py:2379} INFO - Sync 2 DAGs
[2023-10-29 13:19:21,153] {logging_mixin.py:115} INFO - [2023-10-29 13:19:21,152] {dag.py:2927} INFO - Setting next_dagrun for example_external_task_marker_child to None, run_after=None
[2023-10-29 13:19:21,153] {logging_mixin.py:115} INFO - [2023-10-29 13:19:21,153] {dag.py:2927} INFO - Setting next_dagrun for example_external_task_marker_parent to None, run_after=None
[2023-10-29 13:19:21,168] {processor.py:161} INFO - Processing /home/gabriel/Documents/project_finance/venv/lib/python3.9/site-packages/airflow/example_dags/example_external_task_marker_dag.py took 0.071 seconds
[2023-10-29 13:19:59,558] {processor.py:153} INFO - Started process (PID=3684) to work on /home/gabriel/Documents/project_finance/venv/lib/python3.9/site-packages/airflow/example_dags/example_external_task_marker_dag.py
[2023-10-29 13:19:59,559] {processor.py:641} INFO - Processing file /home/gabriel/Documents/project_finance/venv/lib/python3.9/site-packages/airflow/example_dags/example_external_task_marker_dag.py for tasks to queue
[2023-10-29 13:19:59,559] {logging_mixin.py:115} INFO - [2023-10-29 13:19:59,559] {dagbag.py:507} INFO - Filling up the DagBag from /home/gabriel/Documents/project_finance/venv/lib/python3.9/site-packages/airflow/example_dags/example_external_task_marker_dag.py
[2023-10-29 13:19:59,564] {processor.py:651} INFO - DAG(s) dict_keys(['example_external_task_marker_parent', 'example_external_task_marker_child']) retrieved from /home/gabriel/Documents/project_finance/venv/lib/python3.9/site-packages/airflow/example_dags/example_external_task_marker_dag.py
[2023-10-29 13:19:59,586] {logging_mixin.py:115} INFO - [2023-10-29 13:19:59,586] {dag.py:2379} INFO - Sync 2 DAGs
[2023-10-29 13:19:59,600] {logging_mixin.py:115} INFO - [2023-10-29 13:19:59,600] {dag.py:2927} INFO - Setting next_dagrun for example_external_task_marker_child to None, run_after=None
[2023-10-29 13:19:59,601] {logging_mixin.py:115} INFO - [2023-10-29 13:19:59,600] {dag.py:2927} INFO - Setting next_dagrun for example_external_task_marker_parent to None, run_after=None
[2023-10-29 13:19:59,612] {processor.py:161} INFO - Processing /home/gabriel/Documents/project_finance/venv/lib/python3.9/site-packages/airflow/example_dags/example_external_task_marker_dag.py took 0.057 seconds
[2023-10-29 13:20:34,981] {processor.py:153} INFO - Started process (PID=3721) to work on /home/gabriel/Documents/project_finance/venv/lib/python3.9/site-packages/airflow/example_dags/example_external_task_marker_dag.py
[2023-10-29 13:20:34,981] {processor.py:641} INFO - Processing file /home/gabriel/Documents/project_finance/venv/lib/python3.9/site-packages/airflow/example_dags/example_external_task_marker_dag.py for tasks to queue
[2023-10-29 13:20:34,982] {logging_mixin.py:115} INFO - [2023-10-29 13:20:34,981] {dagbag.py:507} INFO - Filling up the DagBag from /home/gabriel/Documents/project_finance/venv/lib/python3.9/site-packages/airflow/example_dags/example_external_task_marker_dag.py
[2023-10-29 13:20:34,986] {processor.py:651} INFO - DAG(s) dict_keys(['example_external_task_marker_parent', 'example_external_task_marker_child']) retrieved from /home/gabriel/Documents/project_finance/venv/lib/python3.9/site-packages/airflow/example_dags/example_external_task_marker_dag.py
[2023-10-29 13:20:35,007] {logging_mixin.py:115} INFO - [2023-10-29 13:20:35,007] {dag.py:2379} INFO - Sync 2 DAGs
[2023-10-29 13:20:35,021] {logging_mixin.py:115} INFO - [2023-10-29 13:20:35,021] {dag.py:2927} INFO - Setting next_dagrun for example_external_task_marker_child to None, run_after=None
[2023-10-29 13:20:35,021] {logging_mixin.py:115} INFO - [2023-10-29 13:20:35,021] {dag.py:2927} INFO - Setting next_dagrun for example_external_task_marker_parent to None, run_after=None
[2023-10-29 13:20:35,032] {processor.py:161} INFO - Processing /home/gabriel/Documents/project_finance/venv/lib/python3.9/site-packages/airflow/example_dags/example_external_task_marker_dag.py took 0.055 seconds
[2023-10-29 13:21:09,729] {processor.py:153} INFO - Started process (PID=4264) to work on /home/gabriel/Documents/project_finance/venv/lib/python3.9/site-packages/airflow/example_dags/example_external_task_marker_dag.py
[2023-10-29 13:21:09,730] {processor.py:641} INFO - Processing file /home/gabriel/Documents/project_finance/venv/lib/python3.9/site-packages/airflow/example_dags/example_external_task_marker_dag.py for tasks to queue
[2023-10-29 13:21:09,731] {logging_mixin.py:115} INFO - [2023-10-29 13:21:09,731] {dagbag.py:507} INFO - Filling up the DagBag from /home/gabriel/Documents/project_finance/venv/lib/python3.9/site-packages/airflow/example_dags/example_external_task_marker_dag.py
[2023-10-29 13:21:09,735] {processor.py:651} INFO - DAG(s) dict_keys(['example_external_task_marker_parent', 'example_external_task_marker_child']) retrieved from /home/gabriel/Documents/project_finance/venv/lib/python3.9/site-packages/airflow/example_dags/example_external_task_marker_dag.py
[2023-10-29 13:21:09,759] {logging_mixin.py:115} INFO - [2023-10-29 13:21:09,759] {dag.py:2379} INFO - Sync 2 DAGs
[2023-10-29 13:21:09,774] {logging_mixin.py:115} INFO - [2023-10-29 13:21:09,774] {dag.py:2927} INFO - Setting next_dagrun for example_external_task_marker_child to None, run_after=None
[2023-10-29 13:21:09,774] {logging_mixin.py:115} INFO - [2023-10-29 13:21:09,774] {dag.py:2927} INFO - Setting next_dagrun for example_external_task_marker_parent to None, run_after=None
[2023-10-29 13:21:09,786] {processor.py:161} INFO - Processing /home/gabriel/Documents/project_finance/venv/lib/python3.9/site-packages/airflow/example_dags/example_external_task_marker_dag.py took 0.059 seconds
[2023-10-29 13:21:42,293] {processor.py:153} INFO - Started process (PID=4463) to work on /home/gabriel/Documents/project_finance/venv/lib/python3.9/site-packages/airflow/example_dags/example_external_task_marker_dag.py
[2023-10-29 13:21:42,294] {processor.py:641} INFO - Processing file /home/gabriel/Documents/project_finance/venv/lib/python3.9/site-packages/airflow/example_dags/example_external_task_marker_dag.py for tasks to queue
[2023-10-29 13:21:42,295] {logging_mixin.py:115} INFO - [2023-10-29 13:21:42,295] {dagbag.py:507} INFO - Filling up the DagBag from /home/gabriel/Documents/project_finance/venv/lib/python3.9/site-packages/airflow/example_dags/example_external_task_marker_dag.py
[2023-10-29 13:21:42,300] {processor.py:651} INFO - DAG(s) dict_keys(['example_external_task_marker_parent', 'example_external_task_marker_child']) retrieved from /home/gabriel/Documents/project_finance/venv/lib/python3.9/site-packages/airflow/example_dags/example_external_task_marker_dag.py
[2023-10-29 13:21:42,322] {logging_mixin.py:115} INFO - [2023-10-29 13:21:42,322] {dag.py:2379} INFO - Sync 2 DAGs
[2023-10-29 13:21:42,336] {logging_mixin.py:115} INFO - [2023-10-29 13:21:42,336] {dag.py:2927} INFO - Setting next_dagrun for example_external_task_marker_child to None, run_after=None
[2023-10-29 13:21:42,336] {logging_mixin.py:115} INFO - [2023-10-29 13:21:42,336] {dag.py:2927} INFO - Setting next_dagrun for example_external_task_marker_parent to None, run_after=None
[2023-10-29 13:21:42,348] {processor.py:161} INFO - Processing /home/gabriel/Documents/project_finance/venv/lib/python3.9/site-packages/airflow/example_dags/example_external_task_marker_dag.py took 0.057 seconds
[2023-10-29 13:22:16,498] {processor.py:153} INFO - Started process (PID=4532) to work on /home/gabriel/Documents/project_finance/venv/lib/python3.9/site-packages/airflow/example_dags/example_external_task_marker_dag.py
[2023-10-29 13:22:16,498] {processor.py:641} INFO - Processing file /home/gabriel/Documents/project_finance/venv/lib/python3.9/site-packages/airflow/example_dags/example_external_task_marker_dag.py for tasks to queue
[2023-10-29 13:22:16,499] {logging_mixin.py:115} INFO - [2023-10-29 13:22:16,499] {dagbag.py:507} INFO - Filling up the DagBag from /home/gabriel/Documents/project_finance/venv/lib/python3.9/site-packages/airflow/example_dags/example_external_task_marker_dag.py
[2023-10-29 13:22:16,503] {processor.py:651} INFO - DAG(s) dict_keys(['example_external_task_marker_parent', 'example_external_task_marker_child']) retrieved from /home/gabriel/Documents/project_finance/venv/lib/python3.9/site-packages/airflow/example_dags/example_external_task_marker_dag.py
[2023-10-29 13:22:16,523] {logging_mixin.py:115} INFO - [2023-10-29 13:22:16,523] {dag.py:2379} INFO - Sync 2 DAGs
[2023-10-29 13:22:16,537] {logging_mixin.py:115} INFO - [2023-10-29 13:22:16,537] {dag.py:2927} INFO - Setting next_dagrun for example_external_task_marker_child to None, run_after=None
[2023-10-29 13:22:16,538] {logging_mixin.py:115} INFO - [2023-10-29 13:22:16,538] {dag.py:2927} INFO - Setting next_dagrun for example_external_task_marker_parent to None, run_after=None
[2023-10-29 13:22:16,549] {processor.py:161} INFO - Processing /home/gabriel/Documents/project_finance/venv/lib/python3.9/site-packages/airflow/example_dags/example_external_task_marker_dag.py took 0.055 seconds
[2023-10-29 13:22:17,712] {processor.py:153} INFO - Started process (PID=4536) to work on /home/gabriel/Documents/project_finance/venv/lib/python3.9/site-packages/airflow/example_dags/example_external_task_marker_dag.py
[2023-10-29 13:22:17,712] {processor.py:641} INFO - Processing file /home/gabriel/Documents/project_finance/venv/lib/python3.9/site-packages/airflow/example_dags/example_external_task_marker_dag.py for tasks to queue
[2023-10-29 13:22:17,713] {logging_mixin.py:115} INFO - [2023-10-29 13:22:17,713] {dagbag.py:507} INFO - Filling up the DagBag from /home/gabriel/Documents/project_finance/venv/lib/python3.9/site-packages/airflow/example_dags/example_external_task_marker_dag.py
[2023-10-29 13:22:17,717] {processor.py:651} INFO - DAG(s) dict_keys(['example_external_task_marker_parent', 'example_external_task_marker_child']) retrieved from /home/gabriel/Documents/project_finance/venv/lib/python3.9/site-packages/airflow/example_dags/example_external_task_marker_dag.py
[2023-10-29 13:22:17,742] {logging_mixin.py:115} INFO - [2023-10-29 13:22:17,741] {dag.py:2379} INFO - Sync 2 DAGs
[2023-10-29 13:22:17,758] {logging_mixin.py:115} INFO - [2023-10-29 13:22:17,758] {dag.py:2927} INFO - Setting next_dagrun for example_external_task_marker_child to None, run_after=None
[2023-10-29 13:22:17,758] {logging_mixin.py:115} INFO - [2023-10-29 13:22:17,758] {dag.py:2927} INFO - Setting next_dagrun for example_external_task_marker_parent to None, run_after=None
[2023-10-29 13:22:17,770] {processor.py:161} INFO - Processing /home/gabriel/Documents/project_finance/venv/lib/python3.9/site-packages/airflow/example_dags/example_external_task_marker_dag.py took 0.062 seconds
[2023-10-29 13:22:49,096] {processor.py:153} INFO - Started process (PID=4599) to work on /home/gabriel/Documents/project_finance/venv/lib/python3.9/site-packages/airflow/example_dags/example_external_task_marker_dag.py
[2023-10-29 13:22:49,097] {processor.py:641} INFO - Processing file /home/gabriel/Documents/project_finance/venv/lib/python3.9/site-packages/airflow/example_dags/example_external_task_marker_dag.py for tasks to queue
[2023-10-29 13:22:49,097] {logging_mixin.py:115} INFO - [2023-10-29 13:22:49,097] {dagbag.py:507} INFO - Filling up the DagBag from /home/gabriel/Documents/project_finance/venv/lib/python3.9/site-packages/airflow/example_dags/example_external_task_marker_dag.py
[2023-10-29 13:22:49,101] {processor.py:651} INFO - DAG(s) dict_keys(['example_external_task_marker_parent', 'example_external_task_marker_child']) retrieved from /home/gabriel/Documents/project_finance/venv/lib/python3.9/site-packages/airflow/example_dags/example_external_task_marker_dag.py
[2023-10-29 13:22:49,123] {logging_mixin.py:115} INFO - [2023-10-29 13:22:49,123] {dag.py:2379} INFO - Sync 2 DAGs
[2023-10-29 13:22:49,137] {logging_mixin.py:115} INFO - [2023-10-29 13:22:49,137] {dag.py:2927} INFO - Setting next_dagrun for example_external_task_marker_child to None, run_after=None
[2023-10-29 13:22:49,137] {logging_mixin.py:115} INFO - [2023-10-29 13:22:49,137] {dag.py:2927} INFO - Setting next_dagrun for example_external_task_marker_parent to None, run_after=None
[2023-10-29 13:22:49,150] {processor.py:161} INFO - Processing /home/gabriel/Documents/project_finance/venv/lib/python3.9/site-packages/airflow/example_dags/example_external_task_marker_dag.py took 0.057 seconds
