[2023-10-29 11:26:51,479] {processor.py:153} INFO - Started process (PID=13195) to work on /home/gabriel/Documents/project_finance/venv/lib/python3.9/site-packages/airflow/example_dags/example_branch_operator.py
[2023-10-29 11:26:51,480] {processor.py:641} INFO - Processing file /home/gabriel/Documents/project_finance/venv/lib/python3.9/site-packages/airflow/example_dags/example_branch_operator.py for tasks to queue
[2023-10-29 11:26:51,480] {logging_mixin.py:115} INFO - [2023-10-29 11:26:51,480] {dagbag.py:507} INFO - Filling up the DagBag from /home/gabriel/Documents/project_finance/venv/lib/python3.9/site-packages/airflow/example_dags/example_branch_operator.py
[2023-10-29 11:26:51,502] {processor.py:651} INFO - DAG(s) dict_keys(['example_branch_operator']) retrieved from /home/gabriel/Documents/project_finance/venv/lib/python3.9/site-packages/airflow/example_dags/example_branch_operator.py
[2023-10-29 11:26:51,532] {logging_mixin.py:115} INFO - [2023-10-29 11:26:51,532] {dag.py:2379} INFO - Sync 1 DAGs
[2023-10-29 11:26:51,547] {logging_mixin.py:115} INFO - [2023-10-29 11:26:51,547] {dag.py:2927} INFO - Setting next_dagrun for example_branch_operator to 2023-10-28T00:00:00+00:00, run_after=2023-10-29T00:00:00+00:00
[2023-10-29 11:26:51,561] {processor.py:161} INFO - Processing /home/gabriel/Documents/project_finance/venv/lib/python3.9/site-packages/airflow/example_dags/example_branch_operator.py took 0.084 seconds
[2023-10-29 13:18:50,050] {processor.py:153} INFO - Started process (PID=3589) to work on /home/gabriel/Documents/project_finance/venv/lib/python3.9/site-packages/airflow/example_dags/example_branch_operator.py
[2023-10-29 13:18:50,051] {processor.py:641} INFO - Processing file /home/gabriel/Documents/project_finance/venv/lib/python3.9/site-packages/airflow/example_dags/example_branch_operator.py for tasks to queue
[2023-10-29 13:18:50,052] {logging_mixin.py:115} INFO - [2023-10-29 13:18:50,052] {dagbag.py:507} INFO - Filling up the DagBag from /home/gabriel/Documents/project_finance/venv/lib/python3.9/site-packages/airflow/example_dags/example_branch_operator.py
[2023-10-29 13:18:50,061] {processor.py:651} INFO - DAG(s) dict_keys(['example_branch_operator']) retrieved from /home/gabriel/Documents/project_finance/venv/lib/python3.9/site-packages/airflow/example_dags/example_branch_operator.py
[2023-10-29 13:18:50,113] {logging_mixin.py:115} INFO - [2023-10-29 13:18:50,113] {manager.py:508} INFO - Created Permission View: can edit on DAG:example_branch_operator
[2023-10-29 13:18:50,119] {logging_mixin.py:115} INFO - [2023-10-29 13:18:50,119] {manager.py:508} INFO - Created Permission View: can read on DAG:example_branch_operator
[2023-10-29 13:18:50,124] {logging_mixin.py:115} INFO - [2023-10-29 13:18:50,124] {manager.py:508} INFO - Created Permission View: can delete on DAG:example_branch_operator
[2023-10-29 13:18:50,124] {logging_mixin.py:115} INFO - [2023-10-29 13:18:50,124] {dag.py:2379} INFO - Sync 1 DAGs
[2023-10-29 13:18:50,130] {logging_mixin.py:115} INFO - [2023-10-29 13:18:50,130] {dag.py:2398} INFO - Creating ORM DAG for example_branch_operator
[2023-10-29 13:18:50,138] {logging_mixin.py:115} INFO - [2023-10-29 13:18:50,138] {dag.py:2927} INFO - Setting next_dagrun for example_branch_operator to 2023-10-28T00:00:00+00:00, run_after=2023-10-29T00:00:00+00:00
[2023-10-29 13:18:50,148] {processor.py:161} INFO - Processing /home/gabriel/Documents/project_finance/venv/lib/python3.9/site-packages/airflow/example_dags/example_branch_operator.py took 0.100 seconds
[2023-10-29 13:19:24,907] {processor.py:153} INFO - Started process (PID=3624) to work on /home/gabriel/Documents/project_finance/venv/lib/python3.9/site-packages/airflow/example_dags/example_branch_operator.py
[2023-10-29 13:19:24,908] {processor.py:641} INFO - Processing file /home/gabriel/Documents/project_finance/venv/lib/python3.9/site-packages/airflow/example_dags/example_branch_operator.py for tasks to queue
[2023-10-29 13:19:24,909] {logging_mixin.py:115} INFO - [2023-10-29 13:19:24,908] {dagbag.py:507} INFO - Filling up the DagBag from /home/gabriel/Documents/project_finance/venv/lib/python3.9/site-packages/airflow/example_dags/example_branch_operator.py
[2023-10-29 13:19:24,918] {processor.py:651} INFO - DAG(s) dict_keys(['example_branch_operator']) retrieved from /home/gabriel/Documents/project_finance/venv/lib/python3.9/site-packages/airflow/example_dags/example_branch_operator.py
[2023-10-29 13:19:24,933] {logging_mixin.py:115} INFO - [2023-10-29 13:19:24,933] {dag.py:2379} INFO - Sync 1 DAGs
[2023-10-29 13:19:24,951] {logging_mixin.py:115} INFO - [2023-10-29 13:19:24,951] {dag.py:2927} INFO - Setting next_dagrun for example_branch_operator to 2023-10-28T00:00:00+00:00, run_after=2023-10-29T00:00:00+00:00
[2023-10-29 13:19:24,964] {processor.py:161} INFO - Processing /home/gabriel/Documents/project_finance/venv/lib/python3.9/site-packages/airflow/example_dags/example_branch_operator.py took 0.060 seconds
[2023-10-29 13:20:04,083] {processor.py:153} INFO - Started process (PID=3688) to work on /home/gabriel/Documents/project_finance/venv/lib/python3.9/site-packages/airflow/example_dags/example_branch_operator.py
[2023-10-29 13:20:04,084] {processor.py:641} INFO - Processing file /home/gabriel/Documents/project_finance/venv/lib/python3.9/site-packages/airflow/example_dags/example_branch_operator.py for tasks to queue
[2023-10-29 13:20:04,084] {logging_mixin.py:115} INFO - [2023-10-29 13:20:04,084] {dagbag.py:507} INFO - Filling up the DagBag from /home/gabriel/Documents/project_finance/venv/lib/python3.9/site-packages/airflow/example_dags/example_branch_operator.py
[2023-10-29 13:20:04,094] {processor.py:651} INFO - DAG(s) dict_keys(['example_branch_operator']) retrieved from /home/gabriel/Documents/project_finance/venv/lib/python3.9/site-packages/airflow/example_dags/example_branch_operator.py
[2023-10-29 13:20:04,109] {logging_mixin.py:115} INFO - [2023-10-29 13:20:04,109] {dag.py:2379} INFO - Sync 1 DAGs
[2023-10-29 13:20:04,127] {logging_mixin.py:115} INFO - [2023-10-29 13:20:04,127] {dag.py:2927} INFO - Setting next_dagrun for example_branch_operator to 2023-10-28T00:00:00+00:00, run_after=2023-10-29T00:00:00+00:00
[2023-10-29 13:20:04,138] {processor.py:161} INFO - Processing /home/gabriel/Documents/project_finance/venv/lib/python3.9/site-packages/airflow/example_dags/example_branch_operator.py took 0.058 seconds
[2023-10-29 13:20:38,970] {processor.py:153} INFO - Started process (PID=3725) to work on /home/gabriel/Documents/project_finance/venv/lib/python3.9/site-packages/airflow/example_dags/example_branch_operator.py
[2023-10-29 13:20:38,971] {processor.py:641} INFO - Processing file /home/gabriel/Documents/project_finance/venv/lib/python3.9/site-packages/airflow/example_dags/example_branch_operator.py for tasks to queue
[2023-10-29 13:20:38,972] {logging_mixin.py:115} INFO - [2023-10-29 13:20:38,972] {dagbag.py:507} INFO - Filling up the DagBag from /home/gabriel/Documents/project_finance/venv/lib/python3.9/site-packages/airflow/example_dags/example_branch_operator.py
[2023-10-29 13:20:38,983] {processor.py:651} INFO - DAG(s) dict_keys(['example_branch_operator']) retrieved from /home/gabriel/Documents/project_finance/venv/lib/python3.9/site-packages/airflow/example_dags/example_branch_operator.py
[2023-10-29 13:20:39,001] {logging_mixin.py:115} INFO - [2023-10-29 13:20:39,001] {dag.py:2379} INFO - Sync 1 DAGs
[2023-10-29 13:20:39,022] {logging_mixin.py:115} INFO - [2023-10-29 13:20:39,022] {dag.py:2927} INFO - Setting next_dagrun for example_branch_operator to 2023-10-28T00:00:00+00:00, run_after=2023-10-29T00:00:00+00:00
[2023-10-29 13:20:39,036] {processor.py:161} INFO - Processing /home/gabriel/Documents/project_finance/venv/lib/python3.9/site-packages/airflow/example_dags/example_branch_operator.py took 0.069 seconds
[2023-10-29 13:21:12,610] {processor.py:153} INFO - Started process (PID=4291) to work on /home/gabriel/Documents/project_finance/venv/lib/python3.9/site-packages/airflow/example_dags/example_branch_operator.py
[2023-10-29 13:21:12,611] {processor.py:641} INFO - Processing file /home/gabriel/Documents/project_finance/venv/lib/python3.9/site-packages/airflow/example_dags/example_branch_operator.py for tasks to queue
[2023-10-29 13:21:12,611] {logging_mixin.py:115} INFO - [2023-10-29 13:21:12,611] {dagbag.py:507} INFO - Filling up the DagBag from /home/gabriel/Documents/project_finance/venv/lib/python3.9/site-packages/airflow/example_dags/example_branch_operator.py
[2023-10-29 13:21:12,620] {processor.py:651} INFO - DAG(s) dict_keys(['example_branch_operator']) retrieved from /home/gabriel/Documents/project_finance/venv/lib/python3.9/site-packages/airflow/example_dags/example_branch_operator.py
[2023-10-29 13:21:12,634] {logging_mixin.py:115} INFO - [2023-10-29 13:21:12,634] {dag.py:2379} INFO - Sync 1 DAGs
[2023-10-29 13:21:12,649] {logging_mixin.py:115} INFO - [2023-10-29 13:21:12,649] {dag.py:2927} INFO - Setting next_dagrun for example_branch_operator to 2023-10-28T00:00:00+00:00, run_after=2023-10-29T00:00:00+00:00
[2023-10-29 13:21:12,660] {processor.py:161} INFO - Processing /home/gabriel/Documents/project_finance/venv/lib/python3.9/site-packages/airflow/example_dags/example_branch_operator.py took 0.053 seconds
[2023-10-29 13:21:46,816] {processor.py:153} INFO - Started process (PID=4468) to work on /home/gabriel/Documents/project_finance/venv/lib/python3.9/site-packages/airflow/example_dags/example_branch_operator.py
[2023-10-29 13:21:46,817] {processor.py:641} INFO - Processing file /home/gabriel/Documents/project_finance/venv/lib/python3.9/site-packages/airflow/example_dags/example_branch_operator.py for tasks to queue
[2023-10-29 13:21:46,817] {logging_mixin.py:115} INFO - [2023-10-29 13:21:46,817] {dagbag.py:507} INFO - Filling up the DagBag from /home/gabriel/Documents/project_finance/venv/lib/python3.9/site-packages/airflow/example_dags/example_branch_operator.py
[2023-10-29 13:21:46,826] {processor.py:651} INFO - DAG(s) dict_keys(['example_branch_operator']) retrieved from /home/gabriel/Documents/project_finance/venv/lib/python3.9/site-packages/airflow/example_dags/example_branch_operator.py
[2023-10-29 13:21:46,840] {logging_mixin.py:115} INFO - [2023-10-29 13:21:46,840] {dag.py:2379} INFO - Sync 1 DAGs
[2023-10-29 13:21:46,855] {logging_mixin.py:115} INFO - [2023-10-29 13:21:46,855] {dag.py:2927} INFO - Setting next_dagrun for example_branch_operator to 2023-10-28T00:00:00+00:00, run_after=2023-10-29T00:00:00+00:00
[2023-10-29 13:21:46,866] {processor.py:161} INFO - Processing /home/gabriel/Documents/project_finance/venv/lib/python3.9/site-packages/airflow/example_dags/example_branch_operator.py took 0.052 seconds
[2023-10-29 13:22:20,522] {processor.py:153} INFO - Started process (PID=4541) to work on /home/gabriel/Documents/project_finance/venv/lib/python3.9/site-packages/airflow/example_dags/example_branch_operator.py
[2023-10-29 13:22:20,522] {processor.py:641} INFO - Processing file /home/gabriel/Documents/project_finance/venv/lib/python3.9/site-packages/airflow/example_dags/example_branch_operator.py for tasks to queue
[2023-10-29 13:22:20,523] {logging_mixin.py:115} INFO - [2023-10-29 13:22:20,523] {dagbag.py:507} INFO - Filling up the DagBag from /home/gabriel/Documents/project_finance/venv/lib/python3.9/site-packages/airflow/example_dags/example_branch_operator.py
[2023-10-29 13:22:20,532] {processor.py:651} INFO - DAG(s) dict_keys(['example_branch_operator']) retrieved from /home/gabriel/Documents/project_finance/venv/lib/python3.9/site-packages/airflow/example_dags/example_branch_operator.py
[2023-10-29 13:22:20,546] {logging_mixin.py:115} INFO - [2023-10-29 13:22:20,546] {dag.py:2379} INFO - Sync 1 DAGs
[2023-10-29 13:22:20,561] {logging_mixin.py:115} INFO - [2023-10-29 13:22:20,561] {dag.py:2927} INFO - Setting next_dagrun for example_branch_operator to 2023-10-28T00:00:00+00:00, run_after=2023-10-29T00:00:00+00:00
[2023-10-29 13:22:20,572] {processor.py:161} INFO - Processing /home/gabriel/Documents/project_finance/venv/lib/python3.9/site-packages/airflow/example_dags/example_branch_operator.py took 0.052 seconds
[2023-10-29 13:22:22,254] {processor.py:153} INFO - Started process (PID=4545) to work on /home/gabriel/Documents/project_finance/venv/lib/python3.9/site-packages/airflow/example_dags/example_branch_operator.py
[2023-10-29 13:22:22,255] {processor.py:641} INFO - Processing file /home/gabriel/Documents/project_finance/venv/lib/python3.9/site-packages/airflow/example_dags/example_branch_operator.py for tasks to queue
[2023-10-29 13:22:22,255] {logging_mixin.py:115} INFO - [2023-10-29 13:22:22,255] {dagbag.py:507} INFO - Filling up the DagBag from /home/gabriel/Documents/project_finance/venv/lib/python3.9/site-packages/airflow/example_dags/example_branch_operator.py
[2023-10-29 13:22:22,264] {processor.py:651} INFO - DAG(s) dict_keys(['example_branch_operator']) retrieved from /home/gabriel/Documents/project_finance/venv/lib/python3.9/site-packages/airflow/example_dags/example_branch_operator.py
[2023-10-29 13:22:22,278] {logging_mixin.py:115} INFO - [2023-10-29 13:22:22,278] {dag.py:2379} INFO - Sync 1 DAGs
[2023-10-29 13:22:22,292] {logging_mixin.py:115} INFO - [2023-10-29 13:22:22,292] {dag.py:2927} INFO - Setting next_dagrun for example_branch_operator to 2023-10-28T00:00:00+00:00, run_after=2023-10-29T00:00:00+00:00
[2023-10-29 13:22:22,304] {processor.py:161} INFO - Processing /home/gabriel/Documents/project_finance/venv/lib/python3.9/site-packages/airflow/example_dags/example_branch_operator.py took 0.052 seconds
[2023-10-29 13:22:54,231] {processor.py:153} INFO - Started process (PID=4610) to work on /home/gabriel/Documents/project_finance/venv/lib/python3.9/site-packages/airflow/example_dags/example_branch_operator.py
[2023-10-29 13:22:54,232] {processor.py:641} INFO - Processing file /home/gabriel/Documents/project_finance/venv/lib/python3.9/site-packages/airflow/example_dags/example_branch_operator.py for tasks to queue
[2023-10-29 13:22:54,233] {logging_mixin.py:115} INFO - [2023-10-29 13:22:54,233] {dagbag.py:507} INFO - Filling up the DagBag from /home/gabriel/Documents/project_finance/venv/lib/python3.9/site-packages/airflow/example_dags/example_branch_operator.py
[2023-10-29 13:22:54,243] {processor.py:651} INFO - DAG(s) dict_keys(['example_branch_operator']) retrieved from /home/gabriel/Documents/project_finance/venv/lib/python3.9/site-packages/airflow/example_dags/example_branch_operator.py
[2023-10-29 13:22:54,258] {logging_mixin.py:115} INFO - [2023-10-29 13:22:54,258] {dag.py:2379} INFO - Sync 1 DAGs
[2023-10-29 13:22:54,274] {logging_mixin.py:115} INFO - [2023-10-29 13:22:54,274] {dag.py:2927} INFO - Setting next_dagrun for example_branch_operator to 2023-10-28T00:00:00+00:00, run_after=2023-10-29T00:00:00+00:00
[2023-10-29 13:22:54,287] {processor.py:161} INFO - Processing /home/gabriel/Documents/project_finance/venv/lib/python3.9/site-packages/airflow/example_dags/example_branch_operator.py took 0.058 seconds
