[2023-10-29 13:17:40,315] {processor.py:153} INFO - Started process (PID=3432) to work on /home/gabriel/Documents/project_finance/venv/lib/python3.9/site-packages/airflow/example_dags/example_trigger_controller_dag.py
[2023-10-29 13:17:40,315] {processor.py:641} INFO - Processing file /home/gabriel/Documents/project_finance/venv/lib/python3.9/site-packages/airflow/example_dags/example_trigger_controller_dag.py for tasks to queue
[2023-10-29 13:17:40,316] {logging_mixin.py:115} INFO - [2023-10-29 13:17:40,316] {dagbag.py:507} INFO - Filling up the DagBag from /home/gabriel/Documents/project_finance/venv/lib/python3.9/site-packages/airflow/example_dags/example_trigger_controller_dag.py
[2023-10-29 13:17:40,319] {processor.py:651} INFO - DAG(s) dict_keys(['example_trigger_controller_dag']) retrieved from /home/gabriel/Documents/project_finance/venv/lib/python3.9/site-packages/airflow/example_dags/example_trigger_controller_dag.py
[2023-10-29 13:17:40,351] {logging_mixin.py:115} INFO - [2023-10-29 13:17:40,350] {manager.py:508} INFO - Created Permission View: can edit on DAG:example_trigger_controller_dag
[2023-10-29 13:17:40,357] {logging_mixin.py:115} INFO - [2023-10-29 13:17:40,357] {manager.py:508} INFO - Created Permission View: can read on DAG:example_trigger_controller_dag
[2023-10-29 13:17:40,363] {logging_mixin.py:115} INFO - [2023-10-29 13:17:40,362] {manager.py:508} INFO - Created Permission View: can delete on DAG:example_trigger_controller_dag
[2023-10-29 13:17:40,363] {logging_mixin.py:115} INFO - [2023-10-29 13:17:40,363] {dag.py:2379} INFO - Sync 1 DAGs
[2023-10-29 13:17:40,369] {logging_mixin.py:115} INFO - [2023-10-29 13:17:40,369] {dag.py:2398} INFO - Creating ORM DAG for example_trigger_controller_dag
[2023-10-29 13:17:40,376] {logging_mixin.py:115} INFO - [2023-10-29 13:17:40,376] {dag.py:2927} INFO - Setting next_dagrun for example_trigger_controller_dag to 2021-01-01T00:00:00+00:00, run_after=2021-01-01T00:00:00+00:00
[2023-10-29 13:17:40,388] {processor.py:161} INFO - Processing /home/gabriel/Documents/project_finance/venv/lib/python3.9/site-packages/airflow/example_dags/example_trigger_controller_dag.py took 0.077 seconds
[2023-10-29 13:18:30,626] {processor.py:153} INFO - Started process (PID=3530) to work on /home/gabriel/Documents/project_finance/venv/lib/python3.9/site-packages/airflow/example_dags/example_trigger_controller_dag.py
[2023-10-29 13:18:30,627] {processor.py:641} INFO - Processing file /home/gabriel/Documents/project_finance/venv/lib/python3.9/site-packages/airflow/example_dags/example_trigger_controller_dag.py for tasks to queue
[2023-10-29 13:18:30,627] {logging_mixin.py:115} INFO - [2023-10-29 13:18:30,627] {dagbag.py:507} INFO - Filling up the DagBag from /home/gabriel/Documents/project_finance/venv/lib/python3.9/site-packages/airflow/example_dags/example_trigger_controller_dag.py
[2023-10-29 13:18:30,630] {processor.py:651} INFO - DAG(s) dict_keys(['example_trigger_controller_dag']) retrieved from /home/gabriel/Documents/project_finance/venv/lib/python3.9/site-packages/airflow/example_dags/example_trigger_controller_dag.py
[2023-10-29 13:18:30,648] {logging_mixin.py:115} INFO - [2023-10-29 13:18:30,648] {dag.py:2379} INFO - Sync 1 DAGs
[2023-10-29 13:18:30,667] {logging_mixin.py:115} INFO - [2023-10-29 13:18:30,667] {dag.py:2927} INFO - Setting next_dagrun for example_trigger_controller_dag to 2021-01-01T00:00:00+00:00, run_after=2021-01-01T00:00:00+00:00
[2023-10-29 13:18:30,682] {processor.py:161} INFO - Processing /home/gabriel/Documents/project_finance/venv/lib/python3.9/site-packages/airflow/example_dags/example_trigger_controller_dag.py took 0.060 seconds
[2023-10-29 13:19:03,978] {processor.py:153} INFO - Started process (PID=3602) to work on /home/gabriel/Documents/project_finance/venv/lib/python3.9/site-packages/airflow/example_dags/example_trigger_controller_dag.py
[2023-10-29 13:19:03,979] {processor.py:641} INFO - Processing file /home/gabriel/Documents/project_finance/venv/lib/python3.9/site-packages/airflow/example_dags/example_trigger_controller_dag.py for tasks to queue
[2023-10-29 13:19:03,979] {logging_mixin.py:115} INFO - [2023-10-29 13:19:03,979] {dagbag.py:507} INFO - Filling up the DagBag from /home/gabriel/Documents/project_finance/venv/lib/python3.9/site-packages/airflow/example_dags/example_trigger_controller_dag.py
[2023-10-29 13:19:03,982] {processor.py:651} INFO - DAG(s) dict_keys(['example_trigger_controller_dag']) retrieved from /home/gabriel/Documents/project_finance/venv/lib/python3.9/site-packages/airflow/example_dags/example_trigger_controller_dag.py
[2023-10-29 13:19:03,996] {logging_mixin.py:115} INFO - [2023-10-29 13:19:03,996] {dag.py:2379} INFO - Sync 1 DAGs
[2023-10-29 13:19:04,011] {logging_mixin.py:115} INFO - [2023-10-29 13:19:04,011] {dag.py:2927} INFO - Setting next_dagrun for example_trigger_controller_dag to 2021-01-01T00:00:00+00:00, run_after=2021-01-01T00:00:00+00:00
[2023-10-29 13:19:04,020] {processor.py:161} INFO - Processing /home/gabriel/Documents/project_finance/venv/lib/python3.9/site-packages/airflow/example_dags/example_trigger_controller_dag.py took 0.045 seconds
[2023-10-29 13:19:45,286] {processor.py:153} INFO - Started process (PID=3665) to work on /home/gabriel/Documents/project_finance/venv/lib/python3.9/site-packages/airflow/example_dags/example_trigger_controller_dag.py
[2023-10-29 13:19:45,286] {processor.py:641} INFO - Processing file /home/gabriel/Documents/project_finance/venv/lib/python3.9/site-packages/airflow/example_dags/example_trigger_controller_dag.py for tasks to queue
[2023-10-29 13:19:45,287] {logging_mixin.py:115} INFO - [2023-10-29 13:19:45,287] {dagbag.py:507} INFO - Filling up the DagBag from /home/gabriel/Documents/project_finance/venv/lib/python3.9/site-packages/airflow/example_dags/example_trigger_controller_dag.py
[2023-10-29 13:19:45,290] {processor.py:651} INFO - DAG(s) dict_keys(['example_trigger_controller_dag']) retrieved from /home/gabriel/Documents/project_finance/venv/lib/python3.9/site-packages/airflow/example_dags/example_trigger_controller_dag.py
[2023-10-29 13:19:45,305] {logging_mixin.py:115} INFO - [2023-10-29 13:19:45,305] {dag.py:2379} INFO - Sync 1 DAGs
[2023-10-29 13:19:45,321] {logging_mixin.py:115} INFO - [2023-10-29 13:19:45,321] {dag.py:2927} INFO - Setting next_dagrun for example_trigger_controller_dag to 2021-01-01T00:00:00+00:00, run_after=2021-01-01T00:00:00+00:00
[2023-10-29 13:19:45,331] {processor.py:161} INFO - Processing /home/gabriel/Documents/project_finance/venv/lib/python3.9/site-packages/airflow/example_dags/example_trigger_controller_dag.py took 0.048 seconds
[2023-10-29 13:20:17,273] {processor.py:153} INFO - Started process (PID=3702) to work on /home/gabriel/Documents/project_finance/venv/lib/python3.9/site-packages/airflow/example_dags/example_trigger_controller_dag.py
[2023-10-29 13:20:17,274] {processor.py:641} INFO - Processing file /home/gabriel/Documents/project_finance/venv/lib/python3.9/site-packages/airflow/example_dags/example_trigger_controller_dag.py for tasks to queue
[2023-10-29 13:20:17,274] {logging_mixin.py:115} INFO - [2023-10-29 13:20:17,274] {dagbag.py:507} INFO - Filling up the DagBag from /home/gabriel/Documents/project_finance/venv/lib/python3.9/site-packages/airflow/example_dags/example_trigger_controller_dag.py
[2023-10-29 13:20:17,277] {processor.py:651} INFO - DAG(s) dict_keys(['example_trigger_controller_dag']) retrieved from /home/gabriel/Documents/project_finance/venv/lib/python3.9/site-packages/airflow/example_dags/example_trigger_controller_dag.py
[2023-10-29 13:20:17,290] {logging_mixin.py:115} INFO - [2023-10-29 13:20:17,290] {dag.py:2379} INFO - Sync 1 DAGs
[2023-10-29 13:20:17,304] {logging_mixin.py:115} INFO - [2023-10-29 13:20:17,304] {dag.py:2927} INFO - Setting next_dagrun for example_trigger_controller_dag to 2021-01-01T00:00:00+00:00, run_after=2021-01-01T00:00:00+00:00
[2023-10-29 13:20:17,313] {processor.py:161} INFO - Processing /home/gabriel/Documents/project_finance/venv/lib/python3.9/site-packages/airflow/example_dags/example_trigger_controller_dag.py took 0.043 seconds
[2023-10-29 13:20:52,151] {processor.py:153} INFO - Started process (PID=4172) to work on /home/gabriel/Documents/project_finance/venv/lib/python3.9/site-packages/airflow/example_dags/example_trigger_controller_dag.py
[2023-10-29 13:20:52,152] {processor.py:641} INFO - Processing file /home/gabriel/Documents/project_finance/venv/lib/python3.9/site-packages/airflow/example_dags/example_trigger_controller_dag.py for tasks to queue
[2023-10-29 13:20:52,152] {logging_mixin.py:115} INFO - [2023-10-29 13:20:52,152] {dagbag.py:507} INFO - Filling up the DagBag from /home/gabriel/Documents/project_finance/venv/lib/python3.9/site-packages/airflow/example_dags/example_trigger_controller_dag.py
[2023-10-29 13:20:52,156] {processor.py:651} INFO - DAG(s) dict_keys(['example_trigger_controller_dag']) retrieved from /home/gabriel/Documents/project_finance/venv/lib/python3.9/site-packages/airflow/example_dags/example_trigger_controller_dag.py
[2023-10-29 13:20:52,172] {logging_mixin.py:115} INFO - [2023-10-29 13:20:52,172] {dag.py:2379} INFO - Sync 1 DAGs
[2023-10-29 13:20:52,193] {logging_mixin.py:115} INFO - [2023-10-29 13:20:52,193] {dag.py:2927} INFO - Setting next_dagrun for example_trigger_controller_dag to 2021-01-01T00:00:00+00:00, run_after=2021-01-01T00:00:00+00:00
[2023-10-29 13:20:52,213] {processor.py:161} INFO - Processing /home/gabriel/Documents/project_finance/venv/lib/python3.9/site-packages/airflow/example_dags/example_trigger_controller_dag.py took 0.068 seconds
[2023-10-29 13:21:25,138] {processor.py:153} INFO - Started process (PID=4376) to work on /home/gabriel/Documents/project_finance/venv/lib/python3.9/site-packages/airflow/example_dags/example_trigger_controller_dag.py
[2023-10-29 13:21:25,138] {processor.py:641} INFO - Processing file /home/gabriel/Documents/project_finance/venv/lib/python3.9/site-packages/airflow/example_dags/example_trigger_controller_dag.py for tasks to queue
[2023-10-29 13:21:25,139] {logging_mixin.py:115} INFO - [2023-10-29 13:21:25,139] {dagbag.py:507} INFO - Filling up the DagBag from /home/gabriel/Documents/project_finance/venv/lib/python3.9/site-packages/airflow/example_dags/example_trigger_controller_dag.py
[2023-10-29 13:21:25,142] {processor.py:651} INFO - DAG(s) dict_keys(['example_trigger_controller_dag']) retrieved from /home/gabriel/Documents/project_finance/venv/lib/python3.9/site-packages/airflow/example_dags/example_trigger_controller_dag.py
[2023-10-29 13:21:25,159] {logging_mixin.py:115} INFO - [2023-10-29 13:21:25,158] {dag.py:2379} INFO - Sync 1 DAGs
[2023-10-29 13:21:25,177] {logging_mixin.py:115} INFO - [2023-10-29 13:21:25,177] {dag.py:2927} INFO - Setting next_dagrun for example_trigger_controller_dag to 2021-01-01T00:00:00+00:00, run_after=2021-01-01T00:00:00+00:00
[2023-10-29 13:21:25,187] {processor.py:161} INFO - Processing /home/gabriel/Documents/project_finance/venv/lib/python3.9/site-packages/airflow/example_dags/example_trigger_controller_dag.py took 0.052 seconds
[2023-10-29 13:21:59,938] {processor.py:153} INFO - Started process (PID=4491) to work on /home/gabriel/Documents/project_finance/venv/lib/python3.9/site-packages/airflow/example_dags/example_trigger_controller_dag.py
[2023-10-29 13:21:59,939] {processor.py:641} INFO - Processing file /home/gabriel/Documents/project_finance/venv/lib/python3.9/site-packages/airflow/example_dags/example_trigger_controller_dag.py for tasks to queue
[2023-10-29 13:21:59,940] {logging_mixin.py:115} INFO - [2023-10-29 13:21:59,939] {dagbag.py:507} INFO - Filling up the DagBag from /home/gabriel/Documents/project_finance/venv/lib/python3.9/site-packages/airflow/example_dags/example_trigger_controller_dag.py
[2023-10-29 13:21:59,942] {processor.py:651} INFO - DAG(s) dict_keys(['example_trigger_controller_dag']) retrieved from /home/gabriel/Documents/project_finance/venv/lib/python3.9/site-packages/airflow/example_dags/example_trigger_controller_dag.py
[2023-10-29 13:21:59,956] {logging_mixin.py:115} INFO - [2023-10-29 13:21:59,956] {dag.py:2379} INFO - Sync 1 DAGs
[2023-10-29 13:21:59,971] {logging_mixin.py:115} INFO - [2023-10-29 13:21:59,971] {dag.py:2927} INFO - Setting next_dagrun for example_trigger_controller_dag to 2021-01-01T00:00:00+00:00, run_after=2021-01-01T00:00:00+00:00
[2023-10-29 13:21:59,980] {processor.py:161} INFO - Processing /home/gabriel/Documents/project_finance/venv/lib/python3.9/site-packages/airflow/example_dags/example_trigger_controller_dag.py took 0.044 seconds
[2023-10-29 13:22:03,436] {processor.py:153} INFO - Started process (PID=4498) to work on /home/gabriel/Documents/project_finance/venv/lib/python3.9/site-packages/airflow/example_dags/example_trigger_controller_dag.py
[2023-10-29 13:22:03,437] {processor.py:641} INFO - Processing file /home/gabriel/Documents/project_finance/venv/lib/python3.9/site-packages/airflow/example_dags/example_trigger_controller_dag.py for tasks to queue
[2023-10-29 13:22:03,438] {logging_mixin.py:115} INFO - [2023-10-29 13:22:03,438] {dagbag.py:507} INFO - Filling up the DagBag from /home/gabriel/Documents/project_finance/venv/lib/python3.9/site-packages/airflow/example_dags/example_trigger_controller_dag.py
[2023-10-29 13:22:03,441] {processor.py:651} INFO - DAG(s) dict_keys(['example_trigger_controller_dag']) retrieved from /home/gabriel/Documents/project_finance/venv/lib/python3.9/site-packages/airflow/example_dags/example_trigger_controller_dag.py
[2023-10-29 13:22:03,457] {logging_mixin.py:115} INFO - [2023-10-29 13:22:03,457] {dag.py:2379} INFO - Sync 1 DAGs
[2023-10-29 13:22:03,472] {logging_mixin.py:115} INFO - [2023-10-29 13:22:03,471] {dag.py:2927} INFO - Setting next_dagrun for example_trigger_controller_dag to 2021-01-01T00:00:00+00:00, run_after=2021-01-01T00:00:00+00:00
[2023-10-29 13:22:03,482] {processor.py:161} INFO - Processing /home/gabriel/Documents/project_finance/venv/lib/python3.9/site-packages/airflow/example_dags/example_trigger_controller_dag.py took 0.048 seconds
[2023-10-29 13:22:33,092] {processor.py:153} INFO - Started process (PID=4565) to work on /home/gabriel/Documents/project_finance/venv/lib/python3.9/site-packages/airflow/example_dags/example_trigger_controller_dag.py
[2023-10-29 13:22:33,093] {processor.py:641} INFO - Processing file /home/gabriel/Documents/project_finance/venv/lib/python3.9/site-packages/airflow/example_dags/example_trigger_controller_dag.py for tasks to queue
[2023-10-29 13:22:33,093] {logging_mixin.py:115} INFO - [2023-10-29 13:22:33,093] {dagbag.py:507} INFO - Filling up the DagBag from /home/gabriel/Documents/project_finance/venv/lib/python3.9/site-packages/airflow/example_dags/example_trigger_controller_dag.py
[2023-10-29 13:22:33,097] {processor.py:651} INFO - DAG(s) dict_keys(['example_trigger_controller_dag']) retrieved from /home/gabriel/Documents/project_finance/venv/lib/python3.9/site-packages/airflow/example_dags/example_trigger_controller_dag.py
[2023-10-29 13:22:33,111] {logging_mixin.py:115} INFO - [2023-10-29 13:22:33,111] {dag.py:2379} INFO - Sync 1 DAGs
[2023-10-29 13:22:33,127] {logging_mixin.py:115} INFO - [2023-10-29 13:22:33,127] {dag.py:2927} INFO - Setting next_dagrun for example_trigger_controller_dag to 2021-01-01T00:00:00+00:00, run_after=2021-01-01T00:00:00+00:00
[2023-10-29 13:22:33,136] {processor.py:161} INFO - Processing /home/gabriel/Documents/project_finance/venv/lib/python3.9/site-packages/airflow/example_dags/example_trigger_controller_dag.py took 0.048 seconds
[2023-10-29 13:22:47,987] {processor.py:153} INFO - Started process (PID=4595) to work on /home/gabriel/Documents/project_finance/venv/lib/python3.9/site-packages/airflow/example_dags/example_trigger_controller_dag.py
[2023-10-29 13:22:47,988] {processor.py:641} INFO - Processing file /home/gabriel/Documents/project_finance/venv/lib/python3.9/site-packages/airflow/example_dags/example_trigger_controller_dag.py for tasks to queue
[2023-10-29 13:22:47,989] {logging_mixin.py:115} INFO - [2023-10-29 13:22:47,988] {dagbag.py:507} INFO - Filling up the DagBag from /home/gabriel/Documents/project_finance/venv/lib/python3.9/site-packages/airflow/example_dags/example_trigger_controller_dag.py
[2023-10-29 13:22:47,991] {processor.py:651} INFO - DAG(s) dict_keys(['example_trigger_controller_dag']) retrieved from /home/gabriel/Documents/project_finance/venv/lib/python3.9/site-packages/airflow/example_dags/example_trigger_controller_dag.py
[2023-10-29 13:22:48,006] {logging_mixin.py:115} INFO - [2023-10-29 13:22:48,006] {dag.py:2379} INFO - Sync 1 DAGs
[2023-10-29 13:22:48,023] {logging_mixin.py:115} INFO - [2023-10-29 13:22:48,023] {dag.py:2927} INFO - Setting next_dagrun for example_trigger_controller_dag to 2021-01-01T00:00:00+00:00, run_after=2021-01-01T00:00:00+00:00
[2023-10-29 13:22:48,033] {processor.py:161} INFO - Processing /home/gabriel/Documents/project_finance/venv/lib/python3.9/site-packages/airflow/example_dags/example_trigger_controller_dag.py took 0.048 seconds
[2023-10-29 13:23:05,597] {processor.py:153} INFO - Started process (PID=4676) to work on /home/gabriel/Documents/project_finance/venv/lib/python3.9/site-packages/airflow/example_dags/example_trigger_controller_dag.py
[2023-10-29 13:23:05,597] {processor.py:641} INFO - Processing file /home/gabriel/Documents/project_finance/venv/lib/python3.9/site-packages/airflow/example_dags/example_trigger_controller_dag.py for tasks to queue
[2023-10-29 13:23:05,598] {logging_mixin.py:115} INFO - [2023-10-29 13:23:05,598] {dagbag.py:507} INFO - Filling up the DagBag from /home/gabriel/Documents/project_finance/venv/lib/python3.9/site-packages/airflow/example_dags/example_trigger_controller_dag.py
[2023-10-29 13:23:05,601] {processor.py:651} INFO - DAG(s) dict_keys(['example_trigger_controller_dag']) retrieved from /home/gabriel/Documents/project_finance/venv/lib/python3.9/site-packages/airflow/example_dags/example_trigger_controller_dag.py
[2023-10-29 13:23:05,615] {logging_mixin.py:115} INFO - [2023-10-29 13:23:05,615] {dag.py:2379} INFO - Sync 1 DAGs
[2023-10-29 13:23:05,630] {logging_mixin.py:115} INFO - [2023-10-29 13:23:05,630] {dag.py:2927} INFO - Setting next_dagrun for example_trigger_controller_dag to 2021-01-01T00:00:00+00:00, run_after=2021-01-01T00:00:00+00:00
[2023-10-29 13:23:05,640] {processor.py:161} INFO - Processing /home/gabriel/Documents/project_finance/venv/lib/python3.9/site-packages/airflow/example_dags/example_trigger_controller_dag.py took 0.046 seconds
