[2023-10-29 11:26:36,435] {processor.py:153} INFO - Started process (PID=13122) to work on /home/gabriel/Documents/project_finance/venv/lib/python3.9/site-packages/airflow/example_dags/example_task_group_decorator.py
[2023-10-29 11:26:36,436] {processor.py:641} INFO - Processing file /home/gabriel/Documents/project_finance/venv/lib/python3.9/site-packages/airflow/example_dags/example_task_group_decorator.py for tasks to queue
[2023-10-29 11:26:36,441] {logging_mixin.py:115} INFO - [2023-10-29 11:26:36,441] {dagbag.py:507} INFO - Filling up the DagBag from /home/gabriel/Documents/project_finance/venv/lib/python3.9/site-packages/airflow/example_dags/example_task_group_decorator.py
[2023-10-29 11:26:36,469] {processor.py:651} INFO - DAG(s) dict_keys(['example_task_group_decorator']) retrieved from /home/gabriel/Documents/project_finance/venv/lib/python3.9/site-packages/airflow/example_dags/example_task_group_decorator.py
[2023-10-29 11:26:36,572] {logging_mixin.py:115} INFO - [2023-10-29 11:26:36,571] {dag.py:2379} INFO - Sync 1 DAGs
[2023-10-29 11:26:36,633] {logging_mixin.py:115} INFO - [2023-10-29 11:26:36,633] {dag.py:2927} INFO - Setting next_dagrun for example_task_group_decorator to 2023-10-28T14:26:36.632960+00:00, run_after=2023-10-29T14:26:36.632960+00:00
[2023-10-29 11:26:36,680] {processor.py:161} INFO - Processing /home/gabriel/Documents/project_finance/venv/lib/python3.9/site-packages/airflow/example_dags/example_task_group_decorator.py took 0.248 seconds
[2023-10-29 13:17:46,596] {processor.py:153} INFO - Started process (PID=3466) to work on /home/gabriel/Documents/project_finance/venv/lib/python3.9/site-packages/airflow/example_dags/example_task_group_decorator.py
[2023-10-29 13:17:46,597] {processor.py:641} INFO - Processing file /home/gabriel/Documents/project_finance/venv/lib/python3.9/site-packages/airflow/example_dags/example_task_group_decorator.py for tasks to queue
[2023-10-29 13:17:46,597] {logging_mixin.py:115} INFO - [2023-10-29 13:17:46,597] {dagbag.py:507} INFO - Filling up the DagBag from /home/gabriel/Documents/project_finance/venv/lib/python3.9/site-packages/airflow/example_dags/example_task_group_decorator.py
[2023-10-29 13:17:46,618] {processor.py:651} INFO - DAG(s) dict_keys(['example_task_group_decorator']) retrieved from /home/gabriel/Documents/project_finance/venv/lib/python3.9/site-packages/airflow/example_dags/example_task_group_decorator.py
[2023-10-29 13:17:46,651] {logging_mixin.py:115} INFO - [2023-10-29 13:17:46,651] {manager.py:508} INFO - Created Permission View: can edit on DAG:example_task_group_decorator
[2023-10-29 13:17:46,657] {logging_mixin.py:115} INFO - [2023-10-29 13:17:46,657] {manager.py:508} INFO - Created Permission View: can read on DAG:example_task_group_decorator
[2023-10-29 13:17:46,663] {logging_mixin.py:115} INFO - [2023-10-29 13:17:46,663] {manager.py:508} INFO - Created Permission View: can delete on DAG:example_task_group_decorator
[2023-10-29 13:17:46,663] {logging_mixin.py:115} INFO - [2023-10-29 13:17:46,663] {dag.py:2379} INFO - Sync 1 DAGs
[2023-10-29 13:17:46,671] {logging_mixin.py:115} INFO - [2023-10-29 13:17:46,671] {dag.py:2398} INFO - Creating ORM DAG for example_task_group_decorator
[2023-10-29 13:17:46,678] {logging_mixin.py:115} INFO - [2023-10-29 13:17:46,678] {dag.py:2927} INFO - Setting next_dagrun for example_task_group_decorator to 2023-10-28T16:17:46.678475+00:00, run_after=2023-10-29T16:17:46.678475+00:00
[2023-10-29 13:17:46,688] {processor.py:161} INFO - Processing /home/gabriel/Documents/project_finance/venv/lib/python3.9/site-packages/airflow/example_dags/example_task_group_decorator.py took 0.095 seconds
[2023-10-29 13:18:36,925] {processor.py:153} INFO - Started process (PID=3563) to work on /home/gabriel/Documents/project_finance/venv/lib/python3.9/site-packages/airflow/example_dags/example_task_group_decorator.py
[2023-10-29 13:18:36,928] {processor.py:641} INFO - Processing file /home/gabriel/Documents/project_finance/venv/lib/python3.9/site-packages/airflow/example_dags/example_task_group_decorator.py for tasks to queue
[2023-10-29 13:18:36,928] {logging_mixin.py:115} INFO - [2023-10-29 13:18:36,928] {dagbag.py:507} INFO - Filling up the DagBag from /home/gabriel/Documents/project_finance/venv/lib/python3.9/site-packages/airflow/example_dags/example_task_group_decorator.py
[2023-10-29 13:18:36,949] {processor.py:651} INFO - DAG(s) dict_keys(['example_task_group_decorator']) retrieved from /home/gabriel/Documents/project_finance/venv/lib/python3.9/site-packages/airflow/example_dags/example_task_group_decorator.py
[2023-10-29 13:18:36,997] {logging_mixin.py:115} INFO - [2023-10-29 13:18:36,997] {dag.py:2379} INFO - Sync 1 DAGs
[2023-10-29 13:18:37,014] {logging_mixin.py:115} INFO - [2023-10-29 13:18:37,014] {dag.py:2927} INFO - Setting next_dagrun for example_task_group_decorator to 2023-10-28T16:18:37.014639+00:00, run_after=2023-10-29T16:18:37.014639+00:00
[2023-10-29 13:18:37,025] {processor.py:161} INFO - Processing /home/gabriel/Documents/project_finance/venv/lib/python3.9/site-packages/airflow/example_dags/example_task_group_decorator.py took 0.103 seconds
[2023-10-29 13:19:10,828] {processor.py:153} INFO - Started process (PID=3610) to work on /home/gabriel/Documents/project_finance/venv/lib/python3.9/site-packages/airflow/example_dags/example_task_group_decorator.py
[2023-10-29 13:19:10,829] {processor.py:641} INFO - Processing file /home/gabriel/Documents/project_finance/venv/lib/python3.9/site-packages/airflow/example_dags/example_task_group_decorator.py for tasks to queue
[2023-10-29 13:19:10,830] {logging_mixin.py:115} INFO - [2023-10-29 13:19:10,830] {dagbag.py:507} INFO - Filling up the DagBag from /home/gabriel/Documents/project_finance/venv/lib/python3.9/site-packages/airflow/example_dags/example_task_group_decorator.py
[2023-10-29 13:19:10,851] {processor.py:651} INFO - DAG(s) dict_keys(['example_task_group_decorator']) retrieved from /home/gabriel/Documents/project_finance/venv/lib/python3.9/site-packages/airflow/example_dags/example_task_group_decorator.py
[2023-10-29 13:19:10,892] {logging_mixin.py:115} INFO - [2023-10-29 13:19:10,891] {dag.py:2379} INFO - Sync 1 DAGs
[2023-10-29 13:19:10,903] {logging_mixin.py:115} INFO - [2023-10-29 13:19:10,903] {dag.py:2927} INFO - Setting next_dagrun for example_task_group_decorator to 2023-10-28T16:19:10.903339+00:00, run_after=2023-10-29T16:19:10.903339+00:00
[2023-10-29 13:19:10,913] {processor.py:161} INFO - Processing /home/gabriel/Documents/project_finance/venv/lib/python3.9/site-packages/airflow/example_dags/example_task_group_decorator.py took 0.088 seconds
[2023-10-29 13:19:51,549] {processor.py:153} INFO - Started process (PID=3673) to work on /home/gabriel/Documents/project_finance/venv/lib/python3.9/site-packages/airflow/example_dags/example_task_group_decorator.py
[2023-10-29 13:19:51,550] {processor.py:641} INFO - Processing file /home/gabriel/Documents/project_finance/venv/lib/python3.9/site-packages/airflow/example_dags/example_task_group_decorator.py for tasks to queue
[2023-10-29 13:19:51,551] {logging_mixin.py:115} INFO - [2023-10-29 13:19:51,551] {dagbag.py:507} INFO - Filling up the DagBag from /home/gabriel/Documents/project_finance/venv/lib/python3.9/site-packages/airflow/example_dags/example_task_group_decorator.py
[2023-10-29 13:19:51,571] {processor.py:651} INFO - DAG(s) dict_keys(['example_task_group_decorator']) retrieved from /home/gabriel/Documents/project_finance/venv/lib/python3.9/site-packages/airflow/example_dags/example_task_group_decorator.py
[2023-10-29 13:19:51,611] {logging_mixin.py:115} INFO - [2023-10-29 13:19:51,611] {dag.py:2379} INFO - Sync 1 DAGs
[2023-10-29 13:19:51,623] {logging_mixin.py:115} INFO - [2023-10-29 13:19:51,622] {dag.py:2927} INFO - Setting next_dagrun for example_task_group_decorator to 2023-10-28T16:19:51.622741+00:00, run_after=2023-10-29T16:19:51.622741+00:00
[2023-10-29 13:19:51,632] {processor.py:161} INFO - Processing /home/gabriel/Documents/project_finance/venv/lib/python3.9/site-packages/airflow/example_dags/example_task_group_decorator.py took 0.086 seconds
[2023-10-29 13:20:24,626] {processor.py:153} INFO - Started process (PID=3710) to work on /home/gabriel/Documents/project_finance/venv/lib/python3.9/site-packages/airflow/example_dags/example_task_group_decorator.py
[2023-10-29 13:20:24,627] {processor.py:641} INFO - Processing file /home/gabriel/Documents/project_finance/venv/lib/python3.9/site-packages/airflow/example_dags/example_task_group_decorator.py for tasks to queue
[2023-10-29 13:20:24,628] {logging_mixin.py:115} INFO - [2023-10-29 13:20:24,628] {dagbag.py:507} INFO - Filling up the DagBag from /home/gabriel/Documents/project_finance/venv/lib/python3.9/site-packages/airflow/example_dags/example_task_group_decorator.py
[2023-10-29 13:20:24,655] {processor.py:651} INFO - DAG(s) dict_keys(['example_task_group_decorator']) retrieved from /home/gabriel/Documents/project_finance/venv/lib/python3.9/site-packages/airflow/example_dags/example_task_group_decorator.py
[2023-10-29 13:20:24,706] {logging_mixin.py:115} INFO - [2023-10-29 13:20:24,706] {dag.py:2379} INFO - Sync 1 DAGs
[2023-10-29 13:20:24,723] {logging_mixin.py:115} INFO - [2023-10-29 13:20:24,723] {dag.py:2927} INFO - Setting next_dagrun for example_task_group_decorator to 2023-10-28T16:20:24.723537+00:00, run_after=2023-10-29T16:20:24.723537+00:00
[2023-10-29 13:20:24,734] {processor.py:161} INFO - Processing /home/gabriel/Documents/project_finance/venv/lib/python3.9/site-packages/airflow/example_dags/example_task_group_decorator.py took 0.111 seconds
[2023-10-29 13:20:59,464] {processor.py:153} INFO - Started process (PID=4207) to work on /home/gabriel/Documents/project_finance/venv/lib/python3.9/site-packages/airflow/example_dags/example_task_group_decorator.py
[2023-10-29 13:20:59,465] {processor.py:641} INFO - Processing file /home/gabriel/Documents/project_finance/venv/lib/python3.9/site-packages/airflow/example_dags/example_task_group_decorator.py for tasks to queue
[2023-10-29 13:20:59,465] {logging_mixin.py:115} INFO - [2023-10-29 13:20:59,465] {dagbag.py:507} INFO - Filling up the DagBag from /home/gabriel/Documents/project_finance/venv/lib/python3.9/site-packages/airflow/example_dags/example_task_group_decorator.py
[2023-10-29 13:20:59,489] {processor.py:651} INFO - DAG(s) dict_keys(['example_task_group_decorator']) retrieved from /home/gabriel/Documents/project_finance/venv/lib/python3.9/site-packages/airflow/example_dags/example_task_group_decorator.py
[2023-10-29 13:20:59,532] {logging_mixin.py:115} INFO - [2023-10-29 13:20:59,532] {dag.py:2379} INFO - Sync 1 DAGs
[2023-10-29 13:20:59,553] {logging_mixin.py:115} INFO - [2023-10-29 13:20:59,553] {dag.py:2927} INFO - Setting next_dagrun for example_task_group_decorator to 2023-10-28T16:20:59.553508+00:00, run_after=2023-10-29T16:20:59.553508+00:00
[2023-10-29 13:20:59,583] {processor.py:161} INFO - Processing /home/gabriel/Documents/project_finance/venv/lib/python3.9/site-packages/airflow/example_dags/example_task_group_decorator.py took 0.122 seconds
[2023-10-29 13:21:32,018] {processor.py:153} INFO - Started process (PID=4407) to work on /home/gabriel/Documents/project_finance/venv/lib/python3.9/site-packages/airflow/example_dags/example_task_group_decorator.py
[2023-10-29 13:21:32,019] {processor.py:641} INFO - Processing file /home/gabriel/Documents/project_finance/venv/lib/python3.9/site-packages/airflow/example_dags/example_task_group_decorator.py for tasks to queue
[2023-10-29 13:21:32,019] {logging_mixin.py:115} INFO - [2023-10-29 13:21:32,019] {dagbag.py:507} INFO - Filling up the DagBag from /home/gabriel/Documents/project_finance/venv/lib/python3.9/site-packages/airflow/example_dags/example_task_group_decorator.py
[2023-10-29 13:21:32,039] {processor.py:651} INFO - DAG(s) dict_keys(['example_task_group_decorator']) retrieved from /home/gabriel/Documents/project_finance/venv/lib/python3.9/site-packages/airflow/example_dags/example_task_group_decorator.py
[2023-10-29 13:21:32,055] {logging_mixin.py:115} INFO - [2023-10-29 13:21:32,054] {dag.py:2379} INFO - Sync 1 DAGs
[2023-10-29 13:21:32,071] {logging_mixin.py:115} INFO - [2023-10-29 13:21:32,071] {dag.py:2927} INFO - Setting next_dagrun for example_task_group_decorator to 2023-10-28T16:21:32.071404+00:00, run_after=2023-10-29T16:21:32.071404+00:00
[2023-10-29 13:21:32,081] {processor.py:161} INFO - Processing /home/gabriel/Documents/project_finance/venv/lib/python3.9/site-packages/airflow/example_dags/example_task_group_decorator.py took 0.065 seconds
[2023-10-29 13:22:07,340] {processor.py:153} INFO - Started process (PID=4506) to work on /home/gabriel/Documents/project_finance/venv/lib/python3.9/site-packages/airflow/example_dags/example_task_group_decorator.py
[2023-10-29 13:22:07,341] {processor.py:641} INFO - Processing file /home/gabriel/Documents/project_finance/venv/lib/python3.9/site-packages/airflow/example_dags/example_task_group_decorator.py for tasks to queue
[2023-10-29 13:22:07,342] {logging_mixin.py:115} INFO - [2023-10-29 13:22:07,342] {dagbag.py:507} INFO - Filling up the DagBag from /home/gabriel/Documents/project_finance/venv/lib/python3.9/site-packages/airflow/example_dags/example_task_group_decorator.py
[2023-10-29 13:22:07,362] {processor.py:651} INFO - DAG(s) dict_keys(['example_task_group_decorator']) retrieved from /home/gabriel/Documents/project_finance/venv/lib/python3.9/site-packages/airflow/example_dags/example_task_group_decorator.py
[2023-10-29 13:22:07,401] {logging_mixin.py:115} INFO - [2023-10-29 13:22:07,401] {dag.py:2379} INFO - Sync 1 DAGs
[2023-10-29 13:22:07,413] {logging_mixin.py:115} INFO - [2023-10-29 13:22:07,413] {dag.py:2927} INFO - Setting next_dagrun for example_task_group_decorator to 2023-10-28T16:22:07.413414+00:00, run_after=2023-10-29T16:22:07.413414+00:00
[2023-10-29 13:22:07,424] {processor.py:161} INFO - Processing /home/gabriel/Documents/project_finance/venv/lib/python3.9/site-packages/airflow/example_dags/example_task_group_decorator.py took 0.086 seconds
[2023-10-29 13:22:09,723] {processor.py:153} INFO - Started process (PID=4512) to work on /home/gabriel/Documents/project_finance/venv/lib/python3.9/site-packages/airflow/example_dags/example_task_group_decorator.py
[2023-10-29 13:22:09,724] {processor.py:641} INFO - Processing file /home/gabriel/Documents/project_finance/venv/lib/python3.9/site-packages/airflow/example_dags/example_task_group_decorator.py for tasks to queue
[2023-10-29 13:22:09,724] {logging_mixin.py:115} INFO - [2023-10-29 13:22:09,724] {dagbag.py:507} INFO - Filling up the DagBag from /home/gabriel/Documents/project_finance/venv/lib/python3.9/site-packages/airflow/example_dags/example_task_group_decorator.py
[2023-10-29 13:22:09,750] {processor.py:651} INFO - DAG(s) dict_keys(['example_task_group_decorator']) retrieved from /home/gabriel/Documents/project_finance/venv/lib/python3.9/site-packages/airflow/example_dags/example_task_group_decorator.py
[2023-10-29 13:22:09,759] {logging_mixin.py:115} INFO - [2023-10-29 13:22:09,759] {dag.py:2379} INFO - Sync 1 DAGs
[2023-10-29 13:22:09,777] {logging_mixin.py:115} INFO - [2023-10-29 13:22:09,777] {dag.py:2927} INFO - Setting next_dagrun for example_task_group_decorator to 2023-10-28T16:22:09.777447+00:00, run_after=2023-10-29T16:22:09.777447+00:00
[2023-10-29 13:22:09,789] {processor.py:161} INFO - Processing /home/gabriel/Documents/project_finance/venv/lib/python3.9/site-packages/airflow/example_dags/example_task_group_decorator.py took 0.068 seconds
[2023-10-29 13:22:39,941] {processor.py:153} INFO - Started process (PID=4572) to work on /home/gabriel/Documents/project_finance/venv/lib/python3.9/site-packages/airflow/example_dags/example_task_group_decorator.py
[2023-10-29 13:22:39,942] {processor.py:641} INFO - Processing file /home/gabriel/Documents/project_finance/venv/lib/python3.9/site-packages/airflow/example_dags/example_task_group_decorator.py for tasks to queue
[2023-10-29 13:22:39,943] {logging_mixin.py:115} INFO - [2023-10-29 13:22:39,943] {dagbag.py:507} INFO - Filling up the DagBag from /home/gabriel/Documents/project_finance/venv/lib/python3.9/site-packages/airflow/example_dags/example_task_group_decorator.py
[2023-10-29 13:22:39,963] {processor.py:651} INFO - DAG(s) dict_keys(['example_task_group_decorator']) retrieved from /home/gabriel/Documents/project_finance/venv/lib/python3.9/site-packages/airflow/example_dags/example_task_group_decorator.py
[2023-10-29 13:22:40,002] {logging_mixin.py:115} INFO - [2023-10-29 13:22:40,002] {dag.py:2379} INFO - Sync 1 DAGs
[2023-10-29 13:22:40,019] {logging_mixin.py:115} INFO - [2023-10-29 13:22:40,019] {dag.py:2927} INFO - Setting next_dagrun for example_task_group_decorator to 2023-10-28T16:22:40.019325+00:00, run_after=2023-10-29T16:22:40.019325+00:00
[2023-10-29 13:22:40,032] {processor.py:161} INFO - Processing /home/gabriel/Documents/project_finance/venv/lib/python3.9/site-packages/airflow/example_dags/example_task_group_decorator.py took 0.093 seconds
[2023-10-29 13:23:12,465] {processor.py:153} INFO - Started process (PID=4708) to work on /home/gabriel/Documents/project_finance/venv/lib/python3.9/site-packages/airflow/example_dags/example_task_group_decorator.py
[2023-10-29 13:23:12,466] {processor.py:641} INFO - Processing file /home/gabriel/Documents/project_finance/venv/lib/python3.9/site-packages/airflow/example_dags/example_task_group_decorator.py for tasks to queue
[2023-10-29 13:23:12,466] {logging_mixin.py:115} INFO - [2023-10-29 13:23:12,466] {dagbag.py:507} INFO - Filling up the DagBag from /home/gabriel/Documents/project_finance/venv/lib/python3.9/site-packages/airflow/example_dags/example_task_group_decorator.py
[2023-10-29 13:23:12,487] {processor.py:651} INFO - DAG(s) dict_keys(['example_task_group_decorator']) retrieved from /home/gabriel/Documents/project_finance/venv/lib/python3.9/site-packages/airflow/example_dags/example_task_group_decorator.py
[2023-10-29 13:23:12,526] {logging_mixin.py:115} INFO - [2023-10-29 13:23:12,526] {dag.py:2379} INFO - Sync 1 DAGs
[2023-10-29 13:23:12,538] {logging_mixin.py:115} INFO - [2023-10-29 13:23:12,538] {dag.py:2927} INFO - Setting next_dagrun for example_task_group_decorator to 2023-10-28T16:23:12.538123+00:00, run_after=2023-10-29T16:23:12.538123+00:00
[2023-10-29 13:23:12,549] {processor.py:161} INFO - Processing /home/gabriel/Documents/project_finance/venv/lib/python3.9/site-packages/airflow/example_dags/example_task_group_decorator.py took 0.088 seconds
