[2023-10-29 11:26:39,837] {processor.py:153} INFO - Started process (PID=13137) to work on /home/gabriel/Documents/project_finance/venv/lib/python3.9/site-packages/airflow/example_dags/example_trigger_target_dag.py
[2023-10-29 11:26:39,838] {processor.py:641} INFO - Processing file /home/gabriel/Documents/project_finance/venv/lib/python3.9/site-packages/airflow/example_dags/example_trigger_target_dag.py for tasks to queue
[2023-10-29 11:26:39,838] {logging_mixin.py:115} INFO - [2023-10-29 11:26:39,838] {dagbag.py:507} INFO - Filling up the DagBag from /home/gabriel/Documents/project_finance/venv/lib/python3.9/site-packages/airflow/example_dags/example_trigger_target_dag.py
[2023-10-29 11:26:39,852] {processor.py:651} INFO - DAG(s) dict_keys(['example_trigger_target_dag']) retrieved from /home/gabriel/Documents/project_finance/venv/lib/python3.9/site-packages/airflow/example_dags/example_trigger_target_dag.py
[2023-10-29 11:26:39,866] {logging_mixin.py:115} INFO - [2023-10-29 11:26:39,866] {dag.py:2379} INFO - Sync 1 DAGs
[2023-10-29 11:26:39,883] {logging_mixin.py:115} INFO - [2023-10-29 11:26:39,883] {dag.py:2927} INFO - Setting next_dagrun for example_trigger_target_dag to None, run_after=None
[2023-10-29 11:26:39,895] {processor.py:161} INFO - Processing /home/gabriel/Documents/project_finance/venv/lib/python3.9/site-packages/airflow/example_dags/example_trigger_target_dag.py took 0.060 seconds
[2023-10-29 13:17:49,467] {processor.py:153} INFO - Started process (PID=3481) to work on /home/gabriel/Documents/project_finance/venv/lib/python3.9/site-packages/airflow/example_dags/example_trigger_target_dag.py
[2023-10-29 13:17:49,468] {processor.py:641} INFO - Processing file /home/gabriel/Documents/project_finance/venv/lib/python3.9/site-packages/airflow/example_dags/example_trigger_target_dag.py for tasks to queue
[2023-10-29 13:17:49,469] {logging_mixin.py:115} INFO - [2023-10-29 13:17:49,469] {dagbag.py:507} INFO - Filling up the DagBag from /home/gabriel/Documents/project_finance/venv/lib/python3.9/site-packages/airflow/example_dags/example_trigger_target_dag.py
[2023-10-29 13:17:49,483] {processor.py:651} INFO - DAG(s) dict_keys(['example_trigger_target_dag']) retrieved from /home/gabriel/Documents/project_finance/venv/lib/python3.9/site-packages/airflow/example_dags/example_trigger_target_dag.py
[2023-10-29 13:17:49,514] {logging_mixin.py:115} INFO - [2023-10-29 13:17:49,514] {manager.py:508} INFO - Created Permission View: can edit on DAG:example_trigger_target_dag
[2023-10-29 13:17:49,521] {logging_mixin.py:115} INFO - [2023-10-29 13:17:49,521] {manager.py:508} INFO - Created Permission View: can read on DAG:example_trigger_target_dag
[2023-10-29 13:17:49,528] {logging_mixin.py:115} INFO - [2023-10-29 13:17:49,528] {manager.py:508} INFO - Created Permission View: can delete on DAG:example_trigger_target_dag
[2023-10-29 13:17:49,529] {logging_mixin.py:115} INFO - [2023-10-29 13:17:49,529] {dag.py:2379} INFO - Sync 1 DAGs
[2023-10-29 13:17:49,536] {logging_mixin.py:115} INFO - [2023-10-29 13:17:49,536] {dag.py:2398} INFO - Creating ORM DAG for example_trigger_target_dag
[2023-10-29 13:17:49,545] {logging_mixin.py:115} INFO - [2023-10-29 13:17:49,545] {dag.py:2927} INFO - Setting next_dagrun for example_trigger_target_dag to None, run_after=None
[2023-10-29 13:17:49,554] {processor.py:161} INFO - Processing /home/gabriel/Documents/project_finance/venv/lib/python3.9/site-packages/airflow/example_dags/example_trigger_target_dag.py took 0.090 seconds
[2023-10-29 13:18:39,771] {processor.py:153} INFO - Started process (PID=3576) to work on /home/gabriel/Documents/project_finance/venv/lib/python3.9/site-packages/airflow/example_dags/example_trigger_target_dag.py
[2023-10-29 13:18:39,772] {processor.py:641} INFO - Processing file /home/gabriel/Documents/project_finance/venv/lib/python3.9/site-packages/airflow/example_dags/example_trigger_target_dag.py for tasks to queue
[2023-10-29 13:18:39,772] {logging_mixin.py:115} INFO - [2023-10-29 13:18:39,772] {dagbag.py:507} INFO - Filling up the DagBag from /home/gabriel/Documents/project_finance/venv/lib/python3.9/site-packages/airflow/example_dags/example_trigger_target_dag.py
[2023-10-29 13:18:39,789] {processor.py:651} INFO - DAG(s) dict_keys(['example_trigger_target_dag']) retrieved from /home/gabriel/Documents/project_finance/venv/lib/python3.9/site-packages/airflow/example_dags/example_trigger_target_dag.py
[2023-10-29 13:18:39,805] {logging_mixin.py:115} INFO - [2023-10-29 13:18:39,804] {dag.py:2379} INFO - Sync 1 DAGs
[2023-10-29 13:18:39,823] {logging_mixin.py:115} INFO - [2023-10-29 13:18:39,823] {dag.py:2927} INFO - Setting next_dagrun for example_trigger_target_dag to None, run_after=None
[2023-10-29 13:18:39,835] {processor.py:161} INFO - Processing /home/gabriel/Documents/project_finance/venv/lib/python3.9/site-packages/airflow/example_dags/example_trigger_target_dag.py took 0.067 seconds
[2023-10-29 13:19:14,220] {processor.py:153} INFO - Started process (PID=3613) to work on /home/gabriel/Documents/project_finance/venv/lib/python3.9/site-packages/airflow/example_dags/example_trigger_target_dag.py
[2023-10-29 13:19:14,221] {processor.py:641} INFO - Processing file /home/gabriel/Documents/project_finance/venv/lib/python3.9/site-packages/airflow/example_dags/example_trigger_target_dag.py for tasks to queue
[2023-10-29 13:19:14,221] {logging_mixin.py:115} INFO - [2023-10-29 13:19:14,221] {dagbag.py:507} INFO - Filling up the DagBag from /home/gabriel/Documents/project_finance/venv/lib/python3.9/site-packages/airflow/example_dags/example_trigger_target_dag.py
[2023-10-29 13:19:14,236] {processor.py:651} INFO - DAG(s) dict_keys(['example_trigger_target_dag']) retrieved from /home/gabriel/Documents/project_finance/venv/lib/python3.9/site-packages/airflow/example_dags/example_trigger_target_dag.py
[2023-10-29 13:19:14,254] {logging_mixin.py:115} INFO - [2023-10-29 13:19:14,254] {dag.py:2379} INFO - Sync 1 DAGs
[2023-10-29 13:19:14,272] {logging_mixin.py:115} INFO - [2023-10-29 13:19:14,272] {dag.py:2927} INFO - Setting next_dagrun for example_trigger_target_dag to None, run_after=None
[2023-10-29 13:19:14,283] {processor.py:161} INFO - Processing /home/gabriel/Documents/project_finance/venv/lib/python3.9/site-packages/airflow/example_dags/example_trigger_target_dag.py took 0.065 seconds
[2023-10-29 13:19:54,150] {processor.py:153} INFO - Started process (PID=3676) to work on /home/gabriel/Documents/project_finance/venv/lib/python3.9/site-packages/airflow/example_dags/example_trigger_target_dag.py
[2023-10-29 13:19:54,151] {processor.py:641} INFO - Processing file /home/gabriel/Documents/project_finance/venv/lib/python3.9/site-packages/airflow/example_dags/example_trigger_target_dag.py for tasks to queue
[2023-10-29 13:19:54,151] {logging_mixin.py:115} INFO - [2023-10-29 13:19:54,151] {dagbag.py:507} INFO - Filling up the DagBag from /home/gabriel/Documents/project_finance/venv/lib/python3.9/site-packages/airflow/example_dags/example_trigger_target_dag.py
[2023-10-29 13:19:54,166] {processor.py:651} INFO - DAG(s) dict_keys(['example_trigger_target_dag']) retrieved from /home/gabriel/Documents/project_finance/venv/lib/python3.9/site-packages/airflow/example_dags/example_trigger_target_dag.py
[2023-10-29 13:19:54,179] {logging_mixin.py:115} INFO - [2023-10-29 13:19:54,179] {dag.py:2379} INFO - Sync 1 DAGs
[2023-10-29 13:19:54,198] {logging_mixin.py:115} INFO - [2023-10-29 13:19:54,198] {dag.py:2927} INFO - Setting next_dagrun for example_trigger_target_dag to None, run_after=None
[2023-10-29 13:19:54,207] {processor.py:161} INFO - Processing /home/gabriel/Documents/project_finance/venv/lib/python3.9/site-packages/airflow/example_dags/example_trigger_target_dag.py took 0.060 seconds
[2023-10-29 13:20:27,579] {processor.py:153} INFO - Started process (PID=3714) to work on /home/gabriel/Documents/project_finance/venv/lib/python3.9/site-packages/airflow/example_dags/example_trigger_target_dag.py
[2023-10-29 13:20:27,580] {processor.py:641} INFO - Processing file /home/gabriel/Documents/project_finance/venv/lib/python3.9/site-packages/airflow/example_dags/example_trigger_target_dag.py for tasks to queue
[2023-10-29 13:20:27,580] {logging_mixin.py:115} INFO - [2023-10-29 13:20:27,580] {dagbag.py:507} INFO - Filling up the DagBag from /home/gabriel/Documents/project_finance/venv/lib/python3.9/site-packages/airflow/example_dags/example_trigger_target_dag.py
[2023-10-29 13:20:27,595] {processor.py:651} INFO - DAG(s) dict_keys(['example_trigger_target_dag']) retrieved from /home/gabriel/Documents/project_finance/venv/lib/python3.9/site-packages/airflow/example_dags/example_trigger_target_dag.py
[2023-10-29 13:20:27,608] {logging_mixin.py:115} INFO - [2023-10-29 13:20:27,608] {dag.py:2379} INFO - Sync 1 DAGs
[2023-10-29 13:20:27,625] {logging_mixin.py:115} INFO - [2023-10-29 13:20:27,625] {dag.py:2927} INFO - Setting next_dagrun for example_trigger_target_dag to None, run_after=None
[2023-10-29 13:20:27,635] {processor.py:161} INFO - Processing /home/gabriel/Documents/project_finance/venv/lib/python3.9/site-packages/airflow/example_dags/example_trigger_target_dag.py took 0.059 seconds
[2023-10-29 13:21:02,351] {processor.py:153} INFO - Started process (PID=4233) to work on /home/gabriel/Documents/project_finance/venv/lib/python3.9/site-packages/airflow/example_dags/example_trigger_target_dag.py
[2023-10-29 13:21:02,354] {processor.py:641} INFO - Processing file /home/gabriel/Documents/project_finance/venv/lib/python3.9/site-packages/airflow/example_dags/example_trigger_target_dag.py for tasks to queue
[2023-10-29 13:21:02,355] {logging_mixin.py:115} INFO - [2023-10-29 13:21:02,355] {dagbag.py:507} INFO - Filling up the DagBag from /home/gabriel/Documents/project_finance/venv/lib/python3.9/site-packages/airflow/example_dags/example_trigger_target_dag.py
[2023-10-29 13:21:02,388] {processor.py:651} INFO - DAG(s) dict_keys(['example_trigger_target_dag']) retrieved from /home/gabriel/Documents/project_finance/venv/lib/python3.9/site-packages/airflow/example_dags/example_trigger_target_dag.py
[2023-10-29 13:21:02,401] {logging_mixin.py:115} INFO - [2023-10-29 13:21:02,401] {dag.py:2379} INFO - Sync 1 DAGs
[2023-10-29 13:21:02,418] {logging_mixin.py:115} INFO - [2023-10-29 13:21:02,418] {dag.py:2927} INFO - Setting next_dagrun for example_trigger_target_dag to None, run_after=None
[2023-10-29 13:21:02,429] {processor.py:161} INFO - Processing /home/gabriel/Documents/project_finance/venv/lib/python3.9/site-packages/airflow/example_dags/example_trigger_target_dag.py took 0.091 seconds
[2023-10-29 13:21:35,411] {processor.py:153} INFO - Started process (PID=4433) to work on /home/gabriel/Documents/project_finance/venv/lib/python3.9/site-packages/airflow/example_dags/example_trigger_target_dag.py
[2023-10-29 13:21:35,411] {processor.py:641} INFO - Processing file /home/gabriel/Documents/project_finance/venv/lib/python3.9/site-packages/airflow/example_dags/example_trigger_target_dag.py for tasks to queue
[2023-10-29 13:21:35,412] {logging_mixin.py:115} INFO - [2023-10-29 13:21:35,412] {dagbag.py:507} INFO - Filling up the DagBag from /home/gabriel/Documents/project_finance/venv/lib/python3.9/site-packages/airflow/example_dags/example_trigger_target_dag.py
[2023-10-29 13:21:35,426] {processor.py:651} INFO - DAG(s) dict_keys(['example_trigger_target_dag']) retrieved from /home/gabriel/Documents/project_finance/venv/lib/python3.9/site-packages/airflow/example_dags/example_trigger_target_dag.py
[2023-10-29 13:21:35,442] {logging_mixin.py:115} INFO - [2023-10-29 13:21:35,441] {dag.py:2379} INFO - Sync 1 DAGs
[2023-10-29 13:21:35,459] {logging_mixin.py:115} INFO - [2023-10-29 13:21:35,459] {dag.py:2927} INFO - Setting next_dagrun for example_trigger_target_dag to None, run_after=None
[2023-10-29 13:21:35,473] {processor.py:161} INFO - Processing /home/gabriel/Documents/project_finance/venv/lib/python3.9/site-packages/airflow/example_dags/example_trigger_target_dag.py took 0.065 seconds
[2023-10-29 13:22:10,238] {processor.py:153} INFO - Started process (PID=4513) to work on /home/gabriel/Documents/project_finance/venv/lib/python3.9/site-packages/airflow/example_dags/example_trigger_target_dag.py
[2023-10-29 13:22:10,239] {processor.py:641} INFO - Processing file /home/gabriel/Documents/project_finance/venv/lib/python3.9/site-packages/airflow/example_dags/example_trigger_target_dag.py for tasks to queue
[2023-10-29 13:22:10,240] {logging_mixin.py:115} INFO - [2023-10-29 13:22:10,240] {dagbag.py:507} INFO - Filling up the DagBag from /home/gabriel/Documents/project_finance/venv/lib/python3.9/site-packages/airflow/example_dags/example_trigger_target_dag.py
[2023-10-29 13:22:10,255] {processor.py:651} INFO - DAG(s) dict_keys(['example_trigger_target_dag']) retrieved from /home/gabriel/Documents/project_finance/venv/lib/python3.9/site-packages/airflow/example_dags/example_trigger_target_dag.py
[2023-10-29 13:22:10,269] {logging_mixin.py:115} INFO - [2023-10-29 13:22:10,269] {dag.py:2379} INFO - Sync 1 DAGs
[2023-10-29 13:22:10,287] {logging_mixin.py:115} INFO - [2023-10-29 13:22:10,287] {dag.py:2927} INFO - Setting next_dagrun for example_trigger_target_dag to None, run_after=None
[2023-10-29 13:22:10,297] {processor.py:161} INFO - Processing /home/gabriel/Documents/project_finance/venv/lib/python3.9/site-packages/airflow/example_dags/example_trigger_target_dag.py took 0.062 seconds
[2023-10-29 13:22:12,281] {processor.py:153} INFO - Started process (PID=4523) to work on /home/gabriel/Documents/project_finance/venv/lib/python3.9/site-packages/airflow/example_dags/example_trigger_target_dag.py
[2023-10-29 13:22:12,282] {processor.py:641} INFO - Processing file /home/gabriel/Documents/project_finance/venv/lib/python3.9/site-packages/airflow/example_dags/example_trigger_target_dag.py for tasks to queue
[2023-10-29 13:22:12,282] {logging_mixin.py:115} INFO - [2023-10-29 13:22:12,282] {dagbag.py:507} INFO - Filling up the DagBag from /home/gabriel/Documents/project_finance/venv/lib/python3.9/site-packages/airflow/example_dags/example_trigger_target_dag.py
[2023-10-29 13:22:12,299] {processor.py:651} INFO - DAG(s) dict_keys(['example_trigger_target_dag']) retrieved from /home/gabriel/Documents/project_finance/venv/lib/python3.9/site-packages/airflow/example_dags/example_trigger_target_dag.py
[2023-10-29 13:22:12,314] {logging_mixin.py:115} INFO - [2023-10-29 13:22:12,314] {dag.py:2379} INFO - Sync 1 DAGs
[2023-10-29 13:22:12,331] {logging_mixin.py:115} INFO - [2023-10-29 13:22:12,331] {dag.py:2927} INFO - Setting next_dagrun for example_trigger_target_dag to None, run_after=None
[2023-10-29 13:22:12,340] {processor.py:161} INFO - Processing /home/gabriel/Documents/project_finance/venv/lib/python3.9/site-packages/airflow/example_dags/example_trigger_target_dag.py took 0.064 seconds
[2023-10-29 13:22:42,071] {processor.py:153} INFO - Started process (PID=4582) to work on /home/gabriel/Documents/project_finance/venv/lib/python3.9/site-packages/airflow/example_dags/example_trigger_target_dag.py
[2023-10-29 13:22:42,071] {processor.py:641} INFO - Processing file /home/gabriel/Documents/project_finance/venv/lib/python3.9/site-packages/airflow/example_dags/example_trigger_target_dag.py for tasks to queue
[2023-10-29 13:22:42,072] {logging_mixin.py:115} INFO - [2023-10-29 13:22:42,072] {dagbag.py:507} INFO - Filling up the DagBag from /home/gabriel/Documents/project_finance/venv/lib/python3.9/site-packages/airflow/example_dags/example_trigger_target_dag.py
[2023-10-29 13:22:42,086] {processor.py:651} INFO - DAG(s) dict_keys(['example_trigger_target_dag']) retrieved from /home/gabriel/Documents/project_finance/venv/lib/python3.9/site-packages/airflow/example_dags/example_trigger_target_dag.py
[2023-10-29 13:22:42,099] {logging_mixin.py:115} INFO - [2023-10-29 13:22:42,099] {dag.py:2379} INFO - Sync 1 DAGs
[2023-10-29 13:22:42,115] {logging_mixin.py:115} INFO - [2023-10-29 13:22:42,115] {dag.py:2927} INFO - Setting next_dagrun for example_trigger_target_dag to None, run_after=None
[2023-10-29 13:22:42,124] {processor.py:161} INFO - Processing /home/gabriel/Documents/project_finance/venv/lib/python3.9/site-packages/airflow/example_dags/example_trigger_target_dag.py took 0.056 seconds
[2023-10-29 13:23:15,869] {processor.py:153} INFO - Started process (PID=4734) to work on /home/gabriel/Documents/project_finance/venv/lib/python3.9/site-packages/airflow/example_dags/example_trigger_target_dag.py
[2023-10-29 13:23:15,871] {processor.py:641} INFO - Processing file /home/gabriel/Documents/project_finance/venv/lib/python3.9/site-packages/airflow/example_dags/example_trigger_target_dag.py for tasks to queue
[2023-10-29 13:23:15,871] {logging_mixin.py:115} INFO - [2023-10-29 13:23:15,871] {dagbag.py:507} INFO - Filling up the DagBag from /home/gabriel/Documents/project_finance/venv/lib/python3.9/site-packages/airflow/example_dags/example_trigger_target_dag.py
[2023-10-29 13:23:15,886] {processor.py:651} INFO - DAG(s) dict_keys(['example_trigger_target_dag']) retrieved from /home/gabriel/Documents/project_finance/venv/lib/python3.9/site-packages/airflow/example_dags/example_trigger_target_dag.py
[2023-10-29 13:23:15,901] {logging_mixin.py:115} INFO - [2023-10-29 13:23:15,901] {dag.py:2379} INFO - Sync 1 DAGs
[2023-10-29 13:23:15,919] {logging_mixin.py:115} INFO - [2023-10-29 13:23:15,919] {dag.py:2927} INFO - Setting next_dagrun for example_trigger_target_dag to None, run_after=None
[2023-10-29 13:23:15,930] {processor.py:161} INFO - Processing /home/gabriel/Documents/project_finance/venv/lib/python3.9/site-packages/airflow/example_dags/example_trigger_target_dag.py took 0.070 seconds
