[2023-10-29 13:17:42,570] {processor.py:153} INFO - Started process (PID=3455) to work on /home/gabriel/Documents/project_finance/venv/lib/python3.9/site-packages/airflow/example_dags/example_time_delta_sensor_async.py
[2023-10-29 13:17:42,570] {processor.py:641} INFO - Processing file /home/gabriel/Documents/project_finance/venv/lib/python3.9/site-packages/airflow/example_dags/example_time_delta_sensor_async.py for tasks to queue
[2023-10-29 13:17:42,571] {logging_mixin.py:115} INFO - [2023-10-29 13:17:42,571] {dagbag.py:507} INFO - Filling up the DagBag from /home/gabriel/Documents/project_finance/venv/lib/python3.9/site-packages/airflow/example_dags/example_time_delta_sensor_async.py
[2023-10-29 13:17:42,579] {processor.py:651} INFO - DAG(s) dict_keys(['example_time_delta_sensor_async']) retrieved from /home/gabriel/Documents/project_finance/venv/lib/python3.9/site-packages/airflow/example_dags/example_time_delta_sensor_async.py
[2023-10-29 13:17:42,614] {logging_mixin.py:115} INFO - [2023-10-29 13:17:42,614] {manager.py:508} INFO - Created Permission View: can edit on DAG:example_time_delta_sensor_async
[2023-10-29 13:17:42,620] {logging_mixin.py:115} INFO - [2023-10-29 13:17:42,620] {manager.py:508} INFO - Created Permission View: can read on DAG:example_time_delta_sensor_async
[2023-10-29 13:17:42,626] {logging_mixin.py:115} INFO - [2023-10-29 13:17:42,626] {manager.py:508} INFO - Created Permission View: can delete on DAG:example_time_delta_sensor_async
[2023-10-29 13:17:42,626] {logging_mixin.py:115} INFO - [2023-10-29 13:17:42,626] {dag.py:2379} INFO - Sync 1 DAGs
[2023-10-29 13:17:42,633] {logging_mixin.py:115} INFO - [2023-10-29 13:17:42,633] {dag.py:2398} INFO - Creating ORM DAG for example_time_delta_sensor_async
[2023-10-29 13:17:42,641] {logging_mixin.py:115} INFO - [2023-10-29 13:17:42,640] {dag.py:2927} INFO - Setting next_dagrun for example_time_delta_sensor_async to None, run_after=None
[2023-10-29 13:17:42,655] {processor.py:161} INFO - Processing /home/gabriel/Documents/project_finance/venv/lib/python3.9/site-packages/airflow/example_dags/example_time_delta_sensor_async.py took 0.088 seconds
[2023-10-29 13:18:32,903] {processor.py:153} INFO - Started process (PID=3532) to work on /home/gabriel/Documents/project_finance/venv/lib/python3.9/site-packages/airflow/example_dags/example_time_delta_sensor_async.py
[2023-10-29 13:18:32,904] {processor.py:641} INFO - Processing file /home/gabriel/Documents/project_finance/venv/lib/python3.9/site-packages/airflow/example_dags/example_time_delta_sensor_async.py for tasks to queue
[2023-10-29 13:18:32,904] {logging_mixin.py:115} INFO - [2023-10-29 13:18:32,904] {dagbag.py:507} INFO - Filling up the DagBag from /home/gabriel/Documents/project_finance/venv/lib/python3.9/site-packages/airflow/example_dags/example_time_delta_sensor_async.py
[2023-10-29 13:18:32,910] {processor.py:651} INFO - DAG(s) dict_keys(['example_time_delta_sensor_async']) retrieved from /home/gabriel/Documents/project_finance/venv/lib/python3.9/site-packages/airflow/example_dags/example_time_delta_sensor_async.py
[2023-10-29 13:18:32,929] {logging_mixin.py:115} INFO - [2023-10-29 13:18:32,929] {dag.py:2379} INFO - Sync 1 DAGs
[2023-10-29 13:18:32,944] {logging_mixin.py:115} INFO - [2023-10-29 13:18:32,944] {dag.py:2927} INFO - Setting next_dagrun for example_time_delta_sensor_async to None, run_after=None
[2023-10-29 13:18:32,955] {processor.py:161} INFO - Processing /home/gabriel/Documents/project_finance/venv/lib/python3.9/site-packages/airflow/example_dags/example_time_delta_sensor_async.py took 0.054 seconds
[2023-10-29 13:19:05,693] {processor.py:153} INFO - Started process (PID=3604) to work on /home/gabriel/Documents/project_finance/venv/lib/python3.9/site-packages/airflow/example_dags/example_time_delta_sensor_async.py
[2023-10-29 13:19:05,694] {processor.py:641} INFO - Processing file /home/gabriel/Documents/project_finance/venv/lib/python3.9/site-packages/airflow/example_dags/example_time_delta_sensor_async.py for tasks to queue
[2023-10-29 13:19:05,694] {logging_mixin.py:115} INFO - [2023-10-29 13:19:05,694] {dagbag.py:507} INFO - Filling up the DagBag from /home/gabriel/Documents/project_finance/venv/lib/python3.9/site-packages/airflow/example_dags/example_time_delta_sensor_async.py
[2023-10-29 13:19:05,699] {processor.py:651} INFO - DAG(s) dict_keys(['example_time_delta_sensor_async']) retrieved from /home/gabriel/Documents/project_finance/venv/lib/python3.9/site-packages/airflow/example_dags/example_time_delta_sensor_async.py
[2023-10-29 13:19:05,720] {logging_mixin.py:115} INFO - [2023-10-29 13:19:05,720] {dag.py:2379} INFO - Sync 1 DAGs
[2023-10-29 13:19:05,742] {logging_mixin.py:115} INFO - [2023-10-29 13:19:05,742] {dag.py:2927} INFO - Setting next_dagrun for example_time_delta_sensor_async to None, run_after=None
[2023-10-29 13:19:05,759] {processor.py:161} INFO - Processing /home/gabriel/Documents/project_finance/venv/lib/python3.9/site-packages/airflow/example_dags/example_time_delta_sensor_async.py took 0.069 seconds
[2023-10-29 13:19:47,549] {processor.py:153} INFO - Started process (PID=3668) to work on /home/gabriel/Documents/project_finance/venv/lib/python3.9/site-packages/airflow/example_dags/example_time_delta_sensor_async.py
[2023-10-29 13:19:47,549] {processor.py:641} INFO - Processing file /home/gabriel/Documents/project_finance/venv/lib/python3.9/site-packages/airflow/example_dags/example_time_delta_sensor_async.py for tasks to queue
[2023-10-29 13:19:47,550] {logging_mixin.py:115} INFO - [2023-10-29 13:19:47,550] {dagbag.py:507} INFO - Filling up the DagBag from /home/gabriel/Documents/project_finance/venv/lib/python3.9/site-packages/airflow/example_dags/example_time_delta_sensor_async.py
[2023-10-29 13:19:47,555] {processor.py:651} INFO - DAG(s) dict_keys(['example_time_delta_sensor_async']) retrieved from /home/gabriel/Documents/project_finance/venv/lib/python3.9/site-packages/airflow/example_dags/example_time_delta_sensor_async.py
[2023-10-29 13:19:47,577] {logging_mixin.py:115} INFO - [2023-10-29 13:19:47,576] {dag.py:2379} INFO - Sync 1 DAGs
[2023-10-29 13:19:47,592] {logging_mixin.py:115} INFO - [2023-10-29 13:19:47,592] {dag.py:2927} INFO - Setting next_dagrun for example_time_delta_sensor_async to None, run_after=None
[2023-10-29 13:19:47,604] {processor.py:161} INFO - Processing /home/gabriel/Documents/project_finance/venv/lib/python3.9/site-packages/airflow/example_dags/example_time_delta_sensor_async.py took 0.058 seconds
[2023-10-29 13:20:19,531] {processor.py:153} INFO - Started process (PID=3704) to work on /home/gabriel/Documents/project_finance/venv/lib/python3.9/site-packages/airflow/example_dags/example_time_delta_sensor_async.py
[2023-10-29 13:20:19,532] {processor.py:641} INFO - Processing file /home/gabriel/Documents/project_finance/venv/lib/python3.9/site-packages/airflow/example_dags/example_time_delta_sensor_async.py for tasks to queue
[2023-10-29 13:20:19,532] {logging_mixin.py:115} INFO - [2023-10-29 13:20:19,532] {dagbag.py:507} INFO - Filling up the DagBag from /home/gabriel/Documents/project_finance/venv/lib/python3.9/site-packages/airflow/example_dags/example_time_delta_sensor_async.py
[2023-10-29 13:20:19,537] {processor.py:651} INFO - DAG(s) dict_keys(['example_time_delta_sensor_async']) retrieved from /home/gabriel/Documents/project_finance/venv/lib/python3.9/site-packages/airflow/example_dags/example_time_delta_sensor_async.py
[2023-10-29 13:20:19,556] {logging_mixin.py:115} INFO - [2023-10-29 13:20:19,556] {dag.py:2379} INFO - Sync 1 DAGs
[2023-10-29 13:20:19,570] {logging_mixin.py:115} INFO - [2023-10-29 13:20:19,570] {dag.py:2927} INFO - Setting next_dagrun for example_time_delta_sensor_async to None, run_after=None
[2023-10-29 13:20:19,581] {processor.py:161} INFO - Processing /home/gabriel/Documents/project_finance/venv/lib/python3.9/site-packages/airflow/example_dags/example_time_delta_sensor_async.py took 0.052 seconds
[2023-10-29 13:20:54,407] {processor.py:153} INFO - Started process (PID=4174) to work on /home/gabriel/Documents/project_finance/venv/lib/python3.9/site-packages/airflow/example_dags/example_time_delta_sensor_async.py
[2023-10-29 13:20:54,407] {processor.py:641} INFO - Processing file /home/gabriel/Documents/project_finance/venv/lib/python3.9/site-packages/airflow/example_dags/example_time_delta_sensor_async.py for tasks to queue
[2023-10-29 13:20:54,408] {logging_mixin.py:115} INFO - [2023-10-29 13:20:54,408] {dagbag.py:507} INFO - Filling up the DagBag from /home/gabriel/Documents/project_finance/venv/lib/python3.9/site-packages/airflow/example_dags/example_time_delta_sensor_async.py
[2023-10-29 13:20:54,414] {processor.py:651} INFO - DAG(s) dict_keys(['example_time_delta_sensor_async']) retrieved from /home/gabriel/Documents/project_finance/venv/lib/python3.9/site-packages/airflow/example_dags/example_time_delta_sensor_async.py
[2023-10-29 13:20:54,435] {logging_mixin.py:115} INFO - [2023-10-29 13:20:54,435] {dag.py:2379} INFO - Sync 1 DAGs
[2023-10-29 13:20:54,449] {logging_mixin.py:115} INFO - [2023-10-29 13:20:54,449] {dag.py:2927} INFO - Setting next_dagrun for example_time_delta_sensor_async to None, run_after=None
[2023-10-29 13:20:54,462] {processor.py:161} INFO - Processing /home/gabriel/Documents/project_finance/venv/lib/python3.9/site-packages/airflow/example_dags/example_time_delta_sensor_async.py took 0.059 seconds
[2023-10-29 13:21:26,879] {processor.py:153} INFO - Started process (PID=4378) to work on /home/gabriel/Documents/project_finance/venv/lib/python3.9/site-packages/airflow/example_dags/example_time_delta_sensor_async.py
[2023-10-29 13:21:26,880] {processor.py:641} INFO - Processing file /home/gabriel/Documents/project_finance/venv/lib/python3.9/site-packages/airflow/example_dags/example_time_delta_sensor_async.py for tasks to queue
[2023-10-29 13:21:26,881] {logging_mixin.py:115} INFO - [2023-10-29 13:21:26,881] {dagbag.py:507} INFO - Filling up the DagBag from /home/gabriel/Documents/project_finance/venv/lib/python3.9/site-packages/airflow/example_dags/example_time_delta_sensor_async.py
[2023-10-29 13:21:26,885] {processor.py:651} INFO - DAG(s) dict_keys(['example_time_delta_sensor_async']) retrieved from /home/gabriel/Documents/project_finance/venv/lib/python3.9/site-packages/airflow/example_dags/example_time_delta_sensor_async.py
[2023-10-29 13:21:26,904] {logging_mixin.py:115} INFO - [2023-10-29 13:21:26,904] {dag.py:2379} INFO - Sync 1 DAGs
[2023-10-29 13:21:26,918] {logging_mixin.py:115} INFO - [2023-10-29 13:21:26,918] {dag.py:2927} INFO - Setting next_dagrun for example_time_delta_sensor_async to None, run_after=None
[2023-10-29 13:21:26,930] {processor.py:161} INFO - Processing /home/gabriel/Documents/project_finance/venv/lib/python3.9/site-packages/airflow/example_dags/example_time_delta_sensor_async.py took 0.054 seconds
[2023-10-29 13:22:01,680] {processor.py:153} INFO - Started process (PID=4494) to work on /home/gabriel/Documents/project_finance/venv/lib/python3.9/site-packages/airflow/example_dags/example_time_delta_sensor_async.py
[2023-10-29 13:22:01,681] {processor.py:641} INFO - Processing file /home/gabriel/Documents/project_finance/venv/lib/python3.9/site-packages/airflow/example_dags/example_time_delta_sensor_async.py for tasks to queue
[2023-10-29 13:22:01,681] {logging_mixin.py:115} INFO - [2023-10-29 13:22:01,681] {dagbag.py:507} INFO - Filling up the DagBag from /home/gabriel/Documents/project_finance/venv/lib/python3.9/site-packages/airflow/example_dags/example_time_delta_sensor_async.py
[2023-10-29 13:22:01,686] {processor.py:651} INFO - DAG(s) dict_keys(['example_time_delta_sensor_async']) retrieved from /home/gabriel/Documents/project_finance/venv/lib/python3.9/site-packages/airflow/example_dags/example_time_delta_sensor_async.py
[2023-10-29 13:22:01,705] {logging_mixin.py:115} INFO - [2023-10-29 13:22:01,704] {dag.py:2379} INFO - Sync 1 DAGs
[2023-10-29 13:22:01,719] {logging_mixin.py:115} INFO - [2023-10-29 13:22:01,719] {dag.py:2927} INFO - Setting next_dagrun for example_time_delta_sensor_async to None, run_after=None
[2023-10-29 13:22:01,730] {processor.py:161} INFO - Processing /home/gabriel/Documents/project_finance/venv/lib/python3.9/site-packages/airflow/example_dags/example_time_delta_sensor_async.py took 0.053 seconds
[2023-10-29 13:22:05,690] {processor.py:153} INFO - Started process (PID=4502) to work on /home/gabriel/Documents/project_finance/venv/lib/python3.9/site-packages/airflow/example_dags/example_time_delta_sensor_async.py
[2023-10-29 13:22:05,690] {processor.py:641} INFO - Processing file /home/gabriel/Documents/project_finance/venv/lib/python3.9/site-packages/airflow/example_dags/example_time_delta_sensor_async.py for tasks to queue
[2023-10-29 13:22:05,691] {logging_mixin.py:115} INFO - [2023-10-29 13:22:05,691] {dagbag.py:507} INFO - Filling up the DagBag from /home/gabriel/Documents/project_finance/venv/lib/python3.9/site-packages/airflow/example_dags/example_time_delta_sensor_async.py
[2023-10-29 13:22:05,696] {processor.py:651} INFO - DAG(s) dict_keys(['example_time_delta_sensor_async']) retrieved from /home/gabriel/Documents/project_finance/venv/lib/python3.9/site-packages/airflow/example_dags/example_time_delta_sensor_async.py
[2023-10-29 13:22:05,714] {logging_mixin.py:115} INFO - [2023-10-29 13:22:05,714] {dag.py:2379} INFO - Sync 1 DAGs
[2023-10-29 13:22:05,729] {logging_mixin.py:115} INFO - [2023-10-29 13:22:05,729] {dag.py:2927} INFO - Setting next_dagrun for example_time_delta_sensor_async to None, run_after=None
[2023-10-29 13:22:05,741] {processor.py:161} INFO - Processing /home/gabriel/Documents/project_finance/venv/lib/python3.9/site-packages/airflow/example_dags/example_time_delta_sensor_async.py took 0.054 seconds
[2023-10-29 13:22:34,807] {processor.py:153} INFO - Started process (PID=4567) to work on /home/gabriel/Documents/project_finance/venv/lib/python3.9/site-packages/airflow/example_dags/example_time_delta_sensor_async.py
[2023-10-29 13:22:34,808] {processor.py:641} INFO - Processing file /home/gabriel/Documents/project_finance/venv/lib/python3.9/site-packages/airflow/example_dags/example_time_delta_sensor_async.py for tasks to queue
[2023-10-29 13:22:34,809] {logging_mixin.py:115} INFO - [2023-10-29 13:22:34,808] {dagbag.py:507} INFO - Filling up the DagBag from /home/gabriel/Documents/project_finance/venv/lib/python3.9/site-packages/airflow/example_dags/example_time_delta_sensor_async.py
[2023-10-29 13:22:34,813] {processor.py:651} INFO - DAG(s) dict_keys(['example_time_delta_sensor_async']) retrieved from /home/gabriel/Documents/project_finance/venv/lib/python3.9/site-packages/airflow/example_dags/example_time_delta_sensor_async.py
[2023-10-29 13:22:34,832] {logging_mixin.py:115} INFO - [2023-10-29 13:22:34,832] {dag.py:2379} INFO - Sync 1 DAGs
[2023-10-29 13:22:34,846] {logging_mixin.py:115} INFO - [2023-10-29 13:22:34,846] {dag.py:2927} INFO - Setting next_dagrun for example_time_delta_sensor_async to None, run_after=None
[2023-10-29 13:22:34,858] {processor.py:161} INFO - Processing /home/gabriel/Documents/project_finance/venv/lib/python3.9/site-packages/airflow/example_dags/example_time_delta_sensor_async.py took 0.053 seconds
[2023-10-29 13:22:50,244] {processor.py:153} INFO - Started process (PID=4602) to work on /home/gabriel/Documents/project_finance/venv/lib/python3.9/site-packages/airflow/example_dags/example_time_delta_sensor_async.py
[2023-10-29 13:22:50,245] {processor.py:641} INFO - Processing file /home/gabriel/Documents/project_finance/venv/lib/python3.9/site-packages/airflow/example_dags/example_time_delta_sensor_async.py for tasks to queue
[2023-10-29 13:22:50,245] {logging_mixin.py:115} INFO - [2023-10-29 13:22:50,245] {dagbag.py:507} INFO - Filling up the DagBag from /home/gabriel/Documents/project_finance/venv/lib/python3.9/site-packages/airflow/example_dags/example_time_delta_sensor_async.py
[2023-10-29 13:22:50,250] {processor.py:651} INFO - DAG(s) dict_keys(['example_time_delta_sensor_async']) retrieved from /home/gabriel/Documents/project_finance/venv/lib/python3.9/site-packages/airflow/example_dags/example_time_delta_sensor_async.py
[2023-10-29 13:22:50,268] {logging_mixin.py:115} INFO - [2023-10-29 13:22:50,268] {dag.py:2379} INFO - Sync 1 DAGs
[2023-10-29 13:22:50,282] {logging_mixin.py:115} INFO - [2023-10-29 13:22:50,282] {dag.py:2927} INFO - Setting next_dagrun for example_time_delta_sensor_async to None, run_after=None
[2023-10-29 13:22:50,303] {processor.py:161} INFO - Processing /home/gabriel/Documents/project_finance/venv/lib/python3.9/site-packages/airflow/example_dags/example_time_delta_sensor_async.py took 0.062 seconds
[2023-10-29 13:23:09,004] {processor.py:153} INFO - Started process (PID=4703) to work on /home/gabriel/Documents/project_finance/venv/lib/python3.9/site-packages/airflow/example_dags/example_time_delta_sensor_async.py
[2023-10-29 13:23:09,005] {processor.py:641} INFO - Processing file /home/gabriel/Documents/project_finance/venv/lib/python3.9/site-packages/airflow/example_dags/example_time_delta_sensor_async.py for tasks to queue
[2023-10-29 13:23:09,005] {logging_mixin.py:115} INFO - [2023-10-29 13:23:09,005] {dagbag.py:507} INFO - Filling up the DagBag from /home/gabriel/Documents/project_finance/venv/lib/python3.9/site-packages/airflow/example_dags/example_time_delta_sensor_async.py
[2023-10-29 13:23:09,010] {processor.py:651} INFO - DAG(s) dict_keys(['example_time_delta_sensor_async']) retrieved from /home/gabriel/Documents/project_finance/venv/lib/python3.9/site-packages/airflow/example_dags/example_time_delta_sensor_async.py
[2023-10-29 13:23:09,029] {logging_mixin.py:115} INFO - [2023-10-29 13:23:09,028] {dag.py:2379} INFO - Sync 1 DAGs
[2023-10-29 13:23:09,043] {logging_mixin.py:115} INFO - [2023-10-29 13:23:09,042] {dag.py:2927} INFO - Setting next_dagrun for example_time_delta_sensor_async to None, run_after=None
[2023-10-29 13:23:09,058] {processor.py:161} INFO - Processing /home/gabriel/Documents/project_finance/venv/lib/python3.9/site-packages/airflow/example_dags/example_time_delta_sensor_async.py took 0.057 seconds
