[2023-10-29 13:17:44,156] {processor.py:153} INFO - Started process (PID=3463) to work on /home/gabriel/Documents/project_finance/venv/lib/python3.9/site-packages/airflow/example_dags/example_kubernetes_executor.py
[2023-10-29 13:17:44,157] {processor.py:641} INFO - Processing file /home/gabriel/Documents/project_finance/venv/lib/python3.9/site-packages/airflow/example_dags/example_kubernetes_executor.py for tasks to queue
[2023-10-29 13:17:44,157] {logging_mixin.py:115} INFO - [2023-10-29 13:17:44,157] {dagbag.py:507} INFO - Filling up the DagBag from /home/gabriel/Documents/project_finance/venv/lib/python3.9/site-packages/airflow/example_dags/example_kubernetes_executor.py
[2023-10-29 13:17:44,175] {logging_mixin.py:115} INFO - [2023-10-29 13:17:44,175] {example_kubernetes_executor.py:39} WARNING - The example_kubernetes_executor example DAG requires the kubernetes provider. Please install it with: pip install apache-airflow[cncf.kubernetes]
[2023-10-29 13:17:44,175] {processor.py:653} WARNING - No viable dags retrieved from /home/gabriel/Documents/project_finance/venv/lib/python3.9/site-packages/airflow/example_dags/example_kubernetes_executor.py
[2023-10-29 13:17:44,188] {processor.py:161} INFO - Processing /home/gabriel/Documents/project_finance/venv/lib/python3.9/site-packages/airflow/example_dags/example_kubernetes_executor.py took 0.035 seconds
[2023-10-29 13:18:34,485] {processor.py:153} INFO - Started process (PID=3540) to work on /home/gabriel/Documents/project_finance/venv/lib/python3.9/site-packages/airflow/example_dags/example_kubernetes_executor.py
[2023-10-29 13:18:34,486] {processor.py:641} INFO - Processing file /home/gabriel/Documents/project_finance/venv/lib/python3.9/site-packages/airflow/example_dags/example_kubernetes_executor.py for tasks to queue
[2023-10-29 13:18:34,487] {logging_mixin.py:115} INFO - [2023-10-29 13:18:34,487] {dagbag.py:507} INFO - Filling up the DagBag from /home/gabriel/Documents/project_finance/venv/lib/python3.9/site-packages/airflow/example_dags/example_kubernetes_executor.py
[2023-10-29 13:18:34,499] {logging_mixin.py:115} INFO - [2023-10-29 13:18:34,499] {example_kubernetes_executor.py:39} WARNING - The example_kubernetes_executor example DAG requires the kubernetes provider. Please install it with: pip install apache-airflow[cncf.kubernetes]
[2023-10-29 13:18:34,499] {processor.py:653} WARNING - No viable dags retrieved from /home/gabriel/Documents/project_finance/venv/lib/python3.9/site-packages/airflow/example_dags/example_kubernetes_executor.py
[2023-10-29 13:18:34,508] {processor.py:161} INFO - Processing /home/gabriel/Documents/project_finance/venv/lib/python3.9/site-packages/airflow/example_dags/example_kubernetes_executor.py took 0.026 seconds
[2023-10-29 13:19:07,955] {processor.py:153} INFO - Started process (PID=3607) to work on /home/gabriel/Documents/project_finance/venv/lib/python3.9/site-packages/airflow/example_dags/example_kubernetes_executor.py
[2023-10-29 13:19:07,956] {processor.py:641} INFO - Processing file /home/gabriel/Documents/project_finance/venv/lib/python3.9/site-packages/airflow/example_dags/example_kubernetes_executor.py for tasks to queue
[2023-10-29 13:19:07,957] {logging_mixin.py:115} INFO - [2023-10-29 13:19:07,956] {dagbag.py:507} INFO - Filling up the DagBag from /home/gabriel/Documents/project_finance/venv/lib/python3.9/site-packages/airflow/example_dags/example_kubernetes_executor.py
[2023-10-29 13:19:07,969] {logging_mixin.py:115} INFO - [2023-10-29 13:19:07,969] {example_kubernetes_executor.py:39} WARNING - The example_kubernetes_executor example DAG requires the kubernetes provider. Please install it with: pip install apache-airflow[cncf.kubernetes]
[2023-10-29 13:19:07,969] {processor.py:653} WARNING - No viable dags retrieved from /home/gabriel/Documents/project_finance/venv/lib/python3.9/site-packages/airflow/example_dags/example_kubernetes_executor.py
[2023-10-29 13:19:07,978] {processor.py:161} INFO - Processing /home/gabriel/Documents/project_finance/venv/lib/python3.9/site-packages/airflow/example_dags/example_kubernetes_executor.py took 0.025 seconds
[2023-10-29 13:19:49,150] {processor.py:153} INFO - Started process (PID=3670) to work on /home/gabriel/Documents/project_finance/venv/lib/python3.9/site-packages/airflow/example_dags/example_kubernetes_executor.py
[2023-10-29 13:19:49,151] {processor.py:641} INFO - Processing file /home/gabriel/Documents/project_finance/venv/lib/python3.9/site-packages/airflow/example_dags/example_kubernetes_executor.py for tasks to queue
[2023-10-29 13:19:49,152] {logging_mixin.py:115} INFO - [2023-10-29 13:19:49,152] {dagbag.py:507} INFO - Filling up the DagBag from /home/gabriel/Documents/project_finance/venv/lib/python3.9/site-packages/airflow/example_dags/example_kubernetes_executor.py
[2023-10-29 13:19:49,166] {logging_mixin.py:115} INFO - [2023-10-29 13:19:49,166] {example_kubernetes_executor.py:39} WARNING - The example_kubernetes_executor example DAG requires the kubernetes provider. Please install it with: pip install apache-airflow[cncf.kubernetes]
[2023-10-29 13:19:49,166] {processor.py:653} WARNING - No viable dags retrieved from /home/gabriel/Documents/project_finance/venv/lib/python3.9/site-packages/airflow/example_dags/example_kubernetes_executor.py
[2023-10-29 13:19:49,177] {processor.py:161} INFO - Processing /home/gabriel/Documents/project_finance/venv/lib/python3.9/site-packages/airflow/example_dags/example_kubernetes_executor.py took 0.030 seconds
[2023-10-29 13:20:21,300] {processor.py:153} INFO - Started process (PID=3706) to work on /home/gabriel/Documents/project_finance/venv/lib/python3.9/site-packages/airflow/example_dags/example_kubernetes_executor.py
[2023-10-29 13:20:21,301] {processor.py:641} INFO - Processing file /home/gabriel/Documents/project_finance/venv/lib/python3.9/site-packages/airflow/example_dags/example_kubernetes_executor.py for tasks to queue
[2023-10-29 13:20:21,301] {logging_mixin.py:115} INFO - [2023-10-29 13:20:21,301] {dagbag.py:507} INFO - Filling up the DagBag from /home/gabriel/Documents/project_finance/venv/lib/python3.9/site-packages/airflow/example_dags/example_kubernetes_executor.py
[2023-10-29 13:20:21,314] {logging_mixin.py:115} INFO - [2023-10-29 13:20:21,314] {example_kubernetes_executor.py:39} WARNING - The example_kubernetes_executor example DAG requires the kubernetes provider. Please install it with: pip install apache-airflow[cncf.kubernetes]
[2023-10-29 13:20:21,314] {processor.py:653} WARNING - No viable dags retrieved from /home/gabriel/Documents/project_finance/venv/lib/python3.9/site-packages/airflow/example_dags/example_kubernetes_executor.py
[2023-10-29 13:20:21,322] {processor.py:161} INFO - Processing /home/gabriel/Documents/project_finance/venv/lib/python3.9/site-packages/airflow/example_dags/example_kubernetes_executor.py took 0.025 seconds
[2023-10-29 13:20:56,067] {processor.py:153} INFO - Started process (PID=4203) to work on /home/gabriel/Documents/project_finance/venv/lib/python3.9/site-packages/airflow/example_dags/example_kubernetes_executor.py
[2023-10-29 13:20:56,068] {processor.py:641} INFO - Processing file /home/gabriel/Documents/project_finance/venv/lib/python3.9/site-packages/airflow/example_dags/example_kubernetes_executor.py for tasks to queue
[2023-10-29 13:20:56,068] {logging_mixin.py:115} INFO - [2023-10-29 13:20:56,068] {dagbag.py:507} INFO - Filling up the DagBag from /home/gabriel/Documents/project_finance/venv/lib/python3.9/site-packages/airflow/example_dags/example_kubernetes_executor.py
[2023-10-29 13:20:56,082] {logging_mixin.py:115} INFO - [2023-10-29 13:20:56,082] {example_kubernetes_executor.py:39} WARNING - The example_kubernetes_executor example DAG requires the kubernetes provider. Please install it with: pip install apache-airflow[cncf.kubernetes]
[2023-10-29 13:20:56,082] {processor.py:653} WARNING - No viable dags retrieved from /home/gabriel/Documents/project_finance/venv/lib/python3.9/site-packages/airflow/example_dags/example_kubernetes_executor.py
[2023-10-29 13:20:56,105] {processor.py:161} INFO - Processing /home/gabriel/Documents/project_finance/venv/lib/python3.9/site-packages/airflow/example_dags/example_kubernetes_executor.py took 0.040 seconds
[2023-10-29 13:21:29,146] {processor.py:153} INFO - Started process (PID=4381) to work on /home/gabriel/Documents/project_finance/venv/lib/python3.9/site-packages/airflow/example_dags/example_kubernetes_executor.py
[2023-10-29 13:21:29,146] {processor.py:641} INFO - Processing file /home/gabriel/Documents/project_finance/venv/lib/python3.9/site-packages/airflow/example_dags/example_kubernetes_executor.py for tasks to queue
[2023-10-29 13:21:29,147] {logging_mixin.py:115} INFO - [2023-10-29 13:21:29,147] {dagbag.py:507} INFO - Filling up the DagBag from /home/gabriel/Documents/project_finance/venv/lib/python3.9/site-packages/airflow/example_dags/example_kubernetes_executor.py
[2023-10-29 13:21:29,159] {logging_mixin.py:115} INFO - [2023-10-29 13:21:29,159] {example_kubernetes_executor.py:39} WARNING - The example_kubernetes_executor example DAG requires the kubernetes provider. Please install it with: pip install apache-airflow[cncf.kubernetes]
[2023-10-29 13:21:29,159] {processor.py:653} WARNING - No viable dags retrieved from /home/gabriel/Documents/project_finance/venv/lib/python3.9/site-packages/airflow/example_dags/example_kubernetes_executor.py
[2023-10-29 13:21:29,168] {processor.py:161} INFO - Processing /home/gabriel/Documents/project_finance/venv/lib/python3.9/site-packages/airflow/example_dags/example_kubernetes_executor.py took 0.025 seconds
[2023-10-29 13:22:03,944] {processor.py:153} INFO - Started process (PID=4499) to work on /home/gabriel/Documents/project_finance/venv/lib/python3.9/site-packages/airflow/example_dags/example_kubernetes_executor.py
[2023-10-29 13:22:03,945] {processor.py:641} INFO - Processing file /home/gabriel/Documents/project_finance/venv/lib/python3.9/site-packages/airflow/example_dags/example_kubernetes_executor.py for tasks to queue
[2023-10-29 13:22:03,946] {logging_mixin.py:115} INFO - [2023-10-29 13:22:03,946] {dagbag.py:507} INFO - Filling up the DagBag from /home/gabriel/Documents/project_finance/venv/lib/python3.9/site-packages/airflow/example_dags/example_kubernetes_executor.py
[2023-10-29 13:22:03,958] {logging_mixin.py:115} INFO - [2023-10-29 13:22:03,958] {example_kubernetes_executor.py:39} WARNING - The example_kubernetes_executor example DAG requires the kubernetes provider. Please install it with: pip install apache-airflow[cncf.kubernetes]
[2023-10-29 13:22:03,958] {processor.py:653} WARNING - No viable dags retrieved from /home/gabriel/Documents/project_finance/venv/lib/python3.9/site-packages/airflow/example_dags/example_kubernetes_executor.py
[2023-10-29 13:22:03,967] {processor.py:161} INFO - Processing /home/gabriel/Documents/project_finance/venv/lib/python3.9/site-packages/airflow/example_dags/example_kubernetes_executor.py took 0.025 seconds
[2023-10-29 13:22:07,278] {processor.py:153} INFO - Started process (PID=4505) to work on /home/gabriel/Documents/project_finance/venv/lib/python3.9/site-packages/airflow/example_dags/example_kubernetes_executor.py
[2023-10-29 13:22:07,278] {processor.py:641} INFO - Processing file /home/gabriel/Documents/project_finance/venv/lib/python3.9/site-packages/airflow/example_dags/example_kubernetes_executor.py for tasks to queue
[2023-10-29 13:22:07,279] {logging_mixin.py:115} INFO - [2023-10-29 13:22:07,279] {dagbag.py:507} INFO - Filling up the DagBag from /home/gabriel/Documents/project_finance/venv/lib/python3.9/site-packages/airflow/example_dags/example_kubernetes_executor.py
[2023-10-29 13:22:07,291] {logging_mixin.py:115} INFO - [2023-10-29 13:22:07,291] {example_kubernetes_executor.py:39} WARNING - The example_kubernetes_executor example DAG requires the kubernetes provider. Please install it with: pip install apache-airflow[cncf.kubernetes]
[2023-10-29 13:22:07,291] {processor.py:653} WARNING - No viable dags retrieved from /home/gabriel/Documents/project_finance/venv/lib/python3.9/site-packages/airflow/example_dags/example_kubernetes_executor.py
[2023-10-29 13:22:07,300] {processor.py:161} INFO - Processing /home/gabriel/Documents/project_finance/venv/lib/python3.9/site-packages/airflow/example_dags/example_kubernetes_executor.py took 0.025 seconds
[2023-10-29 13:22:37,072] {processor.py:153} INFO - Started process (PID=4569) to work on /home/gabriel/Documents/project_finance/venv/lib/python3.9/site-packages/airflow/example_dags/example_kubernetes_executor.py
[2023-10-29 13:22:37,073] {processor.py:641} INFO - Processing file /home/gabriel/Documents/project_finance/venv/lib/python3.9/site-packages/airflow/example_dags/example_kubernetes_executor.py for tasks to queue
[2023-10-29 13:22:37,073] {logging_mixin.py:115} INFO - [2023-10-29 13:22:37,073] {dagbag.py:507} INFO - Filling up the DagBag from /home/gabriel/Documents/project_finance/venv/lib/python3.9/site-packages/airflow/example_dags/example_kubernetes_executor.py
[2023-10-29 13:22:37,085] {logging_mixin.py:115} INFO - [2023-10-29 13:22:37,085] {example_kubernetes_executor.py:39} WARNING - The example_kubernetes_executor example DAG requires the kubernetes provider. Please install it with: pip install apache-airflow[cncf.kubernetes]
[2023-10-29 13:22:37,086] {processor.py:653} WARNING - No viable dags retrieved from /home/gabriel/Documents/project_finance/venv/lib/python3.9/site-packages/airflow/example_dags/example_kubernetes_executor.py
[2023-10-29 13:22:37,094] {processor.py:161} INFO - Processing /home/gabriel/Documents/project_finance/venv/lib/python3.9/site-packages/airflow/example_dags/example_kubernetes_executor.py took 0.025 seconds
[2023-10-29 13:22:51,842] {processor.py:153} INFO - Started process (PID=4605) to work on /home/gabriel/Documents/project_finance/venv/lib/python3.9/site-packages/airflow/example_dags/example_kubernetes_executor.py
[2023-10-29 13:22:51,843] {processor.py:641} INFO - Processing file /home/gabriel/Documents/project_finance/venv/lib/python3.9/site-packages/airflow/example_dags/example_kubernetes_executor.py for tasks to queue
[2023-10-29 13:22:51,844] {logging_mixin.py:115} INFO - [2023-10-29 13:22:51,844] {dagbag.py:507} INFO - Filling up the DagBag from /home/gabriel/Documents/project_finance/venv/lib/python3.9/site-packages/airflow/example_dags/example_kubernetes_executor.py
[2023-10-29 13:22:51,856] {logging_mixin.py:115} INFO - [2023-10-29 13:22:51,856] {example_kubernetes_executor.py:39} WARNING - The example_kubernetes_executor example DAG requires the kubernetes provider. Please install it with: pip install apache-airflow[cncf.kubernetes]
[2023-10-29 13:22:51,856] {processor.py:653} WARNING - No viable dags retrieved from /home/gabriel/Documents/project_finance/venv/lib/python3.9/site-packages/airflow/example_dags/example_kubernetes_executor.py
[2023-10-29 13:22:51,865] {processor.py:161} INFO - Processing /home/gabriel/Documents/project_finance/venv/lib/python3.9/site-packages/airflow/example_dags/example_kubernetes_executor.py took 0.025 seconds
[2023-10-29 13:23:10,734] {processor.py:153} INFO - Started process (PID=4705) to work on /home/gabriel/Documents/project_finance/venv/lib/python3.9/site-packages/airflow/example_dags/example_kubernetes_executor.py
[2023-10-29 13:23:10,735] {processor.py:641} INFO - Processing file /home/gabriel/Documents/project_finance/venv/lib/python3.9/site-packages/airflow/example_dags/example_kubernetes_executor.py for tasks to queue
[2023-10-29 13:23:10,735] {logging_mixin.py:115} INFO - [2023-10-29 13:23:10,735] {dagbag.py:507} INFO - Filling up the DagBag from /home/gabriel/Documents/project_finance/venv/lib/python3.9/site-packages/airflow/example_dags/example_kubernetes_executor.py
[2023-10-29 13:23:10,748] {logging_mixin.py:115} INFO - [2023-10-29 13:23:10,748] {example_kubernetes_executor.py:39} WARNING - The example_kubernetes_executor example DAG requires the kubernetes provider. Please install it with: pip install apache-airflow[cncf.kubernetes]
[2023-10-29 13:23:10,748] {processor.py:653} WARNING - No viable dags retrieved from /home/gabriel/Documents/project_finance/venv/lib/python3.9/site-packages/airflow/example_dags/example_kubernetes_executor.py
[2023-10-29 13:23:10,757] {processor.py:161} INFO - Processing /home/gabriel/Documents/project_finance/venv/lib/python3.9/site-packages/airflow/example_dags/example_kubernetes_executor.py took 0.026 seconds
