[2023-10-29 11:26:58,131] {processor.py:153} INFO - Started process (PID=13244) to work on /home/gabriel/Documents/project_finance/venv/lib/python3.9/site-packages/airflow/example_dags/example_branch_python_dop_operator_3.py
[2023-10-29 11:26:58,131] {processor.py:641} INFO - Processing file /home/gabriel/Documents/project_finance/venv/lib/python3.9/site-packages/airflow/example_dags/example_branch_python_dop_operator_3.py for tasks to queue
[2023-10-29 11:26:58,132] {logging_mixin.py:115} INFO - [2023-10-29 11:26:58,132] {dagbag.py:507} INFO - Filling up the DagBag from /home/gabriel/Documents/project_finance/venv/lib/python3.9/site-packages/airflow/example_dags/example_branch_python_dop_operator_3.py
[2023-10-29 11:26:58,142] {processor.py:651} INFO - DAG(s) dict_keys(['example_branch_dop_operator_v3']) retrieved from /home/gabriel/Documents/project_finance/venv/lib/python3.9/site-packages/airflow/example_dags/example_branch_python_dop_operator_3.py
[2023-10-29 11:26:58,158] {logging_mixin.py:115} INFO - [2023-10-29 11:26:58,158] {dag.py:2379} INFO - Sync 1 DAGs
[2023-10-29 11:26:58,180] {logging_mixin.py:115} INFO - [2023-10-29 11:26:58,180] {dag.py:2927} INFO - Setting next_dagrun for example_branch_dop_operator_v3 to 2023-10-29T14:25:00+00:00, run_after=2023-10-29T14:26:00+00:00
[2023-10-29 11:26:58,197] {processor.py:161} INFO - Processing /home/gabriel/Documents/project_finance/venv/lib/python3.9/site-packages/airflow/example_dags/example_branch_python_dop_operator_3.py took 0.070 seconds
[2023-10-29 13:18:56,556] {processor.py:153} INFO - Started process (PID=3595) to work on /home/gabriel/Documents/project_finance/venv/lib/python3.9/site-packages/airflow/example_dags/example_branch_python_dop_operator_3.py
[2023-10-29 13:18:56,557] {processor.py:641} INFO - Processing file /home/gabriel/Documents/project_finance/venv/lib/python3.9/site-packages/airflow/example_dags/example_branch_python_dop_operator_3.py for tasks to queue
[2023-10-29 13:18:56,558] {logging_mixin.py:115} INFO - [2023-10-29 13:18:56,557] {dagbag.py:507} INFO - Filling up the DagBag from /home/gabriel/Documents/project_finance/venv/lib/python3.9/site-packages/airflow/example_dags/example_branch_python_dop_operator_3.py
[2023-10-29 13:18:56,566] {processor.py:651} INFO - DAG(s) dict_keys(['example_branch_dop_operator_v3']) retrieved from /home/gabriel/Documents/project_finance/venv/lib/python3.9/site-packages/airflow/example_dags/example_branch_python_dop_operator_3.py
[2023-10-29 13:18:56,618] {logging_mixin.py:115} INFO - [2023-10-29 13:18:56,618] {manager.py:508} INFO - Created Permission View: can edit on DAG:example_branch_dop_operator_v3
[2023-10-29 13:18:56,625] {logging_mixin.py:115} INFO - [2023-10-29 13:18:56,625] {manager.py:508} INFO - Created Permission View: can read on DAG:example_branch_dop_operator_v3
[2023-10-29 13:18:56,631] {logging_mixin.py:115} INFO - [2023-10-29 13:18:56,631] {manager.py:508} INFO - Created Permission View: can delete on DAG:example_branch_dop_operator_v3
[2023-10-29 13:18:56,631] {logging_mixin.py:115} INFO - [2023-10-29 13:18:56,631] {dag.py:2379} INFO - Sync 1 DAGs
[2023-10-29 13:18:56,637] {logging_mixin.py:115} INFO - [2023-10-29 13:18:56,637] {dag.py:2398} INFO - Creating ORM DAG for example_branch_dop_operator_v3
[2023-10-29 13:18:56,647] {logging_mixin.py:115} INFO - [2023-10-29 13:18:56,647] {dag.py:2927} INFO - Setting next_dagrun for example_branch_dop_operator_v3 to 2023-10-29T16:17:00+00:00, run_after=2023-10-29T16:18:00+00:00
[2023-10-29 13:18:56,656] {processor.py:161} INFO - Processing /home/gabriel/Documents/project_finance/venv/lib/python3.9/site-packages/airflow/example_dags/example_branch_python_dop_operator_3.py took 0.103 seconds
[2023-10-29 13:20:09,840] {processor.py:153} INFO - Started process (PID=3695) to work on /home/gabriel/Documents/project_finance/venv/lib/python3.9/site-packages/airflow/example_dags/example_branch_python_dop_operator_3.py
[2023-10-29 13:20:09,840] {processor.py:641} INFO - Processing file /home/gabriel/Documents/project_finance/venv/lib/python3.9/site-packages/airflow/example_dags/example_branch_python_dop_operator_3.py for tasks to queue
[2023-10-29 13:20:09,841] {logging_mixin.py:115} INFO - [2023-10-29 13:20:09,841] {dagbag.py:507} INFO - Filling up the DagBag from /home/gabriel/Documents/project_finance/venv/lib/python3.9/site-packages/airflow/example_dags/example_branch_python_dop_operator_3.py
[2023-10-29 13:20:09,854] {processor.py:651} INFO - DAG(s) dict_keys(['example_branch_dop_operator_v3']) retrieved from /home/gabriel/Documents/project_finance/venv/lib/python3.9/site-packages/airflow/example_dags/example_branch_python_dop_operator_3.py
[2023-10-29 13:20:09,871] {logging_mixin.py:115} INFO - [2023-10-29 13:20:09,871] {dag.py:2379} INFO - Sync 1 DAGs
[2023-10-29 13:20:09,896] {logging_mixin.py:115} INFO - [2023-10-29 13:20:09,896] {dag.py:2927} INFO - Setting next_dagrun for example_branch_dop_operator_v3 to 2023-10-29T16:19:00+00:00, run_after=2023-10-29T16:20:00+00:00
[2023-10-29 13:20:09,912] {processor.py:161} INFO - Processing /home/gabriel/Documents/project_finance/venv/lib/python3.9/site-packages/airflow/example_dags/example_branch_python_dop_operator_3.py took 0.076 seconds
[2023-10-29 13:20:45,553] {processor.py:153} INFO - Started process (PID=3951) to work on /home/gabriel/Documents/project_finance/venv/lib/python3.9/site-packages/airflow/example_dags/example_branch_python_dop_operator_3.py
[2023-10-29 13:20:45,554] {processor.py:641} INFO - Processing file /home/gabriel/Documents/project_finance/venv/lib/python3.9/site-packages/airflow/example_dags/example_branch_python_dop_operator_3.py for tasks to queue
[2023-10-29 13:20:45,555] {logging_mixin.py:115} INFO - [2023-10-29 13:20:45,554] {dagbag.py:507} INFO - Filling up the DagBag from /home/gabriel/Documents/project_finance/venv/lib/python3.9/site-packages/airflow/example_dags/example_branch_python_dop_operator_3.py
[2023-10-29 13:20:45,564] {processor.py:651} INFO - DAG(s) dict_keys(['example_branch_dop_operator_v3']) retrieved from /home/gabriel/Documents/project_finance/venv/lib/python3.9/site-packages/airflow/example_dags/example_branch_python_dop_operator_3.py
[2023-10-29 13:20:45,587] {logging_mixin.py:115} INFO - [2023-10-29 13:20:45,587] {dag.py:2379} INFO - Sync 1 DAGs
[2023-10-29 13:20:45,630] {logging_mixin.py:115} INFO - [2023-10-29 13:20:45,630] {dag.py:2927} INFO - Setting next_dagrun for example_branch_dop_operator_v3 to 2023-10-29T16:19:00+00:00, run_after=2023-10-29T16:20:00+00:00
[2023-10-29 13:20:45,652] {processor.py:161} INFO - Processing /home/gabriel/Documents/project_finance/venv/lib/python3.9/site-packages/airflow/example_dags/example_branch_python_dop_operator_3.py took 0.101 seconds
[2023-10-29 13:21:20,010] {processor.py:153} INFO - Started process (PID=4347) to work on /home/gabriel/Documents/project_finance/venv/lib/python3.9/site-packages/airflow/example_dags/example_branch_python_dop_operator_3.py
[2023-10-29 13:21:20,011] {processor.py:641} INFO - Processing file /home/gabriel/Documents/project_finance/venv/lib/python3.9/site-packages/airflow/example_dags/example_branch_python_dop_operator_3.py for tasks to queue
[2023-10-29 13:21:20,011] {logging_mixin.py:115} INFO - [2023-10-29 13:21:20,011] {dagbag.py:507} INFO - Filling up the DagBag from /home/gabriel/Documents/project_finance/venv/lib/python3.9/site-packages/airflow/example_dags/example_branch_python_dop_operator_3.py
[2023-10-29 13:21:20,020] {processor.py:651} INFO - DAG(s) dict_keys(['example_branch_dop_operator_v3']) retrieved from /home/gabriel/Documents/project_finance/venv/lib/python3.9/site-packages/airflow/example_dags/example_branch_python_dop_operator_3.py
[2023-10-29 13:21:20,034] {logging_mixin.py:115} INFO - [2023-10-29 13:21:20,034] {dag.py:2379} INFO - Sync 1 DAGs
[2023-10-29 13:21:20,054] {logging_mixin.py:115} INFO - [2023-10-29 13:21:20,054] {dag.py:2927} INFO - Setting next_dagrun for example_branch_dop_operator_v3 to 2023-10-29T16:20:00+00:00, run_after=2023-10-29T16:21:00+00:00
[2023-10-29 13:21:20,066] {processor.py:161} INFO - Processing /home/gabriel/Documents/project_finance/venv/lib/python3.9/site-packages/airflow/example_dags/example_branch_python_dop_operator_3.py took 0.059 seconds
[2023-10-29 13:21:56,545] {processor.py:153} INFO - Started process (PID=4480) to work on /home/gabriel/Documents/project_finance/venv/lib/python3.9/site-packages/airflow/example_dags/example_branch_python_dop_operator_3.py
[2023-10-29 13:21:56,546] {processor.py:641} INFO - Processing file /home/gabriel/Documents/project_finance/venv/lib/python3.9/site-packages/airflow/example_dags/example_branch_python_dop_operator_3.py for tasks to queue
[2023-10-29 13:21:56,547] {logging_mixin.py:115} INFO - [2023-10-29 13:21:56,547] {dagbag.py:507} INFO - Filling up the DagBag from /home/gabriel/Documents/project_finance/venv/lib/python3.9/site-packages/airflow/example_dags/example_branch_python_dop_operator_3.py
[2023-10-29 13:21:56,556] {processor.py:651} INFO - DAG(s) dict_keys(['example_branch_dop_operator_v3']) retrieved from /home/gabriel/Documents/project_finance/venv/lib/python3.9/site-packages/airflow/example_dags/example_branch_python_dop_operator_3.py
[2023-10-29 13:21:56,570] {logging_mixin.py:115} INFO - [2023-10-29 13:21:56,570] {dag.py:2379} INFO - Sync 1 DAGs
[2023-10-29 13:21:56,589] {logging_mixin.py:115} INFO - [2023-10-29 13:21:56,588] {dag.py:2927} INFO - Setting next_dagrun for example_branch_dop_operator_v3 to 2023-10-29T16:20:00+00:00, run_after=2023-10-29T16:21:00+00:00
[2023-10-29 13:21:56,601] {processor.py:161} INFO - Processing /home/gabriel/Documents/project_finance/venv/lib/python3.9/site-packages/airflow/example_dags/example_branch_python_dop_operator_3.py took 0.060 seconds
[2023-10-29 13:22:27,539] {processor.py:153} INFO - Started process (PID=4556) to work on /home/gabriel/Documents/project_finance/venv/lib/python3.9/site-packages/airflow/example_dags/example_branch_python_dop_operator_3.py
[2023-10-29 13:22:27,539] {processor.py:641} INFO - Processing file /home/gabriel/Documents/project_finance/venv/lib/python3.9/site-packages/airflow/example_dags/example_branch_python_dop_operator_3.py for tasks to queue
[2023-10-29 13:22:27,539] {logging_mixin.py:115} INFO - [2023-10-29 13:22:27,539] {dagbag.py:507} INFO - Filling up the DagBag from /home/gabriel/Documents/project_finance/venv/lib/python3.9/site-packages/airflow/example_dags/example_branch_python_dop_operator_3.py
[2023-10-29 13:22:27,548] {processor.py:651} INFO - DAG(s) dict_keys(['example_branch_dop_operator_v3']) retrieved from /home/gabriel/Documents/project_finance/venv/lib/python3.9/site-packages/airflow/example_dags/example_branch_python_dop_operator_3.py
[2023-10-29 13:22:27,562] {logging_mixin.py:115} INFO - [2023-10-29 13:22:27,562] {dag.py:2379} INFO - Sync 1 DAGs
[2023-10-29 13:22:27,579] {logging_mixin.py:115} INFO - [2023-10-29 13:22:27,579] {dag.py:2927} INFO - Setting next_dagrun for example_branch_dop_operator_v3 to 2023-10-29T16:21:00+00:00, run_after=2023-10-29T16:22:00+00:00
[2023-10-29 13:22:27,591] {processor.py:161} INFO - Processing /home/gabriel/Documents/project_finance/venv/lib/python3.9/site-packages/airflow/example_dags/example_branch_python_dop_operator_3.py took 0.055 seconds
[2023-10-29 13:22:31,941] {processor.py:153} INFO - Started process (PID=4564) to work on /home/gabriel/Documents/project_finance/venv/lib/python3.9/site-packages/airflow/example_dags/example_branch_python_dop_operator_3.py
[2023-10-29 13:22:31,941] {processor.py:641} INFO - Processing file /home/gabriel/Documents/project_finance/venv/lib/python3.9/site-packages/airflow/example_dags/example_branch_python_dop_operator_3.py for tasks to queue
[2023-10-29 13:22:31,942] {logging_mixin.py:115} INFO - [2023-10-29 13:22:31,942] {dagbag.py:507} INFO - Filling up the DagBag from /home/gabriel/Documents/project_finance/venv/lib/python3.9/site-packages/airflow/example_dags/example_branch_python_dop_operator_3.py
[2023-10-29 13:22:31,950] {processor.py:651} INFO - DAG(s) dict_keys(['example_branch_dop_operator_v3']) retrieved from /home/gabriel/Documents/project_finance/venv/lib/python3.9/site-packages/airflow/example_dags/example_branch_python_dop_operator_3.py
[2023-10-29 13:22:31,963] {logging_mixin.py:115} INFO - [2023-10-29 13:22:31,963] {dag.py:2379} INFO - Sync 1 DAGs
[2023-10-29 13:22:31,981] {logging_mixin.py:115} INFO - [2023-10-29 13:22:31,980] {dag.py:2927} INFO - Setting next_dagrun for example_branch_dop_operator_v3 to 2023-10-29T16:21:00+00:00, run_after=2023-10-29T16:22:00+00:00
[2023-10-29 13:22:31,993] {processor.py:161} INFO - Processing /home/gabriel/Documents/project_finance/venv/lib/python3.9/site-packages/airflow/example_dags/example_branch_python_dop_operator_3.py took 0.055 seconds
[2023-10-29 13:23:07,875] {processor.py:153} INFO - Started process (PID=4679) to work on /home/gabriel/Documents/project_finance/venv/lib/python3.9/site-packages/airflow/example_dags/example_branch_python_dop_operator_3.py
[2023-10-29 13:23:07,875] {processor.py:641} INFO - Processing file /home/gabriel/Documents/project_finance/venv/lib/python3.9/site-packages/airflow/example_dags/example_branch_python_dop_operator_3.py for tasks to queue
[2023-10-29 13:23:07,876] {logging_mixin.py:115} INFO - [2023-10-29 13:23:07,876] {dagbag.py:507} INFO - Filling up the DagBag from /home/gabriel/Documents/project_finance/venv/lib/python3.9/site-packages/airflow/example_dags/example_branch_python_dop_operator_3.py
[2023-10-29 13:23:07,884] {processor.py:651} INFO - DAG(s) dict_keys(['example_branch_dop_operator_v3']) retrieved from /home/gabriel/Documents/project_finance/venv/lib/python3.9/site-packages/airflow/example_dags/example_branch_python_dop_operator_3.py
[2023-10-29 13:23:07,898] {logging_mixin.py:115} INFO - [2023-10-29 13:23:07,898] {dag.py:2379} INFO - Sync 1 DAGs
[2023-10-29 13:23:07,917] {logging_mixin.py:115} INFO - [2023-10-29 13:23:07,917] {dag.py:2927} INFO - Setting next_dagrun for example_branch_dop_operator_v3 to 2023-10-29T16:22:00+00:00, run_after=2023-10-29T16:23:00+00:00
[2023-10-29 13:23:07,931] {processor.py:161} INFO - Processing /home/gabriel/Documents/project_finance/venv/lib/python3.9/site-packages/airflow/example_dags/example_branch_python_dop_operator_3.py took 0.059 seconds
