[2023-10-29 11:26:52,608] {processor.py:153} INFO - Started process (PID=13205) to work on /home/gabriel/Documents/project_finance/venv/lib/python3.9/site-packages/airflow/example_dags/example_bash_operator.py
[2023-10-29 11:26:52,609] {processor.py:641} INFO - Processing file /home/gabriel/Documents/project_finance/venv/lib/python3.9/site-packages/airflow/example_dags/example_bash_operator.py for tasks to queue
[2023-10-29 11:26:52,610] {logging_mixin.py:115} INFO - [2023-10-29 11:26:52,610] {dagbag.py:507} INFO - Filling up the DagBag from /home/gabriel/Documents/project_finance/venv/lib/python3.9/site-packages/airflow/example_dags/example_bash_operator.py
[2023-10-29 11:26:52,637] {processor.py:651} INFO - DAG(s) dict_keys(['example_bash_operator']) retrieved from /home/gabriel/Documents/project_finance/venv/lib/python3.9/site-packages/airflow/example_dags/example_bash_operator.py
[2023-10-29 11:26:52,673] {logging_mixin.py:115} INFO - [2023-10-29 11:26:52,673] {dag.py:2379} INFO - Sync 1 DAGs
[2023-10-29 11:26:52,706] {logging_mixin.py:115} INFO - [2023-10-29 11:26:52,706] {dag.py:2927} INFO - Setting next_dagrun for example_bash_operator to 2023-10-28T00:00:00+00:00, run_after=2023-10-29T00:00:00+00:00
[2023-10-29 11:26:52,715] {processor.py:161} INFO - Processing /home/gabriel/Documents/project_finance/venv/lib/python3.9/site-packages/airflow/example_dags/example_bash_operator.py took 0.115 seconds
[2023-10-29 13:18:51,329] {processor.py:153} INFO - Started process (PID=3590) to work on /home/gabriel/Documents/project_finance/venv/lib/python3.9/site-packages/airflow/example_dags/example_bash_operator.py
[2023-10-29 13:18:51,330] {processor.py:641} INFO - Processing file /home/gabriel/Documents/project_finance/venv/lib/python3.9/site-packages/airflow/example_dags/example_bash_operator.py for tasks to queue
[2023-10-29 13:18:51,331] {logging_mixin.py:115} INFO - [2023-10-29 13:18:51,331] {dagbag.py:507} INFO - Filling up the DagBag from /home/gabriel/Documents/project_finance/venv/lib/python3.9/site-packages/airflow/example_dags/example_bash_operator.py
[2023-10-29 13:18:51,342] {processor.py:651} INFO - DAG(s) dict_keys(['example_bash_operator']) retrieved from /home/gabriel/Documents/project_finance/venv/lib/python3.9/site-packages/airflow/example_dags/example_bash_operator.py
[2023-10-29 13:18:51,392] {logging_mixin.py:115} INFO - [2023-10-29 13:18:51,392] {manager.py:508} INFO - Created Permission View: can edit on DAG:example_bash_operator
[2023-10-29 13:18:51,399] {logging_mixin.py:115} INFO - [2023-10-29 13:18:51,398] {manager.py:508} INFO - Created Permission View: can read on DAG:example_bash_operator
[2023-10-29 13:18:51,403] {logging_mixin.py:115} INFO - [2023-10-29 13:18:51,403] {manager.py:508} INFO - Created Permission View: can delete on DAG:example_bash_operator
[2023-10-29 13:18:51,403] {logging_mixin.py:115} INFO - [2023-10-29 13:18:51,403] {dag.py:2379} INFO - Sync 1 DAGs
[2023-10-29 13:18:51,409] {logging_mixin.py:115} INFO - [2023-10-29 13:18:51,409] {dag.py:2398} INFO - Creating ORM DAG for example_bash_operator
[2023-10-29 13:18:51,417] {logging_mixin.py:115} INFO - [2023-10-29 13:18:51,417] {dag.py:2927} INFO - Setting next_dagrun for example_bash_operator to 2023-10-28T00:00:00+00:00, run_after=2023-10-29T00:00:00+00:00
[2023-10-29 13:18:51,428] {processor.py:161} INFO - Processing /home/gabriel/Documents/project_finance/venv/lib/python3.9/site-packages/airflow/example_dags/example_bash_operator.py took 0.104 seconds
[2023-10-29 13:19:26,043] {processor.py:153} INFO - Started process (PID=3625) to work on /home/gabriel/Documents/project_finance/venv/lib/python3.9/site-packages/airflow/example_dags/example_bash_operator.py
[2023-10-29 13:19:26,044] {processor.py:641} INFO - Processing file /home/gabriel/Documents/project_finance/venv/lib/python3.9/site-packages/airflow/example_dags/example_bash_operator.py for tasks to queue
[2023-10-29 13:19:26,044] {logging_mixin.py:115} INFO - [2023-10-29 13:19:26,044] {dagbag.py:507} INFO - Filling up the DagBag from /home/gabriel/Documents/project_finance/venv/lib/python3.9/site-packages/airflow/example_dags/example_bash_operator.py
[2023-10-29 13:19:26,054] {processor.py:651} INFO - DAG(s) dict_keys(['example_bash_operator']) retrieved from /home/gabriel/Documents/project_finance/venv/lib/python3.9/site-packages/airflow/example_dags/example_bash_operator.py
[2023-10-29 13:19:26,068] {logging_mixin.py:115} INFO - [2023-10-29 13:19:26,068] {dag.py:2379} INFO - Sync 1 DAGs
[2023-10-29 13:19:26,085] {logging_mixin.py:115} INFO - [2023-10-29 13:19:26,085] {dag.py:2927} INFO - Setting next_dagrun for example_bash_operator to 2023-10-28T00:00:00+00:00, run_after=2023-10-29T00:00:00+00:00
[2023-10-29 13:19:26,094] {processor.py:161} INFO - Processing /home/gabriel/Documents/project_finance/venv/lib/python3.9/site-packages/airflow/example_dags/example_bash_operator.py took 0.054 seconds
[2023-10-29 13:20:04,692] {processor.py:153} INFO - Started process (PID=3689) to work on /home/gabriel/Documents/project_finance/venv/lib/python3.9/site-packages/airflow/example_dags/example_bash_operator.py
[2023-10-29 13:20:04,693] {processor.py:641} INFO - Processing file /home/gabriel/Documents/project_finance/venv/lib/python3.9/site-packages/airflow/example_dags/example_bash_operator.py for tasks to queue
[2023-10-29 13:20:04,693] {logging_mixin.py:115} INFO - [2023-10-29 13:20:04,693] {dagbag.py:507} INFO - Filling up the DagBag from /home/gabriel/Documents/project_finance/venv/lib/python3.9/site-packages/airflow/example_dags/example_bash_operator.py
[2023-10-29 13:20:04,703] {processor.py:651} INFO - DAG(s) dict_keys(['example_bash_operator']) retrieved from /home/gabriel/Documents/project_finance/venv/lib/python3.9/site-packages/airflow/example_dags/example_bash_operator.py
[2023-10-29 13:20:04,717] {logging_mixin.py:115} INFO - [2023-10-29 13:20:04,716] {dag.py:2379} INFO - Sync 1 DAGs
[2023-10-29 13:20:04,734] {logging_mixin.py:115} INFO - [2023-10-29 13:20:04,734] {dag.py:2927} INFO - Setting next_dagrun for example_bash_operator to 2023-10-28T00:00:00+00:00, run_after=2023-10-29T00:00:00+00:00
[2023-10-29 13:20:04,743] {processor.py:161} INFO - Processing /home/gabriel/Documents/project_finance/venv/lib/python3.9/site-packages/airflow/example_dags/example_bash_operator.py took 0.055 seconds
[2023-10-29 13:20:39,798] {processor.py:153} INFO - Started process (PID=3726) to work on /home/gabriel/Documents/project_finance/venv/lib/python3.9/site-packages/airflow/example_dags/example_bash_operator.py
[2023-10-29 13:20:39,798] {processor.py:641} INFO - Processing file /home/gabriel/Documents/project_finance/venv/lib/python3.9/site-packages/airflow/example_dags/example_bash_operator.py for tasks to queue
[2023-10-29 13:20:39,799] {logging_mixin.py:115} INFO - [2023-10-29 13:20:39,799] {dagbag.py:507} INFO - Filling up the DagBag from /home/gabriel/Documents/project_finance/venv/lib/python3.9/site-packages/airflow/example_dags/example_bash_operator.py
[2023-10-29 13:20:39,809] {processor.py:651} INFO - DAG(s) dict_keys(['example_bash_operator']) retrieved from /home/gabriel/Documents/project_finance/venv/lib/python3.9/site-packages/airflow/example_dags/example_bash_operator.py
[2023-10-29 13:20:39,822] {logging_mixin.py:115} INFO - [2023-10-29 13:20:39,822] {dag.py:2379} INFO - Sync 1 DAGs
[2023-10-29 13:20:39,840] {logging_mixin.py:115} INFO - [2023-10-29 13:20:39,840] {dag.py:2927} INFO - Setting next_dagrun for example_bash_operator to 2023-10-28T00:00:00+00:00, run_after=2023-10-29T00:00:00+00:00
[2023-10-29 13:20:39,850] {processor.py:161} INFO - Processing /home/gabriel/Documents/project_finance/venv/lib/python3.9/site-packages/airflow/example_dags/example_bash_operator.py took 0.056 seconds
[2023-10-29 13:21:13,739] {processor.py:153} INFO - Started process (PID=4295) to work on /home/gabriel/Documents/project_finance/venv/lib/python3.9/site-packages/airflow/example_dags/example_bash_operator.py
[2023-10-29 13:21:13,739] {processor.py:641} INFO - Processing file /home/gabriel/Documents/project_finance/venv/lib/python3.9/site-packages/airflow/example_dags/example_bash_operator.py for tasks to queue
[2023-10-29 13:21:13,740] {logging_mixin.py:115} INFO - [2023-10-29 13:21:13,740] {dagbag.py:507} INFO - Filling up the DagBag from /home/gabriel/Documents/project_finance/venv/lib/python3.9/site-packages/airflow/example_dags/example_bash_operator.py
[2023-10-29 13:21:13,751] {processor.py:651} INFO - DAG(s) dict_keys(['example_bash_operator']) retrieved from /home/gabriel/Documents/project_finance/venv/lib/python3.9/site-packages/airflow/example_dags/example_bash_operator.py
[2023-10-29 13:21:13,770] {logging_mixin.py:115} INFO - [2023-10-29 13:21:13,770] {dag.py:2379} INFO - Sync 1 DAGs
[2023-10-29 13:21:13,787] {logging_mixin.py:115} INFO - [2023-10-29 13:21:13,787] {dag.py:2927} INFO - Setting next_dagrun for example_bash_operator to 2023-10-28T00:00:00+00:00, run_after=2023-10-29T00:00:00+00:00
[2023-10-29 13:21:13,797] {processor.py:161} INFO - Processing /home/gabriel/Documents/project_finance/venv/lib/python3.9/site-packages/airflow/example_dags/example_bash_operator.py took 0.061 seconds
[2023-10-29 13:21:47,428] {processor.py:153} INFO - Started process (PID=4469) to work on /home/gabriel/Documents/project_finance/venv/lib/python3.9/site-packages/airflow/example_dags/example_bash_operator.py
[2023-10-29 13:21:47,429] {processor.py:641} INFO - Processing file /home/gabriel/Documents/project_finance/venv/lib/python3.9/site-packages/airflow/example_dags/example_bash_operator.py for tasks to queue
[2023-10-29 13:21:47,429] {logging_mixin.py:115} INFO - [2023-10-29 13:21:47,429] {dagbag.py:507} INFO - Filling up the DagBag from /home/gabriel/Documents/project_finance/venv/lib/python3.9/site-packages/airflow/example_dags/example_bash_operator.py
[2023-10-29 13:21:47,439] {processor.py:651} INFO - DAG(s) dict_keys(['example_bash_operator']) retrieved from /home/gabriel/Documents/project_finance/venv/lib/python3.9/site-packages/airflow/example_dags/example_bash_operator.py
[2023-10-29 13:21:47,453] {logging_mixin.py:115} INFO - [2023-10-29 13:21:47,453] {dag.py:2379} INFO - Sync 1 DAGs
[2023-10-29 13:21:47,469] {logging_mixin.py:115} INFO - [2023-10-29 13:21:47,469] {dag.py:2927} INFO - Setting next_dagrun for example_bash_operator to 2023-10-28T00:00:00+00:00, run_after=2023-10-29T00:00:00+00:00
[2023-10-29 13:21:47,478] {processor.py:161} INFO - Processing /home/gabriel/Documents/project_finance/venv/lib/python3.9/site-packages/airflow/example_dags/example_bash_operator.py took 0.053 seconds
[2023-10-29 13:22:20,684] {processor.py:153} INFO - Started process (PID=4542) to work on /home/gabriel/Documents/project_finance/venv/lib/python3.9/site-packages/airflow/example_dags/example_bash_operator.py
[2023-10-29 13:22:20,685] {processor.py:641} INFO - Processing file /home/gabriel/Documents/project_finance/venv/lib/python3.9/site-packages/airflow/example_dags/example_bash_operator.py for tasks to queue
[2023-10-29 13:22:20,685] {logging_mixin.py:115} INFO - [2023-10-29 13:22:20,685] {dagbag.py:507} INFO - Filling up the DagBag from /home/gabriel/Documents/project_finance/venv/lib/python3.9/site-packages/airflow/example_dags/example_bash_operator.py
[2023-10-29 13:22:20,695] {processor.py:651} INFO - DAG(s) dict_keys(['example_bash_operator']) retrieved from /home/gabriel/Documents/project_finance/venv/lib/python3.9/site-packages/airflow/example_dags/example_bash_operator.py
[2023-10-29 13:22:20,709] {logging_mixin.py:115} INFO - [2023-10-29 13:22:20,708] {dag.py:2379} INFO - Sync 1 DAGs
[2023-10-29 13:22:20,725] {logging_mixin.py:115} INFO - [2023-10-29 13:22:20,725] {dag.py:2927} INFO - Setting next_dagrun for example_bash_operator to 2023-10-28T00:00:00+00:00, run_after=2023-10-29T00:00:00+00:00
[2023-10-29 13:22:20,741] {processor.py:161} INFO - Processing /home/gabriel/Documents/project_finance/venv/lib/python3.9/site-packages/airflow/example_dags/example_bash_operator.py took 0.060 seconds
[2023-10-29 13:22:22,846] {processor.py:153} INFO - Started process (PID=4546) to work on /home/gabriel/Documents/project_finance/venv/lib/python3.9/site-packages/airflow/example_dags/example_bash_operator.py
[2023-10-29 13:22:22,846] {processor.py:641} INFO - Processing file /home/gabriel/Documents/project_finance/venv/lib/python3.9/site-packages/airflow/example_dags/example_bash_operator.py for tasks to queue
[2023-10-29 13:22:22,847] {logging_mixin.py:115} INFO - [2023-10-29 13:22:22,847] {dagbag.py:507} INFO - Filling up the DagBag from /home/gabriel/Documents/project_finance/venv/lib/python3.9/site-packages/airflow/example_dags/example_bash_operator.py
[2023-10-29 13:22:22,857] {processor.py:651} INFO - DAG(s) dict_keys(['example_bash_operator']) retrieved from /home/gabriel/Documents/project_finance/venv/lib/python3.9/site-packages/airflow/example_dags/example_bash_operator.py
[2023-10-29 13:22:22,870] {logging_mixin.py:115} INFO - [2023-10-29 13:22:22,870] {dag.py:2379} INFO - Sync 1 DAGs
[2023-10-29 13:22:22,886] {logging_mixin.py:115} INFO - [2023-10-29 13:22:22,886] {dag.py:2927} INFO - Setting next_dagrun for example_bash_operator to 2023-10-28T00:00:00+00:00, run_after=2023-10-29T00:00:00+00:00
[2023-10-29 13:22:22,895] {processor.py:161} INFO - Processing /home/gabriel/Documents/project_finance/venv/lib/python3.9/site-packages/airflow/example_dags/example_bash_operator.py took 0.052 seconds
[2023-10-29 13:22:55,369] {processor.py:153} INFO - Started process (PID=4611) to work on /home/gabriel/Documents/project_finance/venv/lib/python3.9/site-packages/airflow/example_dags/example_bash_operator.py
[2023-10-29 13:22:55,369] {processor.py:641} INFO - Processing file /home/gabriel/Documents/project_finance/venv/lib/python3.9/site-packages/airflow/example_dags/example_bash_operator.py for tasks to queue
[2023-10-29 13:22:55,370] {logging_mixin.py:115} INFO - [2023-10-29 13:22:55,370] {dagbag.py:507} INFO - Filling up the DagBag from /home/gabriel/Documents/project_finance/venv/lib/python3.9/site-packages/airflow/example_dags/example_bash_operator.py
[2023-10-29 13:22:55,381] {processor.py:651} INFO - DAG(s) dict_keys(['example_bash_operator']) retrieved from /home/gabriel/Documents/project_finance/venv/lib/python3.9/site-packages/airflow/example_dags/example_bash_operator.py
[2023-10-29 13:22:55,396] {logging_mixin.py:115} INFO - [2023-10-29 13:22:55,395] {dag.py:2379} INFO - Sync 1 DAGs
[2023-10-29 13:22:55,413] {logging_mixin.py:115} INFO - [2023-10-29 13:22:55,413] {dag.py:2927} INFO - Setting next_dagrun for example_bash_operator to 2023-10-28T00:00:00+00:00, run_after=2023-10-29T00:00:00+00:00
[2023-10-29 13:22:55,423] {processor.py:161} INFO - Processing /home/gabriel/Documents/project_finance/venv/lib/python3.9/site-packages/airflow/example_dags/example_bash_operator.py took 0.057 seconds
