[2023-10-29 11:26:47,876] {processor.py:153} INFO - Started process (PID=13171) to work on /home/gabriel/Documents/project_finance/venv/lib/python3.9/site-packages/airflow/example_dags/example_subdag_operator.py
[2023-10-29 11:26:47,877] {processor.py:641} INFO - Processing file /home/gabriel/Documents/project_finance/venv/lib/python3.9/site-packages/airflow/example_dags/example_subdag_operator.py for tasks to queue
[2023-10-29 11:26:47,878] {logging_mixin.py:115} INFO - [2023-10-29 11:26:47,878] {dagbag.py:507} INFO - Filling up the DagBag from /home/gabriel/Documents/project_finance/venv/lib/python3.9/site-packages/airflow/example_dags/example_subdag_operator.py
[2023-10-29 11:26:47,927] {processor.py:651} INFO - DAG(s) dict_keys(['example_subdag_operator.section-1', 'example_subdag_operator.section-2', 'example_subdag_operator']) retrieved from /home/gabriel/Documents/project_finance/venv/lib/python3.9/site-packages/airflow/example_dags/example_subdag_operator.py
[2023-10-29 11:26:47,963] {logging_mixin.py:115} INFO - [2023-10-29 11:26:47,963] {dag.py:2379} INFO - Sync 3 DAGs
[2023-10-29 11:26:47,997] {logging_mixin.py:115} INFO - [2023-10-29 11:26:47,997] {dag.py:2927} INFO - Setting next_dagrun for example_subdag_operator to 2022-01-01T00:00:00+00:00, run_after=2022-01-01T00:00:00+00:00
[2023-10-29 11:26:47,997] {logging_mixin.py:115} INFO - [2023-10-29 11:26:47,997] {dag.py:2927} INFO - Setting next_dagrun for example_subdag_operator.section-1 to None, run_after=None
[2023-10-29 11:26:47,997] {logging_mixin.py:115} INFO - [2023-10-29 11:26:47,997] {dag.py:2927} INFO - Setting next_dagrun for example_subdag_operator.section-2 to None, run_after=None
[2023-10-29 11:26:48,005] {logging_mixin.py:115} INFO - [2023-10-29 11:26:48,005] {dag.py:2379} INFO - Sync 2 DAGs
[2023-10-29 11:26:48,008] {logging_mixin.py:115} INFO - [2023-10-29 11:26:48,008] {dag.py:2927} INFO - Setting next_dagrun for example_subdag_operator.section-1 to None, run_after=None
[2023-10-29 11:26:48,008] {logging_mixin.py:115} INFO - [2023-10-29 11:26:48,008] {dag.py:2927} INFO - Setting next_dagrun for example_subdag_operator.section-2 to None, run_after=None
[2023-10-29 11:26:48,016] {processor.py:161} INFO - Processing /home/gabriel/Documents/project_finance/venv/lib/python3.9/site-packages/airflow/example_dags/example_subdag_operator.py took 0.153 seconds
[2023-10-29 13:18:47,204] {processor.py:153} INFO - Started process (PID=3585) to work on /home/gabriel/Documents/project_finance/venv/lib/python3.9/site-packages/airflow/example_dags/example_subdag_operator.py
[2023-10-29 13:18:47,205] {processor.py:641} INFO - Processing file /home/gabriel/Documents/project_finance/venv/lib/python3.9/site-packages/airflow/example_dags/example_subdag_operator.py for tasks to queue
[2023-10-29 13:18:47,205] {logging_mixin.py:115} INFO - [2023-10-29 13:18:47,205] {dagbag.py:507} INFO - Filling up the DagBag from /home/gabriel/Documents/project_finance/venv/lib/python3.9/site-packages/airflow/example_dags/example_subdag_operator.py
[2023-10-29 13:18:47,222] {processor.py:651} INFO - DAG(s) dict_keys(['example_subdag_operator.section-1', 'example_subdag_operator.section-2', 'example_subdag_operator']) retrieved from /home/gabriel/Documents/project_finance/venv/lib/python3.9/site-packages/airflow/example_dags/example_subdag_operator.py
[2023-10-29 13:18:47,282] {logging_mixin.py:115} INFO - [2023-10-29 13:18:47,282] {manager.py:508} INFO - Created Permission View: can edit on DAG:example_subdag_operator
[2023-10-29 13:18:47,288] {logging_mixin.py:115} INFO - [2023-10-29 13:18:47,288] {manager.py:508} INFO - Created Permission View: can read on DAG:example_subdag_operator
[2023-10-29 13:18:47,293] {logging_mixin.py:115} INFO - [2023-10-29 13:18:47,293] {manager.py:508} INFO - Created Permission View: can delete on DAG:example_subdag_operator
[2023-10-29 13:18:47,293] {logging_mixin.py:115} INFO - [2023-10-29 13:18:47,293] {dag.py:2379} INFO - Sync 3 DAGs
[2023-10-29 13:18:47,300] {logging_mixin.py:115} INFO - [2023-10-29 13:18:47,300] {dag.py:2398} INFO - Creating ORM DAG for example_subdag_operator.section-2
[2023-10-29 13:18:47,300] {logging_mixin.py:115} INFO - [2023-10-29 13:18:47,300] {dag.py:2398} INFO - Creating ORM DAG for example_subdag_operator.section-1
[2023-10-29 13:18:47,300] {logging_mixin.py:115} INFO - [2023-10-29 13:18:47,300] {dag.py:2398} INFO - Creating ORM DAG for example_subdag_operator
[2023-10-29 13:18:47,307] {logging_mixin.py:115} INFO - [2023-10-29 13:18:47,307] {dag.py:2927} INFO - Setting next_dagrun for example_subdag_operator to 2022-01-01T00:00:00+00:00, run_after=2022-01-01T00:00:00+00:00
[2023-10-29 13:18:47,307] {logging_mixin.py:115} INFO - [2023-10-29 13:18:47,307] {dag.py:2927} INFO - Setting next_dagrun for example_subdag_operator.section-1 to None, run_after=None
[2023-10-29 13:18:47,307] {logging_mixin.py:115} INFO - [2023-10-29 13:18:47,307] {dag.py:2927} INFO - Setting next_dagrun for example_subdag_operator.section-2 to None, run_after=None
[2023-10-29 13:18:47,313] {logging_mixin.py:115} INFO - [2023-10-29 13:18:47,313] {dag.py:2379} INFO - Sync 2 DAGs
[2023-10-29 13:18:47,316] {logging_mixin.py:115} INFO - [2023-10-29 13:18:47,316] {dag.py:2927} INFO - Setting next_dagrun for example_subdag_operator.section-1 to None, run_after=None
[2023-10-29 13:18:47,316] {logging_mixin.py:115} INFO - [2023-10-29 13:18:47,316] {dag.py:2927} INFO - Setting next_dagrun for example_subdag_operator.section-2 to None, run_after=None
[2023-10-29 13:18:47,323] {processor.py:161} INFO - Processing /home/gabriel/Documents/project_finance/venv/lib/python3.9/site-packages/airflow/example_dags/example_subdag_operator.py took 0.123 seconds
[2023-10-29 13:19:22,233] {processor.py:153} INFO - Started process (PID=3621) to work on /home/gabriel/Documents/project_finance/venv/lib/python3.9/site-packages/airflow/example_dags/example_subdag_operator.py
[2023-10-29 13:19:22,234] {processor.py:641} INFO - Processing file /home/gabriel/Documents/project_finance/venv/lib/python3.9/site-packages/airflow/example_dags/example_subdag_operator.py for tasks to queue
[2023-10-29 13:19:22,235] {logging_mixin.py:115} INFO - [2023-10-29 13:19:22,235] {dagbag.py:507} INFO - Filling up the DagBag from /home/gabriel/Documents/project_finance/venv/lib/python3.9/site-packages/airflow/example_dags/example_subdag_operator.py
[2023-10-29 13:19:22,256] {processor.py:651} INFO - DAG(s) dict_keys(['example_subdag_operator.section-1', 'example_subdag_operator.section-2', 'example_subdag_operator']) retrieved from /home/gabriel/Documents/project_finance/venv/lib/python3.9/site-packages/airflow/example_dags/example_subdag_operator.py
[2023-10-29 13:19:22,272] {logging_mixin.py:115} INFO - [2023-10-29 13:19:22,272] {dag.py:2379} INFO - Sync 3 DAGs
[2023-10-29 13:19:22,290] {logging_mixin.py:115} INFO - [2023-10-29 13:19:22,290] {dag.py:2927} INFO - Setting next_dagrun for example_subdag_operator to 2022-01-01T00:00:00+00:00, run_after=2022-01-01T00:00:00+00:00
[2023-10-29 13:19:22,291] {logging_mixin.py:115} INFO - [2023-10-29 13:19:22,291] {dag.py:2927} INFO - Setting next_dagrun for example_subdag_operator.section-1 to None, run_after=None
[2023-10-29 13:19:22,291] {logging_mixin.py:115} INFO - [2023-10-29 13:19:22,291] {dag.py:2927} INFO - Setting next_dagrun for example_subdag_operator.section-2 to None, run_after=None
[2023-10-29 13:19:22,295] {logging_mixin.py:115} INFO - [2023-10-29 13:19:22,295] {dag.py:2379} INFO - Sync 2 DAGs
[2023-10-29 13:19:22,299] {logging_mixin.py:115} INFO - [2023-10-29 13:19:22,299] {dag.py:2927} INFO - Setting next_dagrun for example_subdag_operator.section-1 to None, run_after=None
[2023-10-29 13:19:22,299] {logging_mixin.py:115} INFO - [2023-10-29 13:19:22,299] {dag.py:2927} INFO - Setting next_dagrun for example_subdag_operator.section-2 to None, run_after=None
[2023-10-29 13:19:22,306] {processor.py:161} INFO - Processing /home/gabriel/Documents/project_finance/venv/lib/python3.9/site-packages/airflow/example_dags/example_subdag_operator.py took 0.075 seconds
[2023-10-29 13:20:00,692] {processor.py:153} INFO - Started process (PID=3685) to work on /home/gabriel/Documents/project_finance/venv/lib/python3.9/site-packages/airflow/example_dags/example_subdag_operator.py
[2023-10-29 13:20:00,693] {processor.py:641} INFO - Processing file /home/gabriel/Documents/project_finance/venv/lib/python3.9/site-packages/airflow/example_dags/example_subdag_operator.py for tasks to queue
[2023-10-29 13:20:00,694] {logging_mixin.py:115} INFO - [2023-10-29 13:20:00,694] {dagbag.py:507} INFO - Filling up the DagBag from /home/gabriel/Documents/project_finance/venv/lib/python3.9/site-packages/airflow/example_dags/example_subdag_operator.py
[2023-10-29 13:20:00,711] {processor.py:651} INFO - DAG(s) dict_keys(['example_subdag_operator.section-1', 'example_subdag_operator.section-2', 'example_subdag_operator']) retrieved from /home/gabriel/Documents/project_finance/venv/lib/python3.9/site-packages/airflow/example_dags/example_subdag_operator.py
[2023-10-29 13:20:00,725] {logging_mixin.py:115} INFO - [2023-10-29 13:20:00,725] {dag.py:2379} INFO - Sync 3 DAGs
[2023-10-29 13:20:00,742] {logging_mixin.py:115} INFO - [2023-10-29 13:20:00,742] {dag.py:2927} INFO - Setting next_dagrun for example_subdag_operator to 2022-01-01T00:00:00+00:00, run_after=2022-01-01T00:00:00+00:00
[2023-10-29 13:20:00,742] {logging_mixin.py:115} INFO - [2023-10-29 13:20:00,742] {dag.py:2927} INFO - Setting next_dagrun for example_subdag_operator.section-1 to None, run_after=None
[2023-10-29 13:20:00,742] {logging_mixin.py:115} INFO - [2023-10-29 13:20:00,742] {dag.py:2927} INFO - Setting next_dagrun for example_subdag_operator.section-2 to None, run_after=None
[2023-10-29 13:20:00,746] {logging_mixin.py:115} INFO - [2023-10-29 13:20:00,746] {dag.py:2379} INFO - Sync 2 DAGs
[2023-10-29 13:20:00,749] {logging_mixin.py:115} INFO - [2023-10-29 13:20:00,749] {dag.py:2927} INFO - Setting next_dagrun for example_subdag_operator.section-1 to None, run_after=None
[2023-10-29 13:20:00,749] {logging_mixin.py:115} INFO - [2023-10-29 13:20:00,749] {dag.py:2927} INFO - Setting next_dagrun for example_subdag_operator.section-2 to None, run_after=None
[2023-10-29 13:20:00,755] {processor.py:161} INFO - Processing /home/gabriel/Documents/project_finance/venv/lib/python3.9/site-packages/airflow/example_dags/example_subdag_operator.py took 0.065 seconds
[2023-10-29 13:20:35,576] {processor.py:153} INFO - Started process (PID=3722) to work on /home/gabriel/Documents/project_finance/venv/lib/python3.9/site-packages/airflow/example_dags/example_subdag_operator.py
[2023-10-29 13:20:35,576] {processor.py:641} INFO - Processing file /home/gabriel/Documents/project_finance/venv/lib/python3.9/site-packages/airflow/example_dags/example_subdag_operator.py for tasks to queue
[2023-10-29 13:20:35,577] {logging_mixin.py:115} INFO - [2023-10-29 13:20:35,577] {dagbag.py:507} INFO - Filling up the DagBag from /home/gabriel/Documents/project_finance/venv/lib/python3.9/site-packages/airflow/example_dags/example_subdag_operator.py
[2023-10-29 13:20:35,594] {processor.py:651} INFO - DAG(s) dict_keys(['example_subdag_operator.section-1', 'example_subdag_operator.section-2', 'example_subdag_operator']) retrieved from /home/gabriel/Documents/project_finance/venv/lib/python3.9/site-packages/airflow/example_dags/example_subdag_operator.py
[2023-10-29 13:20:35,609] {logging_mixin.py:115} INFO - [2023-10-29 13:20:35,609] {dag.py:2379} INFO - Sync 3 DAGs
[2023-10-29 13:20:35,625] {logging_mixin.py:115} INFO - [2023-10-29 13:20:35,624] {dag.py:2927} INFO - Setting next_dagrun for example_subdag_operator to 2022-01-01T00:00:00+00:00, run_after=2022-01-01T00:00:00+00:00
[2023-10-29 13:20:35,625] {logging_mixin.py:115} INFO - [2023-10-29 13:20:35,625] {dag.py:2927} INFO - Setting next_dagrun for example_subdag_operator.section-1 to None, run_after=None
[2023-10-29 13:20:35,625] {logging_mixin.py:115} INFO - [2023-10-29 13:20:35,625] {dag.py:2927} INFO - Setting next_dagrun for example_subdag_operator.section-2 to None, run_after=None
[2023-10-29 13:20:35,629] {logging_mixin.py:115} INFO - [2023-10-29 13:20:35,629] {dag.py:2379} INFO - Sync 2 DAGs
[2023-10-29 13:20:35,632] {logging_mixin.py:115} INFO - [2023-10-29 13:20:35,632] {dag.py:2927} INFO - Setting next_dagrun for example_subdag_operator.section-1 to None, run_after=None
[2023-10-29 13:20:35,632] {logging_mixin.py:115} INFO - [2023-10-29 13:20:35,632] {dag.py:2927} INFO - Setting next_dagrun for example_subdag_operator.section-2 to None, run_after=None
[2023-10-29 13:20:35,637] {processor.py:161} INFO - Processing /home/gabriel/Documents/project_finance/venv/lib/python3.9/site-packages/airflow/example_dags/example_subdag_operator.py took 0.064 seconds
[2023-10-29 13:21:10,066] {processor.py:153} INFO - Started process (PID=4288) to work on /home/gabriel/Documents/project_finance/venv/lib/python3.9/site-packages/airflow/example_dags/example_subdag_operator.py
[2023-10-29 13:21:10,066] {processor.py:641} INFO - Processing file /home/gabriel/Documents/project_finance/venv/lib/python3.9/site-packages/airflow/example_dags/example_subdag_operator.py for tasks to queue
[2023-10-29 13:21:10,067] {logging_mixin.py:115} INFO - [2023-10-29 13:21:10,067] {dagbag.py:507} INFO - Filling up the DagBag from /home/gabriel/Documents/project_finance/venv/lib/python3.9/site-packages/airflow/example_dags/example_subdag_operator.py
[2023-10-29 13:21:10,084] {processor.py:651} INFO - DAG(s) dict_keys(['example_subdag_operator.section-1', 'example_subdag_operator.section-2', 'example_subdag_operator']) retrieved from /home/gabriel/Documents/project_finance/venv/lib/python3.9/site-packages/airflow/example_dags/example_subdag_operator.py
[2023-10-29 13:21:10,100] {logging_mixin.py:115} INFO - [2023-10-29 13:21:10,100] {dag.py:2379} INFO - Sync 3 DAGs
[2023-10-29 13:21:10,116] {logging_mixin.py:115} INFO - [2023-10-29 13:21:10,116] {dag.py:2927} INFO - Setting next_dagrun for example_subdag_operator to 2022-01-01T00:00:00+00:00, run_after=2022-01-01T00:00:00+00:00
[2023-10-29 13:21:10,116] {logging_mixin.py:115} INFO - [2023-10-29 13:21:10,116] {dag.py:2927} INFO - Setting next_dagrun for example_subdag_operator.section-1 to None, run_after=None
[2023-10-29 13:21:10,116] {logging_mixin.py:115} INFO - [2023-10-29 13:21:10,116] {dag.py:2927} INFO - Setting next_dagrun for example_subdag_operator.section-2 to None, run_after=None
[2023-10-29 13:21:10,120] {logging_mixin.py:115} INFO - [2023-10-29 13:21:10,120] {dag.py:2379} INFO - Sync 2 DAGs
[2023-10-29 13:21:10,123] {logging_mixin.py:115} INFO - [2023-10-29 13:21:10,123] {dag.py:2927} INFO - Setting next_dagrun for example_subdag_operator.section-1 to None, run_after=None
[2023-10-29 13:21:10,123] {logging_mixin.py:115} INFO - [2023-10-29 13:21:10,123] {dag.py:2927} INFO - Setting next_dagrun for example_subdag_operator.section-2 to None, run_after=None
[2023-10-29 13:21:10,130] {processor.py:161} INFO - Processing /home/gabriel/Documents/project_finance/venv/lib/python3.9/site-packages/airflow/example_dags/example_subdag_operator.py took 0.067 seconds
[2023-10-29 13:21:43,429] {processor.py:153} INFO - Started process (PID=4465) to work on /home/gabriel/Documents/project_finance/venv/lib/python3.9/site-packages/airflow/example_dags/example_subdag_operator.py
[2023-10-29 13:21:43,430] {processor.py:641} INFO - Processing file /home/gabriel/Documents/project_finance/venv/lib/python3.9/site-packages/airflow/example_dags/example_subdag_operator.py for tasks to queue
[2023-10-29 13:21:43,431] {logging_mixin.py:115} INFO - [2023-10-29 13:21:43,431] {dagbag.py:507} INFO - Filling up the DagBag from /home/gabriel/Documents/project_finance/venv/lib/python3.9/site-packages/airflow/example_dags/example_subdag_operator.py
[2023-10-29 13:21:43,449] {processor.py:651} INFO - DAG(s) dict_keys(['example_subdag_operator.section-1', 'example_subdag_operator.section-2', 'example_subdag_operator']) retrieved from /home/gabriel/Documents/project_finance/venv/lib/python3.9/site-packages/airflow/example_dags/example_subdag_operator.py
[2023-10-29 13:21:43,465] {logging_mixin.py:115} INFO - [2023-10-29 13:21:43,465] {dag.py:2379} INFO - Sync 3 DAGs
[2023-10-29 13:21:43,484] {logging_mixin.py:115} INFO - [2023-10-29 13:21:43,483] {dag.py:2927} INFO - Setting next_dagrun for example_subdag_operator to 2022-01-01T00:00:00+00:00, run_after=2022-01-01T00:00:00+00:00
[2023-10-29 13:21:43,484] {logging_mixin.py:115} INFO - [2023-10-29 13:21:43,484] {dag.py:2927} INFO - Setting next_dagrun for example_subdag_operator.section-1 to None, run_after=None
[2023-10-29 13:21:43,484] {logging_mixin.py:115} INFO - [2023-10-29 13:21:43,484] {dag.py:2927} INFO - Setting next_dagrun for example_subdag_operator.section-2 to None, run_after=None
[2023-10-29 13:21:43,489] {logging_mixin.py:115} INFO - [2023-10-29 13:21:43,489] {dag.py:2379} INFO - Sync 2 DAGs
[2023-10-29 13:21:43,492] {logging_mixin.py:115} INFO - [2023-10-29 13:21:43,492] {dag.py:2927} INFO - Setting next_dagrun for example_subdag_operator.section-1 to None, run_after=None
[2023-10-29 13:21:43,493] {logging_mixin.py:115} INFO - [2023-10-29 13:21:43,493] {dag.py:2927} INFO - Setting next_dagrun for example_subdag_operator.section-2 to None, run_after=None
[2023-10-29 13:21:43,502] {processor.py:161} INFO - Processing /home/gabriel/Documents/project_finance/venv/lib/python3.9/site-packages/airflow/example_dags/example_subdag_operator.py took 0.076 seconds
[2023-10-29 13:22:17,640] {processor.py:153} INFO - Started process (PID=4535) to work on /home/gabriel/Documents/project_finance/venv/lib/python3.9/site-packages/airflow/example_dags/example_subdag_operator.py
[2023-10-29 13:22:17,641] {processor.py:641} INFO - Processing file /home/gabriel/Documents/project_finance/venv/lib/python3.9/site-packages/airflow/example_dags/example_subdag_operator.py for tasks to queue
[2023-10-29 13:22:17,641] {logging_mixin.py:115} INFO - [2023-10-29 13:22:17,641] {dagbag.py:507} INFO - Filling up the DagBag from /home/gabriel/Documents/project_finance/venv/lib/python3.9/site-packages/airflow/example_dags/example_subdag_operator.py
[2023-10-29 13:22:17,665] {processor.py:651} INFO - DAG(s) dict_keys(['example_subdag_operator.section-1', 'example_subdag_operator.section-2', 'example_subdag_operator']) retrieved from /home/gabriel/Documents/project_finance/venv/lib/python3.9/site-packages/airflow/example_dags/example_subdag_operator.py
[2023-10-29 13:22:17,683] {logging_mixin.py:115} INFO - [2023-10-29 13:22:17,683] {dag.py:2379} INFO - Sync 3 DAGs
[2023-10-29 13:22:17,700] {logging_mixin.py:115} INFO - [2023-10-29 13:22:17,699] {dag.py:2927} INFO - Setting next_dagrun for example_subdag_operator to 2022-01-01T00:00:00+00:00, run_after=2022-01-01T00:00:00+00:00
[2023-10-29 13:22:17,700] {logging_mixin.py:115} INFO - [2023-10-29 13:22:17,700] {dag.py:2927} INFO - Setting next_dagrun for example_subdag_operator.section-1 to None, run_after=None
[2023-10-29 13:22:17,700] {logging_mixin.py:115} INFO - [2023-10-29 13:22:17,700] {dag.py:2927} INFO - Setting next_dagrun for example_subdag_operator.section-2 to None, run_after=None
[2023-10-29 13:22:17,706] {logging_mixin.py:115} INFO - [2023-10-29 13:22:17,706] {dag.py:2379} INFO - Sync 2 DAGs
[2023-10-29 13:22:17,709] {logging_mixin.py:115} INFO - [2023-10-29 13:22:17,709] {dag.py:2927} INFO - Setting next_dagrun for example_subdag_operator.section-1 to None, run_after=None
[2023-10-29 13:22:17,709] {logging_mixin.py:115} INFO - [2023-10-29 13:22:17,709] {dag.py:2927} INFO - Setting next_dagrun for example_subdag_operator.section-2 to None, run_after=None
[2023-10-29 13:22:17,718] {processor.py:161} INFO - Processing /home/gabriel/Documents/project_finance/venv/lib/python3.9/site-packages/airflow/example_dags/example_subdag_operator.py took 0.081 seconds
[2023-10-29 13:22:18,845] {processor.py:153} INFO - Started process (PID=4538) to work on /home/gabriel/Documents/project_finance/venv/lib/python3.9/site-packages/airflow/example_dags/example_subdag_operator.py
[2023-10-29 13:22:18,846] {processor.py:641} INFO - Processing file /home/gabriel/Documents/project_finance/venv/lib/python3.9/site-packages/airflow/example_dags/example_subdag_operator.py for tasks to queue
[2023-10-29 13:22:18,847] {logging_mixin.py:115} INFO - [2023-10-29 13:22:18,847] {dagbag.py:507} INFO - Filling up the DagBag from /home/gabriel/Documents/project_finance/venv/lib/python3.9/site-packages/airflow/example_dags/example_subdag_operator.py
[2023-10-29 13:22:18,866] {processor.py:651} INFO - DAG(s) dict_keys(['example_subdag_operator.section-1', 'example_subdag_operator.section-2', 'example_subdag_operator']) retrieved from /home/gabriel/Documents/project_finance/venv/lib/python3.9/site-packages/airflow/example_dags/example_subdag_operator.py
[2023-10-29 13:22:18,880] {logging_mixin.py:115} INFO - [2023-10-29 13:22:18,880] {dag.py:2379} INFO - Sync 3 DAGs
[2023-10-29 13:22:18,896] {logging_mixin.py:115} INFO - [2023-10-29 13:22:18,896] {dag.py:2927} INFO - Setting next_dagrun for example_subdag_operator to 2022-01-01T00:00:00+00:00, run_after=2022-01-01T00:00:00+00:00
[2023-10-29 13:22:18,897] {logging_mixin.py:115} INFO - [2023-10-29 13:22:18,897] {dag.py:2927} INFO - Setting next_dagrun for example_subdag_operator.section-1 to None, run_after=None
[2023-10-29 13:22:18,897] {logging_mixin.py:115} INFO - [2023-10-29 13:22:18,897] {dag.py:2927} INFO - Setting next_dagrun for example_subdag_operator.section-2 to None, run_after=None
[2023-10-29 13:22:18,902] {logging_mixin.py:115} INFO - [2023-10-29 13:22:18,902] {dag.py:2379} INFO - Sync 2 DAGs
[2023-10-29 13:22:18,904] {logging_mixin.py:115} INFO - [2023-10-29 13:22:18,904] {dag.py:2927} INFO - Setting next_dagrun for example_subdag_operator.section-1 to None, run_after=None
[2023-10-29 13:22:18,905] {logging_mixin.py:115} INFO - [2023-10-29 13:22:18,905] {dag.py:2927} INFO - Setting next_dagrun for example_subdag_operator.section-2 to None, run_after=None
[2023-10-29 13:22:18,911] {processor.py:161} INFO - Processing /home/gabriel/Documents/project_finance/venv/lib/python3.9/site-packages/airflow/example_dags/example_subdag_operator.py took 0.069 seconds
[2023-10-29 13:22:50,231] {processor.py:153} INFO - Started process (PID=4601) to work on /home/gabriel/Documents/project_finance/venv/lib/python3.9/site-packages/airflow/example_dags/example_subdag_operator.py
[2023-10-29 13:22:50,232] {processor.py:641} INFO - Processing file /home/gabriel/Documents/project_finance/venv/lib/python3.9/site-packages/airflow/example_dags/example_subdag_operator.py for tasks to queue
[2023-10-29 13:22:50,232] {logging_mixin.py:115} INFO - [2023-10-29 13:22:50,232] {dagbag.py:507} INFO - Filling up the DagBag from /home/gabriel/Documents/project_finance/venv/lib/python3.9/site-packages/airflow/example_dags/example_subdag_operator.py
[2023-10-29 13:22:50,254] {processor.py:651} INFO - DAG(s) dict_keys(['example_subdag_operator.section-1', 'example_subdag_operator.section-2', 'example_subdag_operator']) retrieved from /home/gabriel/Documents/project_finance/venv/lib/python3.9/site-packages/airflow/example_dags/example_subdag_operator.py
[2023-10-29 13:22:50,269] {logging_mixin.py:115} INFO - [2023-10-29 13:22:50,269] {dag.py:2379} INFO - Sync 3 DAGs
[2023-10-29 13:22:50,285] {logging_mixin.py:115} INFO - [2023-10-29 13:22:50,285] {dag.py:2927} INFO - Setting next_dagrun for example_subdag_operator to 2022-01-01T00:00:00+00:00, run_after=2022-01-01T00:00:00+00:00
[2023-10-29 13:22:50,286] {logging_mixin.py:115} INFO - [2023-10-29 13:22:50,286] {dag.py:2927} INFO - Setting next_dagrun for example_subdag_operator.section-1 to None, run_after=None
[2023-10-29 13:22:50,286] {logging_mixin.py:115} INFO - [2023-10-29 13:22:50,286] {dag.py:2927} INFO - Setting next_dagrun for example_subdag_operator.section-2 to None, run_after=None
[2023-10-29 13:22:50,292] {logging_mixin.py:115} INFO - [2023-10-29 13:22:50,292] {dag.py:2379} INFO - Sync 2 DAGs
[2023-10-29 13:22:50,295] {logging_mixin.py:115} INFO - [2023-10-29 13:22:50,295] {dag.py:2927} INFO - Setting next_dagrun for example_subdag_operator.section-1 to None, run_after=None
[2023-10-29 13:22:50,295] {logging_mixin.py:115} INFO - [2023-10-29 13:22:50,295] {dag.py:2927} INFO - Setting next_dagrun for example_subdag_operator.section-2 to None, run_after=None
[2023-10-29 13:22:50,301] {processor.py:161} INFO - Processing /home/gabriel/Documents/project_finance/venv/lib/python3.9/site-packages/airflow/example_dags/example_subdag_operator.py took 0.073 seconds
