[2023-10-29 11:26:56,914] {processor.py:153} INFO - Started process (PID=13233) to work on /home/gabriel/Documents/project_finance/venv/lib/python3.9/site-packages/airflow/example_dags/example_branch_operator_decorator.py
[2023-10-29 11:26:56,915] {processor.py:641} INFO - Processing file /home/gabriel/Documents/project_finance/venv/lib/python3.9/site-packages/airflow/example_dags/example_branch_operator_decorator.py for tasks to queue
[2023-10-29 11:26:56,917] {logging_mixin.py:115} INFO - [2023-10-29 11:26:56,916] {dagbag.py:507} INFO - Filling up the DagBag from /home/gabriel/Documents/project_finance/venv/lib/python3.9/site-packages/airflow/example_dags/example_branch_operator_decorator.py
[2023-10-29 11:26:56,945] {processor.py:651} INFO - DAG(s) dict_keys(['example_branch_python_operator_decorator']) retrieved from /home/gabriel/Documents/project_finance/venv/lib/python3.9/site-packages/airflow/example_dags/example_branch_operator_decorator.py
[2023-10-29 11:26:56,969] {logging_mixin.py:115} INFO - [2023-10-29 11:26:56,969] {dag.py:2379} INFO - Sync 1 DAGs
[2023-10-29 11:26:56,989] {logging_mixin.py:115} INFO - [2023-10-29 11:26:56,989] {dag.py:2927} INFO - Setting next_dagrun for example_branch_python_operator_decorator to 2023-10-28T00:00:00+00:00, run_after=2023-10-29T00:00:00+00:00
[2023-10-29 11:26:57,003] {processor.py:161} INFO - Processing /home/gabriel/Documents/project_finance/venv/lib/python3.9/site-packages/airflow/example_dags/example_branch_operator_decorator.py took 0.100 seconds
[2023-10-29 13:18:55,317] {processor.py:153} INFO - Started process (PID=3594) to work on /home/gabriel/Documents/project_finance/venv/lib/python3.9/site-packages/airflow/example_dags/example_branch_operator_decorator.py
[2023-10-29 13:18:55,318] {processor.py:641} INFO - Processing file /home/gabriel/Documents/project_finance/venv/lib/python3.9/site-packages/airflow/example_dags/example_branch_operator_decorator.py for tasks to queue
[2023-10-29 13:18:55,319] {logging_mixin.py:115} INFO - [2023-10-29 13:18:55,319] {dagbag.py:507} INFO - Filling up the DagBag from /home/gabriel/Documents/project_finance/venv/lib/python3.9/site-packages/airflow/example_dags/example_branch_operator_decorator.py
[2023-10-29 13:18:55,335] {processor.py:651} INFO - DAG(s) dict_keys(['example_branch_python_operator_decorator']) retrieved from /home/gabriel/Documents/project_finance/venv/lib/python3.9/site-packages/airflow/example_dags/example_branch_operator_decorator.py
[2023-10-29 13:18:55,384] {logging_mixin.py:115} INFO - [2023-10-29 13:18:55,384] {manager.py:508} INFO - Created Permission View: can edit on DAG:example_branch_python_operator_decorator
[2023-10-29 13:18:55,391] {logging_mixin.py:115} INFO - [2023-10-29 13:18:55,391] {manager.py:508} INFO - Created Permission View: can read on DAG:example_branch_python_operator_decorator
[2023-10-29 13:18:55,400] {logging_mixin.py:115} INFO - [2023-10-29 13:18:55,400] {manager.py:508} INFO - Created Permission View: can delete on DAG:example_branch_python_operator_decorator
[2023-10-29 13:18:55,401] {logging_mixin.py:115} INFO - [2023-10-29 13:18:55,400] {dag.py:2379} INFO - Sync 1 DAGs
[2023-10-29 13:18:55,406] {logging_mixin.py:115} INFO - [2023-10-29 13:18:55,406] {dag.py:2398} INFO - Creating ORM DAG for example_branch_python_operator_decorator
[2023-10-29 13:18:55,416] {logging_mixin.py:115} INFO - [2023-10-29 13:18:55,416] {dag.py:2927} INFO - Setting next_dagrun for example_branch_python_operator_decorator to 2023-10-28T00:00:00+00:00, run_after=2023-10-29T00:00:00+00:00
[2023-10-29 13:18:55,428] {processor.py:161} INFO - Processing /home/gabriel/Documents/project_finance/venv/lib/python3.9/site-packages/airflow/example_dags/example_branch_operator_decorator.py took 0.114 seconds
[2023-10-29 13:19:29,625] {processor.py:153} INFO - Started process (PID=3630) to work on /home/gabriel/Documents/project_finance/venv/lib/python3.9/site-packages/airflow/example_dags/example_branch_operator_decorator.py
[2023-10-29 13:19:29,626] {processor.py:641} INFO - Processing file /home/gabriel/Documents/project_finance/venv/lib/python3.9/site-packages/airflow/example_dags/example_branch_operator_decorator.py for tasks to queue
[2023-10-29 13:19:29,626] {logging_mixin.py:115} INFO - [2023-10-29 13:19:29,626] {dagbag.py:507} INFO - Filling up the DagBag from /home/gabriel/Documents/project_finance/venv/lib/python3.9/site-packages/airflow/example_dags/example_branch_operator_decorator.py
[2023-10-29 13:19:29,643] {processor.py:651} INFO - DAG(s) dict_keys(['example_branch_python_operator_decorator']) retrieved from /home/gabriel/Documents/project_finance/venv/lib/python3.9/site-packages/airflow/example_dags/example_branch_operator_decorator.py
[2023-10-29 13:19:29,657] {logging_mixin.py:115} INFO - [2023-10-29 13:19:29,657] {dag.py:2379} INFO - Sync 1 DAGs
[2023-10-29 13:19:29,677] {logging_mixin.py:115} INFO - [2023-10-29 13:19:29,676] {dag.py:2927} INFO - Setting next_dagrun for example_branch_python_operator_decorator to 2023-10-28T00:00:00+00:00, run_after=2023-10-29T00:00:00+00:00
[2023-10-29 13:19:29,686] {processor.py:161} INFO - Processing /home/gabriel/Documents/project_finance/venv/lib/python3.9/site-packages/airflow/example_dags/example_branch_operator_decorator.py took 0.064 seconds
[2023-10-29 13:20:09,298] {processor.py:153} INFO - Started process (PID=3694) to work on /home/gabriel/Documents/project_finance/venv/lib/python3.9/site-packages/airflow/example_dags/example_branch_operator_decorator.py
[2023-10-29 13:20:09,301] {processor.py:641} INFO - Processing file /home/gabriel/Documents/project_finance/venv/lib/python3.9/site-packages/airflow/example_dags/example_branch_operator_decorator.py for tasks to queue
[2023-10-29 13:20:09,302] {logging_mixin.py:115} INFO - [2023-10-29 13:20:09,302] {dagbag.py:507} INFO - Filling up the DagBag from /home/gabriel/Documents/project_finance/venv/lib/python3.9/site-packages/airflow/example_dags/example_branch_operator_decorator.py
[2023-10-29 13:20:09,331] {processor.py:651} INFO - DAG(s) dict_keys(['example_branch_python_operator_decorator']) retrieved from /home/gabriel/Documents/project_finance/venv/lib/python3.9/site-packages/airflow/example_dags/example_branch_operator_decorator.py
[2023-10-29 13:20:09,355] {logging_mixin.py:115} INFO - [2023-10-29 13:20:09,355] {dag.py:2379} INFO - Sync 1 DAGs
[2023-10-29 13:20:09,456] {logging_mixin.py:115} INFO - [2023-10-29 13:20:09,456] {dag.py:2927} INFO - Setting next_dagrun for example_branch_python_operator_decorator to 2023-10-28T00:00:00+00:00, run_after=2023-10-29T00:00:00+00:00
[2023-10-29 13:20:09,482] {processor.py:161} INFO - Processing /home/gabriel/Documents/project_finance/venv/lib/python3.9/site-packages/airflow/example_dags/example_branch_operator_decorator.py took 0.196 seconds
[2023-10-29 13:20:44,258] {processor.py:153} INFO - Started process (PID=3937) to work on /home/gabriel/Documents/project_finance/venv/lib/python3.9/site-packages/airflow/example_dags/example_branch_operator_decorator.py
[2023-10-29 13:20:44,261] {processor.py:641} INFO - Processing file /home/gabriel/Documents/project_finance/venv/lib/python3.9/site-packages/airflow/example_dags/example_branch_operator_decorator.py for tasks to queue
[2023-10-29 13:20:44,265] {logging_mixin.py:115} INFO - [2023-10-29 13:20:44,264] {dagbag.py:507} INFO - Filling up the DagBag from /home/gabriel/Documents/project_finance/venv/lib/python3.9/site-packages/airflow/example_dags/example_branch_operator_decorator.py
[2023-10-29 13:20:44,344] {processor.py:651} INFO - DAG(s) dict_keys(['example_branch_python_operator_decorator']) retrieved from /home/gabriel/Documents/project_finance/venv/lib/python3.9/site-packages/airflow/example_dags/example_branch_operator_decorator.py
[2023-10-29 13:20:44,405] {logging_mixin.py:115} INFO - [2023-10-29 13:20:44,405] {dag.py:2379} INFO - Sync 1 DAGs
[2023-10-29 13:20:44,428] {logging_mixin.py:115} INFO - [2023-10-29 13:20:44,428] {dag.py:2927} INFO - Setting next_dagrun for example_branch_python_operator_decorator to 2023-10-28T00:00:00+00:00, run_after=2023-10-29T00:00:00+00:00
[2023-10-29 13:20:44,439] {processor.py:161} INFO - Processing /home/gabriel/Documents/project_finance/venv/lib/python3.9/site-packages/airflow/example_dags/example_branch_operator_decorator.py took 0.204 seconds
[2023-10-29 13:21:18,882] {processor.py:153} INFO - Started process (PID=4323) to work on /home/gabriel/Documents/project_finance/venv/lib/python3.9/site-packages/airflow/example_dags/example_branch_operator_decorator.py
[2023-10-29 13:21:18,883] {processor.py:641} INFO - Processing file /home/gabriel/Documents/project_finance/venv/lib/python3.9/site-packages/airflow/example_dags/example_branch_operator_decorator.py for tasks to queue
[2023-10-29 13:21:18,883] {logging_mixin.py:115} INFO - [2023-10-29 13:21:18,883] {dagbag.py:507} INFO - Filling up the DagBag from /home/gabriel/Documents/project_finance/venv/lib/python3.9/site-packages/airflow/example_dags/example_branch_operator_decorator.py
[2023-10-29 13:21:18,903] {processor.py:651} INFO - DAG(s) dict_keys(['example_branch_python_operator_decorator']) retrieved from /home/gabriel/Documents/project_finance/venv/lib/python3.9/site-packages/airflow/example_dags/example_branch_operator_decorator.py
[2023-10-29 13:21:18,918] {logging_mixin.py:115} INFO - [2023-10-29 13:21:18,918] {dag.py:2379} INFO - Sync 1 DAGs
[2023-10-29 13:21:18,935] {logging_mixin.py:115} INFO - [2023-10-29 13:21:18,935] {dag.py:2927} INFO - Setting next_dagrun for example_branch_python_operator_decorator to 2023-10-28T00:00:00+00:00, run_after=2023-10-29T00:00:00+00:00
[2023-10-29 13:21:18,945] {processor.py:161} INFO - Processing /home/gabriel/Documents/project_finance/venv/lib/python3.9/site-packages/airflow/example_dags/example_branch_operator_decorator.py took 0.065 seconds
[2023-10-29 13:21:55,414] {processor.py:153} INFO - Started process (PID=4478) to work on /home/gabriel/Documents/project_finance/venv/lib/python3.9/site-packages/airflow/example_dags/example_branch_operator_decorator.py
[2023-10-29 13:21:55,415] {processor.py:641} INFO - Processing file /home/gabriel/Documents/project_finance/venv/lib/python3.9/site-packages/airflow/example_dags/example_branch_operator_decorator.py for tasks to queue
[2023-10-29 13:21:55,416] {logging_mixin.py:115} INFO - [2023-10-29 13:21:55,416] {dagbag.py:507} INFO - Filling up the DagBag from /home/gabriel/Documents/project_finance/venv/lib/python3.9/site-packages/airflow/example_dags/example_branch_operator_decorator.py
[2023-10-29 13:21:55,432] {processor.py:651} INFO - DAG(s) dict_keys(['example_branch_python_operator_decorator']) retrieved from /home/gabriel/Documents/project_finance/venv/lib/python3.9/site-packages/airflow/example_dags/example_branch_operator_decorator.py
[2023-10-29 13:21:55,446] {logging_mixin.py:115} INFO - [2023-10-29 13:21:55,446] {dag.py:2379} INFO - Sync 1 DAGs
[2023-10-29 13:21:55,466] {logging_mixin.py:115} INFO - [2023-10-29 13:21:55,466] {dag.py:2927} INFO - Setting next_dagrun for example_branch_python_operator_decorator to 2023-10-28T00:00:00+00:00, run_after=2023-10-29T00:00:00+00:00
[2023-10-29 13:21:55,476] {processor.py:161} INFO - Processing /home/gabriel/Documents/project_finance/venv/lib/python3.9/site-packages/airflow/example_dags/example_branch_operator_decorator.py took 0.064 seconds
[2023-10-29 13:22:27,364] {processor.py:153} INFO - Started process (PID=4555) to work on /home/gabriel/Documents/project_finance/venv/lib/python3.9/site-packages/airflow/example_dags/example_branch_operator_decorator.py
[2023-10-29 13:22:27,364] {processor.py:641} INFO - Processing file /home/gabriel/Documents/project_finance/venv/lib/python3.9/site-packages/airflow/example_dags/example_branch_operator_decorator.py for tasks to queue
[2023-10-29 13:22:27,365] {logging_mixin.py:115} INFO - [2023-10-29 13:22:27,364] {dagbag.py:507} INFO - Filling up the DagBag from /home/gabriel/Documents/project_finance/venv/lib/python3.9/site-packages/airflow/example_dags/example_branch_operator_decorator.py
[2023-10-29 13:22:27,380] {processor.py:651} INFO - DAG(s) dict_keys(['example_branch_python_operator_decorator']) retrieved from /home/gabriel/Documents/project_finance/venv/lib/python3.9/site-packages/airflow/example_dags/example_branch_operator_decorator.py
[2023-10-29 13:22:27,393] {logging_mixin.py:115} INFO - [2023-10-29 13:22:27,393] {dag.py:2379} INFO - Sync 1 DAGs
[2023-10-29 13:22:27,415] {logging_mixin.py:115} INFO - [2023-10-29 13:22:27,414] {dag.py:2927} INFO - Setting next_dagrun for example_branch_python_operator_decorator to 2023-10-28T00:00:00+00:00, run_after=2023-10-29T00:00:00+00:00
[2023-10-29 13:22:27,425] {processor.py:161} INFO - Processing /home/gabriel/Documents/project_finance/venv/lib/python3.9/site-packages/airflow/example_dags/example_branch_operator_decorator.py took 0.064 seconds
[2023-10-29 13:22:28,522] {processor.py:153} INFO - Started process (PID=4560) to work on /home/gabriel/Documents/project_finance/venv/lib/python3.9/site-packages/airflow/example_dags/example_branch_operator_decorator.py
[2023-10-29 13:22:28,522] {processor.py:641} INFO - Processing file /home/gabriel/Documents/project_finance/venv/lib/python3.9/site-packages/airflow/example_dags/example_branch_operator_decorator.py for tasks to queue
[2023-10-29 13:22:28,523] {logging_mixin.py:115} INFO - [2023-10-29 13:22:28,523] {dagbag.py:507} INFO - Filling up the DagBag from /home/gabriel/Documents/project_finance/venv/lib/python3.9/site-packages/airflow/example_dags/example_branch_operator_decorator.py
[2023-10-29 13:22:28,538] {processor.py:651} INFO - DAG(s) dict_keys(['example_branch_python_operator_decorator']) retrieved from /home/gabriel/Documents/project_finance/venv/lib/python3.9/site-packages/airflow/example_dags/example_branch_operator_decorator.py
[2023-10-29 13:22:28,552] {logging_mixin.py:115} INFO - [2023-10-29 13:22:28,552] {dag.py:2379} INFO - Sync 1 DAGs
[2023-10-29 13:22:28,569] {logging_mixin.py:115} INFO - [2023-10-29 13:22:28,569] {dag.py:2927} INFO - Setting next_dagrun for example_branch_python_operator_decorator to 2023-10-28T00:00:00+00:00, run_after=2023-10-29T00:00:00+00:00
[2023-10-29 13:22:28,577] {processor.py:161} INFO - Processing /home/gabriel/Documents/project_finance/venv/lib/python3.9/site-packages/airflow/example_dags/example_branch_operator_decorator.py took 0.058 seconds
[2023-10-29 13:23:03,461] {processor.py:153} INFO - Started process (PID=4674) to work on /home/gabriel/Documents/project_finance/venv/lib/python3.9/site-packages/airflow/example_dags/example_branch_operator_decorator.py
[2023-10-29 13:23:03,462] {processor.py:641} INFO - Processing file /home/gabriel/Documents/project_finance/venv/lib/python3.9/site-packages/airflow/example_dags/example_branch_operator_decorator.py for tasks to queue
[2023-10-29 13:23:03,462] {logging_mixin.py:115} INFO - [2023-10-29 13:23:03,462] {dagbag.py:507} INFO - Filling up the DagBag from /home/gabriel/Documents/project_finance/venv/lib/python3.9/site-packages/airflow/example_dags/example_branch_operator_decorator.py
[2023-10-29 13:23:03,478] {processor.py:651} INFO - DAG(s) dict_keys(['example_branch_python_operator_decorator']) retrieved from /home/gabriel/Documents/project_finance/venv/lib/python3.9/site-packages/airflow/example_dags/example_branch_operator_decorator.py
[2023-10-29 13:23:03,493] {logging_mixin.py:115} INFO - [2023-10-29 13:23:03,493] {dag.py:2379} INFO - Sync 1 DAGs
[2023-10-29 13:23:03,511] {logging_mixin.py:115} INFO - [2023-10-29 13:23:03,511] {dag.py:2927} INFO - Setting next_dagrun for example_branch_python_operator_decorator to 2023-10-28T00:00:00+00:00, run_after=2023-10-29T00:00:00+00:00
[2023-10-29 13:23:03,520] {processor.py:161} INFO - Processing /home/gabriel/Documents/project_finance/venv/lib/python3.9/site-packages/airflow/example_dags/example_branch_operator_decorator.py took 0.062 seconds
