[2023-10-29 11:26:50,350] {processor.py:153} INFO - Started process (PID=13187) to work on /home/gabriel/Documents/project_finance/venv/lib/python3.9/site-packages/airflow/example_dags/example_branch_labels.py
[2023-10-29 11:26:50,351] {processor.py:641} INFO - Processing file /home/gabriel/Documents/project_finance/venv/lib/python3.9/site-packages/airflow/example_dags/example_branch_labels.py for tasks to queue
[2023-10-29 11:26:50,351] {logging_mixin.py:115} INFO - [2023-10-29 11:26:50,351] {dagbag.py:507} INFO - Filling up the DagBag from /home/gabriel/Documents/project_finance/venv/lib/python3.9/site-packages/airflow/example_dags/example_branch_labels.py
[2023-10-29 11:26:50,362] {processor.py:651} INFO - DAG(s) dict_keys(['example_branch_labels']) retrieved from /home/gabriel/Documents/project_finance/venv/lib/python3.9/site-packages/airflow/example_dags/example_branch_labels.py
[2023-10-29 11:26:50,379] {logging_mixin.py:115} INFO - [2023-10-29 11:26:50,379] {dag.py:2379} INFO - Sync 1 DAGs
[2023-10-29 11:26:50,399] {logging_mixin.py:115} INFO - [2023-10-29 11:26:50,399] {dag.py:2927} INFO - Setting next_dagrun for example_branch_labels to 2023-10-28T00:00:00+00:00, run_after=2023-10-29T00:00:00+00:00
[2023-10-29 11:26:50,414] {processor.py:161} INFO - Processing /home/gabriel/Documents/project_finance/venv/lib/python3.9/site-packages/airflow/example_dags/example_branch_labels.py took 0.068 seconds
[2023-10-29 13:18:49,580] {processor.py:153} INFO - Started process (PID=3588) to work on /home/gabriel/Documents/project_finance/venv/lib/python3.9/site-packages/airflow/example_dags/example_branch_labels.py
[2023-10-29 13:18:49,581] {processor.py:641} INFO - Processing file /home/gabriel/Documents/project_finance/venv/lib/python3.9/site-packages/airflow/example_dags/example_branch_labels.py for tasks to queue
[2023-10-29 13:18:49,582] {logging_mixin.py:115} INFO - [2023-10-29 13:18:49,582] {dagbag.py:507} INFO - Filling up the DagBag from /home/gabriel/Documents/project_finance/venv/lib/python3.9/site-packages/airflow/example_dags/example_branch_labels.py
[2023-10-29 13:18:49,587] {processor.py:651} INFO - DAG(s) dict_keys(['example_branch_labels']) retrieved from /home/gabriel/Documents/project_finance/venv/lib/python3.9/site-packages/airflow/example_dags/example_branch_labels.py
[2023-10-29 13:18:49,638] {logging_mixin.py:115} INFO - [2023-10-29 13:18:49,638] {manager.py:508} INFO - Created Permission View: can edit on DAG:example_branch_labels
[2023-10-29 13:18:49,645] {logging_mixin.py:115} INFO - [2023-10-29 13:18:49,645] {manager.py:508} INFO - Created Permission View: can read on DAG:example_branch_labels
[2023-10-29 13:18:49,650] {logging_mixin.py:115} INFO - [2023-10-29 13:18:49,650] {manager.py:508} INFO - Created Permission View: can delete on DAG:example_branch_labels
[2023-10-29 13:18:49,650] {logging_mixin.py:115} INFO - [2023-10-29 13:18:49,650] {dag.py:2379} INFO - Sync 1 DAGs
[2023-10-29 13:18:49,656] {logging_mixin.py:115} INFO - [2023-10-29 13:18:49,656] {dag.py:2398} INFO - Creating ORM DAG for example_branch_labels
[2023-10-29 13:18:49,664] {logging_mixin.py:115} INFO - [2023-10-29 13:18:49,664] {dag.py:2927} INFO - Setting next_dagrun for example_branch_labels to 2023-10-28T00:00:00+00:00, run_after=2023-10-29T00:00:00+00:00
[2023-10-29 13:18:49,674] {processor.py:161} INFO - Processing /home/gabriel/Documents/project_finance/venv/lib/python3.9/site-packages/airflow/example_dags/example_branch_labels.py took 0.097 seconds
[2023-10-29 13:19:24,490] {processor.py:153} INFO - Started process (PID=3623) to work on /home/gabriel/Documents/project_finance/venv/lib/python3.9/site-packages/airflow/example_dags/example_branch_labels.py
[2023-10-29 13:19:24,492] {processor.py:641} INFO - Processing file /home/gabriel/Documents/project_finance/venv/lib/python3.9/site-packages/airflow/example_dags/example_branch_labels.py for tasks to queue
[2023-10-29 13:19:24,492] {logging_mixin.py:115} INFO - [2023-10-29 13:19:24,492] {dagbag.py:507} INFO - Filling up the DagBag from /home/gabriel/Documents/project_finance/venv/lib/python3.9/site-packages/airflow/example_dags/example_branch_labels.py
[2023-10-29 13:19:24,499] {processor.py:651} INFO - DAG(s) dict_keys(['example_branch_labels']) retrieved from /home/gabriel/Documents/project_finance/venv/lib/python3.9/site-packages/airflow/example_dags/example_branch_labels.py
[2023-10-29 13:19:24,514] {logging_mixin.py:115} INFO - [2023-10-29 13:19:24,513] {dag.py:2379} INFO - Sync 1 DAGs
[2023-10-29 13:19:24,530] {logging_mixin.py:115} INFO - [2023-10-29 13:19:24,530] {dag.py:2927} INFO - Setting next_dagrun for example_branch_labels to 2023-10-28T00:00:00+00:00, run_after=2023-10-29T00:00:00+00:00
[2023-10-29 13:19:24,538] {processor.py:161} INFO - Processing /home/gabriel/Documents/project_finance/venv/lib/python3.9/site-packages/airflow/example_dags/example_branch_labels.py took 0.051 seconds
[2023-10-29 13:20:02,953] {processor.py:153} INFO - Started process (PID=3687) to work on /home/gabriel/Documents/project_finance/venv/lib/python3.9/site-packages/airflow/example_dags/example_branch_labels.py
[2023-10-29 13:20:02,953] {processor.py:641} INFO - Processing file /home/gabriel/Documents/project_finance/venv/lib/python3.9/site-packages/airflow/example_dags/example_branch_labels.py for tasks to queue
[2023-10-29 13:20:02,954] {logging_mixin.py:115} INFO - [2023-10-29 13:20:02,954] {dagbag.py:507} INFO - Filling up the DagBag from /home/gabriel/Documents/project_finance/venv/lib/python3.9/site-packages/airflow/example_dags/example_branch_labels.py
[2023-10-29 13:20:02,960] {processor.py:651} INFO - DAG(s) dict_keys(['example_branch_labels']) retrieved from /home/gabriel/Documents/project_finance/venv/lib/python3.9/site-packages/airflow/example_dags/example_branch_labels.py
[2023-10-29 13:20:02,974] {logging_mixin.py:115} INFO - [2023-10-29 13:20:02,974] {dag.py:2379} INFO - Sync 1 DAGs
[2023-10-29 13:20:02,990] {logging_mixin.py:115} INFO - [2023-10-29 13:20:02,990] {dag.py:2927} INFO - Setting next_dagrun for example_branch_labels to 2023-10-28T00:00:00+00:00, run_after=2023-10-29T00:00:00+00:00
[2023-10-29 13:20:03,000] {processor.py:161} INFO - Processing /home/gabriel/Documents/project_finance/venv/lib/python3.9/site-packages/airflow/example_dags/example_branch_labels.py took 0.050 seconds
[2023-10-29 13:20:37,841] {processor.py:153} INFO - Started process (PID=3724) to work on /home/gabriel/Documents/project_finance/venv/lib/python3.9/site-packages/airflow/example_dags/example_branch_labels.py
[2023-10-29 13:20:37,841] {processor.py:641} INFO - Processing file /home/gabriel/Documents/project_finance/venv/lib/python3.9/site-packages/airflow/example_dags/example_branch_labels.py for tasks to queue
[2023-10-29 13:20:37,842] {logging_mixin.py:115} INFO - [2023-10-29 13:20:37,842] {dagbag.py:507} INFO - Filling up the DagBag from /home/gabriel/Documents/project_finance/venv/lib/python3.9/site-packages/airflow/example_dags/example_branch_labels.py
[2023-10-29 13:20:37,847] {processor.py:651} INFO - DAG(s) dict_keys(['example_branch_labels']) retrieved from /home/gabriel/Documents/project_finance/venv/lib/python3.9/site-packages/airflow/example_dags/example_branch_labels.py
[2023-10-29 13:20:37,863] {logging_mixin.py:115} INFO - [2023-10-29 13:20:37,863] {dag.py:2379} INFO - Sync 1 DAGs
[2023-10-29 13:20:37,879] {logging_mixin.py:115} INFO - [2023-10-29 13:20:37,879] {dag.py:2927} INFO - Setting next_dagrun for example_branch_labels to 2023-10-28T00:00:00+00:00, run_after=2023-10-29T00:00:00+00:00
[2023-10-29 13:20:37,889] {processor.py:161} INFO - Processing /home/gabriel/Documents/project_finance/venv/lib/python3.9/site-packages/airflow/example_dags/example_branch_labels.py took 0.052 seconds
[2023-10-29 13:21:11,469] {processor.py:153} INFO - Started process (PID=4290) to work on /home/gabriel/Documents/project_finance/venv/lib/python3.9/site-packages/airflow/example_dags/example_branch_labels.py
[2023-10-29 13:21:11,470] {processor.py:641} INFO - Processing file /home/gabriel/Documents/project_finance/venv/lib/python3.9/site-packages/airflow/example_dags/example_branch_labels.py for tasks to queue
[2023-10-29 13:21:11,470] {logging_mixin.py:115} INFO - [2023-10-29 13:21:11,470] {dagbag.py:507} INFO - Filling up the DagBag from /home/gabriel/Documents/project_finance/venv/lib/python3.9/site-packages/airflow/example_dags/example_branch_labels.py
[2023-10-29 13:21:11,476] {processor.py:651} INFO - DAG(s) dict_keys(['example_branch_labels']) retrieved from /home/gabriel/Documents/project_finance/venv/lib/python3.9/site-packages/airflow/example_dags/example_branch_labels.py
[2023-10-29 13:21:11,490] {logging_mixin.py:115} INFO - [2023-10-29 13:21:11,490] {dag.py:2379} INFO - Sync 1 DAGs
[2023-10-29 13:21:11,506] {logging_mixin.py:115} INFO - [2023-10-29 13:21:11,506] {dag.py:2927} INFO - Setting next_dagrun for example_branch_labels to 2023-10-28T00:00:00+00:00, run_after=2023-10-29T00:00:00+00:00
[2023-10-29 13:21:11,516] {processor.py:161} INFO - Processing /home/gabriel/Documents/project_finance/venv/lib/python3.9/site-packages/airflow/example_dags/example_branch_labels.py took 0.050 seconds
[2023-10-29 13:21:45,688] {processor.py:153} INFO - Started process (PID=4467) to work on /home/gabriel/Documents/project_finance/venv/lib/python3.9/site-packages/airflow/example_dags/example_branch_labels.py
[2023-10-29 13:21:45,689] {processor.py:641} INFO - Processing file /home/gabriel/Documents/project_finance/venv/lib/python3.9/site-packages/airflow/example_dags/example_branch_labels.py for tasks to queue
[2023-10-29 13:21:45,690] {logging_mixin.py:115} INFO - [2023-10-29 13:21:45,690] {dagbag.py:507} INFO - Filling up the DagBag from /home/gabriel/Documents/project_finance/venv/lib/python3.9/site-packages/airflow/example_dags/example_branch_labels.py
[2023-10-29 13:21:45,695] {processor.py:651} INFO - DAG(s) dict_keys(['example_branch_labels']) retrieved from /home/gabriel/Documents/project_finance/venv/lib/python3.9/site-packages/airflow/example_dags/example_branch_labels.py
[2023-10-29 13:21:45,710] {logging_mixin.py:115} INFO - [2023-10-29 13:21:45,710] {dag.py:2379} INFO - Sync 1 DAGs
[2023-10-29 13:21:45,745] {logging_mixin.py:115} INFO - [2023-10-29 13:21:45,744] {dag.py:2927} INFO - Setting next_dagrun for example_branch_labels to 2023-10-28T00:00:00+00:00, run_after=2023-10-29T00:00:00+00:00
[2023-10-29 13:21:45,754] {processor.py:161} INFO - Processing /home/gabriel/Documents/project_finance/venv/lib/python3.9/site-packages/airflow/example_dags/example_branch_labels.py took 0.069 seconds
[2023-10-29 13:22:19,372] {processor.py:153} INFO - Started process (PID=4539) to work on /home/gabriel/Documents/project_finance/venv/lib/python3.9/site-packages/airflow/example_dags/example_branch_labels.py
[2023-10-29 13:22:19,373] {processor.py:641} INFO - Processing file /home/gabriel/Documents/project_finance/venv/lib/python3.9/site-packages/airflow/example_dags/example_branch_labels.py for tasks to queue
[2023-10-29 13:22:19,373] {logging_mixin.py:115} INFO - [2023-10-29 13:22:19,373] {dagbag.py:507} INFO - Filling up the DagBag from /home/gabriel/Documents/project_finance/venv/lib/python3.9/site-packages/airflow/example_dags/example_branch_labels.py
[2023-10-29 13:22:19,379] {processor.py:651} INFO - DAG(s) dict_keys(['example_branch_labels']) retrieved from /home/gabriel/Documents/project_finance/venv/lib/python3.9/site-packages/airflow/example_dags/example_branch_labels.py
[2023-10-29 13:22:19,393] {logging_mixin.py:115} INFO - [2023-10-29 13:22:19,393] {dag.py:2379} INFO - Sync 1 DAGs
[2023-10-29 13:22:19,408] {logging_mixin.py:115} INFO - [2023-10-29 13:22:19,408] {dag.py:2927} INFO - Setting next_dagrun for example_branch_labels to 2023-10-28T00:00:00+00:00, run_after=2023-10-29T00:00:00+00:00
[2023-10-29 13:22:19,416] {processor.py:161} INFO - Processing /home/gabriel/Documents/project_finance/venv/lib/python3.9/site-packages/airflow/example_dags/example_branch_labels.py took 0.047 seconds
[2023-10-29 13:22:21,126] {processor.py:153} INFO - Started process (PID=4543) to work on /home/gabriel/Documents/project_finance/venv/lib/python3.9/site-packages/airflow/example_dags/example_branch_labels.py
[2023-10-29 13:22:21,127] {processor.py:641} INFO - Processing file /home/gabriel/Documents/project_finance/venv/lib/python3.9/site-packages/airflow/example_dags/example_branch_labels.py for tasks to queue
[2023-10-29 13:22:21,127] {logging_mixin.py:115} INFO - [2023-10-29 13:22:21,127] {dagbag.py:507} INFO - Filling up the DagBag from /home/gabriel/Documents/project_finance/venv/lib/python3.9/site-packages/airflow/example_dags/example_branch_labels.py
[2023-10-29 13:22:21,133] {processor.py:651} INFO - DAG(s) dict_keys(['example_branch_labels']) retrieved from /home/gabriel/Documents/project_finance/venv/lib/python3.9/site-packages/airflow/example_dags/example_branch_labels.py
[2023-10-29 13:22:21,147] {logging_mixin.py:115} INFO - [2023-10-29 13:22:21,147] {dag.py:2379} INFO - Sync 1 DAGs
[2023-10-29 13:22:21,162] {logging_mixin.py:115} INFO - [2023-10-29 13:22:21,162] {dag.py:2927} INFO - Setting next_dagrun for example_branch_labels to 2023-10-28T00:00:00+00:00, run_after=2023-10-29T00:00:00+00:00
[2023-10-29 13:22:21,171] {processor.py:161} INFO - Processing /home/gabriel/Documents/project_finance/venv/lib/python3.9/site-packages/airflow/example_dags/example_branch_labels.py took 0.048 seconds
[2023-10-29 13:22:53,332] {processor.py:153} INFO - Started process (PID=4609) to work on /home/gabriel/Documents/project_finance/venv/lib/python3.9/site-packages/airflow/example_dags/example_branch_labels.py
[2023-10-29 13:22:53,333] {processor.py:641} INFO - Processing file /home/gabriel/Documents/project_finance/venv/lib/python3.9/site-packages/airflow/example_dags/example_branch_labels.py for tasks to queue
[2023-10-29 13:22:53,333] {logging_mixin.py:115} INFO - [2023-10-29 13:22:53,333] {dagbag.py:507} INFO - Filling up the DagBag from /home/gabriel/Documents/project_finance/venv/lib/python3.9/site-packages/airflow/example_dags/example_branch_labels.py
[2023-10-29 13:22:53,338] {processor.py:651} INFO - DAG(s) dict_keys(['example_branch_labels']) retrieved from /home/gabriel/Documents/project_finance/venv/lib/python3.9/site-packages/airflow/example_dags/example_branch_labels.py
[2023-10-29 13:22:53,353] {logging_mixin.py:115} INFO - [2023-10-29 13:22:53,353] {dag.py:2379} INFO - Sync 1 DAGs
[2023-10-29 13:22:53,369] {logging_mixin.py:115} INFO - [2023-10-29 13:22:53,369] {dag.py:2927} INFO - Setting next_dagrun for example_branch_labels to 2023-10-28T00:00:00+00:00, run_after=2023-10-29T00:00:00+00:00
[2023-10-29 13:22:53,378] {processor.py:161} INFO - Processing /home/gabriel/Documents/project_finance/venv/lib/python3.9/site-packages/airflow/example_dags/example_branch_labels.py took 0.050 seconds
