[2023-10-29 11:26:45,895] {processor.py:153} INFO - Started process (PID=13157) to work on /home/gabriel/Documents/project_finance/venv/lib/python3.9/site-packages/airflow/example_dags/example_short_circuit_operator.py
[2023-10-29 11:26:45,897] {processor.py:641} INFO - Processing file /home/gabriel/Documents/project_finance/venv/lib/python3.9/site-packages/airflow/example_dags/example_short_circuit_operator.py for tasks to queue
[2023-10-29 11:26:45,898] {logging_mixin.py:115} INFO - [2023-10-29 11:26:45,898] {dagbag.py:507} INFO - Filling up the DagBag from /home/gabriel/Documents/project_finance/venv/lib/python3.9/site-packages/airflow/example_dags/example_short_circuit_operator.py
[2023-10-29 11:26:45,916] {processor.py:651} INFO - DAG(s) dict_keys(['example_short_circuit_operator']) retrieved from /home/gabriel/Documents/project_finance/venv/lib/python3.9/site-packages/airflow/example_dags/example_short_circuit_operator.py
[2023-10-29 11:26:45,934] {logging_mixin.py:115} INFO - [2023-10-29 11:26:45,933] {dag.py:2379} INFO - Sync 1 DAGs
[2023-10-29 11:26:45,984] {logging_mixin.py:115} INFO - [2023-10-29 11:26:45,978] {dag.py:2927} INFO - Setting next_dagrun for example_short_circuit_operator to 2023-10-28T14:26:45.978337+00:00, run_after=2023-10-29T14:26:45.978337+00:00
[2023-10-29 11:26:46,018] {processor.py:161} INFO - Processing /home/gabriel/Documents/project_finance/venv/lib/python3.9/site-packages/airflow/example_dags/example_short_circuit_operator.py took 0.148 seconds
[2023-10-29 13:17:55,763] {processor.py:153} INFO - Started process (PID=3488) to work on /home/gabriel/Documents/project_finance/venv/lib/python3.9/site-packages/airflow/example_dags/example_short_circuit_operator.py
[2023-10-29 13:17:55,764] {processor.py:641} INFO - Processing file /home/gabriel/Documents/project_finance/venv/lib/python3.9/site-packages/airflow/example_dags/example_short_circuit_operator.py for tasks to queue
[2023-10-29 13:17:55,765] {logging_mixin.py:115} INFO - [2023-10-29 13:17:55,765] {dagbag.py:507} INFO - Filling up the DagBag from /home/gabriel/Documents/project_finance/venv/lib/python3.9/site-packages/airflow/example_dags/example_short_circuit_operator.py
[2023-10-29 13:17:55,778] {processor.py:651} INFO - DAG(s) dict_keys(['example_short_circuit_operator']) retrieved from /home/gabriel/Documents/project_finance/venv/lib/python3.9/site-packages/airflow/example_dags/example_short_circuit_operator.py
[2023-10-29 13:17:55,810] {logging_mixin.py:115} INFO - [2023-10-29 13:17:55,810] {manager.py:508} INFO - Created Permission View: can edit on DAG:example_short_circuit_operator
[2023-10-29 13:17:55,817] {logging_mixin.py:115} INFO - [2023-10-29 13:17:55,817] {manager.py:508} INFO - Created Permission View: can read on DAG:example_short_circuit_operator
[2023-10-29 13:17:55,821] {logging_mixin.py:115} INFO - [2023-10-29 13:17:55,821] {manager.py:508} INFO - Created Permission View: can delete on DAG:example_short_circuit_operator
[2023-10-29 13:17:55,821] {logging_mixin.py:115} INFO - [2023-10-29 13:17:55,821] {dag.py:2379} INFO - Sync 1 DAGs
[2023-10-29 13:17:55,829] {logging_mixin.py:115} INFO - [2023-10-29 13:17:55,829] {dag.py:2398} INFO - Creating ORM DAG for example_short_circuit_operator
[2023-10-29 13:17:55,836] {logging_mixin.py:115} INFO - [2023-10-29 13:17:55,836] {dag.py:2927} INFO - Setting next_dagrun for example_short_circuit_operator to 2023-10-28T16:17:55.836168+00:00, run_after=2023-10-29T16:17:55.836168+00:00
[2023-10-29 13:17:55,850] {processor.py:161} INFO - Processing /home/gabriel/Documents/project_finance/venv/lib/python3.9/site-packages/airflow/example_dags/example_short_circuit_operator.py took 0.093 seconds
[2023-10-29 13:18:44,907] {processor.py:153} INFO - Started process (PID=3583) to work on /home/gabriel/Documents/project_finance/venv/lib/python3.9/site-packages/airflow/example_dags/example_short_circuit_operator.py
[2023-10-29 13:18:44,908] {processor.py:641} INFO - Processing file /home/gabriel/Documents/project_finance/venv/lib/python3.9/site-packages/airflow/example_dags/example_short_circuit_operator.py for tasks to queue
[2023-10-29 13:18:44,908] {logging_mixin.py:115} INFO - [2023-10-29 13:18:44,908] {dagbag.py:507} INFO - Filling up the DagBag from /home/gabriel/Documents/project_finance/venv/lib/python3.9/site-packages/airflow/example_dags/example_short_circuit_operator.py
[2023-10-29 13:18:44,915] {processor.py:651} INFO - DAG(s) dict_keys(['example_short_circuit_operator']) retrieved from /home/gabriel/Documents/project_finance/venv/lib/python3.9/site-packages/airflow/example_dags/example_short_circuit_operator.py
[2023-10-29 13:18:44,930] {logging_mixin.py:115} INFO - [2023-10-29 13:18:44,930] {dag.py:2379} INFO - Sync 1 DAGs
[2023-10-29 13:18:44,944] {logging_mixin.py:115} INFO - [2023-10-29 13:18:44,944] {dag.py:2927} INFO - Setting next_dagrun for example_short_circuit_operator to 2023-10-28T16:18:44.944084+00:00, run_after=2023-10-29T16:18:44.944084+00:00
[2023-10-29 13:18:44,954] {processor.py:161} INFO - Processing /home/gabriel/Documents/project_finance/venv/lib/python3.9/site-packages/airflow/example_dags/example_short_circuit_operator.py took 0.050 seconds
[2023-10-29 13:19:20,520] {processor.py:153} INFO - Started process (PID=3619) to work on /home/gabriel/Documents/project_finance/venv/lib/python3.9/site-packages/airflow/example_dags/example_short_circuit_operator.py
[2023-10-29 13:19:20,520] {processor.py:641} INFO - Processing file /home/gabriel/Documents/project_finance/venv/lib/python3.9/site-packages/airflow/example_dags/example_short_circuit_operator.py for tasks to queue
[2023-10-29 13:19:20,521] {logging_mixin.py:115} INFO - [2023-10-29 13:19:20,521] {dagbag.py:507} INFO - Filling up the DagBag from /home/gabriel/Documents/project_finance/venv/lib/python3.9/site-packages/airflow/example_dags/example_short_circuit_operator.py
[2023-10-29 13:19:20,531] {processor.py:651} INFO - DAG(s) dict_keys(['example_short_circuit_operator']) retrieved from /home/gabriel/Documents/project_finance/venv/lib/python3.9/site-packages/airflow/example_dags/example_short_circuit_operator.py
[2023-10-29 13:19:20,547] {logging_mixin.py:115} INFO - [2023-10-29 13:19:20,547] {dag.py:2379} INFO - Sync 1 DAGs
[2023-10-29 13:19:20,561] {logging_mixin.py:115} INFO - [2023-10-29 13:19:20,561] {dag.py:2927} INFO - Setting next_dagrun for example_short_circuit_operator to 2023-10-28T16:19:20.561652+00:00, run_after=2023-10-29T16:19:20.561652+00:00
[2023-10-29 13:19:20,574] {processor.py:161} INFO - Processing /home/gabriel/Documents/project_finance/venv/lib/python3.9/site-packages/airflow/example_dags/example_short_circuit_operator.py took 0.057 seconds
[2023-10-29 13:19:59,282] {processor.py:153} INFO - Started process (PID=3682) to work on /home/gabriel/Documents/project_finance/venv/lib/python3.9/site-packages/airflow/example_dags/example_short_circuit_operator.py
[2023-10-29 13:19:59,283] {processor.py:641} INFO - Processing file /home/gabriel/Documents/project_finance/venv/lib/python3.9/site-packages/airflow/example_dags/example_short_circuit_operator.py for tasks to queue
[2023-10-29 13:19:59,283] {logging_mixin.py:115} INFO - [2023-10-29 13:19:59,283] {dagbag.py:507} INFO - Filling up the DagBag from /home/gabriel/Documents/project_finance/venv/lib/python3.9/site-packages/airflow/example_dags/example_short_circuit_operator.py
[2023-10-29 13:19:59,291] {processor.py:651} INFO - DAG(s) dict_keys(['example_short_circuit_operator']) retrieved from /home/gabriel/Documents/project_finance/venv/lib/python3.9/site-packages/airflow/example_dags/example_short_circuit_operator.py
[2023-10-29 13:19:59,305] {logging_mixin.py:115} INFO - [2023-10-29 13:19:59,305] {dag.py:2379} INFO - Sync 1 DAGs
[2023-10-29 13:19:59,319] {logging_mixin.py:115} INFO - [2023-10-29 13:19:59,319] {dag.py:2927} INFO - Setting next_dagrun for example_short_circuit_operator to 2023-10-28T16:19:59.319654+00:00, run_after=2023-10-29T16:19:59.319654+00:00
[2023-10-29 13:19:59,331] {processor.py:161} INFO - Processing /home/gabriel/Documents/project_finance/venv/lib/python3.9/site-packages/airflow/example_dags/example_short_circuit_operator.py took 0.052 seconds
[2023-10-29 13:20:33,836] {processor.py:153} INFO - Started process (PID=3720) to work on /home/gabriel/Documents/project_finance/venv/lib/python3.9/site-packages/airflow/example_dags/example_short_circuit_operator.py
[2023-10-29 13:20:33,837] {processor.py:641} INFO - Processing file /home/gabriel/Documents/project_finance/venv/lib/python3.9/site-packages/airflow/example_dags/example_short_circuit_operator.py for tasks to queue
[2023-10-29 13:20:33,837] {logging_mixin.py:115} INFO - [2023-10-29 13:20:33,837] {dagbag.py:507} INFO - Filling up the DagBag from /home/gabriel/Documents/project_finance/venv/lib/python3.9/site-packages/airflow/example_dags/example_short_circuit_operator.py
[2023-10-29 13:20:33,845] {processor.py:651} INFO - DAG(s) dict_keys(['example_short_circuit_operator']) retrieved from /home/gabriel/Documents/project_finance/venv/lib/python3.9/site-packages/airflow/example_dags/example_short_circuit_operator.py
[2023-10-29 13:20:33,859] {logging_mixin.py:115} INFO - [2023-10-29 13:20:33,859] {dag.py:2379} INFO - Sync 1 DAGs
[2023-10-29 13:20:33,874] {logging_mixin.py:115} INFO - [2023-10-29 13:20:33,874] {dag.py:2927} INFO - Setting next_dagrun for example_short_circuit_operator to 2023-10-28T16:20:33.874166+00:00, run_after=2023-10-29T16:20:33.874166+00:00
[2023-10-29 13:20:33,885] {processor.py:161} INFO - Processing /home/gabriel/Documents/project_finance/venv/lib/python3.9/site-packages/airflow/example_dags/example_short_circuit_operator.py took 0.052 seconds
[2023-10-29 13:21:08,602] {processor.py:153} INFO - Started process (PID=4263) to work on /home/gabriel/Documents/project_finance/venv/lib/python3.9/site-packages/airflow/example_dags/example_short_circuit_operator.py
[2023-10-29 13:21:08,602] {processor.py:641} INFO - Processing file /home/gabriel/Documents/project_finance/venv/lib/python3.9/site-packages/airflow/example_dags/example_short_circuit_operator.py for tasks to queue
[2023-10-29 13:21:08,603] {logging_mixin.py:115} INFO - [2023-10-29 13:21:08,603] {dagbag.py:507} INFO - Filling up the DagBag from /home/gabriel/Documents/project_finance/venv/lib/python3.9/site-packages/airflow/example_dags/example_short_circuit_operator.py
[2023-10-29 13:21:08,611] {processor.py:651} INFO - DAG(s) dict_keys(['example_short_circuit_operator']) retrieved from /home/gabriel/Documents/project_finance/venv/lib/python3.9/site-packages/airflow/example_dags/example_short_circuit_operator.py
[2023-10-29 13:21:08,625] {logging_mixin.py:115} INFO - [2023-10-29 13:21:08,625] {dag.py:2379} INFO - Sync 1 DAGs
[2023-10-29 13:21:08,640] {logging_mixin.py:115} INFO - [2023-10-29 13:21:08,639] {dag.py:2927} INFO - Setting next_dagrun for example_short_circuit_operator to 2023-10-28T16:21:08.639710+00:00, run_after=2023-10-29T16:21:08.639710+00:00
[2023-10-29 13:21:08,651] {processor.py:161} INFO - Processing /home/gabriel/Documents/project_finance/venv/lib/python3.9/site-packages/airflow/example_dags/example_short_circuit_operator.py took 0.052 seconds
[2023-10-29 13:21:41,417] {processor.py:153} INFO - Started process (PID=4462) to work on /home/gabriel/Documents/project_finance/venv/lib/python3.9/site-packages/airflow/example_dags/example_short_circuit_operator.py
[2023-10-29 13:21:41,417] {processor.py:641} INFO - Processing file /home/gabriel/Documents/project_finance/venv/lib/python3.9/site-packages/airflow/example_dags/example_short_circuit_operator.py for tasks to queue
[2023-10-29 13:21:41,417] {logging_mixin.py:115} INFO - [2023-10-29 13:21:41,417] {dagbag.py:507} INFO - Filling up the DagBag from /home/gabriel/Documents/project_finance/venv/lib/python3.9/site-packages/airflow/example_dags/example_short_circuit_operator.py
[2023-10-29 13:21:41,425] {processor.py:651} INFO - DAG(s) dict_keys(['example_short_circuit_operator']) retrieved from /home/gabriel/Documents/project_finance/venv/lib/python3.9/site-packages/airflow/example_dags/example_short_circuit_operator.py
[2023-10-29 13:21:41,440] {logging_mixin.py:115} INFO - [2023-10-29 13:21:41,440] {dag.py:2379} INFO - Sync 1 DAGs
[2023-10-29 13:21:41,454] {logging_mixin.py:115} INFO - [2023-10-29 13:21:41,454] {dag.py:2927} INFO - Setting next_dagrun for example_short_circuit_operator to 2023-10-28T16:21:41.454335+00:00, run_after=2023-10-29T16:21:41.454335+00:00
[2023-10-29 13:21:41,465] {processor.py:161} INFO - Processing /home/gabriel/Documents/project_finance/venv/lib/python3.9/site-packages/airflow/example_dags/example_short_circuit_operator.py took 0.051 seconds
[2023-10-29 13:22:15,370] {processor.py:153} INFO - Started process (PID=4530) to work on /home/gabriel/Documents/project_finance/venv/lib/python3.9/site-packages/airflow/example_dags/example_short_circuit_operator.py
[2023-10-29 13:22:15,371] {processor.py:641} INFO - Processing file /home/gabriel/Documents/project_finance/venv/lib/python3.9/site-packages/airflow/example_dags/example_short_circuit_operator.py for tasks to queue
[2023-10-29 13:22:15,371] {logging_mixin.py:115} INFO - [2023-10-29 13:22:15,371] {dagbag.py:507} INFO - Filling up the DagBag from /home/gabriel/Documents/project_finance/venv/lib/python3.9/site-packages/airflow/example_dags/example_short_circuit_operator.py
[2023-10-29 13:22:15,379] {processor.py:651} INFO - DAG(s) dict_keys(['example_short_circuit_operator']) retrieved from /home/gabriel/Documents/project_finance/venv/lib/python3.9/site-packages/airflow/example_dags/example_short_circuit_operator.py
[2023-10-29 13:22:15,395] {logging_mixin.py:115} INFO - [2023-10-29 13:22:15,394] {dag.py:2379} INFO - Sync 1 DAGs
[2023-10-29 13:22:15,410] {logging_mixin.py:115} INFO - [2023-10-29 13:22:15,410] {dag.py:2927} INFO - Setting next_dagrun for example_short_circuit_operator to 2023-10-28T16:22:15.409993+00:00, run_after=2023-10-29T16:22:15.409993+00:00
[2023-10-29 13:22:15,422] {processor.py:161} INFO - Processing /home/gabriel/Documents/project_finance/venv/lib/python3.9/site-packages/airflow/example_dags/example_short_circuit_operator.py took 0.056 seconds
[2023-10-29 13:22:17,410] {processor.py:153} INFO - Started process (PID=4534) to work on /home/gabriel/Documents/project_finance/venv/lib/python3.9/site-packages/airflow/example_dags/example_short_circuit_operator.py
[2023-10-29 13:22:17,410] {processor.py:641} INFO - Processing file /home/gabriel/Documents/project_finance/venv/lib/python3.9/site-packages/airflow/example_dags/example_short_circuit_operator.py for tasks to queue
[2023-10-29 13:22:17,411] {logging_mixin.py:115} INFO - [2023-10-29 13:22:17,411] {dagbag.py:507} INFO - Filling up the DagBag from /home/gabriel/Documents/project_finance/venv/lib/python3.9/site-packages/airflow/example_dags/example_short_circuit_operator.py
[2023-10-29 13:22:17,418] {processor.py:651} INFO - DAG(s) dict_keys(['example_short_circuit_operator']) retrieved from /home/gabriel/Documents/project_finance/venv/lib/python3.9/site-packages/airflow/example_dags/example_short_circuit_operator.py
[2023-10-29 13:22:17,432] {logging_mixin.py:115} INFO - [2023-10-29 13:22:17,432] {dag.py:2379} INFO - Sync 1 DAGs
[2023-10-29 13:22:17,446] {logging_mixin.py:115} INFO - [2023-10-29 13:22:17,446] {dag.py:2927} INFO - Setting next_dagrun for example_short_circuit_operator to 2023-10-28T16:22:17.446585+00:00, run_after=2023-10-29T16:22:17.446585+00:00
[2023-10-29 13:22:17,458] {processor.py:161} INFO - Processing /home/gabriel/Documents/project_finance/venv/lib/python3.9/site-packages/airflow/example_dags/example_short_circuit_operator.py took 0.051 seconds
[2023-10-29 13:22:48,494] {processor.py:153} INFO - Started process (PID=4596) to work on /home/gabriel/Documents/project_finance/venv/lib/python3.9/site-packages/airflow/example_dags/example_short_circuit_operator.py
[2023-10-29 13:22:48,495] {processor.py:641} INFO - Processing file /home/gabriel/Documents/project_finance/venv/lib/python3.9/site-packages/airflow/example_dags/example_short_circuit_operator.py for tasks to queue
[2023-10-29 13:22:48,495] {logging_mixin.py:115} INFO - [2023-10-29 13:22:48,495] {dagbag.py:507} INFO - Filling up the DagBag from /home/gabriel/Documents/project_finance/venv/lib/python3.9/site-packages/airflow/example_dags/example_short_circuit_operator.py
[2023-10-29 13:22:48,503] {processor.py:651} INFO - DAG(s) dict_keys(['example_short_circuit_operator']) retrieved from /home/gabriel/Documents/project_finance/venv/lib/python3.9/site-packages/airflow/example_dags/example_short_circuit_operator.py
[2023-10-29 13:22:48,518] {logging_mixin.py:115} INFO - [2023-10-29 13:22:48,518] {dag.py:2379} INFO - Sync 1 DAGs
[2023-10-29 13:22:48,532] {logging_mixin.py:115} INFO - [2023-10-29 13:22:48,532] {dag.py:2927} INFO - Setting next_dagrun for example_short_circuit_operator to 2023-10-28T16:22:48.531885+00:00, run_after=2023-10-29T16:22:48.531885+00:00
[2023-10-29 13:22:48,542] {processor.py:161} INFO - Processing /home/gabriel/Documents/project_finance/venv/lib/python3.9/site-packages/airflow/example_dags/example_short_circuit_operator.py took 0.051 seconds
