[2023-10-29 11:26:59,555] {processor.py:153} INFO - Started process (PID=13258) to work on /home/gabriel/Documents/project_finance/venv/lib/python3.9/site-packages/airflow/example_dags/tutorial_etl_dag.py
[2023-10-29 11:26:59,556] {processor.py:641} INFO - Processing file /home/gabriel/Documents/project_finance/venv/lib/python3.9/site-packages/airflow/example_dags/tutorial_etl_dag.py for tasks to queue
[2023-10-29 11:26:59,556] {logging_mixin.py:115} INFO - [2023-10-29 11:26:59,556] {dagbag.py:507} INFO - Filling up the DagBag from /home/gabriel/Documents/project_finance/venv/lib/python3.9/site-packages/airflow/example_dags/tutorial_etl_dag.py
[2023-10-29 11:26:59,564] {processor.py:651} INFO - DAG(s) dict_keys(['tutorial_etl_dag']) retrieved from /home/gabriel/Documents/project_finance/venv/lib/python3.9/site-packages/airflow/example_dags/tutorial_etl_dag.py
[2023-10-29 11:26:59,582] {logging_mixin.py:115} INFO - [2023-10-29 11:26:59,582] {dag.py:2379} INFO - Sync 1 DAGs
[2023-10-29 11:26:59,608] {logging_mixin.py:115} INFO - [2023-10-29 11:26:59,608] {dag.py:2927} INFO - Setting next_dagrun for tutorial_etl_dag to None, run_after=None
[2023-10-29 11:26:59,644] {processor.py:161} INFO - Processing /home/gabriel/Documents/project_finance/venv/lib/python3.9/site-packages/airflow/example_dags/tutorial_etl_dag.py took 0.092 seconds
[2023-10-29 13:17:35,350] {processor.py:153} INFO - Started process (PID=3426) to work on /home/gabriel/Documents/project_finance/venv/lib/python3.9/site-packages/airflow/example_dags/tutorial_etl_dag.py
[2023-10-29 13:17:35,351] {processor.py:641} INFO - Processing file /home/gabriel/Documents/project_finance/venv/lib/python3.9/site-packages/airflow/example_dags/tutorial_etl_dag.py for tasks to queue
[2023-10-29 13:17:35,351] {logging_mixin.py:115} INFO - [2023-10-29 13:17:35,351] {dagbag.py:507} INFO - Filling up the DagBag from /home/gabriel/Documents/project_finance/venv/lib/python3.9/site-packages/airflow/example_dags/tutorial_etl_dag.py
[2023-10-29 13:17:35,358] {processor.py:651} INFO - DAG(s) dict_keys(['tutorial_etl_dag']) retrieved from /home/gabriel/Documents/project_finance/venv/lib/python3.9/site-packages/airflow/example_dags/tutorial_etl_dag.py
[2023-10-29 13:17:35,389] {logging_mixin.py:115} INFO - [2023-10-29 13:17:35,389] {manager.py:508} INFO - Created Permission View: can edit on DAG:tutorial_etl_dag
[2023-10-29 13:17:35,395] {logging_mixin.py:115} INFO - [2023-10-29 13:17:35,395] {manager.py:508} INFO - Created Permission View: can read on DAG:tutorial_etl_dag
[2023-10-29 13:17:35,400] {logging_mixin.py:115} INFO - [2023-10-29 13:17:35,400] {manager.py:508} INFO - Created Permission View: can delete on DAG:tutorial_etl_dag
[2023-10-29 13:17:35,401] {logging_mixin.py:115} INFO - [2023-10-29 13:17:35,401] {dag.py:2379} INFO - Sync 1 DAGs
[2023-10-29 13:17:35,407] {logging_mixin.py:115} INFO - [2023-10-29 13:17:35,407] {dag.py:2398} INFO - Creating ORM DAG for tutorial_etl_dag
[2023-10-29 13:17:35,414] {logging_mixin.py:115} INFO - [2023-10-29 13:17:35,414] {dag.py:2927} INFO - Setting next_dagrun for tutorial_etl_dag to None, run_after=None
[2023-10-29 13:17:35,427] {processor.py:161} INFO - Processing /home/gabriel/Documents/project_finance/venv/lib/python3.9/site-packages/airflow/example_dags/tutorial_etl_dag.py took 0.080 seconds
[2023-10-29 13:18:25,655] {processor.py:153} INFO - Started process (PID=3521) to work on /home/gabriel/Documents/project_finance/venv/lib/python3.9/site-packages/airflow/example_dags/tutorial_etl_dag.py
[2023-10-29 13:18:25,656] {processor.py:641} INFO - Processing file /home/gabriel/Documents/project_finance/venv/lib/python3.9/site-packages/airflow/example_dags/tutorial_etl_dag.py for tasks to queue
[2023-10-29 13:18:25,657] {logging_mixin.py:115} INFO - [2023-10-29 13:18:25,656] {dagbag.py:507} INFO - Filling up the DagBag from /home/gabriel/Documents/project_finance/venv/lib/python3.9/site-packages/airflow/example_dags/tutorial_etl_dag.py
[2023-10-29 13:18:25,664] {processor.py:651} INFO - DAG(s) dict_keys(['tutorial_etl_dag']) retrieved from /home/gabriel/Documents/project_finance/venv/lib/python3.9/site-packages/airflow/example_dags/tutorial_etl_dag.py
[2023-10-29 13:18:25,678] {logging_mixin.py:115} INFO - [2023-10-29 13:18:25,678] {dag.py:2379} INFO - Sync 1 DAGs
[2023-10-29 13:18:25,694] {logging_mixin.py:115} INFO - [2023-10-29 13:18:25,694] {dag.py:2927} INFO - Setting next_dagrun for tutorial_etl_dag to None, run_after=None
[2023-10-29 13:18:25,707] {processor.py:161} INFO - Processing /home/gabriel/Documents/project_finance/venv/lib/python3.9/site-packages/airflow/example_dags/tutorial_etl_dag.py took 0.054 seconds
[2023-10-29 13:18:58,915] {processor.py:153} INFO - Started process (PID=3597) to work on /home/gabriel/Documents/project_finance/venv/lib/python3.9/site-packages/airflow/example_dags/tutorial_etl_dag.py
[2023-10-29 13:18:58,916] {processor.py:641} INFO - Processing file /home/gabriel/Documents/project_finance/venv/lib/python3.9/site-packages/airflow/example_dags/tutorial_etl_dag.py for tasks to queue
[2023-10-29 13:18:58,916] {logging_mixin.py:115} INFO - [2023-10-29 13:18:58,916] {dagbag.py:507} INFO - Filling up the DagBag from /home/gabriel/Documents/project_finance/venv/lib/python3.9/site-packages/airflow/example_dags/tutorial_etl_dag.py
[2023-10-29 13:18:58,924] {processor.py:651} INFO - DAG(s) dict_keys(['tutorial_etl_dag']) retrieved from /home/gabriel/Documents/project_finance/venv/lib/python3.9/site-packages/airflow/example_dags/tutorial_etl_dag.py
[2023-10-29 13:18:58,937] {logging_mixin.py:115} INFO - [2023-10-29 13:18:58,937] {dag.py:2379} INFO - Sync 1 DAGs
[2023-10-29 13:18:58,952] {logging_mixin.py:115} INFO - [2023-10-29 13:18:58,952] {dag.py:2927} INFO - Setting next_dagrun for tutorial_etl_dag to None, run_after=None
[2023-10-29 13:18:58,962] {processor.py:161} INFO - Processing /home/gabriel/Documents/project_finance/venv/lib/python3.9/site-packages/airflow/example_dags/tutorial_etl_dag.py took 0.050 seconds
[2023-10-29 13:19:31,367] {processor.py:153} INFO - Started process (PID=3632) to work on /home/gabriel/Documents/project_finance/venv/lib/python3.9/site-packages/airflow/example_dags/tutorial_etl_dag.py
[2023-10-29 13:19:31,368] {processor.py:641} INFO - Processing file /home/gabriel/Documents/project_finance/venv/lib/python3.9/site-packages/airflow/example_dags/tutorial_etl_dag.py for tasks to queue
[2023-10-29 13:19:31,368] {logging_mixin.py:115} INFO - [2023-10-29 13:19:31,368] {dagbag.py:507} INFO - Filling up the DagBag from /home/gabriel/Documents/project_finance/venv/lib/python3.9/site-packages/airflow/example_dags/tutorial_etl_dag.py
[2023-10-29 13:19:31,375] {processor.py:651} INFO - DAG(s) dict_keys(['tutorial_etl_dag']) retrieved from /home/gabriel/Documents/project_finance/venv/lib/python3.9/site-packages/airflow/example_dags/tutorial_etl_dag.py
[2023-10-29 13:19:31,388] {logging_mixin.py:115} INFO - [2023-10-29 13:19:31,388] {dag.py:2379} INFO - Sync 1 DAGs
[2023-10-29 13:19:31,402] {logging_mixin.py:115} INFO - [2023-10-29 13:19:31,402] {dag.py:2927} INFO - Setting next_dagrun for tutorial_etl_dag to None, run_after=None
[2023-10-29 13:19:31,414] {processor.py:161} INFO - Processing /home/gabriel/Documents/project_finance/venv/lib/python3.9/site-packages/airflow/example_dags/tutorial_etl_dag.py took 0.049 seconds
[2023-10-29 13:19:40,323] {processor.py:153} INFO - Started process (PID=3646) to work on /home/gabriel/Documents/project_finance/venv/lib/python3.9/site-packages/airflow/example_dags/tutorial_etl_dag.py
[2023-10-29 13:19:40,324] {processor.py:641} INFO - Processing file /home/gabriel/Documents/project_finance/venv/lib/python3.9/site-packages/airflow/example_dags/tutorial_etl_dag.py for tasks to queue
[2023-10-29 13:19:40,324] {logging_mixin.py:115} INFO - [2023-10-29 13:19:40,324] {dagbag.py:507} INFO - Filling up the DagBag from /home/gabriel/Documents/project_finance/venv/lib/python3.9/site-packages/airflow/example_dags/tutorial_etl_dag.py
[2023-10-29 13:19:40,332] {processor.py:651} INFO - DAG(s) dict_keys(['tutorial_etl_dag']) retrieved from /home/gabriel/Documents/project_finance/venv/lib/python3.9/site-packages/airflow/example_dags/tutorial_etl_dag.py
[2023-10-29 13:19:40,346] {logging_mixin.py:115} INFO - [2023-10-29 13:19:40,346] {dag.py:2379} INFO - Sync 1 DAGs
[2023-10-29 13:19:40,360] {logging_mixin.py:115} INFO - [2023-10-29 13:19:40,359] {dag.py:2927} INFO - Setting next_dagrun for tutorial_etl_dag to None, run_after=None
[2023-10-29 13:19:40,371] {processor.py:161} INFO - Processing /home/gabriel/Documents/project_finance/venv/lib/python3.9/site-packages/airflow/example_dags/tutorial_etl_dag.py took 0.050 seconds
[2023-10-29 13:20:12,139] {processor.py:153} INFO - Started process (PID=3697) to work on /home/gabriel/Documents/project_finance/venv/lib/python3.9/site-packages/airflow/example_dags/tutorial_etl_dag.py
[2023-10-29 13:20:12,140] {processor.py:641} INFO - Processing file /home/gabriel/Documents/project_finance/venv/lib/python3.9/site-packages/airflow/example_dags/tutorial_etl_dag.py for tasks to queue
[2023-10-29 13:20:12,140] {logging_mixin.py:115} INFO - [2023-10-29 13:20:12,140] {dagbag.py:507} INFO - Filling up the DagBag from /home/gabriel/Documents/project_finance/venv/lib/python3.9/site-packages/airflow/example_dags/tutorial_etl_dag.py
[2023-10-29 13:20:12,147] {processor.py:651} INFO - DAG(s) dict_keys(['tutorial_etl_dag']) retrieved from /home/gabriel/Documents/project_finance/venv/lib/python3.9/site-packages/airflow/example_dags/tutorial_etl_dag.py
[2023-10-29 13:20:12,160] {logging_mixin.py:115} INFO - [2023-10-29 13:20:12,160] {dag.py:2379} INFO - Sync 1 DAGs
[2023-10-29 13:20:12,174] {logging_mixin.py:115} INFO - [2023-10-29 13:20:12,174] {dag.py:2927} INFO - Setting next_dagrun for tutorial_etl_dag to None, run_after=None
[2023-10-29 13:20:12,185] {processor.py:161} INFO - Processing /home/gabriel/Documents/project_finance/venv/lib/python3.9/site-packages/airflow/example_dags/tutorial_etl_dag.py took 0.048 seconds
[2023-10-29 13:20:47,002] {processor.py:153} INFO - Started process (PID=3987) to work on /home/gabriel/Documents/project_finance/venv/lib/python3.9/site-packages/airflow/example_dags/tutorial_etl_dag.py
[2023-10-29 13:20:47,005] {processor.py:641} INFO - Processing file /home/gabriel/Documents/project_finance/venv/lib/python3.9/site-packages/airflow/example_dags/tutorial_etl_dag.py for tasks to queue
[2023-10-29 13:20:47,006] {logging_mixin.py:115} INFO - [2023-10-29 13:20:47,005] {dagbag.py:507} INFO - Filling up the DagBag from /home/gabriel/Documents/project_finance/venv/lib/python3.9/site-packages/airflow/example_dags/tutorial_etl_dag.py
[2023-10-29 13:20:47,012] {processor.py:651} INFO - DAG(s) dict_keys(['tutorial_etl_dag']) retrieved from /home/gabriel/Documents/project_finance/venv/lib/python3.9/site-packages/airflow/example_dags/tutorial_etl_dag.py
[2023-10-29 13:20:47,031] {logging_mixin.py:115} INFO - [2023-10-29 13:20:47,030] {dag.py:2379} INFO - Sync 1 DAGs
[2023-10-29 13:20:47,045] {logging_mixin.py:115} INFO - [2023-10-29 13:20:47,045] {dag.py:2927} INFO - Setting next_dagrun for tutorial_etl_dag to None, run_after=None
[2023-10-29 13:20:47,057] {processor.py:161} INFO - Processing /home/gabriel/Documents/project_finance/venv/lib/python3.9/site-packages/airflow/example_dags/tutorial_etl_dag.py took 0.058 seconds
[2023-10-29 13:21:20,203] {processor.py:153} INFO - Started process (PID=4348) to work on /home/gabriel/Documents/project_finance/venv/lib/python3.9/site-packages/airflow/example_dags/tutorial_etl_dag.py
[2023-10-29 13:21:20,204] {processor.py:641} INFO - Processing file /home/gabriel/Documents/project_finance/venv/lib/python3.9/site-packages/airflow/example_dags/tutorial_etl_dag.py for tasks to queue
[2023-10-29 13:21:20,204] {logging_mixin.py:115} INFO - [2023-10-29 13:21:20,204] {dagbag.py:507} INFO - Filling up the DagBag from /home/gabriel/Documents/project_finance/venv/lib/python3.9/site-packages/airflow/example_dags/tutorial_etl_dag.py
[2023-10-29 13:21:20,211] {processor.py:651} INFO - DAG(s) dict_keys(['tutorial_etl_dag']) retrieved from /home/gabriel/Documents/project_finance/venv/lib/python3.9/site-packages/airflow/example_dags/tutorial_etl_dag.py
[2023-10-29 13:21:20,225] {logging_mixin.py:115} INFO - [2023-10-29 13:21:20,225] {dag.py:2379} INFO - Sync 1 DAGs
[2023-10-29 13:21:20,239] {logging_mixin.py:115} INFO - [2023-10-29 13:21:20,239] {dag.py:2927} INFO - Setting next_dagrun for tutorial_etl_dag to None, run_after=None
[2023-10-29 13:21:20,253] {processor.py:161} INFO - Processing /home/gabriel/Documents/project_finance/venv/lib/python3.9/site-packages/airflow/example_dags/tutorial_etl_dag.py took 0.052 seconds
[2023-10-29 13:21:52,564] {processor.py:153} INFO - Started process (PID=4475) to work on /home/gabriel/Documents/project_finance/venv/lib/python3.9/site-packages/airflow/example_dags/tutorial_etl_dag.py
[2023-10-29 13:21:52,565] {processor.py:641} INFO - Processing file /home/gabriel/Documents/project_finance/venv/lib/python3.9/site-packages/airflow/example_dags/tutorial_etl_dag.py for tasks to queue
[2023-10-29 13:21:52,565] {logging_mixin.py:115} INFO - [2023-10-29 13:21:52,565] {dagbag.py:507} INFO - Filling up the DagBag from /home/gabriel/Documents/project_finance/venv/lib/python3.9/site-packages/airflow/example_dags/tutorial_etl_dag.py
[2023-10-29 13:21:52,572] {processor.py:651} INFO - DAG(s) dict_keys(['tutorial_etl_dag']) retrieved from /home/gabriel/Documents/project_finance/venv/lib/python3.9/site-packages/airflow/example_dags/tutorial_etl_dag.py
[2023-10-29 13:21:52,585] {logging_mixin.py:115} INFO - [2023-10-29 13:21:52,585] {dag.py:2379} INFO - Sync 1 DAGs
[2023-10-29 13:21:52,599] {logging_mixin.py:115} INFO - [2023-10-29 13:21:52,599] {dag.py:2927} INFO - Setting next_dagrun for tutorial_etl_dag to None, run_after=None
[2023-10-29 13:21:52,614] {processor.py:161} INFO - Processing /home/gabriel/Documents/project_finance/venv/lib/python3.9/site-packages/airflow/example_dags/tutorial_etl_dag.py took 0.052 seconds
[2023-10-29 13:21:58,475] {processor.py:153} INFO - Started process (PID=4488) to work on /home/gabriel/Documents/project_finance/venv/lib/python3.9/site-packages/airflow/example_dags/tutorial_etl_dag.py
[2023-10-29 13:21:58,475] {processor.py:641} INFO - Processing file /home/gabriel/Documents/project_finance/venv/lib/python3.9/site-packages/airflow/example_dags/tutorial_etl_dag.py for tasks to queue
[2023-10-29 13:21:58,476] {logging_mixin.py:115} INFO - [2023-10-29 13:21:58,475] {dagbag.py:507} INFO - Filling up the DagBag from /home/gabriel/Documents/project_finance/venv/lib/python3.9/site-packages/airflow/example_dags/tutorial_etl_dag.py
[2023-10-29 13:21:58,482] {processor.py:651} INFO - DAG(s) dict_keys(['tutorial_etl_dag']) retrieved from /home/gabriel/Documents/project_finance/venv/lib/python3.9/site-packages/airflow/example_dags/tutorial_etl_dag.py
[2023-10-29 13:21:58,495] {logging_mixin.py:115} INFO - [2023-10-29 13:21:58,495] {dag.py:2379} INFO - Sync 1 DAGs
[2023-10-29 13:21:58,509] {logging_mixin.py:115} INFO - [2023-10-29 13:21:58,509] {dag.py:2927} INFO - Setting next_dagrun for tutorial_etl_dag to None, run_after=None
[2023-10-29 13:21:58,520] {processor.py:161} INFO - Processing /home/gabriel/Documents/project_finance/venv/lib/python3.9/site-packages/airflow/example_dags/tutorial_etl_dag.py took 0.048 seconds
[2023-10-29 13:22:25,652] {processor.py:153} INFO - Started process (PID=4552) to work on /home/gabriel/Documents/project_finance/venv/lib/python3.9/site-packages/airflow/example_dags/tutorial_etl_dag.py
[2023-10-29 13:22:25,653] {processor.py:641} INFO - Processing file /home/gabriel/Documents/project_finance/venv/lib/python3.9/site-packages/airflow/example_dags/tutorial_etl_dag.py for tasks to queue
[2023-10-29 13:22:25,653] {logging_mixin.py:115} INFO - [2023-10-29 13:22:25,653] {dagbag.py:507} INFO - Filling up the DagBag from /home/gabriel/Documents/project_finance/venv/lib/python3.9/site-packages/airflow/example_dags/tutorial_etl_dag.py
[2023-10-29 13:22:25,660] {processor.py:651} INFO - DAG(s) dict_keys(['tutorial_etl_dag']) retrieved from /home/gabriel/Documents/project_finance/venv/lib/python3.9/site-packages/airflow/example_dags/tutorial_etl_dag.py
[2023-10-29 13:22:25,674] {logging_mixin.py:115} INFO - [2023-10-29 13:22:25,673] {dag.py:2379} INFO - Sync 1 DAGs
[2023-10-29 13:22:25,688] {logging_mixin.py:115} INFO - [2023-10-29 13:22:25,688] {dag.py:2927} INFO - Setting next_dagrun for tutorial_etl_dag to None, run_after=None
[2023-10-29 13:22:25,699] {processor.py:161} INFO - Processing /home/gabriel/Documents/project_finance/venv/lib/python3.9/site-packages/airflow/example_dags/tutorial_etl_dag.py took 0.049 seconds
[2023-10-29 13:22:43,011] {processor.py:153} INFO - Started process (PID=4583) to work on /home/gabriel/Documents/project_finance/venv/lib/python3.9/site-packages/airflow/example_dags/tutorial_etl_dag.py
[2023-10-29 13:22:43,012] {processor.py:641} INFO - Processing file /home/gabriel/Documents/project_finance/venv/lib/python3.9/site-packages/airflow/example_dags/tutorial_etl_dag.py for tasks to queue
[2023-10-29 13:22:43,012] {logging_mixin.py:115} INFO - [2023-10-29 13:22:43,012] {dagbag.py:507} INFO - Filling up the DagBag from /home/gabriel/Documents/project_finance/venv/lib/python3.9/site-packages/airflow/example_dags/tutorial_etl_dag.py
[2023-10-29 13:22:43,019] {processor.py:651} INFO - DAG(s) dict_keys(['tutorial_etl_dag']) retrieved from /home/gabriel/Documents/project_finance/venv/lib/python3.9/site-packages/airflow/example_dags/tutorial_etl_dag.py
[2023-10-29 13:22:43,032] {logging_mixin.py:115} INFO - [2023-10-29 13:22:43,032] {dag.py:2379} INFO - Sync 1 DAGs
[2023-10-29 13:22:43,046] {logging_mixin.py:115} INFO - [2023-10-29 13:22:43,046] {dag.py:2927} INFO - Setting next_dagrun for tutorial_etl_dag to None, run_after=None
[2023-10-29 13:22:43,057] {processor.py:161} INFO - Processing /home/gabriel/Documents/project_finance/venv/lib/python3.9/site-packages/airflow/example_dags/tutorial_etl_dag.py took 0.050 seconds
[2023-10-29 13:22:55,925] {processor.py:153} INFO - Started process (PID=4612) to work on /home/gabriel/Documents/project_finance/venv/lib/python3.9/site-packages/airflow/example_dags/tutorial_etl_dag.py
[2023-10-29 13:22:55,925] {processor.py:641} INFO - Processing file /home/gabriel/Documents/project_finance/venv/lib/python3.9/site-packages/airflow/example_dags/tutorial_etl_dag.py for tasks to queue
[2023-10-29 13:22:55,926] {logging_mixin.py:115} INFO - [2023-10-29 13:22:55,926] {dagbag.py:507} INFO - Filling up the DagBag from /home/gabriel/Documents/project_finance/venv/lib/python3.9/site-packages/airflow/example_dags/tutorial_etl_dag.py
[2023-10-29 13:22:55,935] {processor.py:651} INFO - DAG(s) dict_keys(['tutorial_etl_dag']) retrieved from /home/gabriel/Documents/project_finance/venv/lib/python3.9/site-packages/airflow/example_dags/tutorial_etl_dag.py
[2023-10-29 13:22:55,952] {logging_mixin.py:115} INFO - [2023-10-29 13:22:55,952] {dag.py:2379} INFO - Sync 1 DAGs
[2023-10-29 13:22:55,969] {logging_mixin.py:115} INFO - [2023-10-29 13:22:55,969] {dag.py:2927} INFO - Setting next_dagrun for tutorial_etl_dag to None, run_after=None
[2023-10-29 13:22:55,982] {processor.py:161} INFO - Processing /home/gabriel/Documents/project_finance/venv/lib/python3.9/site-packages/airflow/example_dags/tutorial_etl_dag.py took 0.060 seconds
