[2023-10-27 14:18:40,088] {taskinstance.py:1159} INFO - Dependencies all met for <TaskInstance: get_stocks_dag.AAPL scheduled__2023-10-20T00:00:00+00:00 [queued]>
[2023-10-27 14:18:40,095] {taskinstance.py:1159} INFO - Dependencies all met for <TaskInstance: get_stocks_dag.AAPL scheduled__2023-10-20T00:00:00+00:00 [queued]>
[2023-10-27 14:18:40,095] {taskinstance.py:1356} INFO - 
--------------------------------------------------------------------------------
[2023-10-27 14:18:40,095] {taskinstance.py:1357} INFO - Starting attempt 1 of 1
[2023-10-27 14:18:40,095] {taskinstance.py:1358} INFO - 
--------------------------------------------------------------------------------
[2023-10-27 14:18:40,105] {taskinstance.py:1377} INFO - Executing <Task(_PythonDecoratedOperator): AAPL> on 2023-10-20 00:00:00+00:00
[2023-10-27 14:18:40,109] {standard_task_runner.py:52} INFO - Started process 17999 to run task
[2023-10-27 14:18:40,113] {standard_task_runner.py:79} INFO - Running: ['airflow', 'tasks', 'run', 'get_stocks_dag', 'AAPL', 'scheduled__2023-10-20T00:00:00+00:00', '--job-id', '57', '--raw', '--subdir', 'DAGS_FOLDER/get_finance.py', '--cfg-path', '/tmp/tmpdxrljc2g', '--error-file', '/tmp/tmp5bd_3f2x']
[2023-10-27 14:18:40,113] {standard_task_runner.py:80} INFO - Job 57: Subtask AAPL
[2023-10-27 14:18:40,156] {task_command.py:370} INFO - Running <TaskInstance: get_stocks_dag.AAPL scheduled__2023-10-20T00:00:00+00:00 [running]> on host airflow-virtual-machine
[2023-10-27 14:18:40,212] {taskinstance.py:1569} INFO - Exporting the following env vars:
AIRFLOW_CTX_DAG_OWNER=airflow
AIRFLOW_CTX_DAG_ID=get_stocks_dag
AIRFLOW_CTX_TASK_ID=AAPL
AIRFLOW_CTX_EXECUTION_DATE=2023-10-20T00:00:00+00:00
AIRFLOW_CTX_TRY_NUMBER=1
AIRFLOW_CTX_DAG_RUN_ID=scheduled__2023-10-20T00:00:00+00:00
[2023-10-27 14:18:40,629] {taskinstance.py:1889} ERROR - Task failed with exception
Traceback (most recent call last):
  File "/home/gabriel/Documents/project_finance/venv/lib/python3.9/site-packages/airflow/decorators/base.py", line 179, in execute
    return_value = super().execute(context)
  File "/home/gabriel/Documents/project_finance/venv/lib/python3.9/site-packages/airflow/operators/python.py", line 171, in execute
    return_value = self.execute_callable()
  File "/home/gabriel/Documents/project_finance/venv/lib/python3.9/site-packages/airflow/operators/python.py", line 189, in execute_callable
    return self.python_callable(*self.op_args, **self.op_kwargs)
  File "/home/gabriel/Documents/project_finance/airflow/dags/get_finance.py", line 18, in get_history
    yfinance.Ticker(ticker).history(
  File "/home/gabriel/Documents/project_finance/venv/lib/python3.9/site-packages/pandas/core/generic.py", line 3902, in to_csv
    return DataFrameRenderer(formatter).to_csv(
  File "/home/gabriel/Documents/project_finance/venv/lib/python3.9/site-packages/pandas/io/formats/format.py", line 1152, in to_csv
    csv_formatter.save()
  File "/home/gabriel/Documents/project_finance/venv/lib/python3.9/site-packages/pandas/io/formats/csvs.py", line 247, in save
    with get_handle(
  File "/home/gabriel/Documents/project_finance/venv/lib/python3.9/site-packages/pandas/io/common.py", line 739, in get_handle
    check_parent_directory(str(handle))
  File "/home/gabriel/Documents/project_finance/venv/lib/python3.9/site-packages/pandas/io/common.py", line 604, in check_parent_directory
    raise OSError(rf"Cannot save file into a non-existent directory: '{parent}'")
OSError: Cannot save file into a non-existent directory: '/home/gabriel/Documents/project_finance/datalake/stocks/AAPL'
[2023-10-27 14:18:40,635] {taskinstance.py:1395} INFO - Marking task as FAILED. dag_id=get_stocks_dag, task_id=AAPL, execution_date=20231020T000000, start_date=20231027T171840, end_date=20231027T171840
[2023-10-27 14:18:40,726] {standard_task_runner.py:92} ERROR - Failed to execute job 57 for task AAPL (Cannot save file into a non-existent directory: '/home/gabriel/Documents/project_finance/datalake/stocks/AAPL'; 17999)
[2023-10-27 14:18:40,784] {local_task_job.py:156} INFO - Task exited with return code 1
[2023-10-27 14:18:40,851] {local_task_job.py:273} INFO - 0 downstream tasks scheduled from follow-on schedule check
[2023-10-27 14:32:35,287] {taskinstance.py:1159} INFO - Dependencies all met for <TaskInstance: get_stocks_dag.AAPL scheduled__2023-10-20T00:00:00+00:00 [queued]>
[2023-10-27 14:32:35,309] {taskinstance.py:1159} INFO - Dependencies all met for <TaskInstance: get_stocks_dag.AAPL scheduled__2023-10-20T00:00:00+00:00 [queued]>
[2023-10-27 14:32:35,309] {taskinstance.py:1356} INFO - 
--------------------------------------------------------------------------------
[2023-10-27 14:32:35,309] {taskinstance.py:1357} INFO - Starting attempt 1 of 1
[2023-10-27 14:32:35,309] {taskinstance.py:1358} INFO - 
--------------------------------------------------------------------------------
[2023-10-27 14:32:35,343] {taskinstance.py:1377} INFO - Executing <Task(_PythonDecoratedOperator): AAPL> on 2023-10-20 00:00:00+00:00
[2023-10-27 14:32:35,352] {standard_task_runner.py:52} INFO - Started process 20286 to run task
[2023-10-27 14:32:35,359] {standard_task_runner.py:79} INFO - Running: ['airflow', 'tasks', 'run', 'get_stocks_dag', 'AAPL', 'scheduled__2023-10-20T00:00:00+00:00', '--job-id', '57', '--raw', '--subdir', 'DAGS_FOLDER/get_finance.py', '--cfg-path', '/tmp/tmpxzh7plmo', '--error-file', '/tmp/tmpl0g2rmkr']
[2023-10-27 14:32:35,360] {standard_task_runner.py:80} INFO - Job 57: Subtask AAPL
[2023-10-27 14:32:35,420] {task_command.py:370} INFO - Running <TaskInstance: get_stocks_dag.AAPL scheduled__2023-10-20T00:00:00+00:00 [running]> on host airflow-virtual-machine
[2023-10-27 14:32:35,518] {taskinstance.py:1569} INFO - Exporting the following env vars:
AIRFLOW_CTX_DAG_OWNER=airflow
AIRFLOW_CTX_DAG_ID=get_stocks_dag
AIRFLOW_CTX_TASK_ID=AAPL
AIRFLOW_CTX_EXECUTION_DATE=2023-10-20T00:00:00+00:00
AIRFLOW_CTX_TRY_NUMBER=1
AIRFLOW_CTX_DAG_RUN_ID=scheduled__2023-10-20T00:00:00+00:00
[2023-10-27 14:32:36,186] {python.py:173} INFO - Done. Returned value was: None
[2023-10-27 14:32:36,198] {taskinstance.py:1395} INFO - Marking task as SUCCESS. dag_id=get_stocks_dag, task_id=AAPL, execution_date=20231020T000000, start_date=20231027T173235, end_date=20231027T173236
[2023-10-27 14:32:36,324] {local_task_job.py:156} INFO - Task exited with return code 0
[2023-10-27 14:32:36,370] {local_task_job.py:273} INFO - 0 downstream tasks scheduled from follow-on schedule check
[2023-10-27 14:36:41,650] {taskinstance.py:1159} INFO - Dependencies all met for <TaskInstance: get_stocks_dag.AAPL scheduled__2023-10-20T00:00:00+00:00 [queued]>
[2023-10-27 14:36:41,713] {taskinstance.py:1159} INFO - Dependencies all met for <TaskInstance: get_stocks_dag.AAPL scheduled__2023-10-20T00:00:00+00:00 [queued]>
[2023-10-27 14:36:41,713] {taskinstance.py:1356} INFO - 
--------------------------------------------------------------------------------
[2023-10-27 14:36:41,713] {taskinstance.py:1357} INFO - Starting attempt 1 of 1
[2023-10-27 14:36:41,713] {taskinstance.py:1358} INFO - 
--------------------------------------------------------------------------------
[2023-10-27 14:36:41,803] {taskinstance.py:1377} INFO - Executing <Task(_PythonDecoratedOperator): AAPL> on 2023-10-20 00:00:00+00:00
[2023-10-27 14:36:41,818] {standard_task_runner.py:52} INFO - Started process 21235 to run task
[2023-10-27 14:36:41,849] {standard_task_runner.py:79} INFO - Running: ['airflow', 'tasks', 'run', 'get_stocks_dag', 'AAPL', 'scheduled__2023-10-20T00:00:00+00:00', '--job-id', '57', '--raw', '--subdir', 'DAGS_FOLDER/get_finance.py', '--cfg-path', '/tmp/tmpjxfpt9x4', '--error-file', '/tmp/tmpofxmttma']
[2023-10-27 14:36:41,850] {standard_task_runner.py:80} INFO - Job 57: Subtask AAPL
[2023-10-27 14:36:41,936] {task_command.py:370} INFO - Running <TaskInstance: get_stocks_dag.AAPL scheduled__2023-10-20T00:00:00+00:00 [running]> on host airflow-virtual-machine
[2023-10-27 14:36:42,163] {taskinstance.py:1569} INFO - Exporting the following env vars:
AIRFLOW_CTX_DAG_OWNER=airflow
AIRFLOW_CTX_DAG_ID=get_stocks_dag
AIRFLOW_CTX_TASK_ID=AAPL
AIRFLOW_CTX_EXECUTION_DATE=2023-10-20T00:00:00+00:00
AIRFLOW_CTX_TRY_NUMBER=1
AIRFLOW_CTX_DAG_RUN_ID=scheduled__2023-10-20T00:00:00+00:00
[2023-10-27 14:36:43,203] {python.py:173} INFO - Done. Returned value was: None
[2023-10-27 14:36:43,281] {taskinstance.py:1395} INFO - Marking task as SUCCESS. dag_id=get_stocks_dag, task_id=AAPL, execution_date=20231020T000000, start_date=20231027T173641, end_date=20231027T173643
[2023-10-27 14:36:43,386] {local_task_job.py:156} INFO - Task exited with return code 0
[2023-10-27 14:36:43,406] {local_task_job.py:273} INFO - 0 downstream tasks scheduled from follow-on schedule check
[2023-10-27 14:55:56,418] {taskinstance.py:1159} INFO - Dependencies all met for <TaskInstance: get_stocks_dag.AAPL scheduled__2023-10-20T00:00:00+00:00 [queued]>
[2023-10-27 14:55:56,423] {taskinstance.py:1159} INFO - Dependencies all met for <TaskInstance: get_stocks_dag.AAPL scheduled__2023-10-20T00:00:00+00:00 [queued]>
[2023-10-27 14:55:56,423] {taskinstance.py:1356} INFO - 
--------------------------------------------------------------------------------
[2023-10-27 14:55:56,424] {taskinstance.py:1357} INFO - Starting attempt 1 of 1
[2023-10-27 14:55:56,424] {taskinstance.py:1358} INFO - 
--------------------------------------------------------------------------------
[2023-10-27 14:55:56,433] {taskinstance.py:1377} INFO - Executing <Task(_PythonDecoratedOperator): AAPL> on 2023-10-20 00:00:00+00:00
[2023-10-27 14:55:56,436] {standard_task_runner.py:52} INFO - Started process 23874 to run task
[2023-10-27 14:55:56,439] {standard_task_runner.py:79} INFO - Running: ['airflow', 'tasks', 'run', 'get_stocks_dag', 'AAPL', 'scheduled__2023-10-20T00:00:00+00:00', '--job-id', '57', '--raw', '--subdir', 'DAGS_FOLDER/get_finance.py', '--cfg-path', '/tmp/tmp6cb923tg', '--error-file', '/tmp/tmpgmfjtdoq']
[2023-10-27 14:55:56,439] {standard_task_runner.py:80} INFO - Job 57: Subtask AAPL
[2023-10-27 14:55:56,480] {task_command.py:370} INFO - Running <TaskInstance: get_stocks_dag.AAPL scheduled__2023-10-20T00:00:00+00:00 [running]> on host airflow-virtual-machine
[2023-10-27 14:55:56,526] {taskinstance.py:1569} INFO - Exporting the following env vars:
AIRFLOW_CTX_DAG_OWNER=airflow
AIRFLOW_CTX_DAG_ID=get_stocks_dag
AIRFLOW_CTX_TASK_ID=AAPL
AIRFLOW_CTX_EXECUTION_DATE=2023-10-20T00:00:00+00:00
AIRFLOW_CTX_TRY_NUMBER=1
AIRFLOW_CTX_DAG_RUN_ID=scheduled__2023-10-20T00:00:00+00:00
[2023-10-27 14:55:56,903] {python.py:173} INFO - Done. Returned value was: None
[2023-10-27 14:55:56,908] {taskinstance.py:1395} INFO - Marking task as SUCCESS. dag_id=get_stocks_dag, task_id=AAPL, execution_date=20231020T000000, start_date=20231027T175556, end_date=20231027T175556
[2023-10-27 14:55:56,954] {local_task_job.py:156} INFO - Task exited with return code 0
[2023-10-27 14:55:56,992] {local_task_job.py:273} INFO - 0 downstream tasks scheduled from follow-on schedule check
[2023-10-27 15:25:08,181] {taskinstance.py:1159} INFO - Dependencies all met for <TaskInstance: get_stocks_dag.AAPL scheduled__2023-10-20T00:00:00+00:00 [queued]>
[2023-10-27 15:25:08,187] {taskinstance.py:1159} INFO - Dependencies all met for <TaskInstance: get_stocks_dag.AAPL scheduled__2023-10-20T00:00:00+00:00 [queued]>
[2023-10-27 15:25:08,187] {taskinstance.py:1356} INFO - 
--------------------------------------------------------------------------------
[2023-10-27 15:25:08,187] {taskinstance.py:1357} INFO - Starting attempt 1 of 1
[2023-10-27 15:25:08,187] {taskinstance.py:1358} INFO - 
--------------------------------------------------------------------------------
[2023-10-27 15:25:08,200] {taskinstance.py:1377} INFO - Executing <Task(_PythonDecoratedOperator): AAPL> on 2023-10-20 00:00:00+00:00
[2023-10-27 15:25:08,203] {standard_task_runner.py:52} INFO - Started process 27724 to run task
[2023-10-27 15:25:08,216] {standard_task_runner.py:79} INFO - Running: ['airflow', 'tasks', 'run', 'get_stocks_dag', 'AAPL', 'scheduled__2023-10-20T00:00:00+00:00', '--job-id', '57', '--raw', '--subdir', 'DAGS_FOLDER/get_finance.py', '--cfg-path', '/tmp/tmpuvezrsn0', '--error-file', '/tmp/tmpbu33ukle']
[2023-10-27 15:25:08,217] {standard_task_runner.py:80} INFO - Job 57: Subtask AAPL
[2023-10-27 15:25:08,322] {task_command.py:370} INFO - Running <TaskInstance: get_stocks_dag.AAPL scheduled__2023-10-20T00:00:00+00:00 [running]> on host airflow-virtual-machine
[2023-10-27 15:25:08,397] {taskinstance.py:1569} INFO - Exporting the following env vars:
AIRFLOW_CTX_DAG_OWNER=airflow
AIRFLOW_CTX_DAG_ID=get_stocks_dag
AIRFLOW_CTX_TASK_ID=AAPL
AIRFLOW_CTX_EXECUTION_DATE=2023-10-20T00:00:00+00:00
AIRFLOW_CTX_TRY_NUMBER=1
AIRFLOW_CTX_DAG_RUN_ID=scheduled__2023-10-20T00:00:00+00:00
[2023-10-27 15:25:08,845] {python.py:173} INFO - Done. Returned value was: None
[2023-10-27 15:25:08,850] {taskinstance.py:1395} INFO - Marking task as SUCCESS. dag_id=get_stocks_dag, task_id=AAPL, execution_date=20231020T000000, start_date=20231027T182508, end_date=20231027T182508
[2023-10-27 15:25:08,879] {local_task_job.py:156} INFO - Task exited with return code 0
[2023-10-27 15:25:08,892] {local_task_job.py:273} INFO - 0 downstream tasks scheduled from follow-on schedule check
[2023-10-27 17:04:01,791] {taskinstance.py:1159} INFO - Dependencies all met for <TaskInstance: get_stocks_dag.AAPL scheduled__2023-10-20T00:00:00+00:00 [queued]>
[2023-10-27 17:04:01,809] {taskinstance.py:1159} INFO - Dependencies all met for <TaskInstance: get_stocks_dag.AAPL scheduled__2023-10-20T00:00:00+00:00 [queued]>
[2023-10-27 17:04:01,810] {taskinstance.py:1356} INFO - 
--------------------------------------------------------------------------------
[2023-10-27 17:04:01,810] {taskinstance.py:1357} INFO - Starting attempt 1 of 1
[2023-10-27 17:04:01,810] {taskinstance.py:1358} INFO - 
--------------------------------------------------------------------------------
[2023-10-27 17:04:01,826] {taskinstance.py:1377} INFO - Executing <Task(_PythonDecoratedOperator): AAPL> on 2023-10-20 00:00:00+00:00
[2023-10-27 17:04:01,830] {standard_task_runner.py:52} INFO - Started process 40077 to run task
[2023-10-27 17:04:01,834] {standard_task_runner.py:79} INFO - Running: ['airflow', 'tasks', 'run', 'get_stocks_dag', 'AAPL', 'scheduled__2023-10-20T00:00:00+00:00', '--job-id', '70', '--raw', '--subdir', 'DAGS_FOLDER/get_finance.py', '--cfg-path', '/tmp/tmpzmtuic64', '--error-file', '/tmp/tmp8cykjix_']
[2023-10-27 17:04:01,835] {standard_task_runner.py:80} INFO - Job 70: Subtask AAPL
[2023-10-27 17:04:01,878] {task_command.py:370} INFO - Running <TaskInstance: get_stocks_dag.AAPL scheduled__2023-10-20T00:00:00+00:00 [running]> on host airflow-virtual-machine
[2023-10-27 17:04:01,961] {taskinstance.py:1569} INFO - Exporting the following env vars:
AIRFLOW_CTX_DAG_OWNER=airflow
AIRFLOW_CTX_DAG_ID=get_stocks_dag
AIRFLOW_CTX_TASK_ID=AAPL
AIRFLOW_CTX_EXECUTION_DATE=2023-10-20T00:00:00+00:00
AIRFLOW_CTX_TRY_NUMBER=1
AIRFLOW_CTX_DAG_RUN_ID=scheduled__2023-10-20T00:00:00+00:00
[2023-10-27 17:04:02,435] {python.py:173} INFO - Done. Returned value was: None
[2023-10-27 17:04:02,443] {taskinstance.py:1395} INFO - Marking task as SUCCESS. dag_id=get_stocks_dag, task_id=AAPL, execution_date=20231020T000000, start_date=20231027T200401, end_date=20231027T200402
[2023-10-27 17:04:02,508] {local_task_job.py:156} INFO - Task exited with return code 0
[2023-10-27 17:04:02,600] {local_task_job.py:273} INFO - 0 downstream tasks scheduled from follow-on schedule check
[2023-10-27 17:11:10,153] {taskinstance.py:1159} INFO - Dependencies all met for <TaskInstance: get_stocks_dag.AAPL scheduled__2023-10-20T00:00:00+00:00 [queued]>
[2023-10-27 17:11:10,163] {taskinstance.py:1159} INFO - Dependencies all met for <TaskInstance: get_stocks_dag.AAPL scheduled__2023-10-20T00:00:00+00:00 [queued]>
[2023-10-27 17:11:10,163] {taskinstance.py:1356} INFO - 
--------------------------------------------------------------------------------
[2023-10-27 17:11:10,163] {taskinstance.py:1357} INFO - Starting attempt 1 of 1
[2023-10-27 17:11:10,163] {taskinstance.py:1358} INFO - 
--------------------------------------------------------------------------------
[2023-10-27 17:11:10,179] {taskinstance.py:1377} INFO - Executing <Task(_PythonDecoratedOperator): AAPL> on 2023-10-20 00:00:00+00:00
[2023-10-27 17:11:10,183] {standard_task_runner.py:52} INFO - Started process 41771 to run task
[2023-10-27 17:11:10,187] {standard_task_runner.py:79} INFO - Running: ['airflow', 'tasks', 'run', 'get_stocks_dag', 'AAPL', 'scheduled__2023-10-20T00:00:00+00:00', '--job-id', '70', '--raw', '--subdir', 'DAGS_FOLDER/get_finance.py', '--cfg-path', '/tmp/tmpksx8tsha', '--error-file', '/tmp/tmp_nm6iqfy']
[2023-10-27 17:11:10,188] {standard_task_runner.py:80} INFO - Job 70: Subtask AAPL
[2023-10-27 17:11:10,275] {task_command.py:370} INFO - Running <TaskInstance: get_stocks_dag.AAPL scheduled__2023-10-20T00:00:00+00:00 [running]> on host airflow-virtual-machine
[2023-10-27 17:11:10,335] {taskinstance.py:1569} INFO - Exporting the following env vars:
AIRFLOW_CTX_DAG_OWNER=airflow
AIRFLOW_CTX_DAG_ID=get_stocks_dag
AIRFLOW_CTX_TASK_ID=AAPL
AIRFLOW_CTX_EXECUTION_DATE=2023-10-20T00:00:00+00:00
AIRFLOW_CTX_TRY_NUMBER=1
AIRFLOW_CTX_DAG_RUN_ID=scheduled__2023-10-20T00:00:00+00:00
[2023-10-27 17:11:10,874] {python.py:173} INFO - Done. Returned value was: None
[2023-10-27 17:11:10,881] {taskinstance.py:1395} INFO - Marking task as SUCCESS. dag_id=get_stocks_dag, task_id=AAPL, execution_date=20231020T000000, start_date=20231027T201110, end_date=20231027T201110
[2023-10-27 17:11:10,956] {local_task_job.py:156} INFO - Task exited with return code 0
[2023-10-27 17:11:11,000] {local_task_job.py:273} INFO - 0 downstream tasks scheduled from follow-on schedule check
[2023-10-27 18:11:56,652] {taskinstance.py:1159} INFO - Dependencies all met for <TaskInstance: get_stocks_dag.AAPL scheduled__2023-10-20T00:00:00+00:00 [queued]>
[2023-10-27 18:11:56,659] {taskinstance.py:1159} INFO - Dependencies all met for <TaskInstance: get_stocks_dag.AAPL scheduled__2023-10-20T00:00:00+00:00 [queued]>
[2023-10-27 18:11:56,659] {taskinstance.py:1356} INFO - 
--------------------------------------------------------------------------------
[2023-10-27 18:11:56,659] {taskinstance.py:1357} INFO - Starting attempt 1 of 1
[2023-10-27 18:11:56,659] {taskinstance.py:1358} INFO - 
--------------------------------------------------------------------------------
[2023-10-27 18:11:56,669] {taskinstance.py:1377} INFO - Executing <Task(_PythonDecoratedOperator): AAPL> on 2023-10-20 00:00:00+00:00
[2023-10-27 18:11:56,672] {standard_task_runner.py:52} INFO - Started process 49924 to run task
[2023-10-27 18:11:56,676] {standard_task_runner.py:79} INFO - Running: ['airflow', 'tasks', 'run', 'get_stocks_dag', 'AAPL', 'scheduled__2023-10-20T00:00:00+00:00', '--job-id', '69', '--raw', '--subdir', 'DAGS_FOLDER/get_finance.py', '--cfg-path', '/tmp/tmp95a_4lw5', '--error-file', '/tmp/tmpzy2alhwk']
[2023-10-27 18:11:56,676] {standard_task_runner.py:80} INFO - Job 69: Subtask AAPL
[2023-10-27 18:11:56,713] {task_command.py:370} INFO - Running <TaskInstance: get_stocks_dag.AAPL scheduled__2023-10-20T00:00:00+00:00 [running]> on host airflow-virtual-machine
[2023-10-27 18:11:56,756] {taskinstance.py:1569} INFO - Exporting the following env vars:
AIRFLOW_CTX_DAG_OWNER=airflow
AIRFLOW_CTX_DAG_ID=get_stocks_dag
AIRFLOW_CTX_TASK_ID=AAPL
AIRFLOW_CTX_EXECUTION_DATE=2023-10-20T00:00:00+00:00
AIRFLOW_CTX_TRY_NUMBER=1
AIRFLOW_CTX_DAG_RUN_ID=scheduled__2023-10-20T00:00:00+00:00
[2023-10-27 18:11:57,289] {python.py:173} INFO - Done. Returned value was: None
[2023-10-27 18:11:57,294] {taskinstance.py:1395} INFO - Marking task as SUCCESS. dag_id=get_stocks_dag, task_id=AAPL, execution_date=20231020T000000, start_date=20231027T211156, end_date=20231027T211157
[2023-10-27 18:11:57,343] {local_task_job.py:156} INFO - Task exited with return code 0
[2023-10-27 18:11:57,362] {local_task_job.py:273} INFO - 0 downstream tasks scheduled from follow-on schedule check
