[2023-10-27 17:01:48,882] {taskinstance.py:1159} INFO - Dependencies all met for <TaskInstance: get_stocks_dag.trasform_silver scheduled__2023-10-06T00:00:00+00:00 [queued]>
[2023-10-27 17:01:48,889] {taskinstance.py:1159} INFO - Dependencies all met for <TaskInstance: get_stocks_dag.trasform_silver scheduled__2023-10-06T00:00:00+00:00 [queued]>
[2023-10-27 17:01:48,889] {taskinstance.py:1356} INFO - 
--------------------------------------------------------------------------------
[2023-10-27 17:01:48,890] {taskinstance.py:1357} INFO - Starting attempt 1 of 1
[2023-10-27 17:01:48,890] {taskinstance.py:1358} INFO - 
--------------------------------------------------------------------------------
[2023-10-27 17:01:48,904] {taskinstance.py:1377} INFO - Executing <Task(_PythonDecoratedOperator): trasform_silver> on 2023-10-06 00:00:00+00:00
[2023-10-27 17:01:48,909] {standard_task_runner.py:52} INFO - Started process 39387 to run task
[2023-10-27 17:01:48,912] {standard_task_runner.py:79} INFO - Running: ['airflow', 'tasks', 'run', 'get_stocks_dag', 'trasform_silver', 'scheduled__2023-10-06T00:00:00+00:00', '--job-id', '24', '--raw', '--subdir', 'DAGS_FOLDER/get_finance.py', '--cfg-path', '/tmp/tmpflhrv812', '--error-file', '/tmp/tmpd3bb124k']
[2023-10-27 17:01:48,913] {standard_task_runner.py:80} INFO - Job 24: Subtask trasform_silver
[2023-10-27 17:01:48,950] {task_command.py:370} INFO - Running <TaskInstance: get_stocks_dag.trasform_silver scheduled__2023-10-06T00:00:00+00:00 [running]> on host airflow-virtual-machine
[2023-10-27 17:01:49,051] {taskinstance.py:1569} INFO - Exporting the following env vars:
AIRFLOW_CTX_DAG_OWNER=airflow
AIRFLOW_CTX_DAG_ID=get_stocks_dag
AIRFLOW_CTX_TASK_ID=trasform_silver
AIRFLOW_CTX_EXECUTION_DATE=2023-10-06T00:00:00+00:00
AIRFLOW_CTX_TRY_NUMBER=1
AIRFLOW_CTX_DAG_RUN_ID=scheduled__2023-10-06T00:00:00+00:00
[2023-10-27 17:01:49,058] {taskinstance.py:1889} ERROR - Task failed with exception
Traceback (most recent call last):
  File "/home/gabriel/Documents/project_finance/venv/lib/python3.9/site-packages/airflow/decorators/base.py", line 179, in execute
    return_value = super().execute(context)
  File "/home/gabriel/Documents/project_finance/venv/lib/python3.9/site-packages/airflow/operators/python.py", line 171, in execute
    return_value = self.execute_callable()
  File "/home/gabriel/Documents/project_finance/venv/lib/python3.9/site-packages/airflow/operators/python.py", line 189, in execute_callable
    return self.python_callable(*self.op_args, **self.op_kwargs)
  File "/home/gabriel/Documents/project_finance/airflow/dags/get_finance.py", line 42, in transform_silver
    df.to_csv(os.path.join(dest_path, f'Stocks_{ds_add(ds, -1)}.csv'), index=False)
AttributeError: 'list' object has no attribute 'to_csv'
[2023-10-27 17:01:49,061] {taskinstance.py:1395} INFO - Marking task as FAILED. dag_id=get_stocks_dag, task_id=trasform_silver, execution_date=20231006T000000, start_date=20231027T200148, end_date=20231027T200149
[2023-10-27 17:01:49,100] {standard_task_runner.py:92} ERROR - Failed to execute job 24 for task trasform_silver ('list' object has no attribute 'to_csv'; 39387)
[2023-10-27 17:01:49,105] {local_task_job.py:156} INFO - Task exited with return code 1
[2023-10-27 17:01:49,139] {local_task_job.py:273} INFO - 0 downstream tasks scheduled from follow-on schedule check
[2023-10-27 17:09:02,474] {taskinstance.py:1159} INFO - Dependencies all met for <TaskInstance: get_stocks_dag.trasform_silver scheduled__2023-10-06T00:00:00+00:00 [queued]>
[2023-10-27 17:09:02,482] {taskinstance.py:1159} INFO - Dependencies all met for <TaskInstance: get_stocks_dag.trasform_silver scheduled__2023-10-06T00:00:00+00:00 [queued]>
[2023-10-27 17:09:02,482] {taskinstance.py:1356} INFO - 
--------------------------------------------------------------------------------
[2023-10-27 17:09:02,482] {taskinstance.py:1357} INFO - Starting attempt 1 of 1
[2023-10-27 17:09:02,483] {taskinstance.py:1358} INFO - 
--------------------------------------------------------------------------------
[2023-10-27 17:09:02,494] {taskinstance.py:1377} INFO - Executing <Task(_PythonDecoratedOperator): trasform_silver> on 2023-10-06 00:00:00+00:00
[2023-10-27 17:09:02,500] {standard_task_runner.py:52} INFO - Started process 41098 to run task
[2023-10-27 17:09:02,503] {standard_task_runner.py:79} INFO - Running: ['airflow', 'tasks', 'run', 'get_stocks_dag', 'trasform_silver', 'scheduled__2023-10-06T00:00:00+00:00', '--job-id', '24', '--raw', '--subdir', 'DAGS_FOLDER/get_finance.py', '--cfg-path', '/tmp/tmp5lfrygw4', '--error-file', '/tmp/tmpg_ur1p2q']
[2023-10-27 17:09:02,504] {standard_task_runner.py:80} INFO - Job 24: Subtask trasform_silver
[2023-10-27 17:09:02,677] {task_command.py:370} INFO - Running <TaskInstance: get_stocks_dag.trasform_silver scheduled__2023-10-06T00:00:00+00:00 [running]> on host airflow-virtual-machine
[2023-10-27 17:09:02,765] {taskinstance.py:1569} INFO - Exporting the following env vars:
AIRFLOW_CTX_DAG_OWNER=airflow
AIRFLOW_CTX_DAG_ID=get_stocks_dag
AIRFLOW_CTX_TASK_ID=trasform_silver
AIRFLOW_CTX_EXECUTION_DATE=2023-10-06T00:00:00+00:00
AIRFLOW_CTX_TRY_NUMBER=1
AIRFLOW_CTX_DAG_RUN_ID=scheduled__2023-10-06T00:00:00+00:00
[2023-10-27 17:09:02,790] {python.py:173} INFO - Done. Returned value was: None
[2023-10-27 17:09:02,799] {taskinstance.py:1395} INFO - Marking task as SUCCESS. dag_id=get_stocks_dag, task_id=trasform_silver, execution_date=20231006T000000, start_date=20231027T200902, end_date=20231027T200902
[2023-10-27 17:09:02,824] {local_task_job.py:156} INFO - Task exited with return code 0
[2023-10-27 17:09:02,847] {local_task_job.py:273} INFO - 0 downstream tasks scheduled from follow-on schedule check
