[2023-10-29 11:30:02,006] {taskinstance.py:1159} INFO - Dependencies all met for <TaskInstance: get_stocks_dag.MSFT scheduled__2023-10-27T00:00:00+00:00 [queued]>
[2023-10-29 11:30:02,039] {taskinstance.py:1159} INFO - Dependencies all met for <TaskInstance: get_stocks_dag.MSFT scheduled__2023-10-27T00:00:00+00:00 [queued]>
[2023-10-29 11:30:02,039] {taskinstance.py:1356} INFO - 
--------------------------------------------------------------------------------
[2023-10-29 11:30:02,039] {taskinstance.py:1357} INFO - Starting attempt 1 of 1
[2023-10-29 11:30:02,039] {taskinstance.py:1358} INFO - 
--------------------------------------------------------------------------------
[2023-10-29 11:30:02,069] {taskinstance.py:1377} INFO - Executing <Task(_PythonDecoratedOperator): MSFT> on 2023-10-27 00:00:00+00:00
[2023-10-29 11:30:02,077] {standard_task_runner.py:52} INFO - Started process 15301 to run task
[2023-10-29 11:30:02,123] {standard_task_runner.py:79} INFO - Running: ['airflow', 'tasks', 'run', 'get_stocks_dag', 'MSFT', 'scheduled__2023-10-27T00:00:00+00:00', '--job-id', '83', '--raw', '--subdir', 'DAGS_FOLDER/get_finance.py', '--cfg-path', '/tmp/tmpuibs5siu', '--error-file', '/tmp/tmpfqc0iv1z']
[2023-10-29 11:30:02,124] {standard_task_runner.py:80} INFO - Job 83: Subtask MSFT
[2023-10-29 11:30:02,306] {task_command.py:370} INFO - Running <TaskInstance: get_stocks_dag.MSFT scheduled__2023-10-27T00:00:00+00:00 [running]> on host airflow-virtual-machine
[2023-10-29 11:30:02,942] {taskinstance.py:1569} INFO - Exporting the following env vars:
AIRFLOW_CTX_DAG_OWNER=airflow
AIRFLOW_CTX_DAG_ID=get_stocks_dag
AIRFLOW_CTX_TASK_ID=MSFT
AIRFLOW_CTX_EXECUTION_DATE=2023-10-27T00:00:00+00:00
AIRFLOW_CTX_TRY_NUMBER=1
AIRFLOW_CTX_DAG_RUN_ID=scheduled__2023-10-27T00:00:00+00:00
[2023-10-29 11:30:03,503] {python.py:173} INFO - Done. Returned value was: None
[2023-10-29 11:30:03,683] {taskinstance.py:1395} INFO - Marking task as SUCCESS. dag_id=get_stocks_dag, task_id=MSFT, execution_date=20231027T000000, start_date=20231029T143002, end_date=20231029T143003
[2023-10-29 11:30:04,102] {local_task_job.py:156} INFO - Task exited with return code 0
[2023-10-29 11:30:04,277] {local_task_job.py:273} INFO - 0 downstream tasks scheduled from follow-on schedule check
[2023-10-29 11:34:20,508] {taskinstance.py:1159} INFO - Dependencies all met for <TaskInstance: get_stocks_dag.MSFT scheduled__2023-10-27T00:00:00+00:00 [queued]>
[2023-10-29 11:34:20,544] {taskinstance.py:1159} INFO - Dependencies all met for <TaskInstance: get_stocks_dag.MSFT scheduled__2023-10-27T00:00:00+00:00 [queued]>
[2023-10-29 11:34:20,545] {taskinstance.py:1356} INFO - 
--------------------------------------------------------------------------------
[2023-10-29 11:34:20,545] {taskinstance.py:1357} INFO - Starting attempt 1 of 1
[2023-10-29 11:34:20,545] {taskinstance.py:1358} INFO - 
--------------------------------------------------------------------------------
[2023-10-29 11:34:20,597] {taskinstance.py:1377} INFO - Executing <Task(_PythonDecoratedOperator): MSFT> on 2023-10-27 00:00:00+00:00
[2023-10-29 11:34:20,627] {standard_task_runner.py:79} INFO - Running: ['airflow', 'tasks', 'run', 'get_stocks_dag', 'MSFT', 'scheduled__2023-10-27T00:00:00+00:00', '--job-id', '187', '--raw', '--subdir', 'DAGS_FOLDER/get_finance.py', '--cfg-path', '/tmp/tmp8wyrgucp', '--error-file', '/tmp/tmpy80xkz7f']
[2023-10-29 11:34:20,629] {standard_task_runner.py:80} INFO - Job 187: Subtask MSFT
[2023-10-29 11:34:20,628] {standard_task_runner.py:52} INFO - Started process 17652 to run task
[2023-10-29 11:34:20,811] {task_command.py:370} INFO - Running <TaskInstance: get_stocks_dag.MSFT scheduled__2023-10-27T00:00:00+00:00 [running]> on host airflow-virtual-machine
[2023-10-29 11:34:21,072] {taskinstance.py:1569} INFO - Exporting the following env vars:
AIRFLOW_CTX_DAG_OWNER=airflow
AIRFLOW_CTX_DAG_ID=get_stocks_dag
AIRFLOW_CTX_TASK_ID=MSFT
AIRFLOW_CTX_EXECUTION_DATE=2023-10-27T00:00:00+00:00
AIRFLOW_CTX_TRY_NUMBER=1
AIRFLOW_CTX_DAG_RUN_ID=scheduled__2023-10-27T00:00:00+00:00
[2023-10-29 11:34:21,764] {python.py:173} INFO - Done. Returned value was: None
[2023-10-29 11:34:21,799] {taskinstance.py:1395} INFO - Marking task as SUCCESS. dag_id=get_stocks_dag, task_id=MSFT, execution_date=20231027T000000, start_date=20231029T143420, end_date=20231029T143421
[2023-10-29 11:34:21,940] {local_task_job.py:156} INFO - Task exited with return code 0
[2023-10-29 11:34:22,316] {local_task_job.py:273} INFO - 0 downstream tasks scheduled from follow-on schedule check
[2023-10-29 13:33:36,660] {taskinstance.py:1159} INFO - Dependencies all met for <TaskInstance: get_stocks_dag.MSFT scheduled__2023-10-27T00:00:00+00:00 [queued]>
[2023-10-29 13:33:36,691] {taskinstance.py:1159} INFO - Dependencies all met for <TaskInstance: get_stocks_dag.MSFT scheduled__2023-10-27T00:00:00+00:00 [queued]>
[2023-10-29 13:33:36,692] {taskinstance.py:1356} INFO - 
--------------------------------------------------------------------------------
[2023-10-29 13:33:36,692] {taskinstance.py:1357} INFO - Starting attempt 1 of 1
[2023-10-29 13:33:36,692] {taskinstance.py:1358} INFO - 
--------------------------------------------------------------------------------
[2023-10-29 13:33:36,709] {taskinstance.py:1377} INFO - Executing <Task(_PythonDecoratedOperator): MSFT> on 2023-10-27 00:00:00+00:00
[2023-10-29 13:33:36,717] {standard_task_runner.py:52} INFO - Started process 7658 to run task
[2023-10-29 13:33:36,827] {standard_task_runner.py:79} INFO - Running: ['airflow', 'tasks', 'run', 'get_stocks_dag', 'MSFT', 'scheduled__2023-10-27T00:00:00+00:00', '--job-id', '295', '--raw', '--subdir', 'DAGS_FOLDER/get_finance.py', '--cfg-path', '/tmp/tmpgixovl17', '--error-file', '/tmp/tmpb9tm5t2n']
[2023-10-29 13:33:36,848] {standard_task_runner.py:80} INFO - Job 295: Subtask MSFT
[2023-10-29 13:33:37,049] {task_command.py:370} INFO - Running <TaskInstance: get_stocks_dag.MSFT scheduled__2023-10-27T00:00:00+00:00 [running]> on host airflow-virtual-machine
[2023-10-29 13:33:37,178] {taskinstance.py:1569} INFO - Exporting the following env vars:
AIRFLOW_CTX_DAG_OWNER=airflow
AIRFLOW_CTX_DAG_ID=get_stocks_dag
AIRFLOW_CTX_TASK_ID=MSFT
AIRFLOW_CTX_EXECUTION_DATE=2023-10-27T00:00:00+00:00
AIRFLOW_CTX_TRY_NUMBER=1
AIRFLOW_CTX_DAG_RUN_ID=scheduled__2023-10-27T00:00:00+00:00
[2023-10-29 13:33:37,689] {python.py:173} INFO - Done. Returned value was: None
[2023-10-29 13:33:37,719] {taskinstance.py:1395} INFO - Marking task as SUCCESS. dag_id=get_stocks_dag, task_id=MSFT, execution_date=20231027T000000, start_date=20231029T163336, end_date=20231029T163337
[2023-10-29 13:33:37,801] {local_task_job.py:156} INFO - Task exited with return code 0
[2023-10-29 13:33:37,894] {local_task_job.py:273} INFO - 0 downstream tasks scheduled from follow-on schedule check
[2023-10-29 14:36:09,018] {taskinstance.py:1159} INFO - Dependencies all met for <TaskInstance: get_stocks_dag.MSFT scheduled__2023-10-27T00:00:00+00:00 [queued]>
[2023-10-29 14:36:09,049] {taskinstance.py:1159} INFO - Dependencies all met for <TaskInstance: get_stocks_dag.MSFT scheduled__2023-10-27T00:00:00+00:00 [queued]>
[2023-10-29 14:36:09,049] {taskinstance.py:1356} INFO - 
--------------------------------------------------------------------------------
[2023-10-29 14:36:09,049] {taskinstance.py:1357} INFO - Starting attempt 1 of 1
[2023-10-29 14:36:09,049] {taskinstance.py:1358} INFO - 
--------------------------------------------------------------------------------
[2023-10-29 14:36:09,091] {taskinstance.py:1377} INFO - Executing <Task(_PythonDecoratedOperator): MSFT> on 2023-10-27 00:00:00+00:00
[2023-10-29 14:36:09,096] {standard_task_runner.py:52} INFO - Started process 10703 to run task
[2023-10-29 14:36:09,116] {standard_task_runner.py:79} INFO - Running: ['airflow', 'tasks', 'run', 'get_stocks_dag', 'MSFT', 'scheduled__2023-10-27T00:00:00+00:00', '--job-id', '391', '--raw', '--subdir', 'DAGS_FOLDER/get_finance.py', '--cfg-path', '/tmp/tmpgzksgptk', '--error-file', '/tmp/tmppd0w0r1n']
[2023-10-29 14:36:09,117] {standard_task_runner.py:80} INFO - Job 391: Subtask MSFT
[2023-10-29 14:36:09,259] {task_command.py:370} INFO - Running <TaskInstance: get_stocks_dag.MSFT scheduled__2023-10-27T00:00:00+00:00 [running]> on host airflow-virtual-machine
[2023-10-29 14:36:09,622] {taskinstance.py:1569} INFO - Exporting the following env vars:
AIRFLOW_CTX_DAG_OWNER=airflow
AIRFLOW_CTX_DAG_ID=get_stocks_dag
AIRFLOW_CTX_TASK_ID=MSFT
AIRFLOW_CTX_EXECUTION_DATE=2023-10-27T00:00:00+00:00
AIRFLOW_CTX_TRY_NUMBER=1
AIRFLOW_CTX_DAG_RUN_ID=scheduled__2023-10-27T00:00:00+00:00
[2023-10-29 14:36:10,049] {python.py:173} INFO - Done. Returned value was: None
[2023-10-29 14:36:10,070] {taskinstance.py:1395} INFO - Marking task as SUCCESS. dag_id=get_stocks_dag, task_id=MSFT, execution_date=20231027T000000, start_date=20231029T173609, end_date=20231029T173610
[2023-10-29 14:36:10,123] {local_task_job.py:156} INFO - Task exited with return code 0
[2023-10-29 14:36:10,195] {local_task_job.py:273} INFO - 1 downstream tasks scheduled from follow-on schedule check
