[2023-10-27 18:11:53,826] {taskinstance.py:1159} INFO - Dependencies all met for <TaskInstance: get_stocks_dag.transform_stocks scheduled__2023-10-18T00:00:00+00:00 [queued]>
[2023-10-27 18:11:53,835] {taskinstance.py:1159} INFO - Dependencies all met for <TaskInstance: get_stocks_dag.transform_stocks scheduled__2023-10-18T00:00:00+00:00 [queued]>
[2023-10-27 18:11:53,836] {taskinstance.py:1356} INFO - 
--------------------------------------------------------------------------------
[2023-10-27 18:11:53,836] {taskinstance.py:1357} INFO - Starting attempt 1 of 1
[2023-10-27 18:11:53,836] {taskinstance.py:1358} INFO - 
--------------------------------------------------------------------------------
[2023-10-27 18:11:53,856] {taskinstance.py:1377} INFO - Executing <Task(_PythonDecoratedOperator): transform_stocks> on 2023-10-18 00:00:00+00:00
[2023-10-27 18:11:53,863] {standard_task_runner.py:52} INFO - Started process 49904 to run task
[2023-10-27 18:11:53,866] {standard_task_runner.py:79} INFO - Running: ['airflow', 'tasks', 'run', 'get_stocks_dag', 'transform_stocks', 'scheduled__2023-10-18T00:00:00+00:00', '--job-id', '68', '--raw', '--subdir', 'DAGS_FOLDER/get_finance.py', '--cfg-path', '/tmp/tmp00ju09me', '--error-file', '/tmp/tmpq0d1w6zr']
[2023-10-27 18:11:53,868] {standard_task_runner.py:80} INFO - Job 68: Subtask transform_stocks
[2023-10-27 18:11:53,945] {task_command.py:370} INFO - Running <TaskInstance: get_stocks_dag.transform_stocks scheduled__2023-10-18T00:00:00+00:00 [running]> on host airflow-virtual-machine
[2023-10-27 18:11:53,993] {taskinstance.py:1569} INFO - Exporting the following env vars:
AIRFLOW_CTX_DAG_OWNER=airflow
AIRFLOW_CTX_DAG_ID=get_stocks_dag
AIRFLOW_CTX_TASK_ID=transform_stocks
AIRFLOW_CTX_EXECUTION_DATE=2023-10-18T00:00:00+00:00
AIRFLOW_CTX_TRY_NUMBER=1
AIRFLOW_CTX_DAG_RUN_ID=scheduled__2023-10-18T00:00:00+00:00
[2023-10-27 18:11:54,017] {python.py:173} INFO - Done. Returned value was: None
[2023-10-27 18:11:54,024] {taskinstance.py:1395} INFO - Marking task as SUCCESS. dag_id=get_stocks_dag, task_id=transform_stocks, execution_date=20231018T000000, start_date=20231027T211153, end_date=20231027T211154
[2023-10-27 18:11:54,043] {local_task_job.py:156} INFO - Task exited with return code 0
[2023-10-27 18:11:54,060] {local_task_job.py:273} INFO - 0 downstream tasks scheduled from follow-on schedule check
[2023-10-29 11:29:53,960] {taskinstance.py:1159} INFO - Dependencies all met for <TaskInstance: get_stocks_dag.transform_stocks scheduled__2023-10-18T00:00:00+00:00 [queued]>
[2023-10-29 11:29:53,982] {taskinstance.py:1159} INFO - Dependencies all met for <TaskInstance: get_stocks_dag.transform_stocks scheduled__2023-10-18T00:00:00+00:00 [queued]>
[2023-10-29 11:29:53,982] {taskinstance.py:1356} INFO - 
--------------------------------------------------------------------------------
[2023-10-29 11:29:53,983] {taskinstance.py:1357} INFO - Starting attempt 1 of 1
[2023-10-29 11:29:53,983] {taskinstance.py:1358} INFO - 
--------------------------------------------------------------------------------
[2023-10-29 11:29:54,008] {taskinstance.py:1377} INFO - Executing <Task(_PythonDecoratedOperator): transform_stocks> on 2023-10-18 00:00:00+00:00
[2023-10-29 11:29:54,012] {standard_task_runner.py:52} INFO - Started process 15001 to run task
[2023-10-29 11:29:54,021] {standard_task_runner.py:79} INFO - Running: ['airflow', 'tasks', 'run', 'get_stocks_dag', 'transform_stocks', 'scheduled__2023-10-18T00:00:00+00:00', '--job-id', '70', '--raw', '--subdir', 'DAGS_FOLDER/get_finance.py', '--cfg-path', '/tmp/tmpxds1ng9q', '--error-file', '/tmp/tmpnnt248mm']
[2023-10-29 11:29:54,023] {standard_task_runner.py:80} INFO - Job 70: Subtask transform_stocks
[2023-10-29 11:29:54,127] {task_command.py:370} INFO - Running <TaskInstance: get_stocks_dag.transform_stocks scheduled__2023-10-18T00:00:00+00:00 [running]> on host airflow-virtual-machine
[2023-10-29 11:29:54,225] {taskinstance.py:1569} INFO - Exporting the following env vars:
AIRFLOW_CTX_DAG_OWNER=airflow
AIRFLOW_CTX_DAG_ID=get_stocks_dag
AIRFLOW_CTX_TASK_ID=transform_stocks
AIRFLOW_CTX_EXECUTION_DATE=2023-10-18T00:00:00+00:00
AIRFLOW_CTX_TRY_NUMBER=1
AIRFLOW_CTX_DAG_RUN_ID=scheduled__2023-10-18T00:00:00+00:00
[2023-10-29 11:29:54,540] {python.py:173} INFO - Done. Returned value was: None
[2023-10-29 11:29:54,875] {taskinstance.py:1395} INFO - Marking task as SUCCESS. dag_id=get_stocks_dag, task_id=transform_stocks, execution_date=20231018T000000, start_date=20231029T142953, end_date=20231029T142954
[2023-10-29 11:29:54,966] {local_task_job.py:156} INFO - Task exited with return code 0
[2023-10-29 11:29:55,011] {local_task_job.py:273} INFO - 0 downstream tasks scheduled from follow-on schedule check
[2023-10-29 11:34:11,538] {taskinstance.py:1159} INFO - Dependencies all met for <TaskInstance: get_stocks_dag.transform_stocks scheduled__2023-10-18T00:00:00+00:00 [queued]>
[2023-10-29 11:34:11,570] {taskinstance.py:1159} INFO - Dependencies all met for <TaskInstance: get_stocks_dag.transform_stocks scheduled__2023-10-18T00:00:00+00:00 [queued]>
[2023-10-29 11:34:11,571] {taskinstance.py:1356} INFO - 
--------------------------------------------------------------------------------
[2023-10-29 11:34:11,571] {taskinstance.py:1357} INFO - Starting attempt 1 of 1
[2023-10-29 11:34:11,571] {taskinstance.py:1358} INFO - 
--------------------------------------------------------------------------------
[2023-10-29 11:34:11,613] {taskinstance.py:1377} INFO - Executing <Task(_PythonDecoratedOperator): transform_stocks> on 2023-10-18 00:00:00+00:00
[2023-10-29 11:34:11,618] {standard_task_runner.py:52} INFO - Started process 17433 to run task
[2023-10-29 11:34:11,636] {standard_task_runner.py:79} INFO - Running: ['airflow', 'tasks', 'run', 'get_stocks_dag', 'transform_stocks', 'scheduled__2023-10-18T00:00:00+00:00', '--job-id', '175', '--raw', '--subdir', 'DAGS_FOLDER/get_finance.py', '--cfg-path', '/tmp/tmp78adfh8q', '--error-file', '/tmp/tmps2pcmffp']
[2023-10-29 11:34:11,639] {standard_task_runner.py:80} INFO - Job 175: Subtask transform_stocks
[2023-10-29 11:34:11,806] {task_command.py:370} INFO - Running <TaskInstance: get_stocks_dag.transform_stocks scheduled__2023-10-18T00:00:00+00:00 [running]> on host airflow-virtual-machine
[2023-10-29 11:34:12,328] {taskinstance.py:1569} INFO - Exporting the following env vars:
AIRFLOW_CTX_DAG_OWNER=airflow
AIRFLOW_CTX_DAG_ID=get_stocks_dag
AIRFLOW_CTX_TASK_ID=transform_stocks
AIRFLOW_CTX_EXECUTION_DATE=2023-10-18T00:00:00+00:00
AIRFLOW_CTX_TRY_NUMBER=1
AIRFLOW_CTX_DAG_RUN_ID=scheduled__2023-10-18T00:00:00+00:00
[2023-10-29 11:34:12,521] {python.py:173} INFO - Done. Returned value was: None
[2023-10-29 11:34:12,570] {taskinstance.py:1395} INFO - Marking task as SUCCESS. dag_id=get_stocks_dag, task_id=transform_stocks, execution_date=20231018T000000, start_date=20231029T143411, end_date=20231029T143412
[2023-10-29 11:34:12,750] {local_task_job.py:156} INFO - Task exited with return code 0
[2023-10-29 11:34:12,879] {local_task_job.py:273} INFO - 0 downstream tasks scheduled from follow-on schedule check
[2023-10-29 13:33:24,815] {taskinstance.py:1159} INFO - Dependencies all met for <TaskInstance: get_stocks_dag.transform_stocks scheduled__2023-10-18T00:00:00+00:00 [queued]>
[2023-10-29 13:33:24,893] {taskinstance.py:1159} INFO - Dependencies all met for <TaskInstance: get_stocks_dag.transform_stocks scheduled__2023-10-18T00:00:00+00:00 [queued]>
[2023-10-29 13:33:24,899] {taskinstance.py:1356} INFO - 
--------------------------------------------------------------------------------
[2023-10-29 13:33:24,901] {taskinstance.py:1357} INFO - Starting attempt 1 of 1
[2023-10-29 13:33:24,901] {taskinstance.py:1358} INFO - 
--------------------------------------------------------------------------------
[2023-10-29 13:33:24,992] {taskinstance.py:1377} INFO - Executing <Task(_PythonDecoratedOperator): transform_stocks> on 2023-10-18 00:00:00+00:00
[2023-10-29 13:33:25,029] {standard_task_runner.py:52} INFO - Started process 7415 to run task
[2023-10-29 13:33:25,041] {standard_task_runner.py:79} INFO - Running: ['airflow', 'tasks', 'run', 'get_stocks_dag', 'transform_stocks', 'scheduled__2023-10-18T00:00:00+00:00', '--job-id', '283', '--raw', '--subdir', 'DAGS_FOLDER/get_finance.py', '--cfg-path', '/tmp/tmpm_pnxfq3', '--error-file', '/tmp/tmp6g5ifzpk']
[2023-10-29 13:33:25,050] {standard_task_runner.py:80} INFO - Job 283: Subtask transform_stocks
[2023-10-29 13:33:25,214] {task_command.py:370} INFO - Running <TaskInstance: get_stocks_dag.transform_stocks scheduled__2023-10-18T00:00:00+00:00 [running]> on host airflow-virtual-machine
[2023-10-29 13:33:25,324] {taskinstance.py:1569} INFO - Exporting the following env vars:
AIRFLOW_CTX_DAG_OWNER=airflow
AIRFLOW_CTX_DAG_ID=get_stocks_dag
AIRFLOW_CTX_TASK_ID=transform_stocks
AIRFLOW_CTX_EXECUTION_DATE=2023-10-18T00:00:00+00:00
AIRFLOW_CTX_TRY_NUMBER=1
AIRFLOW_CTX_DAG_RUN_ID=scheduled__2023-10-18T00:00:00+00:00
[2023-10-29 13:33:25,350] {python.py:173} INFO - Done. Returned value was: None
[2023-10-29 13:33:25,375] {taskinstance.py:1395} INFO - Marking task as SUCCESS. dag_id=get_stocks_dag, task_id=transform_stocks, execution_date=20231018T000000, start_date=20231029T163324, end_date=20231029T163325
[2023-10-29 13:33:25,446] {local_task_job.py:156} INFO - Task exited with return code 0
[2023-10-29 13:33:25,560] {local_task_job.py:273} INFO - 0 downstream tasks scheduled from follow-on schedule check
[2023-10-29 14:36:02,554] {taskinstance.py:1159} INFO - Dependencies all met for <TaskInstance: get_stocks_dag.transform_stocks scheduled__2023-10-18T00:00:00+00:00 [queued]>
[2023-10-29 14:36:02,615] {taskinstance.py:1159} INFO - Dependencies all met for <TaskInstance: get_stocks_dag.transform_stocks scheduled__2023-10-18T00:00:00+00:00 [queued]>
[2023-10-29 14:36:02,615] {taskinstance.py:1356} INFO - 
--------------------------------------------------------------------------------
[2023-10-29 14:36:02,615] {taskinstance.py:1357} INFO - Starting attempt 1 of 1
[2023-10-29 14:36:02,615] {taskinstance.py:1358} INFO - 
--------------------------------------------------------------------------------
[2023-10-29 14:36:02,698] {taskinstance.py:1377} INFO - Executing <Task(_PythonDecoratedOperator): transform_stocks> on 2023-10-18 00:00:00+00:00
[2023-10-29 14:36:02,739] {standard_task_runner.py:52} INFO - Started process 10379 to run task
[2023-10-29 14:36:02,741] {standard_task_runner.py:79} INFO - Running: ['airflow', 'tasks', 'run', 'get_stocks_dag', 'transform_stocks', 'scheduled__2023-10-18T00:00:00+00:00', '--job-id', '377', '--raw', '--subdir', 'DAGS_FOLDER/get_finance.py', '--cfg-path', '/tmp/tmpppquy6nl', '--error-file', '/tmp/tmp2on4lpon']
[2023-10-29 14:36:02,748] {standard_task_runner.py:80} INFO - Job 377: Subtask transform_stocks
[2023-10-29 14:36:02,906] {task_command.py:370} INFO - Running <TaskInstance: get_stocks_dag.transform_stocks scheduled__2023-10-18T00:00:00+00:00 [running]> on host airflow-virtual-machine
[2023-10-29 14:36:03,016] {taskinstance.py:1569} INFO - Exporting the following env vars:
AIRFLOW_CTX_DAG_OWNER=airflow
AIRFLOW_CTX_DAG_ID=get_stocks_dag
AIRFLOW_CTX_TASK_ID=transform_stocks
AIRFLOW_CTX_EXECUTION_DATE=2023-10-18T00:00:00+00:00
AIRFLOW_CTX_TRY_NUMBER=1
AIRFLOW_CTX_DAG_RUN_ID=scheduled__2023-10-18T00:00:00+00:00
[2023-10-29 14:36:03,048] {python.py:173} INFO - Done. Returned value was: None
[2023-10-29 14:36:03,061] {taskinstance.py:1395} INFO - Marking task as SUCCESS. dag_id=get_stocks_dag, task_id=transform_stocks, execution_date=20231018T000000, start_date=20231029T173602, end_date=20231029T173603
[2023-10-29 14:36:03,115] {local_task_job.py:156} INFO - Task exited with return code 0
[2023-10-29 14:36:03,171] {local_task_job.py:273} INFO - 0 downstream tasks scheduled from follow-on schedule check
