[2023-10-29 13:17:38,747] {processor.py:153} INFO - Started process (PID=3429) to work on /home/gabriel/Documents/project_finance/venv/lib/python3.9/site-packages/airflow/example_dags/plugins/workday.py
[2023-10-29 13:17:38,747] {processor.py:641} INFO - Processing file /home/gabriel/Documents/project_finance/venv/lib/python3.9/site-packages/airflow/example_dags/plugins/workday.py for tasks to queue
[2023-10-29 13:17:38,748] {logging_mixin.py:115} INFO - [2023-10-29 13:17:38,748] {dagbag.py:507} INFO - Filling up the DagBag from /home/gabriel/Documents/project_finance/venv/lib/python3.9/site-packages/airflow/example_dags/plugins/workday.py
[2023-10-29 13:17:38,749] {processor.py:653} WARNING - No viable dags retrieved from /home/gabriel/Documents/project_finance/venv/lib/python3.9/site-packages/airflow/example_dags/plugins/workday.py
[2023-10-29 13:17:38,759] {processor.py:161} INFO - Processing /home/gabriel/Documents/project_finance/venv/lib/python3.9/site-packages/airflow/example_dags/plugins/workday.py took 0.015 seconds
[2023-10-29 13:18:29,048] {processor.py:153} INFO - Started process (PID=3528) to work on /home/gabriel/Documents/project_finance/venv/lib/python3.9/site-packages/airflow/example_dags/plugins/workday.py
[2023-10-29 13:18:29,048] {processor.py:641} INFO - Processing file /home/gabriel/Documents/project_finance/venv/lib/python3.9/site-packages/airflow/example_dags/plugins/workday.py for tasks to queue
[2023-10-29 13:18:29,049] {logging_mixin.py:115} INFO - [2023-10-29 13:18:29,049] {dagbag.py:507} INFO - Filling up the DagBag from /home/gabriel/Documents/project_finance/venv/lib/python3.9/site-packages/airflow/example_dags/plugins/workday.py
[2023-10-29 13:18:29,051] {processor.py:653} WARNING - No viable dags retrieved from /home/gabriel/Documents/project_finance/venv/lib/python3.9/site-packages/airflow/example_dags/plugins/workday.py
[2023-10-29 13:18:29,061] {processor.py:161} INFO - Processing /home/gabriel/Documents/project_finance/venv/lib/python3.9/site-packages/airflow/example_dags/plugins/workday.py took 0.017 seconds
[2023-10-29 13:19:01,691] {processor.py:153} INFO - Started process (PID=3600) to work on /home/gabriel/Documents/project_finance/venv/lib/python3.9/site-packages/airflow/example_dags/plugins/workday.py
[2023-10-29 13:19:01,691] {processor.py:641} INFO - Processing file /home/gabriel/Documents/project_finance/venv/lib/python3.9/site-packages/airflow/example_dags/plugins/workday.py for tasks to queue
[2023-10-29 13:19:01,692] {logging_mixin.py:115} INFO - [2023-10-29 13:19:01,692] {dagbag.py:507} INFO - Filling up the DagBag from /home/gabriel/Documents/project_finance/venv/lib/python3.9/site-packages/airflow/example_dags/plugins/workday.py
[2023-10-29 13:19:01,694] {processor.py:653} WARNING - No viable dags retrieved from /home/gabriel/Documents/project_finance/venv/lib/python3.9/site-packages/airflow/example_dags/plugins/workday.py
[2023-10-29 13:19:01,703] {processor.py:161} INFO - Processing /home/gabriel/Documents/project_finance/venv/lib/python3.9/site-packages/airflow/example_dags/plugins/workday.py took 0.015 seconds
[2023-10-29 13:19:43,730] {processor.py:153} INFO - Started process (PID=3659) to work on /home/gabriel/Documents/project_finance/venv/lib/python3.9/site-packages/airflow/example_dags/plugins/workday.py
[2023-10-29 13:19:43,731] {processor.py:641} INFO - Processing file /home/gabriel/Documents/project_finance/venv/lib/python3.9/site-packages/airflow/example_dags/plugins/workday.py for tasks to queue
[2023-10-29 13:19:43,731] {logging_mixin.py:115} INFO - [2023-10-29 13:19:43,731] {dagbag.py:507} INFO - Filling up the DagBag from /home/gabriel/Documents/project_finance/venv/lib/python3.9/site-packages/airflow/example_dags/plugins/workday.py
[2023-10-29 13:19:43,735] {processor.py:653} WARNING - No viable dags retrieved from /home/gabriel/Documents/project_finance/venv/lib/python3.9/site-packages/airflow/example_dags/plugins/workday.py
[2023-10-29 13:19:43,745] {processor.py:161} INFO - Processing /home/gabriel/Documents/project_finance/venv/lib/python3.9/site-packages/airflow/example_dags/plugins/workday.py took 0.018 seconds
[2023-10-29 13:20:15,008] {processor.py:153} INFO - Started process (PID=3700) to work on /home/gabriel/Documents/project_finance/venv/lib/python3.9/site-packages/airflow/example_dags/plugins/workday.py
[2023-10-29 13:20:15,008] {processor.py:641} INFO - Processing file /home/gabriel/Documents/project_finance/venv/lib/python3.9/site-packages/airflow/example_dags/plugins/workday.py for tasks to queue
[2023-10-29 13:20:15,009] {logging_mixin.py:115} INFO - [2023-10-29 13:20:15,009] {dagbag.py:507} INFO - Filling up the DagBag from /home/gabriel/Documents/project_finance/venv/lib/python3.9/site-packages/airflow/example_dags/plugins/workday.py
[2023-10-29 13:20:15,011] {processor.py:653} WARNING - No viable dags retrieved from /home/gabriel/Documents/project_finance/venv/lib/python3.9/site-packages/airflow/example_dags/plugins/workday.py
[2023-10-29 13:20:15,020] {processor.py:161} INFO - Processing /home/gabriel/Documents/project_finance/venv/lib/python3.9/site-packages/airflow/example_dags/plugins/workday.py took 0.015 seconds
[2023-10-29 13:20:49,932] {processor.py:153} INFO - Started process (PID=4100) to work on /home/gabriel/Documents/project_finance/venv/lib/python3.9/site-packages/airflow/example_dags/plugins/workday.py
[2023-10-29 13:20:49,933] {processor.py:641} INFO - Processing file /home/gabriel/Documents/project_finance/venv/lib/python3.9/site-packages/airflow/example_dags/plugins/workday.py for tasks to queue
[2023-10-29 13:20:49,934] {logging_mixin.py:115} INFO - [2023-10-29 13:20:49,934] {dagbag.py:507} INFO - Filling up the DagBag from /home/gabriel/Documents/project_finance/venv/lib/python3.9/site-packages/airflow/example_dags/plugins/workday.py
[2023-10-29 13:20:49,936] {processor.py:653} WARNING - No viable dags retrieved from /home/gabriel/Documents/project_finance/venv/lib/python3.9/site-packages/airflow/example_dags/plugins/workday.py
[2023-10-29 13:20:49,948] {processor.py:161} INFO - Processing /home/gabriel/Documents/project_finance/venv/lib/python3.9/site-packages/airflow/example_dags/plugins/workday.py took 0.019 seconds
[2023-10-29 13:21:22,880] {processor.py:153} INFO - Started process (PID=4351) to work on /home/gabriel/Documents/project_finance/venv/lib/python3.9/site-packages/airflow/example_dags/plugins/workday.py
[2023-10-29 13:21:22,881] {processor.py:641} INFO - Processing file /home/gabriel/Documents/project_finance/venv/lib/python3.9/site-packages/airflow/example_dags/plugins/workday.py for tasks to queue
[2023-10-29 13:21:22,882] {logging_mixin.py:115} INFO - [2023-10-29 13:21:22,882] {dagbag.py:507} INFO - Filling up the DagBag from /home/gabriel/Documents/project_finance/venv/lib/python3.9/site-packages/airflow/example_dags/plugins/workday.py
[2023-10-29 13:21:22,884] {processor.py:653} WARNING - No viable dags retrieved from /home/gabriel/Documents/project_finance/venv/lib/python3.9/site-packages/airflow/example_dags/plugins/workday.py
[2023-10-29 13:21:22,893] {processor.py:161} INFO - Processing /home/gabriel/Documents/project_finance/venv/lib/python3.9/site-packages/airflow/example_dags/plugins/workday.py took 0.016 seconds
[2023-10-29 13:21:57,673] {processor.py:153} INFO - Started process (PID=4487) to work on /home/gabriel/Documents/project_finance/venv/lib/python3.9/site-packages/airflow/example_dags/plugins/workday.py
[2023-10-29 13:21:57,674] {processor.py:641} INFO - Processing file /home/gabriel/Documents/project_finance/venv/lib/python3.9/site-packages/airflow/example_dags/plugins/workday.py for tasks to queue
[2023-10-29 13:21:57,674] {logging_mixin.py:115} INFO - [2023-10-29 13:21:57,674] {dagbag.py:507} INFO - Filling up the DagBag from /home/gabriel/Documents/project_finance/venv/lib/python3.9/site-packages/airflow/example_dags/plugins/workday.py
[2023-10-29 13:21:57,676] {processor.py:653} WARNING - No viable dags retrieved from /home/gabriel/Documents/project_finance/venv/lib/python3.9/site-packages/airflow/example_dags/plugins/workday.py
[2023-10-29 13:21:57,685] {processor.py:161} INFO - Processing /home/gabriel/Documents/project_finance/venv/lib/python3.9/site-packages/airflow/example_dags/plugins/workday.py took 0.015 seconds
[2023-10-29 13:22:01,864] {processor.py:153} INFO - Started process (PID=4495) to work on /home/gabriel/Documents/project_finance/venv/lib/python3.9/site-packages/airflow/example_dags/plugins/workday.py
[2023-10-29 13:22:01,864] {processor.py:641} INFO - Processing file /home/gabriel/Documents/project_finance/venv/lib/python3.9/site-packages/airflow/example_dags/plugins/workday.py for tasks to queue
[2023-10-29 13:22:01,865] {logging_mixin.py:115} INFO - [2023-10-29 13:22:01,864] {dagbag.py:507} INFO - Filling up the DagBag from /home/gabriel/Documents/project_finance/venv/lib/python3.9/site-packages/airflow/example_dags/plugins/workday.py
[2023-10-29 13:22:01,866] {processor.py:653} WARNING - No viable dags retrieved from /home/gabriel/Documents/project_finance/venv/lib/python3.9/site-packages/airflow/example_dags/plugins/workday.py
[2023-10-29 13:22:01,875] {processor.py:161} INFO - Processing /home/gabriel/Documents/project_finance/venv/lib/python3.9/site-packages/airflow/example_dags/plugins/workday.py took 0.014 seconds
[2023-10-29 13:22:29,657] {processor.py:153} INFO - Started process (PID=4561) to work on /home/gabriel/Documents/project_finance/venv/lib/python3.9/site-packages/airflow/example_dags/plugins/workday.py
[2023-10-29 13:22:29,658] {processor.py:641} INFO - Processing file /home/gabriel/Documents/project_finance/venv/lib/python3.9/site-packages/airflow/example_dags/plugins/workday.py for tasks to queue
[2023-10-29 13:22:29,658] {logging_mixin.py:115} INFO - [2023-10-29 13:22:29,658] {dagbag.py:507} INFO - Filling up the DagBag from /home/gabriel/Documents/project_finance/venv/lib/python3.9/site-packages/airflow/example_dags/plugins/workday.py
[2023-10-29 13:22:29,660] {processor.py:653} WARNING - No viable dags retrieved from /home/gabriel/Documents/project_finance/venv/lib/python3.9/site-packages/airflow/example_dags/plugins/workday.py
[2023-10-29 13:22:29,669] {processor.py:161} INFO - Processing /home/gabriel/Documents/project_finance/venv/lib/python3.9/site-packages/airflow/example_dags/plugins/workday.py took 0.015 seconds
[2023-10-29 13:22:46,399] {processor.py:153} INFO - Started process (PID=4590) to work on /home/gabriel/Documents/project_finance/venv/lib/python3.9/site-packages/airflow/example_dags/plugins/workday.py
[2023-10-29 13:22:46,399] {processor.py:641} INFO - Processing file /home/gabriel/Documents/project_finance/venv/lib/python3.9/site-packages/airflow/example_dags/plugins/workday.py for tasks to queue
[2023-10-29 13:22:46,400] {logging_mixin.py:115} INFO - [2023-10-29 13:22:46,400] {dagbag.py:507} INFO - Filling up the DagBag from /home/gabriel/Documents/project_finance/venv/lib/python3.9/site-packages/airflow/example_dags/plugins/workday.py
[2023-10-29 13:22:46,401] {processor.py:653} WARNING - No viable dags retrieved from /home/gabriel/Documents/project_finance/venv/lib/python3.9/site-packages/airflow/example_dags/plugins/workday.py
[2023-10-29 13:22:46,411] {processor.py:161} INFO - Processing /home/gabriel/Documents/project_finance/venv/lib/python3.9/site-packages/airflow/example_dags/plugins/workday.py took 0.014 seconds
[2023-10-29 13:23:02,330] {processor.py:153} INFO - Started process (PID=4650) to work on /home/gabriel/Documents/project_finance/venv/lib/python3.9/site-packages/airflow/example_dags/plugins/workday.py
[2023-10-29 13:23:02,331] {processor.py:641} INFO - Processing file /home/gabriel/Documents/project_finance/venv/lib/python3.9/site-packages/airflow/example_dags/plugins/workday.py for tasks to queue
[2023-10-29 13:23:02,331] {logging_mixin.py:115} INFO - [2023-10-29 13:23:02,331] {dagbag.py:507} INFO - Filling up the DagBag from /home/gabriel/Documents/project_finance/venv/lib/python3.9/site-packages/airflow/example_dags/plugins/workday.py
[2023-10-29 13:23:02,333] {processor.py:653} WARNING - No viable dags retrieved from /home/gabriel/Documents/project_finance/venv/lib/python3.9/site-packages/airflow/example_dags/plugins/workday.py
[2023-10-29 13:23:02,342] {processor.py:161} INFO - Processing /home/gabriel/Documents/project_finance/venv/lib/python3.9/site-packages/airflow/example_dags/plugins/workday.py took 0.015 seconds
