[2023-10-27 14:19:37,042] {taskinstance.py:1159} INFO - Dependencies all met for <TaskInstance: get_stocks_dag.TSLA scheduled__2023-10-26T00:00:00+00:00 [queued]>
[2023-10-27 14:19:37,048] {taskinstance.py:1159} INFO - Dependencies all met for <TaskInstance: get_stocks_dag.TSLA scheduled__2023-10-26T00:00:00+00:00 [queued]>
[2023-10-27 14:19:37,048] {taskinstance.py:1356} INFO - 
--------------------------------------------------------------------------------
[2023-10-27 14:19:37,048] {taskinstance.py:1357} INFO - Starting attempt 1 of 1
[2023-10-27 14:19:37,049] {taskinstance.py:1358} INFO - 
--------------------------------------------------------------------------------
[2023-10-27 14:19:37,058] {taskinstance.py:1377} INFO - Executing <Task(_PythonDecoratedOperator): TSLA> on 2023-10-26 00:00:00+00:00
[2023-10-27 14:19:37,062] {standard_task_runner.py:52} INFO - Started process 18298 to run task
[2023-10-27 14:19:37,065] {standard_task_runner.py:79} INFO - Running: ['airflow', 'tasks', 'run', 'get_stocks_dag', 'TSLA', 'scheduled__2023-10-26T00:00:00+00:00', '--job-id', '76', '--raw', '--subdir', 'DAGS_FOLDER/get_finance.py', '--cfg-path', '/tmp/tmpsaelm978', '--error-file', '/tmp/tmpffk6fp9a']
[2023-10-27 14:19:37,066] {standard_task_runner.py:80} INFO - Job 76: Subtask TSLA
[2023-10-27 14:19:37,102] {task_command.py:370} INFO - Running <TaskInstance: get_stocks_dag.TSLA scheduled__2023-10-26T00:00:00+00:00 [running]> on host airflow-virtual-machine
[2023-10-27 14:19:37,207] {taskinstance.py:1569} INFO - Exporting the following env vars:
AIRFLOW_CTX_DAG_OWNER=airflow
AIRFLOW_CTX_DAG_ID=get_stocks_dag
AIRFLOW_CTX_TASK_ID=TSLA
AIRFLOW_CTX_EXECUTION_DATE=2023-10-26T00:00:00+00:00
AIRFLOW_CTX_TRY_NUMBER=1
AIRFLOW_CTX_DAG_RUN_ID=scheduled__2023-10-26T00:00:00+00:00
[2023-10-27 14:19:37,733] {taskinstance.py:1889} ERROR - Task failed with exception
Traceback (most recent call last):
  File "/home/gabriel/Documents/project_finance/venv/lib/python3.9/site-packages/airflow/decorators/base.py", line 179, in execute
    return_value = super().execute(context)
  File "/home/gabriel/Documents/project_finance/venv/lib/python3.9/site-packages/airflow/operators/python.py", line 171, in execute
    return_value = self.execute_callable()
  File "/home/gabriel/Documents/project_finance/venv/lib/python3.9/site-packages/airflow/operators/python.py", line 189, in execute_callable
    return self.python_callable(*self.op_args, **self.op_kwargs)
  File "/home/gabriel/Documents/project_finance/airflow/dags/get_finance.py", line 18, in get_history
    yfinance.Ticker(ticker).history(
  File "/home/gabriel/Documents/project_finance/venv/lib/python3.9/site-packages/pandas/core/generic.py", line 3902, in to_csv
    return DataFrameRenderer(formatter).to_csv(
  File "/home/gabriel/Documents/project_finance/venv/lib/python3.9/site-packages/pandas/io/formats/format.py", line 1152, in to_csv
    csv_formatter.save()
  File "/home/gabriel/Documents/project_finance/venv/lib/python3.9/site-packages/pandas/io/formats/csvs.py", line 247, in save
    with get_handle(
  File "/home/gabriel/Documents/project_finance/venv/lib/python3.9/site-packages/pandas/io/common.py", line 739, in get_handle
    check_parent_directory(str(handle))
  File "/home/gabriel/Documents/project_finance/venv/lib/python3.9/site-packages/pandas/io/common.py", line 604, in check_parent_directory
    raise OSError(rf"Cannot save file into a non-existent directory: '{parent}'")
OSError: Cannot save file into a non-existent directory: '/home/gabriel/Documents/project_finance/datalake/stocks/TSLA'
[2023-10-27 14:19:37,740] {taskinstance.py:1395} INFO - Marking task as FAILED. dag_id=get_stocks_dag, task_id=TSLA, execution_date=20231026T000000, start_date=20231027T171937, end_date=20231027T171937
[2023-10-27 14:19:37,748] {standard_task_runner.py:92} ERROR - Failed to execute job 76 for task TSLA (Cannot save file into a non-existent directory: '/home/gabriel/Documents/project_finance/datalake/stocks/TSLA'; 18298)
[2023-10-27 14:19:37,770] {local_task_job.py:156} INFO - Task exited with return code 1
[2023-10-27 14:19:37,785] {local_task_job.py:273} INFO - 0 downstream tasks scheduled from follow-on schedule check
[2023-10-27 14:38:16,210] {taskinstance.py:1159} INFO - Dependencies all met for <TaskInstance: get_stocks_dag.TSLA scheduled__2023-10-26T00:00:00+00:00 [queued]>
[2023-10-27 14:38:16,221] {taskinstance.py:1159} INFO - Dependencies all met for <TaskInstance: get_stocks_dag.TSLA scheduled__2023-10-26T00:00:00+00:00 [queued]>
[2023-10-27 14:38:16,221] {taskinstance.py:1356} INFO - 
--------------------------------------------------------------------------------
[2023-10-27 14:38:16,221] {taskinstance.py:1357} INFO - Starting attempt 1 of 1
[2023-10-27 14:38:16,221] {taskinstance.py:1358} INFO - 
--------------------------------------------------------------------------------
[2023-10-27 14:38:16,240] {taskinstance.py:1377} INFO - Executing <Task(_PythonDecoratedOperator): TSLA> on 2023-10-26 00:00:00+00:00
[2023-10-27 14:38:16,247] {standard_task_runner.py:52} INFO - Started process 21557 to run task
[2023-10-27 14:38:16,252] {standard_task_runner.py:79} INFO - Running: ['airflow', 'tasks', 'run', 'get_stocks_dag', 'TSLA', 'scheduled__2023-10-26T00:00:00+00:00', '--job-id', '76', '--raw', '--subdir', 'DAGS_FOLDER/get_finance.py', '--cfg-path', '/tmp/tmpa47az7gx', '--error-file', '/tmp/tmpqe8g3amp']
[2023-10-27 14:38:16,254] {standard_task_runner.py:80} INFO - Job 76: Subtask TSLA
[2023-10-27 14:38:16,337] {task_command.py:370} INFO - Running <TaskInstance: get_stocks_dag.TSLA scheduled__2023-10-26T00:00:00+00:00 [running]> on host airflow-virtual-machine
[2023-10-27 14:38:16,493] {taskinstance.py:1569} INFO - Exporting the following env vars:
AIRFLOW_CTX_DAG_OWNER=airflow
AIRFLOW_CTX_DAG_ID=get_stocks_dag
AIRFLOW_CTX_TASK_ID=TSLA
AIRFLOW_CTX_EXECUTION_DATE=2023-10-26T00:00:00+00:00
AIRFLOW_CTX_TRY_NUMBER=1
AIRFLOW_CTX_DAG_RUN_ID=scheduled__2023-10-26T00:00:00+00:00
[2023-10-27 14:38:17,084] {python.py:173} INFO - Done. Returned value was: None
[2023-10-27 14:38:17,106] {taskinstance.py:1395} INFO - Marking task as SUCCESS. dag_id=get_stocks_dag, task_id=TSLA, execution_date=20231026T000000, start_date=20231027T173816, end_date=20231027T173817
[2023-10-27 14:38:17,186] {local_task_job.py:156} INFO - Task exited with return code 0
[2023-10-27 14:38:17,225] {local_task_job.py:273} INFO - 0 downstream tasks scheduled from follow-on schedule check
[2023-10-27 14:56:52,197] {taskinstance.py:1159} INFO - Dependencies all met for <TaskInstance: get_stocks_dag.TSLA scheduled__2023-10-26T00:00:00+00:00 [queued]>
[2023-10-27 14:56:52,203] {taskinstance.py:1159} INFO - Dependencies all met for <TaskInstance: get_stocks_dag.TSLA scheduled__2023-10-26T00:00:00+00:00 [queued]>
[2023-10-27 14:56:52,204] {taskinstance.py:1356} INFO - 
--------------------------------------------------------------------------------
[2023-10-27 14:56:52,204] {taskinstance.py:1357} INFO - Starting attempt 1 of 1
[2023-10-27 14:56:52,204] {taskinstance.py:1358} INFO - 
--------------------------------------------------------------------------------
[2023-10-27 14:56:52,213] {taskinstance.py:1377} INFO - Executing <Task(_PythonDecoratedOperator): TSLA> on 2023-10-26 00:00:00+00:00
[2023-10-27 14:56:52,217] {standard_task_runner.py:52} INFO - Started process 24186 to run task
[2023-10-27 14:56:52,220] {standard_task_runner.py:79} INFO - Running: ['airflow', 'tasks', 'run', 'get_stocks_dag', 'TSLA', 'scheduled__2023-10-26T00:00:00+00:00', '--job-id', '76', '--raw', '--subdir', 'DAGS_FOLDER/get_finance.py', '--cfg-path', '/tmp/tmpi931g0du', '--error-file', '/tmp/tmpub_p7yrb']
[2023-10-27 14:56:52,221] {standard_task_runner.py:80} INFO - Job 76: Subtask TSLA
[2023-10-27 14:56:52,325] {task_command.py:370} INFO - Running <TaskInstance: get_stocks_dag.TSLA scheduled__2023-10-26T00:00:00+00:00 [running]> on host airflow-virtual-machine
[2023-10-27 14:56:52,452] {taskinstance.py:1569} INFO - Exporting the following env vars:
AIRFLOW_CTX_DAG_OWNER=airflow
AIRFLOW_CTX_DAG_ID=get_stocks_dag
AIRFLOW_CTX_TASK_ID=TSLA
AIRFLOW_CTX_EXECUTION_DATE=2023-10-26T00:00:00+00:00
AIRFLOW_CTX_TRY_NUMBER=1
AIRFLOW_CTX_DAG_RUN_ID=scheduled__2023-10-26T00:00:00+00:00
[2023-10-27 14:56:52,915] {python.py:173} INFO - Done. Returned value was: None
[2023-10-27 14:56:52,920] {taskinstance.py:1395} INFO - Marking task as SUCCESS. dag_id=get_stocks_dag, task_id=TSLA, execution_date=20231026T000000, start_date=20231027T175652, end_date=20231027T175652
[2023-10-27 14:56:52,959] {local_task_job.py:156} INFO - Task exited with return code 0
[2023-10-27 14:56:52,974] {local_task_job.py:273} INFO - 0 downstream tasks scheduled from follow-on schedule check
[2023-10-27 15:25:58,196] {taskinstance.py:1159} INFO - Dependencies all met for <TaskInstance: get_stocks_dag.TSLA scheduled__2023-10-26T00:00:00+00:00 [queued]>
[2023-10-27 15:25:58,202] {taskinstance.py:1159} INFO - Dependencies all met for <TaskInstance: get_stocks_dag.TSLA scheduled__2023-10-26T00:00:00+00:00 [queued]>
[2023-10-27 15:25:58,202] {taskinstance.py:1356} INFO - 
--------------------------------------------------------------------------------
[2023-10-27 15:25:58,202] {taskinstance.py:1357} INFO - Starting attempt 1 of 1
[2023-10-27 15:25:58,202] {taskinstance.py:1358} INFO - 
--------------------------------------------------------------------------------
[2023-10-27 15:25:58,214] {taskinstance.py:1377} INFO - Executing <Task(_PythonDecoratedOperator): TSLA> on 2023-10-26 00:00:00+00:00
[2023-10-27 15:25:58,217] {standard_task_runner.py:52} INFO - Started process 28003 to run task
[2023-10-27 15:25:58,221] {standard_task_runner.py:79} INFO - Running: ['airflow', 'tasks', 'run', 'get_stocks_dag', 'TSLA', 'scheduled__2023-10-26T00:00:00+00:00', '--job-id', '76', '--raw', '--subdir', 'DAGS_FOLDER/get_finance.py', '--cfg-path', '/tmp/tmpwzett24y', '--error-file', '/tmp/tmpzz12ofxz']
[2023-10-27 15:25:58,221] {standard_task_runner.py:80} INFO - Job 76: Subtask TSLA
[2023-10-27 15:25:58,273] {task_command.py:370} INFO - Running <TaskInstance: get_stocks_dag.TSLA scheduled__2023-10-26T00:00:00+00:00 [running]> on host airflow-virtual-machine
[2023-10-27 15:25:58,322] {taskinstance.py:1569} INFO - Exporting the following env vars:
AIRFLOW_CTX_DAG_OWNER=airflow
AIRFLOW_CTX_DAG_ID=get_stocks_dag
AIRFLOW_CTX_TASK_ID=TSLA
AIRFLOW_CTX_EXECUTION_DATE=2023-10-26T00:00:00+00:00
AIRFLOW_CTX_TRY_NUMBER=1
AIRFLOW_CTX_DAG_RUN_ID=scheduled__2023-10-26T00:00:00+00:00
[2023-10-27 15:25:58,782] {python.py:173} INFO - Done. Returned value was: None
[2023-10-27 15:25:58,787] {taskinstance.py:1395} INFO - Marking task as SUCCESS. dag_id=get_stocks_dag, task_id=TSLA, execution_date=20231026T000000, start_date=20231027T182558, end_date=20231027T182558
[2023-10-27 15:25:58,798] {local_task_job.py:156} INFO - Task exited with return code 0
[2023-10-27 15:25:58,812] {local_task_job.py:273} INFO - 0 downstream tasks scheduled from follow-on schedule check
[2023-10-27 17:05:19,721] {taskinstance.py:1159} INFO - Dependencies all met for <TaskInstance: get_stocks_dag.TSLA scheduled__2023-10-26T00:00:00+00:00 [queued]>
[2023-10-27 17:05:19,731] {taskinstance.py:1159} INFO - Dependencies all met for <TaskInstance: get_stocks_dag.TSLA scheduled__2023-10-26T00:00:00+00:00 [queued]>
[2023-10-27 17:05:19,731] {taskinstance.py:1356} INFO - 
--------------------------------------------------------------------------------
[2023-10-27 17:05:19,731] {taskinstance.py:1357} INFO - Starting attempt 1 of 1
[2023-10-27 17:05:19,731] {taskinstance.py:1358} INFO - 
--------------------------------------------------------------------------------
[2023-10-27 17:05:19,756] {taskinstance.py:1377} INFO - Executing <Task(_PythonDecoratedOperator): TSLA> on 2023-10-26 00:00:00+00:00
[2023-10-27 17:05:19,763] {standard_task_runner.py:52} INFO - Started process 40453 to run task
[2023-10-27 17:05:19,774] {standard_task_runner.py:79} INFO - Running: ['airflow', 'tasks', 'run', 'get_stocks_dag', 'TSLA', 'scheduled__2023-10-26T00:00:00+00:00', '--job-id', '93', '--raw', '--subdir', 'DAGS_FOLDER/get_finance.py', '--cfg-path', '/tmp/tmpq6qx2tmm', '--error-file', '/tmp/tmpag96q9jx']
[2023-10-27 17:05:19,775] {standard_task_runner.py:80} INFO - Job 93: Subtask TSLA
[2023-10-27 17:05:19,847] {task_command.py:370} INFO - Running <TaskInstance: get_stocks_dag.TSLA scheduled__2023-10-26T00:00:00+00:00 [running]> on host airflow-virtual-machine
[2023-10-27 17:05:19,929] {taskinstance.py:1569} INFO - Exporting the following env vars:
AIRFLOW_CTX_DAG_OWNER=airflow
AIRFLOW_CTX_DAG_ID=get_stocks_dag
AIRFLOW_CTX_TASK_ID=TSLA
AIRFLOW_CTX_EXECUTION_DATE=2023-10-26T00:00:00+00:00
AIRFLOW_CTX_TRY_NUMBER=1
AIRFLOW_CTX_DAG_RUN_ID=scheduled__2023-10-26T00:00:00+00:00
[2023-10-27 17:05:20,436] {python.py:173} INFO - Done. Returned value was: None
[2023-10-27 17:05:20,443] {taskinstance.py:1395} INFO - Marking task as SUCCESS. dag_id=get_stocks_dag, task_id=TSLA, execution_date=20231026T000000, start_date=20231027T200519, end_date=20231027T200520
[2023-10-27 17:05:20,609] {local_task_job.py:156} INFO - Task exited with return code 0
[2023-10-27 17:05:20,671] {local_task_job.py:273} INFO - 0 downstream tasks scheduled from follow-on schedule check
[2023-10-27 17:12:15,385] {taskinstance.py:1159} INFO - Dependencies all met for <TaskInstance: get_stocks_dag.TSLA scheduled__2023-10-26T00:00:00+00:00 [queued]>
[2023-10-27 17:12:15,392] {taskinstance.py:1159} INFO - Dependencies all met for <TaskInstance: get_stocks_dag.TSLA scheduled__2023-10-26T00:00:00+00:00 [queued]>
[2023-10-27 17:12:15,392] {taskinstance.py:1356} INFO - 
--------------------------------------------------------------------------------
[2023-10-27 17:12:15,392] {taskinstance.py:1357} INFO - Starting attempt 1 of 1
[2023-10-27 17:12:15,392] {taskinstance.py:1358} INFO - 
--------------------------------------------------------------------------------
[2023-10-27 17:12:15,401] {taskinstance.py:1377} INFO - Executing <Task(_PythonDecoratedOperator): TSLA> on 2023-10-26 00:00:00+00:00
[2023-10-27 17:12:15,405] {standard_task_runner.py:52} INFO - Started process 42110 to run task
[2023-10-27 17:12:15,409] {standard_task_runner.py:79} INFO - Running: ['airflow', 'tasks', 'run', 'get_stocks_dag', 'TSLA', 'scheduled__2023-10-26T00:00:00+00:00', '--job-id', '93', '--raw', '--subdir', 'DAGS_FOLDER/get_finance.py', '--cfg-path', '/tmp/tmp9si1_heq', '--error-file', '/tmp/tmpa4lsmwyy']
[2023-10-27 17:12:15,410] {standard_task_runner.py:80} INFO - Job 93: Subtask TSLA
[2023-10-27 17:12:15,455] {task_command.py:370} INFO - Running <TaskInstance: get_stocks_dag.TSLA scheduled__2023-10-26T00:00:00+00:00 [running]> on host airflow-virtual-machine
[2023-10-27 17:12:15,508] {taskinstance.py:1569} INFO - Exporting the following env vars:
AIRFLOW_CTX_DAG_OWNER=airflow
AIRFLOW_CTX_DAG_ID=get_stocks_dag
AIRFLOW_CTX_TASK_ID=TSLA
AIRFLOW_CTX_EXECUTION_DATE=2023-10-26T00:00:00+00:00
AIRFLOW_CTX_TRY_NUMBER=1
AIRFLOW_CTX_DAG_RUN_ID=scheduled__2023-10-26T00:00:00+00:00
[2023-10-27 17:12:16,096] {python.py:173} INFO - Done. Returned value was: None
[2023-10-27 17:12:16,153] {taskinstance.py:1395} INFO - Marking task as SUCCESS. dag_id=get_stocks_dag, task_id=TSLA, execution_date=20231026T000000, start_date=20231027T201215, end_date=20231027T201216
[2023-10-27 17:12:16,180] {local_task_job.py:156} INFO - Task exited with return code 0
[2023-10-27 17:12:16,199] {local_task_job.py:273} INFO - 0 downstream tasks scheduled from follow-on schedule check
[2023-10-27 18:12:54,231] {taskinstance.py:1159} INFO - Dependencies all met for <TaskInstance: get_stocks_dag.TSLA scheduled__2023-10-26T00:00:00+00:00 [queued]>
[2023-10-27 18:12:54,238] {taskinstance.py:1159} INFO - Dependencies all met for <TaskInstance: get_stocks_dag.TSLA scheduled__2023-10-26T00:00:00+00:00 [queued]>
[2023-10-27 18:12:54,239] {taskinstance.py:1356} INFO - 
--------------------------------------------------------------------------------
[2023-10-27 18:12:54,239] {taskinstance.py:1357} INFO - Starting attempt 1 of 1
[2023-10-27 18:12:54,239] {taskinstance.py:1358} INFO - 
--------------------------------------------------------------------------------
[2023-10-27 18:12:54,252] {taskinstance.py:1377} INFO - Executing <Task(_PythonDecoratedOperator): TSLA> on 2023-10-26 00:00:00+00:00
[2023-10-27 18:12:54,257] {standard_task_runner.py:52} INFO - Started process 50269 to run task
[2023-10-27 18:12:54,260] {standard_task_runner.py:79} INFO - Running: ['airflow', 'tasks', 'run', 'get_stocks_dag', 'TSLA', 'scheduled__2023-10-26T00:00:00+00:00', '--job-id', '93', '--raw', '--subdir', 'DAGS_FOLDER/get_finance.py', '--cfg-path', '/tmp/tmp06aidjjc', '--error-file', '/tmp/tmpd9fm0dpz']
[2023-10-27 18:12:54,260] {standard_task_runner.py:80} INFO - Job 93: Subtask TSLA
[2023-10-27 18:12:54,297] {task_command.py:370} INFO - Running <TaskInstance: get_stocks_dag.TSLA scheduled__2023-10-26T00:00:00+00:00 [running]> on host airflow-virtual-machine
[2023-10-27 18:12:54,344] {taskinstance.py:1569} INFO - Exporting the following env vars:
AIRFLOW_CTX_DAG_OWNER=airflow
AIRFLOW_CTX_DAG_ID=get_stocks_dag
AIRFLOW_CTX_TASK_ID=TSLA
AIRFLOW_CTX_EXECUTION_DATE=2023-10-26T00:00:00+00:00
AIRFLOW_CTX_TRY_NUMBER=1
AIRFLOW_CTX_DAG_RUN_ID=scheduled__2023-10-26T00:00:00+00:00
[2023-10-27 18:12:55,072] {python.py:173} INFO - Done. Returned value was: None
[2023-10-27 18:12:55,079] {taskinstance.py:1395} INFO - Marking task as SUCCESS. dag_id=get_stocks_dag, task_id=TSLA, execution_date=20231026T000000, start_date=20231027T211254, end_date=20231027T211255
[2023-10-27 18:12:55,116] {local_task_job.py:156} INFO - Task exited with return code 0
[2023-10-27 18:12:55,138] {local_task_job.py:273} INFO - 1 downstream tasks scheduled from follow-on schedule check
[2023-10-29 11:30:02,972] {taskinstance.py:1159} INFO - Dependencies all met for <TaskInstance: get_stocks_dag.TSLA scheduled__2023-10-26T00:00:00+00:00 [queued]>
[2023-10-29 11:30:03,012] {taskinstance.py:1159} INFO - Dependencies all met for <TaskInstance: get_stocks_dag.TSLA scheduled__2023-10-26T00:00:00+00:00 [queued]>
[2023-10-29 11:30:03,012] {taskinstance.py:1356} INFO - 
--------------------------------------------------------------------------------
[2023-10-29 11:30:03,012] {taskinstance.py:1357} INFO - Starting attempt 1 of 1
[2023-10-29 11:30:03,012] {taskinstance.py:1358} INFO - 
--------------------------------------------------------------------------------
[2023-10-29 11:30:03,068] {taskinstance.py:1377} INFO - Executing <Task(_PythonDecoratedOperator): TSLA> on 2023-10-26 00:00:00+00:00
[2023-10-29 11:30:03,082] {standard_task_runner.py:52} INFO - Started process 15362 to run task
[2023-10-29 11:30:03,122] {standard_task_runner.py:79} INFO - Running: ['airflow', 'tasks', 'run', 'get_stocks_dag', 'TSLA', 'scheduled__2023-10-26T00:00:00+00:00', '--job-id', '91', '--raw', '--subdir', 'DAGS_FOLDER/get_finance.py', '--cfg-path', '/tmp/tmpcup26hu6', '--error-file', '/tmp/tmpphmauyss']
[2023-10-29 11:30:03,124] {standard_task_runner.py:80} INFO - Job 91: Subtask TSLA
[2023-10-29 11:30:03,923] {task_command.py:370} INFO - Running <TaskInstance: get_stocks_dag.TSLA scheduled__2023-10-26T00:00:00+00:00 [running]> on host airflow-virtual-machine
[2023-10-29 11:30:04,231] {taskinstance.py:1569} INFO - Exporting the following env vars:
AIRFLOW_CTX_DAG_OWNER=airflow
AIRFLOW_CTX_DAG_ID=get_stocks_dag
AIRFLOW_CTX_TASK_ID=TSLA
AIRFLOW_CTX_EXECUTION_DATE=2023-10-26T00:00:00+00:00
AIRFLOW_CTX_TRY_NUMBER=1
AIRFLOW_CTX_DAG_RUN_ID=scheduled__2023-10-26T00:00:00+00:00
[2023-10-29 11:30:05,231] {python.py:173} INFO - Done. Returned value was: None
[2023-10-29 11:30:05,256] {taskinstance.py:1395} INFO - Marking task as SUCCESS. dag_id=get_stocks_dag, task_id=TSLA, execution_date=20231026T000000, start_date=20231029T143002, end_date=20231029T143005
[2023-10-29 11:30:05,324] {local_task_job.py:156} INFO - Task exited with return code 0
[2023-10-29 11:30:05,519] {local_task_job.py:273} INFO - 1 downstream tasks scheduled from follow-on schedule check
[2023-10-29 11:34:19,463] {taskinstance.py:1159} INFO - Dependencies all met for <TaskInstance: get_stocks_dag.TSLA scheduled__2023-10-26T00:00:00+00:00 [queued]>
[2023-10-29 11:34:19,560] {taskinstance.py:1159} INFO - Dependencies all met for <TaskInstance: get_stocks_dag.TSLA scheduled__2023-10-26T00:00:00+00:00 [queued]>
[2023-10-29 11:34:19,560] {taskinstance.py:1356} INFO - 
--------------------------------------------------------------------------------
[2023-10-29 11:34:19,560] {taskinstance.py:1357} INFO - Starting attempt 1 of 1
[2023-10-29 11:34:19,561] {taskinstance.py:1358} INFO - 
--------------------------------------------------------------------------------
[2023-10-29 11:34:19,661] {taskinstance.py:1377} INFO - Executing <Task(_PythonDecoratedOperator): TSLA> on 2023-10-26 00:00:00+00:00
[2023-10-29 11:34:19,717] {standard_task_runner.py:52} INFO - Started process 17600 to run task
[2023-10-29 11:34:19,735] {standard_task_runner.py:79} INFO - Running: ['airflow', 'tasks', 'run', 'get_stocks_dag', 'TSLA', 'scheduled__2023-10-26T00:00:00+00:00', '--job-id', '180', '--raw', '--subdir', 'DAGS_FOLDER/get_finance.py', '--cfg-path', '/tmp/tmpa6q8gzyr', '--error-file', '/tmp/tmpj0t2w6ko']
[2023-10-29 11:34:19,806] {standard_task_runner.py:80} INFO - Job 180: Subtask TSLA
[2023-10-29 11:34:20,287] {task_command.py:370} INFO - Running <TaskInstance: get_stocks_dag.TSLA scheduled__2023-10-26T00:00:00+00:00 [running]> on host airflow-virtual-machine
[2023-10-29 11:34:20,976] {taskinstance.py:1569} INFO - Exporting the following env vars:
AIRFLOW_CTX_DAG_OWNER=airflow
AIRFLOW_CTX_DAG_ID=get_stocks_dag
AIRFLOW_CTX_TASK_ID=TSLA
AIRFLOW_CTX_EXECUTION_DATE=2023-10-26T00:00:00+00:00
AIRFLOW_CTX_TRY_NUMBER=1
AIRFLOW_CTX_DAG_RUN_ID=scheduled__2023-10-26T00:00:00+00:00
[2023-10-29 11:34:21,841] {python.py:173} INFO - Done. Returned value was: None
[2023-10-29 11:34:22,017] {taskinstance.py:1395} INFO - Marking task as SUCCESS. dag_id=get_stocks_dag, task_id=TSLA, execution_date=20231026T000000, start_date=20231029T143419, end_date=20231029T143422
[2023-10-29 11:34:22,236] {local_task_job.py:156} INFO - Task exited with return code 0
[2023-10-29 11:34:22,456] {local_task_job.py:273} INFO - 0 downstream tasks scheduled from follow-on schedule check
[2023-10-29 13:33:35,257] {taskinstance.py:1159} INFO - Dependencies all met for <TaskInstance: get_stocks_dag.TSLA scheduled__2023-10-26T00:00:00+00:00 [queued]>
[2023-10-29 13:33:35,319] {taskinstance.py:1159} INFO - Dependencies all met for <TaskInstance: get_stocks_dag.TSLA scheduled__2023-10-26T00:00:00+00:00 [queued]>
[2023-10-29 13:33:35,319] {taskinstance.py:1356} INFO - 
--------------------------------------------------------------------------------
[2023-10-29 13:33:35,319] {taskinstance.py:1357} INFO - Starting attempt 1 of 1
[2023-10-29 13:33:35,320] {taskinstance.py:1358} INFO - 
--------------------------------------------------------------------------------
[2023-10-29 13:33:35,363] {taskinstance.py:1377} INFO - Executing <Task(_PythonDecoratedOperator): TSLA> on 2023-10-26 00:00:00+00:00
[2023-10-29 13:33:35,383] {standard_task_runner.py:52} INFO - Started process 7576 to run task
[2023-10-29 13:33:35,400] {standard_task_runner.py:79} INFO - Running: ['airflow', 'tasks', 'run', 'get_stocks_dag', 'TSLA', 'scheduled__2023-10-26T00:00:00+00:00', '--job-id', '289', '--raw', '--subdir', 'DAGS_FOLDER/get_finance.py', '--cfg-path', '/tmp/tmpl89q_zd2', '--error-file', '/tmp/tmp_eeth_0i']
[2023-10-29 13:33:35,402] {standard_task_runner.py:80} INFO - Job 289: Subtask TSLA
[2023-10-29 13:33:35,621] {task_command.py:370} INFO - Running <TaskInstance: get_stocks_dag.TSLA scheduled__2023-10-26T00:00:00+00:00 [running]> on host airflow-virtual-machine
[2023-10-29 13:33:35,935] {taskinstance.py:1569} INFO - Exporting the following env vars:
AIRFLOW_CTX_DAG_OWNER=airflow
AIRFLOW_CTX_DAG_ID=get_stocks_dag
AIRFLOW_CTX_TASK_ID=TSLA
AIRFLOW_CTX_EXECUTION_DATE=2023-10-26T00:00:00+00:00
AIRFLOW_CTX_TRY_NUMBER=1
AIRFLOW_CTX_DAG_RUN_ID=scheduled__2023-10-26T00:00:00+00:00
[2023-10-29 13:33:36,586] {python.py:173} INFO - Done. Returned value was: None
[2023-10-29 13:33:36,613] {taskinstance.py:1395} INFO - Marking task as SUCCESS. dag_id=get_stocks_dag, task_id=TSLA, execution_date=20231026T000000, start_date=20231029T163335, end_date=20231029T163336
[2023-10-29 13:33:36,724] {local_task_job.py:156} INFO - Task exited with return code 0
[2023-10-29 13:33:36,893] {local_task_job.py:273} INFO - 0 downstream tasks scheduled from follow-on schedule check
[2023-10-29 14:36:07,330] {taskinstance.py:1159} INFO - Dependencies all met for <TaskInstance: get_stocks_dag.TSLA scheduled__2023-10-26T00:00:00+00:00 [queued]>
[2023-10-29 14:36:07,357] {taskinstance.py:1159} INFO - Dependencies all met for <TaskInstance: get_stocks_dag.TSLA scheduled__2023-10-26T00:00:00+00:00 [queued]>
[2023-10-29 14:36:07,357] {taskinstance.py:1356} INFO - 
--------------------------------------------------------------------------------
[2023-10-29 14:36:07,357] {taskinstance.py:1357} INFO - Starting attempt 1 of 1
[2023-10-29 14:36:07,357] {taskinstance.py:1358} INFO - 
--------------------------------------------------------------------------------
[2023-10-29 14:36:07,370] {taskinstance.py:1377} INFO - Executing <Task(_PythonDecoratedOperator): TSLA> on 2023-10-26 00:00:00+00:00
[2023-10-29 14:36:07,378] {standard_task_runner.py:52} INFO - Started process 10611 to run task
[2023-10-29 14:36:07,403] {standard_task_runner.py:79} INFO - Running: ['airflow', 'tasks', 'run', 'get_stocks_dag', 'TSLA', 'scheduled__2023-10-26T00:00:00+00:00', '--job-id', '386', '--raw', '--subdir', 'DAGS_FOLDER/get_finance.py', '--cfg-path', '/tmp/tmp_0i_svlv', '--error-file', '/tmp/tmpy8owlh0n']
[2023-10-29 14:36:07,406] {standard_task_runner.py:80} INFO - Job 386: Subtask TSLA
[2023-10-29 14:36:07,561] {task_command.py:370} INFO - Running <TaskInstance: get_stocks_dag.TSLA scheduled__2023-10-26T00:00:00+00:00 [running]> on host airflow-virtual-machine
[2023-10-29 14:36:07,687] {taskinstance.py:1569} INFO - Exporting the following env vars:
AIRFLOW_CTX_DAG_OWNER=airflow
AIRFLOW_CTX_DAG_ID=get_stocks_dag
AIRFLOW_CTX_TASK_ID=TSLA
AIRFLOW_CTX_EXECUTION_DATE=2023-10-26T00:00:00+00:00
AIRFLOW_CTX_TRY_NUMBER=1
AIRFLOW_CTX_DAG_RUN_ID=scheduled__2023-10-26T00:00:00+00:00
[2023-10-29 14:36:08,335] {python.py:173} INFO - Done. Returned value was: None
[2023-10-29 14:36:08,358] {taskinstance.py:1395} INFO - Marking task as SUCCESS. dag_id=get_stocks_dag, task_id=TSLA, execution_date=20231026T000000, start_date=20231029T173607, end_date=20231029T173608
[2023-10-29 14:36:08,414] {local_task_job.py:156} INFO - Task exited with return code 0
[2023-10-29 14:36:08,651] {local_task_job.py:273} INFO - 0 downstream tasks scheduled from follow-on schedule check
