[2023-10-27 14:19:15,899] {taskinstance.py:1159} INFO - Dependencies all met for <TaskInstance: get_stocks_dag.AAPL scheduled__2023-10-25T00:00:00+00:00 [queued]>
[2023-10-27 14:19:15,905] {taskinstance.py:1159} INFO - Dependencies all met for <TaskInstance: get_stocks_dag.AAPL scheduled__2023-10-25T00:00:00+00:00 [queued]>
[2023-10-27 14:19:15,905] {taskinstance.py:1356} INFO - 
--------------------------------------------------------------------------------
[2023-10-27 14:19:15,905] {taskinstance.py:1357} INFO - Starting attempt 1 of 1
[2023-10-27 14:19:15,905] {taskinstance.py:1358} INFO - 
--------------------------------------------------------------------------------
[2023-10-27 14:19:15,916] {taskinstance.py:1377} INFO - Executing <Task(_PythonDecoratedOperator): AAPL> on 2023-10-25 00:00:00+00:00
[2023-10-27 14:19:15,925] {standard_task_runner.py:52} INFO - Started process 18183 to run task
[2023-10-27 14:19:15,929] {standard_task_runner.py:79} INFO - Running: ['airflow', 'tasks', 'run', 'get_stocks_dag', 'AAPL', 'scheduled__2023-10-25T00:00:00+00:00', '--job-id', '69', '--raw', '--subdir', 'DAGS_FOLDER/get_finance.py', '--cfg-path', '/tmp/tmp26xyh3rx', '--error-file', '/tmp/tmprwd7adiq']
[2023-10-27 14:19:15,930] {standard_task_runner.py:80} INFO - Job 69: Subtask AAPL
[2023-10-27 14:19:16,026] {task_command.py:370} INFO - Running <TaskInstance: get_stocks_dag.AAPL scheduled__2023-10-25T00:00:00+00:00 [running]> on host airflow-virtual-machine
[2023-10-27 14:19:16,281] {taskinstance.py:1569} INFO - Exporting the following env vars:
AIRFLOW_CTX_DAG_OWNER=airflow
AIRFLOW_CTX_DAG_ID=get_stocks_dag
AIRFLOW_CTX_TASK_ID=AAPL
AIRFLOW_CTX_EXECUTION_DATE=2023-10-25T00:00:00+00:00
AIRFLOW_CTX_TRY_NUMBER=1
AIRFLOW_CTX_DAG_RUN_ID=scheduled__2023-10-25T00:00:00+00:00
[2023-10-27 14:19:16,727] {taskinstance.py:1889} ERROR - Task failed with exception
Traceback (most recent call last):
  File "/home/gabriel/Documents/project_finance/venv/lib/python3.9/site-packages/airflow/decorators/base.py", line 179, in execute
    return_value = super().execute(context)
  File "/home/gabriel/Documents/project_finance/venv/lib/python3.9/site-packages/airflow/operators/python.py", line 171, in execute
    return_value = self.execute_callable()
  File "/home/gabriel/Documents/project_finance/venv/lib/python3.9/site-packages/airflow/operators/python.py", line 189, in execute_callable
    return self.python_callable(*self.op_args, **self.op_kwargs)
  File "/home/gabriel/Documents/project_finance/airflow/dags/get_finance.py", line 18, in get_history
    yfinance.Ticker(ticker).history(
  File "/home/gabriel/Documents/project_finance/venv/lib/python3.9/site-packages/pandas/core/generic.py", line 3902, in to_csv
    return DataFrameRenderer(formatter).to_csv(
  File "/home/gabriel/Documents/project_finance/venv/lib/python3.9/site-packages/pandas/io/formats/format.py", line 1152, in to_csv
    csv_formatter.save()
  File "/home/gabriel/Documents/project_finance/venv/lib/python3.9/site-packages/pandas/io/formats/csvs.py", line 247, in save
    with get_handle(
  File "/home/gabriel/Documents/project_finance/venv/lib/python3.9/site-packages/pandas/io/common.py", line 739, in get_handle
    check_parent_directory(str(handle))
  File "/home/gabriel/Documents/project_finance/venv/lib/python3.9/site-packages/pandas/io/common.py", line 604, in check_parent_directory
    raise OSError(rf"Cannot save file into a non-existent directory: '{parent}'")
OSError: Cannot save file into a non-existent directory: '/home/gabriel/Documents/project_finance/datalake/stocks/AAPL'
[2023-10-27 14:19:16,733] {taskinstance.py:1395} INFO - Marking task as FAILED. dag_id=get_stocks_dag, task_id=AAPL, execution_date=20231025T000000, start_date=20231027T171915, end_date=20231027T171916
[2023-10-27 14:19:16,746] {standard_task_runner.py:92} ERROR - Failed to execute job 69 for task AAPL (Cannot save file into a non-existent directory: '/home/gabriel/Documents/project_finance/datalake/stocks/AAPL'; 18183)
[2023-10-27 14:19:16,766] {local_task_job.py:156} INFO - Task exited with return code 1
[2023-10-27 14:19:16,782] {local_task_job.py:273} INFO - 0 downstream tasks scheduled from follow-on schedule check
[2023-10-27 14:37:39,925] {taskinstance.py:1159} INFO - Dependencies all met for <TaskInstance: get_stocks_dag.AAPL scheduled__2023-10-25T00:00:00+00:00 [queued]>
[2023-10-27 14:37:39,940] {taskinstance.py:1159} INFO - Dependencies all met for <TaskInstance: get_stocks_dag.AAPL scheduled__2023-10-25T00:00:00+00:00 [queued]>
[2023-10-27 14:37:39,940] {taskinstance.py:1356} INFO - 
--------------------------------------------------------------------------------
[2023-10-27 14:37:39,940] {taskinstance.py:1357} INFO - Starting attempt 1 of 1
[2023-10-27 14:37:39,940] {taskinstance.py:1358} INFO - 
--------------------------------------------------------------------------------
[2023-10-27 14:37:39,958] {taskinstance.py:1377} INFO - Executing <Task(_PythonDecoratedOperator): AAPL> on 2023-10-25 00:00:00+00:00
[2023-10-27 14:37:39,964] {standard_task_runner.py:52} INFO - Started process 21437 to run task
[2023-10-27 14:37:39,978] {standard_task_runner.py:79} INFO - Running: ['airflow', 'tasks', 'run', 'get_stocks_dag', 'AAPL', 'scheduled__2023-10-25T00:00:00+00:00', '--job-id', '69', '--raw', '--subdir', 'DAGS_FOLDER/get_finance.py', '--cfg-path', '/tmp/tmp5nrq5edi', '--error-file', '/tmp/tmpa_ob0y6j']
[2023-10-27 14:37:39,978] {standard_task_runner.py:80} INFO - Job 69: Subtask AAPL
[2023-10-27 14:37:40,111] {task_command.py:370} INFO - Running <TaskInstance: get_stocks_dag.AAPL scheduled__2023-10-25T00:00:00+00:00 [running]> on host airflow-virtual-machine
[2023-10-27 14:37:40,222] {taskinstance.py:1569} INFO - Exporting the following env vars:
AIRFLOW_CTX_DAG_OWNER=airflow
AIRFLOW_CTX_DAG_ID=get_stocks_dag
AIRFLOW_CTX_TASK_ID=AAPL
AIRFLOW_CTX_EXECUTION_DATE=2023-10-25T00:00:00+00:00
AIRFLOW_CTX_TRY_NUMBER=1
AIRFLOW_CTX_DAG_RUN_ID=scheduled__2023-10-25T00:00:00+00:00
[2023-10-27 14:37:41,217] {python.py:173} INFO - Done. Returned value was: None
[2023-10-27 14:37:41,225] {taskinstance.py:1395} INFO - Marking task as SUCCESS. dag_id=get_stocks_dag, task_id=AAPL, execution_date=20231025T000000, start_date=20231027T173739, end_date=20231027T173741
[2023-10-27 14:37:41,289] {local_task_job.py:156} INFO - Task exited with return code 0
[2023-10-27 14:37:41,330] {local_task_job.py:273} INFO - 0 downstream tasks scheduled from follow-on schedule check
[2023-10-27 14:56:31,973] {taskinstance.py:1159} INFO - Dependencies all met for <TaskInstance: get_stocks_dag.AAPL scheduled__2023-10-25T00:00:00+00:00 [queued]>
[2023-10-27 14:56:31,979] {taskinstance.py:1159} INFO - Dependencies all met for <TaskInstance: get_stocks_dag.AAPL scheduled__2023-10-25T00:00:00+00:00 [queued]>
[2023-10-27 14:56:31,979] {taskinstance.py:1356} INFO - 
--------------------------------------------------------------------------------
[2023-10-27 14:56:31,979] {taskinstance.py:1357} INFO - Starting attempt 1 of 1
[2023-10-27 14:56:31,980] {taskinstance.py:1358} INFO - 
--------------------------------------------------------------------------------
[2023-10-27 14:56:31,988] {taskinstance.py:1377} INFO - Executing <Task(_PythonDecoratedOperator): AAPL> on 2023-10-25 00:00:00+00:00
[2023-10-27 14:56:31,992] {standard_task_runner.py:52} INFO - Started process 24077 to run task
[2023-10-27 14:56:31,996] {standard_task_runner.py:79} INFO - Running: ['airflow', 'tasks', 'run', 'get_stocks_dag', 'AAPL', 'scheduled__2023-10-25T00:00:00+00:00', '--job-id', '69', '--raw', '--subdir', 'DAGS_FOLDER/get_finance.py', '--cfg-path', '/tmp/tmpt7w68p1q', '--error-file', '/tmp/tmptbhwsorn']
[2023-10-27 14:56:31,996] {standard_task_runner.py:80} INFO - Job 69: Subtask AAPL
[2023-10-27 14:56:32,037] {task_command.py:370} INFO - Running <TaskInstance: get_stocks_dag.AAPL scheduled__2023-10-25T00:00:00+00:00 [running]> on host airflow-virtual-machine
[2023-10-27 14:56:32,153] {taskinstance.py:1569} INFO - Exporting the following env vars:
AIRFLOW_CTX_DAG_OWNER=airflow
AIRFLOW_CTX_DAG_ID=get_stocks_dag
AIRFLOW_CTX_TASK_ID=AAPL
AIRFLOW_CTX_EXECUTION_DATE=2023-10-25T00:00:00+00:00
AIRFLOW_CTX_TRY_NUMBER=1
AIRFLOW_CTX_DAG_RUN_ID=scheduled__2023-10-25T00:00:00+00:00
[2023-10-27 14:56:32,638] {python.py:173} INFO - Done. Returned value was: None
[2023-10-27 14:56:32,645] {taskinstance.py:1395} INFO - Marking task as SUCCESS. dag_id=get_stocks_dag, task_id=AAPL, execution_date=20231025T000000, start_date=20231027T175631, end_date=20231027T175632
[2023-10-27 14:56:32,712] {local_task_job.py:156} INFO - Task exited with return code 0
[2023-10-27 14:56:32,728] {local_task_job.py:273} INFO - 0 downstream tasks scheduled from follow-on schedule check
[2023-10-27 15:25:39,589] {taskinstance.py:1159} INFO - Dependencies all met for <TaskInstance: get_stocks_dag.AAPL scheduled__2023-10-25T00:00:00+00:00 [queued]>
[2023-10-27 15:25:39,594] {taskinstance.py:1159} INFO - Dependencies all met for <TaskInstance: get_stocks_dag.AAPL scheduled__2023-10-25T00:00:00+00:00 [queued]>
[2023-10-27 15:25:39,594] {taskinstance.py:1356} INFO - 
--------------------------------------------------------------------------------
[2023-10-27 15:25:39,594] {taskinstance.py:1357} INFO - Starting attempt 1 of 1
[2023-10-27 15:25:39,595] {taskinstance.py:1358} INFO - 
--------------------------------------------------------------------------------
[2023-10-27 15:25:39,604] {taskinstance.py:1377} INFO - Executing <Task(_PythonDecoratedOperator): AAPL> on 2023-10-25 00:00:00+00:00
[2023-10-27 15:25:39,609] {standard_task_runner.py:52} INFO - Started process 27898 to run task
[2023-10-27 15:25:39,613] {standard_task_runner.py:79} INFO - Running: ['airflow', 'tasks', 'run', 'get_stocks_dag', 'AAPL', 'scheduled__2023-10-25T00:00:00+00:00', '--job-id', '69', '--raw', '--subdir', 'DAGS_FOLDER/get_finance.py', '--cfg-path', '/tmp/tmpvvr52ufv', '--error-file', '/tmp/tmpkjis3np3']
[2023-10-27 15:25:39,613] {standard_task_runner.py:80} INFO - Job 69: Subtask AAPL
[2023-10-27 15:25:39,665] {task_command.py:370} INFO - Running <TaskInstance: get_stocks_dag.AAPL scheduled__2023-10-25T00:00:00+00:00 [running]> on host airflow-virtual-machine
[2023-10-27 15:25:39,709] {taskinstance.py:1569} INFO - Exporting the following env vars:
AIRFLOW_CTX_DAG_OWNER=airflow
AIRFLOW_CTX_DAG_ID=get_stocks_dag
AIRFLOW_CTX_TASK_ID=AAPL
AIRFLOW_CTX_EXECUTION_DATE=2023-10-25T00:00:00+00:00
AIRFLOW_CTX_TRY_NUMBER=1
AIRFLOW_CTX_DAG_RUN_ID=scheduled__2023-10-25T00:00:00+00:00
[2023-10-27 15:25:40,333] {python.py:173} INFO - Done. Returned value was: None
[2023-10-27 15:25:40,338] {taskinstance.py:1395} INFO - Marking task as SUCCESS. dag_id=get_stocks_dag, task_id=AAPL, execution_date=20231025T000000, start_date=20231027T182539, end_date=20231027T182540
[2023-10-27 15:25:40,391] {local_task_job.py:156} INFO - Task exited with return code 0
[2023-10-27 15:25:40,405] {local_task_job.py:273} INFO - 0 downstream tasks scheduled from follow-on schedule check
[2023-10-27 17:04:54,448] {taskinstance.py:1159} INFO - Dependencies all met for <TaskInstance: get_stocks_dag.AAPL scheduled__2023-10-25T00:00:00+00:00 [queued]>
[2023-10-27 17:04:54,456] {taskinstance.py:1159} INFO - Dependencies all met for <TaskInstance: get_stocks_dag.AAPL scheduled__2023-10-25T00:00:00+00:00 [queued]>
[2023-10-27 17:04:54,456] {taskinstance.py:1356} INFO - 
--------------------------------------------------------------------------------
[2023-10-27 17:04:54,456] {taskinstance.py:1357} INFO - Starting attempt 1 of 1
[2023-10-27 17:04:54,456] {taskinstance.py:1358} INFO - 
--------------------------------------------------------------------------------
[2023-10-27 17:04:54,472] {taskinstance.py:1377} INFO - Executing <Task(_PythonDecoratedOperator): AAPL> on 2023-10-25 00:00:00+00:00
[2023-10-27 17:04:54,478] {standard_task_runner.py:52} INFO - Started process 40327 to run task
[2023-10-27 17:04:54,482] {standard_task_runner.py:79} INFO - Running: ['airflow', 'tasks', 'run', 'get_stocks_dag', 'AAPL', 'scheduled__2023-10-25T00:00:00+00:00', '--job-id', '85', '--raw', '--subdir', 'DAGS_FOLDER/get_finance.py', '--cfg-path', '/tmp/tmp68jxhvot', '--error-file', '/tmp/tmp__vhal5n']
[2023-10-27 17:04:54,482] {standard_task_runner.py:80} INFO - Job 85: Subtask AAPL
[2023-10-27 17:04:54,675] {task_command.py:370} INFO - Running <TaskInstance: get_stocks_dag.AAPL scheduled__2023-10-25T00:00:00+00:00 [running]> on host airflow-virtual-machine
[2023-10-27 17:04:54,737] {taskinstance.py:1569} INFO - Exporting the following env vars:
AIRFLOW_CTX_DAG_OWNER=airflow
AIRFLOW_CTX_DAG_ID=get_stocks_dag
AIRFLOW_CTX_TASK_ID=AAPL
AIRFLOW_CTX_EXECUTION_DATE=2023-10-25T00:00:00+00:00
AIRFLOW_CTX_TRY_NUMBER=1
AIRFLOW_CTX_DAG_RUN_ID=scheduled__2023-10-25T00:00:00+00:00
[2023-10-27 17:04:55,203] {python.py:173} INFO - Done. Returned value was: None
[2023-10-27 17:04:55,215] {taskinstance.py:1395} INFO - Marking task as SUCCESS. dag_id=get_stocks_dag, task_id=AAPL, execution_date=20231025T000000, start_date=20231027T200454, end_date=20231027T200455
[2023-10-27 17:04:55,270] {local_task_job.py:156} INFO - Task exited with return code 0
[2023-10-27 17:04:55,297] {local_task_job.py:273} INFO - 0 downstream tasks scheduled from follow-on schedule check
[2023-10-27 17:11:54,010] {taskinstance.py:1159} INFO - Dependencies all met for <TaskInstance: get_stocks_dag.AAPL scheduled__2023-10-25T00:00:00+00:00 [queued]>
[2023-10-27 17:11:54,017] {taskinstance.py:1159} INFO - Dependencies all met for <TaskInstance: get_stocks_dag.AAPL scheduled__2023-10-25T00:00:00+00:00 [queued]>
[2023-10-27 17:11:54,017] {taskinstance.py:1356} INFO - 
--------------------------------------------------------------------------------
[2023-10-27 17:11:54,017] {taskinstance.py:1357} INFO - Starting attempt 1 of 1
[2023-10-27 17:11:54,017] {taskinstance.py:1358} INFO - 
--------------------------------------------------------------------------------
[2023-10-27 17:11:54,026] {taskinstance.py:1377} INFO - Executing <Task(_PythonDecoratedOperator): AAPL> on 2023-10-25 00:00:00+00:00
[2023-10-27 17:11:54,030] {standard_task_runner.py:52} INFO - Started process 41995 to run task
[2023-10-27 17:11:54,033] {standard_task_runner.py:79} INFO - Running: ['airflow', 'tasks', 'run', 'get_stocks_dag', 'AAPL', 'scheduled__2023-10-25T00:00:00+00:00', '--job-id', '85', '--raw', '--subdir', 'DAGS_FOLDER/get_finance.py', '--cfg-path', '/tmp/tmpvdeh5acu', '--error-file', '/tmp/tmp97vm5hgd']
[2023-10-27 17:11:54,034] {standard_task_runner.py:80} INFO - Job 85: Subtask AAPL
[2023-10-27 17:11:54,078] {task_command.py:370} INFO - Running <TaskInstance: get_stocks_dag.AAPL scheduled__2023-10-25T00:00:00+00:00 [running]> on host airflow-virtual-machine
[2023-10-27 17:11:54,127] {taskinstance.py:1569} INFO - Exporting the following env vars:
AIRFLOW_CTX_DAG_OWNER=airflow
AIRFLOW_CTX_DAG_ID=get_stocks_dag
AIRFLOW_CTX_TASK_ID=AAPL
AIRFLOW_CTX_EXECUTION_DATE=2023-10-25T00:00:00+00:00
AIRFLOW_CTX_TRY_NUMBER=1
AIRFLOW_CTX_DAG_RUN_ID=scheduled__2023-10-25T00:00:00+00:00
[2023-10-27 17:11:54,609] {python.py:173} INFO - Done. Returned value was: None
[2023-10-27 17:11:54,615] {taskinstance.py:1395} INFO - Marking task as SUCCESS. dag_id=get_stocks_dag, task_id=AAPL, execution_date=20231025T000000, start_date=20231027T201154, end_date=20231027T201154
[2023-10-27 17:11:54,659] {local_task_job.py:156} INFO - Task exited with return code 0
[2023-10-27 17:11:54,676] {local_task_job.py:273} INFO - 0 downstream tasks scheduled from follow-on schedule check
[2023-10-27 18:12:31,782] {taskinstance.py:1159} INFO - Dependencies all met for <TaskInstance: get_stocks_dag.AAPL scheduled__2023-10-25T00:00:00+00:00 [queued]>
[2023-10-27 18:12:31,787] {taskinstance.py:1159} INFO - Dependencies all met for <TaskInstance: get_stocks_dag.AAPL scheduled__2023-10-25T00:00:00+00:00 [queued]>
[2023-10-27 18:12:31,788] {taskinstance.py:1356} INFO - 
--------------------------------------------------------------------------------
[2023-10-27 18:12:31,788] {taskinstance.py:1357} INFO - Starting attempt 1 of 1
[2023-10-27 18:12:31,788] {taskinstance.py:1358} INFO - 
--------------------------------------------------------------------------------
[2023-10-27 18:12:31,799] {taskinstance.py:1377} INFO - Executing <Task(_PythonDecoratedOperator): AAPL> on 2023-10-25 00:00:00+00:00
[2023-10-27 18:12:31,803] {standard_task_runner.py:52} INFO - Started process 50143 to run task
[2023-10-27 18:12:31,806] {standard_task_runner.py:79} INFO - Running: ['airflow', 'tasks', 'run', 'get_stocks_dag', 'AAPL', 'scheduled__2023-10-25T00:00:00+00:00', '--job-id', '84', '--raw', '--subdir', 'DAGS_FOLDER/get_finance.py', '--cfg-path', '/tmp/tmpk1o76qx9', '--error-file', '/tmp/tmpwu0rdll0']
[2023-10-27 18:12:31,807] {standard_task_runner.py:80} INFO - Job 84: Subtask AAPL
[2023-10-27 18:12:31,844] {task_command.py:370} INFO - Running <TaskInstance: get_stocks_dag.AAPL scheduled__2023-10-25T00:00:00+00:00 [running]> on host airflow-virtual-machine
[2023-10-27 18:12:31,889] {taskinstance.py:1569} INFO - Exporting the following env vars:
AIRFLOW_CTX_DAG_OWNER=airflow
AIRFLOW_CTX_DAG_ID=get_stocks_dag
AIRFLOW_CTX_TASK_ID=AAPL
AIRFLOW_CTX_EXECUTION_DATE=2023-10-25T00:00:00+00:00
AIRFLOW_CTX_TRY_NUMBER=1
AIRFLOW_CTX_DAG_RUN_ID=scheduled__2023-10-25T00:00:00+00:00
[2023-10-27 18:12:32,438] {python.py:173} INFO - Done. Returned value was: None
[2023-10-27 18:12:32,463] {taskinstance.py:1395} INFO - Marking task as SUCCESS. dag_id=get_stocks_dag, task_id=AAPL, execution_date=20231025T000000, start_date=20231027T211231, end_date=20231027T211232
[2023-10-27 18:12:32,520] {local_task_job.py:156} INFO - Task exited with return code 0
[2023-10-27 18:12:32,579] {local_task_job.py:273} INFO - 0 downstream tasks scheduled from follow-on schedule check
