[2023-10-27 14:16:31,773] {taskinstance.py:1159} INFO - Dependencies all met for <TaskInstance: get_stocks_dag.TSLA scheduled__2023-10-05T00:00:00+00:00 [queued]>
[2023-10-27 14:16:31,781] {taskinstance.py:1159} INFO - Dependencies all met for <TaskInstance: get_stocks_dag.TSLA scheduled__2023-10-05T00:00:00+00:00 [queued]>
[2023-10-27 14:16:31,781] {taskinstance.py:1356} INFO - 
--------------------------------------------------------------------------------
[2023-10-27 14:16:31,781] {taskinstance.py:1357} INFO - Starting attempt 1 of 1
[2023-10-27 14:16:31,781] {taskinstance.py:1358} INFO - 
--------------------------------------------------------------------------------
[2023-10-27 14:16:31,795] {taskinstance.py:1377} INFO - Executing <Task(_PythonDecoratedOperator): TSLA> on 2023-10-05 00:00:00+00:00
[2023-10-27 14:16:31,801] {standard_task_runner.py:52} INFO - Started process 17221 to run task
[2023-10-27 14:16:31,804] {standard_task_runner.py:79} INFO - Running: ['airflow', 'tasks', 'run', 'get_stocks_dag', 'TSLA', 'scheduled__2023-10-05T00:00:00+00:00', '--job-id', '16', '--raw', '--subdir', 'DAGS_FOLDER/get_finance.py', '--cfg-path', '/tmp/tmpez3hibcf', '--error-file', '/tmp/tmp95x0d947']
[2023-10-27 14:16:31,805] {standard_task_runner.py:80} INFO - Job 16: Subtask TSLA
[2023-10-27 14:16:32,003] {task_command.py:370} INFO - Running <TaskInstance: get_stocks_dag.TSLA scheduled__2023-10-05T00:00:00+00:00 [running]> on host airflow-virtual-machine
[2023-10-27 14:16:32,149] {taskinstance.py:1569} INFO - Exporting the following env vars:
AIRFLOW_CTX_DAG_OWNER=airflow
AIRFLOW_CTX_DAG_ID=get_stocks_dag
AIRFLOW_CTX_TASK_ID=TSLA
AIRFLOW_CTX_EXECUTION_DATE=2023-10-05T00:00:00+00:00
AIRFLOW_CTX_TRY_NUMBER=1
AIRFLOW_CTX_DAG_RUN_ID=scheduled__2023-10-05T00:00:00+00:00
[2023-10-27 14:16:32,590] {taskinstance.py:1889} ERROR - Task failed with exception
Traceback (most recent call last):
  File "/home/gabriel/Documents/project_finance/venv/lib/python3.9/site-packages/airflow/decorators/base.py", line 179, in execute
    return_value = super().execute(context)
  File "/home/gabriel/Documents/project_finance/venv/lib/python3.9/site-packages/airflow/operators/python.py", line 171, in execute
    return_value = self.execute_callable()
  File "/home/gabriel/Documents/project_finance/venv/lib/python3.9/site-packages/airflow/operators/python.py", line 189, in execute_callable
    return self.python_callable(*self.op_args, **self.op_kwargs)
  File "/home/gabriel/Documents/project_finance/airflow/dags/get_finance.py", line 18, in get_history
    yfinance.Ticker(ticker).history(
  File "/home/gabriel/Documents/project_finance/venv/lib/python3.9/site-packages/pandas/core/generic.py", line 3902, in to_csv
    return DataFrameRenderer(formatter).to_csv(
  File "/home/gabriel/Documents/project_finance/venv/lib/python3.9/site-packages/pandas/io/formats/format.py", line 1152, in to_csv
    csv_formatter.save()
  File "/home/gabriel/Documents/project_finance/venv/lib/python3.9/site-packages/pandas/io/formats/csvs.py", line 247, in save
    with get_handle(
  File "/home/gabriel/Documents/project_finance/venv/lib/python3.9/site-packages/pandas/io/common.py", line 739, in get_handle
    check_parent_directory(str(handle))
  File "/home/gabriel/Documents/project_finance/venv/lib/python3.9/site-packages/pandas/io/common.py", line 604, in check_parent_directory
    raise OSError(rf"Cannot save file into a non-existent directory: '{parent}'")
OSError: Cannot save file into a non-existent directory: '/home/gabriel/Documents/project_finance/datalake/stocks/TSLA'
[2023-10-27 14:16:32,598] {taskinstance.py:1395} INFO - Marking task as FAILED. dag_id=get_stocks_dag, task_id=TSLA, execution_date=20231005T000000, start_date=20231027T171631, end_date=20231027T171632
[2023-10-27 14:16:32,615] {standard_task_runner.py:92} ERROR - Failed to execute job 16 for task TSLA (Cannot save file into a non-existent directory: '/home/gabriel/Documents/project_finance/datalake/stocks/TSLA'; 17221)
[2023-10-27 14:16:32,627] {local_task_job.py:156} INFO - Task exited with return code 1
[2023-10-27 14:16:32,643] {local_task_job.py:273} INFO - 0 downstream tasks scheduled from follow-on schedule check
[2023-10-27 14:29:37,676] {taskinstance.py:1159} INFO - Dependencies all met for <TaskInstance: get_stocks_dag.TSLA scheduled__2023-10-05T00:00:00+00:00 [queued]>
[2023-10-27 14:29:37,683] {taskinstance.py:1159} INFO - Dependencies all met for <TaskInstance: get_stocks_dag.TSLA scheduled__2023-10-05T00:00:00+00:00 [queued]>
[2023-10-27 14:29:37,683] {taskinstance.py:1356} INFO - 
--------------------------------------------------------------------------------
[2023-10-27 14:29:37,683] {taskinstance.py:1357} INFO - Starting attempt 1 of 1
[2023-10-27 14:29:37,683] {taskinstance.py:1358} INFO - 
--------------------------------------------------------------------------------
[2023-10-27 14:29:37,712] {taskinstance.py:1377} INFO - Executing <Task(_PythonDecoratedOperator): TSLA> on 2023-10-05 00:00:00+00:00
[2023-10-27 14:29:37,726] {standard_task_runner.py:52} INFO - Started process 19589 to run task
[2023-10-27 14:29:37,730] {standard_task_runner.py:79} INFO - Running: ['airflow', 'tasks', 'run', 'get_stocks_dag', 'TSLA', 'scheduled__2023-10-05T00:00:00+00:00', '--job-id', '16', '--raw', '--subdir', 'DAGS_FOLDER/get_finance.py', '--cfg-path', '/tmp/tmprlbnlmtr', '--error-file', '/tmp/tmplhlwrdow']
[2023-10-27 14:29:37,732] {standard_task_runner.py:80} INFO - Job 16: Subtask TSLA
[2023-10-27 14:29:37,829] {task_command.py:370} INFO - Running <TaskInstance: get_stocks_dag.TSLA scheduled__2023-10-05T00:00:00+00:00 [running]> on host airflow-virtual-machine
[2023-10-27 14:29:37,920] {taskinstance.py:1569} INFO - Exporting the following env vars:
AIRFLOW_CTX_DAG_OWNER=airflow
AIRFLOW_CTX_DAG_ID=get_stocks_dag
AIRFLOW_CTX_TASK_ID=TSLA
AIRFLOW_CTX_EXECUTION_DATE=2023-10-05T00:00:00+00:00
AIRFLOW_CTX_TRY_NUMBER=1
AIRFLOW_CTX_DAG_RUN_ID=scheduled__2023-10-05T00:00:00+00:00
[2023-10-27 14:29:38,386] {taskinstance.py:1889} ERROR - Task failed with exception
Traceback (most recent call last):
  File "/home/gabriel/Documents/project_finance/venv/lib/python3.9/site-packages/airflow/decorators/base.py", line 179, in execute
    return_value = super().execute(context)
  File "/home/gabriel/Documents/project_finance/venv/lib/python3.9/site-packages/airflow/operators/python.py", line 171, in execute
    return_value = self.execute_callable()
  File "/home/gabriel/Documents/project_finance/venv/lib/python3.9/site-packages/airflow/operators/python.py", line 189, in execute_callable
    return self.python_callable(*self.op_args, **self.op_kwargs)
  File "/home/gabriel/Documents/project_finance/airflow/dags/get_finance.py", line 20, in get_history
    yfinance.Ticker(ticker).history(
  File "/home/gabriel/Documents/project_finance/venv/lib/python3.9/site-packages/pandas/core/generic.py", line 3902, in to_csv
    return DataFrameRenderer(formatter).to_csv(
  File "/home/gabriel/Documents/project_finance/venv/lib/python3.9/site-packages/pandas/io/formats/format.py", line 1152, in to_csv
    csv_formatter.save()
  File "/home/gabriel/Documents/project_finance/venv/lib/python3.9/site-packages/pandas/io/formats/csvs.py", line 247, in save
    with get_handle(
  File "/home/gabriel/Documents/project_finance/venv/lib/python3.9/site-packages/pandas/io/common.py", line 863, in get_handle
    handle = open(
PermissionError: [Errno 13] Permission denied: '/TSLA_20231005.csv'
[2023-10-27 14:29:38,392] {taskinstance.py:1395} INFO - Marking task as FAILED. dag_id=get_stocks_dag, task_id=TSLA, execution_date=20231005T000000, start_date=20231027T172937, end_date=20231027T172938
[2023-10-27 14:29:38,410] {standard_task_runner.py:92} ERROR - Failed to execute job 16 for task TSLA ([Errno 13] Permission denied: '/TSLA_20231005.csv'; 19589)
[2023-10-27 14:29:38,449] {local_task_job.py:156} INFO - Task exited with return code 1
[2023-10-27 14:29:38,507] {local_task_job.py:273} INFO - 0 downstream tasks scheduled from follow-on schedule check
[2023-10-27 14:33:31,164] {taskinstance.py:1159} INFO - Dependencies all met for <TaskInstance: get_stocks_dag.TSLA scheduled__2023-10-05T00:00:00+00:00 [queued]>
[2023-10-27 14:33:31,213] {taskinstance.py:1159} INFO - Dependencies all met for <TaskInstance: get_stocks_dag.TSLA scheduled__2023-10-05T00:00:00+00:00 [queued]>
[2023-10-27 14:33:31,213] {taskinstance.py:1356} INFO - 
--------------------------------------------------------------------------------
[2023-10-27 14:33:31,213] {taskinstance.py:1357} INFO - Starting attempt 1 of 1
[2023-10-27 14:33:31,213] {taskinstance.py:1358} INFO - 
--------------------------------------------------------------------------------
[2023-10-27 14:33:31,288] {taskinstance.py:1377} INFO - Executing <Task(_PythonDecoratedOperator): TSLA> on 2023-10-05 00:00:00+00:00
[2023-10-27 14:33:31,296] {standard_task_runner.py:52} INFO - Started process 20561 to run task
[2023-10-27 14:33:31,337] {standard_task_runner.py:79} INFO - Running: ['airflow', 'tasks', 'run', 'get_stocks_dag', 'TSLA', 'scheduled__2023-10-05T00:00:00+00:00', '--job-id', '16', '--raw', '--subdir', 'DAGS_FOLDER/get_finance.py', '--cfg-path', '/tmp/tmpqeyinsu0', '--error-file', '/tmp/tmp8o7h2ubh']
[2023-10-27 14:33:31,339] {standard_task_runner.py:80} INFO - Job 16: Subtask TSLA
[2023-10-27 14:33:31,381] {task_command.py:370} INFO - Running <TaskInstance: get_stocks_dag.TSLA scheduled__2023-10-05T00:00:00+00:00 [running]> on host airflow-virtual-machine
[2023-10-27 14:33:31,433] {taskinstance.py:1569} INFO - Exporting the following env vars:
AIRFLOW_CTX_DAG_OWNER=airflow
AIRFLOW_CTX_DAG_ID=get_stocks_dag
AIRFLOW_CTX_TASK_ID=TSLA
AIRFLOW_CTX_EXECUTION_DATE=2023-10-05T00:00:00+00:00
AIRFLOW_CTX_TRY_NUMBER=1
AIRFLOW_CTX_DAG_RUN_ID=scheduled__2023-10-05T00:00:00+00:00
[2023-10-27 14:33:31,851] {python.py:173} INFO - Done. Returned value was: None
[2023-10-27 14:33:31,856] {taskinstance.py:1395} INFO - Marking task as SUCCESS. dag_id=get_stocks_dag, task_id=TSLA, execution_date=20231005T000000, start_date=20231027T173331, end_date=20231027T173331
[2023-10-27 14:33:31,905] {local_task_job.py:156} INFO - Task exited with return code 0
[2023-10-27 14:33:31,921] {local_task_job.py:273} INFO - 0 downstream tasks scheduled from follow-on schedule check
[2023-10-27 14:53:55,165] {taskinstance.py:1159} INFO - Dependencies all met for <TaskInstance: get_stocks_dag.TSLA scheduled__2023-10-05T00:00:00+00:00 [queued]>
[2023-10-27 14:53:55,171] {taskinstance.py:1159} INFO - Dependencies all met for <TaskInstance: get_stocks_dag.TSLA scheduled__2023-10-05T00:00:00+00:00 [queued]>
[2023-10-27 14:53:55,171] {taskinstance.py:1356} INFO - 
--------------------------------------------------------------------------------
[2023-10-27 14:53:55,171] {taskinstance.py:1357} INFO - Starting attempt 1 of 1
[2023-10-27 14:53:55,171] {taskinstance.py:1358} INFO - 
--------------------------------------------------------------------------------
[2023-10-27 14:53:55,185] {taskinstance.py:1377} INFO - Executing <Task(_PythonDecoratedOperator): TSLA> on 2023-10-05 00:00:00+00:00
[2023-10-27 14:53:55,188] {standard_task_runner.py:52} INFO - Started process 23262 to run task
[2023-10-27 14:53:55,192] {standard_task_runner.py:79} INFO - Running: ['airflow', 'tasks', 'run', 'get_stocks_dag', 'TSLA', 'scheduled__2023-10-05T00:00:00+00:00', '--job-id', '16', '--raw', '--subdir', 'DAGS_FOLDER/get_finance.py', '--cfg-path', '/tmp/tmp2kx43duw', '--error-file', '/tmp/tmppm35qnci']
[2023-10-27 14:53:55,193] {standard_task_runner.py:80} INFO - Job 16: Subtask TSLA
[2023-10-27 14:53:55,239] {task_command.py:370} INFO - Running <TaskInstance: get_stocks_dag.TSLA scheduled__2023-10-05T00:00:00+00:00 [running]> on host airflow-virtual-machine
[2023-10-27 14:53:55,289] {taskinstance.py:1569} INFO - Exporting the following env vars:
AIRFLOW_CTX_DAG_OWNER=airflow
AIRFLOW_CTX_DAG_ID=get_stocks_dag
AIRFLOW_CTX_TASK_ID=TSLA
AIRFLOW_CTX_EXECUTION_DATE=2023-10-05T00:00:00+00:00
AIRFLOW_CTX_TRY_NUMBER=1
AIRFLOW_CTX_DAG_RUN_ID=scheduled__2023-10-05T00:00:00+00:00
[2023-10-27 14:53:55,748] {python.py:173} INFO - Done. Returned value was: None
[2023-10-27 14:53:55,753] {taskinstance.py:1395} INFO - Marking task as SUCCESS. dag_id=get_stocks_dag, task_id=TSLA, execution_date=20231005T000000, start_date=20231027T175355, end_date=20231027T175355
[2023-10-27 14:53:55,774] {local_task_job.py:156} INFO - Task exited with return code 0
[2023-10-27 14:53:55,787] {local_task_job.py:273} INFO - 0 downstream tasks scheduled from follow-on schedule check
[2023-10-27 15:23:09,602] {taskinstance.py:1159} INFO - Dependencies all met for <TaskInstance: get_stocks_dag.TSLA scheduled__2023-10-05T00:00:00+00:00 [queued]>
[2023-10-27 15:23:09,616] {taskinstance.py:1159} INFO - Dependencies all met for <TaskInstance: get_stocks_dag.TSLA scheduled__2023-10-05T00:00:00+00:00 [queued]>
[2023-10-27 15:23:09,618] {taskinstance.py:1356} INFO - 
--------------------------------------------------------------------------------
[2023-10-27 15:23:09,618] {taskinstance.py:1357} INFO - Starting attempt 1 of 1
[2023-10-27 15:23:09,619] {taskinstance.py:1358} INFO - 
--------------------------------------------------------------------------------
[2023-10-27 15:23:09,652] {taskinstance.py:1377} INFO - Executing <Task(_PythonDecoratedOperator): TSLA> on 2023-10-05 00:00:00+00:00
[2023-10-27 15:23:09,666] {standard_task_runner.py:52} INFO - Started process 27116 to run task
[2023-10-27 15:23:09,676] {standard_task_runner.py:79} INFO - Running: ['airflow', 'tasks', 'run', 'get_stocks_dag', 'TSLA', 'scheduled__2023-10-05T00:00:00+00:00', '--job-id', '16', '--raw', '--subdir', 'DAGS_FOLDER/get_finance.py', '--cfg-path', '/tmp/tmpdsddnabv', '--error-file', '/tmp/tmpfj913map']
[2023-10-27 15:23:09,677] {standard_task_runner.py:80} INFO - Job 16: Subtask TSLA
[2023-10-27 15:23:09,731] {task_command.py:370} INFO - Running <TaskInstance: get_stocks_dag.TSLA scheduled__2023-10-05T00:00:00+00:00 [running]> on host airflow-virtual-machine
[2023-10-27 15:23:09,795] {taskinstance.py:1569} INFO - Exporting the following env vars:
AIRFLOW_CTX_DAG_OWNER=airflow
AIRFLOW_CTX_DAG_ID=get_stocks_dag
AIRFLOW_CTX_TASK_ID=TSLA
AIRFLOW_CTX_EXECUTION_DATE=2023-10-05T00:00:00+00:00
AIRFLOW_CTX_TRY_NUMBER=1
AIRFLOW_CTX_DAG_RUN_ID=scheduled__2023-10-05T00:00:00+00:00
[2023-10-27 15:23:10,214] {python.py:173} INFO - Done. Returned value was: None
[2023-10-27 15:23:10,219] {taskinstance.py:1395} INFO - Marking task as SUCCESS. dag_id=get_stocks_dag, task_id=TSLA, execution_date=20231005T000000, start_date=20231027T182309, end_date=20231027T182310
[2023-10-27 15:23:10,255] {local_task_job.py:156} INFO - Task exited with return code 0
[2023-10-27 15:23:10,270] {local_task_job.py:273} INFO - 0 downstream tasks scheduled from follow-on schedule check
[2023-10-27 17:01:32,241] {taskinstance.py:1159} INFO - Dependencies all met for <TaskInstance: get_stocks_dag.TSLA scheduled__2023-10-05T00:00:00+00:00 [queued]>
[2023-10-27 17:01:32,250] {taskinstance.py:1159} INFO - Dependencies all met for <TaskInstance: get_stocks_dag.TSLA scheduled__2023-10-05T00:00:00+00:00 [queued]>
[2023-10-27 17:01:32,250] {taskinstance.py:1356} INFO - 
--------------------------------------------------------------------------------
[2023-10-27 17:01:32,250] {taskinstance.py:1357} INFO - Starting attempt 1 of 1
[2023-10-27 17:01:32,251] {taskinstance.py:1358} INFO - 
--------------------------------------------------------------------------------
[2023-10-27 17:01:32,271] {taskinstance.py:1377} INFO - Executing <Task(_PythonDecoratedOperator): TSLA> on 2023-10-05 00:00:00+00:00
[2023-10-27 17:01:32,277] {standard_task_runner.py:52} INFO - Started process 39304 to run task
[2023-10-27 17:01:32,281] {standard_task_runner.py:79} INFO - Running: ['airflow', 'tasks', 'run', 'get_stocks_dag', 'TSLA', 'scheduled__2023-10-05T00:00:00+00:00', '--job-id', '18', '--raw', '--subdir', 'DAGS_FOLDER/get_finance.py', '--cfg-path', '/tmp/tmpba2rqyq8', '--error-file', '/tmp/tmptjytp622']
[2023-10-27 17:01:32,283] {standard_task_runner.py:80} INFO - Job 18: Subtask TSLA
[2023-10-27 17:01:32,341] {task_command.py:370} INFO - Running <TaskInstance: get_stocks_dag.TSLA scheduled__2023-10-05T00:00:00+00:00 [running]> on host airflow-virtual-machine
[2023-10-27 17:01:32,412] {taskinstance.py:1569} INFO - Exporting the following env vars:
AIRFLOW_CTX_DAG_OWNER=airflow
AIRFLOW_CTX_DAG_ID=get_stocks_dag
AIRFLOW_CTX_TASK_ID=TSLA
AIRFLOW_CTX_EXECUTION_DATE=2023-10-05T00:00:00+00:00
AIRFLOW_CTX_TRY_NUMBER=1
AIRFLOW_CTX_DAG_RUN_ID=scheduled__2023-10-05T00:00:00+00:00
[2023-10-27 17:01:32,985] {taskinstance.py:1889} ERROR - Task failed with exception
Traceback (most recent call last):
  File "/home/gabriel/Documents/project_finance/venv/lib/python3.9/site-packages/airflow/decorators/base.py", line 179, in execute
    return_value = super().execute(context)
  File "/home/gabriel/Documents/project_finance/venv/lib/python3.9/site-packages/airflow/operators/python.py", line 171, in execute
    return_value = self.execute_callable()
  File "/home/gabriel/Documents/project_finance/venv/lib/python3.9/site-packages/airflow/operators/python.py", line 189, in execute_callable
    return self.python_callable(*self.op_args, **self.op_kwargs)
  File "/home/gabriel/Documents/project_finance/airflow/dags/get_finance.py", line 20, in get_history
    yfinance.Ticker(ticker).history(
  File "/home/gabriel/Documents/project_finance/venv/lib/python3.9/site-packages/pandas/core/generic.py", line 3902, in to_csv
    return DataFrameRenderer(formatter).to_csv(
  File "/home/gabriel/Documents/project_finance/venv/lib/python3.9/site-packages/pandas/io/formats/format.py", line 1152, in to_csv
    csv_formatter.save()
  File "/home/gabriel/Documents/project_finance/venv/lib/python3.9/site-packages/pandas/io/formats/csvs.py", line 247, in save
    with get_handle(
  File "/home/gabriel/Documents/project_finance/venv/lib/python3.9/site-packages/pandas/io/common.py", line 863, in get_handle
    handle = open(
IsADirectoryError: [Errno 21] Is a directory: '/home/gabriel/Documents/project_finance/datalake/Bronze/stocks/TSLA'
[2023-10-27 17:01:32,994] {taskinstance.py:1395} INFO - Marking task as FAILED. dag_id=get_stocks_dag, task_id=TSLA, execution_date=20231005T000000, start_date=20231027T200132, end_date=20231027T200132
[2023-10-27 17:01:33,011] {standard_task_runner.py:92} ERROR - Failed to execute job 18 for task TSLA ([Errno 21] Is a directory: '/home/gabriel/Documents/project_finance/datalake/Bronze/stocks/TSLA'; 39304)
[2023-10-27 17:01:33,026] {local_task_job.py:156} INFO - Task exited with return code 1
[2023-10-27 17:01:33,043] {local_task_job.py:273} INFO - 0 downstream tasks scheduled from follow-on schedule check
[2023-10-27 17:08:41,749] {taskinstance.py:1159} INFO - Dependencies all met for <TaskInstance: get_stocks_dag.TSLA scheduled__2023-10-05T00:00:00+00:00 [queued]>
[2023-10-27 17:08:41,781] {taskinstance.py:1159} INFO - Dependencies all met for <TaskInstance: get_stocks_dag.TSLA scheduled__2023-10-05T00:00:00+00:00 [queued]>
[2023-10-27 17:08:41,811] {taskinstance.py:1356} INFO - 
--------------------------------------------------------------------------------
[2023-10-27 17:08:41,811] {taskinstance.py:1357} INFO - Starting attempt 1 of 1
[2023-10-27 17:08:41,811] {taskinstance.py:1358} INFO - 
--------------------------------------------------------------------------------
[2023-10-27 17:08:41,843] {taskinstance.py:1377} INFO - Executing <Task(_PythonDecoratedOperator): TSLA> on 2023-10-05 00:00:00+00:00
[2023-10-27 17:08:41,871] {standard_task_runner.py:79} INFO - Running: ['airflow', 'tasks', 'run', 'get_stocks_dag', 'TSLA', 'scheduled__2023-10-05T00:00:00+00:00', '--job-id', '18', '--raw', '--subdir', 'DAGS_FOLDER/get_finance.py', '--cfg-path', '/tmp/tmpkgeqxc08', '--error-file', '/tmp/tmpjtut7vcz']
[2023-10-27 17:08:41,873] {standard_task_runner.py:80} INFO - Job 18: Subtask TSLA
[2023-10-27 17:08:41,873] {standard_task_runner.py:52} INFO - Started process 40995 to run task
[2023-10-27 17:08:41,921] {task_command.py:370} INFO - Running <TaskInstance: get_stocks_dag.TSLA scheduled__2023-10-05T00:00:00+00:00 [running]> on host airflow-virtual-machine
[2023-10-27 17:08:41,985] {taskinstance.py:1569} INFO - Exporting the following env vars:
AIRFLOW_CTX_DAG_OWNER=airflow
AIRFLOW_CTX_DAG_ID=get_stocks_dag
AIRFLOW_CTX_TASK_ID=TSLA
AIRFLOW_CTX_EXECUTION_DATE=2023-10-05T00:00:00+00:00
AIRFLOW_CTX_TRY_NUMBER=1
AIRFLOW_CTX_DAG_RUN_ID=scheduled__2023-10-05T00:00:00+00:00
[2023-10-27 17:08:42,513] {python.py:173} INFO - Done. Returned value was: None
[2023-10-27 17:08:42,520] {taskinstance.py:1395} INFO - Marking task as SUCCESS. dag_id=get_stocks_dag, task_id=TSLA, execution_date=20231005T000000, start_date=20231027T200841, end_date=20231027T200842
[2023-10-27 17:08:42,580] {local_task_job.py:156} INFO - Task exited with return code 0
[2023-10-27 17:08:42,642] {local_task_job.py:273} INFO - 0 downstream tasks scheduled from follow-on schedule check
[2023-10-27 18:09:35,892] {taskinstance.py:1159} INFO - Dependencies all met for <TaskInstance: get_stocks_dag.TSLA scheduled__2023-10-05T00:00:00+00:00 [queued]>
[2023-10-27 18:09:35,900] {taskinstance.py:1159} INFO - Dependencies all met for <TaskInstance: get_stocks_dag.TSLA scheduled__2023-10-05T00:00:00+00:00 [queued]>
[2023-10-27 18:09:35,901] {taskinstance.py:1356} INFO - 
--------------------------------------------------------------------------------
[2023-10-27 18:09:35,901] {taskinstance.py:1357} INFO - Starting attempt 1 of 1
[2023-10-27 18:09:35,901] {taskinstance.py:1358} INFO - 
--------------------------------------------------------------------------------
[2023-10-27 18:09:35,912] {taskinstance.py:1377} INFO - Executing <Task(_PythonDecoratedOperator): TSLA> on 2023-10-05 00:00:00+00:00
[2023-10-27 18:09:35,918] {standard_task_runner.py:52} INFO - Started process 49032 to run task
[2023-10-27 18:09:35,922] {standard_task_runner.py:79} INFO - Running: ['airflow', 'tasks', 'run', 'get_stocks_dag', 'TSLA', 'scheduled__2023-10-05T00:00:00+00:00', '--job-id', '17', '--raw', '--subdir', 'DAGS_FOLDER/get_finance.py', '--cfg-path', '/tmp/tmp9vvpr4aw', '--error-file', '/tmp/tmppapgdphx']
[2023-10-27 18:09:35,923] {standard_task_runner.py:80} INFO - Job 17: Subtask TSLA
[2023-10-27 18:09:35,961] {task_command.py:370} INFO - Running <TaskInstance: get_stocks_dag.TSLA scheduled__2023-10-05T00:00:00+00:00 [running]> on host airflow-virtual-machine
[2023-10-27 18:09:36,009] {taskinstance.py:1569} INFO - Exporting the following env vars:
AIRFLOW_CTX_DAG_OWNER=airflow
AIRFLOW_CTX_DAG_ID=get_stocks_dag
AIRFLOW_CTX_TASK_ID=TSLA
AIRFLOW_CTX_EXECUTION_DATE=2023-10-05T00:00:00+00:00
AIRFLOW_CTX_TRY_NUMBER=1
AIRFLOW_CTX_DAG_RUN_ID=scheduled__2023-10-05T00:00:00+00:00
[2023-10-27 18:09:36,469] {python.py:173} INFO - Done. Returned value was: None
[2023-10-27 18:09:36,476] {taskinstance.py:1395} INFO - Marking task as SUCCESS. dag_id=get_stocks_dag, task_id=TSLA, execution_date=20231005T000000, start_date=20231027T210935, end_date=20231027T210936
[2023-10-27 18:09:36,502] {local_task_job.py:156} INFO - Task exited with return code 0
[2023-10-27 18:09:36,526] {local_task_job.py:273} INFO - 1 downstream tasks scheduled from follow-on schedule check
[2023-10-29 11:29:26,625] {taskinstance.py:1159} INFO - Dependencies all met for <TaskInstance: get_stocks_dag.TSLA scheduled__2023-10-05T00:00:00+00:00 [queued]>
[2023-10-29 11:29:26,657] {taskinstance.py:1159} INFO - Dependencies all met for <TaskInstance: get_stocks_dag.TSLA scheduled__2023-10-05T00:00:00+00:00 [queued]>
[2023-10-29 11:29:26,657] {taskinstance.py:1356} INFO - 
--------------------------------------------------------------------------------
[2023-10-29 11:29:26,657] {taskinstance.py:1357} INFO - Starting attempt 1 of 1
[2023-10-29 11:29:26,657] {taskinstance.py:1358} INFO - 
--------------------------------------------------------------------------------
[2023-10-29 11:29:26,712] {taskinstance.py:1377} INFO - Executing <Task(_PythonDecoratedOperator): TSLA> on 2023-10-05 00:00:00+00:00
[2023-10-29 11:29:26,778] {standard_task_runner.py:52} INFO - Started process 13738 to run task
[2023-10-29 11:29:26,921] {standard_task_runner.py:79} INFO - Running: ['airflow', 'tasks', 'run', 'get_stocks_dag', 'TSLA', 'scheduled__2023-10-05T00:00:00+00:00', '--job-id', '9', '--raw', '--subdir', 'DAGS_FOLDER/get_finance.py', '--cfg-path', '/tmp/tmp_197vpxv', '--error-file', '/tmp/tmpnkywne8r']
[2023-10-29 11:29:27,053] {standard_task_runner.py:80} INFO - Job 9: Subtask TSLA
[2023-10-29 11:29:27,507] {task_command.py:370} INFO - Running <TaskInstance: get_stocks_dag.TSLA scheduled__2023-10-05T00:00:00+00:00 [running]> on host airflow-virtual-machine
[2023-10-29 11:29:28,537] {taskinstance.py:1569} INFO - Exporting the following env vars:
AIRFLOW_CTX_DAG_OWNER=airflow
AIRFLOW_CTX_DAG_ID=get_stocks_dag
AIRFLOW_CTX_TASK_ID=TSLA
AIRFLOW_CTX_EXECUTION_DATE=2023-10-05T00:00:00+00:00
AIRFLOW_CTX_TRY_NUMBER=1
AIRFLOW_CTX_DAG_RUN_ID=scheduled__2023-10-05T00:00:00+00:00
[2023-10-29 11:29:29,921] {python.py:173} INFO - Done. Returned value was: None
[2023-10-29 11:29:29,965] {taskinstance.py:1395} INFO - Marking task as SUCCESS. dag_id=get_stocks_dag, task_id=TSLA, execution_date=20231005T000000, start_date=20231029T142926, end_date=20231029T142929
[2023-10-29 11:29:30,377] {local_task_job.py:156} INFO - Task exited with return code 0
[2023-10-29 11:29:30,942] {local_task_job.py:273} INFO - 0 downstream tasks scheduled from follow-on schedule check
[2023-10-29 11:33:18,382] {taskinstance.py:1159} INFO - Dependencies all met for <TaskInstance: get_stocks_dag.TSLA scheduled__2023-10-05T00:00:00+00:00 [queued]>
[2023-10-29 11:33:18,493] {taskinstance.py:1159} INFO - Dependencies all met for <TaskInstance: get_stocks_dag.TSLA scheduled__2023-10-05T00:00:00+00:00 [queued]>
[2023-10-29 11:33:18,502] {taskinstance.py:1356} INFO - 
--------------------------------------------------------------------------------
[2023-10-29 11:33:18,502] {taskinstance.py:1357} INFO - Starting attempt 1 of 1
[2023-10-29 11:33:18,502] {taskinstance.py:1358} INFO - 
--------------------------------------------------------------------------------
[2023-10-29 11:33:18,571] {taskinstance.py:1377} INFO - Executing <Task(_PythonDecoratedOperator): TSLA> on 2023-10-05 00:00:00+00:00
[2023-10-29 11:33:18,593] {standard_task_runner.py:52} INFO - Started process 15991 to run task
[2023-10-29 11:33:18,650] {standard_task_runner.py:79} INFO - Running: ['airflow', 'tasks', 'run', 'get_stocks_dag', 'TSLA', 'scheduled__2023-10-05T00:00:00+00:00', '--job-id', '108', '--raw', '--subdir', 'DAGS_FOLDER/get_finance.py', '--cfg-path', '/tmp/tmpiqmi70p0', '--error-file', '/tmp/tmpv7a36sy6']
[2023-10-29 11:33:18,651] {standard_task_runner.py:80} INFO - Job 108: Subtask TSLA
[2023-10-29 11:33:19,629] {task_command.py:370} INFO - Running <TaskInstance: get_stocks_dag.TSLA scheduled__2023-10-05T00:00:00+00:00 [running]> on host airflow-virtual-machine
[2023-10-29 11:33:20,025] {taskinstance.py:1569} INFO - Exporting the following env vars:
AIRFLOW_CTX_DAG_OWNER=airflow
AIRFLOW_CTX_DAG_ID=get_stocks_dag
AIRFLOW_CTX_TASK_ID=TSLA
AIRFLOW_CTX_EXECUTION_DATE=2023-10-05T00:00:00+00:00
AIRFLOW_CTX_TRY_NUMBER=1
AIRFLOW_CTX_DAG_RUN_ID=scheduled__2023-10-05T00:00:00+00:00
[2023-10-29 11:33:21,606] {python.py:173} INFO - Done. Returned value was: None
[2023-10-29 11:33:21,807] {taskinstance.py:1395} INFO - Marking task as SUCCESS. dag_id=get_stocks_dag, task_id=TSLA, execution_date=20231005T000000, start_date=20231029T143318, end_date=20231029T143321
[2023-10-29 11:33:22,124] {local_task_job.py:156} INFO - Task exited with return code 0
[2023-10-29 11:33:22,993] {local_task_job.py:273} INFO - 0 downstream tasks scheduled from follow-on schedule check
[2023-10-29 13:32:54,203] {taskinstance.py:1159} INFO - Dependencies all met for <TaskInstance: get_stocks_dag.TSLA scheduled__2023-10-05T00:00:00+00:00 [queued]>
[2023-10-29 13:32:54,337] {taskinstance.py:1159} INFO - Dependencies all met for <TaskInstance: get_stocks_dag.TSLA scheduled__2023-10-05T00:00:00+00:00 [queued]>
[2023-10-29 13:32:54,351] {taskinstance.py:1356} INFO - 
--------------------------------------------------------------------------------
[2023-10-29 13:32:54,357] {taskinstance.py:1357} INFO - Starting attempt 1 of 1
[2023-10-29 13:32:54,364] {taskinstance.py:1358} INFO - 
--------------------------------------------------------------------------------
[2023-10-29 13:32:54,587] {taskinstance.py:1377} INFO - Executing <Task(_PythonDecoratedOperator): TSLA> on 2023-10-05 00:00:00+00:00
[2023-10-29 13:32:54,646] {standard_task_runner.py:52} INFO - Started process 5945 to run task
[2023-10-29 13:32:54,750] {standard_task_runner.py:79} INFO - Running: ['airflow', 'tasks', 'run', 'get_stocks_dag', 'TSLA', 'scheduled__2023-10-05T00:00:00+00:00', '--job-id', '208', '--raw', '--subdir', 'DAGS_FOLDER/get_finance.py', '--cfg-path', '/tmp/tmpf_3_x2f1', '--error-file', '/tmp/tmp038o63s9']
[2023-10-29 13:32:54,898] {standard_task_runner.py:80} INFO - Job 208: Subtask TSLA
[2023-10-29 13:32:55,596] {task_command.py:370} INFO - Running <TaskInstance: get_stocks_dag.TSLA scheduled__2023-10-05T00:00:00+00:00 [running]> on host airflow-virtual-machine
[2023-10-29 13:32:56,401] {taskinstance.py:1569} INFO - Exporting the following env vars:
AIRFLOW_CTX_DAG_OWNER=airflow
AIRFLOW_CTX_DAG_ID=get_stocks_dag
AIRFLOW_CTX_TASK_ID=TSLA
AIRFLOW_CTX_EXECUTION_DATE=2023-10-05T00:00:00+00:00
AIRFLOW_CTX_TRY_NUMBER=1
AIRFLOW_CTX_DAG_RUN_ID=scheduled__2023-10-05T00:00:00+00:00
[2023-10-29 13:32:57,201] {python.py:173} INFO - Done. Returned value was: None
[2023-10-29 13:32:57,305] {taskinstance.py:1395} INFO - Marking task as SUCCESS. dag_id=get_stocks_dag, task_id=TSLA, execution_date=20231005T000000, start_date=20231029T163254, end_date=20231029T163257
[2023-10-29 13:32:57,517] {local_task_job.py:156} INFO - Task exited with return code 0
[2023-10-29 13:32:57,917] {local_task_job.py:273} INFO - 0 downstream tasks scheduled from follow-on schedule check
[2023-10-29 14:35:29,786] {taskinstance.py:1159} INFO - Dependencies all met for <TaskInstance: get_stocks_dag.TSLA scheduled__2023-10-05T00:00:00+00:00 [queued]>
[2023-10-29 14:35:29,802] {taskinstance.py:1159} INFO - Dependencies all met for <TaskInstance: get_stocks_dag.TSLA scheduled__2023-10-05T00:00:00+00:00 [queued]>
[2023-10-29 14:35:29,802] {taskinstance.py:1356} INFO - 
--------------------------------------------------------------------------------
[2023-10-29 14:35:29,803] {taskinstance.py:1357} INFO - Starting attempt 1 of 1
[2023-10-29 14:35:29,803] {taskinstance.py:1358} INFO - 
--------------------------------------------------------------------------------
[2023-10-29 14:35:29,836] {taskinstance.py:1377} INFO - Executing <Task(_PythonDecoratedOperator): TSLA> on 2023-10-05 00:00:00+00:00
[2023-10-29 14:35:29,845] {standard_task_runner.py:52} INFO - Started process 8955 to run task
[2023-10-29 14:35:29,911] {standard_task_runner.py:79} INFO - Running: ['airflow', 'tasks', 'run', 'get_stocks_dag', 'TSLA', 'scheduled__2023-10-05T00:00:00+00:00', '--job-id', '308', '--raw', '--subdir', 'DAGS_FOLDER/get_finance.py', '--cfg-path', '/tmp/tmp0j97aqip', '--error-file', '/tmp/tmpg0ieb934']
[2023-10-29 14:35:29,912] {standard_task_runner.py:80} INFO - Job 308: Subtask TSLA
[2023-10-29 14:35:31,141] {task_command.py:370} INFO - Running <TaskInstance: get_stocks_dag.TSLA scheduled__2023-10-05T00:00:00+00:00 [running]> on host airflow-virtual-machine
[2023-10-29 14:35:31,965] {taskinstance.py:1569} INFO - Exporting the following env vars:
AIRFLOW_CTX_DAG_OWNER=airflow
AIRFLOW_CTX_DAG_ID=get_stocks_dag
AIRFLOW_CTX_TASK_ID=TSLA
AIRFLOW_CTX_EXECUTION_DATE=2023-10-05T00:00:00+00:00
AIRFLOW_CTX_TRY_NUMBER=1
AIRFLOW_CTX_DAG_RUN_ID=scheduled__2023-10-05T00:00:00+00:00
[2023-10-29 14:35:32,967] {python.py:173} INFO - Done. Returned value was: None
[2023-10-29 14:35:33,217] {taskinstance.py:1395} INFO - Marking task as SUCCESS. dag_id=get_stocks_dag, task_id=TSLA, execution_date=20231005T000000, start_date=20231029T173529, end_date=20231029T173533
[2023-10-29 14:35:33,468] {local_task_job.py:156} INFO - Task exited with return code 0
[2023-10-29 14:35:33,998] {local_task_job.py:273} INFO - 0 downstream tasks scheduled from follow-on schedule check
