[2023-10-27 18:12:05,685] {taskinstance.py:1159} INFO - Dependencies all met for <TaskInstance: get_stocks_dag.transform_stocks scheduled__2023-10-19T00:00:00+00:00 [queued]>
[2023-10-27 18:12:05,692] {taskinstance.py:1159} INFO - Dependencies all met for <TaskInstance: get_stocks_dag.transform_stocks scheduled__2023-10-19T00:00:00+00:00 [queued]>
[2023-10-27 18:12:05,692] {taskinstance.py:1356} INFO - 
--------------------------------------------------------------------------------
[2023-10-27 18:12:05,692] {taskinstance.py:1357} INFO - Starting attempt 1 of 1
[2023-10-27 18:12:05,692] {taskinstance.py:1358} INFO - 
--------------------------------------------------------------------------------
[2023-10-27 18:12:05,701] {taskinstance.py:1377} INFO - Executing <Task(_PythonDecoratedOperator): transform_stocks> on 2023-10-19 00:00:00+00:00
[2023-10-27 18:12:05,706] {standard_task_runner.py:52} INFO - Started process 49980 to run task
[2023-10-27 18:12:05,709] {standard_task_runner.py:79} INFO - Running: ['airflow', 'tasks', 'run', 'get_stocks_dag', 'transform_stocks', 'scheduled__2023-10-19T00:00:00+00:00', '--job-id', '73', '--raw', '--subdir', 'DAGS_FOLDER/get_finance.py', '--cfg-path', '/tmp/tmp4f8r0hux', '--error-file', '/tmp/tmpkexz4teg']
[2023-10-27 18:12:05,709] {standard_task_runner.py:80} INFO - Job 73: Subtask transform_stocks
[2023-10-27 18:12:05,744] {task_command.py:370} INFO - Running <TaskInstance: get_stocks_dag.transform_stocks scheduled__2023-10-19T00:00:00+00:00 [running]> on host airflow-virtual-machine
[2023-10-27 18:12:05,785] {taskinstance.py:1569} INFO - Exporting the following env vars:
AIRFLOW_CTX_DAG_OWNER=airflow
AIRFLOW_CTX_DAG_ID=get_stocks_dag
AIRFLOW_CTX_TASK_ID=transform_stocks
AIRFLOW_CTX_EXECUTION_DATE=2023-10-19T00:00:00+00:00
AIRFLOW_CTX_TRY_NUMBER=1
AIRFLOW_CTX_DAG_RUN_ID=scheduled__2023-10-19T00:00:00+00:00
[2023-10-27 18:12:05,805] {python.py:173} INFO - Done. Returned value was: None
[2023-10-27 18:12:05,810] {taskinstance.py:1395} INFO - Marking task as SUCCESS. dag_id=get_stocks_dag, task_id=transform_stocks, execution_date=20231019T000000, start_date=20231027T211205, end_date=20231027T211205
[2023-10-27 18:12:05,842] {local_task_job.py:156} INFO - Task exited with return code 0
[2023-10-27 18:12:05,857] {local_task_job.py:273} INFO - 0 downstream tasks scheduled from follow-on schedule check
[2023-10-29 11:29:56,261] {taskinstance.py:1159} INFO - Dependencies all met for <TaskInstance: get_stocks_dag.transform_stocks scheduled__2023-10-19T00:00:00+00:00 [queued]>
[2023-10-29 11:29:56,348] {taskinstance.py:1159} INFO - Dependencies all met for <TaskInstance: get_stocks_dag.transform_stocks scheduled__2023-10-19T00:00:00+00:00 [queued]>
[2023-10-29 11:29:56,350] {taskinstance.py:1356} INFO - 
--------------------------------------------------------------------------------
[2023-10-29 11:29:56,351] {taskinstance.py:1357} INFO - Starting attempt 1 of 1
[2023-10-29 11:29:56,351] {taskinstance.py:1358} INFO - 
--------------------------------------------------------------------------------
[2023-10-29 11:29:56,432] {taskinstance.py:1377} INFO - Executing <Task(_PythonDecoratedOperator): transform_stocks> on 2023-10-19 00:00:00+00:00
[2023-10-29 11:29:56,483] {standard_task_runner.py:52} INFO - Started process 15141 to run task
[2023-10-29 11:29:56,561] {standard_task_runner.py:79} INFO - Running: ['airflow', 'tasks', 'run', 'get_stocks_dag', 'transform_stocks', 'scheduled__2023-10-19T00:00:00+00:00', '--job-id', '79', '--raw', '--subdir', 'DAGS_FOLDER/get_finance.py', '--cfg-path', '/tmp/tmpeq85k7i1', '--error-file', '/tmp/tmpzderwhg8']
[2023-10-29 11:29:56,562] {standard_task_runner.py:80} INFO - Job 79: Subtask transform_stocks
[2023-10-29 11:29:56,933] {task_command.py:370} INFO - Running <TaskInstance: get_stocks_dag.transform_stocks scheduled__2023-10-19T00:00:00+00:00 [running]> on host airflow-virtual-machine
[2023-10-29 11:29:57,240] {taskinstance.py:1569} INFO - Exporting the following env vars:
AIRFLOW_CTX_DAG_OWNER=airflow
AIRFLOW_CTX_DAG_ID=get_stocks_dag
AIRFLOW_CTX_TASK_ID=transform_stocks
AIRFLOW_CTX_EXECUTION_DATE=2023-10-19T00:00:00+00:00
AIRFLOW_CTX_TRY_NUMBER=1
AIRFLOW_CTX_DAG_RUN_ID=scheduled__2023-10-19T00:00:00+00:00
[2023-10-29 11:29:57,363] {python.py:173} INFO - Done. Returned value was: None
[2023-10-29 11:29:57,493] {taskinstance.py:1395} INFO - Marking task as SUCCESS. dag_id=get_stocks_dag, task_id=transform_stocks, execution_date=20231019T000000, start_date=20231029T142956, end_date=20231029T142957
[2023-10-29 11:29:57,528] {local_task_job.py:156} INFO - Task exited with return code 0
[2023-10-29 11:29:57,642] {local_task_job.py:273} INFO - 0 downstream tasks scheduled from follow-on schedule check
[2023-10-29 11:34:11,297] {taskinstance.py:1159} INFO - Dependencies all met for <TaskInstance: get_stocks_dag.transform_stocks scheduled__2023-10-19T00:00:00+00:00 [queued]>
[2023-10-29 11:34:11,439] {taskinstance.py:1159} INFO - Dependencies all met for <TaskInstance: get_stocks_dag.transform_stocks scheduled__2023-10-19T00:00:00+00:00 [queued]>
[2023-10-29 11:34:11,440] {taskinstance.py:1356} INFO - 
--------------------------------------------------------------------------------
[2023-10-29 11:34:11,440] {taskinstance.py:1357} INFO - Starting attempt 1 of 1
[2023-10-29 11:34:11,440] {taskinstance.py:1358} INFO - 
--------------------------------------------------------------------------------
[2023-10-29 11:34:11,484] {taskinstance.py:1377} INFO - Executing <Task(_PythonDecoratedOperator): transform_stocks> on 2023-10-19 00:00:00+00:00
[2023-10-29 11:34:11,520] {standard_task_runner.py:52} INFO - Started process 17425 to run task
[2023-10-29 11:34:11,620] {standard_task_runner.py:79} INFO - Running: ['airflow', 'tasks', 'run', 'get_stocks_dag', 'transform_stocks', 'scheduled__2023-10-19T00:00:00+00:00', '--job-id', '174', '--raw', '--subdir', 'DAGS_FOLDER/get_finance.py', '--cfg-path', '/tmp/tmpk5_ymlox', '--error-file', '/tmp/tmpeumy9_9z']
[2023-10-29 11:34:11,621] {standard_task_runner.py:80} INFO - Job 174: Subtask transform_stocks
[2023-10-29 11:34:12,164] {task_command.py:370} INFO - Running <TaskInstance: get_stocks_dag.transform_stocks scheduled__2023-10-19T00:00:00+00:00 [running]> on host airflow-virtual-machine
[2023-10-29 11:34:12,717] {taskinstance.py:1569} INFO - Exporting the following env vars:
AIRFLOW_CTX_DAG_OWNER=airflow
AIRFLOW_CTX_DAG_ID=get_stocks_dag
AIRFLOW_CTX_TASK_ID=transform_stocks
AIRFLOW_CTX_EXECUTION_DATE=2023-10-19T00:00:00+00:00
AIRFLOW_CTX_TRY_NUMBER=1
AIRFLOW_CTX_DAG_RUN_ID=scheduled__2023-10-19T00:00:00+00:00
[2023-10-29 11:34:12,968] {python.py:173} INFO - Done. Returned value was: None
[2023-10-29 11:34:12,998] {taskinstance.py:1395} INFO - Marking task as SUCCESS. dag_id=get_stocks_dag, task_id=transform_stocks, execution_date=20231019T000000, start_date=20231029T143411, end_date=20231029T143412
[2023-10-29 11:34:13,175] {local_task_job.py:156} INFO - Task exited with return code 0
[2023-10-29 11:34:13,390] {local_task_job.py:273} INFO - 0 downstream tasks scheduled from follow-on schedule check
[2023-10-29 13:33:24,291] {taskinstance.py:1159} INFO - Dependencies all met for <TaskInstance: get_stocks_dag.transform_stocks scheduled__2023-10-19T00:00:00+00:00 [queued]>
[2023-10-29 13:33:24,453] {taskinstance.py:1159} INFO - Dependencies all met for <TaskInstance: get_stocks_dag.transform_stocks scheduled__2023-10-19T00:00:00+00:00 [queued]>
[2023-10-29 13:33:24,467] {taskinstance.py:1356} INFO - 
--------------------------------------------------------------------------------
[2023-10-29 13:33:24,467] {taskinstance.py:1357} INFO - Starting attempt 1 of 1
[2023-10-29 13:33:24,467] {taskinstance.py:1358} INFO - 
--------------------------------------------------------------------------------
[2023-10-29 13:33:24,620] {taskinstance.py:1377} INFO - Executing <Task(_PythonDecoratedOperator): transform_stocks> on 2023-10-19 00:00:00+00:00
[2023-10-29 13:33:24,651] {standard_task_runner.py:52} INFO - Started process 7381 to run task
[2023-10-29 13:33:24,675] {standard_task_runner.py:79} INFO - Running: ['airflow', 'tasks', 'run', 'get_stocks_dag', 'transform_stocks', 'scheduled__2023-10-19T00:00:00+00:00', '--job-id', '281', '--raw', '--subdir', 'DAGS_FOLDER/get_finance.py', '--cfg-path', '/tmp/tmp8j7kcslg', '--error-file', '/tmp/tmpd9xgrya6']
[2023-10-29 13:33:24,700] {standard_task_runner.py:80} INFO - Job 281: Subtask transform_stocks
[2023-10-29 13:33:24,931] {task_command.py:370} INFO - Running <TaskInstance: get_stocks_dag.transform_stocks scheduled__2023-10-19T00:00:00+00:00 [running]> on host airflow-virtual-machine
[2023-10-29 13:33:25,084] {taskinstance.py:1569} INFO - Exporting the following env vars:
AIRFLOW_CTX_DAG_OWNER=airflow
AIRFLOW_CTX_DAG_ID=get_stocks_dag
AIRFLOW_CTX_TASK_ID=transform_stocks
AIRFLOW_CTX_EXECUTION_DATE=2023-10-19T00:00:00+00:00
AIRFLOW_CTX_TRY_NUMBER=1
AIRFLOW_CTX_DAG_RUN_ID=scheduled__2023-10-19T00:00:00+00:00
[2023-10-29 13:33:25,171] {python.py:173} INFO - Done. Returned value was: None
[2023-10-29 13:33:25,186] {taskinstance.py:1395} INFO - Marking task as SUCCESS. dag_id=get_stocks_dag, task_id=transform_stocks, execution_date=20231019T000000, start_date=20231029T163324, end_date=20231029T163325
[2023-10-29 13:33:25,224] {local_task_job.py:156} INFO - Task exited with return code 0
[2023-10-29 13:33:25,270] {local_task_job.py:273} INFO - 0 downstream tasks scheduled from follow-on schedule check
[2023-10-29 14:36:02,366] {taskinstance.py:1159} INFO - Dependencies all met for <TaskInstance: get_stocks_dag.transform_stocks scheduled__2023-10-19T00:00:00+00:00 [queued]>
[2023-10-29 14:36:02,429] {taskinstance.py:1159} INFO - Dependencies all met for <TaskInstance: get_stocks_dag.transform_stocks scheduled__2023-10-19T00:00:00+00:00 [queued]>
[2023-10-29 14:36:02,436] {taskinstance.py:1356} INFO - 
--------------------------------------------------------------------------------
[2023-10-29 14:36:02,439] {taskinstance.py:1357} INFO - Starting attempt 1 of 1
[2023-10-29 14:36:02,440] {taskinstance.py:1358} INFO - 
--------------------------------------------------------------------------------
[2023-10-29 14:36:02,526] {taskinstance.py:1377} INFO - Executing <Task(_PythonDecoratedOperator): transform_stocks> on 2023-10-19 00:00:00+00:00
[2023-10-29 14:36:02,560] {standard_task_runner.py:79} INFO - Running: ['airflow', 'tasks', 'run', 'get_stocks_dag', 'transform_stocks', 'scheduled__2023-10-19T00:00:00+00:00', '--job-id', '373', '--raw', '--subdir', 'DAGS_FOLDER/get_finance.py', '--cfg-path', '/tmp/tmpne3q15qu', '--error-file', '/tmp/tmptrdk7x4m']
[2023-10-29 14:36:02,562] {standard_task_runner.py:80} INFO - Job 373: Subtask transform_stocks
[2023-10-29 14:36:02,543] {standard_task_runner.py:52} INFO - Started process 10362 to run task
[2023-10-29 14:36:02,752] {task_command.py:370} INFO - Running <TaskInstance: get_stocks_dag.transform_stocks scheduled__2023-10-19T00:00:00+00:00 [running]> on host airflow-virtual-machine
[2023-10-29 14:36:03,072] {taskinstance.py:1569} INFO - Exporting the following env vars:
AIRFLOW_CTX_DAG_OWNER=airflow
AIRFLOW_CTX_DAG_ID=get_stocks_dag
AIRFLOW_CTX_TASK_ID=transform_stocks
AIRFLOW_CTX_EXECUTION_DATE=2023-10-19T00:00:00+00:00
AIRFLOW_CTX_TRY_NUMBER=1
AIRFLOW_CTX_DAG_RUN_ID=scheduled__2023-10-19T00:00:00+00:00
[2023-10-29 14:36:03,157] {python.py:173} INFO - Done. Returned value was: None
[2023-10-29 14:36:03,183] {taskinstance.py:1395} INFO - Marking task as SUCCESS. dag_id=get_stocks_dag, task_id=transform_stocks, execution_date=20231019T000000, start_date=20231029T173602, end_date=20231029T173603
[2023-10-29 14:36:03,254] {local_task_job.py:156} INFO - Task exited with return code 0
[2023-10-29 14:36:03,462] {local_task_job.py:273} INFO - 0 downstream tasks scheduled from follow-on schedule check
