[2023-10-27 14:17:51,977] {taskinstance.py:1159} INFO - Dependencies all met for <TaskInstance: get_stocks_dag.MSFT scheduled__2023-10-14T00:00:00+00:00 [queued]>
[2023-10-27 14:17:51,983] {taskinstance.py:1159} INFO - Dependencies all met for <TaskInstance: get_stocks_dag.MSFT scheduled__2023-10-14T00:00:00+00:00 [queued]>
[2023-10-27 14:17:51,983] {taskinstance.py:1356} INFO - 
--------------------------------------------------------------------------------
[2023-10-27 14:17:51,983] {taskinstance.py:1357} INFO - Starting attempt 1 of 1
[2023-10-27 14:17:51,983] {taskinstance.py:1358} INFO - 
--------------------------------------------------------------------------------
[2023-10-27 14:17:51,993] {taskinstance.py:1377} INFO - Executing <Task(_PythonDecoratedOperator): MSFT> on 2023-10-14 00:00:00+00:00
[2023-10-27 14:17:51,996] {standard_task_runner.py:52} INFO - Started process 17725 to run task
[2023-10-27 14:17:52,000] {standard_task_runner.py:79} INFO - Running: ['airflow', 'tasks', 'run', 'get_stocks_dag', 'MSFT', 'scheduled__2023-10-14T00:00:00+00:00', '--job-id', '42', '--raw', '--subdir', 'DAGS_FOLDER/get_finance.py', '--cfg-path', '/tmp/tmpd2w43gzk', '--error-file', '/tmp/tmpsse7dyb2']
[2023-10-27 14:17:52,001] {standard_task_runner.py:80} INFO - Job 42: Subtask MSFT
[2023-10-27 14:17:52,054] {task_command.py:370} INFO - Running <TaskInstance: get_stocks_dag.MSFT scheduled__2023-10-14T00:00:00+00:00 [running]> on host airflow-virtual-machine
[2023-10-27 14:17:52,097] {taskinstance.py:1569} INFO - Exporting the following env vars:
AIRFLOW_CTX_DAG_OWNER=airflow
AIRFLOW_CTX_DAG_ID=get_stocks_dag
AIRFLOW_CTX_TASK_ID=MSFT
AIRFLOW_CTX_EXECUTION_DATE=2023-10-14T00:00:00+00:00
AIRFLOW_CTX_TRY_NUMBER=1
AIRFLOW_CTX_DAG_RUN_ID=scheduled__2023-10-14T00:00:00+00:00
[2023-10-27 14:17:53,076] {taskinstance.py:1889} ERROR - Task failed with exception
Traceback (most recent call last):
  File "/home/gabriel/Documents/project_finance/venv/lib/python3.9/site-packages/airflow/decorators/base.py", line 179, in execute
    return_value = super().execute(context)
  File "/home/gabriel/Documents/project_finance/venv/lib/python3.9/site-packages/airflow/operators/python.py", line 171, in execute
    return_value = self.execute_callable()
  File "/home/gabriel/Documents/project_finance/venv/lib/python3.9/site-packages/airflow/operators/python.py", line 189, in execute_callable
    return self.python_callable(*self.op_args, **self.op_kwargs)
  File "/home/gabriel/Documents/project_finance/airflow/dags/get_finance.py", line 18, in get_history
    yfinance.Ticker(ticker).history(
  File "/home/gabriel/Documents/project_finance/venv/lib/python3.9/site-packages/pandas/core/generic.py", line 3902, in to_csv
    return DataFrameRenderer(formatter).to_csv(
  File "/home/gabriel/Documents/project_finance/venv/lib/python3.9/site-packages/pandas/io/formats/format.py", line 1152, in to_csv
    csv_formatter.save()
  File "/home/gabriel/Documents/project_finance/venv/lib/python3.9/site-packages/pandas/io/formats/csvs.py", line 247, in save
    with get_handle(
  File "/home/gabriel/Documents/project_finance/venv/lib/python3.9/site-packages/pandas/io/common.py", line 739, in get_handle
    check_parent_directory(str(handle))
  File "/home/gabriel/Documents/project_finance/venv/lib/python3.9/site-packages/pandas/io/common.py", line 604, in check_parent_directory
    raise OSError(rf"Cannot save file into a non-existent directory: '{parent}'")
OSError: Cannot save file into a non-existent directory: '/home/gabriel/Documents/project_finance/datalake/stocks/MSFT'
[2023-10-27 14:17:53,089] {taskinstance.py:1395} INFO - Marking task as FAILED. dag_id=get_stocks_dag, task_id=MSFT, execution_date=20231014T000000, start_date=20231027T171751, end_date=20231027T171753
[2023-10-27 14:17:53,118] {standard_task_runner.py:92} ERROR - Failed to execute job 42 for task MSFT (Cannot save file into a non-existent directory: '/home/gabriel/Documents/project_finance/datalake/stocks/MSFT'; 17725)
[2023-10-27 14:17:53,149] {local_task_job.py:156} INFO - Task exited with return code 1
[2023-10-27 14:17:53,181] {local_task_job.py:273} INFO - 0 downstream tasks scheduled from follow-on schedule check
[2023-10-27 14:31:37,757] {taskinstance.py:1159} INFO - Dependencies all met for <TaskInstance: get_stocks_dag.MSFT scheduled__2023-10-14T00:00:00+00:00 [queued]>
[2023-10-27 14:31:37,782] {taskinstance.py:1159} INFO - Dependencies all met for <TaskInstance: get_stocks_dag.MSFT scheduled__2023-10-14T00:00:00+00:00 [queued]>
[2023-10-27 14:31:37,783] {taskinstance.py:1356} INFO - 
--------------------------------------------------------------------------------
[2023-10-27 14:31:37,783] {taskinstance.py:1357} INFO - Starting attempt 1 of 1
[2023-10-27 14:31:37,783] {taskinstance.py:1358} INFO - 
--------------------------------------------------------------------------------
[2023-10-27 14:31:37,861] {taskinstance.py:1377} INFO - Executing <Task(_PythonDecoratedOperator): MSFT> on 2023-10-14 00:00:00+00:00
[2023-10-27 14:31:37,887] {standard_task_runner.py:52} INFO - Started process 20012 to run task
[2023-10-27 14:31:37,912] {standard_task_runner.py:79} INFO - Running: ['airflow', 'tasks', 'run', 'get_stocks_dag', 'MSFT', 'scheduled__2023-10-14T00:00:00+00:00', '--job-id', '42', '--raw', '--subdir', 'DAGS_FOLDER/get_finance.py', '--cfg-path', '/tmp/tmpplsa9ita', '--error-file', '/tmp/tmpdz2kyu9r']
[2023-10-27 14:31:37,913] {standard_task_runner.py:80} INFO - Job 42: Subtask MSFT
[2023-10-27 14:31:37,993] {task_command.py:370} INFO - Running <TaskInstance: get_stocks_dag.MSFT scheduled__2023-10-14T00:00:00+00:00 [running]> on host airflow-virtual-machine
[2023-10-27 14:31:38,116] {taskinstance.py:1569} INFO - Exporting the following env vars:
AIRFLOW_CTX_DAG_OWNER=airflow
AIRFLOW_CTX_DAG_ID=get_stocks_dag
AIRFLOW_CTX_TASK_ID=MSFT
AIRFLOW_CTX_EXECUTION_DATE=2023-10-14T00:00:00+00:00
AIRFLOW_CTX_TRY_NUMBER=1
AIRFLOW_CTX_DAG_RUN_ID=scheduled__2023-10-14T00:00:00+00:00
[2023-10-27 14:31:38,705] {taskinstance.py:1889} ERROR - Task failed with exception
Traceback (most recent call last):
  File "/home/gabriel/Documents/project_finance/venv/lib/python3.9/site-packages/airflow/decorators/base.py", line 179, in execute
    return_value = super().execute(context)
  File "/home/gabriel/Documents/project_finance/venv/lib/python3.9/site-packages/airflow/operators/python.py", line 171, in execute
    return_value = self.execute_callable()
  File "/home/gabriel/Documents/project_finance/venv/lib/python3.9/site-packages/airflow/operators/python.py", line 189, in execute_callable
    return self.python_callable(*self.op_args, **self.op_kwargs)
  File "/home/gabriel/Documents/project_finance/airflow/dags/get_finance.py", line 20, in get_history
    yfinance.Ticker(ticker).history(
  File "/home/gabriel/Documents/project_finance/venv/lib/python3.9/site-packages/pandas/core/generic.py", line 3902, in to_csv
    return DataFrameRenderer(formatter).to_csv(
  File "/home/gabriel/Documents/project_finance/venv/lib/python3.9/site-packages/pandas/io/formats/format.py", line 1152, in to_csv
    csv_formatter.save()
  File "/home/gabriel/Documents/project_finance/venv/lib/python3.9/site-packages/pandas/io/formats/csvs.py", line 247, in save
    with get_handle(
  File "/home/gabriel/Documents/project_finance/venv/lib/python3.9/site-packages/pandas/io/common.py", line 863, in get_handle
    handle = open(
PermissionError: [Errno 13] Permission denied: '/MSFT_20231014.csv'
[2023-10-27 14:31:38,749] {taskinstance.py:1395} INFO - Marking task as FAILED. dag_id=get_stocks_dag, task_id=MSFT, execution_date=20231014T000000, start_date=20231027T173137, end_date=20231027T173138
[2023-10-27 14:31:38,817] {standard_task_runner.py:92} ERROR - Failed to execute job 42 for task MSFT ([Errno 13] Permission denied: '/MSFT_20231014.csv'; 20012)
[2023-10-27 14:31:38,854] {local_task_job.py:156} INFO - Task exited with return code 1
[2023-10-27 14:31:38,898] {local_task_job.py:273} INFO - 0 downstream tasks scheduled from follow-on schedule check
[2023-10-27 14:35:34,066] {taskinstance.py:1159} INFO - Dependencies all met for <TaskInstance: get_stocks_dag.MSFT scheduled__2023-10-14T00:00:00+00:00 [queued]>
[2023-10-27 14:35:34,075] {taskinstance.py:1159} INFO - Dependencies all met for <TaskInstance: get_stocks_dag.MSFT scheduled__2023-10-14T00:00:00+00:00 [queued]>
[2023-10-27 14:35:34,075] {taskinstance.py:1356} INFO - 
--------------------------------------------------------------------------------
[2023-10-27 14:35:34,075] {taskinstance.py:1357} INFO - Starting attempt 1 of 1
[2023-10-27 14:35:34,076] {taskinstance.py:1358} INFO - 
--------------------------------------------------------------------------------
[2023-10-27 14:35:34,097] {taskinstance.py:1377} INFO - Executing <Task(_PythonDecoratedOperator): MSFT> on 2023-10-14 00:00:00+00:00
[2023-10-27 14:35:34,108] {standard_task_runner.py:52} INFO - Started process 20988 to run task
[2023-10-27 14:35:34,117] {standard_task_runner.py:79} INFO - Running: ['airflow', 'tasks', 'run', 'get_stocks_dag', 'MSFT', 'scheduled__2023-10-14T00:00:00+00:00', '--job-id', '42', '--raw', '--subdir', 'DAGS_FOLDER/get_finance.py', '--cfg-path', '/tmp/tmpuow1t098', '--error-file', '/tmp/tmp8pupcuve']
[2023-10-27 14:35:34,118] {standard_task_runner.py:80} INFO - Job 42: Subtask MSFT
[2023-10-27 14:35:34,262] {task_command.py:370} INFO - Running <TaskInstance: get_stocks_dag.MSFT scheduled__2023-10-14T00:00:00+00:00 [running]> on host airflow-virtual-machine
[2023-10-27 14:35:34,551] {taskinstance.py:1569} INFO - Exporting the following env vars:
AIRFLOW_CTX_DAG_OWNER=airflow
AIRFLOW_CTX_DAG_ID=get_stocks_dag
AIRFLOW_CTX_TASK_ID=MSFT
AIRFLOW_CTX_EXECUTION_DATE=2023-10-14T00:00:00+00:00
AIRFLOW_CTX_TRY_NUMBER=1
AIRFLOW_CTX_DAG_RUN_ID=scheduled__2023-10-14T00:00:00+00:00
[2023-10-27 14:35:35,092] {python.py:173} INFO - Done. Returned value was: None
[2023-10-27 14:35:35,108] {taskinstance.py:1395} INFO - Marking task as SUCCESS. dag_id=get_stocks_dag, task_id=MSFT, execution_date=20231014T000000, start_date=20231027T173534, end_date=20231027T173535
[2023-10-27 14:35:35,162] {local_task_job.py:156} INFO - Task exited with return code 0
[2023-10-27 14:35:35,201] {local_task_job.py:273} INFO - 0 downstream tasks scheduled from follow-on schedule check
[2023-10-27 14:55:11,380] {taskinstance.py:1159} INFO - Dependencies all met for <TaskInstance: get_stocks_dag.MSFT scheduled__2023-10-14T00:00:00+00:00 [queued]>
[2023-10-27 14:55:11,392] {taskinstance.py:1159} INFO - Dependencies all met for <TaskInstance: get_stocks_dag.MSFT scheduled__2023-10-14T00:00:00+00:00 [queued]>
[2023-10-27 14:55:11,393] {taskinstance.py:1356} INFO - 
--------------------------------------------------------------------------------
[2023-10-27 14:55:11,393] {taskinstance.py:1357} INFO - Starting attempt 1 of 1
[2023-10-27 14:55:11,393] {taskinstance.py:1358} INFO - 
--------------------------------------------------------------------------------
[2023-10-27 14:55:11,437] {taskinstance.py:1377} INFO - Executing <Task(_PythonDecoratedOperator): MSFT> on 2023-10-14 00:00:00+00:00
[2023-10-27 14:55:11,452] {standard_task_runner.py:79} INFO - Running: ['airflow', 'tasks', 'run', 'get_stocks_dag', 'MSFT', 'scheduled__2023-10-14T00:00:00+00:00', '--job-id', '42', '--raw', '--subdir', 'DAGS_FOLDER/get_finance.py', '--cfg-path', '/tmp/tmp4m9rg35h', '--error-file', '/tmp/tmpox2g9qol']
[2023-10-27 14:55:11,455] {standard_task_runner.py:80} INFO - Job 42: Subtask MSFT
[2023-10-27 14:55:11,449] {standard_task_runner.py:52} INFO - Started process 23649 to run task
[2023-10-27 14:55:11,528] {task_command.py:370} INFO - Running <TaskInstance: get_stocks_dag.MSFT scheduled__2023-10-14T00:00:00+00:00 [running]> on host airflow-virtual-machine
[2023-10-27 14:55:11,743] {taskinstance.py:1569} INFO - Exporting the following env vars:
AIRFLOW_CTX_DAG_OWNER=airflow
AIRFLOW_CTX_DAG_ID=get_stocks_dag
AIRFLOW_CTX_TASK_ID=MSFT
AIRFLOW_CTX_EXECUTION_DATE=2023-10-14T00:00:00+00:00
AIRFLOW_CTX_TRY_NUMBER=1
AIRFLOW_CTX_DAG_RUN_ID=scheduled__2023-10-14T00:00:00+00:00
[2023-10-27 14:55:12,230] {python.py:173} INFO - Done. Returned value was: None
[2023-10-27 14:55:12,239] {taskinstance.py:1395} INFO - Marking task as SUCCESS. dag_id=get_stocks_dag, task_id=MSFT, execution_date=20231014T000000, start_date=20231027T175511, end_date=20231027T175512
[2023-10-27 14:55:12,292] {local_task_job.py:156} INFO - Task exited with return code 0
[2023-10-27 14:55:12,311] {local_task_job.py:273} INFO - 0 downstream tasks scheduled from follow-on schedule check
[2023-10-27 15:24:24,478] {taskinstance.py:1159} INFO - Dependencies all met for <TaskInstance: get_stocks_dag.MSFT scheduled__2023-10-14T00:00:00+00:00 [queued]>
[2023-10-27 15:24:24,486] {taskinstance.py:1159} INFO - Dependencies all met for <TaskInstance: get_stocks_dag.MSFT scheduled__2023-10-14T00:00:00+00:00 [queued]>
[2023-10-27 15:24:24,486] {taskinstance.py:1356} INFO - 
--------------------------------------------------------------------------------
[2023-10-27 15:24:24,486] {taskinstance.py:1357} INFO - Starting attempt 1 of 1
[2023-10-27 15:24:24,486] {taskinstance.py:1358} INFO - 
--------------------------------------------------------------------------------
[2023-10-27 15:24:24,501] {taskinstance.py:1377} INFO - Executing <Task(_PythonDecoratedOperator): MSFT> on 2023-10-14 00:00:00+00:00
[2023-10-27 15:24:24,506] {standard_task_runner.py:52} INFO - Started process 27499 to run task
[2023-10-27 15:24:24,510] {standard_task_runner.py:79} INFO - Running: ['airflow', 'tasks', 'run', 'get_stocks_dag', 'MSFT', 'scheduled__2023-10-14T00:00:00+00:00', '--job-id', '42', '--raw', '--subdir', 'DAGS_FOLDER/get_finance.py', '--cfg-path', '/tmp/tmpayhwrt9z', '--error-file', '/tmp/tmp090szxy6']
[2023-10-27 15:24:24,510] {standard_task_runner.py:80} INFO - Job 42: Subtask MSFT
[2023-10-27 15:24:24,564] {task_command.py:370} INFO - Running <TaskInstance: get_stocks_dag.MSFT scheduled__2023-10-14T00:00:00+00:00 [running]> on host airflow-virtual-machine
[2023-10-27 15:24:24,734] {taskinstance.py:1569} INFO - Exporting the following env vars:
AIRFLOW_CTX_DAG_OWNER=airflow
AIRFLOW_CTX_DAG_ID=get_stocks_dag
AIRFLOW_CTX_TASK_ID=MSFT
AIRFLOW_CTX_EXECUTION_DATE=2023-10-14T00:00:00+00:00
AIRFLOW_CTX_TRY_NUMBER=1
AIRFLOW_CTX_DAG_RUN_ID=scheduled__2023-10-14T00:00:00+00:00
[2023-10-27 15:24:25,179] {python.py:173} INFO - Done. Returned value was: None
[2023-10-27 15:24:25,194] {taskinstance.py:1395} INFO - Marking task as SUCCESS. dag_id=get_stocks_dag, task_id=MSFT, execution_date=20231014T000000, start_date=20231027T182424, end_date=20231027T182425
[2023-10-27 15:24:25,222] {local_task_job.py:156} INFO - Task exited with return code 0
[2023-10-27 15:24:25,240] {local_task_job.py:273} INFO - 0 downstream tasks scheduled from follow-on schedule check
[2023-10-27 17:03:00,571] {taskinstance.py:1159} INFO - Dependencies all met for <TaskInstance: get_stocks_dag.MSFT scheduled__2023-10-14T00:00:00+00:00 [queued]>
[2023-10-27 17:03:00,577] {taskinstance.py:1159} INFO - Dependencies all met for <TaskInstance: get_stocks_dag.MSFT scheduled__2023-10-14T00:00:00+00:00 [queued]>
[2023-10-27 17:03:00,577] {taskinstance.py:1356} INFO - 
--------------------------------------------------------------------------------
[2023-10-27 17:03:00,577] {taskinstance.py:1357} INFO - Starting attempt 1 of 1
[2023-10-27 17:03:00,577] {taskinstance.py:1358} INFO - 
--------------------------------------------------------------------------------
[2023-10-27 17:03:00,591] {taskinstance.py:1377} INFO - Executing <Task(_PythonDecoratedOperator): MSFT> on 2023-10-14 00:00:00+00:00
[2023-10-27 17:03:00,595] {standard_task_runner.py:52} INFO - Started process 39764 to run task
[2023-10-27 17:03:00,599] {standard_task_runner.py:79} INFO - Running: ['airflow', 'tasks', 'run', 'get_stocks_dag', 'MSFT', 'scheduled__2023-10-14T00:00:00+00:00', '--job-id', '51', '--raw', '--subdir', 'DAGS_FOLDER/get_finance.py', '--cfg-path', '/tmp/tmpogpmtuc0', '--error-file', '/tmp/tmpca4idn50']
[2023-10-27 17:03:00,600] {standard_task_runner.py:80} INFO - Job 51: Subtask MSFT
[2023-10-27 17:03:00,636] {task_command.py:370} INFO - Running <TaskInstance: get_stocks_dag.MSFT scheduled__2023-10-14T00:00:00+00:00 [running]> on host airflow-virtual-machine
[2023-10-27 17:03:00,678] {taskinstance.py:1569} INFO - Exporting the following env vars:
AIRFLOW_CTX_DAG_OWNER=airflow
AIRFLOW_CTX_DAG_ID=get_stocks_dag
AIRFLOW_CTX_TASK_ID=MSFT
AIRFLOW_CTX_EXECUTION_DATE=2023-10-14T00:00:00+00:00
AIRFLOW_CTX_TRY_NUMBER=1
AIRFLOW_CTX_DAG_RUN_ID=scheduled__2023-10-14T00:00:00+00:00
[2023-10-27 17:03:01,217] {taskinstance.py:1889} ERROR - Task failed with exception
Traceback (most recent call last):
  File "/home/gabriel/Documents/project_finance/venv/lib/python3.9/site-packages/airflow/decorators/base.py", line 179, in execute
    return_value = super().execute(context)
  File "/home/gabriel/Documents/project_finance/venv/lib/python3.9/site-packages/airflow/operators/python.py", line 171, in execute
    return_value = self.execute_callable()
  File "/home/gabriel/Documents/project_finance/venv/lib/python3.9/site-packages/airflow/operators/python.py", line 189, in execute_callable
    return self.python_callable(*self.op_args, **self.op_kwargs)
  File "/home/gabriel/Documents/project_finance/airflow/dags/get_finance.py", line 20, in get_history
    yfinance.Ticker(ticker).history(
  File "/home/gabriel/Documents/project_finance/venv/lib/python3.9/site-packages/pandas/core/generic.py", line 3902, in to_csv
    return DataFrameRenderer(formatter).to_csv(
  File "/home/gabriel/Documents/project_finance/venv/lib/python3.9/site-packages/pandas/io/formats/format.py", line 1152, in to_csv
    csv_formatter.save()
  File "/home/gabriel/Documents/project_finance/venv/lib/python3.9/site-packages/pandas/io/formats/csvs.py", line 247, in save
    with get_handle(
  File "/home/gabriel/Documents/project_finance/venv/lib/python3.9/site-packages/pandas/io/common.py", line 863, in get_handle
    handle = open(
IsADirectoryError: [Errno 21] Is a directory: '/home/gabriel/Documents/project_finance/datalake/Bronze/stocks/MSFT'
[2023-10-27 17:03:01,229] {taskinstance.py:1395} INFO - Marking task as FAILED. dag_id=get_stocks_dag, task_id=MSFT, execution_date=20231014T000000, start_date=20231027T200300, end_date=20231027T200301
[2023-10-27 17:03:01,272] {standard_task_runner.py:92} ERROR - Failed to execute job 51 for task MSFT ([Errno 21] Is a directory: '/home/gabriel/Documents/project_finance/datalake/Bronze/stocks/MSFT'; 39764)
[2023-10-27 17:03:01,291] {local_task_job.py:156} INFO - Task exited with return code 1
[2023-10-27 17:03:01,349] {local_task_job.py:273} INFO - 0 downstream tasks scheduled from follow-on schedule check
[2023-10-27 17:10:19,184] {taskinstance.py:1159} INFO - Dependencies all met for <TaskInstance: get_stocks_dag.MSFT scheduled__2023-10-14T00:00:00+00:00 [queued]>
[2023-10-27 17:10:19,190] {taskinstance.py:1159} INFO - Dependencies all met for <TaskInstance: get_stocks_dag.MSFT scheduled__2023-10-14T00:00:00+00:00 [queued]>
[2023-10-27 17:10:19,190] {taskinstance.py:1356} INFO - 
--------------------------------------------------------------------------------
[2023-10-27 17:10:19,190] {taskinstance.py:1357} INFO - Starting attempt 1 of 1
[2023-10-27 17:10:19,190] {taskinstance.py:1358} INFO - 
--------------------------------------------------------------------------------
[2023-10-27 17:10:19,200] {taskinstance.py:1377} INFO - Executing <Task(_PythonDecoratedOperator): MSFT> on 2023-10-14 00:00:00+00:00
[2023-10-27 17:10:19,204] {standard_task_runner.py:52} INFO - Started process 41493 to run task
[2023-10-27 17:10:19,208] {standard_task_runner.py:79} INFO - Running: ['airflow', 'tasks', 'run', 'get_stocks_dag', 'MSFT', 'scheduled__2023-10-14T00:00:00+00:00', '--job-id', '51', '--raw', '--subdir', 'DAGS_FOLDER/get_finance.py', '--cfg-path', '/tmp/tmp3r7mb5bm', '--error-file', '/tmp/tmp4nees2lv']
[2023-10-27 17:10:19,209] {standard_task_runner.py:80} INFO - Job 51: Subtask MSFT
[2023-10-27 17:10:19,250] {task_command.py:370} INFO - Running <TaskInstance: get_stocks_dag.MSFT scheduled__2023-10-14T00:00:00+00:00 [running]> on host airflow-virtual-machine
[2023-10-27 17:10:19,298] {taskinstance.py:1569} INFO - Exporting the following env vars:
AIRFLOW_CTX_DAG_OWNER=airflow
AIRFLOW_CTX_DAG_ID=get_stocks_dag
AIRFLOW_CTX_TASK_ID=MSFT
AIRFLOW_CTX_EXECUTION_DATE=2023-10-14T00:00:00+00:00
AIRFLOW_CTX_TRY_NUMBER=1
AIRFLOW_CTX_DAG_RUN_ID=scheduled__2023-10-14T00:00:00+00:00
[2023-10-27 17:10:19,820] {python.py:173} INFO - Done. Returned value was: None
[2023-10-27 17:10:19,838] {taskinstance.py:1395} INFO - Marking task as SUCCESS. dag_id=get_stocks_dag, task_id=MSFT, execution_date=20231014T000000, start_date=20231027T201019, end_date=20231027T201019
[2023-10-27 17:10:19,890] {local_task_job.py:156} INFO - Task exited with return code 0
[2023-10-27 17:10:19,906] {local_task_job.py:273} INFO - 0 downstream tasks scheduled from follow-on schedule check
[2023-10-27 18:11:10,210] {taskinstance.py:1159} INFO - Dependencies all met for <TaskInstance: get_stocks_dag.MSFT scheduled__2023-10-14T00:00:00+00:00 [queued]>
[2023-10-27 18:11:10,217] {taskinstance.py:1159} INFO - Dependencies all met for <TaskInstance: get_stocks_dag.MSFT scheduled__2023-10-14T00:00:00+00:00 [queued]>
[2023-10-27 18:11:10,218] {taskinstance.py:1356} INFO - 
--------------------------------------------------------------------------------
[2023-10-27 18:11:10,218] {taskinstance.py:1357} INFO - Starting attempt 1 of 1
[2023-10-27 18:11:10,218] {taskinstance.py:1358} INFO - 
--------------------------------------------------------------------------------
[2023-10-27 18:11:10,229] {taskinstance.py:1377} INFO - Executing <Task(_PythonDecoratedOperator): MSFT> on 2023-10-14 00:00:00+00:00
[2023-10-27 18:11:10,234] {standard_task_runner.py:52} INFO - Started process 49648 to run task
[2023-10-27 18:11:10,238] {standard_task_runner.py:79} INFO - Running: ['airflow', 'tasks', 'run', 'get_stocks_dag', 'MSFT', 'scheduled__2023-10-14T00:00:00+00:00', '--job-id', '50', '--raw', '--subdir', 'DAGS_FOLDER/get_finance.py', '--cfg-path', '/tmp/tmprht8fu93', '--error-file', '/tmp/tmpayhxj485']
[2023-10-27 18:11:10,238] {standard_task_runner.py:80} INFO - Job 50: Subtask MSFT
[2023-10-27 18:11:10,275] {task_command.py:370} INFO - Running <TaskInstance: get_stocks_dag.MSFT scheduled__2023-10-14T00:00:00+00:00 [running]> on host airflow-virtual-machine
[2023-10-27 18:11:10,318] {taskinstance.py:1569} INFO - Exporting the following env vars:
AIRFLOW_CTX_DAG_OWNER=airflow
AIRFLOW_CTX_DAG_ID=get_stocks_dag
AIRFLOW_CTX_TASK_ID=MSFT
AIRFLOW_CTX_EXECUTION_DATE=2023-10-14T00:00:00+00:00
AIRFLOW_CTX_TRY_NUMBER=1
AIRFLOW_CTX_DAG_RUN_ID=scheduled__2023-10-14T00:00:00+00:00
[2023-10-27 18:11:10,989] {python.py:173} INFO - Done. Returned value was: None
[2023-10-27 18:11:10,994] {taskinstance.py:1395} INFO - Marking task as SUCCESS. dag_id=get_stocks_dag, task_id=MSFT, execution_date=20231014T000000, start_date=20231027T211110, end_date=20231027T211110
[2023-10-27 18:11:11,031] {local_task_job.py:156} INFO - Task exited with return code 0
[2023-10-27 18:11:11,051] {local_task_job.py:273} INFO - 0 downstream tasks scheduled from follow-on schedule check
