[2023-10-27 18:11:29,066] {taskinstance.py:1159} INFO - Dependencies all met for <TaskInstance: get_stocks_dag.transform_stocks scheduled__2023-10-14T00:00:00+00:00 [queued]>
[2023-10-27 18:11:29,072] {taskinstance.py:1159} INFO - Dependencies all met for <TaskInstance: get_stocks_dag.transform_stocks scheduled__2023-10-14T00:00:00+00:00 [queued]>
[2023-10-27 18:11:29,072] {taskinstance.py:1356} INFO - 
--------------------------------------------------------------------------------
[2023-10-27 18:11:29,072] {taskinstance.py:1357} INFO - Starting attempt 1 of 1
[2023-10-27 18:11:29,072] {taskinstance.py:1358} INFO - 
--------------------------------------------------------------------------------
[2023-10-27 18:11:29,082] {taskinstance.py:1377} INFO - Executing <Task(_PythonDecoratedOperator): transform_stocks> on 2023-10-14 00:00:00+00:00
[2023-10-27 18:11:29,086] {standard_task_runner.py:52} INFO - Started process 49764 to run task
[2023-10-27 18:11:29,090] {standard_task_runner.py:79} INFO - Running: ['airflow', 'tasks', 'run', 'get_stocks_dag', 'transform_stocks', 'scheduled__2023-10-14T00:00:00+00:00', '--job-id', '58', '--raw', '--subdir', 'DAGS_FOLDER/get_finance.py', '--cfg-path', '/tmp/tmpgqdp3m06', '--error-file', '/tmp/tmp_w41lhq2']
[2023-10-27 18:11:29,090] {standard_task_runner.py:80} INFO - Job 58: Subtask transform_stocks
[2023-10-27 18:11:29,156] {task_command.py:370} INFO - Running <TaskInstance: get_stocks_dag.transform_stocks scheduled__2023-10-14T00:00:00+00:00 [running]> on host airflow-virtual-machine
[2023-10-27 18:11:29,203] {taskinstance.py:1569} INFO - Exporting the following env vars:
AIRFLOW_CTX_DAG_OWNER=airflow
AIRFLOW_CTX_DAG_ID=get_stocks_dag
AIRFLOW_CTX_TASK_ID=transform_stocks
AIRFLOW_CTX_EXECUTION_DATE=2023-10-14T00:00:00+00:00
AIRFLOW_CTX_TRY_NUMBER=1
AIRFLOW_CTX_DAG_RUN_ID=scheduled__2023-10-14T00:00:00+00:00
[2023-10-27 18:11:29,229] {python.py:173} INFO - Done. Returned value was: None
[2023-10-27 18:11:29,236] {taskinstance.py:1395} INFO - Marking task as SUCCESS. dag_id=get_stocks_dag, task_id=transform_stocks, execution_date=20231014T000000, start_date=20231027T211129, end_date=20231027T211129
[2023-10-27 18:11:29,263] {local_task_job.py:156} INFO - Task exited with return code 0
[2023-10-27 18:11:29,281] {local_task_job.py:273} INFO - 0 downstream tasks scheduled from follow-on schedule check
[2023-10-29 11:29:56,056] {taskinstance.py:1159} INFO - Dependencies all met for <TaskInstance: get_stocks_dag.transform_stocks scheduled__2023-10-14T00:00:00+00:00 [queued]>
[2023-10-29 11:29:56,150] {taskinstance.py:1159} INFO - Dependencies all met for <TaskInstance: get_stocks_dag.transform_stocks scheduled__2023-10-14T00:00:00+00:00 [queued]>
[2023-10-29 11:29:56,150] {taskinstance.py:1356} INFO - 
--------------------------------------------------------------------------------
[2023-10-29 11:29:56,150] {taskinstance.py:1357} INFO - Starting attempt 1 of 1
[2023-10-29 11:29:56,150] {taskinstance.py:1358} INFO - 
--------------------------------------------------------------------------------
[2023-10-29 11:29:56,265] {taskinstance.py:1377} INFO - Executing <Task(_PythonDecoratedOperator): transform_stocks> on 2023-10-14 00:00:00+00:00
[2023-10-29 11:29:56,312] {standard_task_runner.py:52} INFO - Started process 15119 to run task
[2023-10-29 11:29:56,344] {standard_task_runner.py:79} INFO - Running: ['airflow', 'tasks', 'run', 'get_stocks_dag', 'transform_stocks', 'scheduled__2023-10-14T00:00:00+00:00', '--job-id', '75', '--raw', '--subdir', 'DAGS_FOLDER/get_finance.py', '--cfg-path', '/tmp/tmp3s_xd34z', '--error-file', '/tmp/tmphjsuiuft']
[2023-10-29 11:29:56,358] {standard_task_runner.py:80} INFO - Job 75: Subtask transform_stocks
[2023-10-29 11:29:57,072] {task_command.py:370} INFO - Running <TaskInstance: get_stocks_dag.transform_stocks scheduled__2023-10-14T00:00:00+00:00 [running]> on host airflow-virtual-machine
[2023-10-29 11:29:57,418] {taskinstance.py:1569} INFO - Exporting the following env vars:
AIRFLOW_CTX_DAG_OWNER=airflow
AIRFLOW_CTX_DAG_ID=get_stocks_dag
AIRFLOW_CTX_TASK_ID=transform_stocks
AIRFLOW_CTX_EXECUTION_DATE=2023-10-14T00:00:00+00:00
AIRFLOW_CTX_TRY_NUMBER=1
AIRFLOW_CTX_DAG_RUN_ID=scheduled__2023-10-14T00:00:00+00:00
[2023-10-29 11:29:57,464] {python.py:173} INFO - Done. Returned value was: None
[2023-10-29 11:29:57,506] {taskinstance.py:1395} INFO - Marking task as SUCCESS. dag_id=get_stocks_dag, task_id=transform_stocks, execution_date=20231014T000000, start_date=20231029T142956, end_date=20231029T142957
[2023-10-29 11:29:57,571] {local_task_job.py:156} INFO - Task exited with return code 0
[2023-10-29 11:29:57,837] {local_task_job.py:273} INFO - 0 downstream tasks scheduled from follow-on schedule check
[2023-10-29 11:34:10,667] {taskinstance.py:1159} INFO - Dependencies all met for <TaskInstance: get_stocks_dag.transform_stocks scheduled__2023-10-14T00:00:00+00:00 [queued]>
[2023-10-29 11:34:11,077] {taskinstance.py:1159} INFO - Dependencies all met for <TaskInstance: get_stocks_dag.transform_stocks scheduled__2023-10-14T00:00:00+00:00 [queued]>
[2023-10-29 11:34:11,079] {taskinstance.py:1356} INFO - 
--------------------------------------------------------------------------------
[2023-10-29 11:34:11,079] {taskinstance.py:1357} INFO - Starting attempt 1 of 1
[2023-10-29 11:34:11,079] {taskinstance.py:1358} INFO - 
--------------------------------------------------------------------------------
[2023-10-29 11:34:11,237] {taskinstance.py:1377} INFO - Executing <Task(_PythonDecoratedOperator): transform_stocks> on 2023-10-14 00:00:00+00:00
[2023-10-29 11:34:11,346] {standard_task_runner.py:79} INFO - Running: ['airflow', 'tasks', 'run', 'get_stocks_dag', 'transform_stocks', 'scheduled__2023-10-14T00:00:00+00:00', '--job-id', '172', '--raw', '--subdir', 'DAGS_FOLDER/get_finance.py', '--cfg-path', '/tmp/tmplm_9b49y', '--error-file', '/tmp/tmpskuc_lov']
[2023-10-29 11:34:11,347] {standard_task_runner.py:80} INFO - Job 172: Subtask transform_stocks
[2023-10-29 11:34:11,317] {standard_task_runner.py:52} INFO - Started process 17409 to run task
[2023-10-29 11:34:11,596] {task_command.py:370} INFO - Running <TaskInstance: get_stocks_dag.transform_stocks scheduled__2023-10-14T00:00:00+00:00 [running]> on host airflow-virtual-machine
[2023-10-29 11:34:11,889] {taskinstance.py:1569} INFO - Exporting the following env vars:
AIRFLOW_CTX_DAG_OWNER=airflow
AIRFLOW_CTX_DAG_ID=get_stocks_dag
AIRFLOW_CTX_TASK_ID=transform_stocks
AIRFLOW_CTX_EXECUTION_DATE=2023-10-14T00:00:00+00:00
AIRFLOW_CTX_TRY_NUMBER=1
AIRFLOW_CTX_DAG_RUN_ID=scheduled__2023-10-14T00:00:00+00:00
[2023-10-29 11:34:12,155] {python.py:173} INFO - Done. Returned value was: None
[2023-10-29 11:34:12,378] {taskinstance.py:1395} INFO - Marking task as SUCCESS. dag_id=get_stocks_dag, task_id=transform_stocks, execution_date=20231014T000000, start_date=20231029T143410, end_date=20231029T143412
[2023-10-29 11:34:12,453] {local_task_job.py:156} INFO - Task exited with return code 0
[2023-10-29 11:34:12,613] {local_task_job.py:273} INFO - 0 downstream tasks scheduled from follow-on schedule check
[2023-10-29 13:33:23,673] {taskinstance.py:1159} INFO - Dependencies all met for <TaskInstance: get_stocks_dag.transform_stocks scheduled__2023-10-14T00:00:00+00:00 [queued]>
[2023-10-29 13:33:23,712] {taskinstance.py:1159} INFO - Dependencies all met for <TaskInstance: get_stocks_dag.transform_stocks scheduled__2023-10-14T00:00:00+00:00 [queued]>
[2023-10-29 13:33:23,713] {taskinstance.py:1356} INFO - 
--------------------------------------------------------------------------------
[2023-10-29 13:33:23,718] {taskinstance.py:1357} INFO - Starting attempt 1 of 1
[2023-10-29 13:33:23,718] {taskinstance.py:1358} INFO - 
--------------------------------------------------------------------------------
[2023-10-29 13:33:23,756] {taskinstance.py:1377} INFO - Executing <Task(_PythonDecoratedOperator): transform_stocks> on 2023-10-14 00:00:00+00:00
[2023-10-29 13:33:23,809] {standard_task_runner.py:79} INFO - Running: ['airflow', 'tasks', 'run', 'get_stocks_dag', 'transform_stocks', 'scheduled__2023-10-14T00:00:00+00:00', '--job-id', '279', '--raw', '--subdir', 'DAGS_FOLDER/get_finance.py', '--cfg-path', '/tmp/tmp7elk9z07', '--error-file', '/tmp/tmpj4tpo7dk']
[2023-10-29 13:33:23,825] {standard_task_runner.py:80} INFO - Job 279: Subtask transform_stocks
[2023-10-29 13:33:23,796] {standard_task_runner.py:52} INFO - Started process 7324 to run task
[2023-10-29 13:33:24,049] {task_command.py:370} INFO - Running <TaskInstance: get_stocks_dag.transform_stocks scheduled__2023-10-14T00:00:00+00:00 [running]> on host airflow-virtual-machine
[2023-10-29 13:33:24,719] {taskinstance.py:1569} INFO - Exporting the following env vars:
AIRFLOW_CTX_DAG_OWNER=airflow
AIRFLOW_CTX_DAG_ID=get_stocks_dag
AIRFLOW_CTX_TASK_ID=transform_stocks
AIRFLOW_CTX_EXECUTION_DATE=2023-10-14T00:00:00+00:00
AIRFLOW_CTX_TRY_NUMBER=1
AIRFLOW_CTX_DAG_RUN_ID=scheduled__2023-10-14T00:00:00+00:00
[2023-10-29 13:33:24,808] {python.py:173} INFO - Done. Returned value was: None
[2023-10-29 13:33:24,840] {taskinstance.py:1395} INFO - Marking task as SUCCESS. dag_id=get_stocks_dag, task_id=transform_stocks, execution_date=20231014T000000, start_date=20231029T163323, end_date=20231029T163324
[2023-10-29 13:33:24,880] {local_task_job.py:156} INFO - Task exited with return code 0
[2023-10-29 13:33:24,949] {local_task_job.py:273} INFO - 0 downstream tasks scheduled from follow-on schedule check
[2023-10-29 14:36:02,460] {taskinstance.py:1159} INFO - Dependencies all met for <TaskInstance: get_stocks_dag.transform_stocks scheduled__2023-10-14T00:00:00+00:00 [queued]>
[2023-10-29 14:36:02,517] {taskinstance.py:1159} INFO - Dependencies all met for <TaskInstance: get_stocks_dag.transform_stocks scheduled__2023-10-14T00:00:00+00:00 [queued]>
[2023-10-29 14:36:02,517] {taskinstance.py:1356} INFO - 
--------------------------------------------------------------------------------
[2023-10-29 14:36:02,517] {taskinstance.py:1357} INFO - Starting attempt 1 of 1
[2023-10-29 14:36:02,517] {taskinstance.py:1358} INFO - 
--------------------------------------------------------------------------------
[2023-10-29 14:36:02,572] {taskinstance.py:1377} INFO - Executing <Task(_PythonDecoratedOperator): transform_stocks> on 2023-10-14 00:00:00+00:00
[2023-10-29 14:36:02,610] {standard_task_runner.py:52} INFO - Started process 10368 to run task
[2023-10-29 14:36:02,637] {standard_task_runner.py:79} INFO - Running: ['airflow', 'tasks', 'run', 'get_stocks_dag', 'transform_stocks', 'scheduled__2023-10-14T00:00:00+00:00', '--job-id', '374', '--raw', '--subdir', 'DAGS_FOLDER/get_finance.py', '--cfg-path', '/tmp/tmp7dvgb1bz', '--error-file', '/tmp/tmpef4cki5l']
[2023-10-29 14:36:02,638] {standard_task_runner.py:80} INFO - Job 374: Subtask transform_stocks
[2023-10-29 14:36:02,894] {task_command.py:370} INFO - Running <TaskInstance: get_stocks_dag.transform_stocks scheduled__2023-10-14T00:00:00+00:00 [running]> on host airflow-virtual-machine
[2023-10-29 14:36:03,134] {taskinstance.py:1569} INFO - Exporting the following env vars:
AIRFLOW_CTX_DAG_OWNER=airflow
AIRFLOW_CTX_DAG_ID=get_stocks_dag
AIRFLOW_CTX_TASK_ID=transform_stocks
AIRFLOW_CTX_EXECUTION_DATE=2023-10-14T00:00:00+00:00
AIRFLOW_CTX_TRY_NUMBER=1
AIRFLOW_CTX_DAG_RUN_ID=scheduled__2023-10-14T00:00:00+00:00
[2023-10-29 14:36:03,232] {python.py:173} INFO - Done. Returned value was: None
[2023-10-29 14:36:03,273] {taskinstance.py:1395} INFO - Marking task as SUCCESS. dag_id=get_stocks_dag, task_id=transform_stocks, execution_date=20231014T000000, start_date=20231029T173602, end_date=20231029T173603
[2023-10-29 14:36:03,424] {local_task_job.py:156} INFO - Task exited with return code 0
[2023-10-29 14:36:03,513] {local_task_job.py:273} INFO - 0 downstream tasks scheduled from follow-on schedule check
